[2024-06-27T08:07:21.213+0000] {taskinstance.py:1159} INFO - Dependencies all met for dep_context=non-requeueable deps ti=<TaskInstance: kafka_spark_dag.pyspark_consumer manual__2024-06-27T08:06:58.153195+00:00 [queued]>
[2024-06-27T08:07:21.217+0000] {taskinstance.py:1159} INFO - Dependencies all met for dep_context=requeueable deps ti=<TaskInstance: kafka_spark_dag.pyspark_consumer manual__2024-06-27T08:06:58.153195+00:00 [queued]>
[2024-06-27T08:07:21.217+0000] {taskinstance.py:1361} INFO - Starting attempt 2 of 2
[2024-06-27T08:07:21.223+0000] {taskinstance.py:1382} INFO - Executing <Task(DockerOperator): pyspark_consumer> on 2024-06-27 08:06:58.153195+00:00
[2024-06-27T08:07:21.226+0000] {standard_task_runner.py:57} INFO - Started process 665 to run task
[2024-06-27T08:07:21.228+0000] {standard_task_runner.py:84} INFO - Running: ['***', 'tasks', 'run', 'kafka_spark_dag', 'pyspark_consumer', 'manual__2024-06-27T08:06:58.153195+00:00', '--job-id', '124', '--raw', '--subdir', 'DAGS_FOLDER/dag_kafka_spark.py', '--cfg-path', '/tmp/tmpalgc740r']
[2024-06-27T08:07:21.230+0000] {standard_task_runner.py:85} INFO - Job 124: Subtask pyspark_consumer
[2024-06-27T08:07:21.256+0000] {task_command.py:416} INFO - Running <TaskInstance: kafka_spark_dag.pyspark_consumer manual__2024-06-27T08:06:58.153195+00:00 [running]> on host cd176cdca805
[2024-06-27T08:07:21.290+0000] {taskinstance.py:1662} INFO - Exporting env vars: AIRFLOW_CTX_DAG_OWNER='***' AIRFLOW_CTX_DAG_ID='kafka_spark_dag' AIRFLOW_CTX_TASK_ID='pyspark_consumer' AIRFLOW_CTX_EXECUTION_DATE='2024-06-27T08:06:58.153195+00:00' AIRFLOW_CTX_TRY_NUMBER='2' AIRFLOW_CTX_DAG_RUN_ID='manual__2024-06-27T08:06:58.153195+00:00'
[2024-06-27T08:07:21.346+0000] {docker.py:343} INFO - Starting docker container from image current-headlines/spark:latest
[2024-06-27T08:07:21.353+0000] {docker.py:351} WARNING - Using remote engine or docker-in-docker and mounting temporary volume from host is not supported. Falling back to `mount_tmp_dir=False` mode. You can set `mount_tmp_dir` parameter to False to disable mounting and remove the warning
[2024-06-27T08:07:21.521+0000] {docker.py:413} INFO - [38;5;6mspark [38;5;5m08:07:21.52 [0m[38;5;2mINFO [0m ==>
[2024-06-27T08:07:21.521+0000] {docker.py:413} INFO - [38;5;6mspark [38;5;5m08:07:21.52 [0m[38;5;2mINFO [0m ==> [1mWelcome to the Bitnami spark container[0m
[2024-06-27T08:07:21.522+0000] {docker.py:413} INFO - [38;5;6mspark [38;5;5m08:07:21.52 [0m[38;5;2mINFO [0m ==> Subscribe to project updates by watching [1mhttps://github.com/bitnami/containers[0m
[2024-06-27T08:07:21.523+0000] {docker.py:413} INFO - [38;5;6mspark [38;5;5m08:07:21.52 [0m[38;5;2mINFO [0m ==> Submit issues and feature requests at [1mhttps://github.com/bitnami/containers/issues[0m
[2024-06-27T08:07:21.523+0000] {docker.py:413} INFO - [38;5;6mspark [38;5;5m08:07:21.52 [0m[38;5;2mINFO [0m ==>
[2024-06-27T08:07:21.532+0000] {docker.py:413} INFO - 
[2024-06-27T08:07:22.314+0000] {docker.py:413} INFO - :: loading settings :: url = jar:file:/opt/bitnami/spark/jars/ivy-2.5.1.jar!/org/apache/ivy/core/settings/ivysettings.xml
[2024-06-27T08:07:22.346+0000] {docker.py:413} INFO - Ivy Default Cache set to: /opt/bitnami/spark/.ivy2/cache
The jars for the packages stored in: /opt/bitnami/spark/.ivy2/jars
[2024-06-27T08:07:22.349+0000] {docker.py:413} INFO - org.postgresql#postgresql added as a dependency
org.apache.spark#spark-sql-kafka-0-10_2.12 added as a dependency
[2024-06-27T08:07:22.349+0000] {docker.py:413} INFO - :: resolving dependencies :: org.apache.spark#spark-submit-parent-e312dc35-8c86-4cf4-979c-7ae825259bce;1.0
	confs: [default]
[2024-06-27T08:07:22.625+0000] {docker.py:413} INFO - found org.postgresql#postgresql;42.5.4 in central
[2024-06-27T08:07:22.662+0000] {docker.py:413} INFO - found org.checkerframework#checker-qual;3.5.0 in central
[2024-06-27T08:07:23.067+0000] {docker.py:413} INFO - found org.apache.spark#spark-sql-kafka-0-10_2.12;3.5.0 in central
[2024-06-27T08:07:23.203+0000] {docker.py:413} INFO - found org.apache.spark#spark-token-provider-kafka-0-10_2.12;3.5.0 in central
[2024-06-27T08:07:23.235+0000] {docker.py:413} INFO - found org.apache.kafka#kafka-clients;3.4.1 in central
[2024-06-27T08:07:23.273+0000] {docker.py:413} INFO - found org.lz4#lz4-java;1.8.0 in central
[2024-06-27T08:07:23.307+0000] {docker.py:413} INFO - found org.xerial.snappy#snappy-java;1.1.10.3 in central
[2024-06-27T08:07:23.517+0000] {docker.py:413} INFO - found org.slf4j#slf4j-api;2.0.7 in central
[2024-06-27T08:07:23.783+0000] {docker.py:413} INFO - found org.apache.hadoop#hadoop-client-runtime;3.3.4 in central
[2024-06-27T08:07:23.827+0000] {docker.py:413} INFO - found org.apache.hadoop#hadoop-client-api;3.3.4 in central
[2024-06-27T08:07:24.116+0000] {docker.py:413} INFO - found commons-logging#commons-logging;1.1.3 in central
[2024-06-27T08:07:24.141+0000] {docker.py:413} INFO - found com.google.code.findbugs#jsr305;3.0.0 in central
[2024-06-27T08:07:24.501+0000] {docker.py:413} INFO - found org.apache.commons#commons-pool2;2.11.1 in central
[2024-06-27T08:07:24.518+0000] {docker.py:413} INFO - downloading https://repo1.maven.org/maven2/org/postgresql/postgresql/42.5.4/postgresql-42.5.4.jar ...
[2024-06-27T08:07:24.562+0000] {docker.py:413} INFO - [SUCCESSFUL ] org.postgresql#postgresql;42.5.4!postgresql.jar (57ms)
[2024-06-27T08:07:24.576+0000] {docker.py:413} INFO - downloading https://repo1.maven.org/maven2/org/apache/spark/spark-sql-kafka-0-10_2.12/3.5.0/spark-sql-kafka-0-10_2.12-3.5.0.jar ...
[2024-06-27T08:07:24.602+0000] {docker.py:413} INFO - [SUCCESSFUL ] org.apache.spark#spark-sql-kafka-0-10_2.12;3.5.0!spark-sql-kafka-0-10_2.12.jar (39ms)
[2024-06-27T08:07:24.614+0000] {docker.py:413} INFO - downloading https://repo1.maven.org/maven2/org/checkerframework/checker-qual/3.5.0/checker-qual-3.5.0.jar ...
[2024-06-27T08:07:24.641+0000] {docker.py:413} INFO - [SUCCESSFUL ] org.checkerframework#checker-qual;3.5.0!checker-qual.jar (39ms)
[2024-06-27T08:07:24.654+0000] {docker.py:413} INFO - downloading https://repo1.maven.org/maven2/org/apache/spark/spark-token-provider-kafka-0-10_2.12/3.5.0/spark-token-provider-kafka-0-10_2.12-3.5.0.jar ...
[2024-06-27T08:07:24.672+0000] {docker.py:413} INFO - [SUCCESSFUL ] org.apache.spark#spark-token-provider-kafka-0-10_2.12;3.5.0!spark-token-provider-kafka-0-10_2.12.jar (30ms)
[2024-06-27T08:07:24.689+0000] {docker.py:413} INFO - downloading https://repo1.maven.org/maven2/org/apache/kafka/kafka-clients/3.4.1/kafka-clients-3.4.1.jar ...
[2024-06-27T08:07:24.828+0000] {docker.py:413} INFO - [SUCCESSFUL ] org.apache.kafka#kafka-clients;3.4.1!kafka-clients.jar (156ms)
[2024-06-27T08:07:24.840+0000] {docker.py:413} INFO - downloading https://repo1.maven.org/maven2/com/google/code/findbugs/jsr305/3.0.0/jsr305-3.0.0.jar ...
[2024-06-27T08:07:24.851+0000] {docker.py:413} INFO - [SUCCESSFUL ] com.google.code.findbugs#jsr305;3.0.0!jsr305.jar (23ms)
[2024-06-27T08:07:24.863+0000] {docker.py:413} INFO - downloading https://repo1.maven.org/maven2/org/apache/commons/commons-pool2/2.11.1/commons-pool2-2.11.1.jar ...
[2024-06-27T08:07:24.876+0000] {docker.py:413} INFO - [SUCCESSFUL ] org.apache.commons#commons-pool2;2.11.1!commons-pool2.jar (25ms)
[2024-06-27T08:07:24.894+0000] {docker.py:413} INFO - downloading https://repo1.maven.org/maven2/org/apache/hadoop/hadoop-client-runtime/3.3.4/hadoop-client-runtime-3.3.4.jar ...
[2024-06-27T08:07:25.767+0000] {docker.py:413} INFO - [SUCCESSFUL ] org.apache.hadoop#hadoop-client-runtime;3.3.4!hadoop-client-runtime.jar (890ms)
[2024-06-27T08:07:25.784+0000] {docker.py:413} INFO - downloading https://repo1.maven.org/maven2/org/lz4/lz4-java/1.8.0/lz4-java-1.8.0.jar ...
[2024-06-27T08:07:25.821+0000] {docker.py:413} INFO - [SUCCESSFUL ] org.lz4#lz4-java;1.8.0!lz4-java.jar (53ms)
[2024-06-27T08:07:25.840+0000] {docker.py:413} INFO - downloading https://repo1.maven.org/maven2/org/xerial/snappy/snappy-java/1.1.10.3/snappy-java-1.1.10.3.jar ...
[2024-06-27T08:07:25.929+0000] {docker.py:413} INFO - [SUCCESSFUL ] org.xerial.snappy#snappy-java;1.1.10.3!snappy-java.jar(bundle) (107ms)
[2024-06-27T08:07:25.947+0000] {docker.py:413} INFO - downloading https://repo1.maven.org/maven2/org/slf4j/slf4j-api/2.0.7/slf4j-api-2.0.7.jar ...
[2024-06-27T08:07:25.967+0000] {docker.py:413} INFO - [SUCCESSFUL ] org.slf4j#slf4j-api;2.0.7!slf4j-api.jar (37ms)
[2024-06-27T08:07:25.988+0000] {docker.py:413} INFO - downloading https://repo1.maven.org/maven2/org/apache/hadoop/hadoop-client-api/3.3.4/hadoop-client-api-3.3.4.jar ...
[2024-06-27T08:07:26.840+0000] {docker.py:413} INFO - [SUCCESSFUL ] org.apache.hadoop#hadoop-client-api;3.3.4!hadoop-client-api.jar (873ms)
[2024-06-27T08:07:26.863+0000] {docker.py:413} INFO - downloading https://repo1.maven.org/maven2/commons-logging/commons-logging/1.1.3/commons-logging-1.1.3.jar ...
[2024-06-27T08:07:26.887+0000] {docker.py:413} INFO - [SUCCESSFUL ] commons-logging#commons-logging;1.1.3!commons-logging.jar (47ms)
[2024-06-27T08:07:26.888+0000] {docker.py:413} INFO - :: resolution report :: resolve 2155ms :: artifacts dl 2383ms
[2024-06-27T08:07:26.888+0000] {docker.py:413} INFO - :: modules in use:
[2024-06-27T08:07:26.889+0000] {docker.py:413} INFO - com.google.code.findbugs#jsr305;3.0.0 from central in [default]
	commons-logging#commons-logging;1.1.3 from central in [default]
	org.apache.commons#commons-pool2;2.11.1 from central in [default]
	org.apache.hadoop#hadoop-client-api;3.3.4 from central in [default]
	org.apache.hadoop#hadoop-client-runtime;3.3.4 from central in [default]
[2024-06-27T08:07:26.889+0000] {docker.py:413} INFO - org.apache.kafka#kafka-clients;3.4.1 from central in [default]
	org.apache.spark#spark-sql-kafka-0-10_2.12;3.5.0 from central in [default]
	org.apache.spark#spark-token-provider-kafka-0-10_2.12;3.5.0 from central in [default]
	org.checkerframework#checker-qual;3.5.0 from central in [default]
[2024-06-27T08:07:26.889+0000] {docker.py:413} INFO - org.lz4#lz4-java;1.8.0 from central in [default]
	org.postgresql#postgresql;42.5.4 from central in [default]
	org.slf4j#slf4j-api;2.0.7 from central in [default]
	org.xerial.snappy#snappy-java;1.1.10.3 from central in [default]
[2024-06-27T08:07:26.889+0000] {docker.py:413} INFO - ---------------------------------------------------------------------
	|                  |            modules            ||   artifacts   |
[2024-06-27T08:07:26.890+0000] {docker.py:413} INFO - |       conf       | number| search|dwnlded|evicted|| number|dwnlded|
	---------------------------------------------------------------------
[2024-06-27T08:07:26.890+0000] {docker.py:413} INFO - |      default     |   13  |   13  |   13  |   0   ||   13  |   13  |
	---------------------------------------------------------------------
[2024-06-27T08:07:26.891+0000] {docker.py:413} INFO - :: retrieving :: org.apache.spark#spark-submit-parent-e312dc35-8c86-4cf4-979c-7ae825259bce
	confs: [default]
[2024-06-27T08:07:26.913+0000] {docker.py:413} INFO - 13 artifacts copied, 0 already retrieved (58001kB/22ms)
[2024-06-27T08:07:27.007+0000] {docker.py:413} INFO - 24/06/27 08:07:27 WARN NativeCodeLoader: Unable to load native-hadoop library for your platform... using builtin-java classes where applicable
[2024-06-27T08:07:27.579+0000] {docker.py:413} INFO - 24/06/27 08:07:27 INFO SparkContext: Running Spark version 3.5.0
[2024-06-27T08:07:27.582+0000] {docker.py:413} INFO - 24/06/27 08:07:27 INFO SparkContext: OS info Linux, 6.6.12-linuxkit, aarch64
[2024-06-27T08:07:27.582+0000] {docker.py:413} INFO - 24/06/27 08:07:27 INFO SparkContext: Java version 17.0.10
[2024-06-27T08:07:27.593+0000] {docker.py:413} INFO - 24/06/27 08:07:27 INFO ResourceUtils: ==============================================================
24/06/27 08:07:27 INFO ResourceUtils: No custom resources configured for spark.driver.
[2024-06-27T08:07:27.593+0000] {docker.py:413} INFO - 24/06/27 08:07:27 INFO ResourceUtils: ==============================================================
[2024-06-27T08:07:27.594+0000] {docker.py:413} INFO - 24/06/27 08:07:27 INFO SparkContext: Submitted application: PostgreSQL Connection with PySpark
[2024-06-27T08:07:27.604+0000] {docker.py:413} INFO - 24/06/27 08:07:27 INFO ResourceProfile: Default ResourceProfile created, executor resources: Map(cores -> name: cores, amount: 1, script: , vendor: , memory -> name: memory, amount: 1024, script: , vendor: , offHeap -> name: offHeap, amount: 0, script: , vendor: ), task resources: Map(cpus -> name: cpus, amount: 1.0)
[2024-06-27T08:07:27.607+0000] {docker.py:413} INFO - 24/06/27 08:07:27 INFO ResourceProfile: Limiting resource is cpu
[2024-06-27T08:07:27.608+0000] {docker.py:413} INFO - 24/06/27 08:07:27 INFO ResourceProfileManager: Added ResourceProfile id: 0
[2024-06-27T08:07:27.635+0000] {docker.py:413} INFO - 24/06/27 08:07:27 INFO SecurityManager: Changing view acls to: spark
[2024-06-27T08:07:27.635+0000] {docker.py:413} INFO - 24/06/27 08:07:27 INFO SecurityManager: Changing modify acls to: spark
[2024-06-27T08:07:27.635+0000] {docker.py:413} INFO - 24/06/27 08:07:27 INFO SecurityManager: Changing view acls groups to:
[2024-06-27T08:07:27.636+0000] {docker.py:413} INFO - 24/06/27 08:07:27 INFO SecurityManager: Changing modify acls groups to:
[2024-06-27T08:07:27.636+0000] {docker.py:413} INFO - 24/06/27 08:07:27 INFO SecurityManager: SecurityManager: authentication disabled; ui acls disabled; users with view permissions: spark; groups with view permissions: EMPTY; users with modify permissions: spark; groups with modify permissions: EMPTY
[2024-06-27T08:07:27.734+0000] {docker.py:413} INFO - 24/06/27 08:07:27 INFO Utils: Successfully started service 'sparkDriver' on port 46271.
[2024-06-27T08:07:27.746+0000] {docker.py:413} INFO - 24/06/27 08:07:27 INFO SparkEnv: Registering MapOutputTracker
[2024-06-27T08:07:27.763+0000] {docker.py:413} INFO - 24/06/27 08:07:27 INFO SparkEnv: Registering BlockManagerMaster
[2024-06-27T08:07:27.774+0000] {docker.py:413} INFO - 24/06/27 08:07:27 INFO BlockManagerMasterEndpoint: Using org.apache.spark.storage.DefaultTopologyMapper for getting topology information
[2024-06-27T08:07:27.774+0000] {docker.py:413} INFO - 24/06/27 08:07:27 INFO BlockManagerMasterEndpoint: BlockManagerMasterEndpoint up
[2024-06-27T08:07:27.780+0000] {docker.py:413} INFO - 24/06/27 08:07:27 INFO SparkEnv: Registering BlockManagerMasterHeartbeat
[2024-06-27T08:07:27.791+0000] {docker.py:413} INFO - 24/06/27 08:07:27 INFO DiskBlockManager: Created local directory at /tmp/blockmgr-ea28ac6a-34da-48ae-b851-a7420aa870dd
[2024-06-27T08:07:27.798+0000] {docker.py:413} INFO - 24/06/27 08:07:27 INFO MemoryStore: MemoryStore started with capacity 434.4 MiB
[2024-06-27T08:07:27.806+0000] {docker.py:413} INFO - 24/06/27 08:07:27 INFO SparkEnv: Registering OutputCommitCoordinator
[2024-06-27T08:07:27.873+0000] {docker.py:413} INFO - 24/06/27 08:07:27 INFO JettyUtils: Start Jetty 0.0.0.0:4040 for SparkUI
[2024-06-27T08:07:27.902+0000] {docker.py:413} INFO - 24/06/27 08:07:27 INFO Utils: Successfully started service 'SparkUI' on port 4040.
[2024-06-27T08:07:27.921+0000] {docker.py:413} INFO - 24/06/27 08:07:27 INFO SparkContext: Added JAR file:///opt/bitnami/spark/.ivy2/jars/org.postgresql_postgresql-42.5.4.jar at spark://localhost:46271/jars/org.postgresql_postgresql-42.5.4.jar with timestamp 1719475647574
[2024-06-27T08:07:27.921+0000] {docker.py:413} INFO - 24/06/27 08:07:27 INFO SparkContext: Added JAR file:///opt/bitnami/spark/.ivy2/jars/org.apache.spark_spark-sql-kafka-0-10_2.12-3.5.0.jar at spark://localhost:46271/jars/org.apache.spark_spark-sql-kafka-0-10_2.12-3.5.0.jar with timestamp 1719475647574
[2024-06-27T08:07:27.922+0000] {docker.py:413} INFO - 24/06/27 08:07:27 INFO SparkContext: Added JAR file:///opt/bitnami/spark/.ivy2/jars/org.checkerframework_checker-qual-3.5.0.jar at spark://localhost:46271/jars/org.checkerframework_checker-qual-3.5.0.jar with timestamp 1719475647574
[2024-06-27T08:07:27.922+0000] {docker.py:413} INFO - 24/06/27 08:07:27 INFO SparkContext: Added JAR file:///opt/bitnami/spark/.ivy2/jars/org.apache.spark_spark-token-provider-kafka-0-10_2.12-3.5.0.jar at spark://localhost:46271/jars/org.apache.spark_spark-token-provider-kafka-0-10_2.12-3.5.0.jar with timestamp 1719475647574
24/06/27 08:07:27 INFO SparkContext: Added JAR file:///opt/bitnami/spark/.ivy2/jars/org.apache.kafka_kafka-clients-3.4.1.jar at spark://localhost:46271/jars/org.apache.kafka_kafka-clients-3.4.1.jar with timestamp 1719475647574
[2024-06-27T08:07:27.922+0000] {docker.py:413} INFO - 24/06/27 08:07:27 INFO SparkContext: Added JAR file:///opt/bitnami/spark/.ivy2/jars/com.google.code.findbugs_jsr305-3.0.0.jar at spark://localhost:46271/jars/com.google.code.findbugs_jsr305-3.0.0.jar with timestamp 1719475647574
[2024-06-27T08:07:27.922+0000] {docker.py:413} INFO - 24/06/27 08:07:27 INFO SparkContext: Added JAR file:///opt/bitnami/spark/.ivy2/jars/org.apache.commons_commons-pool2-2.11.1.jar at spark://localhost:46271/jars/org.apache.commons_commons-pool2-2.11.1.jar with timestamp 1719475647574
24/06/27 08:07:27 INFO SparkContext: Added JAR file:///opt/bitnami/spark/.ivy2/jars/org.apache.hadoop_hadoop-client-runtime-3.3.4.jar at spark://localhost:46271/jars/org.apache.hadoop_hadoop-client-runtime-3.3.4.jar with timestamp 1719475647574
[2024-06-27T08:07:27.923+0000] {docker.py:413} INFO - 24/06/27 08:07:27 INFO SparkContext: Added JAR file:///opt/bitnami/spark/.ivy2/jars/org.lz4_lz4-java-1.8.0.jar at spark://localhost:46271/jars/org.lz4_lz4-java-1.8.0.jar with timestamp 1719475647574
24/06/27 08:07:27 INFO SparkContext: Added JAR file:///opt/bitnami/spark/.ivy2/jars/org.xerial.snappy_snappy-java-1.1.10.3.jar at spark://localhost:46271/jars/org.xerial.snappy_snappy-java-1.1.10.3.jar with timestamp 1719475647574
24/06/27 08:07:27 INFO SparkContext: Added JAR file:///opt/bitnami/spark/.ivy2/jars/org.slf4j_slf4j-api-2.0.7.jar at spark://localhost:46271/jars/org.slf4j_slf4j-api-2.0.7.jar with timestamp 1719475647574
24/06/27 08:07:27 INFO SparkContext: Added JAR file:///opt/bitnami/spark/.ivy2/jars/org.apache.hadoop_hadoop-client-api-3.3.4.jar at spark://localhost:46271/jars/org.apache.hadoop_hadoop-client-api-3.3.4.jar with timestamp 1719475647574
[2024-06-27T08:07:27.923+0000] {docker.py:413} INFO - 24/06/27 08:07:27 INFO SparkContext: Added JAR file:///opt/bitnami/spark/.ivy2/jars/commons-logging_commons-logging-1.1.3.jar at spark://localhost:46271/jars/commons-logging_commons-logging-1.1.3.jar with timestamp 1719475647574
[2024-06-27T08:07:27.923+0000] {docker.py:413} INFO - 24/06/27 08:07:27 INFO SparkContext: Added file file:///opt/bitnami/spark/.ivy2/jars/org.postgresql_postgresql-42.5.4.jar at file:///opt/bitnami/spark/.ivy2/jars/org.postgresql_postgresql-42.5.4.jar with timestamp 1719475647574
[2024-06-27T08:07:27.924+0000] {docker.py:413} INFO - 24/06/27 08:07:27 INFO Utils: Copying /opt/bitnami/spark/.ivy2/jars/org.postgresql_postgresql-42.5.4.jar to /tmp/spark-00572957-ccec-4129-a118-b4a0030889e9/userFiles-9a2ca03e-7191-495c-abf9-dd82b7b095c3/org.postgresql_postgresql-42.5.4.jar
[2024-06-27T08:07:27.927+0000] {docker.py:413} INFO - 24/06/27 08:07:27 INFO SparkContext: Added file file:///opt/bitnami/spark/.ivy2/jars/org.apache.spark_spark-sql-kafka-0-10_2.12-3.5.0.jar at file:///opt/bitnami/spark/.ivy2/jars/org.apache.spark_spark-sql-kafka-0-10_2.12-3.5.0.jar with timestamp 1719475647574
[2024-06-27T08:07:27.927+0000] {docker.py:413} INFO - 24/06/27 08:07:27 INFO Utils: Copying /opt/bitnami/spark/.ivy2/jars/org.apache.spark_spark-sql-kafka-0-10_2.12-3.5.0.jar to /tmp/spark-00572957-ccec-4129-a118-b4a0030889e9/userFiles-9a2ca03e-7191-495c-abf9-dd82b7b095c3/org.apache.spark_spark-sql-kafka-0-10_2.12-3.5.0.jar
[2024-06-27T08:07:27.929+0000] {docker.py:413} INFO - 24/06/27 08:07:27 INFO SparkContext: Added file file:///opt/bitnami/spark/.ivy2/jars/org.checkerframework_checker-qual-3.5.0.jar at file:///opt/bitnami/spark/.ivy2/jars/org.checkerframework_checker-qual-3.5.0.jar with timestamp 1719475647574
[2024-06-27T08:07:27.929+0000] {docker.py:413} INFO - 24/06/27 08:07:27 INFO Utils: Copying /opt/bitnami/spark/.ivy2/jars/org.checkerframework_checker-qual-3.5.0.jar to /tmp/spark-00572957-ccec-4129-a118-b4a0030889e9/userFiles-9a2ca03e-7191-495c-abf9-dd82b7b095c3/org.checkerframework_checker-qual-3.5.0.jar
[2024-06-27T08:07:27.930+0000] {docker.py:413} INFO - 24/06/27 08:07:27 INFO SparkContext: Added file file:///opt/bitnami/spark/.ivy2/jars/org.apache.spark_spark-token-provider-kafka-0-10_2.12-3.5.0.jar at file:///opt/bitnami/spark/.ivy2/jars/org.apache.spark_spark-token-provider-kafka-0-10_2.12-3.5.0.jar with timestamp 1719475647574
[2024-06-27T08:07:27.931+0000] {docker.py:413} INFO - 24/06/27 08:07:27 INFO Utils: Copying /opt/bitnami/spark/.ivy2/jars/org.apache.spark_spark-token-provider-kafka-0-10_2.12-3.5.0.jar to /tmp/spark-00572957-ccec-4129-a118-b4a0030889e9/userFiles-9a2ca03e-7191-495c-abf9-dd82b7b095c3/org.apache.spark_spark-token-provider-kafka-0-10_2.12-3.5.0.jar
[2024-06-27T08:07:27.932+0000] {docker.py:413} INFO - 24/06/27 08:07:27 INFO SparkContext: Added file file:///opt/bitnami/spark/.ivy2/jars/org.apache.kafka_kafka-clients-3.4.1.jar at file:///opt/bitnami/spark/.ivy2/jars/org.apache.kafka_kafka-clients-3.4.1.jar with timestamp 1719475647574
[2024-06-27T08:07:27.932+0000] {docker.py:413} INFO - 24/06/27 08:07:27 INFO Utils: Copying /opt/bitnami/spark/.ivy2/jars/org.apache.kafka_kafka-clients-3.4.1.jar to /tmp/spark-00572957-ccec-4129-a118-b4a0030889e9/userFiles-9a2ca03e-7191-495c-abf9-dd82b7b095c3/org.apache.kafka_kafka-clients-3.4.1.jar
[2024-06-27T08:07:27.934+0000] {docker.py:413} INFO - 24/06/27 08:07:27 INFO SparkContext: Added file file:///opt/bitnami/spark/.ivy2/jars/com.google.code.findbugs_jsr305-3.0.0.jar at file:///opt/bitnami/spark/.ivy2/jars/com.google.code.findbugs_jsr305-3.0.0.jar with timestamp 1719475647574
24/06/27 08:07:27 INFO Utils: Copying /opt/bitnami/spark/.ivy2/jars/com.google.code.findbugs_jsr305-3.0.0.jar to /tmp/spark-00572957-ccec-4129-a118-b4a0030889e9/userFiles-9a2ca03e-7191-495c-abf9-dd82b7b095c3/com.google.code.findbugs_jsr305-3.0.0.jar
[2024-06-27T08:07:27.936+0000] {docker.py:413} INFO - 24/06/27 08:07:27 INFO SparkContext: Added file file:///opt/bitnami/spark/.ivy2/jars/org.apache.commons_commons-pool2-2.11.1.jar at file:///opt/bitnami/spark/.ivy2/jars/org.apache.commons_commons-pool2-2.11.1.jar with timestamp 1719475647574
[2024-06-27T08:07:27.936+0000] {docker.py:413} INFO - 24/06/27 08:07:27 INFO Utils: Copying /opt/bitnami/spark/.ivy2/jars/org.apache.commons_commons-pool2-2.11.1.jar to /tmp/spark-00572957-ccec-4129-a118-b4a0030889e9/userFiles-9a2ca03e-7191-495c-abf9-dd82b7b095c3/org.apache.commons_commons-pool2-2.11.1.jar
[2024-06-27T08:07:27.937+0000] {docker.py:413} INFO - 24/06/27 08:07:27 INFO SparkContext: Added file file:///opt/bitnami/spark/.ivy2/jars/org.apache.hadoop_hadoop-client-runtime-3.3.4.jar at file:///opt/bitnami/spark/.ivy2/jars/org.apache.hadoop_hadoop-client-runtime-3.3.4.jar with timestamp 1719475647574
[2024-06-27T08:07:27.937+0000] {docker.py:413} INFO - 24/06/27 08:07:27 INFO Utils: Copying /opt/bitnami/spark/.ivy2/jars/org.apache.hadoop_hadoop-client-runtime-3.3.4.jar to /tmp/spark-00572957-ccec-4129-a118-b4a0030889e9/userFiles-9a2ca03e-7191-495c-abf9-dd82b7b095c3/org.apache.hadoop_hadoop-client-runtime-3.3.4.jar
[2024-06-27T08:07:27.944+0000] {docker.py:413} INFO - 24/06/27 08:07:27 INFO SparkContext: Added file file:///opt/bitnami/spark/.ivy2/jars/org.lz4_lz4-java-1.8.0.jar at file:///opt/bitnami/spark/.ivy2/jars/org.lz4_lz4-java-1.8.0.jar with timestamp 1719475647574
[2024-06-27T08:07:27.944+0000] {docker.py:413} INFO - 24/06/27 08:07:27 INFO Utils: Copying /opt/bitnami/spark/.ivy2/jars/org.lz4_lz4-java-1.8.0.jar to /tmp/spark-00572957-ccec-4129-a118-b4a0030889e9/userFiles-9a2ca03e-7191-495c-abf9-dd82b7b095c3/org.lz4_lz4-java-1.8.0.jar
[2024-06-27T08:07:27.945+0000] {docker.py:413} INFO - 24/06/27 08:07:27 INFO SparkContext: Added file file:///opt/bitnami/spark/.ivy2/jars/org.xerial.snappy_snappy-java-1.1.10.3.jar at file:///opt/bitnami/spark/.ivy2/jars/org.xerial.snappy_snappy-java-1.1.10.3.jar with timestamp 1719475647574
[2024-06-27T08:07:27.946+0000] {docker.py:413} INFO - 24/06/27 08:07:27 INFO Utils: Copying /opt/bitnami/spark/.ivy2/jars/org.xerial.snappy_snappy-java-1.1.10.3.jar to /tmp/spark-00572957-ccec-4129-a118-b4a0030889e9/userFiles-9a2ca03e-7191-495c-abf9-dd82b7b095c3/org.xerial.snappy_snappy-java-1.1.10.3.jar
[2024-06-27T08:07:27.947+0000] {docker.py:413} INFO - 24/06/27 08:07:27 INFO SparkContext: Added file file:///opt/bitnami/spark/.ivy2/jars/org.slf4j_slf4j-api-2.0.7.jar at file:///opt/bitnami/spark/.ivy2/jars/org.slf4j_slf4j-api-2.0.7.jar with timestamp 1719475647574
[2024-06-27T08:07:27.947+0000] {docker.py:413} INFO - 24/06/27 08:07:27 INFO Utils: Copying /opt/bitnami/spark/.ivy2/jars/org.slf4j_slf4j-api-2.0.7.jar to /tmp/spark-00572957-ccec-4129-a118-b4a0030889e9/userFiles-9a2ca03e-7191-495c-abf9-dd82b7b095c3/org.slf4j_slf4j-api-2.0.7.jar
[2024-06-27T08:07:27.949+0000] {docker.py:413} INFO - 24/06/27 08:07:27 INFO SparkContext: Added file file:///opt/bitnami/spark/.ivy2/jars/org.apache.hadoop_hadoop-client-api-3.3.4.jar at file:///opt/bitnami/spark/.ivy2/jars/org.apache.hadoop_hadoop-client-api-3.3.4.jar with timestamp 1719475647574
[2024-06-27T08:07:27.949+0000] {docker.py:413} INFO - 24/06/27 08:07:27 INFO Utils: Copying /opt/bitnami/spark/.ivy2/jars/org.apache.hadoop_hadoop-client-api-3.3.4.jar to /tmp/spark-00572957-ccec-4129-a118-b4a0030889e9/userFiles-9a2ca03e-7191-495c-abf9-dd82b7b095c3/org.apache.hadoop_hadoop-client-api-3.3.4.jar
[2024-06-27T08:07:27.955+0000] {docker.py:413} INFO - 24/06/27 08:07:27 INFO SparkContext: Added file file:///opt/bitnami/spark/.ivy2/jars/commons-logging_commons-logging-1.1.3.jar at file:///opt/bitnami/spark/.ivy2/jars/commons-logging_commons-logging-1.1.3.jar with timestamp 1719475647574
24/06/27 08:07:27 INFO Utils: Copying /opt/bitnami/spark/.ivy2/jars/commons-logging_commons-logging-1.1.3.jar to /tmp/spark-00572957-ccec-4129-a118-b4a0030889e9/userFiles-9a2ca03e-7191-495c-abf9-dd82b7b095c3/commons-logging_commons-logging-1.1.3.jar
[2024-06-27T08:07:27.986+0000] {docker.py:413} INFO - 24/06/27 08:07:27 INFO Executor: Starting executor ID driver on host localhost
24/06/27 08:07:27 INFO Executor: OS info Linux, 6.6.12-linuxkit, aarch64
[2024-06-27T08:07:27.987+0000] {docker.py:413} INFO - 24/06/27 08:07:27 INFO Executor: Java version 17.0.10
[2024-06-27T08:07:27.989+0000] {docker.py:413} INFO - 24/06/27 08:07:27 INFO Executor: Starting executor with user classpath (userClassPathFirst = false): ''
[2024-06-27T08:07:27.990+0000] {docker.py:413} INFO - 24/06/27 08:07:27 INFO Executor: Created or updated repl class loader org.apache.spark.util.MutableURLClassLoader@306ac8a7 for default.
[2024-06-27T08:07:27.995+0000] {docker.py:413} INFO - 24/06/27 08:07:27 INFO Executor: Fetching file:///opt/bitnami/spark/.ivy2/jars/org.apache.spark_spark-token-provider-kafka-0-10_2.12-3.5.0.jar with timestamp 1719475647574
[2024-06-27T08:07:28.002+0000] {docker.py:413} INFO - 24/06/27 08:07:28 INFO Utils: /opt/bitnami/spark/.ivy2/jars/org.apache.spark_spark-token-provider-kafka-0-10_2.12-3.5.0.jar has been previously copied to /tmp/spark-00572957-ccec-4129-a118-b4a0030889e9/userFiles-9a2ca03e-7191-495c-abf9-dd82b7b095c3/org.apache.spark_spark-token-provider-kafka-0-10_2.12-3.5.0.jar
[2024-06-27T08:07:28.004+0000] {docker.py:413} INFO - 24/06/27 08:07:28 INFO Executor: Fetching file:///opt/bitnami/spark/.ivy2/jars/org.apache.hadoop_hadoop-client-runtime-3.3.4.jar with timestamp 1719475647574
[2024-06-27T08:07:28.015+0000] {docker.py:413} INFO - 24/06/27 08:07:28 INFO Utils: /opt/bitnami/spark/.ivy2/jars/org.apache.hadoop_hadoop-client-runtime-3.3.4.jar has been previously copied to /tmp/spark-00572957-ccec-4129-a118-b4a0030889e9/userFiles-9a2ca03e-7191-495c-abf9-dd82b7b095c3/org.apache.hadoop_hadoop-client-runtime-3.3.4.jar
[2024-06-27T08:07:28.017+0000] {docker.py:413} INFO - 24/06/27 08:07:28 INFO Executor: Fetching file:///opt/bitnami/spark/.ivy2/jars/org.apache.commons_commons-pool2-2.11.1.jar with timestamp 1719475647574
[2024-06-27T08:07:28.018+0000] {docker.py:413} INFO - 24/06/27 08:07:28 INFO Utils: /opt/bitnami/spark/.ivy2/jars/org.apache.commons_commons-pool2-2.11.1.jar has been previously copied to /tmp/spark-00572957-ccec-4129-a118-b4a0030889e9/userFiles-9a2ca03e-7191-495c-abf9-dd82b7b095c3/org.apache.commons_commons-pool2-2.11.1.jar
[2024-06-27T08:07:28.019+0000] {docker.py:413} INFO - 24/06/27 08:07:28 INFO Executor: Fetching file:///opt/bitnami/spark/.ivy2/jars/org.postgresql_postgresql-42.5.4.jar with timestamp 1719475647574
[2024-06-27T08:07:28.019+0000] {docker.py:413} INFO - 24/06/27 08:07:28 INFO Utils: /opt/bitnami/spark/.ivy2/jars/org.postgresql_postgresql-42.5.4.jar has been previously copied to /tmp/spark-00572957-ccec-4129-a118-b4a0030889e9/userFiles-9a2ca03e-7191-495c-abf9-dd82b7b095c3/org.postgresql_postgresql-42.5.4.jar
[2024-06-27T08:07:28.021+0000] {docker.py:413} INFO - 24/06/27 08:07:28 INFO Executor: Fetching file:///opt/bitnami/spark/.ivy2/jars/org.slf4j_slf4j-api-2.0.7.jar with timestamp 1719475647574
[2024-06-27T08:07:28.021+0000] {docker.py:413} INFO - 24/06/27 08:07:28 INFO Utils: /opt/bitnami/spark/.ivy2/jars/org.slf4j_slf4j-api-2.0.7.jar has been previously copied to /tmp/spark-00572957-ccec-4129-a118-b4a0030889e9/userFiles-9a2ca03e-7191-495c-abf9-dd82b7b095c3/org.slf4j_slf4j-api-2.0.7.jar
[2024-06-27T08:07:28.022+0000] {docker.py:413} INFO - 24/06/27 08:07:28 INFO Executor: Fetching file:///opt/bitnami/spark/.ivy2/jars/org.apache.kafka_kafka-clients-3.4.1.jar with timestamp 1719475647574
[2024-06-27T08:07:28.024+0000] {docker.py:413} INFO - 24/06/27 08:07:28 INFO Utils: /opt/bitnami/spark/.ivy2/jars/org.apache.kafka_kafka-clients-3.4.1.jar has been previously copied to /tmp/spark-00572957-ccec-4129-a118-b4a0030889e9/userFiles-9a2ca03e-7191-495c-abf9-dd82b7b095c3/org.apache.kafka_kafka-clients-3.4.1.jar
[2024-06-27T08:07:28.026+0000] {docker.py:413} INFO - 24/06/27 08:07:28 INFO Executor: Fetching file:///opt/bitnami/spark/.ivy2/jars/com.google.code.findbugs_jsr305-3.0.0.jar with timestamp 1719475647574
[2024-06-27T08:07:28.026+0000] {docker.py:413} INFO - 24/06/27 08:07:28 INFO Utils: /opt/bitnami/spark/.ivy2/jars/com.google.code.findbugs_jsr305-3.0.0.jar has been previously copied to /tmp/spark-00572957-ccec-4129-a118-b4a0030889e9/userFiles-9a2ca03e-7191-495c-abf9-dd82b7b095c3/com.google.code.findbugs_jsr305-3.0.0.jar
[2024-06-27T08:07:28.027+0000] {docker.py:413} INFO - 24/06/27 08:07:28 INFO Executor: Fetching file:///opt/bitnami/spark/.ivy2/jars/org.lz4_lz4-java-1.8.0.jar with timestamp 1719475647574
[2024-06-27T08:07:28.028+0000] {docker.py:413} INFO - 24/06/27 08:07:28 INFO Utils: /opt/bitnami/spark/.ivy2/jars/org.lz4_lz4-java-1.8.0.jar has been previously copied to /tmp/spark-00572957-ccec-4129-a118-b4a0030889e9/userFiles-9a2ca03e-7191-495c-abf9-dd82b7b095c3/org.lz4_lz4-java-1.8.0.jar
[2024-06-27T08:07:28.029+0000] {docker.py:413} INFO - 24/06/27 08:07:28 INFO Executor: Fetching file:///opt/bitnami/spark/.ivy2/jars/org.apache.spark_spark-sql-kafka-0-10_2.12-3.5.0.jar with timestamp 1719475647574
[2024-06-27T08:07:28.029+0000] {docker.py:413} INFO - 24/06/27 08:07:28 INFO Utils: /opt/bitnami/spark/.ivy2/jars/org.apache.spark_spark-sql-kafka-0-10_2.12-3.5.0.jar has been previously copied to /tmp/spark-00572957-ccec-4129-a118-b4a0030889e9/userFiles-9a2ca03e-7191-495c-abf9-dd82b7b095c3/org.apache.spark_spark-sql-kafka-0-10_2.12-3.5.0.jar
[2024-06-27T08:07:28.031+0000] {docker.py:413} INFO - 24/06/27 08:07:28 INFO Executor: Fetching file:///opt/bitnami/spark/.ivy2/jars/org.apache.hadoop_hadoop-client-api-3.3.4.jar with timestamp 1719475647574
[2024-06-27T08:07:28.037+0000] {docker.py:413} INFO - 24/06/27 08:07:28 INFO Utils: /opt/bitnami/spark/.ivy2/jars/org.apache.hadoop_hadoop-client-api-3.3.4.jar has been previously copied to /tmp/spark-00572957-ccec-4129-a118-b4a0030889e9/userFiles-9a2ca03e-7191-495c-abf9-dd82b7b095c3/org.apache.hadoop_hadoop-client-api-3.3.4.jar
[2024-06-27T08:07:28.038+0000] {docker.py:413} INFO - 24/06/27 08:07:28 INFO Executor: Fetching file:///opt/bitnami/spark/.ivy2/jars/commons-logging_commons-logging-1.1.3.jar with timestamp 1719475647574
[2024-06-27T08:07:28.039+0000] {docker.py:413} INFO - 24/06/27 08:07:28 INFO Utils: /opt/bitnami/spark/.ivy2/jars/commons-logging_commons-logging-1.1.3.jar has been previously copied to /tmp/spark-00572957-ccec-4129-a118-b4a0030889e9/userFiles-9a2ca03e-7191-495c-abf9-dd82b7b095c3/commons-logging_commons-logging-1.1.3.jar
[2024-06-27T08:07:28.040+0000] {docker.py:413} INFO - 24/06/27 08:07:28 INFO Executor: Fetching file:///opt/bitnami/spark/.ivy2/jars/org.checkerframework_checker-qual-3.5.0.jar with timestamp 1719475647574
[2024-06-27T08:07:28.041+0000] {docker.py:413} INFO - 24/06/27 08:07:28 INFO Utils: /opt/bitnami/spark/.ivy2/jars/org.checkerframework_checker-qual-3.5.0.jar has been previously copied to /tmp/spark-00572957-ccec-4129-a118-b4a0030889e9/userFiles-9a2ca03e-7191-495c-abf9-dd82b7b095c3/org.checkerframework_checker-qual-3.5.0.jar
[2024-06-27T08:07:28.042+0000] {docker.py:413} INFO - 24/06/27 08:07:28 INFO Executor: Fetching file:///opt/bitnami/spark/.ivy2/jars/org.xerial.snappy_snappy-java-1.1.10.3.jar with timestamp 1719475647574
[2024-06-27T08:07:28.042+0000] {docker.py:413} INFO - 24/06/27 08:07:28 INFO Utils: /opt/bitnami/spark/.ivy2/jars/org.xerial.snappy_snappy-java-1.1.10.3.jar has been previously copied to /tmp/spark-00572957-ccec-4129-a118-b4a0030889e9/userFiles-9a2ca03e-7191-495c-abf9-dd82b7b095c3/org.xerial.snappy_snappy-java-1.1.10.3.jar
[2024-06-27T08:07:28.045+0000] {docker.py:413} INFO - 24/06/27 08:07:28 INFO Executor: Fetching spark://localhost:46271/jars/org.xerial.snappy_snappy-java-1.1.10.3.jar with timestamp 1719475647574
[2024-06-27T08:07:28.069+0000] {docker.py:413} INFO - 24/06/27 08:07:28 INFO TransportClientFactory: Successfully created connection to localhost/127.0.0.1:46271 after 13 ms (0 ms spent in bootstraps)
[2024-06-27T08:07:28.073+0000] {docker.py:413} INFO - 24/06/27 08:07:28 INFO Utils: Fetching spark://localhost:46271/jars/org.xerial.snappy_snappy-java-1.1.10.3.jar to /tmp/spark-00572957-ccec-4129-a118-b4a0030889e9/userFiles-9a2ca03e-7191-495c-abf9-dd82b7b095c3/fetchFileTemp1751869999376083076.tmp
[2024-06-27T08:07:28.093+0000] {docker.py:413} INFO - 24/06/27 08:07:28 INFO Utils: /tmp/spark-00572957-ccec-4129-a118-b4a0030889e9/userFiles-9a2ca03e-7191-495c-abf9-dd82b7b095c3/fetchFileTemp1751869999376083076.tmp has been previously copied to /tmp/spark-00572957-ccec-4129-a118-b4a0030889e9/userFiles-9a2ca03e-7191-495c-abf9-dd82b7b095c3/org.xerial.snappy_snappy-java-1.1.10.3.jar
[2024-06-27T08:07:28.096+0000] {docker.py:413} INFO - 24/06/27 08:07:28 INFO Executor: Adding file:/tmp/spark-00572957-ccec-4129-a118-b4a0030889e9/userFiles-9a2ca03e-7191-495c-abf9-dd82b7b095c3/org.xerial.snappy_snappy-java-1.1.10.3.jar to class loader default
[2024-06-27T08:07:28.096+0000] {docker.py:413} INFO - 24/06/27 08:07:28 INFO Executor: Fetching spark://localhost:46271/jars/org.apache.spark_spark-sql-kafka-0-10_2.12-3.5.0.jar with timestamp 1719475647574
[2024-06-27T08:07:28.097+0000] {docker.py:413} INFO - 24/06/27 08:07:28 INFO Utils: Fetching spark://localhost:46271/jars/org.apache.spark_spark-sql-kafka-0-10_2.12-3.5.0.jar to /tmp/spark-00572957-ccec-4129-a118-b4a0030889e9/userFiles-9a2ca03e-7191-495c-abf9-dd82b7b095c3/fetchFileTemp7339082261469557745.tmp
[2024-06-27T08:07:28.098+0000] {docker.py:413} INFO - 24/06/27 08:07:28 INFO Utils: /tmp/spark-00572957-ccec-4129-a118-b4a0030889e9/userFiles-9a2ca03e-7191-495c-abf9-dd82b7b095c3/fetchFileTemp7339082261469557745.tmp has been previously copied to /tmp/spark-00572957-ccec-4129-a118-b4a0030889e9/userFiles-9a2ca03e-7191-495c-abf9-dd82b7b095c3/org.apache.spark_spark-sql-kafka-0-10_2.12-3.5.0.jar
[2024-06-27T08:07:28.099+0000] {docker.py:413} INFO - 24/06/27 08:07:28 INFO Executor: Adding file:/tmp/spark-00572957-ccec-4129-a118-b4a0030889e9/userFiles-9a2ca03e-7191-495c-abf9-dd82b7b095c3/org.apache.spark_spark-sql-kafka-0-10_2.12-3.5.0.jar to class loader default
[2024-06-27T08:07:28.100+0000] {docker.py:413} INFO - 24/06/27 08:07:28 INFO Executor: Fetching spark://localhost:46271/jars/com.google.code.findbugs_jsr305-3.0.0.jar with timestamp 1719475647574
[2024-06-27T08:07:28.100+0000] {docker.py:413} INFO - 24/06/27 08:07:28 INFO Utils: Fetching spark://localhost:46271/jars/com.google.code.findbugs_jsr305-3.0.0.jar to /tmp/spark-00572957-ccec-4129-a118-b4a0030889e9/userFiles-9a2ca03e-7191-495c-abf9-dd82b7b095c3/fetchFileTemp1179521143641967271.tmp
[2024-06-27T08:07:28.101+0000] {docker.py:413} INFO - 24/06/27 08:07:28 INFO Utils: /tmp/spark-00572957-ccec-4129-a118-b4a0030889e9/userFiles-9a2ca03e-7191-495c-abf9-dd82b7b095c3/fetchFileTemp1179521143641967271.tmp has been previously copied to /tmp/spark-00572957-ccec-4129-a118-b4a0030889e9/userFiles-9a2ca03e-7191-495c-abf9-dd82b7b095c3/com.google.code.findbugs_jsr305-3.0.0.jar
[2024-06-27T08:07:28.102+0000] {docker.py:413} INFO - 24/06/27 08:07:28 INFO Executor: Adding file:/tmp/spark-00572957-ccec-4129-a118-b4a0030889e9/userFiles-9a2ca03e-7191-495c-abf9-dd82b7b095c3/com.google.code.findbugs_jsr305-3.0.0.jar to class loader default
[2024-06-27T08:07:28.103+0000] {docker.py:413} INFO - 24/06/27 08:07:28 INFO Executor: Fetching spark://localhost:46271/jars/org.lz4_lz4-java-1.8.0.jar with timestamp 1719475647574
[2024-06-27T08:07:28.103+0000] {docker.py:413} INFO - 24/06/27 08:07:28 INFO Utils: Fetching spark://localhost:46271/jars/org.lz4_lz4-java-1.8.0.jar to /tmp/spark-00572957-ccec-4129-a118-b4a0030889e9/userFiles-9a2ca03e-7191-495c-abf9-dd82b7b095c3/fetchFileTemp4079048085559697904.tmp
[2024-06-27T08:07:28.105+0000] {docker.py:413} INFO - 24/06/27 08:07:28 INFO Utils: /tmp/spark-00572957-ccec-4129-a118-b4a0030889e9/userFiles-9a2ca03e-7191-495c-abf9-dd82b7b095c3/fetchFileTemp4079048085559697904.tmp has been previously copied to /tmp/spark-00572957-ccec-4129-a118-b4a0030889e9/userFiles-9a2ca03e-7191-495c-abf9-dd82b7b095c3/org.lz4_lz4-java-1.8.0.jar
[2024-06-27T08:07:28.107+0000] {docker.py:413} INFO - 24/06/27 08:07:28 INFO Executor: Adding file:/tmp/spark-00572957-ccec-4129-a118-b4a0030889e9/userFiles-9a2ca03e-7191-495c-abf9-dd82b7b095c3/org.lz4_lz4-java-1.8.0.jar to class loader default
[2024-06-27T08:07:28.107+0000] {docker.py:413} INFO - 24/06/27 08:07:28 INFO Executor: Fetching spark://localhost:46271/jars/commons-logging_commons-logging-1.1.3.jar with timestamp 1719475647574
[2024-06-27T08:07:28.108+0000] {docker.py:413} INFO - 24/06/27 08:07:28 INFO Utils: Fetching spark://localhost:46271/jars/commons-logging_commons-logging-1.1.3.jar to /tmp/spark-00572957-ccec-4129-a118-b4a0030889e9/userFiles-9a2ca03e-7191-495c-abf9-dd82b7b095c3/fetchFileTemp6271032969182649363.tmp
[2024-06-27T08:07:28.108+0000] {docker.py:413} INFO - 24/06/27 08:07:28 INFO Utils: /tmp/spark-00572957-ccec-4129-a118-b4a0030889e9/userFiles-9a2ca03e-7191-495c-abf9-dd82b7b095c3/fetchFileTemp6271032969182649363.tmp has been previously copied to /tmp/spark-00572957-ccec-4129-a118-b4a0030889e9/userFiles-9a2ca03e-7191-495c-abf9-dd82b7b095c3/commons-logging_commons-logging-1.1.3.jar
[2024-06-27T08:07:28.110+0000] {docker.py:413} INFO - 24/06/27 08:07:28 INFO Executor: Adding file:/tmp/spark-00572957-ccec-4129-a118-b4a0030889e9/userFiles-9a2ca03e-7191-495c-abf9-dd82b7b095c3/commons-logging_commons-logging-1.1.3.jar to class loader default
[2024-06-27T08:07:28.111+0000] {docker.py:413} INFO - 24/06/27 08:07:28 INFO Executor: Fetching spark://localhost:46271/jars/org.apache.spark_spark-token-provider-kafka-0-10_2.12-3.5.0.jar with timestamp 1719475647574
[2024-06-27T08:07:28.111+0000] {docker.py:413} INFO - 24/06/27 08:07:28 INFO Utils: Fetching spark://localhost:46271/jars/org.apache.spark_spark-token-provider-kafka-0-10_2.12-3.5.0.jar to /tmp/spark-00572957-ccec-4129-a118-b4a0030889e9/userFiles-9a2ca03e-7191-495c-abf9-dd82b7b095c3/fetchFileTemp10361934704197236814.tmp
[2024-06-27T08:07:28.111+0000] {docker.py:413} INFO - 24/06/27 08:07:28 INFO Utils: /tmp/spark-00572957-ccec-4129-a118-b4a0030889e9/userFiles-9a2ca03e-7191-495c-abf9-dd82b7b095c3/fetchFileTemp10361934704197236814.tmp has been previously copied to /tmp/spark-00572957-ccec-4129-a118-b4a0030889e9/userFiles-9a2ca03e-7191-495c-abf9-dd82b7b095c3/org.apache.spark_spark-token-provider-kafka-0-10_2.12-3.5.0.jar
[2024-06-27T08:07:28.112+0000] {docker.py:413} INFO - 24/06/27 08:07:28 INFO Executor: Adding file:/tmp/spark-00572957-ccec-4129-a118-b4a0030889e9/userFiles-9a2ca03e-7191-495c-abf9-dd82b7b095c3/org.apache.spark_spark-token-provider-kafka-0-10_2.12-3.5.0.jar to class loader default
[2024-06-27T08:07:28.113+0000] {docker.py:413} INFO - 24/06/27 08:07:28 INFO Executor: Fetching spark://localhost:46271/jars/org.apache.hadoop_hadoop-client-runtime-3.3.4.jar with timestamp 1719475647574
[2024-06-27T08:07:28.113+0000] {docker.py:413} INFO - 24/06/27 08:07:28 INFO Utils: Fetching spark://localhost:46271/jars/org.apache.hadoop_hadoop-client-runtime-3.3.4.jar to /tmp/spark-00572957-ccec-4129-a118-b4a0030889e9/userFiles-9a2ca03e-7191-495c-abf9-dd82b7b095c3/fetchFileTemp9956490901437203617.tmp
[2024-06-27T08:07:28.163+0000] {docker.py:413} INFO - 24/06/27 08:07:28 INFO Utils: /tmp/spark-00572957-ccec-4129-a118-b4a0030889e9/userFiles-9a2ca03e-7191-495c-abf9-dd82b7b095c3/fetchFileTemp9956490901437203617.tmp has been previously copied to /tmp/spark-00572957-ccec-4129-a118-b4a0030889e9/userFiles-9a2ca03e-7191-495c-abf9-dd82b7b095c3/org.apache.hadoop_hadoop-client-runtime-3.3.4.jar
[2024-06-27T08:07:28.165+0000] {docker.py:413} INFO - 24/06/27 08:07:28 INFO Executor: Adding file:/tmp/spark-00572957-ccec-4129-a118-b4a0030889e9/userFiles-9a2ca03e-7191-495c-abf9-dd82b7b095c3/org.apache.hadoop_hadoop-client-runtime-3.3.4.jar to class loader default
[2024-06-27T08:07:28.166+0000] {docker.py:413} INFO - 24/06/27 08:07:28 INFO Executor: Fetching spark://localhost:46271/jars/org.apache.hadoop_hadoop-client-api-3.3.4.jar with timestamp 1719475647574
[2024-06-27T08:07:28.166+0000] {docker.py:413} INFO - 24/06/27 08:07:28 INFO Utils: Fetching spark://localhost:46271/jars/org.apache.hadoop_hadoop-client-api-3.3.4.jar to /tmp/spark-00572957-ccec-4129-a118-b4a0030889e9/userFiles-9a2ca03e-7191-495c-abf9-dd82b7b095c3/fetchFileTemp7824083468442468878.tmp
[2024-06-27T08:07:28.193+0000] {docker.py:413} INFO - 24/06/27 08:07:28 INFO Utils: /tmp/spark-00572957-ccec-4129-a118-b4a0030889e9/userFiles-9a2ca03e-7191-495c-abf9-dd82b7b095c3/fetchFileTemp7824083468442468878.tmp has been previously copied to /tmp/spark-00572957-ccec-4129-a118-b4a0030889e9/userFiles-9a2ca03e-7191-495c-abf9-dd82b7b095c3/org.apache.hadoop_hadoop-client-api-3.3.4.jar
[2024-06-27T08:07:28.197+0000] {docker.py:413} INFO - 24/06/27 08:07:28 INFO Executor: Adding file:/tmp/spark-00572957-ccec-4129-a118-b4a0030889e9/userFiles-9a2ca03e-7191-495c-abf9-dd82b7b095c3/org.apache.hadoop_hadoop-client-api-3.3.4.jar to class loader default
[2024-06-27T08:07:28.197+0000] {docker.py:413} INFO - 24/06/27 08:07:28 INFO Executor: Fetching spark://localhost:46271/jars/org.checkerframework_checker-qual-3.5.0.jar with timestamp 1719475647574
[2024-06-27T08:07:28.198+0000] {docker.py:413} INFO - 24/06/27 08:07:28 INFO Utils: Fetching spark://localhost:46271/jars/org.checkerframework_checker-qual-3.5.0.jar to /tmp/spark-00572957-ccec-4129-a118-b4a0030889e9/userFiles-9a2ca03e-7191-495c-abf9-dd82b7b095c3/fetchFileTemp8303685056744435522.tmp
[2024-06-27T08:07:28.198+0000] {docker.py:413} INFO - 24/06/27 08:07:28 INFO Utils: /tmp/spark-00572957-ccec-4129-a118-b4a0030889e9/userFiles-9a2ca03e-7191-495c-abf9-dd82b7b095c3/fetchFileTemp8303685056744435522.tmp has been previously copied to /tmp/spark-00572957-ccec-4129-a118-b4a0030889e9/userFiles-9a2ca03e-7191-495c-abf9-dd82b7b095c3/org.checkerframework_checker-qual-3.5.0.jar
[2024-06-27T08:07:28.199+0000] {docker.py:413} INFO - 24/06/27 08:07:28 INFO Executor: Adding file:/tmp/spark-00572957-ccec-4129-a118-b4a0030889e9/userFiles-9a2ca03e-7191-495c-abf9-dd82b7b095c3/org.checkerframework_checker-qual-3.5.0.jar to class loader default
24/06/27 08:07:28 INFO Executor: Fetching spark://localhost:46271/jars/org.apache.kafka_kafka-clients-3.4.1.jar with timestamp 1719475647574
[2024-06-27T08:07:28.199+0000] {docker.py:413} INFO - 24/06/27 08:07:28 INFO Utils: Fetching spark://localhost:46271/jars/org.apache.kafka_kafka-clients-3.4.1.jar to /tmp/spark-00572957-ccec-4129-a118-b4a0030889e9/userFiles-9a2ca03e-7191-495c-abf9-dd82b7b095c3/fetchFileTemp14926510794072142750.tmp
[2024-06-27T08:07:28.206+0000] {docker.py:413} INFO - 24/06/27 08:07:28 INFO Utils: /tmp/spark-00572957-ccec-4129-a118-b4a0030889e9/userFiles-9a2ca03e-7191-495c-abf9-dd82b7b095c3/fetchFileTemp14926510794072142750.tmp has been previously copied to /tmp/spark-00572957-ccec-4129-a118-b4a0030889e9/userFiles-9a2ca03e-7191-495c-abf9-dd82b7b095c3/org.apache.kafka_kafka-clients-3.4.1.jar
[2024-06-27T08:07:28.208+0000] {docker.py:413} INFO - 24/06/27 08:07:28 INFO Executor: Adding file:/tmp/spark-00572957-ccec-4129-a118-b4a0030889e9/userFiles-9a2ca03e-7191-495c-abf9-dd82b7b095c3/org.apache.kafka_kafka-clients-3.4.1.jar to class loader default
[2024-06-27T08:07:28.208+0000] {docker.py:413} INFO - 24/06/27 08:07:28 INFO Executor: Fetching spark://localhost:46271/jars/org.slf4j_slf4j-api-2.0.7.jar with timestamp 1719475647574
[2024-06-27T08:07:28.208+0000] {docker.py:413} INFO - 24/06/27 08:07:28 INFO Utils: Fetching spark://localhost:46271/jars/org.slf4j_slf4j-api-2.0.7.jar to /tmp/spark-00572957-ccec-4129-a118-b4a0030889e9/userFiles-9a2ca03e-7191-495c-abf9-dd82b7b095c3/fetchFileTemp11951719056473175219.tmp
[2024-06-27T08:07:28.209+0000] {docker.py:413} INFO - 24/06/27 08:07:28 INFO Utils: /tmp/spark-00572957-ccec-4129-a118-b4a0030889e9/userFiles-9a2ca03e-7191-495c-abf9-dd82b7b095c3/fetchFileTemp11951719056473175219.tmp has been previously copied to /tmp/spark-00572957-ccec-4129-a118-b4a0030889e9/userFiles-9a2ca03e-7191-495c-abf9-dd82b7b095c3/org.slf4j_slf4j-api-2.0.7.jar
[2024-06-27T08:07:28.211+0000] {docker.py:413} INFO - 24/06/27 08:07:28 INFO Executor: Adding file:/tmp/spark-00572957-ccec-4129-a118-b4a0030889e9/userFiles-9a2ca03e-7191-495c-abf9-dd82b7b095c3/org.slf4j_slf4j-api-2.0.7.jar to class loader default
[2024-06-27T08:07:28.211+0000] {docker.py:413} INFO - 24/06/27 08:07:28 INFO Executor: Fetching spark://localhost:46271/jars/org.apache.commons_commons-pool2-2.11.1.jar with timestamp 1719475647574
[2024-06-27T08:07:28.211+0000] {docker.py:413} INFO - 24/06/27 08:07:28 INFO Utils: Fetching spark://localhost:46271/jars/org.apache.commons_commons-pool2-2.11.1.jar to /tmp/spark-00572957-ccec-4129-a118-b4a0030889e9/userFiles-9a2ca03e-7191-495c-abf9-dd82b7b095c3/fetchFileTemp5907799094320519170.tmp
[2024-06-27T08:07:28.212+0000] {docker.py:413} INFO - 24/06/27 08:07:28 INFO Utils: /tmp/spark-00572957-ccec-4129-a118-b4a0030889e9/userFiles-9a2ca03e-7191-495c-abf9-dd82b7b095c3/fetchFileTemp5907799094320519170.tmp has been previously copied to /tmp/spark-00572957-ccec-4129-a118-b4a0030889e9/userFiles-9a2ca03e-7191-495c-abf9-dd82b7b095c3/org.apache.commons_commons-pool2-2.11.1.jar
[2024-06-27T08:07:28.213+0000] {docker.py:413} INFO - 24/06/27 08:07:28 INFO Executor: Adding file:/tmp/spark-00572957-ccec-4129-a118-b4a0030889e9/userFiles-9a2ca03e-7191-495c-abf9-dd82b7b095c3/org.apache.commons_commons-pool2-2.11.1.jar to class loader default
[2024-06-27T08:07:28.213+0000] {docker.py:413} INFO - 24/06/27 08:07:28 INFO Executor: Fetching spark://localhost:46271/jars/org.postgresql_postgresql-42.5.4.jar with timestamp 1719475647574
[2024-06-27T08:07:28.213+0000] {docker.py:413} INFO - 24/06/27 08:07:28 INFO Utils: Fetching spark://localhost:46271/jars/org.postgresql_postgresql-42.5.4.jar to /tmp/spark-00572957-ccec-4129-a118-b4a0030889e9/userFiles-9a2ca03e-7191-495c-abf9-dd82b7b095c3/fetchFileTemp2428238268175088030.tmp
[2024-06-27T08:07:28.215+0000] {docker.py:413} INFO - 24/06/27 08:07:28 INFO Utils: /tmp/spark-00572957-ccec-4129-a118-b4a0030889e9/userFiles-9a2ca03e-7191-495c-abf9-dd82b7b095c3/fetchFileTemp2428238268175088030.tmp has been previously copied to /tmp/spark-00572957-ccec-4129-a118-b4a0030889e9/userFiles-9a2ca03e-7191-495c-abf9-dd82b7b095c3/org.postgresql_postgresql-42.5.4.jar
[2024-06-27T08:07:28.216+0000] {docker.py:413} INFO - 24/06/27 08:07:28 INFO Executor: Adding file:/tmp/spark-00572957-ccec-4129-a118-b4a0030889e9/userFiles-9a2ca03e-7191-495c-abf9-dd82b7b095c3/org.postgresql_postgresql-42.5.4.jar to class loader default
[2024-06-27T08:07:28.221+0000] {docker.py:413} INFO - 24/06/27 08:07:28 INFO Utils: Successfully started service 'org.apache.spark.network.netty.NettyBlockTransferService' on port 37769.
[2024-06-27T08:07:28.222+0000] {docker.py:413} INFO - 24/06/27 08:07:28 INFO NettyBlockTransferService: Server created on localhost:37769
[2024-06-27T08:07:28.223+0000] {docker.py:413} INFO - 24/06/27 08:07:28 INFO BlockManager: Using org.apache.spark.storage.RandomBlockReplicationPolicy for block replication policy
[2024-06-27T08:07:28.226+0000] {docker.py:413} INFO - 24/06/27 08:07:28 INFO BlockManagerMaster: Registering BlockManager BlockManagerId(driver, localhost, 37769, None)
[2024-06-27T08:07:28.228+0000] {docker.py:413} INFO - 24/06/27 08:07:28 INFO BlockManagerMasterEndpoint: Registering block manager localhost:37769 with 434.4 MiB RAM, BlockManagerId(driver, localhost, 37769, None)
[2024-06-27T08:07:28.229+0000] {docker.py:413} INFO - 24/06/27 08:07:28 INFO BlockManagerMaster: Registered BlockManager BlockManagerId(driver, localhost, 37769, None)
[2024-06-27T08:07:28.230+0000] {docker.py:413} INFO - 24/06/27 08:07:28 INFO BlockManager: Initialized BlockManager: BlockManagerId(driver, localhost, 37769, None)
[2024-06-27T08:07:28.437+0000] {docker.py:413} INFO - 2024-06-27 08:07:28,436:create_spark_session:INFO:Spark session created successfully
[2024-06-27T08:07:28.441+0000] {docker.py:413} INFO - 24/06/27 08:07:28 INFO SharedState: Setting hive.metastore.warehouse.dir ('null') to the value of spark.sql.warehouse.dir.
[2024-06-27T08:07:28.442+0000] {docker.py:413} INFO - 24/06/27 08:07:28 INFO SharedState: Warehouse path is 'file:/opt/bitnami/spark/spark-warehouse'.
[2024-06-27T08:07:29.197+0000] {docker.py:413} INFO - 2024-06-27 08:07:29,196:create_initial_dataframe:INFO:Initial dataframe created successfully
[2024-06-27T08:07:34.453+0000] {docker.py:413} INFO - Traceback (most recent call last):
  File "/opt/bitnami/spark/spark_streaming.py", line 103, in <module>
[2024-06-27T08:07:34.454+0000] {docker.py:413} INFO - write_to_postgres()
  File "/opt/bitnami/spark/spark_streaming.py", line 99, in write_to_postgres
[2024-06-27T08:07:34.454+0000] {docker.py:413} INFO - start_streaming(df_final, spark=spark)
  File "/opt/bitnami/spark/spark_streaming.py", line 71, in start_streaming
[2024-06-27T08:07:34.455+0000] {docker.py:413} INFO - existing_data_df = spark.read.jdbc(
                       ^^^^^^^^^^^^^^^^
  File "/opt/bitnami/spark/python/lib/pyspark.zip/pyspark/sql/readwriter.py", line 946, in jdbc
[2024-06-27T08:07:34.455+0000] {docker.py:413} INFO - File "/opt/bitnami/spark/python/lib/py4j-0.10.9.7-src.zip/py4j/java_gateway.py", line 1322, in __call__
[2024-06-27T08:07:34.455+0000] {docker.py:413} INFO - File "/opt/bitnami/spark/python/lib/pyspark.zip/pyspark/errors/exceptions/captured.py", line 179, in deco
[2024-06-27T08:07:34.456+0000] {docker.py:413} INFO - File "/opt/bitnami/spark/python/lib/py4j-0.10.9.7-src.zip/py4j/protocol.py", line 326, in get_return_value
[2024-06-27T08:07:34.456+0000] {docker.py:413} INFO - py4j.protocol.Py4JJavaError
[2024-06-27T08:07:34.456+0000] {docker.py:413} INFO - : An error occurred while calling o50.jdbc.
: org.postgresql.util.PSQLException: The connection attempt failed.
	at org.postgresql.core.v3.ConnectionFactoryImpl.openConnectionImpl(ConnectionFactoryImpl.java:354)
	at org.postgresql.core.ConnectionFactory.openConnection(ConnectionFactory.java:54)
	at org.postgresql.jdbc.PgConnection.<init>(PgConnection.java:253)
	at org.postgresql.Driver.makeConnection(Driver.java:434)
	at org.postgresql.Driver.connect(Driver.java:291)
	at org.apache.spark.sql.execution.datasources.jdbc.connection.BasicConnectionProvider.getConnection(BasicConnectionProvider.scala:49)
	at org.apache.spark.sql.execution.datasources.jdbc.connection.ConnectionProviderBase.create(ConnectionProvider.scala:102)
	at org.apache.spark.sql.jdbc.JdbcDialect.$anonfun$createConnectionFactory$1(JdbcDialects.scala:160)
	at org.apache.spark.sql.jdbc.JdbcDialect.$anonfun$createConnectionFactory$1$adapted(JdbcDialects.scala:156)
	at org.apache.spark.sql.execution.datasources.jdbc.JDBCRDD$.getQueryOutputSchema(JDBCRDD.scala:63)
	at org.apache.spark.sql.execution.datasources.jdbc.JDBCRDD$.resolveTable(JDBCRDD.scala:58)
	at org.apache.spark.sql.execution.datasources.jdbc.JDBCRelation$.getSchema(JDBCRelation.scala:241)
	at org.apache.spark.sql.execution.datasources.jdbc.JdbcRelationProvider.createRelation(JdbcRelationProvider.scala:37)
	at org.apache.spark.sql.execution.datasources.DataSource.resolveRelation(DataSource.scala:346)
	at org.apache.spark.sql.DataFrameReader.loadV1Source(DataFrameReader.scala:229)
	at org.apache.spark.sql.DataFrameReader.$anonfun$load$2(DataFrameReader.scala:211)
	at scala.Option.getOrElse(Option.scala:189)
	at org.apache.spark.sql.DataFrameReader.load(DataFrameReader.scala:211)
	at org.apache.spark.sql.DataFrameReader.load(DataFrameReader.scala:172)
	at org.apache.spark.sql.DataFrameReader.jdbc(DataFrameReader.scala:249)
	at java.base/jdk.internal.reflect.NativeMethodAccessorImpl.invoke0(Native Method)
	at java.base/jdk.internal.reflect.NativeMethodAccessorImpl.invoke(NativeMethodAccessorImpl.java:77)
	at java.base/jdk.internal.reflect.DelegatingMethodAccessorImpl.invoke(DelegatingMethodAccessorImpl.java:43)
	at java.base/java.lang.reflect.Method.invoke(Method.java:568)
	at py4j.reflection.MethodInvoker.invoke(MethodInvoker.java:244)
	at py4j.reflection.ReflectionEngine.invoke(ReflectionEngine.java:374)
	at py4j.Gateway.invoke(Gateway.java:282)
	at py4j.commands.AbstractCommand.invokeMethod(AbstractCommand.java:132)
	at py4j.commands.CallCommand.execute(CallCommand.java:79)
	at py4j.ClientServerConnection.waitForCommands(ClientServerConnection.java:182)
	at py4j.ClientServerConnection.run(ClientServerConnection.java:106)
	at java.base/java.lang.Thread.run(Thread.java:840)
Caused by: java.net.SocketTimeoutException: Read timed out
	at java.base/sun.nio.ch.NioSocketImpl.timedRead(NioSocketImpl.java:288)
	at java.base/sun.nio.ch.NioSocketImpl.implRead(NioSocketImpl.java:314)
	at java.base/sun.nio.ch.NioSocketImpl.read(NioSocketImpl.java:355)
	at java.base/sun.nio.ch.NioSocketImpl$1.read(NioSocketImpl.java:808)
	at java.base/java.net.Socket$SocketInputStream.read(Socket.java:966)
	at org.postgresql.core.VisibleBufferedInputStream.readMore(VisibleBufferedInputStream.java:161)
	at org.postgresql.core.VisibleBufferedInputStream.ensureBytes(VisibleBufferedInputStream.java:128)
	at org.postgresql.core.VisibleBufferedInputStream.ensureBytes(VisibleBufferedInputStream.java:113)
	at org.postgresql.core.VisibleBufferedInputStream.read(VisibleBufferedInputStream.java:73)
	at org.postgresql.core.PGStream.receiveChar(PGStream.java:465)
	at org.postgresql.core.v3.ConnectionFactoryImpl.enableSSL(ConnectionFactoryImpl.java:589)
	at org.postgresql.core.v3.ConnectionFactoryImpl.tryConnect(ConnectionFactoryImpl.java:191)
	at org.postgresql.core.v3.ConnectionFactoryImpl.openConnectionImpl(ConnectionFactoryImpl.java:258)
	... 31 more

2024-06-27 08:07:34,454:close:INFO:Closing down clientserver connection
[2024-06-27T08:07:34.474+0000] {docker.py:413} INFO - 24/06/27 08:07:34 INFO SparkContext: Invoking stop() from shutdown hook
[2024-06-27T08:07:34.474+0000] {docker.py:413} INFO - 24/06/27 08:07:34 INFO SparkContext: SparkContext is stopping with exitCode 0.
[2024-06-27T08:07:34.480+0000] {docker.py:413} INFO - 24/06/27 08:07:34 INFO SparkUI: Stopped Spark web UI at http://localhost:4040
[2024-06-27T08:07:34.485+0000] {docker.py:413} INFO - 24/06/27 08:07:34 INFO MapOutputTrackerMasterEndpoint: MapOutputTrackerMasterEndpoint stopped!
[2024-06-27T08:07:34.491+0000] {docker.py:413} INFO - 24/06/27 08:07:34 INFO MemoryStore: MemoryStore cleared
[2024-06-27T08:07:34.492+0000] {docker.py:413} INFO - 24/06/27 08:07:34 INFO BlockManager: BlockManager stopped
[2024-06-27T08:07:34.494+0000] {docker.py:413} INFO - 24/06/27 08:07:34 INFO BlockManagerMaster: BlockManagerMaster stopped
[2024-06-27T08:07:34.495+0000] {docker.py:413} INFO - 24/06/27 08:07:34 INFO OutputCommitCoordinator$OutputCommitCoordinatorEndpoint: OutputCommitCoordinator stopped!
[2024-06-27T08:07:34.502+0000] {docker.py:413} INFO - 24/06/27 08:07:34 INFO SparkContext: Successfully stopped SparkContext
[2024-06-27T08:07:34.502+0000] {docker.py:413} INFO - 24/06/27 08:07:34 INFO ShutdownHookManager: Shutdown hook called
[2024-06-27T08:07:34.502+0000] {docker.py:413} INFO - 24/06/27 08:07:34 INFO ShutdownHookManager: Deleting directory /tmp/spark-00572957-ccec-4129-a118-b4a0030889e9/pyspark-35857750-074f-4f05-acd4-f7554986fde3
[2024-06-27T08:07:34.503+0000] {docker.py:413} INFO - 24/06/27 08:07:34 INFO ShutdownHookManager: Deleting directory /tmp/spark-00572957-ccec-4129-a118-b4a0030889e9
[2024-06-27T08:07:34.504+0000] {docker.py:413} INFO - 24/06/27 08:07:34 INFO ShutdownHookManager: Deleting directory /tmp/spark-94201689-f2b7-4ad7-a21e-5fa19932384b
[2024-06-27T08:07:34.769+0000] {taskinstance.py:1937} ERROR - Task failed with exception
Traceback (most recent call last):
  File "/home/airflow/.local/lib/python3.8/site-packages/docker/api/client.py", line 268, in _raise_for_status
    response.raise_for_status()
  File "/home/airflow/.local/lib/python3.8/site-packages/requests/models.py", line 1021, in raise_for_status
    raise HTTPError(http_error_msg, response=self)
requests.exceptions.HTTPError: 400 Client Error: Bad Request for url: http://docker-proxy:2375/v1.44/containers/create

The above exception was the direct cause of the following exception:

Traceback (most recent call last):
  File "/home/airflow/.local/lib/python3.8/site-packages/airflow/providers/docker/operators/docker.py", line 348, in _run_image
    return self._run_image_with_mounts([*self.mounts, tmp_mount], add_tmp_variable=True)
  File "/home/airflow/.local/lib/python3.8/site-packages/airflow/providers/docker/operators/docker.py", line 375, in _run_image_with_mounts
    self.container = self.cli.create_container(
  File "/home/airflow/.local/lib/python3.8/site-packages/docker/api/container.py", line 431, in create_container
    return self.create_container_from_config(config, name, platform)
  File "/home/airflow/.local/lib/python3.8/site-packages/docker/api/container.py", line 448, in create_container_from_config
    return self._result(res, True)
  File "/home/airflow/.local/lib/python3.8/site-packages/docker/api/client.py", line 274, in _result
    self._raise_for_status(response)
  File "/home/airflow/.local/lib/python3.8/site-packages/docker/api/client.py", line 270, in _raise_for_status
    raise create_api_error_from_http_exception(e) from e
  File "/home/airflow/.local/lib/python3.8/site-packages/docker/errors.py", line 39, in create_api_error_from_http_exception
    raise cls(e, response=response, explanation=explanation) from e
docker.errors.APIError: 400 Client Error for http://docker-proxy:2375/v1.44/containers/create: Bad Request ("invalid mount config for type "bind": bind source path does not exist: /host_mnt/private/tmp/airflowtmpyhkh8es3")

During handling of the above exception, another exception occurred:

Traceback (most recent call last):
  File "/home/airflow/.local/lib/python3.8/site-packages/airflow/providers/docker/operators/docker.py", line 486, in execute
    return self._run_image()
  File "/home/airflow/.local/lib/python3.8/site-packages/airflow/providers/docker/operators/docker.py", line 357, in _run_image
    return self._run_image_with_mounts(self.mounts, add_tmp_variable=False)
  File "/home/airflow/.local/lib/python3.8/site-packages/airflow/providers/docker/operators/docker.py", line 421, in _run_image_with_mounts
    raise DockerContainerFailedException(f"Docker container failed: {result!r}", logs=log_lines)
airflow.providers.docker.exceptions.DockerContainerFailedException: Docker container failed: {'StatusCode': 1}
[2024-06-27T08:07:34.772+0000] {taskinstance.py:1400} INFO - Marking task as FAILED. dag_id=kafka_spark_dag, task_id=pyspark_consumer, execution_date=20240627T080658, start_date=20240627T080721, end_date=20240627T080734
[2024-06-27T08:07:34.783+0000] {standard_task_runner.py:104} ERROR - Failed to execute job 124 for task pyspark_consumer (Docker container failed: {'StatusCode': 1}; 665)
[2024-06-27T08:07:34.822+0000] {local_task_job_runner.py:228} INFO - Task exited with return code 1
[2024-06-27T08:07:34.831+0000] {taskinstance.py:2778} INFO - 0 downstream tasks scheduled from follow-on schedule check
