[2024-06-29T18:22:23.310+0000] {processor.py:157} INFO - Started process (PID=228) to work on /home/airflow/.local/lib/python3.8/site-packages/airflow/example_dags/example_dag_decorator.py
[2024-06-29T18:22:23.310+0000] {processor.py:829} INFO - Processing file /home/airflow/.local/lib/python3.8/site-packages/airflow/example_dags/example_dag_decorator.py for tasks to queue
[2024-06-29T18:22:23.311+0000] {logging_mixin.py:154} INFO - [2024-06-29T18:22:23.311+0000] {dagbag.py:536} INFO - Filling up the DagBag from /home/airflow/.local/lib/python3.8/site-packages/airflow/example_dags/example_dag_decorator.py
[2024-06-29T18:22:23.402+0000] {processor.py:839} INFO - DAG(s) dict_keys(['example_dag_decorator']) retrieved from /home/airflow/.local/lib/python3.8/site-packages/airflow/example_dags/example_dag_decorator.py
[2024-06-29T18:22:23.473+0000] {logging_mixin.py:154} INFO - [2024-06-29T18:22:23.473+0000] {manager.py:499} INFO - Created Permission View: %s
[2024-06-29T18:22:23.478+0000] {logging_mixin.py:154} INFO - [2024-06-29T18:22:23.478+0000] {manager.py:499} INFO - Created Permission View: %s
[2024-06-29T18:22:23.481+0000] {logging_mixin.py:154} INFO - [2024-06-29T18:22:23.481+0000] {manager.py:499} INFO - Created Permission View: %s
[2024-06-29T18:22:23.482+0000] {logging_mixin.py:154} INFO - [2024-06-29T18:22:23.482+0000] {dag.py:2941} INFO - Sync 1 DAGs
[2024-06-29T18:22:23.488+0000] {logging_mixin.py:154} INFO - [2024-06-29T18:22:23.488+0000] {dag.py:2963} INFO - Creating ORM DAG for example_dag_decorator
[2024-06-29T18:22:23.488+0000] {logging_mixin.py:154} INFO - [2024-06-29T18:22:23.488+0000] {dag.py:3722} INFO - Setting next_dagrun for example_dag_decorator to None, run_after=None
[2024-06-29T18:22:23.497+0000] {processor.py:179} INFO - Processing /home/airflow/.local/lib/python3.8/site-packages/airflow/example_dags/example_dag_decorator.py took 0.189 seconds
[2024-06-29T18:23:44.426+0000] {processor.py:157} INFO - Started process (PID=228) to work on /home/airflow/.local/lib/python3.8/site-packages/airflow/example_dags/example_dag_decorator.py
[2024-06-29T18:23:44.427+0000] {processor.py:829} INFO - Processing file /home/airflow/.local/lib/python3.8/site-packages/airflow/example_dags/example_dag_decorator.py for tasks to queue
[2024-06-29T18:23:44.428+0000] {logging_mixin.py:154} INFO - [2024-06-29T18:23:44.428+0000] {dagbag.py:536} INFO - Filling up the DagBag from /home/airflow/.local/lib/python3.8/site-packages/airflow/example_dags/example_dag_decorator.py
[2024-06-29T18:23:44.469+0000] {processor.py:839} INFO - DAG(s) dict_keys(['example_dag_decorator']) retrieved from /home/airflow/.local/lib/python3.8/site-packages/airflow/example_dags/example_dag_decorator.py
[2024-06-29T18:23:44.476+0000] {logging_mixin.py:154} INFO - [2024-06-29T18:23:44.476+0000] {dag.py:2941} INFO - Sync 1 DAGs
[2024-06-29T18:23:44.486+0000] {logging_mixin.py:154} INFO - [2024-06-29T18:23:44.486+0000] {dag.py:3722} INFO - Setting next_dagrun for example_dag_decorator to None, run_after=None
[2024-06-29T18:23:44.496+0000] {processor.py:179} INFO - Processing /home/airflow/.local/lib/python3.8/site-packages/airflow/example_dags/example_dag_decorator.py took 0.073 seconds
[2024-06-29T18:24:15.192+0000] {processor.py:157} INFO - Started process (PID=466) to work on /home/airflow/.local/lib/python3.8/site-packages/airflow/example_dags/example_dag_decorator.py
[2024-06-29T18:24:15.193+0000] {processor.py:829} INFO - Processing file /home/airflow/.local/lib/python3.8/site-packages/airflow/example_dags/example_dag_decorator.py for tasks to queue
[2024-06-29T18:24:15.194+0000] {logging_mixin.py:154} INFO - [2024-06-29T18:24:15.194+0000] {dagbag.py:536} INFO - Filling up the DagBag from /home/airflow/.local/lib/python3.8/site-packages/airflow/example_dags/example_dag_decorator.py
[2024-06-29T18:24:15.231+0000] {processor.py:839} INFO - DAG(s) dict_keys(['example_dag_decorator']) retrieved from /home/airflow/.local/lib/python3.8/site-packages/airflow/example_dags/example_dag_decorator.py
[2024-06-29T18:24:15.290+0000] {logging_mixin.py:154} INFO - [2024-06-29T18:24:15.290+0000] {dag.py:2941} INFO - Sync 1 DAGs
[2024-06-29T18:24:15.298+0000] {logging_mixin.py:154} INFO - [2024-06-29T18:24:15.298+0000] {dag.py:3722} INFO - Setting next_dagrun for example_dag_decorator to None, run_after=None
[2024-06-29T18:24:15.308+0000] {processor.py:179} INFO - Processing /home/airflow/.local/lib/python3.8/site-packages/airflow/example_dags/example_dag_decorator.py took 0.118 seconds
[2024-06-29T18:24:45.942+0000] {processor.py:157} INFO - Started process (PID=703) to work on /home/airflow/.local/lib/python3.8/site-packages/airflow/example_dags/example_dag_decorator.py
[2024-06-29T18:24:45.942+0000] {processor.py:829} INFO - Processing file /home/airflow/.local/lib/python3.8/site-packages/airflow/example_dags/example_dag_decorator.py for tasks to queue
[2024-06-29T18:24:45.943+0000] {logging_mixin.py:154} INFO - [2024-06-29T18:24:45.943+0000] {dagbag.py:536} INFO - Filling up the DagBag from /home/airflow/.local/lib/python3.8/site-packages/airflow/example_dags/example_dag_decorator.py
[2024-06-29T18:24:45.981+0000] {processor.py:839} INFO - DAG(s) dict_keys(['example_dag_decorator']) retrieved from /home/airflow/.local/lib/python3.8/site-packages/airflow/example_dags/example_dag_decorator.py
[2024-06-29T18:24:46.036+0000] {logging_mixin.py:154} INFO - [2024-06-29T18:24:46.036+0000] {dag.py:2941} INFO - Sync 1 DAGs
[2024-06-29T18:24:46.041+0000] {logging_mixin.py:154} INFO - [2024-06-29T18:24:46.041+0000] {dag.py:3722} INFO - Setting next_dagrun for example_dag_decorator to None, run_after=None
[2024-06-29T18:24:46.051+0000] {processor.py:179} INFO - Processing /home/airflow/.local/lib/python3.8/site-packages/airflow/example_dags/example_dag_decorator.py took 0.112 seconds
[2024-06-29T18:25:16.783+0000] {processor.py:157} INFO - Started process (PID=940) to work on /home/airflow/.local/lib/python3.8/site-packages/airflow/example_dags/example_dag_decorator.py
[2024-06-29T18:25:16.784+0000] {processor.py:829} INFO - Processing file /home/airflow/.local/lib/python3.8/site-packages/airflow/example_dags/example_dag_decorator.py for tasks to queue
[2024-06-29T18:25:16.785+0000] {logging_mixin.py:154} INFO - [2024-06-29T18:25:16.785+0000] {dagbag.py:536} INFO - Filling up the DagBag from /home/airflow/.local/lib/python3.8/site-packages/airflow/example_dags/example_dag_decorator.py
[2024-06-29T18:25:16.823+0000] {processor.py:839} INFO - DAG(s) dict_keys(['example_dag_decorator']) retrieved from /home/airflow/.local/lib/python3.8/site-packages/airflow/example_dags/example_dag_decorator.py
[2024-06-29T18:25:16.879+0000] {logging_mixin.py:154} INFO - [2024-06-29T18:25:16.879+0000] {dag.py:2941} INFO - Sync 1 DAGs
[2024-06-29T18:25:16.884+0000] {logging_mixin.py:154} INFO - [2024-06-29T18:25:16.884+0000] {dag.py:3722} INFO - Setting next_dagrun for example_dag_decorator to None, run_after=None
[2024-06-29T18:25:16.895+0000] {processor.py:179} INFO - Processing /home/airflow/.local/lib/python3.8/site-packages/airflow/example_dags/example_dag_decorator.py took 0.114 seconds
