[2024-06-29T18:22:23.511+0000] {processor.py:157} INFO - Started process (PID=238) to work on /home/airflow/.local/lib/python3.8/site-packages/airflow/example_dags/example_xcomargs.py
[2024-06-29T18:22:23.512+0000] {processor.py:829} INFO - Processing file /home/airflow/.local/lib/python3.8/site-packages/airflow/example_dags/example_xcomargs.py for tasks to queue
[2024-06-29T18:22:23.512+0000] {logging_mixin.py:154} INFO - [2024-06-29T18:22:23.512+0000] {dagbag.py:536} INFO - Filling up the DagBag from /home/airflow/.local/lib/python3.8/site-packages/airflow/example_dags/example_xcomargs.py
[2024-06-29T18:22:23.518+0000] {processor.py:839} INFO - DAG(s) dict_keys(['example_xcom_args_with_operators', 'example_xcom_args']) retrieved from /home/airflow/.local/lib/python3.8/site-packages/airflow/example_dags/example_xcomargs.py
[2024-06-29T18:22:23.570+0000] {logging_mixin.py:154} INFO - [2024-06-29T18:22:23.570+0000] {manager.py:499} INFO - Created Permission View: %s
[2024-06-29T18:22:23.575+0000] {logging_mixin.py:154} INFO - [2024-06-29T18:22:23.575+0000] {manager.py:499} INFO - Created Permission View: %s
[2024-06-29T18:22:23.579+0000] {logging_mixin.py:154} INFO - [2024-06-29T18:22:23.579+0000] {manager.py:499} INFO - Created Permission View: %s
[2024-06-29T18:22:23.584+0000] {logging_mixin.py:154} INFO - [2024-06-29T18:22:23.584+0000] {manager.py:499} INFO - Created Permission View: %s
[2024-06-29T18:22:23.587+0000] {logging_mixin.py:154} INFO - [2024-06-29T18:22:23.587+0000] {manager.py:499} INFO - Created Permission View: %s
[2024-06-29T18:22:23.590+0000] {logging_mixin.py:154} INFO - [2024-06-29T18:22:23.590+0000] {manager.py:499} INFO - Created Permission View: %s
[2024-06-29T18:22:23.590+0000] {logging_mixin.py:154} INFO - [2024-06-29T18:22:23.590+0000] {dag.py:2941} INFO - Sync 2 DAGs
[2024-06-29T18:22:23.595+0000] {logging_mixin.py:154} INFO - [2024-06-29T18:22:23.595+0000] {dag.py:2963} INFO - Creating ORM DAG for example_xcom_args_with_operators
[2024-06-29T18:22:23.596+0000] {logging_mixin.py:154} INFO - [2024-06-29T18:22:23.596+0000] {dag.py:2963} INFO - Creating ORM DAG for example_xcom_args
[2024-06-29T18:22:23.596+0000] {logging_mixin.py:154} INFO - [2024-06-29T18:22:23.596+0000] {dag.py:3722} INFO - Setting next_dagrun for example_xcom_args to None, run_after=None
[2024-06-29T18:22:23.597+0000] {logging_mixin.py:154} INFO - [2024-06-29T18:22:23.597+0000] {dag.py:3722} INFO - Setting next_dagrun for example_xcom_args_with_operators to None, run_after=None
[2024-06-29T18:22:23.605+0000] {processor.py:179} INFO - Processing /home/airflow/.local/lib/python3.8/site-packages/airflow/example_dags/example_xcomargs.py took 0.095 seconds
[2024-06-29T18:23:44.512+0000] {processor.py:157} INFO - Started process (PID=240) to work on /home/airflow/.local/lib/python3.8/site-packages/airflow/example_dags/example_xcomargs.py
[2024-06-29T18:23:44.512+0000] {processor.py:829} INFO - Processing file /home/airflow/.local/lib/python3.8/site-packages/airflow/example_dags/example_xcomargs.py for tasks to queue
[2024-06-29T18:23:44.513+0000] {logging_mixin.py:154} INFO - [2024-06-29T18:23:44.513+0000] {dagbag.py:536} INFO - Filling up the DagBag from /home/airflow/.local/lib/python3.8/site-packages/airflow/example_dags/example_xcomargs.py
[2024-06-29T18:23:44.522+0000] {processor.py:839} INFO - DAG(s) dict_keys(['example_xcom_args_with_operators', 'example_xcom_args']) retrieved from /home/airflow/.local/lib/python3.8/site-packages/airflow/example_dags/example_xcomargs.py
[2024-06-29T18:23:44.531+0000] {logging_mixin.py:154} INFO - [2024-06-29T18:23:44.531+0000] {dag.py:2941} INFO - Sync 2 DAGs
[2024-06-29T18:23:44.539+0000] {logging_mixin.py:154} INFO - [2024-06-29T18:23:44.539+0000] {dag.py:3722} INFO - Setting next_dagrun for example_xcom_args to None, run_after=None
[2024-06-29T18:23:44.541+0000] {logging_mixin.py:154} INFO - [2024-06-29T18:23:44.541+0000] {dag.py:3722} INFO - Setting next_dagrun for example_xcom_args_with_operators to None, run_after=None
[2024-06-29T18:23:44.551+0000] {processor.py:179} INFO - Processing /home/airflow/.local/lib/python3.8/site-packages/airflow/example_dags/example_xcomargs.py took 0.042 seconds
[2024-06-29T18:24:15.279+0000] {processor.py:157} INFO - Started process (PID=476) to work on /home/airflow/.local/lib/python3.8/site-packages/airflow/example_dags/example_xcomargs.py
[2024-06-29T18:24:15.279+0000] {processor.py:829} INFO - Processing file /home/airflow/.local/lib/python3.8/site-packages/airflow/example_dags/example_xcomargs.py for tasks to queue
[2024-06-29T18:24:15.280+0000] {logging_mixin.py:154} INFO - [2024-06-29T18:24:15.280+0000] {dagbag.py:536} INFO - Filling up the DagBag from /home/airflow/.local/lib/python3.8/site-packages/airflow/example_dags/example_xcomargs.py
[2024-06-29T18:24:15.284+0000] {processor.py:839} INFO - DAG(s) dict_keys(['example_xcom_args_with_operators', 'example_xcom_args']) retrieved from /home/airflow/.local/lib/python3.8/site-packages/airflow/example_dags/example_xcomargs.py
[2024-06-29T18:24:15.301+0000] {logging_mixin.py:154} INFO - [2024-06-29T18:24:15.301+0000] {dag.py:2941} INFO - Sync 2 DAGs
[2024-06-29T18:24:15.308+0000] {logging_mixin.py:154} INFO - [2024-06-29T18:24:15.308+0000] {dag.py:3722} INFO - Setting next_dagrun for example_xcom_args to None, run_after=None
[2024-06-29T18:24:15.310+0000] {logging_mixin.py:154} INFO - [2024-06-29T18:24:15.310+0000] {dag.py:3722} INFO - Setting next_dagrun for example_xcom_args_with_operators to None, run_after=None
[2024-06-29T18:24:15.318+0000] {processor.py:179} INFO - Processing /home/airflow/.local/lib/python3.8/site-packages/airflow/example_dags/example_xcomargs.py took 0.041 seconds
[2024-06-29T18:24:46.024+0000] {processor.py:157} INFO - Started process (PID=713) to work on /home/airflow/.local/lib/python3.8/site-packages/airflow/example_dags/example_xcomargs.py
[2024-06-29T18:24:46.024+0000] {processor.py:829} INFO - Processing file /home/airflow/.local/lib/python3.8/site-packages/airflow/example_dags/example_xcomargs.py for tasks to queue
[2024-06-29T18:24:46.025+0000] {logging_mixin.py:154} INFO - [2024-06-29T18:24:46.025+0000] {dagbag.py:536} INFO - Filling up the DagBag from /home/airflow/.local/lib/python3.8/site-packages/airflow/example_dags/example_xcomargs.py
[2024-06-29T18:24:46.029+0000] {processor.py:839} INFO - DAG(s) dict_keys(['example_xcom_args', 'example_xcom_args_with_operators']) retrieved from /home/airflow/.local/lib/python3.8/site-packages/airflow/example_dags/example_xcomargs.py
[2024-06-29T18:24:46.042+0000] {logging_mixin.py:154} INFO - [2024-06-29T18:24:46.042+0000] {dag.py:2941} INFO - Sync 2 DAGs
[2024-06-29T18:24:46.049+0000] {logging_mixin.py:154} INFO - [2024-06-29T18:24:46.049+0000] {dag.py:3722} INFO - Setting next_dagrun for example_xcom_args to None, run_after=None
[2024-06-29T18:24:46.051+0000] {logging_mixin.py:154} INFO - [2024-06-29T18:24:46.051+0000] {dag.py:3722} INFO - Setting next_dagrun for example_xcom_args_with_operators to None, run_after=None
[2024-06-29T18:24:46.059+0000] {processor.py:179} INFO - Processing /home/airflow/.local/lib/python3.8/site-packages/airflow/example_dags/example_xcomargs.py took 0.037 seconds
[2024-06-29T18:25:16.869+0000] {processor.py:157} INFO - Started process (PID=950) to work on /home/airflow/.local/lib/python3.8/site-packages/airflow/example_dags/example_xcomargs.py
[2024-06-29T18:25:16.870+0000] {processor.py:829} INFO - Processing file /home/airflow/.local/lib/python3.8/site-packages/airflow/example_dags/example_xcomargs.py for tasks to queue
[2024-06-29T18:25:16.870+0000] {logging_mixin.py:154} INFO - [2024-06-29T18:25:16.870+0000] {dagbag.py:536} INFO - Filling up the DagBag from /home/airflow/.local/lib/python3.8/site-packages/airflow/example_dags/example_xcomargs.py
[2024-06-29T18:25:16.876+0000] {processor.py:839} INFO - DAG(s) dict_keys(['example_xcom_args_with_operators', 'example_xcom_args']) retrieved from /home/airflow/.local/lib/python3.8/site-packages/airflow/example_dags/example_xcomargs.py
[2024-06-29T18:25:16.889+0000] {logging_mixin.py:154} INFO - [2024-06-29T18:25:16.889+0000] {dag.py:2941} INFO - Sync 2 DAGs
[2024-06-29T18:25:16.898+0000] {logging_mixin.py:154} INFO - [2024-06-29T18:25:16.898+0000] {dag.py:3722} INFO - Setting next_dagrun for example_xcom_args to None, run_after=None
[2024-06-29T18:25:16.900+0000] {logging_mixin.py:154} INFO - [2024-06-29T18:25:16.900+0000] {dag.py:3722} INFO - Setting next_dagrun for example_xcom_args_with_operators to None, run_after=None
[2024-06-29T18:25:16.909+0000] {processor.py:179} INFO - Processing /home/airflow/.local/lib/python3.8/site-packages/airflow/example_dags/example_xcomargs.py took 0.042 seconds
