[2024-06-29T18:22:24.038+0000] {processor.py:157} INFO - Started process (PID=288) to work on /home/airflow/.local/lib/python3.8/site-packages/airflow/example_dags/example_complex.py
[2024-06-29T18:22:24.039+0000] {processor.py:829} INFO - Processing file /home/airflow/.local/lib/python3.8/site-packages/airflow/example_dags/example_complex.py for tasks to queue
[2024-06-29T18:22:24.039+0000] {logging_mixin.py:154} INFO - [2024-06-29T18:22:24.039+0000] {dagbag.py:536} INFO - Filling up the DagBag from /home/airflow/.local/lib/python3.8/site-packages/airflow/example_dags/example_complex.py
[2024-06-29T18:22:24.048+0000] {processor.py:839} INFO - DAG(s) dict_keys(['example_complex']) retrieved from /home/airflow/.local/lib/python3.8/site-packages/airflow/example_dags/example_complex.py
[2024-06-29T18:22:24.106+0000] {logging_mixin.py:154} INFO - [2024-06-29T18:22:24.105+0000] {manager.py:499} INFO - Created Permission View: %s
[2024-06-29T18:22:24.110+0000] {logging_mixin.py:154} INFO - [2024-06-29T18:22:24.110+0000] {manager.py:499} INFO - Created Permission View: %s
[2024-06-29T18:22:24.114+0000] {logging_mixin.py:154} INFO - [2024-06-29T18:22:24.114+0000] {manager.py:499} INFO - Created Permission View: %s
[2024-06-29T18:22:24.114+0000] {logging_mixin.py:154} INFO - [2024-06-29T18:22:24.114+0000] {dag.py:2941} INFO - Sync 1 DAGs
[2024-06-29T18:22:24.120+0000] {logging_mixin.py:154} INFO - [2024-06-29T18:22:24.119+0000] {dag.py:2963} INFO - Creating ORM DAG for example_complex
[2024-06-29T18:22:24.120+0000] {logging_mixin.py:154} INFO - [2024-06-29T18:22:24.120+0000] {dag.py:3722} INFO - Setting next_dagrun for example_complex to None, run_after=None
[2024-06-29T18:22:24.130+0000] {processor.py:179} INFO - Processing /home/airflow/.local/lib/python3.8/site-packages/airflow/example_dags/example_complex.py took 0.094 seconds
[2024-06-29T18:23:44.877+0000] {processor.py:157} INFO - Started process (PID=288) to work on /home/airflow/.local/lib/python3.8/site-packages/airflow/example_dags/example_complex.py
[2024-06-29T18:23:44.877+0000] {processor.py:829} INFO - Processing file /home/airflow/.local/lib/python3.8/site-packages/airflow/example_dags/example_complex.py for tasks to queue
[2024-06-29T18:23:44.878+0000] {logging_mixin.py:154} INFO - [2024-06-29T18:23:44.878+0000] {dagbag.py:536} INFO - Filling up the DagBag from /home/airflow/.local/lib/python3.8/site-packages/airflow/example_dags/example_complex.py
[2024-06-29T18:23:44.885+0000] {processor.py:839} INFO - DAG(s) dict_keys(['example_complex']) retrieved from /home/airflow/.local/lib/python3.8/site-packages/airflow/example_dags/example_complex.py
[2024-06-29T18:23:44.891+0000] {logging_mixin.py:154} INFO - [2024-06-29T18:23:44.891+0000] {dag.py:2941} INFO - Sync 1 DAGs
[2024-06-29T18:23:44.898+0000] {logging_mixin.py:154} INFO - [2024-06-29T18:23:44.898+0000] {dag.py:3722} INFO - Setting next_dagrun for example_complex to None, run_after=None
[2024-06-29T18:23:44.916+0000] {processor.py:179} INFO - Processing /home/airflow/.local/lib/python3.8/site-packages/airflow/example_dags/example_complex.py took 0.041 seconds
[2024-06-29T18:24:15.592+0000] {processor.py:157} INFO - Started process (PID=528) to work on /home/airflow/.local/lib/python3.8/site-packages/airflow/example_dags/example_complex.py
[2024-06-29T18:24:15.593+0000] {processor.py:829} INFO - Processing file /home/airflow/.local/lib/python3.8/site-packages/airflow/example_dags/example_complex.py for tasks to queue
[2024-06-29T18:24:15.593+0000] {logging_mixin.py:154} INFO - [2024-06-29T18:24:15.593+0000] {dagbag.py:536} INFO - Filling up the DagBag from /home/airflow/.local/lib/python3.8/site-packages/airflow/example_dags/example_complex.py
[2024-06-29T18:24:15.600+0000] {processor.py:839} INFO - DAG(s) dict_keys(['example_complex']) retrieved from /home/airflow/.local/lib/python3.8/site-packages/airflow/example_dags/example_complex.py
[2024-06-29T18:24:15.618+0000] {logging_mixin.py:154} INFO - [2024-06-29T18:24:15.618+0000] {dag.py:2941} INFO - Sync 1 DAGs
[2024-06-29T18:24:15.631+0000] {logging_mixin.py:154} INFO - [2024-06-29T18:24:15.631+0000] {dag.py:3722} INFO - Setting next_dagrun for example_complex to None, run_after=None
[2024-06-29T18:24:15.643+0000] {processor.py:179} INFO - Processing /home/airflow/.local/lib/python3.8/site-packages/airflow/example_dags/example_complex.py took 0.052 seconds
[2024-06-29T18:24:46.321+0000] {processor.py:157} INFO - Started process (PID=763) to work on /home/airflow/.local/lib/python3.8/site-packages/airflow/example_dags/example_complex.py
[2024-06-29T18:24:46.321+0000] {processor.py:829} INFO - Processing file /home/airflow/.local/lib/python3.8/site-packages/airflow/example_dags/example_complex.py for tasks to queue
[2024-06-29T18:24:46.322+0000] {logging_mixin.py:154} INFO - [2024-06-29T18:24:46.322+0000] {dagbag.py:536} INFO - Filling up the DagBag from /home/airflow/.local/lib/python3.8/site-packages/airflow/example_dags/example_complex.py
[2024-06-29T18:24:46.328+0000] {processor.py:839} INFO - DAG(s) dict_keys(['example_complex']) retrieved from /home/airflow/.local/lib/python3.8/site-packages/airflow/example_dags/example_complex.py
[2024-06-29T18:24:46.343+0000] {logging_mixin.py:154} INFO - [2024-06-29T18:24:46.343+0000] {dag.py:2941} INFO - Sync 1 DAGs
[2024-06-29T18:24:46.349+0000] {logging_mixin.py:154} INFO - [2024-06-29T18:24:46.349+0000] {dag.py:3722} INFO - Setting next_dagrun for example_complex to None, run_after=None
[2024-06-29T18:24:46.358+0000] {processor.py:179} INFO - Processing /home/airflow/.local/lib/python3.8/site-packages/airflow/example_dags/example_complex.py took 0.039 seconds
[2024-06-29T18:25:17.265+0000] {processor.py:157} INFO - Started process (PID=1002) to work on /home/airflow/.local/lib/python3.8/site-packages/airflow/example_dags/example_complex.py
[2024-06-29T18:25:17.266+0000] {processor.py:829} INFO - Processing file /home/airflow/.local/lib/python3.8/site-packages/airflow/example_dags/example_complex.py for tasks to queue
[2024-06-29T18:25:17.267+0000] {logging_mixin.py:154} INFO - [2024-06-29T18:25:17.267+0000] {dagbag.py:536} INFO - Filling up the DagBag from /home/airflow/.local/lib/python3.8/site-packages/airflow/example_dags/example_complex.py
[2024-06-29T18:25:17.273+0000] {processor.py:839} INFO - DAG(s) dict_keys(['example_complex']) retrieved from /home/airflow/.local/lib/python3.8/site-packages/airflow/example_dags/example_complex.py
[2024-06-29T18:25:17.290+0000] {logging_mixin.py:154} INFO - [2024-06-29T18:25:17.290+0000] {dag.py:2941} INFO - Sync 1 DAGs
[2024-06-29T18:25:17.297+0000] {logging_mixin.py:154} INFO - [2024-06-29T18:25:17.297+0000] {dag.py:3722} INFO - Setting next_dagrun for example_complex to None, run_after=None
[2024-06-29T18:25:17.307+0000] {processor.py:179} INFO - Processing /home/airflow/.local/lib/python3.8/site-packages/airflow/example_dags/example_complex.py took 0.043 seconds
