[2024-06-29T18:22:23.654+0000] {processor.py:157} INFO - Started process (PID=253) to work on /home/airflow/.local/lib/python3.8/site-packages/airflow/example_dags/example_params_trigger_ui.py
[2024-06-29T18:22:23.655+0000] {processor.py:829} INFO - Processing file /home/airflow/.local/lib/python3.8/site-packages/airflow/example_dags/example_params_trigger_ui.py for tasks to queue
[2024-06-29T18:22:23.655+0000] {logging_mixin.py:154} INFO - [2024-06-29T18:22:23.655+0000] {dagbag.py:536} INFO - Filling up the DagBag from /home/airflow/.local/lib/python3.8/site-packages/airflow/example_dags/example_params_trigger_ui.py
[2024-06-29T18:22:23.670+0000] {processor.py:839} INFO - DAG(s) dict_keys(['example_params_trigger_ui']) retrieved from /home/airflow/.local/lib/python3.8/site-packages/airflow/example_dags/example_params_trigger_ui.py
[2024-06-29T18:22:23.738+0000] {logging_mixin.py:154} INFO - [2024-06-29T18:22:23.738+0000] {manager.py:499} INFO - Created Permission View: %s
[2024-06-29T18:22:23.742+0000] {logging_mixin.py:154} INFO - [2024-06-29T18:22:23.742+0000] {manager.py:499} INFO - Created Permission View: %s
[2024-06-29T18:22:23.745+0000] {logging_mixin.py:154} INFO - [2024-06-29T18:22:23.745+0000] {manager.py:499} INFO - Created Permission View: %s
[2024-06-29T18:22:23.745+0000] {logging_mixin.py:154} INFO - [2024-06-29T18:22:23.745+0000] {dag.py:2941} INFO - Sync 1 DAGs
[2024-06-29T18:22:23.751+0000] {logging_mixin.py:154} INFO - [2024-06-29T18:22:23.751+0000] {dag.py:2963} INFO - Creating ORM DAG for example_params_trigger_ui
[2024-06-29T18:22:23.751+0000] {logging_mixin.py:154} INFO - [2024-06-29T18:22:23.751+0000] {dag.py:3722} INFO - Setting next_dagrun for example_params_trigger_ui to None, run_after=None
[2024-06-29T18:22:23.759+0000] {processor.py:179} INFO - Processing /home/airflow/.local/lib/python3.8/site-packages/airflow/example_dags/example_params_trigger_ui.py took 0.107 seconds
[2024-06-29T18:23:44.620+0000] {processor.py:157} INFO - Started process (PID=255) to work on /home/airflow/.local/lib/python3.8/site-packages/airflow/example_dags/example_params_trigger_ui.py
[2024-06-29T18:23:44.620+0000] {processor.py:829} INFO - Processing file /home/airflow/.local/lib/python3.8/site-packages/airflow/example_dags/example_params_trigger_ui.py for tasks to queue
[2024-06-29T18:23:44.621+0000] {logging_mixin.py:154} INFO - [2024-06-29T18:23:44.621+0000] {dagbag.py:536} INFO - Filling up the DagBag from /home/airflow/.local/lib/python3.8/site-packages/airflow/example_dags/example_params_trigger_ui.py
[2024-06-29T18:23:44.630+0000] {processor.py:839} INFO - DAG(s) dict_keys(['example_params_trigger_ui']) retrieved from /home/airflow/.local/lib/python3.8/site-packages/airflow/example_dags/example_params_trigger_ui.py
[2024-06-29T18:23:44.637+0000] {logging_mixin.py:154} INFO - [2024-06-29T18:23:44.637+0000] {dag.py:2941} INFO - Sync 1 DAGs
[2024-06-29T18:23:44.643+0000] {logging_mixin.py:154} INFO - [2024-06-29T18:23:44.643+0000] {dag.py:3722} INFO - Setting next_dagrun for example_params_trigger_ui to None, run_after=None
[2024-06-29T18:23:44.654+0000] {processor.py:179} INFO - Processing /home/airflow/.local/lib/python3.8/site-packages/airflow/example_dags/example_params_trigger_ui.py took 0.036 seconds
[2024-06-29T18:24:15.369+0000] {processor.py:157} INFO - Started process (PID=491) to work on /home/airflow/.local/lib/python3.8/site-packages/airflow/example_dags/example_params_trigger_ui.py
[2024-06-29T18:24:15.370+0000] {processor.py:829} INFO - Processing file /home/airflow/.local/lib/python3.8/site-packages/airflow/example_dags/example_params_trigger_ui.py for tasks to queue
[2024-06-29T18:24:15.370+0000] {logging_mixin.py:154} INFO - [2024-06-29T18:24:15.370+0000] {dagbag.py:536} INFO - Filling up the DagBag from /home/airflow/.local/lib/python3.8/site-packages/airflow/example_dags/example_params_trigger_ui.py
[2024-06-29T18:24:15.379+0000] {processor.py:839} INFO - DAG(s) dict_keys(['example_params_trigger_ui']) retrieved from /home/airflow/.local/lib/python3.8/site-packages/airflow/example_dags/example_params_trigger_ui.py
[2024-06-29T18:24:15.402+0000] {logging_mixin.py:154} INFO - [2024-06-29T18:24:15.402+0000] {dag.py:2941} INFO - Sync 1 DAGs
[2024-06-29T18:24:15.408+0000] {logging_mixin.py:154} INFO - [2024-06-29T18:24:15.408+0000] {dag.py:3722} INFO - Setting next_dagrun for example_params_trigger_ui to None, run_after=None
[2024-06-29T18:24:15.418+0000] {processor.py:179} INFO - Processing /home/airflow/.local/lib/python3.8/site-packages/airflow/example_dags/example_params_trigger_ui.py took 0.051 seconds
[2024-06-29T18:24:46.112+0000] {processor.py:157} INFO - Started process (PID=728) to work on /home/airflow/.local/lib/python3.8/site-packages/airflow/example_dags/example_params_trigger_ui.py
[2024-06-29T18:24:46.112+0000] {processor.py:829} INFO - Processing file /home/airflow/.local/lib/python3.8/site-packages/airflow/example_dags/example_params_trigger_ui.py for tasks to queue
[2024-06-29T18:24:46.113+0000] {logging_mixin.py:154} INFO - [2024-06-29T18:24:46.113+0000] {dagbag.py:536} INFO - Filling up the DagBag from /home/airflow/.local/lib/python3.8/site-packages/airflow/example_dags/example_params_trigger_ui.py
[2024-06-29T18:24:46.122+0000] {processor.py:839} INFO - DAG(s) dict_keys(['example_params_trigger_ui']) retrieved from /home/airflow/.local/lib/python3.8/site-packages/airflow/example_dags/example_params_trigger_ui.py
[2024-06-29T18:24:46.144+0000] {logging_mixin.py:154} INFO - [2024-06-29T18:24:46.144+0000] {dag.py:2941} INFO - Sync 1 DAGs
[2024-06-29T18:24:46.151+0000] {logging_mixin.py:154} INFO - [2024-06-29T18:24:46.151+0000] {dag.py:3722} INFO - Setting next_dagrun for example_params_trigger_ui to None, run_after=None
[2024-06-29T18:24:46.159+0000] {processor.py:179} INFO - Processing /home/airflow/.local/lib/python3.8/site-packages/airflow/example_dags/example_params_trigger_ui.py took 0.049 seconds
[2024-06-29T18:25:16.969+0000] {processor.py:157} INFO - Started process (PID=965) to work on /home/airflow/.local/lib/python3.8/site-packages/airflow/example_dags/example_params_trigger_ui.py
[2024-06-29T18:25:16.970+0000] {processor.py:829} INFO - Processing file /home/airflow/.local/lib/python3.8/site-packages/airflow/example_dags/example_params_trigger_ui.py for tasks to queue
[2024-06-29T18:25:16.970+0000] {logging_mixin.py:154} INFO - [2024-06-29T18:25:16.970+0000] {dagbag.py:536} INFO - Filling up the DagBag from /home/airflow/.local/lib/python3.8/site-packages/airflow/example_dags/example_params_trigger_ui.py
[2024-06-29T18:25:16.979+0000] {processor.py:839} INFO - DAG(s) dict_keys(['example_params_trigger_ui']) retrieved from /home/airflow/.local/lib/python3.8/site-packages/airflow/example_dags/example_params_trigger_ui.py
[2024-06-29T18:25:17.003+0000] {logging_mixin.py:154} INFO - [2024-06-29T18:25:17.003+0000] {dag.py:2941} INFO - Sync 1 DAGs
[2024-06-29T18:25:17.011+0000] {logging_mixin.py:154} INFO - [2024-06-29T18:25:17.011+0000] {dag.py:3722} INFO - Setting next_dagrun for example_params_trigger_ui to None, run_after=None
[2024-06-29T18:25:17.027+0000] {processor.py:179} INFO - Processing /home/airflow/.local/lib/python3.8/site-packages/airflow/example_dags/example_params_trigger_ui.py took 0.060 seconds
