[2024-06-29T18:22:24.420+0000] {processor.py:157} INFO - Started process (PID=323) to work on /home/airflow/.local/lib/python3.8/site-packages/airflow/example_dags/example_short_circuit_decorator.py
[2024-06-29T18:22:24.421+0000] {processor.py:829} INFO - Processing file /home/airflow/.local/lib/python3.8/site-packages/airflow/example_dags/example_short_circuit_decorator.py for tasks to queue
[2024-06-29T18:22:24.422+0000] {logging_mixin.py:154} INFO - [2024-06-29T18:22:24.421+0000] {dagbag.py:536} INFO - Filling up the DagBag from /home/airflow/.local/lib/python3.8/site-packages/airflow/example_dags/example_short_circuit_decorator.py
[2024-06-29T18:22:24.427+0000] {processor.py:839} INFO - DAG(s) dict_keys(['example_short_circuit_decorator']) retrieved from /home/airflow/.local/lib/python3.8/site-packages/airflow/example_dags/example_short_circuit_decorator.py
[2024-06-29T18:22:24.480+0000] {logging_mixin.py:154} INFO - [2024-06-29T18:22:24.480+0000] {manager.py:499} INFO - Created Permission View: %s
[2024-06-29T18:22:24.485+0000] {logging_mixin.py:154} INFO - [2024-06-29T18:22:24.485+0000] {manager.py:499} INFO - Created Permission View: %s
[2024-06-29T18:22:24.489+0000] {logging_mixin.py:154} INFO - [2024-06-29T18:22:24.489+0000] {manager.py:499} INFO - Created Permission View: %s
[2024-06-29T18:22:24.489+0000] {logging_mixin.py:154} INFO - [2024-06-29T18:22:24.489+0000] {dag.py:2941} INFO - Sync 1 DAGs
[2024-06-29T18:22:24.495+0000] {logging_mixin.py:154} INFO - [2024-06-29T18:22:24.495+0000] {dag.py:2963} INFO - Creating ORM DAG for example_short_circuit_decorator
[2024-06-29T18:22:24.500+0000] {logging_mixin.py:154} INFO - [2024-06-29T18:22:24.500+0000] {dag.py:3722} INFO - Setting next_dagrun for example_short_circuit_decorator to 2024-06-28T18:22:24.500087+00:00, run_after=2024-06-29T18:22:24.500087+00:00
[2024-06-29T18:22:24.509+0000] {processor.py:179} INFO - Processing /home/airflow/.local/lib/python3.8/site-packages/airflow/example_dags/example_short_circuit_decorator.py took 0.091 seconds
[2024-06-29T18:23:45.103+0000] {processor.py:157} INFO - Started process (PID=323) to work on /home/airflow/.local/lib/python3.8/site-packages/airflow/example_dags/example_short_circuit_decorator.py
[2024-06-29T18:23:45.104+0000] {processor.py:829} INFO - Processing file /home/airflow/.local/lib/python3.8/site-packages/airflow/example_dags/example_short_circuit_decorator.py for tasks to queue
[2024-06-29T18:23:45.105+0000] {logging_mixin.py:154} INFO - [2024-06-29T18:23:45.105+0000] {dagbag.py:536} INFO - Filling up the DagBag from /home/airflow/.local/lib/python3.8/site-packages/airflow/example_dags/example_short_circuit_decorator.py
[2024-06-29T18:23:45.111+0000] {processor.py:839} INFO - DAG(s) dict_keys(['example_short_circuit_decorator']) retrieved from /home/airflow/.local/lib/python3.8/site-packages/airflow/example_dags/example_short_circuit_decorator.py
[2024-06-29T18:23:45.119+0000] {logging_mixin.py:154} INFO - [2024-06-29T18:23:45.119+0000] {dag.py:2941} INFO - Sync 1 DAGs
[2024-06-29T18:23:45.133+0000] {logging_mixin.py:154} INFO - [2024-06-29T18:23:45.133+0000] {dag.py:3722} INFO - Setting next_dagrun for example_short_circuit_decorator to 2024-06-28T18:23:45.132918+00:00, run_after=2024-06-29T18:23:45.132918+00:00
[2024-06-29T18:23:45.145+0000] {processor.py:179} INFO - Processing /home/airflow/.local/lib/python3.8/site-packages/airflow/example_dags/example_short_circuit_decorator.py took 0.044 seconds
[2024-06-29T18:24:15.834+0000] {processor.py:157} INFO - Started process (PID=563) to work on /home/airflow/.local/lib/python3.8/site-packages/airflow/example_dags/example_short_circuit_decorator.py
[2024-06-29T18:24:15.835+0000] {processor.py:829} INFO - Processing file /home/airflow/.local/lib/python3.8/site-packages/airflow/example_dags/example_short_circuit_decorator.py for tasks to queue
[2024-06-29T18:24:15.835+0000] {logging_mixin.py:154} INFO - [2024-06-29T18:24:15.835+0000] {dagbag.py:536} INFO - Filling up the DagBag from /home/airflow/.local/lib/python3.8/site-packages/airflow/example_dags/example_short_circuit_decorator.py
[2024-06-29T18:24:15.842+0000] {processor.py:839} INFO - DAG(s) dict_keys(['example_short_circuit_decorator']) retrieved from /home/airflow/.local/lib/python3.8/site-packages/airflow/example_dags/example_short_circuit_decorator.py
[2024-06-29T18:24:15.855+0000] {logging_mixin.py:154} INFO - [2024-06-29T18:24:15.855+0000] {dag.py:2941} INFO - Sync 1 DAGs
[2024-06-29T18:24:15.867+0000] {logging_mixin.py:154} INFO - [2024-06-29T18:24:15.866+0000] {dag.py:3722} INFO - Setting next_dagrun for example_short_circuit_decorator to 2024-06-28T18:24:15.866768+00:00, run_after=2024-06-29T18:24:15.866768+00:00
[2024-06-29T18:24:15.876+0000] {processor.py:179} INFO - Processing /home/airflow/.local/lib/python3.8/site-packages/airflow/example_dags/example_short_circuit_decorator.py took 0.045 seconds
[2024-06-29T18:24:46.580+0000] {processor.py:157} INFO - Started process (PID=800) to work on /home/airflow/.local/lib/python3.8/site-packages/airflow/example_dags/example_short_circuit_decorator.py
[2024-06-29T18:24:46.581+0000] {processor.py:829} INFO - Processing file /home/airflow/.local/lib/python3.8/site-packages/airflow/example_dags/example_short_circuit_decorator.py for tasks to queue
[2024-06-29T18:24:46.581+0000] {logging_mixin.py:154} INFO - [2024-06-29T18:24:46.581+0000] {dagbag.py:536} INFO - Filling up the DagBag from /home/airflow/.local/lib/python3.8/site-packages/airflow/example_dags/example_short_circuit_decorator.py
[2024-06-29T18:24:46.587+0000] {processor.py:839} INFO - DAG(s) dict_keys(['example_short_circuit_decorator']) retrieved from /home/airflow/.local/lib/python3.8/site-packages/airflow/example_dags/example_short_circuit_decorator.py
[2024-06-29T18:24:46.600+0000] {logging_mixin.py:154} INFO - [2024-06-29T18:24:46.599+0000] {dag.py:2941} INFO - Sync 1 DAGs
[2024-06-29T18:24:46.610+0000] {logging_mixin.py:154} INFO - [2024-06-29T18:24:46.610+0000] {dag.py:3722} INFO - Setting next_dagrun for example_short_circuit_decorator to 2024-06-28T18:24:46.610660+00:00, run_after=2024-06-29T18:24:46.610660+00:00
[2024-06-29T18:24:46.619+0000] {processor.py:179} INFO - Processing /home/airflow/.local/lib/python3.8/site-packages/airflow/example_dags/example_short_circuit_decorator.py took 0.041 seconds
[2024-06-29T18:25:17.522+0000] {processor.py:157} INFO - Started process (PID=1035) to work on /home/airflow/.local/lib/python3.8/site-packages/airflow/example_dags/example_short_circuit_decorator.py
[2024-06-29T18:25:17.522+0000] {processor.py:829} INFO - Processing file /home/airflow/.local/lib/python3.8/site-packages/airflow/example_dags/example_short_circuit_decorator.py for tasks to queue
[2024-06-29T18:25:17.523+0000] {logging_mixin.py:154} INFO - [2024-06-29T18:25:17.523+0000] {dagbag.py:536} INFO - Filling up the DagBag from /home/airflow/.local/lib/python3.8/site-packages/airflow/example_dags/example_short_circuit_decorator.py
[2024-06-29T18:25:17.528+0000] {processor.py:839} INFO - DAG(s) dict_keys(['example_short_circuit_decorator']) retrieved from /home/airflow/.local/lib/python3.8/site-packages/airflow/example_dags/example_short_circuit_decorator.py
[2024-06-29T18:25:17.541+0000] {logging_mixin.py:154} INFO - [2024-06-29T18:25:17.541+0000] {dag.py:2941} INFO - Sync 1 DAGs
[2024-06-29T18:25:17.553+0000] {logging_mixin.py:154} INFO - [2024-06-29T18:25:17.552+0000] {dag.py:3722} INFO - Setting next_dagrun for example_short_circuit_decorator to 2024-06-28T18:25:17.552844+00:00, run_after=2024-06-29T18:25:17.552844+00:00
[2024-06-29T18:25:17.562+0000] {processor.py:179} INFO - Processing /home/airflow/.local/lib/python3.8/site-packages/airflow/example_dags/example_short_circuit_decorator.py took 0.042 seconds
