[2024-06-29T18:22:23.185+0000] {processor.py:157} INFO - Started process (PID=213) to work on /home/airflow/.local/lib/python3.8/site-packages/airflow/example_dags/example_branch_operator.py
[2024-06-29T18:22:23.186+0000] {processor.py:829} INFO - Processing file /home/airflow/.local/lib/python3.8/site-packages/airflow/example_dags/example_branch_operator.py for tasks to queue
[2024-06-29T18:22:23.187+0000] {logging_mixin.py:154} INFO - [2024-06-29T18:22:23.187+0000] {dagbag.py:536} INFO - Filling up the DagBag from /home/airflow/.local/lib/python3.8/site-packages/airflow/example_dags/example_branch_operator.py
[2024-06-29T18:22:23.194+0000] {processor.py:839} INFO - DAG(s) dict_keys(['example_branch_operator']) retrieved from /home/airflow/.local/lib/python3.8/site-packages/airflow/example_dags/example_branch_operator.py
[2024-06-29T18:22:23.249+0000] {logging_mixin.py:154} INFO - [2024-06-29T18:22:23.249+0000] {manager.py:499} INFO - Created Permission View: %s
[2024-06-29T18:22:23.254+0000] {logging_mixin.py:154} INFO - [2024-06-29T18:22:23.254+0000] {manager.py:499} INFO - Created Permission View: %s
[2024-06-29T18:22:23.258+0000] {logging_mixin.py:154} INFO - [2024-06-29T18:22:23.257+0000] {manager.py:499} INFO - Created Permission View: %s
[2024-06-29T18:22:23.258+0000] {logging_mixin.py:154} INFO - [2024-06-29T18:22:23.258+0000] {dag.py:2941} INFO - Sync 1 DAGs
[2024-06-29T18:22:23.264+0000] {logging_mixin.py:154} INFO - [2024-06-29T18:22:23.264+0000] {dag.py:2963} INFO - Creating ORM DAG for example_branch_operator
[2024-06-29T18:22:23.270+0000] {logging_mixin.py:154} INFO - [2024-06-29T18:22:23.269+0000] {dag.py:3722} INFO - Setting next_dagrun for example_branch_operator to 2024-06-28T00:00:00+00:00, run_after=2024-06-29T00:00:00+00:00
[2024-06-29T18:22:23.279+0000] {processor.py:179} INFO - Processing /home/airflow/.local/lib/python3.8/site-packages/airflow/example_dags/example_branch_operator.py took 0.095 seconds
[2024-06-29T18:23:44.326+0000] {processor.py:157} INFO - Started process (PID=213) to work on /home/airflow/.local/lib/python3.8/site-packages/airflow/example_dags/example_branch_operator.py
[2024-06-29T18:23:44.327+0000] {processor.py:829} INFO - Processing file /home/airflow/.local/lib/python3.8/site-packages/airflow/example_dags/example_branch_operator.py for tasks to queue
[2024-06-29T18:23:44.327+0000] {logging_mixin.py:154} INFO - [2024-06-29T18:23:44.327+0000] {dagbag.py:536} INFO - Filling up the DagBag from /home/airflow/.local/lib/python3.8/site-packages/airflow/example_dags/example_branch_operator.py
[2024-06-29T18:23:44.333+0000] {processor.py:839} INFO - DAG(s) dict_keys(['example_branch_operator']) retrieved from /home/airflow/.local/lib/python3.8/site-packages/airflow/example_dags/example_branch_operator.py
[2024-06-29T18:23:44.341+0000] {logging_mixin.py:154} INFO - [2024-06-29T18:23:44.341+0000] {dag.py:2941} INFO - Sync 1 DAGs
[2024-06-29T18:23:44.359+0000] {logging_mixin.py:154} INFO - [2024-06-29T18:23:44.359+0000] {dag.py:3722} INFO - Setting next_dagrun for example_branch_operator to 2024-06-28T00:00:00+00:00, run_after=2024-06-29T00:00:00+00:00
[2024-06-29T18:23:44.368+0000] {processor.py:179} INFO - Processing /home/airflow/.local/lib/python3.8/site-packages/airflow/example_dags/example_branch_operator.py took 0.045 seconds
[2024-06-29T18:24:15.114+0000] {processor.py:157} INFO - Started process (PID=451) to work on /home/airflow/.local/lib/python3.8/site-packages/airflow/example_dags/example_branch_operator.py
[2024-06-29T18:24:15.115+0000] {processor.py:829} INFO - Processing file /home/airflow/.local/lib/python3.8/site-packages/airflow/example_dags/example_branch_operator.py for tasks to queue
[2024-06-29T18:24:15.115+0000] {logging_mixin.py:154} INFO - [2024-06-29T18:24:15.115+0000] {dagbag.py:536} INFO - Filling up the DagBag from /home/airflow/.local/lib/python3.8/site-packages/airflow/example_dags/example_branch_operator.py
[2024-06-29T18:24:15.120+0000] {processor.py:839} INFO - DAG(s) dict_keys(['example_branch_operator']) retrieved from /home/airflow/.local/lib/python3.8/site-packages/airflow/example_dags/example_branch_operator.py
[2024-06-29T18:24:15.133+0000] {logging_mixin.py:154} INFO - [2024-06-29T18:24:15.133+0000] {dag.py:2941} INFO - Sync 1 DAGs
[2024-06-29T18:24:15.146+0000] {logging_mixin.py:154} INFO - [2024-06-29T18:24:15.146+0000] {dag.py:3722} INFO - Setting next_dagrun for example_branch_operator to 2024-06-28T00:00:00+00:00, run_after=2024-06-29T00:00:00+00:00
[2024-06-29T18:24:15.155+0000] {processor.py:179} INFO - Processing /home/airflow/.local/lib/python3.8/site-packages/airflow/example_dags/example_branch_operator.py took 0.043 seconds
[2024-06-29T18:24:45.861+0000] {processor.py:157} INFO - Started process (PID=688) to work on /home/airflow/.local/lib/python3.8/site-packages/airflow/example_dags/example_branch_operator.py
[2024-06-29T18:24:45.862+0000] {processor.py:829} INFO - Processing file /home/airflow/.local/lib/python3.8/site-packages/airflow/example_dags/example_branch_operator.py for tasks to queue
[2024-06-29T18:24:45.862+0000] {logging_mixin.py:154} INFO - [2024-06-29T18:24:45.862+0000] {dagbag.py:536} INFO - Filling up the DagBag from /home/airflow/.local/lib/python3.8/site-packages/airflow/example_dags/example_branch_operator.py
[2024-06-29T18:24:45.867+0000] {processor.py:839} INFO - DAG(s) dict_keys(['example_branch_operator']) retrieved from /home/airflow/.local/lib/python3.8/site-packages/airflow/example_dags/example_branch_operator.py
[2024-06-29T18:24:45.880+0000] {logging_mixin.py:154} INFO - [2024-06-29T18:24:45.880+0000] {dag.py:2941} INFO - Sync 1 DAGs
[2024-06-29T18:24:45.892+0000] {logging_mixin.py:154} INFO - [2024-06-29T18:24:45.892+0000] {dag.py:3722} INFO - Setting next_dagrun for example_branch_operator to 2024-06-28T00:00:00+00:00, run_after=2024-06-29T00:00:00+00:00
[2024-06-29T18:24:45.901+0000] {processor.py:179} INFO - Processing /home/airflow/.local/lib/python3.8/site-packages/airflow/example_dags/example_branch_operator.py took 0.042 seconds
[2024-06-29T18:25:16.705+0000] {processor.py:157} INFO - Started process (PID=925) to work on /home/airflow/.local/lib/python3.8/site-packages/airflow/example_dags/example_branch_operator.py
[2024-06-29T18:25:16.706+0000] {processor.py:829} INFO - Processing file /home/airflow/.local/lib/python3.8/site-packages/airflow/example_dags/example_branch_operator.py for tasks to queue
[2024-06-29T18:25:16.707+0000] {logging_mixin.py:154} INFO - [2024-06-29T18:25:16.706+0000] {dagbag.py:536} INFO - Filling up the DagBag from /home/airflow/.local/lib/python3.8/site-packages/airflow/example_dags/example_branch_operator.py
[2024-06-29T18:25:16.712+0000] {processor.py:839} INFO - DAG(s) dict_keys(['example_branch_operator']) retrieved from /home/airflow/.local/lib/python3.8/site-packages/airflow/example_dags/example_branch_operator.py
[2024-06-29T18:25:16.725+0000] {logging_mixin.py:154} INFO - [2024-06-29T18:25:16.725+0000] {dag.py:2941} INFO - Sync 1 DAGs
[2024-06-29T18:25:16.737+0000] {logging_mixin.py:154} INFO - [2024-06-29T18:25:16.737+0000] {dag.py:3722} INFO - Setting next_dagrun for example_branch_operator to 2024-06-28T00:00:00+00:00, run_after=2024-06-29T00:00:00+00:00
[2024-06-29T18:25:16.747+0000] {processor.py:179} INFO - Processing /home/airflow/.local/lib/python3.8/site-packages/airflow/example_dags/example_branch_operator.py took 0.044 seconds
