[2024-06-29T18:22:23.622+0000] {processor.py:157} INFO - Started process (PID=248) to work on /home/airflow/.local/lib/python3.8/site-packages/airflow/example_dags/example_dynamic_task_mapping_with_no_taskflow_operators.py
[2024-06-29T18:22:23.623+0000] {processor.py:829} INFO - Processing file /home/airflow/.local/lib/python3.8/site-packages/airflow/example_dags/example_dynamic_task_mapping_with_no_taskflow_operators.py for tasks to queue
[2024-06-29T18:22:23.623+0000] {logging_mixin.py:154} INFO - [2024-06-29T18:22:23.623+0000] {dagbag.py:536} INFO - Filling up the DagBag from /home/airflow/.local/lib/python3.8/site-packages/airflow/example_dags/example_dynamic_task_mapping_with_no_taskflow_operators.py
[2024-06-29T18:22:23.630+0000] {processor.py:839} INFO - DAG(s) dict_keys(['example_dynamic_task_mapping_with_no_taskflow_operators']) retrieved from /home/airflow/.local/lib/python3.8/site-packages/airflow/example_dags/example_dynamic_task_mapping_with_no_taskflow_operators.py
[2024-06-29T18:22:23.685+0000] {logging_mixin.py:154} INFO - [2024-06-29T18:22:23.685+0000] {manager.py:499} INFO - Created Permission View: %s
[2024-06-29T18:22:23.689+0000] {logging_mixin.py:154} INFO - [2024-06-29T18:22:23.689+0000] {manager.py:499} INFO - Created Permission View: %s
[2024-06-29T18:22:23.693+0000] {logging_mixin.py:154} INFO - [2024-06-29T18:22:23.693+0000] {manager.py:499} INFO - Created Permission View: %s
[2024-06-29T18:22:23.693+0000] {logging_mixin.py:154} INFO - [2024-06-29T18:22:23.693+0000] {dag.py:2941} INFO - Sync 1 DAGs
[2024-06-29T18:22:23.698+0000] {logging_mixin.py:154} INFO - [2024-06-29T18:22:23.698+0000] {dag.py:2963} INFO - Creating ORM DAG for example_dynamic_task_mapping_with_no_taskflow_operators
[2024-06-29T18:22:23.703+0000] {logging_mixin.py:154} INFO - [2024-06-29T18:22:23.703+0000] {dag.py:3722} INFO - Setting next_dagrun for example_dynamic_task_mapping_with_no_taskflow_operators to 2024-06-28T18:22:23.703124+00:00, run_after=2024-06-29T18:22:23.703124+00:00
[2024-06-29T18:22:23.710+0000] {processor.py:179} INFO - Processing /home/airflow/.local/lib/python3.8/site-packages/airflow/example_dags/example_dynamic_task_mapping_with_no_taskflow_operators.py took 0.090 seconds
[2024-06-29T18:23:44.567+0000] {processor.py:157} INFO - Started process (PID=250) to work on /home/airflow/.local/lib/python3.8/site-packages/airflow/example_dags/example_dynamic_task_mapping_with_no_taskflow_operators.py
[2024-06-29T18:23:44.568+0000] {processor.py:829} INFO - Processing file /home/airflow/.local/lib/python3.8/site-packages/airflow/example_dags/example_dynamic_task_mapping_with_no_taskflow_operators.py for tasks to queue
[2024-06-29T18:23:44.569+0000] {logging_mixin.py:154} INFO - [2024-06-29T18:23:44.569+0000] {dagbag.py:536} INFO - Filling up the DagBag from /home/airflow/.local/lib/python3.8/site-packages/airflow/example_dags/example_dynamic_task_mapping_with_no_taskflow_operators.py
[2024-06-29T18:23:44.575+0000] {processor.py:839} INFO - DAG(s) dict_keys(['example_dynamic_task_mapping_with_no_taskflow_operators']) retrieved from /home/airflow/.local/lib/python3.8/site-packages/airflow/example_dags/example_dynamic_task_mapping_with_no_taskflow_operators.py
[2024-06-29T18:23:44.583+0000] {logging_mixin.py:154} INFO - [2024-06-29T18:23:44.583+0000] {dag.py:2941} INFO - Sync 1 DAGs
[2024-06-29T18:23:44.594+0000] {logging_mixin.py:154} INFO - [2024-06-29T18:23:44.594+0000] {dag.py:3722} INFO - Setting next_dagrun for example_dynamic_task_mapping_with_no_taskflow_operators to 2024-06-28T18:23:44.594205+00:00, run_after=2024-06-29T18:23:44.594205+00:00
[2024-06-29T18:23:44.604+0000] {processor.py:179} INFO - Processing /home/airflow/.local/lib/python3.8/site-packages/airflow/example_dags/example_dynamic_task_mapping_with_no_taskflow_operators.py took 0.038 seconds
[2024-06-29T18:24:15.332+0000] {processor.py:157} INFO - Started process (PID=486) to work on /home/airflow/.local/lib/python3.8/site-packages/airflow/example_dags/example_dynamic_task_mapping_with_no_taskflow_operators.py
[2024-06-29T18:24:15.333+0000] {processor.py:829} INFO - Processing file /home/airflow/.local/lib/python3.8/site-packages/airflow/example_dags/example_dynamic_task_mapping_with_no_taskflow_operators.py for tasks to queue
[2024-06-29T18:24:15.333+0000] {logging_mixin.py:154} INFO - [2024-06-29T18:24:15.333+0000] {dagbag.py:536} INFO - Filling up the DagBag from /home/airflow/.local/lib/python3.8/site-packages/airflow/example_dags/example_dynamic_task_mapping_with_no_taskflow_operators.py
[2024-06-29T18:24:15.338+0000] {processor.py:839} INFO - DAG(s) dict_keys(['example_dynamic_task_mapping_with_no_taskflow_operators']) retrieved from /home/airflow/.local/lib/python3.8/site-packages/airflow/example_dags/example_dynamic_task_mapping_with_no_taskflow_operators.py
[2024-06-29T18:24:15.349+0000] {logging_mixin.py:154} INFO - [2024-06-29T18:24:15.348+0000] {dag.py:2941} INFO - Sync 1 DAGs
[2024-06-29T18:24:15.359+0000] {logging_mixin.py:154} INFO - [2024-06-29T18:24:15.359+0000] {dag.py:3722} INFO - Setting next_dagrun for example_dynamic_task_mapping_with_no_taskflow_operators to 2024-06-28T18:24:15.359023+00:00, run_after=2024-06-29T18:24:15.359023+00:00
[2024-06-29T18:24:15.367+0000] {processor.py:179} INFO - Processing /home/airflow/.local/lib/python3.8/site-packages/airflow/example_dags/example_dynamic_task_mapping_with_no_taskflow_operators.py took 0.037 seconds
[2024-06-29T18:24:46.074+0000] {processor.py:157} INFO - Started process (PID=723) to work on /home/airflow/.local/lib/python3.8/site-packages/airflow/example_dags/example_dynamic_task_mapping_with_no_taskflow_operators.py
[2024-06-29T18:24:46.075+0000] {processor.py:829} INFO - Processing file /home/airflow/.local/lib/python3.8/site-packages/airflow/example_dags/example_dynamic_task_mapping_with_no_taskflow_operators.py for tasks to queue
[2024-06-29T18:24:46.076+0000] {logging_mixin.py:154} INFO - [2024-06-29T18:24:46.075+0000] {dagbag.py:536} INFO - Filling up the DagBag from /home/airflow/.local/lib/python3.8/site-packages/airflow/example_dags/example_dynamic_task_mapping_with_no_taskflow_operators.py
[2024-06-29T18:24:46.080+0000] {processor.py:839} INFO - DAG(s) dict_keys(['example_dynamic_task_mapping_with_no_taskflow_operators']) retrieved from /home/airflow/.local/lib/python3.8/site-packages/airflow/example_dags/example_dynamic_task_mapping_with_no_taskflow_operators.py
[2024-06-29T18:24:46.090+0000] {logging_mixin.py:154} INFO - [2024-06-29T18:24:46.090+0000] {dag.py:2941} INFO - Sync 1 DAGs
[2024-06-29T18:24:46.101+0000] {logging_mixin.py:154} INFO - [2024-06-29T18:24:46.101+0000] {dag.py:3722} INFO - Setting next_dagrun for example_dynamic_task_mapping_with_no_taskflow_operators to 2024-06-28T18:24:46.101086+00:00, run_after=2024-06-29T18:24:46.101086+00:00
[2024-06-29T18:24:46.109+0000] {processor.py:179} INFO - Processing /home/airflow/.local/lib/python3.8/site-packages/airflow/example_dags/example_dynamic_task_mapping_with_no_taskflow_operators.py took 0.037 seconds
[2024-06-29T18:25:16.924+0000] {processor.py:157} INFO - Started process (PID=960) to work on /home/airflow/.local/lib/python3.8/site-packages/airflow/example_dags/example_dynamic_task_mapping_with_no_taskflow_operators.py
[2024-06-29T18:25:16.925+0000] {processor.py:829} INFO - Processing file /home/airflow/.local/lib/python3.8/site-packages/airflow/example_dags/example_dynamic_task_mapping_with_no_taskflow_operators.py for tasks to queue
[2024-06-29T18:25:16.925+0000] {logging_mixin.py:154} INFO - [2024-06-29T18:25:16.925+0000] {dagbag.py:536} INFO - Filling up the DagBag from /home/airflow/.local/lib/python3.8/site-packages/airflow/example_dags/example_dynamic_task_mapping_with_no_taskflow_operators.py
[2024-06-29T18:25:16.930+0000] {processor.py:839} INFO - DAG(s) dict_keys(['example_dynamic_task_mapping_with_no_taskflow_operators']) retrieved from /home/airflow/.local/lib/python3.8/site-packages/airflow/example_dags/example_dynamic_task_mapping_with_no_taskflow_operators.py
[2024-06-29T18:25:16.942+0000] {logging_mixin.py:154} INFO - [2024-06-29T18:25:16.942+0000] {dag.py:2941} INFO - Sync 1 DAGs
[2024-06-29T18:25:16.959+0000] {logging_mixin.py:154} INFO - [2024-06-29T18:25:16.959+0000] {dag.py:3722} INFO - Setting next_dagrun for example_dynamic_task_mapping_with_no_taskflow_operators to 2024-06-28T18:25:16.959410+00:00, run_after=2024-06-29T18:25:16.959410+00:00
[2024-06-29T18:25:16.970+0000] {processor.py:179} INFO - Processing /home/airflow/.local/lib/python3.8/site-packages/airflow/example_dags/example_dynamic_task_mapping_with_no_taskflow_operators.py took 0.049 seconds
