[2024-06-29T18:22:24.195+0000] {processor.py:157} INFO - Started process (PID=303) to work on /home/airflow/.local/lib/python3.8/site-packages/airflow/example_dags/example_branch_day_of_week_operator.py
[2024-06-29T18:22:24.196+0000] {processor.py:829} INFO - Processing file /home/airflow/.local/lib/python3.8/site-packages/airflow/example_dags/example_branch_day_of_week_operator.py for tasks to queue
[2024-06-29T18:22:24.196+0000] {logging_mixin.py:154} INFO - [2024-06-29T18:22:24.196+0000] {dagbag.py:536} INFO - Filling up the DagBag from /home/airflow/.local/lib/python3.8/site-packages/airflow/example_dags/example_branch_day_of_week_operator.py
[2024-06-29T18:22:24.203+0000] {processor.py:839} INFO - DAG(s) dict_keys(['example_weekday_branch_operator']) retrieved from /home/airflow/.local/lib/python3.8/site-packages/airflow/example_dags/example_branch_day_of_week_operator.py
[2024-06-29T18:22:24.268+0000] {logging_mixin.py:154} INFO - [2024-06-29T18:22:24.268+0000] {manager.py:499} INFO - Created Permission View: %s
[2024-06-29T18:22:24.274+0000] {logging_mixin.py:154} INFO - [2024-06-29T18:22:24.274+0000] {manager.py:499} INFO - Created Permission View: %s
[2024-06-29T18:22:24.278+0000] {logging_mixin.py:154} INFO - [2024-06-29T18:22:24.277+0000] {manager.py:499} INFO - Created Permission View: %s
[2024-06-29T18:22:24.278+0000] {logging_mixin.py:154} INFO - [2024-06-29T18:22:24.278+0000] {dag.py:2941} INFO - Sync 1 DAGs
[2024-06-29T18:22:24.284+0000] {logging_mixin.py:154} INFO - [2024-06-29T18:22:24.284+0000] {dag.py:2963} INFO - Creating ORM DAG for example_weekday_branch_operator
[2024-06-29T18:22:24.290+0000] {logging_mixin.py:154} INFO - [2024-06-29T18:22:24.290+0000] {dag.py:3722} INFO - Setting next_dagrun for example_weekday_branch_operator to 2024-06-28T00:00:00+00:00, run_after=2024-06-29T00:00:00+00:00
[2024-06-29T18:22:24.298+0000] {processor.py:179} INFO - Processing /home/airflow/.local/lib/python3.8/site-packages/airflow/example_dags/example_branch_day_of_week_operator.py took 0.105 seconds
[2024-06-29T18:23:44.980+0000] {processor.py:157} INFO - Started process (PID=303) to work on /home/airflow/.local/lib/python3.8/site-packages/airflow/example_dags/example_branch_day_of_week_operator.py
[2024-06-29T18:23:44.980+0000] {processor.py:829} INFO - Processing file /home/airflow/.local/lib/python3.8/site-packages/airflow/example_dags/example_branch_day_of_week_operator.py for tasks to queue
[2024-06-29T18:23:44.981+0000] {logging_mixin.py:154} INFO - [2024-06-29T18:23:44.980+0000] {dagbag.py:536} INFO - Filling up the DagBag from /home/airflow/.local/lib/python3.8/site-packages/airflow/example_dags/example_branch_day_of_week_operator.py
[2024-06-29T18:23:44.985+0000] {processor.py:839} INFO - DAG(s) dict_keys(['example_weekday_branch_operator']) retrieved from /home/airflow/.local/lib/python3.8/site-packages/airflow/example_dags/example_branch_day_of_week_operator.py
[2024-06-29T18:23:44.992+0000] {logging_mixin.py:154} INFO - [2024-06-29T18:23:44.991+0000] {dag.py:2941} INFO - Sync 1 DAGs
[2024-06-29T18:23:45.004+0000] {logging_mixin.py:154} INFO - [2024-06-29T18:23:45.004+0000] {dag.py:3722} INFO - Setting next_dagrun for example_weekday_branch_operator to 2024-06-28T00:00:00+00:00, run_after=2024-06-29T00:00:00+00:00
[2024-06-29T18:23:45.017+0000] {processor.py:179} INFO - Processing /home/airflow/.local/lib/python3.8/site-packages/airflow/example_dags/example_branch_day_of_week_operator.py took 0.040 seconds
[2024-06-29T18:24:15.668+0000] {processor.py:157} INFO - Started process (PID=541) to work on /home/airflow/.local/lib/python3.8/site-packages/airflow/example_dags/example_branch_day_of_week_operator.py
[2024-06-29T18:24:15.669+0000] {processor.py:829} INFO - Processing file /home/airflow/.local/lib/python3.8/site-packages/airflow/example_dags/example_branch_day_of_week_operator.py for tasks to queue
[2024-06-29T18:24:15.669+0000] {logging_mixin.py:154} INFO - [2024-06-29T18:24:15.669+0000] {dagbag.py:536} INFO - Filling up the DagBag from /home/airflow/.local/lib/python3.8/site-packages/airflow/example_dags/example_branch_day_of_week_operator.py
[2024-06-29T18:24:15.674+0000] {processor.py:839} INFO - DAG(s) dict_keys(['example_weekday_branch_operator']) retrieved from /home/airflow/.local/lib/python3.8/site-packages/airflow/example_dags/example_branch_day_of_week_operator.py
[2024-06-29T18:24:15.686+0000] {logging_mixin.py:154} INFO - [2024-06-29T18:24:15.686+0000] {dag.py:2941} INFO - Sync 1 DAGs
[2024-06-29T18:24:15.697+0000] {logging_mixin.py:154} INFO - [2024-06-29T18:24:15.697+0000] {dag.py:3722} INFO - Setting next_dagrun for example_weekday_branch_operator to 2024-06-28T00:00:00+00:00, run_after=2024-06-29T00:00:00+00:00
[2024-06-29T18:24:15.706+0000] {processor.py:179} INFO - Processing /home/airflow/.local/lib/python3.8/site-packages/airflow/example_dags/example_branch_day_of_week_operator.py took 0.040 seconds
[2024-06-29T18:24:46.419+0000] {processor.py:157} INFO - Started process (PID=778) to work on /home/airflow/.local/lib/python3.8/site-packages/airflow/example_dags/example_branch_day_of_week_operator.py
[2024-06-29T18:24:46.420+0000] {processor.py:829} INFO - Processing file /home/airflow/.local/lib/python3.8/site-packages/airflow/example_dags/example_branch_day_of_week_operator.py for tasks to queue
[2024-06-29T18:24:46.420+0000] {logging_mixin.py:154} INFO - [2024-06-29T18:24:46.420+0000] {dagbag.py:536} INFO - Filling up the DagBag from /home/airflow/.local/lib/python3.8/site-packages/airflow/example_dags/example_branch_day_of_week_operator.py
[2024-06-29T18:24:46.426+0000] {processor.py:839} INFO - DAG(s) dict_keys(['example_weekday_branch_operator']) retrieved from /home/airflow/.local/lib/python3.8/site-packages/airflow/example_dags/example_branch_day_of_week_operator.py
[2024-06-29T18:24:46.439+0000] {logging_mixin.py:154} INFO - [2024-06-29T18:24:46.439+0000] {dag.py:2941} INFO - Sync 1 DAGs
[2024-06-29T18:24:46.451+0000] {logging_mixin.py:154} INFO - [2024-06-29T18:24:46.451+0000] {dag.py:3722} INFO - Setting next_dagrun for example_weekday_branch_operator to 2024-06-28T00:00:00+00:00, run_after=2024-06-29T00:00:00+00:00
[2024-06-29T18:24:46.466+0000] {processor.py:179} INFO - Processing /home/airflow/.local/lib/python3.8/site-packages/airflow/example_dags/example_branch_day_of_week_operator.py took 0.049 seconds
[2024-06-29T18:25:17.407+0000] {processor.py:157} INFO - Started process (PID=1017) to work on /home/airflow/.local/lib/python3.8/site-packages/airflow/example_dags/example_branch_day_of_week_operator.py
[2024-06-29T18:25:17.408+0000] {processor.py:829} INFO - Processing file /home/airflow/.local/lib/python3.8/site-packages/airflow/example_dags/example_branch_day_of_week_operator.py for tasks to queue
[2024-06-29T18:25:17.408+0000] {logging_mixin.py:154} INFO - [2024-06-29T18:25:17.408+0000] {dagbag.py:536} INFO - Filling up the DagBag from /home/airflow/.local/lib/python3.8/site-packages/airflow/example_dags/example_branch_day_of_week_operator.py
[2024-06-29T18:25:17.413+0000] {processor.py:839} INFO - DAG(s) dict_keys(['example_weekday_branch_operator']) retrieved from /home/airflow/.local/lib/python3.8/site-packages/airflow/example_dags/example_branch_day_of_week_operator.py
[2024-06-29T18:25:17.428+0000] {logging_mixin.py:154} INFO - [2024-06-29T18:25:17.428+0000] {dag.py:2941} INFO - Sync 1 DAGs
[2024-06-29T18:25:17.441+0000] {logging_mixin.py:154} INFO - [2024-06-29T18:25:17.441+0000] {dag.py:3722} INFO - Setting next_dagrun for example_weekday_branch_operator to 2024-06-28T00:00:00+00:00, run_after=2024-06-29T00:00:00+00:00
[2024-06-29T18:25:17.450+0000] {processor.py:179} INFO - Processing /home/airflow/.local/lib/python3.8/site-packages/airflow/example_dags/example_branch_day_of_week_operator.py took 0.046 seconds
