[2024-06-29T18:22:24.281+0000] {processor.py:157} INFO - Started process (PID=308) to work on /home/airflow/.local/lib/python3.8/site-packages/airflow/example_dags/example_setup_teardown_taskflow.py
[2024-06-29T18:22:24.281+0000] {processor.py:829} INFO - Processing file /home/airflow/.local/lib/python3.8/site-packages/airflow/example_dags/example_setup_teardown_taskflow.py for tasks to queue
[2024-06-29T18:22:24.282+0000] {logging_mixin.py:154} INFO - [2024-06-29T18:22:24.282+0000] {dagbag.py:536} INFO - Filling up the DagBag from /home/airflow/.local/lib/python3.8/site-packages/airflow/example_dags/example_setup_teardown_taskflow.py
[2024-06-29T18:22:24.289+0000] {processor.py:839} INFO - DAG(s) dict_keys(['example_setup_teardown_taskflow']) retrieved from /home/airflow/.local/lib/python3.8/site-packages/airflow/example_dags/example_setup_teardown_taskflow.py
[2024-06-29T18:22:24.341+0000] {logging_mixin.py:154} INFO - [2024-06-29T18:22:24.341+0000] {manager.py:499} INFO - Created Permission View: %s
[2024-06-29T18:22:24.346+0000] {logging_mixin.py:154} INFO - [2024-06-29T18:22:24.346+0000] {manager.py:499} INFO - Created Permission View: %s
[2024-06-29T18:22:24.350+0000] {logging_mixin.py:154} INFO - [2024-06-29T18:22:24.350+0000] {manager.py:499} INFO - Created Permission View: %s
[2024-06-29T18:22:24.350+0000] {logging_mixin.py:154} INFO - [2024-06-29T18:22:24.350+0000] {dag.py:2941} INFO - Sync 1 DAGs
[2024-06-29T18:22:24.356+0000] {logging_mixin.py:154} INFO - [2024-06-29T18:22:24.356+0000] {dag.py:2963} INFO - Creating ORM DAG for example_setup_teardown_taskflow
[2024-06-29T18:22:24.361+0000] {logging_mixin.py:154} INFO - [2024-06-29T18:22:24.361+0000] {dag.py:3722} INFO - Setting next_dagrun for example_setup_teardown_taskflow to 2024-06-28T18:22:24.361576+00:00, run_after=2024-06-29T18:22:24.361576+00:00
[2024-06-29T18:22:24.372+0000] {processor.py:179} INFO - Processing /home/airflow/.local/lib/python3.8/site-packages/airflow/example_dags/example_setup_teardown_taskflow.py took 0.094 seconds
[2024-06-29T18:23:45.037+0000] {processor.py:157} INFO - Started process (PID=308) to work on /home/airflow/.local/lib/python3.8/site-packages/airflow/example_dags/example_setup_teardown_taskflow.py
[2024-06-29T18:23:45.041+0000] {processor.py:829} INFO - Processing file /home/airflow/.local/lib/python3.8/site-packages/airflow/example_dags/example_setup_teardown_taskflow.py for tasks to queue
[2024-06-29T18:23:45.041+0000] {logging_mixin.py:154} INFO - [2024-06-29T18:23:45.041+0000] {dagbag.py:536} INFO - Filling up the DagBag from /home/airflow/.local/lib/python3.8/site-packages/airflow/example_dags/example_setup_teardown_taskflow.py
[2024-06-29T18:23:45.047+0000] {processor.py:839} INFO - DAG(s) dict_keys(['example_setup_teardown_taskflow']) retrieved from /home/airflow/.local/lib/python3.8/site-packages/airflow/example_dags/example_setup_teardown_taskflow.py
[2024-06-29T18:23:45.053+0000] {logging_mixin.py:154} INFO - [2024-06-29T18:23:45.053+0000] {dag.py:2941} INFO - Sync 1 DAGs
[2024-06-29T18:23:45.065+0000] {logging_mixin.py:154} INFO - [2024-06-29T18:23:45.065+0000] {dag.py:3722} INFO - Setting next_dagrun for example_setup_teardown_taskflow to 2024-06-28T18:23:45.065165+00:00, run_after=2024-06-29T18:23:45.065165+00:00
[2024-06-29T18:23:45.076+0000] {processor.py:179} INFO - Processing /home/airflow/.local/lib/python3.8/site-packages/airflow/example_dags/example_setup_teardown_taskflow.py took 0.042 seconds
[2024-06-29T18:24:15.722+0000] {processor.py:157} INFO - Started process (PID=548) to work on /home/airflow/.local/lib/python3.8/site-packages/airflow/example_dags/example_setup_teardown_taskflow.py
[2024-06-29T18:24:15.723+0000] {processor.py:829} INFO - Processing file /home/airflow/.local/lib/python3.8/site-packages/airflow/example_dags/example_setup_teardown_taskflow.py for tasks to queue
[2024-06-29T18:24:15.723+0000] {logging_mixin.py:154} INFO - [2024-06-29T18:24:15.723+0000] {dagbag.py:536} INFO - Filling up the DagBag from /home/airflow/.local/lib/python3.8/site-packages/airflow/example_dags/example_setup_teardown_taskflow.py
[2024-06-29T18:24:15.729+0000] {processor.py:839} INFO - DAG(s) dict_keys(['example_setup_teardown_taskflow']) retrieved from /home/airflow/.local/lib/python3.8/site-packages/airflow/example_dags/example_setup_teardown_taskflow.py
[2024-06-29T18:24:15.742+0000] {logging_mixin.py:154} INFO - [2024-06-29T18:24:15.742+0000] {dag.py:2941} INFO - Sync 1 DAGs
[2024-06-29T18:24:15.753+0000] {logging_mixin.py:154} INFO - [2024-06-29T18:24:15.753+0000] {dag.py:3722} INFO - Setting next_dagrun for example_setup_teardown_taskflow to 2024-06-28T18:24:15.753736+00:00, run_after=2024-06-29T18:24:15.753736+00:00
[2024-06-29T18:24:15.763+0000] {processor.py:179} INFO - Processing /home/airflow/.local/lib/python3.8/site-packages/airflow/example_dags/example_setup_teardown_taskflow.py took 0.043 seconds
[2024-06-29T18:24:46.482+0000] {processor.py:157} INFO - Started process (PID=783) to work on /home/airflow/.local/lib/python3.8/site-packages/airflow/example_dags/example_setup_teardown_taskflow.py
[2024-06-29T18:24:46.483+0000] {processor.py:829} INFO - Processing file /home/airflow/.local/lib/python3.8/site-packages/airflow/example_dags/example_setup_teardown_taskflow.py for tasks to queue
[2024-06-29T18:24:46.483+0000] {logging_mixin.py:154} INFO - [2024-06-29T18:24:46.483+0000] {dagbag.py:536} INFO - Filling up the DagBag from /home/airflow/.local/lib/python3.8/site-packages/airflow/example_dags/example_setup_teardown_taskflow.py
[2024-06-29T18:24:46.489+0000] {processor.py:839} INFO - DAG(s) dict_keys(['example_setup_teardown_taskflow']) retrieved from /home/airflow/.local/lib/python3.8/site-packages/airflow/example_dags/example_setup_teardown_taskflow.py
[2024-06-29T18:24:46.500+0000] {logging_mixin.py:154} INFO - [2024-06-29T18:24:46.500+0000] {dag.py:2941} INFO - Sync 1 DAGs
[2024-06-29T18:24:46.512+0000] {logging_mixin.py:154} INFO - [2024-06-29T18:24:46.511+0000] {dag.py:3722} INFO - Setting next_dagrun for example_setup_teardown_taskflow to 2024-06-28T18:24:46.511807+00:00, run_after=2024-06-29T18:24:46.511807+00:00
[2024-06-29T18:24:46.521+0000] {processor.py:179} INFO - Processing /home/airflow/.local/lib/python3.8/site-packages/airflow/example_dags/example_setup_teardown_taskflow.py took 0.040 seconds
[2024-06-29T18:25:17.410+0000] {processor.py:157} INFO - Started process (PID=1020) to work on /home/airflow/.local/lib/python3.8/site-packages/airflow/example_dags/example_setup_teardown_taskflow.py
[2024-06-29T18:25:17.410+0000] {processor.py:829} INFO - Processing file /home/airflow/.local/lib/python3.8/site-packages/airflow/example_dags/example_setup_teardown_taskflow.py for tasks to queue
[2024-06-29T18:25:17.411+0000] {logging_mixin.py:154} INFO - [2024-06-29T18:25:17.411+0000] {dagbag.py:536} INFO - Filling up the DagBag from /home/airflow/.local/lib/python3.8/site-packages/airflow/example_dags/example_setup_teardown_taskflow.py
[2024-06-29T18:25:17.417+0000] {processor.py:839} INFO - DAG(s) dict_keys(['example_setup_teardown_taskflow']) retrieved from /home/airflow/.local/lib/python3.8/site-packages/airflow/example_dags/example_setup_teardown_taskflow.py
[2024-06-29T18:25:17.430+0000] {logging_mixin.py:154} INFO - [2024-06-29T18:25:17.430+0000] {dag.py:2941} INFO - Sync 1 DAGs
[2024-06-29T18:25:17.442+0000] {logging_mixin.py:154} INFO - [2024-06-29T18:25:17.442+0000] {dag.py:3722} INFO - Setting next_dagrun for example_setup_teardown_taskflow to 2024-06-28T18:25:17.442218+00:00, run_after=2024-06-29T18:25:17.442218+00:00
[2024-06-29T18:25:17.451+0000] {processor.py:179} INFO - Processing /home/airflow/.local/lib/python3.8/site-packages/airflow/example_dags/example_setup_teardown_taskflow.py took 0.044 seconds
