[2024-06-29T18:22:24.625+0000] {processor.py:157} INFO - Started process (PID=343) to work on /home/airflow/.local/lib/python3.8/site-packages/airflow/example_dags/example_branch_datetime_operator.py
[2024-06-29T18:22:24.626+0000] {processor.py:829} INFO - Processing file /home/airflow/.local/lib/python3.8/site-packages/airflow/example_dags/example_branch_datetime_operator.py for tasks to queue
[2024-06-29T18:22:24.627+0000] {logging_mixin.py:154} INFO - [2024-06-29T18:22:24.627+0000] {dagbag.py:536} INFO - Filling up the DagBag from /home/airflow/.local/lib/python3.8/site-packages/airflow/example_dags/example_branch_datetime_operator.py
[2024-06-29T18:22:24.633+0000] {processor.py:839} INFO - DAG(s) dict_keys(['example_branch_datetime_operator', 'example_branch_datetime_operator_2', 'example_branch_datetime_operator_3']) retrieved from /home/airflow/.local/lib/python3.8/site-packages/airflow/example_dags/example_branch_datetime_operator.py
[2024-06-29T18:22:24.683+0000] {logging_mixin.py:154} INFO - [2024-06-29T18:22:24.682+0000] {manager.py:499} INFO - Created Permission View: %s
[2024-06-29T18:22:24.688+0000] {logging_mixin.py:154} INFO - [2024-06-29T18:22:24.687+0000] {manager.py:499} INFO - Created Permission View: %s
[2024-06-29T18:22:24.691+0000] {logging_mixin.py:154} INFO - [2024-06-29T18:22:24.691+0000] {manager.py:499} INFO - Created Permission View: %s
[2024-06-29T18:22:24.698+0000] {logging_mixin.py:154} INFO - [2024-06-29T18:22:24.698+0000] {manager.py:499} INFO - Created Permission View: %s
[2024-06-29T18:22:24.701+0000] {logging_mixin.py:154} INFO - [2024-06-29T18:22:24.701+0000] {manager.py:499} INFO - Created Permission View: %s
[2024-06-29T18:22:24.705+0000] {logging_mixin.py:154} INFO - [2024-06-29T18:22:24.704+0000] {manager.py:499} INFO - Created Permission View: %s
[2024-06-29T18:22:24.711+0000] {logging_mixin.py:154} INFO - [2024-06-29T18:22:24.711+0000] {manager.py:499} INFO - Created Permission View: %s
[2024-06-29T18:22:24.714+0000] {logging_mixin.py:154} INFO - [2024-06-29T18:22:24.714+0000] {manager.py:499} INFO - Created Permission View: %s
[2024-06-29T18:22:24.717+0000] {logging_mixin.py:154} INFO - [2024-06-29T18:22:24.717+0000] {manager.py:499} INFO - Created Permission View: %s
[2024-06-29T18:22:24.717+0000] {logging_mixin.py:154} INFO - [2024-06-29T18:22:24.717+0000] {dag.py:2941} INFO - Sync 3 DAGs
[2024-06-29T18:22:24.723+0000] {logging_mixin.py:154} INFO - [2024-06-29T18:22:24.723+0000] {dag.py:2963} INFO - Creating ORM DAG for example_branch_datetime_operator
[2024-06-29T18:22:24.724+0000] {logging_mixin.py:154} INFO - [2024-06-29T18:22:24.724+0000] {dag.py:2963} INFO - Creating ORM DAG for example_branch_datetime_operator_2
[2024-06-29T18:22:24.724+0000] {logging_mixin.py:154} INFO - [2024-06-29T18:22:24.724+0000] {dag.py:2963} INFO - Creating ORM DAG for example_branch_datetime_operator_3
[2024-06-29T18:22:24.729+0000] {logging_mixin.py:154} INFO - [2024-06-29T18:22:24.729+0000] {dag.py:3722} INFO - Setting next_dagrun for example_branch_datetime_operator to 2024-06-28T00:00:00+00:00, run_after=2024-06-29T00:00:00+00:00
[2024-06-29T18:22:24.731+0000] {logging_mixin.py:154} INFO - [2024-06-29T18:22:24.730+0000] {dag.py:3722} INFO - Setting next_dagrun for example_branch_datetime_operator_2 to 2024-06-28T00:00:00+00:00, run_after=2024-06-29T00:00:00+00:00
[2024-06-29T18:22:24.732+0000] {logging_mixin.py:154} INFO - [2024-06-29T18:22:24.732+0000] {dag.py:3722} INFO - Setting next_dagrun for example_branch_datetime_operator_3 to 2024-06-28T00:00:00+00:00, run_after=2024-06-29T00:00:00+00:00
[2024-06-29T18:22:24.742+0000] {processor.py:179} INFO - Processing /home/airflow/.local/lib/python3.8/site-packages/airflow/example_dags/example_branch_datetime_operator.py took 0.118 seconds
[2024-06-29T18:23:45.265+0000] {processor.py:157} INFO - Started process (PID=345) to work on /home/airflow/.local/lib/python3.8/site-packages/airflow/example_dags/example_branch_datetime_operator.py
[2024-06-29T18:23:45.266+0000] {processor.py:829} INFO - Processing file /home/airflow/.local/lib/python3.8/site-packages/airflow/example_dags/example_branch_datetime_operator.py for tasks to queue
[2024-06-29T18:23:45.266+0000] {logging_mixin.py:154} INFO - [2024-06-29T18:23:45.266+0000] {dagbag.py:536} INFO - Filling up the DagBag from /home/airflow/.local/lib/python3.8/site-packages/airflow/example_dags/example_branch_datetime_operator.py
[2024-06-29T18:23:45.271+0000] {processor.py:839} INFO - DAG(s) dict_keys(['example_branch_datetime_operator_3', 'example_branch_datetime_operator_2', 'example_branch_datetime_operator']) retrieved from /home/airflow/.local/lib/python3.8/site-packages/airflow/example_dags/example_branch_datetime_operator.py
[2024-06-29T18:23:45.280+0000] {logging_mixin.py:154} INFO - [2024-06-29T18:23:45.280+0000] {dag.py:2941} INFO - Sync 3 DAGs
[2024-06-29T18:23:45.294+0000] {logging_mixin.py:154} INFO - [2024-06-29T18:23:45.294+0000] {dag.py:3722} INFO - Setting next_dagrun for example_branch_datetime_operator to 2024-06-28T00:00:00+00:00, run_after=2024-06-29T00:00:00+00:00
[2024-06-29T18:23:45.296+0000] {logging_mixin.py:154} INFO - [2024-06-29T18:23:45.296+0000] {dag.py:3722} INFO - Setting next_dagrun for example_branch_datetime_operator_2 to 2024-06-28T00:00:00+00:00, run_after=2024-06-29T00:00:00+00:00
[2024-06-29T18:23:45.298+0000] {logging_mixin.py:154} INFO - [2024-06-29T18:23:45.298+0000] {dag.py:3722} INFO - Setting next_dagrun for example_branch_datetime_operator_3 to 2024-06-28T00:00:00+00:00, run_after=2024-06-29T00:00:00+00:00
[2024-06-29T18:23:45.309+0000] {processor.py:179} INFO - Processing /home/airflow/.local/lib/python3.8/site-packages/airflow/example_dags/example_branch_datetime_operator.py took 0.046 seconds
[2024-06-29T18:24:16.013+0000] {processor.py:157} INFO - Started process (PID=581) to work on /home/airflow/.local/lib/python3.8/site-packages/airflow/example_dags/example_branch_datetime_operator.py
[2024-06-29T18:24:16.014+0000] {processor.py:829} INFO - Processing file /home/airflow/.local/lib/python3.8/site-packages/airflow/example_dags/example_branch_datetime_operator.py for tasks to queue
[2024-06-29T18:24:16.014+0000] {logging_mixin.py:154} INFO - [2024-06-29T18:24:16.014+0000] {dagbag.py:536} INFO - Filling up the DagBag from /home/airflow/.local/lib/python3.8/site-packages/airflow/example_dags/example_branch_datetime_operator.py
[2024-06-29T18:24:16.020+0000] {processor.py:839} INFO - DAG(s) dict_keys(['example_branch_datetime_operator', 'example_branch_datetime_operator_2', 'example_branch_datetime_operator_3']) retrieved from /home/airflow/.local/lib/python3.8/site-packages/airflow/example_dags/example_branch_datetime_operator.py
[2024-06-29T18:24:16.038+0000] {logging_mixin.py:154} INFO - [2024-06-29T18:24:16.038+0000] {dag.py:2941} INFO - Sync 3 DAGs
[2024-06-29T18:24:16.051+0000] {logging_mixin.py:154} INFO - [2024-06-29T18:24:16.050+0000] {dag.py:3722} INFO - Setting next_dagrun for example_branch_datetime_operator to 2024-06-28T00:00:00+00:00, run_after=2024-06-29T00:00:00+00:00
[2024-06-29T18:24:16.054+0000] {logging_mixin.py:154} INFO - [2024-06-29T18:24:16.053+0000] {dag.py:3722} INFO - Setting next_dagrun for example_branch_datetime_operator_2 to 2024-06-28T00:00:00+00:00, run_after=2024-06-29T00:00:00+00:00
[2024-06-29T18:24:16.055+0000] {logging_mixin.py:154} INFO - [2024-06-29T18:24:16.055+0000] {dag.py:3722} INFO - Setting next_dagrun for example_branch_datetime_operator_3 to 2024-06-28T00:00:00+00:00, run_after=2024-06-29T00:00:00+00:00
[2024-06-29T18:24:16.065+0000] {processor.py:179} INFO - Processing /home/airflow/.local/lib/python3.8/site-packages/airflow/example_dags/example_branch_datetime_operator.py took 0.054 seconds
[2024-06-29T18:24:46.684+0000] {processor.py:157} INFO - Started process (PID=818) to work on /home/airflow/.local/lib/python3.8/site-packages/airflow/example_dags/example_branch_datetime_operator.py
[2024-06-29T18:24:46.684+0000] {processor.py:829} INFO - Processing file /home/airflow/.local/lib/python3.8/site-packages/airflow/example_dags/example_branch_datetime_operator.py for tasks to queue
[2024-06-29T18:24:46.685+0000] {logging_mixin.py:154} INFO - [2024-06-29T18:24:46.684+0000] {dagbag.py:536} INFO - Filling up the DagBag from /home/airflow/.local/lib/python3.8/site-packages/airflow/example_dags/example_branch_datetime_operator.py
[2024-06-29T18:24:46.689+0000] {processor.py:839} INFO - DAG(s) dict_keys(['example_branch_datetime_operator_2', 'example_branch_datetime_operator_3', 'example_branch_datetime_operator']) retrieved from /home/airflow/.local/lib/python3.8/site-packages/airflow/example_dags/example_branch_datetime_operator.py
[2024-06-29T18:24:46.703+0000] {logging_mixin.py:154} INFO - [2024-06-29T18:24:46.703+0000] {dag.py:2941} INFO - Sync 3 DAGs
[2024-06-29T18:24:46.714+0000] {logging_mixin.py:154} INFO - [2024-06-29T18:24:46.714+0000] {dag.py:3722} INFO - Setting next_dagrun for example_branch_datetime_operator to 2024-06-28T00:00:00+00:00, run_after=2024-06-29T00:00:00+00:00
[2024-06-29T18:24:46.716+0000] {logging_mixin.py:154} INFO - [2024-06-29T18:24:46.716+0000] {dag.py:3722} INFO - Setting next_dagrun for example_branch_datetime_operator_2 to 2024-06-28T00:00:00+00:00, run_after=2024-06-29T00:00:00+00:00
[2024-06-29T18:24:46.718+0000] {logging_mixin.py:154} INFO - [2024-06-29T18:24:46.718+0000] {dag.py:3722} INFO - Setting next_dagrun for example_branch_datetime_operator_3 to 2024-06-28T00:00:00+00:00, run_after=2024-06-29T00:00:00+00:00
[2024-06-29T18:24:46.725+0000] {processor.py:179} INFO - Processing /home/airflow/.local/lib/python3.8/site-packages/airflow/example_dags/example_branch_datetime_operator.py took 0.044 seconds
[2024-06-29T18:25:17.687+0000] {processor.py:157} INFO - Started process (PID=1056) to work on /home/airflow/.local/lib/python3.8/site-packages/airflow/example_dags/example_branch_datetime_operator.py
[2024-06-29T18:25:17.687+0000] {processor.py:829} INFO - Processing file /home/airflow/.local/lib/python3.8/site-packages/airflow/example_dags/example_branch_datetime_operator.py for tasks to queue
[2024-06-29T18:25:17.688+0000] {logging_mixin.py:154} INFO - [2024-06-29T18:25:17.688+0000] {dagbag.py:536} INFO - Filling up the DagBag from /home/airflow/.local/lib/python3.8/site-packages/airflow/example_dags/example_branch_datetime_operator.py
[2024-06-29T18:25:17.693+0000] {processor.py:839} INFO - DAG(s) dict_keys(['example_branch_datetime_operator_3', 'example_branch_datetime_operator_2', 'example_branch_datetime_operator']) retrieved from /home/airflow/.local/lib/python3.8/site-packages/airflow/example_dags/example_branch_datetime_operator.py
[2024-06-29T18:25:17.709+0000] {logging_mixin.py:154} INFO - [2024-06-29T18:25:17.709+0000] {dag.py:2941} INFO - Sync 3 DAGs
[2024-06-29T18:25:17.722+0000] {logging_mixin.py:154} INFO - [2024-06-29T18:25:17.722+0000] {dag.py:3722} INFO - Setting next_dagrun for example_branch_datetime_operator to 2024-06-28T00:00:00+00:00, run_after=2024-06-29T00:00:00+00:00
[2024-06-29T18:25:17.725+0000] {logging_mixin.py:154} INFO - [2024-06-29T18:25:17.724+0000] {dag.py:3722} INFO - Setting next_dagrun for example_branch_datetime_operator_2 to 2024-06-28T00:00:00+00:00, run_after=2024-06-29T00:00:00+00:00
[2024-06-29T18:25:17.726+0000] {logging_mixin.py:154} INFO - [2024-06-29T18:25:17.726+0000] {dag.py:3722} INFO - Setting next_dagrun for example_branch_datetime_operator_3 to 2024-06-28T00:00:00+00:00, run_after=2024-06-29T00:00:00+00:00
[2024-06-29T18:25:17.735+0000] {processor.py:179} INFO - Processing /home/airflow/.local/lib/python3.8/site-packages/airflow/example_dags/example_branch_datetime_operator.py took 0.050 seconds
