[2024-06-29T18:22:22.574+0000] {processor.py:157} INFO - Started process (PID=173) to work on /home/airflow/.local/lib/python3.8/site-packages/airflow/example_dags/example_branch_operator_decorator.py
[2024-06-29T18:22:22.575+0000] {processor.py:829} INFO - Processing file /home/airflow/.local/lib/python3.8/site-packages/airflow/example_dags/example_branch_operator_decorator.py for tasks to queue
[2024-06-29T18:22:22.576+0000] {logging_mixin.py:154} INFO - [2024-06-29T18:22:22.576+0000] {dagbag.py:536} INFO - Filling up the DagBag from /home/airflow/.local/lib/python3.8/site-packages/airflow/example_dags/example_branch_operator_decorator.py
[2024-06-29T18:22:22.586+0000] {processor.py:839} INFO - DAG(s) dict_keys(['example_branch_python_operator_decorator']) retrieved from /home/airflow/.local/lib/python3.8/site-packages/airflow/example_dags/example_branch_operator_decorator.py
[2024-06-29T18:22:22.695+0000] {logging_mixin.py:154} INFO - [2024-06-29T18:22:22.695+0000] {manager.py:499} INFO - Created Permission View: %s
[2024-06-29T18:22:22.700+0000] {logging_mixin.py:154} INFO - [2024-06-29T18:22:22.700+0000] {manager.py:499} INFO - Created Permission View: %s
[2024-06-29T18:22:22.703+0000] {logging_mixin.py:154} INFO - [2024-06-29T18:22:22.703+0000] {manager.py:499} INFO - Created Permission View: %s
[2024-06-29T18:22:22.703+0000] {logging_mixin.py:154} INFO - [2024-06-29T18:22:22.703+0000] {dag.py:2941} INFO - Sync 1 DAGs
[2024-06-29T18:22:22.710+0000] {logging_mixin.py:154} INFO - [2024-06-29T18:22:22.710+0000] {dag.py:2963} INFO - Creating ORM DAG for example_branch_python_operator_decorator
[2024-06-29T18:22:22.715+0000] {logging_mixin.py:154} INFO - [2024-06-29T18:22:22.715+0000] {dag.py:3722} INFO - Setting next_dagrun for example_branch_python_operator_decorator to 2024-06-28T00:00:00+00:00, run_after=2024-06-29T00:00:00+00:00
[2024-06-29T18:22:22.726+0000] {processor.py:179} INFO - Processing /home/airflow/.local/lib/python3.8/site-packages/airflow/example_dags/example_branch_operator_decorator.py took 0.155 seconds
[2024-06-29T18:23:44.027+0000] {processor.py:157} INFO - Started process (PID=173) to work on /home/airflow/.local/lib/python3.8/site-packages/airflow/example_dags/example_branch_operator_decorator.py
[2024-06-29T18:23:44.030+0000] {processor.py:829} INFO - Processing file /home/airflow/.local/lib/python3.8/site-packages/airflow/example_dags/example_branch_operator_decorator.py for tasks to queue
[2024-06-29T18:23:44.035+0000] {logging_mixin.py:154} INFO - [2024-06-29T18:23:44.035+0000] {dagbag.py:536} INFO - Filling up the DagBag from /home/airflow/.local/lib/python3.8/site-packages/airflow/example_dags/example_branch_operator_decorator.py
[2024-06-29T18:23:44.049+0000] {processor.py:839} INFO - DAG(s) dict_keys(['example_branch_python_operator_decorator']) retrieved from /home/airflow/.local/lib/python3.8/site-packages/airflow/example_dags/example_branch_operator_decorator.py
[2024-06-29T18:23:44.074+0000] {logging_mixin.py:154} INFO - [2024-06-29T18:23:44.074+0000] {dag.py:2941} INFO - Sync 1 DAGs
[2024-06-29T18:23:44.091+0000] {logging_mixin.py:154} INFO - [2024-06-29T18:23:44.091+0000] {dag.py:3722} INFO - Setting next_dagrun for example_branch_python_operator_decorator to 2024-06-28T00:00:00+00:00, run_after=2024-06-29T00:00:00+00:00
[2024-06-29T18:23:44.102+0000] {processor.py:179} INFO - Processing /home/airflow/.local/lib/python3.8/site-packages/airflow/example_dags/example_branch_operator_decorator.py took 0.079 seconds
[2024-06-29T18:24:14.839+0000] {processor.py:157} INFO - Started process (PID=411) to work on /home/airflow/.local/lib/python3.8/site-packages/airflow/example_dags/example_branch_operator_decorator.py
[2024-06-29T18:24:14.840+0000] {processor.py:829} INFO - Processing file /home/airflow/.local/lib/python3.8/site-packages/airflow/example_dags/example_branch_operator_decorator.py for tasks to queue
[2024-06-29T18:24:14.842+0000] {logging_mixin.py:154} INFO - [2024-06-29T18:24:14.842+0000] {dagbag.py:536} INFO - Filling up the DagBag from /home/airflow/.local/lib/python3.8/site-packages/airflow/example_dags/example_branch_operator_decorator.py
[2024-06-29T18:24:14.857+0000] {processor.py:839} INFO - DAG(s) dict_keys(['example_branch_python_operator_decorator']) retrieved from /home/airflow/.local/lib/python3.8/site-packages/airflow/example_dags/example_branch_operator_decorator.py
[2024-06-29T18:24:14.880+0000] {logging_mixin.py:154} INFO - [2024-06-29T18:24:14.880+0000] {dag.py:2941} INFO - Sync 1 DAGs
[2024-06-29T18:24:14.898+0000] {logging_mixin.py:154} INFO - [2024-06-29T18:24:14.898+0000] {dag.py:3722} INFO - Setting next_dagrun for example_branch_python_operator_decorator to 2024-06-28T00:00:00+00:00, run_after=2024-06-29T00:00:00+00:00
[2024-06-29T18:24:14.909+0000] {processor.py:179} INFO - Processing /home/airflow/.local/lib/python3.8/site-packages/airflow/example_dags/example_branch_operator_decorator.py took 0.077 seconds
[2024-06-29T18:24:45.577+0000] {processor.py:157} INFO - Started process (PID=648) to work on /home/airflow/.local/lib/python3.8/site-packages/airflow/example_dags/example_branch_operator_decorator.py
[2024-06-29T18:24:45.578+0000] {processor.py:829} INFO - Processing file /home/airflow/.local/lib/python3.8/site-packages/airflow/example_dags/example_branch_operator_decorator.py for tasks to queue
[2024-06-29T18:24:45.579+0000] {logging_mixin.py:154} INFO - [2024-06-29T18:24:45.579+0000] {dagbag.py:536} INFO - Filling up the DagBag from /home/airflow/.local/lib/python3.8/site-packages/airflow/example_dags/example_branch_operator_decorator.py
[2024-06-29T18:24:45.592+0000] {processor.py:839} INFO - DAG(s) dict_keys(['example_branch_python_operator_decorator']) retrieved from /home/airflow/.local/lib/python3.8/site-packages/airflow/example_dags/example_branch_operator_decorator.py
[2024-06-29T18:24:45.614+0000] {logging_mixin.py:154} INFO - [2024-06-29T18:24:45.614+0000] {dag.py:2941} INFO - Sync 1 DAGs
[2024-06-29T18:24:45.630+0000] {logging_mixin.py:154} INFO - [2024-06-29T18:24:45.630+0000] {dag.py:3722} INFO - Setting next_dagrun for example_branch_python_operator_decorator to 2024-06-28T00:00:00+00:00, run_after=2024-06-29T00:00:00+00:00
[2024-06-29T18:24:45.649+0000] {processor.py:179} INFO - Processing /home/airflow/.local/lib/python3.8/site-packages/airflow/example_dags/example_branch_operator_decorator.py took 0.076 seconds
[2024-06-29T18:25:16.404+0000] {processor.py:157} INFO - Started process (PID=885) to work on /home/airflow/.local/lib/python3.8/site-packages/airflow/example_dags/example_branch_operator_decorator.py
[2024-06-29T18:25:16.406+0000] {processor.py:829} INFO - Processing file /home/airflow/.local/lib/python3.8/site-packages/airflow/example_dags/example_branch_operator_decorator.py for tasks to queue
[2024-06-29T18:25:16.407+0000] {logging_mixin.py:154} INFO - [2024-06-29T18:25:16.407+0000] {dagbag.py:536} INFO - Filling up the DagBag from /home/airflow/.local/lib/python3.8/site-packages/airflow/example_dags/example_branch_operator_decorator.py
[2024-06-29T18:25:16.424+0000] {processor.py:839} INFO - DAG(s) dict_keys(['example_branch_python_operator_decorator']) retrieved from /home/airflow/.local/lib/python3.8/site-packages/airflow/example_dags/example_branch_operator_decorator.py
[2024-06-29T18:25:16.450+0000] {logging_mixin.py:154} INFO - [2024-06-29T18:25:16.450+0000] {dag.py:2941} INFO - Sync 1 DAGs
[2024-06-29T18:25:16.465+0000] {logging_mixin.py:154} INFO - [2024-06-29T18:25:16.465+0000] {dag.py:3722} INFO - Setting next_dagrun for example_branch_python_operator_decorator to 2024-06-28T00:00:00+00:00, run_after=2024-06-29T00:00:00+00:00
[2024-06-29T18:25:16.476+0000] {processor.py:179} INFO - Processing /home/airflow/.local/lib/python3.8/site-packages/airflow/example_dags/example_branch_operator_decorator.py took 0.079 seconds
