[2024-06-29T18:22:22.964+0000] {processor.py:157} INFO - Started process (PID=193) to work on /home/airflow/.local/lib/python3.8/site-packages/airflow/example_dags/example_trigger_target_dag.py
[2024-06-29T18:22:22.966+0000] {processor.py:829} INFO - Processing file /home/airflow/.local/lib/python3.8/site-packages/airflow/example_dags/example_trigger_target_dag.py for tasks to queue
[2024-06-29T18:22:22.967+0000] {logging_mixin.py:154} INFO - [2024-06-29T18:22:22.967+0000] {dagbag.py:536} INFO - Filling up the DagBag from /home/airflow/.local/lib/python3.8/site-packages/airflow/example_dags/example_trigger_target_dag.py
[2024-06-29T18:22:22.975+0000] {processor.py:839} INFO - DAG(s) dict_keys(['example_trigger_target_dag']) retrieved from /home/airflow/.local/lib/python3.8/site-packages/airflow/example_dags/example_trigger_target_dag.py
[2024-06-29T18:22:23.030+0000] {logging_mixin.py:154} INFO - [2024-06-29T18:22:23.030+0000] {manager.py:499} INFO - Created Permission View: %s
[2024-06-29T18:22:23.035+0000] {logging_mixin.py:154} INFO - [2024-06-29T18:22:23.035+0000] {manager.py:499} INFO - Created Permission View: %s
[2024-06-29T18:22:23.038+0000] {logging_mixin.py:154} INFO - [2024-06-29T18:22:23.038+0000] {manager.py:499} INFO - Created Permission View: %s
[2024-06-29T18:22:23.038+0000] {logging_mixin.py:154} INFO - [2024-06-29T18:22:23.038+0000] {dag.py:2941} INFO - Sync 1 DAGs
[2024-06-29T18:22:23.047+0000] {logging_mixin.py:154} INFO - [2024-06-29T18:22:23.047+0000] {dag.py:2963} INFO - Creating ORM DAG for example_trigger_target_dag
[2024-06-29T18:22:23.048+0000] {logging_mixin.py:154} INFO - [2024-06-29T18:22:23.048+0000] {dag.py:3722} INFO - Setting next_dagrun for example_trigger_target_dag to None, run_after=None
[2024-06-29T18:22:23.062+0000] {processor.py:179} INFO - Processing /home/airflow/.local/lib/python3.8/site-packages/airflow/example_dags/example_trigger_target_dag.py took 0.100 seconds
[2024-06-29T18:23:44.183+0000] {processor.py:157} INFO - Started process (PID=193) to work on /home/airflow/.local/lib/python3.8/site-packages/airflow/example_dags/example_trigger_target_dag.py
[2024-06-29T18:23:44.184+0000] {processor.py:829} INFO - Processing file /home/airflow/.local/lib/python3.8/site-packages/airflow/example_dags/example_trigger_target_dag.py for tasks to queue
[2024-06-29T18:23:44.184+0000] {logging_mixin.py:154} INFO - [2024-06-29T18:23:44.184+0000] {dagbag.py:536} INFO - Filling up the DagBag from /home/airflow/.local/lib/python3.8/site-packages/airflow/example_dags/example_trigger_target_dag.py
[2024-06-29T18:23:44.189+0000] {processor.py:839} INFO - DAG(s) dict_keys(['example_trigger_target_dag']) retrieved from /home/airflow/.local/lib/python3.8/site-packages/airflow/example_dags/example_trigger_target_dag.py
[2024-06-29T18:23:44.197+0000] {logging_mixin.py:154} INFO - [2024-06-29T18:23:44.196+0000] {dag.py:2941} INFO - Sync 1 DAGs
[2024-06-29T18:23:44.210+0000] {logging_mixin.py:154} INFO - [2024-06-29T18:23:44.209+0000] {dag.py:3722} INFO - Setting next_dagrun for example_trigger_target_dag to None, run_after=None
[2024-06-29T18:23:44.225+0000] {processor.py:179} INFO - Processing /home/airflow/.local/lib/python3.8/site-packages/airflow/example_dags/example_trigger_target_dag.py took 0.044 seconds
[2024-06-29T18:24:15.003+0000] {processor.py:157} INFO - Started process (PID=431) to work on /home/airflow/.local/lib/python3.8/site-packages/airflow/example_dags/example_trigger_target_dag.py
[2024-06-29T18:24:15.004+0000] {processor.py:829} INFO - Processing file /home/airflow/.local/lib/python3.8/site-packages/airflow/example_dags/example_trigger_target_dag.py for tasks to queue
[2024-06-29T18:24:15.005+0000] {logging_mixin.py:154} INFO - [2024-06-29T18:24:15.005+0000] {dagbag.py:536} INFO - Filling up the DagBag from /home/airflow/.local/lib/python3.8/site-packages/airflow/example_dags/example_trigger_target_dag.py
[2024-06-29T18:24:15.008+0000] {processor.py:839} INFO - DAG(s) dict_keys(['example_trigger_target_dag']) retrieved from /home/airflow/.local/lib/python3.8/site-packages/airflow/example_dags/example_trigger_target_dag.py
[2024-06-29T18:24:15.021+0000] {logging_mixin.py:154} INFO - [2024-06-29T18:24:15.021+0000] {dag.py:2941} INFO - Sync 1 DAGs
[2024-06-29T18:24:15.028+0000] {logging_mixin.py:154} INFO - [2024-06-29T18:24:15.028+0000] {dag.py:3722} INFO - Setting next_dagrun for example_trigger_target_dag to None, run_after=None
[2024-06-29T18:24:15.038+0000] {processor.py:179} INFO - Processing /home/airflow/.local/lib/python3.8/site-packages/airflow/example_dags/example_trigger_target_dag.py took 0.037 seconds
[2024-06-29T18:24:45.761+0000] {processor.py:157} INFO - Started process (PID=668) to work on /home/airflow/.local/lib/python3.8/site-packages/airflow/example_dags/example_trigger_target_dag.py
[2024-06-29T18:24:45.761+0000] {processor.py:829} INFO - Processing file /home/airflow/.local/lib/python3.8/site-packages/airflow/example_dags/example_trigger_target_dag.py for tasks to queue
[2024-06-29T18:24:45.762+0000] {logging_mixin.py:154} INFO - [2024-06-29T18:24:45.761+0000] {dagbag.py:536} INFO - Filling up the DagBag from /home/airflow/.local/lib/python3.8/site-packages/airflow/example_dags/example_trigger_target_dag.py
[2024-06-29T18:24:45.765+0000] {processor.py:839} INFO - DAG(s) dict_keys(['example_trigger_target_dag']) retrieved from /home/airflow/.local/lib/python3.8/site-packages/airflow/example_dags/example_trigger_target_dag.py
[2024-06-29T18:24:45.776+0000] {logging_mixin.py:154} INFO - [2024-06-29T18:24:45.776+0000] {dag.py:2941} INFO - Sync 1 DAGs
[2024-06-29T18:24:45.782+0000] {logging_mixin.py:154} INFO - [2024-06-29T18:24:45.782+0000] {dag.py:3722} INFO - Setting next_dagrun for example_trigger_target_dag to None, run_after=None
[2024-06-29T18:24:45.792+0000] {processor.py:179} INFO - Processing /home/airflow/.local/lib/python3.8/site-packages/airflow/example_dags/example_trigger_target_dag.py took 0.033 seconds
[2024-06-29T18:25:16.597+0000] {processor.py:157} INFO - Started process (PID=905) to work on /home/airflow/.local/lib/python3.8/site-packages/airflow/example_dags/example_trigger_target_dag.py
[2024-06-29T18:25:16.598+0000] {processor.py:829} INFO - Processing file /home/airflow/.local/lib/python3.8/site-packages/airflow/example_dags/example_trigger_target_dag.py for tasks to queue
[2024-06-29T18:25:16.599+0000] {logging_mixin.py:154} INFO - [2024-06-29T18:25:16.598+0000] {dagbag.py:536} INFO - Filling up the DagBag from /home/airflow/.local/lib/python3.8/site-packages/airflow/example_dags/example_trigger_target_dag.py
[2024-06-29T18:25:16.604+0000] {processor.py:839} INFO - DAG(s) dict_keys(['example_trigger_target_dag']) retrieved from /home/airflow/.local/lib/python3.8/site-packages/airflow/example_dags/example_trigger_target_dag.py
[2024-06-29T18:25:16.616+0000] {logging_mixin.py:154} INFO - [2024-06-29T18:25:16.616+0000] {dag.py:2941} INFO - Sync 1 DAGs
[2024-06-29T18:25:16.623+0000] {logging_mixin.py:154} INFO - [2024-06-29T18:25:16.623+0000] {dag.py:3722} INFO - Setting next_dagrun for example_trigger_target_dag to None, run_after=None
[2024-06-29T18:25:16.633+0000] {processor.py:179} INFO - Processing /home/airflow/.local/lib/python3.8/site-packages/airflow/example_dags/example_trigger_target_dag.py took 0.039 seconds
