[2024-06-29T18:22:23.726+0000] {processor.py:157} INFO - Started process (PID=258) to work on /home/airflow/.local/lib/python3.8/site-packages/airflow/example_dags/example_sla_dag.py
[2024-06-29T18:22:23.726+0000] {processor.py:829} INFO - Processing file /home/airflow/.local/lib/python3.8/site-packages/airflow/example_dags/example_sla_dag.py for tasks to queue
[2024-06-29T18:22:23.727+0000] {logging_mixin.py:154} INFO - [2024-06-29T18:22:23.727+0000] {dagbag.py:536} INFO - Filling up the DagBag from /home/airflow/.local/lib/python3.8/site-packages/airflow/example_dags/example_sla_dag.py
[2024-06-29T18:22:23.733+0000] {processor.py:839} INFO - DAG(s) dict_keys(['example_sla_dag']) retrieved from /home/airflow/.local/lib/python3.8/site-packages/airflow/example_dags/example_sla_dag.py
[2024-06-29T18:22:23.783+0000] {logging_mixin.py:154} INFO - [2024-06-29T18:22:23.783+0000] {manager.py:499} INFO - Created Permission View: %s
[2024-06-29T18:22:23.788+0000] {logging_mixin.py:154} INFO - [2024-06-29T18:22:23.788+0000] {manager.py:499} INFO - Created Permission View: %s
[2024-06-29T18:22:23.791+0000] {logging_mixin.py:154} INFO - [2024-06-29T18:22:23.791+0000] {manager.py:499} INFO - Created Permission View: %s
[2024-06-29T18:22:23.792+0000] {logging_mixin.py:154} INFO - [2024-06-29T18:22:23.792+0000] {dag.py:2941} INFO - Sync 1 DAGs
[2024-06-29T18:22:23.797+0000] {logging_mixin.py:154} INFO - [2024-06-29T18:22:23.797+0000] {dag.py:2963} INFO - Creating ORM DAG for example_sla_dag
[2024-06-29T18:22:23.803+0000] {logging_mixin.py:154} INFO - [2024-06-29T18:22:23.803+0000] {dag.py:3722} INFO - Setting next_dagrun for example_sla_dag to 2024-06-29T18:20:00+00:00, run_after=2024-06-29T18:22:00+00:00
[2024-06-29T18:22:23.811+0000] {processor.py:179} INFO - Processing /home/airflow/.local/lib/python3.8/site-packages/airflow/example_dags/example_sla_dag.py took 0.087 seconds
[2024-06-29T18:23:44.622+0000] {processor.py:157} INFO - Started process (PID=258) to work on /home/airflow/.local/lib/python3.8/site-packages/airflow/example_dags/example_sla_dag.py
[2024-06-29T18:23:44.623+0000] {processor.py:829} INFO - Processing file /home/airflow/.local/lib/python3.8/site-packages/airflow/example_dags/example_sla_dag.py for tasks to queue
[2024-06-29T18:23:44.623+0000] {logging_mixin.py:154} INFO - [2024-06-29T18:23:44.623+0000] {dagbag.py:536} INFO - Filling up the DagBag from /home/airflow/.local/lib/python3.8/site-packages/airflow/example_dags/example_sla_dag.py
[2024-06-29T18:23:44.629+0000] {processor.py:839} INFO - DAG(s) dict_keys(['example_sla_dag']) retrieved from /home/airflow/.local/lib/python3.8/site-packages/airflow/example_dags/example_sla_dag.py
[2024-06-29T18:23:44.636+0000] {logging_mixin.py:154} INFO - [2024-06-29T18:23:44.636+0000] {dag.py:2941} INFO - Sync 1 DAGs
[2024-06-29T18:23:44.650+0000] {logging_mixin.py:154} INFO - [2024-06-29T18:23:44.650+0000] {dag.py:3722} INFO - Setting next_dagrun for example_sla_dag to 2024-06-29T18:20:00+00:00, run_after=2024-06-29T18:22:00+00:00
[2024-06-29T18:23:44.659+0000] {processor.py:179} INFO - Processing /home/airflow/.local/lib/python3.8/site-packages/airflow/example_dags/example_sla_dag.py took 0.039 seconds
[2024-06-29T18:24:15.381+0000] {processor.py:157} INFO - Started process (PID=496) to work on /home/airflow/.local/lib/python3.8/site-packages/airflow/example_dags/example_sla_dag.py
[2024-06-29T18:24:15.381+0000] {processor.py:829} INFO - Processing file /home/airflow/.local/lib/python3.8/site-packages/airflow/example_dags/example_sla_dag.py for tasks to queue
[2024-06-29T18:24:15.382+0000] {logging_mixin.py:154} INFO - [2024-06-29T18:24:15.382+0000] {dagbag.py:536} INFO - Filling up the DagBag from /home/airflow/.local/lib/python3.8/site-packages/airflow/example_dags/example_sla_dag.py
[2024-06-29T18:24:15.387+0000] {processor.py:839} INFO - DAG(s) dict_keys(['example_sla_dag']) retrieved from /home/airflow/.local/lib/python3.8/site-packages/airflow/example_dags/example_sla_dag.py
[2024-06-29T18:24:15.398+0000] {logging_mixin.py:154} INFO - [2024-06-29T18:24:15.398+0000] {dag.py:2941} INFO - Sync 1 DAGs
[2024-06-29T18:24:15.410+0000] {logging_mixin.py:154} INFO - [2024-06-29T18:24:15.410+0000] {dag.py:3722} INFO - Setting next_dagrun for example_sla_dag to 2024-06-29T18:22:00+00:00, run_after=2024-06-29T18:24:00+00:00
[2024-06-29T18:24:15.419+0000] {processor.py:179} INFO - Processing /home/airflow/.local/lib/python3.8/site-packages/airflow/example_dags/example_sla_dag.py took 0.041 seconds
[2024-06-29T18:24:46.123+0000] {processor.py:157} INFO - Started process (PID=733) to work on /home/airflow/.local/lib/python3.8/site-packages/airflow/example_dags/example_sla_dag.py
[2024-06-29T18:24:46.124+0000] {processor.py:829} INFO - Processing file /home/airflow/.local/lib/python3.8/site-packages/airflow/example_dags/example_sla_dag.py for tasks to queue
[2024-06-29T18:24:46.124+0000] {logging_mixin.py:154} INFO - [2024-06-29T18:24:46.124+0000] {dagbag.py:536} INFO - Filling up the DagBag from /home/airflow/.local/lib/python3.8/site-packages/airflow/example_dags/example_sla_dag.py
[2024-06-29T18:24:46.129+0000] {processor.py:839} INFO - DAG(s) dict_keys(['example_sla_dag']) retrieved from /home/airflow/.local/lib/python3.8/site-packages/airflow/example_dags/example_sla_dag.py
[2024-06-29T18:24:46.139+0000] {logging_mixin.py:154} INFO - [2024-06-29T18:24:46.139+0000] {dag.py:2941} INFO - Sync 1 DAGs
[2024-06-29T18:24:46.151+0000] {logging_mixin.py:154} INFO - [2024-06-29T18:24:46.151+0000] {dag.py:3722} INFO - Setting next_dagrun for example_sla_dag to 2024-06-29T18:22:00+00:00, run_after=2024-06-29T18:24:00+00:00
[2024-06-29T18:24:46.159+0000] {processor.py:179} INFO - Processing /home/airflow/.local/lib/python3.8/site-packages/airflow/example_dags/example_sla_dag.py took 0.038 seconds
[2024-06-29T18:25:16.985+0000] {processor.py:157} INFO - Started process (PID=970) to work on /home/airflow/.local/lib/python3.8/site-packages/airflow/example_dags/example_sla_dag.py
[2024-06-29T18:25:16.986+0000] {processor.py:829} INFO - Processing file /home/airflow/.local/lib/python3.8/site-packages/airflow/example_dags/example_sla_dag.py for tasks to queue
[2024-06-29T18:25:16.987+0000] {logging_mixin.py:154} INFO - [2024-06-29T18:25:16.986+0000] {dagbag.py:536} INFO - Filling up the DagBag from /home/airflow/.local/lib/python3.8/site-packages/airflow/example_dags/example_sla_dag.py
[2024-06-29T18:25:16.991+0000] {processor.py:839} INFO - DAG(s) dict_keys(['example_sla_dag']) retrieved from /home/airflow/.local/lib/python3.8/site-packages/airflow/example_dags/example_sla_dag.py
[2024-06-29T18:25:17.003+0000] {logging_mixin.py:154} INFO - [2024-06-29T18:25:17.003+0000] {dag.py:2941} INFO - Sync 1 DAGs
[2024-06-29T18:25:17.020+0000] {logging_mixin.py:154} INFO - [2024-06-29T18:25:17.020+0000] {dag.py:3722} INFO - Setting next_dagrun for example_sla_dag to 2024-06-29T18:22:00+00:00, run_after=2024-06-29T18:24:00+00:00
[2024-06-29T18:25:17.037+0000] {processor.py:179} INFO - Processing /home/airflow/.local/lib/python3.8/site-packages/airflow/example_dags/example_sla_dag.py took 0.053 seconds
