[2024-06-29T18:22:24.825+0000] {processor.py:157} INFO - Started process (PID=358) to work on /home/airflow/.local/lib/python3.8/site-packages/airflow/example_dags/example_local_kubernetes_executor.py
[2024-06-29T18:22:24.826+0000] {processor.py:829} INFO - Processing file /home/airflow/.local/lib/python3.8/site-packages/airflow/example_dags/example_local_kubernetes_executor.py for tasks to queue
[2024-06-29T18:22:24.827+0000] {logging_mixin.py:154} INFO - [2024-06-29T18:22:24.827+0000] {dagbag.py:536} INFO - Filling up the DagBag from /home/airflow/.local/lib/python3.8/site-packages/airflow/example_dags/example_local_kubernetes_executor.py
[2024-06-29T18:22:24.834+0000] {processor.py:839} INFO - DAG(s) dict_keys(['example_local_kubernetes_executor']) retrieved from /home/airflow/.local/lib/python3.8/site-packages/airflow/example_dags/example_local_kubernetes_executor.py
[2024-06-29T18:22:24.894+0000] {logging_mixin.py:154} INFO - [2024-06-29T18:22:24.893+0000] {manager.py:499} INFO - Created Permission View: %s
[2024-06-29T18:22:24.898+0000] {logging_mixin.py:154} INFO - [2024-06-29T18:22:24.898+0000] {manager.py:499} INFO - Created Permission View: %s
[2024-06-29T18:22:24.901+0000] {logging_mixin.py:154} INFO - [2024-06-29T18:22:24.901+0000] {manager.py:499} INFO - Created Permission View: %s
[2024-06-29T18:22:24.901+0000] {logging_mixin.py:154} INFO - [2024-06-29T18:22:24.901+0000] {dag.py:2941} INFO - Sync 1 DAGs
[2024-06-29T18:22:24.907+0000] {logging_mixin.py:154} INFO - [2024-06-29T18:22:24.907+0000] {dag.py:2963} INFO - Creating ORM DAG for example_local_kubernetes_executor
[2024-06-29T18:22:24.907+0000] {logging_mixin.py:154} INFO - [2024-06-29T18:22:24.907+0000] {dag.py:3722} INFO - Setting next_dagrun for example_local_kubernetes_executor to None, run_after=None
[2024-06-29T18:22:24.916+0000] {processor.py:179} INFO - Processing /home/airflow/.local/lib/python3.8/site-packages/airflow/example_dags/example_local_kubernetes_executor.py took 0.093 seconds
[2024-06-29T18:23:45.370+0000] {processor.py:157} INFO - Started process (PID=360) to work on /home/airflow/.local/lib/python3.8/site-packages/airflow/example_dags/example_local_kubernetes_executor.py
[2024-06-29T18:23:45.371+0000] {processor.py:829} INFO - Processing file /home/airflow/.local/lib/python3.8/site-packages/airflow/example_dags/example_local_kubernetes_executor.py for tasks to queue
[2024-06-29T18:23:45.371+0000] {logging_mixin.py:154} INFO - [2024-06-29T18:23:45.371+0000] {dagbag.py:536} INFO - Filling up the DagBag from /home/airflow/.local/lib/python3.8/site-packages/airflow/example_dags/example_local_kubernetes_executor.py
[2024-06-29T18:23:45.376+0000] {processor.py:839} INFO - DAG(s) dict_keys(['example_local_kubernetes_executor']) retrieved from /home/airflow/.local/lib/python3.8/site-packages/airflow/example_dags/example_local_kubernetes_executor.py
[2024-06-29T18:23:45.383+0000] {logging_mixin.py:154} INFO - [2024-06-29T18:23:45.383+0000] {dag.py:2941} INFO - Sync 1 DAGs
[2024-06-29T18:23:45.391+0000] {logging_mixin.py:154} INFO - [2024-06-29T18:23:45.391+0000] {dag.py:3722} INFO - Setting next_dagrun for example_local_kubernetes_executor to None, run_after=None
[2024-06-29T18:23:45.402+0000] {processor.py:179} INFO - Processing /home/airflow/.local/lib/python3.8/site-packages/airflow/example_dags/example_local_kubernetes_executor.py took 0.034 seconds
[2024-06-29T18:24:16.106+0000] {processor.py:157} INFO - Started process (PID=596) to work on /home/airflow/.local/lib/python3.8/site-packages/airflow/example_dags/example_local_kubernetes_executor.py
[2024-06-29T18:24:16.107+0000] {processor.py:829} INFO - Processing file /home/airflow/.local/lib/python3.8/site-packages/airflow/example_dags/example_local_kubernetes_executor.py for tasks to queue
[2024-06-29T18:24:16.108+0000] {logging_mixin.py:154} INFO - [2024-06-29T18:24:16.107+0000] {dagbag.py:536} INFO - Filling up the DagBag from /home/airflow/.local/lib/python3.8/site-packages/airflow/example_dags/example_local_kubernetes_executor.py
[2024-06-29T18:24:16.112+0000] {processor.py:839} INFO - DAG(s) dict_keys(['example_local_kubernetes_executor']) retrieved from /home/airflow/.local/lib/python3.8/site-packages/airflow/example_dags/example_local_kubernetes_executor.py
[2024-06-29T18:24:16.128+0000] {logging_mixin.py:154} INFO - [2024-06-29T18:24:16.128+0000] {dag.py:2941} INFO - Sync 1 DAGs
[2024-06-29T18:24:16.135+0000] {logging_mixin.py:154} INFO - [2024-06-29T18:24:16.135+0000] {dag.py:3722} INFO - Setting next_dagrun for example_local_kubernetes_executor to None, run_after=None
[2024-06-29T18:24:16.145+0000] {processor.py:179} INFO - Processing /home/airflow/.local/lib/python3.8/site-packages/airflow/example_dags/example_local_kubernetes_executor.py took 0.040 seconds
[2024-06-29T18:24:46.793+0000] {processor.py:157} INFO - Started process (PID=833) to work on /home/airflow/.local/lib/python3.8/site-packages/airflow/example_dags/example_local_kubernetes_executor.py
[2024-06-29T18:24:46.794+0000] {processor.py:829} INFO - Processing file /home/airflow/.local/lib/python3.8/site-packages/airflow/example_dags/example_local_kubernetes_executor.py for tasks to queue
[2024-06-29T18:24:46.794+0000] {logging_mixin.py:154} INFO - [2024-06-29T18:24:46.794+0000] {dagbag.py:536} INFO - Filling up the DagBag from /home/airflow/.local/lib/python3.8/site-packages/airflow/example_dags/example_local_kubernetes_executor.py
[2024-06-29T18:24:46.799+0000] {processor.py:839} INFO - DAG(s) dict_keys(['example_local_kubernetes_executor']) retrieved from /home/airflow/.local/lib/python3.8/site-packages/airflow/example_dags/example_local_kubernetes_executor.py
[2024-06-29T18:24:46.815+0000] {logging_mixin.py:154} INFO - [2024-06-29T18:24:46.815+0000] {dag.py:2941} INFO - Sync 1 DAGs
[2024-06-29T18:24:46.821+0000] {logging_mixin.py:154} INFO - [2024-06-29T18:24:46.821+0000] {dag.py:3722} INFO - Setting next_dagrun for example_local_kubernetes_executor to None, run_after=None
[2024-06-29T18:24:46.830+0000] {processor.py:179} INFO - Processing /home/airflow/.local/lib/python3.8/site-packages/airflow/example_dags/example_local_kubernetes_executor.py took 0.040 seconds
[2024-06-29T18:25:17.803+0000] {processor.py:157} INFO - Started process (PID=1072) to work on /home/airflow/.local/lib/python3.8/site-packages/airflow/example_dags/example_local_kubernetes_executor.py
[2024-06-29T18:25:17.804+0000] {processor.py:829} INFO - Processing file /home/airflow/.local/lib/python3.8/site-packages/airflow/example_dags/example_local_kubernetes_executor.py for tasks to queue
[2024-06-29T18:25:17.804+0000] {logging_mixin.py:154} INFO - [2024-06-29T18:25:17.804+0000] {dagbag.py:536} INFO - Filling up the DagBag from /home/airflow/.local/lib/python3.8/site-packages/airflow/example_dags/example_local_kubernetes_executor.py
[2024-06-29T18:25:17.809+0000] {processor.py:839} INFO - DAG(s) dict_keys(['example_local_kubernetes_executor']) retrieved from /home/airflow/.local/lib/python3.8/site-packages/airflow/example_dags/example_local_kubernetes_executor.py
[2024-06-29T18:25:17.827+0000] {logging_mixin.py:154} INFO - [2024-06-29T18:25:17.827+0000] {dag.py:2941} INFO - Sync 1 DAGs
[2024-06-29T18:25:17.833+0000] {logging_mixin.py:154} INFO - [2024-06-29T18:25:17.833+0000] {dag.py:3722} INFO - Setting next_dagrun for example_local_kubernetes_executor to None, run_after=None
[2024-06-29T18:25:17.842+0000] {processor.py:179} INFO - Processing /home/airflow/.local/lib/python3.8/site-packages/airflow/example_dags/example_local_kubernetes_executor.py took 0.041 seconds
