[2024-06-29T18:22:22.547+0000] {processor.py:157} INFO - Started process (PID=170) to work on /home/airflow/.local/lib/python3.8/site-packages/airflow/example_dags/example_branch_labels.py
[2024-06-29T18:22:22.548+0000] {processor.py:829} INFO - Processing file /home/airflow/.local/lib/python3.8/site-packages/airflow/example_dags/example_branch_labels.py for tasks to queue
[2024-06-29T18:22:22.548+0000] {logging_mixin.py:154} INFO - [2024-06-29T18:22:22.548+0000] {dagbag.py:536} INFO - Filling up the DagBag from /home/airflow/.local/lib/python3.8/site-packages/airflow/example_dags/example_branch_labels.py
[2024-06-29T18:22:22.560+0000] {processor.py:839} INFO - DAG(s) dict_keys(['example_branch_labels']) retrieved from /home/airflow/.local/lib/python3.8/site-packages/airflow/example_dags/example_branch_labels.py
[2024-06-29T18:22:22.695+0000] {logging_mixin.py:154} INFO - [2024-06-29T18:22:22.695+0000] {manager.py:499} INFO - Created Permission View: %s
[2024-06-29T18:22:22.700+0000] {logging_mixin.py:154} INFO - [2024-06-29T18:22:22.700+0000] {manager.py:499} INFO - Created Permission View: %s
[2024-06-29T18:22:22.703+0000] {logging_mixin.py:154} INFO - [2024-06-29T18:22:22.703+0000] {manager.py:499} INFO - Created Permission View: %s
[2024-06-29T18:22:22.704+0000] {logging_mixin.py:154} INFO - [2024-06-29T18:22:22.703+0000] {dag.py:2941} INFO - Sync 1 DAGs
[2024-06-29T18:22:22.709+0000] {logging_mixin.py:154} INFO - [2024-06-29T18:22:22.709+0000] {dag.py:2963} INFO - Creating ORM DAG for example_branch_labels
[2024-06-29T18:22:22.715+0000] {logging_mixin.py:154} INFO - [2024-06-29T18:22:22.715+0000] {dag.py:3722} INFO - Setting next_dagrun for example_branch_labels to 2024-06-28T00:00:00+00:00, run_after=2024-06-29T00:00:00+00:00
[2024-06-29T18:22:22.724+0000] {processor.py:179} INFO - Processing /home/airflow/.local/lib/python3.8/site-packages/airflow/example_dags/example_branch_labels.py took 0.180 seconds
[2024-06-29T18:23:44.010+0000] {processor.py:157} INFO - Started process (PID=170) to work on /home/airflow/.local/lib/python3.8/site-packages/airflow/example_dags/example_branch_labels.py
[2024-06-29T18:23:44.011+0000] {processor.py:829} INFO - Processing file /home/airflow/.local/lib/python3.8/site-packages/airflow/example_dags/example_branch_labels.py for tasks to queue
[2024-06-29T18:23:44.012+0000] {logging_mixin.py:154} INFO - [2024-06-29T18:23:44.012+0000] {dagbag.py:536} INFO - Filling up the DagBag from /home/airflow/.local/lib/python3.8/site-packages/airflow/example_dags/example_branch_labels.py
[2024-06-29T18:23:44.026+0000] {processor.py:839} INFO - DAG(s) dict_keys(['example_branch_labels']) retrieved from /home/airflow/.local/lib/python3.8/site-packages/airflow/example_dags/example_branch_labels.py
[2024-06-29T18:23:44.058+0000] {logging_mixin.py:154} INFO - [2024-06-29T18:23:44.058+0000] {dag.py:2941} INFO - Sync 1 DAGs
[2024-06-29T18:23:44.081+0000] {logging_mixin.py:154} INFO - [2024-06-29T18:23:44.081+0000] {dag.py:3722} INFO - Setting next_dagrun for example_branch_labels to 2024-06-28T00:00:00+00:00, run_after=2024-06-29T00:00:00+00:00
[2024-06-29T18:23:44.093+0000] {processor.py:179} INFO - Processing /home/airflow/.local/lib/python3.8/site-packages/airflow/example_dags/example_branch_labels.py took 0.086 seconds
[2024-06-29T18:24:14.830+0000] {processor.py:157} INFO - Started process (PID=408) to work on /home/airflow/.local/lib/python3.8/site-packages/airflow/example_dags/example_branch_labels.py
[2024-06-29T18:24:14.832+0000] {processor.py:829} INFO - Processing file /home/airflow/.local/lib/python3.8/site-packages/airflow/example_dags/example_branch_labels.py for tasks to queue
[2024-06-29T18:24:14.833+0000] {logging_mixin.py:154} INFO - [2024-06-29T18:24:14.833+0000] {dagbag.py:536} INFO - Filling up the DagBag from /home/airflow/.local/lib/python3.8/site-packages/airflow/example_dags/example_branch_labels.py
[2024-06-29T18:24:14.846+0000] {processor.py:839} INFO - DAG(s) dict_keys(['example_branch_labels']) retrieved from /home/airflow/.local/lib/python3.8/site-packages/airflow/example_dags/example_branch_labels.py
[2024-06-29T18:24:14.872+0000] {logging_mixin.py:154} INFO - [2024-06-29T18:24:14.872+0000] {dag.py:2941} INFO - Sync 1 DAGs
[2024-06-29T18:24:14.891+0000] {logging_mixin.py:154} INFO - [2024-06-29T18:24:14.891+0000] {dag.py:3722} INFO - Setting next_dagrun for example_branch_labels to 2024-06-28T00:00:00+00:00, run_after=2024-06-29T00:00:00+00:00
[2024-06-29T18:24:14.903+0000] {processor.py:179} INFO - Processing /home/airflow/.local/lib/python3.8/site-packages/airflow/example_dags/example_branch_labels.py took 0.081 seconds
[2024-06-29T18:24:45.573+0000] {processor.py:157} INFO - Started process (PID=645) to work on /home/airflow/.local/lib/python3.8/site-packages/airflow/example_dags/example_branch_labels.py
[2024-06-29T18:24:45.575+0000] {processor.py:829} INFO - Processing file /home/airflow/.local/lib/python3.8/site-packages/airflow/example_dags/example_branch_labels.py for tasks to queue
[2024-06-29T18:24:45.576+0000] {logging_mixin.py:154} INFO - [2024-06-29T18:24:45.575+0000] {dagbag.py:536} INFO - Filling up the DagBag from /home/airflow/.local/lib/python3.8/site-packages/airflow/example_dags/example_branch_labels.py
[2024-06-29T18:24:45.589+0000] {processor.py:839} INFO - DAG(s) dict_keys(['example_branch_labels']) retrieved from /home/airflow/.local/lib/python3.8/site-packages/airflow/example_dags/example_branch_labels.py
[2024-06-29T18:24:45.613+0000] {logging_mixin.py:154} INFO - [2024-06-29T18:24:45.613+0000] {dag.py:2941} INFO - Sync 1 DAGs
[2024-06-29T18:24:45.630+0000] {logging_mixin.py:154} INFO - [2024-06-29T18:24:45.630+0000] {dag.py:3722} INFO - Setting next_dagrun for example_branch_labels to 2024-06-28T00:00:00+00:00, run_after=2024-06-29T00:00:00+00:00
[2024-06-29T18:24:45.649+0000] {processor.py:179} INFO - Processing /home/airflow/.local/lib/python3.8/site-packages/airflow/example_dags/example_branch_labels.py took 0.080 seconds
[2024-06-29T18:25:16.397+0000] {processor.py:157} INFO - Started process (PID=882) to work on /home/airflow/.local/lib/python3.8/site-packages/airflow/example_dags/example_branch_labels.py
[2024-06-29T18:25:16.399+0000] {processor.py:829} INFO - Processing file /home/airflow/.local/lib/python3.8/site-packages/airflow/example_dags/example_branch_labels.py for tasks to queue
[2024-06-29T18:25:16.400+0000] {logging_mixin.py:154} INFO - [2024-06-29T18:25:16.400+0000] {dagbag.py:536} INFO - Filling up the DagBag from /home/airflow/.local/lib/python3.8/site-packages/airflow/example_dags/example_branch_labels.py
[2024-06-29T18:25:16.415+0000] {processor.py:839} INFO - DAG(s) dict_keys(['example_branch_labels']) retrieved from /home/airflow/.local/lib/python3.8/site-packages/airflow/example_dags/example_branch_labels.py
[2024-06-29T18:25:16.446+0000] {logging_mixin.py:154} INFO - [2024-06-29T18:25:16.446+0000] {dag.py:2941} INFO - Sync 1 DAGs
[2024-06-29T18:25:16.463+0000] {logging_mixin.py:154} INFO - [2024-06-29T18:25:16.463+0000] {dag.py:3722} INFO - Setting next_dagrun for example_branch_labels to 2024-06-28T00:00:00+00:00, run_after=2024-06-29T00:00:00+00:00
[2024-06-29T18:25:16.474+0000] {processor.py:179} INFO - Processing /home/airflow/.local/lib/python3.8/site-packages/airflow/example_dags/example_branch_labels.py took 0.085 seconds
