[2024-06-29T18:22:24.759+0000] {processor.py:157} INFO - Started process (PID=353) to work on /home/airflow/.local/lib/python3.8/site-packages/airflow/example_dags/example_latest_only_with_trigger.py
[2024-06-29T18:22:24.760+0000] {processor.py:829} INFO - Processing file /home/airflow/.local/lib/python3.8/site-packages/airflow/example_dags/example_latest_only_with_trigger.py for tasks to queue
[2024-06-29T18:22:24.760+0000] {logging_mixin.py:154} INFO - [2024-06-29T18:22:24.760+0000] {dagbag.py:536} INFO - Filling up the DagBag from /home/airflow/.local/lib/python3.8/site-packages/airflow/example_dags/example_latest_only_with_trigger.py
[2024-06-29T18:22:24.764+0000] {processor.py:839} INFO - DAG(s) dict_keys(['latest_only_with_trigger']) retrieved from /home/airflow/.local/lib/python3.8/site-packages/airflow/example_dags/example_latest_only_with_trigger.py
[2024-06-29T18:22:24.826+0000] {logging_mixin.py:154} INFO - [2024-06-29T18:22:24.826+0000] {manager.py:499} INFO - Created Permission View: %s
[2024-06-29T18:22:24.831+0000] {logging_mixin.py:154} INFO - [2024-06-29T18:22:24.831+0000] {manager.py:499} INFO - Created Permission View: %s
[2024-06-29T18:22:24.834+0000] {logging_mixin.py:154} INFO - [2024-06-29T18:22:24.834+0000] {manager.py:499} INFO - Created Permission View: %s
[2024-06-29T18:22:24.835+0000] {logging_mixin.py:154} INFO - [2024-06-29T18:22:24.835+0000] {dag.py:2941} INFO - Sync 1 DAGs
[2024-06-29T18:22:24.841+0000] {logging_mixin.py:154} INFO - [2024-06-29T18:22:24.841+0000] {dag.py:2963} INFO - Creating ORM DAG for latest_only_with_trigger
[2024-06-29T18:22:24.852+0000] {logging_mixin.py:154} INFO - [2024-06-29T18:22:24.852+0000] {dag.py:3722} INFO - Setting next_dagrun for latest_only_with_trigger to 2024-06-29T14:22:24.852211+00:00, run_after=2024-06-29T18:22:24.852211+00:00
[2024-06-29T18:22:24.862+0000] {processor.py:179} INFO - Processing /home/airflow/.local/lib/python3.8/site-packages/airflow/example_dags/example_latest_only_with_trigger.py took 0.105 seconds
[2024-06-29T18:23:45.319+0000] {processor.py:157} INFO - Started process (PID=355) to work on /home/airflow/.local/lib/python3.8/site-packages/airflow/example_dags/example_latest_only_with_trigger.py
[2024-06-29T18:23:45.320+0000] {processor.py:829} INFO - Processing file /home/airflow/.local/lib/python3.8/site-packages/airflow/example_dags/example_latest_only_with_trigger.py for tasks to queue
[2024-06-29T18:23:45.320+0000] {logging_mixin.py:154} INFO - [2024-06-29T18:23:45.320+0000] {dagbag.py:536} INFO - Filling up the DagBag from /home/airflow/.local/lib/python3.8/site-packages/airflow/example_dags/example_latest_only_with_trigger.py
[2024-06-29T18:23:45.324+0000] {processor.py:839} INFO - DAG(s) dict_keys(['latest_only_with_trigger']) retrieved from /home/airflow/.local/lib/python3.8/site-packages/airflow/example_dags/example_latest_only_with_trigger.py
[2024-06-29T18:23:45.331+0000] {logging_mixin.py:154} INFO - [2024-06-29T18:23:45.331+0000] {dag.py:2941} INFO - Sync 1 DAGs
[2024-06-29T18:23:45.343+0000] {logging_mixin.py:154} INFO - [2024-06-29T18:23:45.343+0000] {dag.py:3722} INFO - Setting next_dagrun for latest_only_with_trigger to 2024-06-29T14:23:45.343154+00:00, run_after=2024-06-29T18:23:45.343154+00:00
[2024-06-29T18:23:45.354+0000] {processor.py:179} INFO - Processing /home/airflow/.local/lib/python3.8/site-packages/airflow/example_dags/example_latest_only_with_trigger.py took 0.037 seconds
[2024-06-29T18:24:16.079+0000] {processor.py:157} INFO - Started process (PID=591) to work on /home/airflow/.local/lib/python3.8/site-packages/airflow/example_dags/example_latest_only_with_trigger.py
[2024-06-29T18:24:16.079+0000] {processor.py:829} INFO - Processing file /home/airflow/.local/lib/python3.8/site-packages/airflow/example_dags/example_latest_only_with_trigger.py for tasks to queue
[2024-06-29T18:24:16.080+0000] {logging_mixin.py:154} INFO - [2024-06-29T18:24:16.080+0000] {dagbag.py:536} INFO - Filling up the DagBag from /home/airflow/.local/lib/python3.8/site-packages/airflow/example_dags/example_latest_only_with_trigger.py
[2024-06-29T18:24:16.084+0000] {processor.py:839} INFO - DAG(s) dict_keys(['latest_only_with_trigger']) retrieved from /home/airflow/.local/lib/python3.8/site-packages/airflow/example_dags/example_latest_only_with_trigger.py
[2024-06-29T18:24:16.097+0000] {logging_mixin.py:154} INFO - [2024-06-29T18:24:16.096+0000] {dag.py:2941} INFO - Sync 1 DAGs
[2024-06-29T18:24:16.109+0000] {logging_mixin.py:154} INFO - [2024-06-29T18:24:16.109+0000] {dag.py:3722} INFO - Setting next_dagrun for latest_only_with_trigger to 2024-06-29T14:24:16.108910+00:00, run_after=2024-06-29T18:24:16.108910+00:00
[2024-06-29T18:24:16.119+0000] {processor.py:179} INFO - Processing /home/airflow/.local/lib/python3.8/site-packages/airflow/example_dags/example_latest_only_with_trigger.py took 0.042 seconds
[2024-06-29T18:24:46.790+0000] {processor.py:157} INFO - Started process (PID=830) to work on /home/airflow/.local/lib/python3.8/site-packages/airflow/example_dags/example_latest_only_with_trigger.py
[2024-06-29T18:24:46.791+0000] {processor.py:829} INFO - Processing file /home/airflow/.local/lib/python3.8/site-packages/airflow/example_dags/example_latest_only_with_trigger.py for tasks to queue
[2024-06-29T18:24:46.791+0000] {logging_mixin.py:154} INFO - [2024-06-29T18:24:46.791+0000] {dagbag.py:536} INFO - Filling up the DagBag from /home/airflow/.local/lib/python3.8/site-packages/airflow/example_dags/example_latest_only_with_trigger.py
[2024-06-29T18:24:46.795+0000] {processor.py:839} INFO - DAG(s) dict_keys(['latest_only_with_trigger']) retrieved from /home/airflow/.local/lib/python3.8/site-packages/airflow/example_dags/example_latest_only_with_trigger.py
[2024-06-29T18:24:46.808+0000] {logging_mixin.py:154} INFO - [2024-06-29T18:24:46.808+0000] {dag.py:2941} INFO - Sync 1 DAGs
[2024-06-29T18:24:46.819+0000] {logging_mixin.py:154} INFO - [2024-06-29T18:24:46.819+0000] {dag.py:3722} INFO - Setting next_dagrun for latest_only_with_trigger to 2024-06-29T14:24:46.819613+00:00, run_after=2024-06-29T18:24:46.819613+00:00
[2024-06-29T18:24:46.830+0000] {processor.py:179} INFO - Processing /home/airflow/.local/lib/python3.8/site-packages/airflow/example_dags/example_latest_only_with_trigger.py took 0.042 seconds
[2024-06-29T18:25:17.749+0000] {processor.py:157} INFO - Started process (PID=1067) to work on /home/airflow/.local/lib/python3.8/site-packages/airflow/example_dags/example_latest_only_with_trigger.py
[2024-06-29T18:25:17.750+0000] {processor.py:829} INFO - Processing file /home/airflow/.local/lib/python3.8/site-packages/airflow/example_dags/example_latest_only_with_trigger.py for tasks to queue
[2024-06-29T18:25:17.750+0000] {logging_mixin.py:154} INFO - [2024-06-29T18:25:17.750+0000] {dagbag.py:536} INFO - Filling up the DagBag from /home/airflow/.local/lib/python3.8/site-packages/airflow/example_dags/example_latest_only_with_trigger.py
[2024-06-29T18:25:17.754+0000] {processor.py:839} INFO - DAG(s) dict_keys(['latest_only_with_trigger']) retrieved from /home/airflow/.local/lib/python3.8/site-packages/airflow/example_dags/example_latest_only_with_trigger.py
[2024-06-29T18:25:17.766+0000] {logging_mixin.py:154} INFO - [2024-06-29T18:25:17.766+0000] {dag.py:2941} INFO - Sync 1 DAGs
[2024-06-29T18:25:17.778+0000] {logging_mixin.py:154} INFO - [2024-06-29T18:25:17.778+0000] {dag.py:3722} INFO - Setting next_dagrun for latest_only_with_trigger to 2024-06-29T14:25:17.778347+00:00, run_after=2024-06-29T18:25:17.778347+00:00
[2024-06-29T18:25:17.788+0000] {processor.py:179} INFO - Processing /home/airflow/.local/lib/python3.8/site-packages/airflow/example_dags/example_latest_only_with_trigger.py took 0.041 seconds
