[2024-06-29T18:22:23.774+0000] {processor.py:157} INFO - Started process (PID=263) to work on /home/airflow/.local/lib/python3.8/site-packages/airflow/example_dags/example_latest_only.py
[2024-06-29T18:22:23.774+0000] {processor.py:829} INFO - Processing file /home/airflow/.local/lib/python3.8/site-packages/airflow/example_dags/example_latest_only.py for tasks to queue
[2024-06-29T18:22:23.775+0000] {logging_mixin.py:154} INFO - [2024-06-29T18:22:23.775+0000] {dagbag.py:536} INFO - Filling up the DagBag from /home/airflow/.local/lib/python3.8/site-packages/airflow/example_dags/example_latest_only.py
[2024-06-29T18:22:23.780+0000] {processor.py:839} INFO - DAG(s) dict_keys(['latest_only']) retrieved from /home/airflow/.local/lib/python3.8/site-packages/airflow/example_dags/example_latest_only.py
[2024-06-29T18:22:23.832+0000] {logging_mixin.py:154} INFO - [2024-06-29T18:22:23.831+0000] {manager.py:499} INFO - Created Permission View: %s
[2024-06-29T18:22:23.836+0000] {logging_mixin.py:154} INFO - [2024-06-29T18:22:23.836+0000] {manager.py:499} INFO - Created Permission View: %s
[2024-06-29T18:22:23.840+0000] {logging_mixin.py:154} INFO - [2024-06-29T18:22:23.840+0000] {manager.py:499} INFO - Created Permission View: %s
[2024-06-29T18:22:23.841+0000] {logging_mixin.py:154} INFO - [2024-06-29T18:22:23.841+0000] {dag.py:2941} INFO - Sync 1 DAGs
[2024-06-29T18:22:23.846+0000] {logging_mixin.py:154} INFO - [2024-06-29T18:22:23.846+0000] {dag.py:2963} INFO - Creating ORM DAG for latest_only
[2024-06-29T18:22:23.851+0000] {logging_mixin.py:154} INFO - [2024-06-29T18:22:23.851+0000] {dag.py:3722} INFO - Setting next_dagrun for latest_only to 2024-06-29T14:22:23.851319+00:00, run_after=2024-06-29T18:22:23.851319+00:00
[2024-06-29T18:22:23.860+0000] {processor.py:179} INFO - Processing /home/airflow/.local/lib/python3.8/site-packages/airflow/example_dags/example_latest_only.py took 0.088 seconds
[2024-06-29T18:23:44.669+0000] {processor.py:157} INFO - Started process (PID=265) to work on /home/airflow/.local/lib/python3.8/site-packages/airflow/example_dags/example_latest_only.py
[2024-06-29T18:23:44.670+0000] {processor.py:829} INFO - Processing file /home/airflow/.local/lib/python3.8/site-packages/airflow/example_dags/example_latest_only.py for tasks to queue
[2024-06-29T18:23:44.671+0000] {logging_mixin.py:154} INFO - [2024-06-29T18:23:44.670+0000] {dagbag.py:536} INFO - Filling up the DagBag from /home/airflow/.local/lib/python3.8/site-packages/airflow/example_dags/example_latest_only.py
[2024-06-29T18:23:44.675+0000] {processor.py:839} INFO - DAG(s) dict_keys(['latest_only']) retrieved from /home/airflow/.local/lib/python3.8/site-packages/airflow/example_dags/example_latest_only.py
[2024-06-29T18:23:44.688+0000] {logging_mixin.py:154} INFO - [2024-06-29T18:23:44.688+0000] {dag.py:2941} INFO - Sync 1 DAGs
[2024-06-29T18:23:44.708+0000] {logging_mixin.py:154} INFO - [2024-06-29T18:23:44.708+0000] {dag.py:3722} INFO - Setting next_dagrun for latest_only to 2024-06-29T14:23:44.708181+00:00, run_after=2024-06-29T18:23:44.708181+00:00
[2024-06-29T18:23:44.732+0000] {processor.py:179} INFO - Processing /home/airflow/.local/lib/python3.8/site-packages/airflow/example_dags/example_latest_only.py took 0.065 seconds
[2024-06-29T18:24:15.433+0000] {processor.py:157} INFO - Started process (PID=503) to work on /home/airflow/.local/lib/python3.8/site-packages/airflow/example_dags/example_latest_only.py
[2024-06-29T18:24:15.433+0000] {processor.py:829} INFO - Processing file /home/airflow/.local/lib/python3.8/site-packages/airflow/example_dags/example_latest_only.py for tasks to queue
[2024-06-29T18:24:15.434+0000] {logging_mixin.py:154} INFO - [2024-06-29T18:24:15.434+0000] {dagbag.py:536} INFO - Filling up the DagBag from /home/airflow/.local/lib/python3.8/site-packages/airflow/example_dags/example_latest_only.py
[2024-06-29T18:24:15.438+0000] {processor.py:839} INFO - DAG(s) dict_keys(['latest_only']) retrieved from /home/airflow/.local/lib/python3.8/site-packages/airflow/example_dags/example_latest_only.py
[2024-06-29T18:24:15.450+0000] {logging_mixin.py:154} INFO - [2024-06-29T18:24:15.450+0000] {dag.py:2941} INFO - Sync 1 DAGs
[2024-06-29T18:24:15.462+0000] {logging_mixin.py:154} INFO - [2024-06-29T18:24:15.461+0000] {dag.py:3722} INFO - Setting next_dagrun for latest_only to 2024-06-29T14:24:15.461718+00:00, run_after=2024-06-29T18:24:15.461718+00:00
[2024-06-29T18:24:15.471+0000] {processor.py:179} INFO - Processing /home/airflow/.local/lib/python3.8/site-packages/airflow/example_dags/example_latest_only.py took 0.040 seconds
[2024-06-29T18:24:46.175+0000] {processor.py:157} INFO - Started process (PID=740) to work on /home/airflow/.local/lib/python3.8/site-packages/airflow/example_dags/example_latest_only.py
[2024-06-29T18:24:46.176+0000] {processor.py:829} INFO - Processing file /home/airflow/.local/lib/python3.8/site-packages/airflow/example_dags/example_latest_only.py for tasks to queue
[2024-06-29T18:24:46.176+0000] {logging_mixin.py:154} INFO - [2024-06-29T18:24:46.176+0000] {dagbag.py:536} INFO - Filling up the DagBag from /home/airflow/.local/lib/python3.8/site-packages/airflow/example_dags/example_latest_only.py
[2024-06-29T18:24:46.180+0000] {processor.py:839} INFO - DAG(s) dict_keys(['latest_only']) retrieved from /home/airflow/.local/lib/python3.8/site-packages/airflow/example_dags/example_latest_only.py
[2024-06-29T18:24:46.191+0000] {logging_mixin.py:154} INFO - [2024-06-29T18:24:46.191+0000] {dag.py:2941} INFO - Sync 1 DAGs
[2024-06-29T18:24:46.201+0000] {logging_mixin.py:154} INFO - [2024-06-29T18:24:46.201+0000] {dag.py:3722} INFO - Setting next_dagrun for latest_only to 2024-06-29T14:24:46.201381+00:00, run_after=2024-06-29T18:24:46.201381+00:00
[2024-06-29T18:24:46.209+0000] {processor.py:179} INFO - Processing /home/airflow/.local/lib/python3.8/site-packages/airflow/example_dags/example_latest_only.py took 0.036 seconds
[2024-06-29T18:25:17.050+0000] {processor.py:157} INFO - Started process (PID=977) to work on /home/airflow/.local/lib/python3.8/site-packages/airflow/example_dags/example_latest_only.py
[2024-06-29T18:25:17.051+0000] {processor.py:829} INFO - Processing file /home/airflow/.local/lib/python3.8/site-packages/airflow/example_dags/example_latest_only.py for tasks to queue
[2024-06-29T18:25:17.052+0000] {logging_mixin.py:154} INFO - [2024-06-29T18:25:17.051+0000] {dagbag.py:536} INFO - Filling up the DagBag from /home/airflow/.local/lib/python3.8/site-packages/airflow/example_dags/example_latest_only.py
[2024-06-29T18:25:17.056+0000] {processor.py:839} INFO - DAG(s) dict_keys(['latest_only']) retrieved from /home/airflow/.local/lib/python3.8/site-packages/airflow/example_dags/example_latest_only.py
[2024-06-29T18:25:17.070+0000] {logging_mixin.py:154} INFO - [2024-06-29T18:25:17.070+0000] {dag.py:2941} INFO - Sync 1 DAGs
[2024-06-29T18:25:17.085+0000] {logging_mixin.py:154} INFO - [2024-06-29T18:25:17.085+0000] {dag.py:3722} INFO - Setting next_dagrun for latest_only to 2024-06-29T14:25:17.085510+00:00, run_after=2024-06-29T18:25:17.085510+00:00
[2024-06-29T18:25:17.096+0000] {processor.py:179} INFO - Processing /home/airflow/.local/lib/python3.8/site-packages/airflow/example_dags/example_latest_only.py took 0.048 seconds
