[2024-06-29T18:22:24.708+0000] {processor.py:157} INFO - Started process (PID=348) to work on /home/airflow/.local/lib/python3.8/site-packages/airflow/example_dags/example_kubernetes_executor.py
[2024-06-29T18:22:24.709+0000] {processor.py:829} INFO - Processing file /home/airflow/.local/lib/python3.8/site-packages/airflow/example_dags/example_kubernetes_executor.py for tasks to queue
[2024-06-29T18:22:24.710+0000] {logging_mixin.py:154} INFO - [2024-06-29T18:22:24.710+0000] {dagbag.py:536} INFO - Filling up the DagBag from /home/airflow/.local/lib/python3.8/site-packages/airflow/example_dags/example_kubernetes_executor.py
[2024-06-29T18:22:24.718+0000] {processor.py:839} INFO - DAG(s) dict_keys(['example_kubernetes_executor']) retrieved from /home/airflow/.local/lib/python3.8/site-packages/airflow/example_dags/example_kubernetes_executor.py
[2024-06-29T18:22:24.777+0000] {logging_mixin.py:154} INFO - [2024-06-29T18:22:24.777+0000] {manager.py:499} INFO - Created Permission View: %s
[2024-06-29T18:22:24.783+0000] {logging_mixin.py:154} INFO - [2024-06-29T18:22:24.782+0000] {manager.py:499} INFO - Created Permission View: %s
[2024-06-29T18:22:24.787+0000] {logging_mixin.py:154} INFO - [2024-06-29T18:22:24.787+0000] {manager.py:499} INFO - Created Permission View: %s
[2024-06-29T18:22:24.787+0000] {logging_mixin.py:154} INFO - [2024-06-29T18:22:24.787+0000] {dag.py:2941} INFO - Sync 1 DAGs
[2024-06-29T18:22:24.798+0000] {logging_mixin.py:154} INFO - [2024-06-29T18:22:24.798+0000] {dag.py:2963} INFO - Creating ORM DAG for example_kubernetes_executor
[2024-06-29T18:22:24.799+0000] {logging_mixin.py:154} INFO - [2024-06-29T18:22:24.799+0000] {dag.py:3722} INFO - Setting next_dagrun for example_kubernetes_executor to None, run_after=None
[2024-06-29T18:22:24.809+0000] {processor.py:179} INFO - Processing /home/airflow/.local/lib/python3.8/site-packages/airflow/example_dags/example_kubernetes_executor.py took 0.103 seconds
[2024-06-29T18:23:45.269+0000] {processor.py:157} INFO - Started process (PID=348) to work on /home/airflow/.local/lib/python3.8/site-packages/airflow/example_dags/example_kubernetes_executor.py
[2024-06-29T18:23:45.270+0000] {processor.py:829} INFO - Processing file /home/airflow/.local/lib/python3.8/site-packages/airflow/example_dags/example_kubernetes_executor.py for tasks to queue
[2024-06-29T18:23:45.270+0000] {logging_mixin.py:154} INFO - [2024-06-29T18:23:45.270+0000] {dagbag.py:536} INFO - Filling up the DagBag from /home/airflow/.local/lib/python3.8/site-packages/airflow/example_dags/example_kubernetes_executor.py
[2024-06-29T18:23:45.278+0000] {processor.py:839} INFO - DAG(s) dict_keys(['example_kubernetes_executor']) retrieved from /home/airflow/.local/lib/python3.8/site-packages/airflow/example_dags/example_kubernetes_executor.py
[2024-06-29T18:23:45.285+0000] {logging_mixin.py:154} INFO - [2024-06-29T18:23:45.285+0000] {dag.py:2941} INFO - Sync 1 DAGs
[2024-06-29T18:23:45.293+0000] {logging_mixin.py:154} INFO - [2024-06-29T18:23:45.293+0000] {dag.py:3722} INFO - Setting next_dagrun for example_kubernetes_executor to None, run_after=None
[2024-06-29T18:23:45.305+0000] {processor.py:179} INFO - Processing /home/airflow/.local/lib/python3.8/site-packages/airflow/example_dags/example_kubernetes_executor.py took 0.038 seconds
[2024-06-29T18:24:16.047+0000] {processor.py:157} INFO - Started process (PID=586) to work on /home/airflow/.local/lib/python3.8/site-packages/airflow/example_dags/example_kubernetes_executor.py
[2024-06-29T18:24:16.047+0000] {processor.py:829} INFO - Processing file /home/airflow/.local/lib/python3.8/site-packages/airflow/example_dags/example_kubernetes_executor.py for tasks to queue
[2024-06-29T18:24:16.048+0000] {logging_mixin.py:154} INFO - [2024-06-29T18:24:16.048+0000] {dagbag.py:536} INFO - Filling up the DagBag from /home/airflow/.local/lib/python3.8/site-packages/airflow/example_dags/example_kubernetes_executor.py
[2024-06-29T18:24:16.056+0000] {processor.py:839} INFO - DAG(s) dict_keys(['example_kubernetes_executor']) retrieved from /home/airflow/.local/lib/python3.8/site-packages/airflow/example_dags/example_kubernetes_executor.py
[2024-06-29T18:24:16.075+0000] {logging_mixin.py:154} INFO - [2024-06-29T18:24:16.075+0000] {dag.py:2941} INFO - Sync 1 DAGs
[2024-06-29T18:24:16.082+0000] {logging_mixin.py:154} INFO - [2024-06-29T18:24:16.082+0000] {dag.py:3722} INFO - Setting next_dagrun for example_kubernetes_executor to None, run_after=None
[2024-06-29T18:24:16.092+0000] {processor.py:179} INFO - Processing /home/airflow/.local/lib/python3.8/site-packages/airflow/example_dags/example_kubernetes_executor.py took 0.047 seconds
[2024-06-29T18:24:46.736+0000] {processor.py:157} INFO - Started process (PID=825) to work on /home/airflow/.local/lib/python3.8/site-packages/airflow/example_dags/example_kubernetes_executor.py
[2024-06-29T18:24:46.737+0000] {processor.py:829} INFO - Processing file /home/airflow/.local/lib/python3.8/site-packages/airflow/example_dags/example_kubernetes_executor.py for tasks to queue
[2024-06-29T18:24:46.738+0000] {logging_mixin.py:154} INFO - [2024-06-29T18:24:46.737+0000] {dagbag.py:536} INFO - Filling up the DagBag from /home/airflow/.local/lib/python3.8/site-packages/airflow/example_dags/example_kubernetes_executor.py
[2024-06-29T18:24:46.745+0000] {processor.py:839} INFO - DAG(s) dict_keys(['example_kubernetes_executor']) retrieved from /home/airflow/.local/lib/python3.8/site-packages/airflow/example_dags/example_kubernetes_executor.py
[2024-06-29T18:24:46.763+0000] {logging_mixin.py:154} INFO - [2024-06-29T18:24:46.763+0000] {dag.py:2941} INFO - Sync 1 DAGs
[2024-06-29T18:24:46.769+0000] {logging_mixin.py:154} INFO - [2024-06-29T18:24:46.769+0000] {dag.py:3722} INFO - Setting next_dagrun for example_kubernetes_executor to None, run_after=None
[2024-06-29T18:24:46.777+0000] {processor.py:179} INFO - Processing /home/airflow/.local/lib/python3.8/site-packages/airflow/example_dags/example_kubernetes_executor.py took 0.042 seconds
[2024-06-29T18:25:17.696+0000] {processor.py:157} INFO - Started process (PID=1060) to work on /home/airflow/.local/lib/python3.8/site-packages/airflow/example_dags/example_kubernetes_executor.py
[2024-06-29T18:25:17.696+0000] {processor.py:829} INFO - Processing file /home/airflow/.local/lib/python3.8/site-packages/airflow/example_dags/example_kubernetes_executor.py for tasks to queue
[2024-06-29T18:25:17.697+0000] {logging_mixin.py:154} INFO - [2024-06-29T18:25:17.697+0000] {dagbag.py:536} INFO - Filling up the DagBag from /home/airflow/.local/lib/python3.8/site-packages/airflow/example_dags/example_kubernetes_executor.py
[2024-06-29T18:25:17.705+0000] {processor.py:839} INFO - DAG(s) dict_keys(['example_kubernetes_executor']) retrieved from /home/airflow/.local/lib/python3.8/site-packages/airflow/example_dags/example_kubernetes_executor.py
[2024-06-29T18:25:17.723+0000] {logging_mixin.py:154} INFO - [2024-06-29T18:25:17.723+0000] {dag.py:2941} INFO - Sync 1 DAGs
[2024-06-29T18:25:17.730+0000] {logging_mixin.py:154} INFO - [2024-06-29T18:25:17.730+0000] {dag.py:3722} INFO - Setting next_dagrun for example_kubernetes_executor to None, run_after=None
[2024-06-29T18:25:17.739+0000] {processor.py:179} INFO - Processing /home/airflow/.local/lib/python3.8/site-packages/airflow/example_dags/example_kubernetes_executor.py took 0.046 seconds
