[2024-06-29T18:22:23.826+0000] {processor.py:157} INFO - Started process (PID=268) to work on /home/airflow/.local/lib/python3.8/site-packages/airflow/example_dags/example_task_group.py
[2024-06-29T18:22:23.828+0000] {processor.py:829} INFO - Processing file /home/airflow/.local/lib/python3.8/site-packages/airflow/example_dags/example_task_group.py for tasks to queue
[2024-06-29T18:22:23.828+0000] {logging_mixin.py:154} INFO - [2024-06-29T18:22:23.828+0000] {dagbag.py:536} INFO - Filling up the DagBag from /home/airflow/.local/lib/python3.8/site-packages/airflow/example_dags/example_task_group.py
[2024-06-29T18:22:23.835+0000] {processor.py:839} INFO - DAG(s) dict_keys(['example_task_group']) retrieved from /home/airflow/.local/lib/python3.8/site-packages/airflow/example_dags/example_task_group.py
[2024-06-29T18:22:23.889+0000] {logging_mixin.py:154} INFO - [2024-06-29T18:22:23.889+0000] {manager.py:499} INFO - Created Permission View: %s
[2024-06-29T18:22:23.894+0000] {logging_mixin.py:154} INFO - [2024-06-29T18:22:23.894+0000] {manager.py:499} INFO - Created Permission View: %s
[2024-06-29T18:22:23.898+0000] {logging_mixin.py:154} INFO - [2024-06-29T18:22:23.897+0000] {manager.py:499} INFO - Created Permission View: %s
[2024-06-29T18:22:23.898+0000] {logging_mixin.py:154} INFO - [2024-06-29T18:22:23.898+0000] {dag.py:2941} INFO - Sync 1 DAGs
[2024-06-29T18:22:23.904+0000] {logging_mixin.py:154} INFO - [2024-06-29T18:22:23.904+0000] {dag.py:2963} INFO - Creating ORM DAG for example_task_group
[2024-06-29T18:22:23.909+0000] {logging_mixin.py:154} INFO - [2024-06-29T18:22:23.909+0000] {dag.py:3722} INFO - Setting next_dagrun for example_task_group to 2024-06-28T18:22:23.909227+00:00, run_after=2024-06-29T18:22:23.909227+00:00
[2024-06-29T18:22:23.918+0000] {processor.py:179} INFO - Processing /home/airflow/.local/lib/python3.8/site-packages/airflow/example_dags/example_task_group.py took 0.094 seconds
[2024-06-29T18:23:44.765+0000] {processor.py:157} INFO - Started process (PID=270) to work on /home/airflow/.local/lib/python3.8/site-packages/airflow/example_dags/example_task_group.py
[2024-06-29T18:23:44.766+0000] {processor.py:829} INFO - Processing file /home/airflow/.local/lib/python3.8/site-packages/airflow/example_dags/example_task_group.py for tasks to queue
[2024-06-29T18:23:44.766+0000] {logging_mixin.py:154} INFO - [2024-06-29T18:23:44.766+0000] {dagbag.py:536} INFO - Filling up the DagBag from /home/airflow/.local/lib/python3.8/site-packages/airflow/example_dags/example_task_group.py
[2024-06-29T18:23:44.773+0000] {processor.py:839} INFO - DAG(s) dict_keys(['example_task_group']) retrieved from /home/airflow/.local/lib/python3.8/site-packages/airflow/example_dags/example_task_group.py
[2024-06-29T18:23:44.781+0000] {logging_mixin.py:154} INFO - [2024-06-29T18:23:44.781+0000] {dag.py:2941} INFO - Sync 1 DAGs
[2024-06-29T18:23:44.794+0000] {logging_mixin.py:154} INFO - [2024-06-29T18:23:44.794+0000] {dag.py:3722} INFO - Setting next_dagrun for example_task_group to 2024-06-28T18:23:44.794518+00:00, run_after=2024-06-29T18:23:44.794518+00:00
[2024-06-29T18:23:44.808+0000] {processor.py:179} INFO - Processing /home/airflow/.local/lib/python3.8/site-packages/airflow/example_dags/example_task_group.py took 0.045 seconds
[2024-06-29T18:24:15.486+0000] {processor.py:157} INFO - Started process (PID=508) to work on /home/airflow/.local/lib/python3.8/site-packages/airflow/example_dags/example_task_group.py
[2024-06-29T18:24:15.487+0000] {processor.py:829} INFO - Processing file /home/airflow/.local/lib/python3.8/site-packages/airflow/example_dags/example_task_group.py for tasks to queue
[2024-06-29T18:24:15.488+0000] {logging_mixin.py:154} INFO - [2024-06-29T18:24:15.488+0000] {dagbag.py:536} INFO - Filling up the DagBag from /home/airflow/.local/lib/python3.8/site-packages/airflow/example_dags/example_task_group.py
[2024-06-29T18:24:15.493+0000] {processor.py:839} INFO - DAG(s) dict_keys(['example_task_group']) retrieved from /home/airflow/.local/lib/python3.8/site-packages/airflow/example_dags/example_task_group.py
[2024-06-29T18:24:15.507+0000] {logging_mixin.py:154} INFO - [2024-06-29T18:24:15.507+0000] {dag.py:2941} INFO - Sync 1 DAGs
[2024-06-29T18:24:15.519+0000] {logging_mixin.py:154} INFO - [2024-06-29T18:24:15.519+0000] {dag.py:3722} INFO - Setting next_dagrun for example_task_group to 2024-06-28T18:24:15.519003+00:00, run_after=2024-06-29T18:24:15.519003+00:00
[2024-06-29T18:24:15.529+0000] {processor.py:179} INFO - Processing /home/airflow/.local/lib/python3.8/site-packages/airflow/example_dags/example_task_group.py took 0.045 seconds
[2024-06-29T18:24:46.222+0000] {processor.py:157} INFO - Started process (PID=745) to work on /home/airflow/.local/lib/python3.8/site-packages/airflow/example_dags/example_task_group.py
[2024-06-29T18:24:46.223+0000] {processor.py:829} INFO - Processing file /home/airflow/.local/lib/python3.8/site-packages/airflow/example_dags/example_task_group.py for tasks to queue
[2024-06-29T18:24:46.223+0000] {logging_mixin.py:154} INFO - [2024-06-29T18:24:46.223+0000] {dagbag.py:536} INFO - Filling up the DagBag from /home/airflow/.local/lib/python3.8/site-packages/airflow/example_dags/example_task_group.py
[2024-06-29T18:24:46.228+0000] {processor.py:839} INFO - DAG(s) dict_keys(['example_task_group']) retrieved from /home/airflow/.local/lib/python3.8/site-packages/airflow/example_dags/example_task_group.py
[2024-06-29T18:24:46.240+0000] {logging_mixin.py:154} INFO - [2024-06-29T18:24:46.239+0000] {dag.py:2941} INFO - Sync 1 DAGs
[2024-06-29T18:24:46.251+0000] {logging_mixin.py:154} INFO - [2024-06-29T18:24:46.251+0000] {dag.py:3722} INFO - Setting next_dagrun for example_task_group to 2024-06-28T18:24:46.250970+00:00, run_after=2024-06-29T18:24:46.250970+00:00
[2024-06-29T18:24:46.260+0000] {processor.py:179} INFO - Processing /home/airflow/.local/lib/python3.8/site-packages/airflow/example_dags/example_task_group.py took 0.040 seconds
[2024-06-29T18:25:17.110+0000] {processor.py:157} INFO - Started process (PID=982) to work on /home/airflow/.local/lib/python3.8/site-packages/airflow/example_dags/example_task_group.py
[2024-06-29T18:25:17.111+0000] {processor.py:829} INFO - Processing file /home/airflow/.local/lib/python3.8/site-packages/airflow/example_dags/example_task_group.py for tasks to queue
[2024-06-29T18:25:17.112+0000] {logging_mixin.py:154} INFO - [2024-06-29T18:25:17.112+0000] {dagbag.py:536} INFO - Filling up the DagBag from /home/airflow/.local/lib/python3.8/site-packages/airflow/example_dags/example_task_group.py
[2024-06-29T18:25:17.117+0000] {processor.py:839} INFO - DAG(s) dict_keys(['example_task_group']) retrieved from /home/airflow/.local/lib/python3.8/site-packages/airflow/example_dags/example_task_group.py
[2024-06-29T18:25:17.131+0000] {logging_mixin.py:154} INFO - [2024-06-29T18:25:17.130+0000] {dag.py:2941} INFO - Sync 1 DAGs
[2024-06-29T18:25:17.142+0000] {logging_mixin.py:154} INFO - [2024-06-29T18:25:17.142+0000] {dag.py:3722} INFO - Setting next_dagrun for example_task_group to 2024-06-28T18:25:17.142645+00:00, run_after=2024-06-29T18:25:17.142645+00:00
[2024-06-29T18:25:17.153+0000] {processor.py:179} INFO - Processing /home/airflow/.local/lib/python3.8/site-packages/airflow/example_dags/example_task_group.py took 0.044 seconds
