[2024-06-29T18:22:22.738+0000] {processor.py:157} INFO - Started process (PID=180) to work on /home/airflow/.local/lib/python3.8/site-packages/airflow/example_dags/example_sensor_decorator.py
[2024-06-29T18:22:22.738+0000] {processor.py:829} INFO - Processing file /home/airflow/.local/lib/python3.8/site-packages/airflow/example_dags/example_sensor_decorator.py for tasks to queue
[2024-06-29T18:22:22.739+0000] {logging_mixin.py:154} INFO - [2024-06-29T18:22:22.738+0000] {dagbag.py:536} INFO - Filling up the DagBag from /home/airflow/.local/lib/python3.8/site-packages/airflow/example_dags/example_sensor_decorator.py
[2024-06-29T18:22:22.743+0000] {processor.py:839} INFO - DAG(s) dict_keys(['example_sensor_decorator']) retrieved from /home/airflow/.local/lib/python3.8/site-packages/airflow/example_dags/example_sensor_decorator.py
[2024-06-29T18:22:22.799+0000] {logging_mixin.py:154} INFO - [2024-06-29T18:22:22.799+0000] {manager.py:499} INFO - Created Permission View: %s
[2024-06-29T18:22:22.804+0000] {logging_mixin.py:154} INFO - [2024-06-29T18:22:22.804+0000] {manager.py:499} INFO - Created Permission View: %s
[2024-06-29T18:22:22.808+0000] {logging_mixin.py:154} INFO - [2024-06-29T18:22:22.808+0000] {manager.py:499} INFO - Created Permission View: %s
[2024-06-29T18:22:22.808+0000] {logging_mixin.py:154} INFO - [2024-06-29T18:22:22.808+0000] {dag.py:2941} INFO - Sync 1 DAGs
[2024-06-29T18:22:22.813+0000] {logging_mixin.py:154} INFO - [2024-06-29T18:22:22.813+0000] {dag.py:2963} INFO - Creating ORM DAG for example_sensor_decorator
[2024-06-29T18:22:22.814+0000] {logging_mixin.py:154} INFO - [2024-06-29T18:22:22.814+0000] {dag.py:3722} INFO - Setting next_dagrun for example_sensor_decorator to None, run_after=None
[2024-06-29T18:22:22.823+0000] {processor.py:179} INFO - Processing /home/airflow/.local/lib/python3.8/site-packages/airflow/example_dags/example_sensor_decorator.py took 0.087 seconds
[2024-06-29T18:23:44.107+0000] {processor.py:157} INFO - Started process (PID=178) to work on /home/airflow/.local/lib/python3.8/site-packages/airflow/example_dags/example_sensor_decorator.py
[2024-06-29T18:23:44.108+0000] {processor.py:829} INFO - Processing file /home/airflow/.local/lib/python3.8/site-packages/airflow/example_dags/example_sensor_decorator.py for tasks to queue
[2024-06-29T18:23:44.109+0000] {logging_mixin.py:154} INFO - [2024-06-29T18:23:44.108+0000] {dagbag.py:536} INFO - Filling up the DagBag from /home/airflow/.local/lib/python3.8/site-packages/airflow/example_dags/example_sensor_decorator.py
[2024-06-29T18:23:44.113+0000] {processor.py:839} INFO - DAG(s) dict_keys(['example_sensor_decorator']) retrieved from /home/airflow/.local/lib/python3.8/site-packages/airflow/example_dags/example_sensor_decorator.py
[2024-06-29T18:23:44.120+0000] {logging_mixin.py:154} INFO - [2024-06-29T18:23:44.120+0000] {dag.py:2941} INFO - Sync 1 DAGs
[2024-06-29T18:23:44.128+0000] {logging_mixin.py:154} INFO - [2024-06-29T18:23:44.128+0000] {dag.py:3722} INFO - Setting next_dagrun for example_sensor_decorator to None, run_after=None
[2024-06-29T18:23:44.140+0000] {processor.py:179} INFO - Processing /home/airflow/.local/lib/python3.8/site-packages/airflow/example_dags/example_sensor_decorator.py took 0.034 seconds
[2024-06-29T18:24:14.918+0000] {processor.py:157} INFO - Started process (PID=418) to work on /home/airflow/.local/lib/python3.8/site-packages/airflow/example_dags/example_sensor_decorator.py
[2024-06-29T18:24:14.918+0000] {processor.py:829} INFO - Processing file /home/airflow/.local/lib/python3.8/site-packages/airflow/example_dags/example_sensor_decorator.py for tasks to queue
[2024-06-29T18:24:14.919+0000] {logging_mixin.py:154} INFO - [2024-06-29T18:24:14.919+0000] {dagbag.py:536} INFO - Filling up the DagBag from /home/airflow/.local/lib/python3.8/site-packages/airflow/example_dags/example_sensor_decorator.py
[2024-06-29T18:24:14.922+0000] {processor.py:839} INFO - DAG(s) dict_keys(['example_sensor_decorator']) retrieved from /home/airflow/.local/lib/python3.8/site-packages/airflow/example_dags/example_sensor_decorator.py
[2024-06-29T18:24:14.935+0000] {logging_mixin.py:154} INFO - [2024-06-29T18:24:14.935+0000] {dag.py:2941} INFO - Sync 1 DAGs
[2024-06-29T18:24:14.942+0000] {logging_mixin.py:154} INFO - [2024-06-29T18:24:14.942+0000] {dag.py:3722} INFO - Setting next_dagrun for example_sensor_decorator to None, run_after=None
[2024-06-29T18:24:14.952+0000] {processor.py:179} INFO - Processing /home/airflow/.local/lib/python3.8/site-packages/airflow/example_dags/example_sensor_decorator.py took 0.036 seconds
[2024-06-29T18:24:45.665+0000] {processor.py:157} INFO - Started process (PID=655) to work on /home/airflow/.local/lib/python3.8/site-packages/airflow/example_dags/example_sensor_decorator.py
[2024-06-29T18:24:45.666+0000] {processor.py:829} INFO - Processing file /home/airflow/.local/lib/python3.8/site-packages/airflow/example_dags/example_sensor_decorator.py for tasks to queue
[2024-06-29T18:24:45.666+0000] {logging_mixin.py:154} INFO - [2024-06-29T18:24:45.666+0000] {dagbag.py:536} INFO - Filling up the DagBag from /home/airflow/.local/lib/python3.8/site-packages/airflow/example_dags/example_sensor_decorator.py
[2024-06-29T18:24:45.670+0000] {processor.py:839} INFO - DAG(s) dict_keys(['example_sensor_decorator']) retrieved from /home/airflow/.local/lib/python3.8/site-packages/airflow/example_dags/example_sensor_decorator.py
[2024-06-29T18:24:45.682+0000] {logging_mixin.py:154} INFO - [2024-06-29T18:24:45.682+0000] {dag.py:2941} INFO - Sync 1 DAGs
[2024-06-29T18:24:45.688+0000] {logging_mixin.py:154} INFO - [2024-06-29T18:24:45.688+0000] {dag.py:3722} INFO - Setting next_dagrun for example_sensor_decorator to None, run_after=None
[2024-06-29T18:24:45.696+0000] {processor.py:179} INFO - Processing /home/airflow/.local/lib/python3.8/site-packages/airflow/example_dags/example_sensor_decorator.py took 0.032 seconds
[2024-06-29T18:25:16.490+0000] {processor.py:157} INFO - Started process (PID=892) to work on /home/airflow/.local/lib/python3.8/site-packages/airflow/example_dags/example_sensor_decorator.py
[2024-06-29T18:25:16.491+0000] {processor.py:829} INFO - Processing file /home/airflow/.local/lib/python3.8/site-packages/airflow/example_dags/example_sensor_decorator.py for tasks to queue
[2024-06-29T18:25:16.492+0000] {logging_mixin.py:154} INFO - [2024-06-29T18:25:16.491+0000] {dagbag.py:536} INFO - Filling up the DagBag from /home/airflow/.local/lib/python3.8/site-packages/airflow/example_dags/example_sensor_decorator.py
[2024-06-29T18:25:16.495+0000] {processor.py:839} INFO - DAG(s) dict_keys(['example_sensor_decorator']) retrieved from /home/airflow/.local/lib/python3.8/site-packages/airflow/example_dags/example_sensor_decorator.py
[2024-06-29T18:25:16.507+0000] {logging_mixin.py:154} INFO - [2024-06-29T18:25:16.507+0000] {dag.py:2941} INFO - Sync 1 DAGs
[2024-06-29T18:25:16.514+0000] {logging_mixin.py:154} INFO - [2024-06-29T18:25:16.514+0000] {dag.py:3722} INFO - Setting next_dagrun for example_sensor_decorator to None, run_after=None
[2024-06-29T18:25:16.523+0000] {processor.py:179} INFO - Processing /home/airflow/.local/lib/python3.8/site-packages/airflow/example_dags/example_sensor_decorator.py took 0.035 seconds
