[2024-06-29T18:22:23.433+0000] {processor.py:157} INFO - Started process (PID=233) to work on /home/airflow/.local/lib/python3.8/site-packages/airflow/example_dags/example_sensors.py
[2024-06-29T18:22:23.435+0000] {processor.py:829} INFO - Processing file /home/airflow/.local/lib/python3.8/site-packages/airflow/example_dags/example_sensors.py for tasks to queue
[2024-06-29T18:22:23.441+0000] {logging_mixin.py:154} INFO - [2024-06-29T18:22:23.438+0000] {dagbag.py:536} INFO - Filling up the DagBag from /home/airflow/.local/lib/python3.8/site-packages/airflow/example_dags/example_sensors.py
[2024-06-29T18:22:23.456+0000] {processor.py:839} INFO - DAG(s) dict_keys(['example_sensors']) retrieved from /home/airflow/.local/lib/python3.8/site-packages/airflow/example_dags/example_sensors.py
[2024-06-29T18:22:23.519+0000] {logging_mixin.py:154} INFO - [2024-06-29T18:22:23.519+0000] {manager.py:499} INFO - Created Permission View: %s
[2024-06-29T18:22:23.524+0000] {logging_mixin.py:154} INFO - [2024-06-29T18:22:23.524+0000] {manager.py:499} INFO - Created Permission View: %s
[2024-06-29T18:22:23.528+0000] {logging_mixin.py:154} INFO - [2024-06-29T18:22:23.527+0000] {manager.py:499} INFO - Created Permission View: %s
[2024-06-29T18:22:23.528+0000] {logging_mixin.py:154} INFO - [2024-06-29T18:22:23.528+0000] {dag.py:2941} INFO - Sync 1 DAGs
[2024-06-29T18:22:23.533+0000] {logging_mixin.py:154} INFO - [2024-06-29T18:22:23.533+0000] {dag.py:2963} INFO - Creating ORM DAG for example_sensors
[2024-06-29T18:22:23.534+0000] {logging_mixin.py:154} INFO - [2024-06-29T18:22:23.534+0000] {dag.py:3722} INFO - Setting next_dagrun for example_sensors to None, run_after=None
[2024-06-29T18:22:23.542+0000] {processor.py:179} INFO - Processing /home/airflow/.local/lib/python3.8/site-packages/airflow/example_dags/example_sensors.py took 0.112 seconds
[2024-06-29T18:23:44.455+0000] {processor.py:157} INFO - Started process (PID=233) to work on /home/airflow/.local/lib/python3.8/site-packages/airflow/example_dags/example_sensors.py
[2024-06-29T18:23:44.456+0000] {processor.py:829} INFO - Processing file /home/airflow/.local/lib/python3.8/site-packages/airflow/example_dags/example_sensors.py for tasks to queue
[2024-06-29T18:23:44.457+0000] {logging_mixin.py:154} INFO - [2024-06-29T18:23:44.457+0000] {dagbag.py:536} INFO - Filling up the DagBag from /home/airflow/.local/lib/python3.8/site-packages/airflow/example_dags/example_sensors.py
[2024-06-29T18:23:44.469+0000] {processor.py:839} INFO - DAG(s) dict_keys(['example_sensors']) retrieved from /home/airflow/.local/lib/python3.8/site-packages/airflow/example_dags/example_sensors.py
[2024-06-29T18:23:44.477+0000] {logging_mixin.py:154} INFO - [2024-06-29T18:23:44.476+0000] {dag.py:2941} INFO - Sync 1 DAGs
[2024-06-29T18:23:44.485+0000] {logging_mixin.py:154} INFO - [2024-06-29T18:23:44.485+0000] {dag.py:3722} INFO - Setting next_dagrun for example_sensors to None, run_after=None
[2024-06-29T18:23:44.496+0000] {processor.py:179} INFO - Processing /home/airflow/.local/lib/python3.8/site-packages/airflow/example_dags/example_sensors.py took 0.044 seconds
[2024-06-29T18:24:15.225+0000] {processor.py:157} INFO - Started process (PID=471) to work on /home/airflow/.local/lib/python3.8/site-packages/airflow/example_dags/example_sensors.py
[2024-06-29T18:24:15.225+0000] {processor.py:829} INFO - Processing file /home/airflow/.local/lib/python3.8/site-packages/airflow/example_dags/example_sensors.py for tasks to queue
[2024-06-29T18:24:15.226+0000] {logging_mixin.py:154} INFO - [2024-06-29T18:24:15.226+0000] {dagbag.py:536} INFO - Filling up the DagBag from /home/airflow/.local/lib/python3.8/site-packages/airflow/example_dags/example_sensors.py
[2024-06-29T18:24:15.231+0000] {processor.py:839} INFO - DAG(s) dict_keys(['example_sensors']) retrieved from /home/airflow/.local/lib/python3.8/site-packages/airflow/example_dags/example_sensors.py
[2024-06-29T18:24:15.245+0000] {logging_mixin.py:154} INFO - [2024-06-29T18:24:15.244+0000] {dag.py:2941} INFO - Sync 1 DAGs
[2024-06-29T18:24:15.254+0000] {logging_mixin.py:154} INFO - [2024-06-29T18:24:15.253+0000] {dag.py:3722} INFO - Setting next_dagrun for example_sensors to None, run_after=None
[2024-06-29T18:24:15.265+0000] {processor.py:179} INFO - Processing /home/airflow/.local/lib/python3.8/site-packages/airflow/example_dags/example_sensors.py took 0.043 seconds
[2024-06-29T18:24:45.971+0000] {processor.py:157} INFO - Started process (PID=708) to work on /home/airflow/.local/lib/python3.8/site-packages/airflow/example_dags/example_sensors.py
[2024-06-29T18:24:45.971+0000] {processor.py:829} INFO - Processing file /home/airflow/.local/lib/python3.8/site-packages/airflow/example_dags/example_sensors.py for tasks to queue
[2024-06-29T18:24:45.972+0000] {logging_mixin.py:154} INFO - [2024-06-29T18:24:45.972+0000] {dagbag.py:536} INFO - Filling up the DagBag from /home/airflow/.local/lib/python3.8/site-packages/airflow/example_dags/example_sensors.py
[2024-06-29T18:24:45.977+0000] {processor.py:839} INFO - DAG(s) dict_keys(['example_sensors']) retrieved from /home/airflow/.local/lib/python3.8/site-packages/airflow/example_dags/example_sensors.py
[2024-06-29T18:24:45.991+0000] {logging_mixin.py:154} INFO - [2024-06-29T18:24:45.991+0000] {dag.py:2941} INFO - Sync 1 DAGs
[2024-06-29T18:24:45.999+0000] {logging_mixin.py:154} INFO - [2024-06-29T18:24:45.999+0000] {dag.py:3722} INFO - Setting next_dagrun for example_sensors to None, run_after=None
[2024-06-29T18:24:46.010+0000] {processor.py:179} INFO - Processing /home/airflow/.local/lib/python3.8/site-packages/airflow/example_dags/example_sensors.py took 0.041 seconds
[2024-06-29T18:25:16.818+0000] {processor.py:157} INFO - Started process (PID=945) to work on /home/airflow/.local/lib/python3.8/site-packages/airflow/example_dags/example_sensors.py
[2024-06-29T18:25:16.819+0000] {processor.py:829} INFO - Processing file /home/airflow/.local/lib/python3.8/site-packages/airflow/example_dags/example_sensors.py for tasks to queue
[2024-06-29T18:25:16.819+0000] {logging_mixin.py:154} INFO - [2024-06-29T18:25:16.819+0000] {dagbag.py:536} INFO - Filling up the DagBag from /home/airflow/.local/lib/python3.8/site-packages/airflow/example_dags/example_sensors.py
[2024-06-29T18:25:16.825+0000] {processor.py:839} INFO - DAG(s) dict_keys(['example_sensors']) retrieved from /home/airflow/.local/lib/python3.8/site-packages/airflow/example_dags/example_sensors.py
[2024-06-29T18:25:16.838+0000] {logging_mixin.py:154} INFO - [2024-06-29T18:25:16.838+0000] {dag.py:2941} INFO - Sync 1 DAGs
[2024-06-29T18:25:16.845+0000] {logging_mixin.py:154} INFO - [2024-06-29T18:25:16.845+0000] {dag.py:3722} INFO - Setting next_dagrun for example_sensors to None, run_after=None
[2024-06-29T18:25:16.855+0000] {processor.py:179} INFO - Processing /home/airflow/.local/lib/python3.8/site-packages/airflow/example_dags/example_sensors.py took 0.039 seconds
