[2024-06-29T18:22:24.088+0000] {processor.py:157} INFO - Started process (PID=293) to work on /home/airflow/.local/lib/python3.8/site-packages/airflow/example_dags/example_skip_dag.py
[2024-06-29T18:22:24.089+0000] {processor.py:829} INFO - Processing file /home/airflow/.local/lib/python3.8/site-packages/airflow/example_dags/example_skip_dag.py for tasks to queue
[2024-06-29T18:22:24.089+0000] {logging_mixin.py:154} INFO - [2024-06-29T18:22:24.089+0000] {dagbag.py:536} INFO - Filling up the DagBag from /home/airflow/.local/lib/python3.8/site-packages/airflow/example_dags/example_skip_dag.py
[2024-06-29T18:22:24.096+0000] {processor.py:839} INFO - DAG(s) dict_keys(['example_skip_dag']) retrieved from /home/airflow/.local/lib/python3.8/site-packages/airflow/example_dags/example_skip_dag.py
[2024-06-29T18:22:24.149+0000] {logging_mixin.py:154} INFO - [2024-06-29T18:22:24.149+0000] {manager.py:499} INFO - Created Permission View: %s
[2024-06-29T18:22:24.154+0000] {logging_mixin.py:154} INFO - [2024-06-29T18:22:24.154+0000] {manager.py:499} INFO - Created Permission View: %s
[2024-06-29T18:22:24.158+0000] {logging_mixin.py:154} INFO - [2024-06-29T18:22:24.157+0000] {manager.py:499} INFO - Created Permission View: %s
[2024-06-29T18:22:24.158+0000] {logging_mixin.py:154} INFO - [2024-06-29T18:22:24.158+0000] {dag.py:2941} INFO - Sync 1 DAGs
[2024-06-29T18:22:24.163+0000] {logging_mixin.py:154} INFO - [2024-06-29T18:22:24.163+0000] {dag.py:2963} INFO - Creating ORM DAG for example_skip_dag
[2024-06-29T18:22:24.168+0000] {logging_mixin.py:154} INFO - [2024-06-29T18:22:24.168+0000] {dag.py:3722} INFO - Setting next_dagrun for example_skip_dag to 2024-06-28T18:22:24.168291+00:00, run_after=2024-06-29T18:22:24.168291+00:00
[2024-06-29T18:22:24.177+0000] {processor.py:179} INFO - Processing /home/airflow/.local/lib/python3.8/site-packages/airflow/example_dags/example_skip_dag.py took 0.090 seconds
[2024-06-29T18:23:44.929+0000] {processor.py:157} INFO - Started process (PID=295) to work on /home/airflow/.local/lib/python3.8/site-packages/airflow/example_dags/example_skip_dag.py
[2024-06-29T18:23:44.929+0000] {processor.py:829} INFO - Processing file /home/airflow/.local/lib/python3.8/site-packages/airflow/example_dags/example_skip_dag.py for tasks to queue
[2024-06-29T18:23:44.930+0000] {logging_mixin.py:154} INFO - [2024-06-29T18:23:44.930+0000] {dagbag.py:536} INFO - Filling up the DagBag from /home/airflow/.local/lib/python3.8/site-packages/airflow/example_dags/example_skip_dag.py
[2024-06-29T18:23:44.935+0000] {processor.py:839} INFO - DAG(s) dict_keys(['example_skip_dag']) retrieved from /home/airflow/.local/lib/python3.8/site-packages/airflow/example_dags/example_skip_dag.py
[2024-06-29T18:23:44.942+0000] {logging_mixin.py:154} INFO - [2024-06-29T18:23:44.942+0000] {dag.py:2941} INFO - Sync 1 DAGs
[2024-06-29T18:23:44.953+0000] {logging_mixin.py:154} INFO - [2024-06-29T18:23:44.953+0000] {dag.py:3722} INFO - Setting next_dagrun for example_skip_dag to 2024-06-28T18:23:44.953389+00:00, run_after=2024-06-29T18:23:44.953389+00:00
[2024-06-29T18:23:44.962+0000] {processor.py:179} INFO - Processing /home/airflow/.local/lib/python3.8/site-packages/airflow/example_dags/example_skip_dag.py took 0.036 seconds
[2024-06-29T18:24:15.601+0000] {processor.py:157} INFO - Started process (PID=531) to work on /home/airflow/.local/lib/python3.8/site-packages/airflow/example_dags/example_skip_dag.py
[2024-06-29T18:24:15.602+0000] {processor.py:829} INFO - Processing file /home/airflow/.local/lib/python3.8/site-packages/airflow/example_dags/example_skip_dag.py for tasks to queue
[2024-06-29T18:24:15.603+0000] {logging_mixin.py:154} INFO - [2024-06-29T18:24:15.602+0000] {dagbag.py:536} INFO - Filling up the DagBag from /home/airflow/.local/lib/python3.8/site-packages/airflow/example_dags/example_skip_dag.py
[2024-06-29T18:24:15.607+0000] {processor.py:839} INFO - DAG(s) dict_keys(['example_skip_dag']) retrieved from /home/airflow/.local/lib/python3.8/site-packages/airflow/example_dags/example_skip_dag.py
[2024-06-29T18:24:15.626+0000] {logging_mixin.py:154} INFO - [2024-06-29T18:24:15.626+0000] {dag.py:2941} INFO - Sync 1 DAGs
[2024-06-29T18:24:15.643+0000] {logging_mixin.py:154} INFO - [2024-06-29T18:24:15.643+0000] {dag.py:3722} INFO - Setting next_dagrun for example_skip_dag to 2024-06-28T18:24:15.643051+00:00, run_after=2024-06-29T18:24:15.643051+00:00
[2024-06-29T18:24:15.653+0000] {processor.py:179} INFO - Processing /home/airflow/.local/lib/python3.8/site-packages/airflow/example_dags/example_skip_dag.py took 0.054 seconds
[2024-06-29T18:24:46.367+0000] {processor.py:157} INFO - Started process (PID=770) to work on /home/airflow/.local/lib/python3.8/site-packages/airflow/example_dags/example_skip_dag.py
[2024-06-29T18:24:46.367+0000] {processor.py:829} INFO - Processing file /home/airflow/.local/lib/python3.8/site-packages/airflow/example_dags/example_skip_dag.py for tasks to queue
[2024-06-29T18:24:46.368+0000] {logging_mixin.py:154} INFO - [2024-06-29T18:24:46.368+0000] {dagbag.py:536} INFO - Filling up the DagBag from /home/airflow/.local/lib/python3.8/site-packages/airflow/example_dags/example_skip_dag.py
[2024-06-29T18:24:46.372+0000] {processor.py:839} INFO - DAG(s) dict_keys(['example_skip_dag']) retrieved from /home/airflow/.local/lib/python3.8/site-packages/airflow/example_dags/example_skip_dag.py
[2024-06-29T18:24:46.383+0000] {logging_mixin.py:154} INFO - [2024-06-29T18:24:46.383+0000] {dag.py:2941} INFO - Sync 1 DAGs
[2024-06-29T18:24:46.394+0000] {logging_mixin.py:154} INFO - [2024-06-29T18:24:46.394+0000] {dag.py:3722} INFO - Setting next_dagrun for example_skip_dag to 2024-06-28T18:24:46.394024+00:00, run_after=2024-06-29T18:24:46.394024+00:00
[2024-06-29T18:24:46.402+0000] {processor.py:179} INFO - Processing /home/airflow/.local/lib/python3.8/site-packages/airflow/example_dags/example_skip_dag.py took 0.037 seconds
[2024-06-29T18:25:17.269+0000] {processor.py:157} INFO - Started process (PID=1005) to work on /home/airflow/.local/lib/python3.8/site-packages/airflow/example_dags/example_skip_dag.py
[2024-06-29T18:25:17.270+0000] {processor.py:829} INFO - Processing file /home/airflow/.local/lib/python3.8/site-packages/airflow/example_dags/example_skip_dag.py for tasks to queue
[2024-06-29T18:25:17.270+0000] {logging_mixin.py:154} INFO - [2024-06-29T18:25:17.270+0000] {dagbag.py:536} INFO - Filling up the DagBag from /home/airflow/.local/lib/python3.8/site-packages/airflow/example_dags/example_skip_dag.py
[2024-06-29T18:25:17.274+0000] {processor.py:839} INFO - DAG(s) dict_keys(['example_skip_dag']) retrieved from /home/airflow/.local/lib/python3.8/site-packages/airflow/example_dags/example_skip_dag.py
[2024-06-29T18:25:17.286+0000] {logging_mixin.py:154} INFO - [2024-06-29T18:25:17.286+0000] {dag.py:2941} INFO - Sync 1 DAGs
[2024-06-29T18:25:17.298+0000] {logging_mixin.py:154} INFO - [2024-06-29T18:25:17.298+0000] {dag.py:3722} INFO - Setting next_dagrun for example_skip_dag to 2024-06-28T18:25:17.298605+00:00, run_after=2024-06-29T18:25:17.298605+00:00
[2024-06-29T18:25:17.307+0000] {processor.py:179} INFO - Processing /home/airflow/.local/lib/python3.8/site-packages/airflow/example_dags/example_skip_dag.py took 0.040 seconds
