[2024-06-29T18:22:23.294+0000] {processor.py:157} INFO - Started process (PID=223) to work on /home/airflow/.local/lib/python3.8/site-packages/airflow/example_dags/example_xcom.py
[2024-06-29T18:22:23.295+0000] {processor.py:829} INFO - Processing file /home/airflow/.local/lib/python3.8/site-packages/airflow/example_dags/example_xcom.py for tasks to queue
[2024-06-29T18:22:23.296+0000] {logging_mixin.py:154} INFO - [2024-06-29T18:22:23.296+0000] {dagbag.py:536} INFO - Filling up the DagBag from /home/airflow/.local/lib/python3.8/site-packages/airflow/example_dags/example_xcom.py
[2024-06-29T18:22:23.302+0000] {processor.py:839} INFO - DAG(s) dict_keys(['example_xcom']) retrieved from /home/airflow/.local/lib/python3.8/site-packages/airflow/example_dags/example_xcom.py
[2024-06-29T18:22:23.356+0000] {logging_mixin.py:154} INFO - [2024-06-29T18:22:23.356+0000] {manager.py:499} INFO - Created Permission View: %s
[2024-06-29T18:22:23.361+0000] {logging_mixin.py:154} INFO - [2024-06-29T18:22:23.361+0000] {manager.py:499} INFO - Created Permission View: %s
[2024-06-29T18:22:23.364+0000] {logging_mixin.py:154} INFO - [2024-06-29T18:22:23.364+0000] {manager.py:499} INFO - Created Permission View: %s
[2024-06-29T18:22:23.365+0000] {logging_mixin.py:154} INFO - [2024-06-29T18:22:23.365+0000] {dag.py:2941} INFO - Sync 1 DAGs
[2024-06-29T18:22:23.370+0000] {logging_mixin.py:154} INFO - [2024-06-29T18:22:23.370+0000] {dag.py:2963} INFO - Creating ORM DAG for example_xcom
[2024-06-29T18:22:23.375+0000] {logging_mixin.py:154} INFO - [2024-06-29T18:22:23.375+0000] {dag.py:3722} INFO - Setting next_dagrun for example_xcom to 2021-01-01T00:00:00+00:00, run_after=2021-01-01T00:00:00+00:00
[2024-06-29T18:22:23.384+0000] {processor.py:179} INFO - Processing /home/airflow/.local/lib/python3.8/site-packages/airflow/example_dags/example_xcom.py took 0.092 seconds
[2024-06-29T18:23:44.383+0000] {processor.py:157} INFO - Started process (PID=223) to work on /home/airflow/.local/lib/python3.8/site-packages/airflow/example_dags/example_xcom.py
[2024-06-29T18:23:44.384+0000] {processor.py:829} INFO - Processing file /home/airflow/.local/lib/python3.8/site-packages/airflow/example_dags/example_xcom.py for tasks to queue
[2024-06-29T18:23:44.385+0000] {logging_mixin.py:154} INFO - [2024-06-29T18:23:44.385+0000] {dagbag.py:536} INFO - Filling up the DagBag from /home/airflow/.local/lib/python3.8/site-packages/airflow/example_dags/example_xcom.py
[2024-06-29T18:23:44.392+0000] {processor.py:839} INFO - DAG(s) dict_keys(['example_xcom']) retrieved from /home/airflow/.local/lib/python3.8/site-packages/airflow/example_dags/example_xcom.py
[2024-06-29T18:23:44.407+0000] {logging_mixin.py:154} INFO - [2024-06-29T18:23:44.407+0000] {dag.py:2941} INFO - Sync 1 DAGs
[2024-06-29T18:23:44.423+0000] {logging_mixin.py:154} INFO - [2024-06-29T18:23:44.422+0000] {dag.py:3722} INFO - Setting next_dagrun for example_xcom to 2021-01-01T00:00:00+00:00, run_after=2021-01-01T00:00:00+00:00
[2024-06-29T18:23:44.434+0000] {processor.py:179} INFO - Processing /home/airflow/.local/lib/python3.8/site-packages/airflow/example_dags/example_xcom.py took 0.053 seconds
[2024-06-29T18:24:15.170+0000] {processor.py:157} INFO - Started process (PID=461) to work on /home/airflow/.local/lib/python3.8/site-packages/airflow/example_dags/example_xcom.py
[2024-06-29T18:24:15.171+0000] {processor.py:829} INFO - Processing file /home/airflow/.local/lib/python3.8/site-packages/airflow/example_dags/example_xcom.py for tasks to queue
[2024-06-29T18:24:15.171+0000] {logging_mixin.py:154} INFO - [2024-06-29T18:24:15.171+0000] {dagbag.py:536} INFO - Filling up the DagBag from /home/airflow/.local/lib/python3.8/site-packages/airflow/example_dags/example_xcom.py
[2024-06-29T18:24:15.176+0000] {processor.py:839} INFO - DAG(s) dict_keys(['example_xcom']) retrieved from /home/airflow/.local/lib/python3.8/site-packages/airflow/example_dags/example_xcom.py
[2024-06-29T18:24:15.189+0000] {logging_mixin.py:154} INFO - [2024-06-29T18:24:15.189+0000] {dag.py:2941} INFO - Sync 1 DAGs
[2024-06-29T18:24:15.201+0000] {logging_mixin.py:154} INFO - [2024-06-29T18:24:15.201+0000] {dag.py:3722} INFO - Setting next_dagrun for example_xcom to 2021-01-01T00:00:00+00:00, run_after=2021-01-01T00:00:00+00:00
[2024-06-29T18:24:15.210+0000] {processor.py:179} INFO - Processing /home/airflow/.local/lib/python3.8/site-packages/airflow/example_dags/example_xcom.py took 0.042 seconds
[2024-06-29T18:24:45.916+0000] {processor.py:157} INFO - Started process (PID=698) to work on /home/airflow/.local/lib/python3.8/site-packages/airflow/example_dags/example_xcom.py
[2024-06-29T18:24:45.917+0000] {processor.py:829} INFO - Processing file /home/airflow/.local/lib/python3.8/site-packages/airflow/example_dags/example_xcom.py for tasks to queue
[2024-06-29T18:24:45.918+0000] {logging_mixin.py:154} INFO - [2024-06-29T18:24:45.918+0000] {dagbag.py:536} INFO - Filling up the DagBag from /home/airflow/.local/lib/python3.8/site-packages/airflow/example_dags/example_xcom.py
[2024-06-29T18:24:45.922+0000] {processor.py:839} INFO - DAG(s) dict_keys(['example_xcom']) retrieved from /home/airflow/.local/lib/python3.8/site-packages/airflow/example_dags/example_xcom.py
[2024-06-29T18:24:45.934+0000] {logging_mixin.py:154} INFO - [2024-06-29T18:24:45.934+0000] {dag.py:2941} INFO - Sync 1 DAGs
[2024-06-29T18:24:45.946+0000] {logging_mixin.py:154} INFO - [2024-06-29T18:24:45.946+0000] {dag.py:3722} INFO - Setting next_dagrun for example_xcom to 2021-01-01T00:00:00+00:00, run_after=2021-01-01T00:00:00+00:00
[2024-06-29T18:24:45.956+0000] {processor.py:179} INFO - Processing /home/airflow/.local/lib/python3.8/site-packages/airflow/example_dags/example_xcom.py took 0.042 seconds
[2024-06-29T18:25:16.763+0000] {processor.py:157} INFO - Started process (PID=935) to work on /home/airflow/.local/lib/python3.8/site-packages/airflow/example_dags/example_xcom.py
[2024-06-29T18:25:16.763+0000] {processor.py:829} INFO - Processing file /home/airflow/.local/lib/python3.8/site-packages/airflow/example_dags/example_xcom.py for tasks to queue
[2024-06-29T18:25:16.764+0000] {logging_mixin.py:154} INFO - [2024-06-29T18:25:16.764+0000] {dagbag.py:536} INFO - Filling up the DagBag from /home/airflow/.local/lib/python3.8/site-packages/airflow/example_dags/example_xcom.py
[2024-06-29T18:25:16.768+0000] {processor.py:839} INFO - DAG(s) dict_keys(['example_xcom']) retrieved from /home/airflow/.local/lib/python3.8/site-packages/airflow/example_dags/example_xcom.py
[2024-06-29T18:25:16.781+0000] {logging_mixin.py:154} INFO - [2024-06-29T18:25:16.781+0000] {dag.py:2941} INFO - Sync 1 DAGs
[2024-06-29T18:25:16.793+0000] {logging_mixin.py:154} INFO - [2024-06-29T18:25:16.793+0000] {dag.py:3722} INFO - Setting next_dagrun for example_xcom to 2021-01-01T00:00:00+00:00, run_after=2021-01-01T00:00:00+00:00
[2024-06-29T18:25:16.803+0000] {processor.py:179} INFO - Processing /home/airflow/.local/lib/python3.8/site-packages/airflow/example_dags/example_xcom.py took 0.042 seconds
