[2024-06-29T18:22:24.931+0000] {processor.py:157} INFO - Started process (PID=368) to work on /home/airflow/.local/lib/python3.8/site-packages/airflow/example_dags/example_datasets.py
[2024-06-29T18:22:24.931+0000] {processor.py:829} INFO - Processing file /home/airflow/.local/lib/python3.8/site-packages/airflow/example_dags/example_datasets.py for tasks to queue
[2024-06-29T18:22:24.932+0000] {logging_mixin.py:154} INFO - [2024-06-29T18:22:24.932+0000] {dagbag.py:536} INFO - Filling up the DagBag from /home/airflow/.local/lib/python3.8/site-packages/airflow/example_dags/example_datasets.py
[2024-06-29T18:22:24.937+0000] {processor.py:839} INFO - DAG(s) dict_keys(['dataset_consumes_1_and_2', 'dataset_produces_2', 'dataset_consumes_1', 'dataset_produces_1', 'dataset_consumes_1_never_scheduled', 'dataset_consumes_unknown_never_scheduled']) retrieved from /home/airflow/.local/lib/python3.8/site-packages/airflow/example_dags/example_datasets.py
[2024-06-29T18:22:24.989+0000] {logging_mixin.py:154} INFO - [2024-06-29T18:22:24.989+0000] {manager.py:499} INFO - Created Permission View: %s
[2024-06-29T18:22:24.997+0000] {logging_mixin.py:154} INFO - [2024-06-29T18:22:24.997+0000] {manager.py:499} INFO - Created Permission View: %s
[2024-06-29T18:22:25.003+0000] {logging_mixin.py:154} INFO - [2024-06-29T18:22:25.003+0000] {manager.py:499} INFO - Created Permission View: %s
[2024-06-29T18:22:25.010+0000] {logging_mixin.py:154} INFO - [2024-06-29T18:22:25.010+0000] {manager.py:499} INFO - Created Permission View: %s
[2024-06-29T18:22:25.013+0000] {logging_mixin.py:154} INFO - [2024-06-29T18:22:25.013+0000] {manager.py:499} INFO - Created Permission View: %s
[2024-06-29T18:22:25.016+0000] {logging_mixin.py:154} INFO - [2024-06-29T18:22:25.016+0000] {manager.py:499} INFO - Created Permission View: %s
[2024-06-29T18:22:25.022+0000] {logging_mixin.py:154} INFO - [2024-06-29T18:22:25.022+0000] {manager.py:499} INFO - Created Permission View: %s
[2024-06-29T18:22:25.026+0000] {logging_mixin.py:154} INFO - [2024-06-29T18:22:25.026+0000] {manager.py:499} INFO - Created Permission View: %s
[2024-06-29T18:22:25.029+0000] {logging_mixin.py:154} INFO - [2024-06-29T18:22:25.029+0000] {manager.py:499} INFO - Created Permission View: %s
[2024-06-29T18:22:25.034+0000] {logging_mixin.py:154} INFO - [2024-06-29T18:22:25.034+0000] {manager.py:499} INFO - Created Permission View: %s
[2024-06-29T18:22:25.037+0000] {logging_mixin.py:154} INFO - [2024-06-29T18:22:25.037+0000] {manager.py:499} INFO - Created Permission View: %s
[2024-06-29T18:22:25.040+0000] {logging_mixin.py:154} INFO - [2024-06-29T18:22:25.040+0000] {manager.py:499} INFO - Created Permission View: %s
[2024-06-29T18:22:25.046+0000] {logging_mixin.py:154} INFO - [2024-06-29T18:22:25.045+0000] {manager.py:499} INFO - Created Permission View: %s
[2024-06-29T18:22:25.049+0000] {logging_mixin.py:154} INFO - [2024-06-29T18:22:25.049+0000] {manager.py:499} INFO - Created Permission View: %s
[2024-06-29T18:22:25.052+0000] {logging_mixin.py:154} INFO - [2024-06-29T18:22:25.052+0000] {manager.py:499} INFO - Created Permission View: %s
[2024-06-29T18:22:25.058+0000] {logging_mixin.py:154} INFO - [2024-06-29T18:22:25.058+0000] {manager.py:499} INFO - Created Permission View: %s
[2024-06-29T18:22:25.061+0000] {logging_mixin.py:154} INFO - [2024-06-29T18:22:25.061+0000] {manager.py:499} INFO - Created Permission View: %s
[2024-06-29T18:22:25.064+0000] {logging_mixin.py:154} INFO - [2024-06-29T18:22:25.064+0000] {manager.py:499} INFO - Created Permission View: %s
[2024-06-29T18:22:25.064+0000] {logging_mixin.py:154} INFO - [2024-06-29T18:22:25.064+0000] {dag.py:2941} INFO - Sync 6 DAGs
[2024-06-29T18:22:25.070+0000] {logging_mixin.py:154} INFO - [2024-06-29T18:22:25.070+0000] {dag.py:2963} INFO - Creating ORM DAG for dataset_consumes_1
[2024-06-29T18:22:25.071+0000] {logging_mixin.py:154} INFO - [2024-06-29T18:22:25.071+0000] {dag.py:2963} INFO - Creating ORM DAG for dataset_consumes_unknown_never_scheduled
[2024-06-29T18:22:25.071+0000] {logging_mixin.py:154} INFO - [2024-06-29T18:22:25.071+0000] {dag.py:2963} INFO - Creating ORM DAG for dataset_consumes_1_and_2
[2024-06-29T18:22:25.071+0000] {logging_mixin.py:154} INFO - [2024-06-29T18:22:25.071+0000] {dag.py:2963} INFO - Creating ORM DAG for dataset_consumes_1_never_scheduled
[2024-06-29T18:22:25.072+0000] {logging_mixin.py:154} INFO - [2024-06-29T18:22:25.072+0000] {dag.py:2963} INFO - Creating ORM DAG for dataset_produces_2
[2024-06-29T18:22:25.072+0000] {logging_mixin.py:154} INFO - [2024-06-29T18:22:25.072+0000] {dag.py:2963} INFO - Creating ORM DAG for dataset_produces_1
[2024-06-29T18:22:25.078+0000] {logging_mixin.py:154} INFO - [2024-06-29T18:22:25.077+0000] {dag.py:3722} INFO - Setting next_dagrun for dataset_consumes_1 to None, run_after=None
[2024-06-29T18:22:25.078+0000] {logging_mixin.py:154} INFO - [2024-06-29T18:22:25.078+0000] {dag.py:3722} INFO - Setting next_dagrun for dataset_consumes_1_and_2 to None, run_after=None
[2024-06-29T18:22:25.078+0000] {logging_mixin.py:154} INFO - [2024-06-29T18:22:25.078+0000] {dag.py:3722} INFO - Setting next_dagrun for dataset_consumes_1_never_scheduled to None, run_after=None
[2024-06-29T18:22:25.079+0000] {logging_mixin.py:154} INFO - [2024-06-29T18:22:25.079+0000] {dag.py:3722} INFO - Setting next_dagrun for dataset_consumes_unknown_never_scheduled to None, run_after=None
[2024-06-29T18:22:25.080+0000] {logging_mixin.py:154} INFO - [2024-06-29T18:22:25.080+0000] {dag.py:3722} INFO - Setting next_dagrun for dataset_produces_1 to 2024-06-28T00:00:00+00:00, run_after=2024-06-29T00:00:00+00:00
[2024-06-29T18:22:25.080+0000] {logging_mixin.py:154} INFO - [2024-06-29T18:22:25.080+0000] {dag.py:3722} INFO - Setting next_dagrun for dataset_produces_2 to None, run_after=None
[2024-06-29T18:22:25.101+0000] {processor.py:179} INFO - Processing /home/airflow/.local/lib/python3.8/site-packages/airflow/example_dags/example_datasets.py took 0.172 seconds
[2024-06-29T18:23:45.424+0000] {processor.py:157} INFO - Started process (PID=370) to work on /home/airflow/.local/lib/python3.8/site-packages/airflow/example_dags/example_datasets.py
[2024-06-29T18:23:45.425+0000] {processor.py:829} INFO - Processing file /home/airflow/.local/lib/python3.8/site-packages/airflow/example_dags/example_datasets.py for tasks to queue
[2024-06-29T18:23:45.426+0000] {logging_mixin.py:154} INFO - [2024-06-29T18:23:45.426+0000] {dagbag.py:536} INFO - Filling up the DagBag from /home/airflow/.local/lib/python3.8/site-packages/airflow/example_dags/example_datasets.py
[2024-06-29T18:23:45.431+0000] {processor.py:839} INFO - DAG(s) dict_keys(['dataset_consumes_1_and_2', 'dataset_produces_1', 'dataset_consumes_unknown_never_scheduled', 'dataset_consumes_1', 'dataset_consumes_1_never_scheduled', 'dataset_produces_2']) retrieved from /home/airflow/.local/lib/python3.8/site-packages/airflow/example_dags/example_datasets.py
[2024-06-29T18:23:45.441+0000] {logging_mixin.py:154} INFO - [2024-06-29T18:23:45.440+0000] {dag.py:2941} INFO - Sync 6 DAGs
[2024-06-29T18:23:45.453+0000] {logging_mixin.py:154} INFO - [2024-06-29T18:23:45.453+0000] {dag.py:3722} INFO - Setting next_dagrun for dataset_consumes_1 to None, run_after=None
[2024-06-29T18:23:45.455+0000] {logging_mixin.py:154} INFO - [2024-06-29T18:23:45.455+0000] {dag.py:3722} INFO - Setting next_dagrun for dataset_consumes_1_and_2 to None, run_after=None
[2024-06-29T18:23:45.456+0000] {logging_mixin.py:154} INFO - [2024-06-29T18:23:45.456+0000] {dag.py:3722} INFO - Setting next_dagrun for dataset_consumes_1_never_scheduled to None, run_after=None
[2024-06-29T18:23:45.456+0000] {logging_mixin.py:154} INFO - [2024-06-29T18:23:45.456+0000] {dag.py:3722} INFO - Setting next_dagrun for dataset_consumes_unknown_never_scheduled to None, run_after=None
[2024-06-29T18:23:45.458+0000] {logging_mixin.py:154} INFO - [2024-06-29T18:23:45.458+0000] {dag.py:3722} INFO - Setting next_dagrun for dataset_produces_1 to 2024-06-28T00:00:00+00:00, run_after=2024-06-29T00:00:00+00:00
[2024-06-29T18:23:45.459+0000] {logging_mixin.py:154} INFO - [2024-06-29T18:23:45.459+0000] {dag.py:3722} INFO - Setting next_dagrun for dataset_produces_2 to None, run_after=None
[2024-06-29T18:23:45.477+0000] {processor.py:179} INFO - Processing /home/airflow/.local/lib/python3.8/site-packages/airflow/example_dags/example_datasets.py took 0.056 seconds
[2024-06-29T18:24:16.191+0000] {processor.py:157} INFO - Started process (PID=611) to work on /home/airflow/.local/lib/python3.8/site-packages/airflow/example_dags/example_datasets.py
[2024-06-29T18:24:16.192+0000] {processor.py:829} INFO - Processing file /home/airflow/.local/lib/python3.8/site-packages/airflow/example_dags/example_datasets.py for tasks to queue
[2024-06-29T18:24:16.192+0000] {logging_mixin.py:154} INFO - [2024-06-29T18:24:16.192+0000] {dagbag.py:536} INFO - Filling up the DagBag from /home/airflow/.local/lib/python3.8/site-packages/airflow/example_dags/example_datasets.py
[2024-06-29T18:24:16.197+0000] {processor.py:839} INFO - DAG(s) dict_keys(['dataset_consumes_1_and_2', 'dataset_consumes_1_never_scheduled', 'dataset_consumes_1', 'dataset_produces_2', 'dataset_consumes_unknown_never_scheduled', 'dataset_produces_1']) retrieved from /home/airflow/.local/lib/python3.8/site-packages/airflow/example_dags/example_datasets.py
[2024-06-29T18:24:16.218+0000] {logging_mixin.py:154} INFO - [2024-06-29T18:24:16.218+0000] {dag.py:2941} INFO - Sync 6 DAGs
[2024-06-29T18:24:16.231+0000] {logging_mixin.py:154} INFO - [2024-06-29T18:24:16.231+0000] {dag.py:3722} INFO - Setting next_dagrun for dataset_consumes_1 to None, run_after=None
[2024-06-29T18:24:16.233+0000] {logging_mixin.py:154} INFO - [2024-06-29T18:24:16.233+0000] {dag.py:3722} INFO - Setting next_dagrun for dataset_consumes_1_and_2 to None, run_after=None
[2024-06-29T18:24:16.234+0000] {logging_mixin.py:154} INFO - [2024-06-29T18:24:16.234+0000] {dag.py:3722} INFO - Setting next_dagrun for dataset_consumes_1_never_scheduled to None, run_after=None
[2024-06-29T18:24:16.235+0000] {logging_mixin.py:154} INFO - [2024-06-29T18:24:16.234+0000] {dag.py:3722} INFO - Setting next_dagrun for dataset_consumes_unknown_never_scheduled to None, run_after=None
[2024-06-29T18:24:16.236+0000] {logging_mixin.py:154} INFO - [2024-06-29T18:24:16.236+0000] {dag.py:3722} INFO - Setting next_dagrun for dataset_produces_1 to 2024-06-28T00:00:00+00:00, run_after=2024-06-29T00:00:00+00:00
[2024-06-29T18:24:16.237+0000] {logging_mixin.py:154} INFO - [2024-06-29T18:24:16.237+0000] {dag.py:3722} INFO - Setting next_dagrun for dataset_produces_2 to None, run_after=None
[2024-06-29T18:24:16.255+0000] {processor.py:179} INFO - Processing /home/airflow/.local/lib/python3.8/site-packages/airflow/example_dags/example_datasets.py took 0.066 seconds
[2024-06-29T18:24:46.849+0000] {processor.py:157} INFO - Started process (PID=843) to work on /home/airflow/.local/lib/python3.8/site-packages/airflow/example_dags/example_datasets.py
[2024-06-29T18:24:46.850+0000] {processor.py:829} INFO - Processing file /home/airflow/.local/lib/python3.8/site-packages/airflow/example_dags/example_datasets.py for tasks to queue
[2024-06-29T18:24:46.850+0000] {logging_mixin.py:154} INFO - [2024-06-29T18:24:46.850+0000] {dagbag.py:536} INFO - Filling up the DagBag from /home/airflow/.local/lib/python3.8/site-packages/airflow/example_dags/example_datasets.py
[2024-06-29T18:24:46.858+0000] {processor.py:839} INFO - DAG(s) dict_keys(['dataset_produces_1', 'dataset_consumes_unknown_never_scheduled', 'dataset_consumes_1_and_2', 'dataset_produces_2', 'dataset_consumes_1_never_scheduled', 'dataset_consumes_1']) retrieved from /home/airflow/.local/lib/python3.8/site-packages/airflow/example_dags/example_datasets.py
[2024-06-29T18:24:46.881+0000] {logging_mixin.py:154} INFO - [2024-06-29T18:24:46.881+0000] {dag.py:2941} INFO - Sync 6 DAGs
[2024-06-29T18:24:46.893+0000] {logging_mixin.py:154} INFO - [2024-06-29T18:24:46.893+0000] {dag.py:3722} INFO - Setting next_dagrun for dataset_consumes_1 to None, run_after=None
[2024-06-29T18:24:46.895+0000] {logging_mixin.py:154} INFO - [2024-06-29T18:24:46.895+0000] {dag.py:3722} INFO - Setting next_dagrun for dataset_consumes_1_and_2 to None, run_after=None
[2024-06-29T18:24:46.896+0000] {logging_mixin.py:154} INFO - [2024-06-29T18:24:46.896+0000] {dag.py:3722} INFO - Setting next_dagrun for dataset_consumes_1_never_scheduled to None, run_after=None
[2024-06-29T18:24:46.897+0000] {logging_mixin.py:154} INFO - [2024-06-29T18:24:46.897+0000] {dag.py:3722} INFO - Setting next_dagrun for dataset_consumes_unknown_never_scheduled to None, run_after=None
[2024-06-29T18:24:46.898+0000] {logging_mixin.py:154} INFO - [2024-06-29T18:24:46.898+0000] {dag.py:3722} INFO - Setting next_dagrun for dataset_produces_1 to 2024-06-28T00:00:00+00:00, run_after=2024-06-29T00:00:00+00:00
[2024-06-29T18:24:46.899+0000] {logging_mixin.py:154} INFO - [2024-06-29T18:24:46.899+0000] {dag.py:3722} INFO - Setting next_dagrun for dataset_produces_2 to None, run_after=None
[2024-06-29T18:24:46.914+0000] {processor.py:179} INFO - Processing /home/airflow/.local/lib/python3.8/site-packages/airflow/example_dags/example_datasets.py took 0.068 seconds
[2024-06-29T18:25:17.857+0000] {processor.py:157} INFO - Started process (PID=1082) to work on /home/airflow/.local/lib/python3.8/site-packages/airflow/example_dags/example_datasets.py
[2024-06-29T18:25:17.858+0000] {processor.py:829} INFO - Processing file /home/airflow/.local/lib/python3.8/site-packages/airflow/example_dags/example_datasets.py for tasks to queue
[2024-06-29T18:25:17.859+0000] {logging_mixin.py:154} INFO - [2024-06-29T18:25:17.859+0000] {dagbag.py:536} INFO - Filling up the DagBag from /home/airflow/.local/lib/python3.8/site-packages/airflow/example_dags/example_datasets.py
[2024-06-29T18:25:17.864+0000] {processor.py:839} INFO - DAG(s) dict_keys(['dataset_produces_1', 'dataset_produces_2', 'dataset_consumes_unknown_never_scheduled', 'dataset_consumes_1_never_scheduled', 'dataset_consumes_1_and_2', 'dataset_consumes_1']) retrieved from /home/airflow/.local/lib/python3.8/site-packages/airflow/example_dags/example_datasets.py
[2024-06-29T18:25:17.885+0000] {logging_mixin.py:154} INFO - [2024-06-29T18:25:17.885+0000] {dag.py:2941} INFO - Sync 6 DAGs
[2024-06-29T18:25:17.897+0000] {logging_mixin.py:154} INFO - [2024-06-29T18:25:17.897+0000] {dag.py:3722} INFO - Setting next_dagrun for dataset_consumes_1 to None, run_after=None
[2024-06-29T18:25:17.899+0000] {logging_mixin.py:154} INFO - [2024-06-29T18:25:17.899+0000] {dag.py:3722} INFO - Setting next_dagrun for dataset_consumes_1_and_2 to None, run_after=None
[2024-06-29T18:25:17.900+0000] {logging_mixin.py:154} INFO - [2024-06-29T18:25:17.900+0000] {dag.py:3722} INFO - Setting next_dagrun for dataset_consumes_1_never_scheduled to None, run_after=None
[2024-06-29T18:25:17.900+0000] {logging_mixin.py:154} INFO - [2024-06-29T18:25:17.900+0000] {dag.py:3722} INFO - Setting next_dagrun for dataset_consumes_unknown_never_scheduled to None, run_after=None
[2024-06-29T18:25:17.902+0000] {logging_mixin.py:154} INFO - [2024-06-29T18:25:17.902+0000] {dag.py:3722} INFO - Setting next_dagrun for dataset_produces_1 to 2024-06-28T00:00:00+00:00, run_after=2024-06-29T00:00:00+00:00
[2024-06-29T18:25:17.903+0000] {logging_mixin.py:154} INFO - [2024-06-29T18:25:17.903+0000] {dag.py:3722} INFO - Setting next_dagrun for dataset_produces_2 to None, run_after=None
[2024-06-29T18:25:17.919+0000] {processor.py:179} INFO - Processing /home/airflow/.local/lib/python3.8/site-packages/airflow/example_dags/example_datasets.py took 0.063 seconds
