[2024-06-29T18:22:23.076+0000] {processor.py:157} INFO - Started process (PID=203) to work on /home/airflow/.local/lib/python3.8/site-packages/airflow/example_dags/example_branch_python_dop_operator_3.py
[2024-06-29T18:22:23.077+0000] {processor.py:829} INFO - Processing file /home/airflow/.local/lib/python3.8/site-packages/airflow/example_dags/example_branch_python_dop_operator_3.py for tasks to queue
[2024-06-29T18:22:23.078+0000] {logging_mixin.py:154} INFO - [2024-06-29T18:22:23.078+0000] {dagbag.py:536} INFO - Filling up the DagBag from /home/airflow/.local/lib/python3.8/site-packages/airflow/example_dags/example_branch_python_dop_operator_3.py
[2024-06-29T18:22:23.084+0000] {processor.py:839} INFO - DAG(s) dict_keys(['example_branch_dop_operator_v3']) retrieved from /home/airflow/.local/lib/python3.8/site-packages/airflow/example_dags/example_branch_python_dop_operator_3.py
[2024-06-29T18:22:23.140+0000] {logging_mixin.py:154} INFO - [2024-06-29T18:22:23.140+0000] {manager.py:499} INFO - Created Permission View: %s
[2024-06-29T18:22:23.145+0000] {logging_mixin.py:154} INFO - [2024-06-29T18:22:23.145+0000] {manager.py:499} INFO - Created Permission View: %s
[2024-06-29T18:22:23.148+0000] {logging_mixin.py:154} INFO - [2024-06-29T18:22:23.148+0000] {manager.py:499} INFO - Created Permission View: %s
[2024-06-29T18:22:23.148+0000] {logging_mixin.py:154} INFO - [2024-06-29T18:22:23.148+0000] {dag.py:2941} INFO - Sync 1 DAGs
[2024-06-29T18:22:23.154+0000] {logging_mixin.py:154} INFO - [2024-06-29T18:22:23.154+0000] {dag.py:2963} INFO - Creating ORM DAG for example_branch_dop_operator_v3
[2024-06-29T18:22:23.161+0000] {logging_mixin.py:154} INFO - [2024-06-29T18:22:23.161+0000] {dag.py:3722} INFO - Setting next_dagrun for example_branch_dop_operator_v3 to 2024-06-29T18:21:00+00:00, run_after=2024-06-29T18:22:00+00:00
[2024-06-29T18:22:23.170+0000] {processor.py:179} INFO - Processing /home/airflow/.local/lib/python3.8/site-packages/airflow/example_dags/example_branch_python_dop_operator_3.py took 0.095 seconds
[2024-06-29T18:23:44.256+0000] {processor.py:157} INFO - Started process (PID=203) to work on /home/airflow/.local/lib/python3.8/site-packages/airflow/example_dags/example_branch_python_dop_operator_3.py
[2024-06-29T18:23:44.257+0000] {processor.py:829} INFO - Processing file /home/airflow/.local/lib/python3.8/site-packages/airflow/example_dags/example_branch_python_dop_operator_3.py for tasks to queue
[2024-06-29T18:23:44.258+0000] {logging_mixin.py:154} INFO - [2024-06-29T18:23:44.258+0000] {dagbag.py:536} INFO - Filling up the DagBag from /home/airflow/.local/lib/python3.8/site-packages/airflow/example_dags/example_branch_python_dop_operator_3.py
[2024-06-29T18:23:44.265+0000] {processor.py:839} INFO - DAG(s) dict_keys(['example_branch_dop_operator_v3']) retrieved from /home/airflow/.local/lib/python3.8/site-packages/airflow/example_dags/example_branch_python_dop_operator_3.py
[2024-06-29T18:23:44.274+0000] {logging_mixin.py:154} INFO - [2024-06-29T18:23:44.274+0000] {dag.py:2941} INFO - Sync 1 DAGs
[2024-06-29T18:23:44.296+0000] {logging_mixin.py:154} INFO - [2024-06-29T18:23:44.296+0000] {dag.py:3722} INFO - Setting next_dagrun for example_branch_dop_operator_v3 to 2024-06-29T18:22:00+00:00, run_after=2024-06-29T18:23:00+00:00
[2024-06-29T18:23:44.309+0000] {processor.py:179} INFO - Processing /home/airflow/.local/lib/python3.8/site-packages/airflow/example_dags/example_branch_python_dop_operator_3.py took 0.055 seconds
[2024-06-29T18:24:15.056+0000] {processor.py:157} INFO - Started process (PID=441) to work on /home/airflow/.local/lib/python3.8/site-packages/airflow/example_dags/example_branch_python_dop_operator_3.py
[2024-06-29T18:24:15.057+0000] {processor.py:829} INFO - Processing file /home/airflow/.local/lib/python3.8/site-packages/airflow/example_dags/example_branch_python_dop_operator_3.py for tasks to queue
[2024-06-29T18:24:15.059+0000] {logging_mixin.py:154} INFO - [2024-06-29T18:24:15.058+0000] {dagbag.py:536} INFO - Filling up the DagBag from /home/airflow/.local/lib/python3.8/site-packages/airflow/example_dags/example_branch_python_dop_operator_3.py
[2024-06-29T18:24:15.065+0000] {processor.py:839} INFO - DAG(s) dict_keys(['example_branch_dop_operator_v3']) retrieved from /home/airflow/.local/lib/python3.8/site-packages/airflow/example_dags/example_branch_python_dop_operator_3.py
[2024-06-29T18:24:15.077+0000] {logging_mixin.py:154} INFO - [2024-06-29T18:24:15.077+0000] {dag.py:2941} INFO - Sync 1 DAGs
[2024-06-29T18:24:15.091+0000] {logging_mixin.py:154} INFO - [2024-06-29T18:24:15.091+0000] {dag.py:3722} INFO - Setting next_dagrun for example_branch_dop_operator_v3 to 2024-06-29T18:23:00+00:00, run_after=2024-06-29T18:24:00+00:00
[2024-06-29T18:24:15.100+0000] {processor.py:179} INFO - Processing /home/airflow/.local/lib/python3.8/site-packages/airflow/example_dags/example_branch_python_dop_operator_3.py took 0.047 seconds
[2024-06-29T18:24:45.806+0000] {processor.py:157} INFO - Started process (PID=678) to work on /home/airflow/.local/lib/python3.8/site-packages/airflow/example_dags/example_branch_python_dop_operator_3.py
[2024-06-29T18:24:45.806+0000] {processor.py:829} INFO - Processing file /home/airflow/.local/lib/python3.8/site-packages/airflow/example_dags/example_branch_python_dop_operator_3.py for tasks to queue
[2024-06-29T18:24:45.807+0000] {logging_mixin.py:154} INFO - [2024-06-29T18:24:45.807+0000] {dagbag.py:536} INFO - Filling up the DagBag from /home/airflow/.local/lib/python3.8/site-packages/airflow/example_dags/example_branch_python_dop_operator_3.py
[2024-06-29T18:24:45.812+0000] {processor.py:839} INFO - DAG(s) dict_keys(['example_branch_dop_operator_v3']) retrieved from /home/airflow/.local/lib/python3.8/site-packages/airflow/example_dags/example_branch_python_dop_operator_3.py
[2024-06-29T18:24:45.824+0000] {logging_mixin.py:154} INFO - [2024-06-29T18:24:45.824+0000] {dag.py:2941} INFO - Sync 1 DAGs
[2024-06-29T18:24:45.838+0000] {logging_mixin.py:154} INFO - [2024-06-29T18:24:45.838+0000] {dag.py:3722} INFO - Setting next_dagrun for example_branch_dop_operator_v3 to 2024-06-29T18:23:00+00:00, run_after=2024-06-29T18:24:00+00:00
[2024-06-29T18:24:45.848+0000] {processor.py:179} INFO - Processing /home/airflow/.local/lib/python3.8/site-packages/airflow/example_dags/example_branch_python_dop_operator_3.py took 0.044 seconds
[2024-06-29T18:25:16.648+0000] {processor.py:157} INFO - Started process (PID=915) to work on /home/airflow/.local/lib/python3.8/site-packages/airflow/example_dags/example_branch_python_dop_operator_3.py
[2024-06-29T18:25:16.649+0000] {processor.py:829} INFO - Processing file /home/airflow/.local/lib/python3.8/site-packages/airflow/example_dags/example_branch_python_dop_operator_3.py for tasks to queue
[2024-06-29T18:25:16.650+0000] {logging_mixin.py:154} INFO - [2024-06-29T18:25:16.649+0000] {dagbag.py:536} INFO - Filling up the DagBag from /home/airflow/.local/lib/python3.8/site-packages/airflow/example_dags/example_branch_python_dop_operator_3.py
[2024-06-29T18:25:16.655+0000] {processor.py:839} INFO - DAG(s) dict_keys(['example_branch_dop_operator_v3']) retrieved from /home/airflow/.local/lib/python3.8/site-packages/airflow/example_dags/example_branch_python_dop_operator_3.py
[2024-06-29T18:25:16.667+0000] {logging_mixin.py:154} INFO - [2024-06-29T18:25:16.667+0000] {dag.py:2941} INFO - Sync 1 DAGs
[2024-06-29T18:25:16.681+0000] {logging_mixin.py:154} INFO - [2024-06-29T18:25:16.681+0000] {dag.py:3722} INFO - Setting next_dagrun for example_branch_dop_operator_v3 to 2024-06-29T18:24:00+00:00, run_after=2024-06-29T18:25:00+00:00
[2024-06-29T18:25:16.691+0000] {processor.py:179} INFO - Processing /home/airflow/.local/lib/python3.8/site-packages/airflow/example_dags/example_branch_python_dop_operator_3.py took 0.045 seconds
