[2024-06-29T18:22:24.984+0000] {processor.py:157} INFO - Started process (PID=373) to work on /home/airflow/.local/lib/python3.8/site-packages/airflow/example_dags/tutorial_taskflow_api.py
[2024-06-29T18:22:24.985+0000] {processor.py:829} INFO - Processing file /home/airflow/.local/lib/python3.8/site-packages/airflow/example_dags/tutorial_taskflow_api.py for tasks to queue
[2024-06-29T18:22:24.985+0000] {logging_mixin.py:154} INFO - [2024-06-29T18:22:24.985+0000] {dagbag.py:536} INFO - Filling up the DagBag from /home/airflow/.local/lib/python3.8/site-packages/airflow/example_dags/tutorial_taskflow_api.py
[2024-06-29T18:22:24.990+0000] {processor.py:839} INFO - DAG(s) dict_keys(['tutorial_taskflow_api']) retrieved from /home/airflow/.local/lib/python3.8/site-packages/airflow/example_dags/tutorial_taskflow_api.py
[2024-06-29T18:22:25.043+0000] {logging_mixin.py:154} INFO - [2024-06-29T18:22:25.043+0000] {manager.py:499} INFO - Created Permission View: %s
[2024-06-29T18:22:25.048+0000] {logging_mixin.py:154} INFO - [2024-06-29T18:22:25.047+0000] {manager.py:499} INFO - Created Permission View: %s
[2024-06-29T18:22:25.050+0000] {logging_mixin.py:154} INFO - [2024-06-29T18:22:25.050+0000] {manager.py:499} INFO - Created Permission View: %s
[2024-06-29T18:22:25.051+0000] {logging_mixin.py:154} INFO - [2024-06-29T18:22:25.051+0000] {dag.py:2941} INFO - Sync 1 DAGs
[2024-06-29T18:22:25.056+0000] {logging_mixin.py:154} INFO - [2024-06-29T18:22:25.056+0000] {dag.py:2963} INFO - Creating ORM DAG for tutorial_taskflow_api
[2024-06-29T18:22:25.056+0000] {logging_mixin.py:154} INFO - [2024-06-29T18:22:25.056+0000] {dag.py:3722} INFO - Setting next_dagrun for tutorial_taskflow_api to None, run_after=None
[2024-06-29T18:22:25.065+0000] {processor.py:179} INFO - Processing /home/airflow/.local/lib/python3.8/site-packages/airflow/example_dags/tutorial_taskflow_api.py took 0.083 seconds
[2024-06-29T18:23:45.431+0000] {processor.py:157} INFO - Started process (PID=373) to work on /home/airflow/.local/lib/python3.8/site-packages/airflow/example_dags/tutorial_taskflow_api.py
[2024-06-29T18:23:45.432+0000] {processor.py:829} INFO - Processing file /home/airflow/.local/lib/python3.8/site-packages/airflow/example_dags/tutorial_taskflow_api.py for tasks to queue
[2024-06-29T18:23:45.433+0000] {logging_mixin.py:154} INFO - [2024-06-29T18:23:45.432+0000] {dagbag.py:536} INFO - Filling up the DagBag from /home/airflow/.local/lib/python3.8/site-packages/airflow/example_dags/tutorial_taskflow_api.py
[2024-06-29T18:23:45.436+0000] {processor.py:839} INFO - DAG(s) dict_keys(['tutorial_taskflow_api']) retrieved from /home/airflow/.local/lib/python3.8/site-packages/airflow/example_dags/tutorial_taskflow_api.py
[2024-06-29T18:23:45.443+0000] {logging_mixin.py:154} INFO - [2024-06-29T18:23:45.443+0000] {dag.py:2941} INFO - Sync 1 DAGs
[2024-06-29T18:23:45.451+0000] {logging_mixin.py:154} INFO - [2024-06-29T18:23:45.451+0000] {dag.py:3722} INFO - Setting next_dagrun for tutorial_taskflow_api to None, run_after=None
[2024-06-29T18:23:45.463+0000] {processor.py:179} INFO - Processing /home/airflow/.local/lib/python3.8/site-packages/airflow/example_dags/tutorial_taskflow_api.py took 0.033 seconds
[2024-06-29T18:24:16.160+0000] {processor.py:157} INFO - Started process (PID=606) to work on /home/airflow/.local/lib/python3.8/site-packages/airflow/example_dags/tutorial_taskflow_api.py
[2024-06-29T18:24:16.161+0000] {processor.py:829} INFO - Processing file /home/airflow/.local/lib/python3.8/site-packages/airflow/example_dags/tutorial_taskflow_api.py for tasks to queue
[2024-06-29T18:24:16.162+0000] {logging_mixin.py:154} INFO - [2024-06-29T18:24:16.162+0000] {dagbag.py:536} INFO - Filling up the DagBag from /home/airflow/.local/lib/python3.8/site-packages/airflow/example_dags/tutorial_taskflow_api.py
[2024-06-29T18:24:16.165+0000] {processor.py:839} INFO - DAG(s) dict_keys(['tutorial_taskflow_api']) retrieved from /home/airflow/.local/lib/python3.8/site-packages/airflow/example_dags/tutorial_taskflow_api.py
[2024-06-29T18:24:16.178+0000] {logging_mixin.py:154} INFO - [2024-06-29T18:24:16.178+0000] {dag.py:2941} INFO - Sync 1 DAGs
[2024-06-29T18:24:16.184+0000] {logging_mixin.py:154} INFO - [2024-06-29T18:24:16.184+0000] {dag.py:3722} INFO - Setting next_dagrun for tutorial_taskflow_api to None, run_after=None
[2024-06-29T18:24:16.196+0000] {processor.py:179} INFO - Processing /home/airflow/.local/lib/python3.8/site-packages/airflow/example_dags/tutorial_taskflow_api.py took 0.037 seconds
[2024-06-29T18:24:46.908+0000] {processor.py:157} INFO - Started process (PID=848) to work on /home/airflow/.local/lib/python3.8/site-packages/airflow/example_dags/tutorial_taskflow_api.py
[2024-06-29T18:24:46.909+0000] {processor.py:829} INFO - Processing file /home/airflow/.local/lib/python3.8/site-packages/airflow/example_dags/tutorial_taskflow_api.py for tasks to queue
[2024-06-29T18:24:46.909+0000] {logging_mixin.py:154} INFO - [2024-06-29T18:24:46.909+0000] {dagbag.py:536} INFO - Filling up the DagBag from /home/airflow/.local/lib/python3.8/site-packages/airflow/example_dags/tutorial_taskflow_api.py
[2024-06-29T18:24:46.913+0000] {processor.py:839} INFO - DAG(s) dict_keys(['tutorial_taskflow_api']) retrieved from /home/airflow/.local/lib/python3.8/site-packages/airflow/example_dags/tutorial_taskflow_api.py
[2024-06-29T18:24:46.925+0000] {logging_mixin.py:154} INFO - [2024-06-29T18:24:46.925+0000] {dag.py:2941} INFO - Sync 1 DAGs
[2024-06-29T18:24:46.932+0000] {logging_mixin.py:154} INFO - [2024-06-29T18:24:46.932+0000] {dag.py:3722} INFO - Setting next_dagrun for tutorial_taskflow_api to None, run_after=None
[2024-06-29T18:24:46.945+0000] {processor.py:179} INFO - Processing /home/airflow/.local/lib/python3.8/site-packages/airflow/example_dags/tutorial_taskflow_api.py took 0.038 seconds
[2024-06-29T18:25:17.933+0000] {processor.py:157} INFO - Started process (PID=1087) to work on /home/airflow/.local/lib/python3.8/site-packages/airflow/example_dags/tutorial_taskflow_api.py
[2024-06-29T18:25:17.933+0000] {processor.py:829} INFO - Processing file /home/airflow/.local/lib/python3.8/site-packages/airflow/example_dags/tutorial_taskflow_api.py for tasks to queue
[2024-06-29T18:25:17.934+0000] {logging_mixin.py:154} INFO - [2024-06-29T18:25:17.934+0000] {dagbag.py:536} INFO - Filling up the DagBag from /home/airflow/.local/lib/python3.8/site-packages/airflow/example_dags/tutorial_taskflow_api.py
[2024-06-29T18:25:17.938+0000] {processor.py:839} INFO - DAG(s) dict_keys(['tutorial_taskflow_api']) retrieved from /home/airflow/.local/lib/python3.8/site-packages/airflow/example_dags/tutorial_taskflow_api.py
[2024-06-29T18:25:17.950+0000] {logging_mixin.py:154} INFO - [2024-06-29T18:25:17.950+0000] {dag.py:2941} INFO - Sync 1 DAGs
[2024-06-29T18:25:17.958+0000] {logging_mixin.py:154} INFO - [2024-06-29T18:25:17.958+0000] {dag.py:3722} INFO - Setting next_dagrun for tutorial_taskflow_api to None, run_after=None
[2024-06-29T18:25:17.968+0000] {processor.py:179} INFO - Processing /home/airflow/.local/lib/python3.8/site-packages/airflow/example_dags/tutorial_taskflow_api.py took 0.038 seconds
