[2024-06-29T18:22:23.556+0000] {processor.py:157} INFO - Started process (PID=243) to work on /home/airflow/.local/lib/python3.8/site-packages/airflow/example_dags/tutorial_dag.py
[2024-06-29T18:22:23.556+0000] {processor.py:829} INFO - Processing file /home/airflow/.local/lib/python3.8/site-packages/airflow/example_dags/tutorial_dag.py for tasks to queue
[2024-06-29T18:22:23.557+0000] {logging_mixin.py:154} INFO - [2024-06-29T18:22:23.557+0000] {dagbag.py:536} INFO - Filling up the DagBag from /home/airflow/.local/lib/python3.8/site-packages/airflow/example_dags/tutorial_dag.py
[2024-06-29T18:22:23.562+0000] {processor.py:839} INFO - DAG(s) dict_keys(['tutorial_dag']) retrieved from /home/airflow/.local/lib/python3.8/site-packages/airflow/example_dags/tutorial_dag.py
[2024-06-29T18:22:23.612+0000] {logging_mixin.py:154} INFO - [2024-06-29T18:22:23.612+0000] {manager.py:499} INFO - Created Permission View: %s
[2024-06-29T18:22:23.617+0000] {logging_mixin.py:154} INFO - [2024-06-29T18:22:23.617+0000] {manager.py:499} INFO - Created Permission View: %s
[2024-06-29T18:22:23.620+0000] {logging_mixin.py:154} INFO - [2024-06-29T18:22:23.620+0000] {manager.py:499} INFO - Created Permission View: %s
[2024-06-29T18:22:23.620+0000] {logging_mixin.py:154} INFO - [2024-06-29T18:22:23.620+0000] {dag.py:2941} INFO - Sync 1 DAGs
[2024-06-29T18:22:23.626+0000] {logging_mixin.py:154} INFO - [2024-06-29T18:22:23.626+0000] {dag.py:2963} INFO - Creating ORM DAG for tutorial_dag
[2024-06-29T18:22:23.627+0000] {logging_mixin.py:154} INFO - [2024-06-29T18:22:23.627+0000] {dag.py:3722} INFO - Setting next_dagrun for tutorial_dag to None, run_after=None
[2024-06-29T18:22:23.636+0000] {processor.py:179} INFO - Processing /home/airflow/.local/lib/python3.8/site-packages/airflow/example_dags/tutorial_dag.py took 0.082 seconds
[2024-06-29T18:23:44.515+0000] {processor.py:157} INFO - Started process (PID=243) to work on /home/airflow/.local/lib/python3.8/site-packages/airflow/example_dags/tutorial_dag.py
[2024-06-29T18:23:44.515+0000] {processor.py:829} INFO - Processing file /home/airflow/.local/lib/python3.8/site-packages/airflow/example_dags/tutorial_dag.py for tasks to queue
[2024-06-29T18:23:44.516+0000] {logging_mixin.py:154} INFO - [2024-06-29T18:23:44.516+0000] {dagbag.py:536} INFO - Filling up the DagBag from /home/airflow/.local/lib/python3.8/site-packages/airflow/example_dags/tutorial_dag.py
[2024-06-29T18:23:44.522+0000] {processor.py:839} INFO - DAG(s) dict_keys(['tutorial_dag']) retrieved from /home/airflow/.local/lib/python3.8/site-packages/airflow/example_dags/tutorial_dag.py
[2024-06-29T18:23:44.530+0000] {logging_mixin.py:154} INFO - [2024-06-29T18:23:44.530+0000] {dag.py:2941} INFO - Sync 1 DAGs
[2024-06-29T18:23:44.539+0000] {logging_mixin.py:154} INFO - [2024-06-29T18:23:44.539+0000] {dag.py:3722} INFO - Setting next_dagrun for tutorial_dag to None, run_after=None
[2024-06-29T18:23:44.550+0000] {processor.py:179} INFO - Processing /home/airflow/.local/lib/python3.8/site-packages/airflow/example_dags/tutorial_dag.py took 0.037 seconds
[2024-06-29T18:24:15.323+0000] {processor.py:157} INFO - Started process (PID=481) to work on /home/airflow/.local/lib/python3.8/site-packages/airflow/example_dags/tutorial_dag.py
[2024-06-29T18:24:15.323+0000] {processor.py:829} INFO - Processing file /home/airflow/.local/lib/python3.8/site-packages/airflow/example_dags/tutorial_dag.py for tasks to queue
[2024-06-29T18:24:15.324+0000] {logging_mixin.py:154} INFO - [2024-06-29T18:24:15.324+0000] {dagbag.py:536} INFO - Filling up the DagBag from /home/airflow/.local/lib/python3.8/site-packages/airflow/example_dags/tutorial_dag.py
[2024-06-29T18:24:15.327+0000] {processor.py:839} INFO - DAG(s) dict_keys(['tutorial_dag']) retrieved from /home/airflow/.local/lib/python3.8/site-packages/airflow/example_dags/tutorial_dag.py
[2024-06-29T18:24:15.339+0000] {logging_mixin.py:154} INFO - [2024-06-29T18:24:15.339+0000] {dag.py:2941} INFO - Sync 1 DAGs
[2024-06-29T18:24:15.345+0000] {logging_mixin.py:154} INFO - [2024-06-29T18:24:15.345+0000] {dag.py:3722} INFO - Setting next_dagrun for tutorial_dag to None, run_after=None
[2024-06-29T18:24:15.354+0000] {processor.py:179} INFO - Processing /home/airflow/.local/lib/python3.8/site-packages/airflow/example_dags/tutorial_dag.py took 0.033 seconds
[2024-06-29T18:24:46.067+0000] {processor.py:157} INFO - Started process (PID=720) to work on /home/airflow/.local/lib/python3.8/site-packages/airflow/example_dags/tutorial_dag.py
[2024-06-29T18:24:46.067+0000] {processor.py:829} INFO - Processing file /home/airflow/.local/lib/python3.8/site-packages/airflow/example_dags/tutorial_dag.py for tasks to queue
[2024-06-29T18:24:46.068+0000] {logging_mixin.py:154} INFO - [2024-06-29T18:24:46.068+0000] {dagbag.py:536} INFO - Filling up the DagBag from /home/airflow/.local/lib/python3.8/site-packages/airflow/example_dags/tutorial_dag.py
[2024-06-29T18:24:46.071+0000] {processor.py:839} INFO - DAG(s) dict_keys(['tutorial_dag']) retrieved from /home/airflow/.local/lib/python3.8/site-packages/airflow/example_dags/tutorial_dag.py
[2024-06-29T18:24:46.082+0000] {logging_mixin.py:154} INFO - [2024-06-29T18:24:46.082+0000] {dag.py:2941} INFO - Sync 1 DAGs
[2024-06-29T18:24:46.089+0000] {logging_mixin.py:154} INFO - [2024-06-29T18:24:46.088+0000] {dag.py:3722} INFO - Setting next_dagrun for tutorial_dag to None, run_after=None
[2024-06-29T18:24:46.098+0000] {processor.py:179} INFO - Processing /home/airflow/.local/lib/python3.8/site-packages/airflow/example_dags/tutorial_dag.py took 0.033 seconds
[2024-06-29T18:25:16.911+0000] {processor.py:157} INFO - Started process (PID=955) to work on /home/airflow/.local/lib/python3.8/site-packages/airflow/example_dags/tutorial_dag.py
[2024-06-29T18:25:16.911+0000] {processor.py:829} INFO - Processing file /home/airflow/.local/lib/python3.8/site-packages/airflow/example_dags/tutorial_dag.py for tasks to queue
[2024-06-29T18:25:16.912+0000] {logging_mixin.py:154} INFO - [2024-06-29T18:25:16.912+0000] {dagbag.py:536} INFO - Filling up the DagBag from /home/airflow/.local/lib/python3.8/site-packages/airflow/example_dags/tutorial_dag.py
[2024-06-29T18:25:16.915+0000] {processor.py:839} INFO - DAG(s) dict_keys(['tutorial_dag']) retrieved from /home/airflow/.local/lib/python3.8/site-packages/airflow/example_dags/tutorial_dag.py
[2024-06-29T18:25:16.928+0000] {logging_mixin.py:154} INFO - [2024-06-29T18:25:16.928+0000] {dag.py:2941} INFO - Sync 1 DAGs
[2024-06-29T18:25:16.935+0000] {logging_mixin.py:154} INFO - [2024-06-29T18:25:16.935+0000] {dag.py:3722} INFO - Setting next_dagrun for tutorial_dag to None, run_after=None
[2024-06-29T18:25:16.946+0000] {processor.py:179} INFO - Processing /home/airflow/.local/lib/python3.8/site-packages/airflow/example_dags/tutorial_dag.py took 0.038 seconds
