[2024-06-29T18:22:23.984+0000] {processor.py:157} INFO - Started process (PID=283) to work on /home/airflow/.local/lib/python3.8/site-packages/airflow/example_dags/tutorial.py
[2024-06-29T18:22:23.984+0000] {processor.py:829} INFO - Processing file /home/airflow/.local/lib/python3.8/site-packages/airflow/example_dags/tutorial.py for tasks to queue
[2024-06-29T18:22:23.985+0000] {logging_mixin.py:154} INFO - [2024-06-29T18:22:23.985+0000] {dagbag.py:536} INFO - Filling up the DagBag from /home/airflow/.local/lib/python3.8/site-packages/airflow/example_dags/tutorial.py
[2024-06-29T18:22:23.993+0000] {processor.py:839} INFO - DAG(s) dict_keys(['tutorial']) retrieved from /home/airflow/.local/lib/python3.8/site-packages/airflow/example_dags/tutorial.py
[2024-06-29T18:22:24.046+0000] {logging_mixin.py:154} INFO - [2024-06-29T18:22:24.046+0000] {manager.py:499} INFO - Created Permission View: %s
[2024-06-29T18:22:24.051+0000] {logging_mixin.py:154} INFO - [2024-06-29T18:22:24.051+0000] {manager.py:499} INFO - Created Permission View: %s
[2024-06-29T18:22:24.054+0000] {logging_mixin.py:154} INFO - [2024-06-29T18:22:24.054+0000] {manager.py:499} INFO - Created Permission View: %s
[2024-06-29T18:22:24.055+0000] {logging_mixin.py:154} INFO - [2024-06-29T18:22:24.055+0000] {dag.py:2941} INFO - Sync 1 DAGs
[2024-06-29T18:22:24.060+0000] {logging_mixin.py:154} INFO - [2024-06-29T18:22:24.060+0000] {dag.py:2963} INFO - Creating ORM DAG for tutorial
[2024-06-29T18:22:24.065+0000] {logging_mixin.py:154} INFO - [2024-06-29T18:22:24.065+0000] {dag.py:3722} INFO - Setting next_dagrun for tutorial to 2024-06-28T18:22:24.065099+00:00, run_after=2024-06-29T18:22:24.065099+00:00
[2024-06-29T18:22:24.073+0000] {processor.py:179} INFO - Processing /home/airflow/.local/lib/python3.8/site-packages/airflow/example_dags/tutorial.py took 0.092 seconds
[2024-06-29T18:23:44.874+0000] {processor.py:157} INFO - Started process (PID=285) to work on /home/airflow/.local/lib/python3.8/site-packages/airflow/example_dags/tutorial.py
[2024-06-29T18:23:44.874+0000] {processor.py:829} INFO - Processing file /home/airflow/.local/lib/python3.8/site-packages/airflow/example_dags/tutorial.py for tasks to queue
[2024-06-29T18:23:44.875+0000] {logging_mixin.py:154} INFO - [2024-06-29T18:23:44.875+0000] {dagbag.py:536} INFO - Filling up the DagBag from /home/airflow/.local/lib/python3.8/site-packages/airflow/example_dags/tutorial.py
[2024-06-29T18:23:44.880+0000] {processor.py:839} INFO - DAG(s) dict_keys(['tutorial']) retrieved from /home/airflow/.local/lib/python3.8/site-packages/airflow/example_dags/tutorial.py
[2024-06-29T18:23:44.887+0000] {logging_mixin.py:154} INFO - [2024-06-29T18:23:44.887+0000] {dag.py:2941} INFO - Sync 1 DAGs
[2024-06-29T18:23:44.898+0000] {logging_mixin.py:154} INFO - [2024-06-29T18:23:44.897+0000] {dag.py:3722} INFO - Setting next_dagrun for tutorial to 2024-06-28T18:23:44.897688+00:00, run_after=2024-06-29T18:23:44.897688+00:00
[2024-06-29T18:23:44.914+0000] {processor.py:179} INFO - Processing /home/airflow/.local/lib/python3.8/site-packages/airflow/example_dags/tutorial.py took 0.042 seconds
[2024-06-29T18:24:15.546+0000] {processor.py:157} INFO - Started process (PID=521) to work on /home/airflow/.local/lib/python3.8/site-packages/airflow/example_dags/tutorial.py
[2024-06-29T18:24:15.546+0000] {processor.py:829} INFO - Processing file /home/airflow/.local/lib/python3.8/site-packages/airflow/example_dags/tutorial.py for tasks to queue
[2024-06-29T18:24:15.547+0000] {logging_mixin.py:154} INFO - [2024-06-29T18:24:15.547+0000] {dagbag.py:536} INFO - Filling up the DagBag from /home/airflow/.local/lib/python3.8/site-packages/airflow/example_dags/tutorial.py
[2024-06-29T18:24:15.551+0000] {processor.py:839} INFO - DAG(s) dict_keys(['tutorial']) retrieved from /home/airflow/.local/lib/python3.8/site-packages/airflow/example_dags/tutorial.py
[2024-06-29T18:24:15.563+0000] {logging_mixin.py:154} INFO - [2024-06-29T18:24:15.563+0000] {dag.py:2941} INFO - Sync 1 DAGs
[2024-06-29T18:24:15.574+0000] {logging_mixin.py:154} INFO - [2024-06-29T18:24:15.574+0000] {dag.py:3722} INFO - Setting next_dagrun for tutorial to 2024-06-28T18:24:15.574239+00:00, run_after=2024-06-29T18:24:15.574239+00:00
[2024-06-29T18:24:15.585+0000] {processor.py:179} INFO - Processing /home/airflow/.local/lib/python3.8/site-packages/airflow/example_dags/tutorial.py took 0.041 seconds
[2024-06-29T18:24:46.318+0000] {processor.py:157} INFO - Started process (PID=760) to work on /home/airflow/.local/lib/python3.8/site-packages/airflow/example_dags/tutorial.py
[2024-06-29T18:24:46.318+0000] {processor.py:829} INFO - Processing file /home/airflow/.local/lib/python3.8/site-packages/airflow/example_dags/tutorial.py for tasks to queue
[2024-06-29T18:24:46.319+0000] {logging_mixin.py:154} INFO - [2024-06-29T18:24:46.319+0000] {dagbag.py:536} INFO - Filling up the DagBag from /home/airflow/.local/lib/python3.8/site-packages/airflow/example_dags/tutorial.py
[2024-06-29T18:24:46.323+0000] {processor.py:839} INFO - DAG(s) dict_keys(['tutorial']) retrieved from /home/airflow/.local/lib/python3.8/site-packages/airflow/example_dags/tutorial.py
[2024-06-29T18:24:46.334+0000] {logging_mixin.py:154} INFO - [2024-06-29T18:24:46.334+0000] {dag.py:2941} INFO - Sync 1 DAGs
[2024-06-29T18:24:46.345+0000] {logging_mixin.py:154} INFO - [2024-06-29T18:24:46.345+0000] {dag.py:3722} INFO - Setting next_dagrun for tutorial to 2024-06-28T18:24:46.345217+00:00, run_after=2024-06-29T18:24:46.345217+00:00
[2024-06-29T18:24:46.353+0000] {processor.py:179} INFO - Processing /home/airflow/.local/lib/python3.8/site-packages/airflow/example_dags/tutorial.py took 0.038 seconds
[2024-06-29T18:25:17.213+0000] {processor.py:157} INFO - Started process (PID=997) to work on /home/airflow/.local/lib/python3.8/site-packages/airflow/example_dags/tutorial.py
[2024-06-29T18:25:17.214+0000] {processor.py:829} INFO - Processing file /home/airflow/.local/lib/python3.8/site-packages/airflow/example_dags/tutorial.py for tasks to queue
[2024-06-29T18:25:17.214+0000] {logging_mixin.py:154} INFO - [2024-06-29T18:25:17.214+0000] {dagbag.py:536} INFO - Filling up the DagBag from /home/airflow/.local/lib/python3.8/site-packages/airflow/example_dags/tutorial.py
[2024-06-29T18:25:17.219+0000] {processor.py:839} INFO - DAG(s) dict_keys(['tutorial']) retrieved from /home/airflow/.local/lib/python3.8/site-packages/airflow/example_dags/tutorial.py
[2024-06-29T18:25:17.231+0000] {logging_mixin.py:154} INFO - [2024-06-29T18:25:17.230+0000] {dag.py:2941} INFO - Sync 1 DAGs
[2024-06-29T18:25:17.242+0000] {logging_mixin.py:154} INFO - [2024-06-29T18:25:17.242+0000] {dag.py:3722} INFO - Setting next_dagrun for tutorial to 2024-06-28T18:25:17.242106+00:00, run_after=2024-06-29T18:25:17.242106+00:00
[2024-06-29T18:25:17.251+0000] {processor.py:179} INFO - Processing /home/airflow/.local/lib/python3.8/site-packages/airflow/example_dags/tutorial.py took 0.040 seconds
