[2024-06-29T18:22:23.096+0000] {processor.py:157} INFO - Started process (PID=208) to work on /home/airflow/.local/lib/python3.8/site-packages/airflow/example_dags/tutorial_taskflow_api_virtualenv.py
[2024-06-29T18:22:23.097+0000] {processor.py:829} INFO - Processing file /home/airflow/.local/lib/python3.8/site-packages/airflow/example_dags/tutorial_taskflow_api_virtualenv.py for tasks to queue
[2024-06-29T18:22:23.098+0000] {logging_mixin.py:154} INFO - [2024-06-29T18:22:23.098+0000] {dagbag.py:536} INFO - Filling up the DagBag from /home/airflow/.local/lib/python3.8/site-packages/airflow/example_dags/tutorial_taskflow_api_virtualenv.py
[2024-06-29T18:22:23.104+0000] {processor.py:839} INFO - DAG(s) dict_keys(['tutorial_taskflow_api_virtualenv']) retrieved from /home/airflow/.local/lib/python3.8/site-packages/airflow/example_dags/tutorial_taskflow_api_virtualenv.py
[2024-06-29T18:22:23.160+0000] {logging_mixin.py:154} INFO - [2024-06-29T18:22:23.160+0000] {manager.py:499} INFO - Created Permission View: %s
[2024-06-29T18:22:23.165+0000] {logging_mixin.py:154} INFO - [2024-06-29T18:22:23.165+0000] {manager.py:499} INFO - Created Permission View: %s
[2024-06-29T18:22:23.169+0000] {logging_mixin.py:154} INFO - [2024-06-29T18:22:23.168+0000] {manager.py:499} INFO - Created Permission View: %s
[2024-06-29T18:22:23.169+0000] {logging_mixin.py:154} INFO - [2024-06-29T18:22:23.169+0000] {dag.py:2941} INFO - Sync 1 DAGs
[2024-06-29T18:22:23.175+0000] {logging_mixin.py:154} INFO - [2024-06-29T18:22:23.175+0000] {dag.py:2963} INFO - Creating ORM DAG for tutorial_taskflow_api_virtualenv
[2024-06-29T18:22:23.176+0000] {logging_mixin.py:154} INFO - [2024-06-29T18:22:23.176+0000] {dag.py:3722} INFO - Setting next_dagrun for tutorial_taskflow_api_virtualenv to None, run_after=None
[2024-06-29T18:22:23.184+0000] {processor.py:179} INFO - Processing /home/airflow/.local/lib/python3.8/site-packages/airflow/example_dags/tutorial_taskflow_api_virtualenv.py took 0.090 seconds
[2024-06-29T18:23:44.303+0000] {processor.py:157} INFO - Started process (PID=208) to work on /home/airflow/.local/lib/python3.8/site-packages/airflow/example_dags/tutorial_taskflow_api_virtualenv.py
[2024-06-29T18:23:44.303+0000] {processor.py:829} INFO - Processing file /home/airflow/.local/lib/python3.8/site-packages/airflow/example_dags/tutorial_taskflow_api_virtualenv.py for tasks to queue
[2024-06-29T18:23:44.304+0000] {logging_mixin.py:154} INFO - [2024-06-29T18:23:44.304+0000] {dagbag.py:536} INFO - Filling up the DagBag from /home/airflow/.local/lib/python3.8/site-packages/airflow/example_dags/tutorial_taskflow_api_virtualenv.py
[2024-06-29T18:23:44.310+0000] {processor.py:839} INFO - DAG(s) dict_keys(['tutorial_taskflow_api_virtualenv']) retrieved from /home/airflow/.local/lib/python3.8/site-packages/airflow/example_dags/tutorial_taskflow_api_virtualenv.py
[2024-06-29T18:23:44.317+0000] {logging_mixin.py:154} INFO - [2024-06-29T18:23:44.317+0000] {dag.py:2941} INFO - Sync 1 DAGs
[2024-06-29T18:23:44.327+0000] {logging_mixin.py:154} INFO - [2024-06-29T18:23:44.326+0000] {dag.py:3722} INFO - Setting next_dagrun for tutorial_taskflow_api_virtualenv to None, run_after=None
[2024-06-29T18:23:44.338+0000] {processor.py:179} INFO - Processing /home/airflow/.local/lib/python3.8/site-packages/airflow/example_dags/tutorial_taskflow_api_virtualenv.py took 0.039 seconds
[2024-06-29T18:24:15.083+0000] {processor.py:157} INFO - Started process (PID=446) to work on /home/airflow/.local/lib/python3.8/site-packages/airflow/example_dags/tutorial_taskflow_api_virtualenv.py
[2024-06-29T18:24:15.084+0000] {processor.py:829} INFO - Processing file /home/airflow/.local/lib/python3.8/site-packages/airflow/example_dags/tutorial_taskflow_api_virtualenv.py for tasks to queue
[2024-06-29T18:24:15.085+0000] {logging_mixin.py:154} INFO - [2024-06-29T18:24:15.084+0000] {dagbag.py:536} INFO - Filling up the DagBag from /home/airflow/.local/lib/python3.8/site-packages/airflow/example_dags/tutorial_taskflow_api_virtualenv.py
[2024-06-29T18:24:15.089+0000] {processor.py:839} INFO - DAG(s) dict_keys(['tutorial_taskflow_api_virtualenv']) retrieved from /home/airflow/.local/lib/python3.8/site-packages/airflow/example_dags/tutorial_taskflow_api_virtualenv.py
[2024-06-29T18:24:15.101+0000] {logging_mixin.py:154} INFO - [2024-06-29T18:24:15.101+0000] {dag.py:2941} INFO - Sync 1 DAGs
[2024-06-29T18:24:15.108+0000] {logging_mixin.py:154} INFO - [2024-06-29T18:24:15.108+0000] {dag.py:3722} INFO - Setting next_dagrun for tutorial_taskflow_api_virtualenv to None, run_after=None
[2024-06-29T18:24:15.117+0000] {processor.py:179} INFO - Processing /home/airflow/.local/lib/python3.8/site-packages/airflow/example_dags/tutorial_taskflow_api_virtualenv.py took 0.035 seconds
[2024-06-29T18:24:45.838+0000] {processor.py:157} INFO - Started process (PID=683) to work on /home/airflow/.local/lib/python3.8/site-packages/airflow/example_dags/tutorial_taskflow_api_virtualenv.py
[2024-06-29T18:24:45.839+0000] {processor.py:829} INFO - Processing file /home/airflow/.local/lib/python3.8/site-packages/airflow/example_dags/tutorial_taskflow_api_virtualenv.py for tasks to queue
[2024-06-29T18:24:45.839+0000] {logging_mixin.py:154} INFO - [2024-06-29T18:24:45.839+0000] {dagbag.py:536} INFO - Filling up the DagBag from /home/airflow/.local/lib/python3.8/site-packages/airflow/example_dags/tutorial_taskflow_api_virtualenv.py
[2024-06-29T18:24:45.843+0000] {processor.py:839} INFO - DAG(s) dict_keys(['tutorial_taskflow_api_virtualenv']) retrieved from /home/airflow/.local/lib/python3.8/site-packages/airflow/example_dags/tutorial_taskflow_api_virtualenv.py
[2024-06-29T18:24:45.854+0000] {logging_mixin.py:154} INFO - [2024-06-29T18:24:45.854+0000] {dag.py:2941} INFO - Sync 1 DAGs
[2024-06-29T18:24:45.861+0000] {logging_mixin.py:154} INFO - [2024-06-29T18:24:45.861+0000] {dag.py:3722} INFO - Setting next_dagrun for tutorial_taskflow_api_virtualenv to None, run_after=None
[2024-06-29T18:24:45.870+0000] {processor.py:179} INFO - Processing /home/airflow/.local/lib/python3.8/site-packages/airflow/example_dags/tutorial_taskflow_api_virtualenv.py took 0.034 seconds
[2024-06-29T18:25:16.679+0000] {processor.py:157} INFO - Started process (PID=920) to work on /home/airflow/.local/lib/python3.8/site-packages/airflow/example_dags/tutorial_taskflow_api_virtualenv.py
[2024-06-29T18:25:16.680+0000] {processor.py:829} INFO - Processing file /home/airflow/.local/lib/python3.8/site-packages/airflow/example_dags/tutorial_taskflow_api_virtualenv.py for tasks to queue
[2024-06-29T18:25:16.680+0000] {logging_mixin.py:154} INFO - [2024-06-29T18:25:16.680+0000] {dagbag.py:536} INFO - Filling up the DagBag from /home/airflow/.local/lib/python3.8/site-packages/airflow/example_dags/tutorial_taskflow_api_virtualenv.py
[2024-06-29T18:25:16.684+0000] {processor.py:839} INFO - DAG(s) dict_keys(['tutorial_taskflow_api_virtualenv']) retrieved from /home/airflow/.local/lib/python3.8/site-packages/airflow/example_dags/tutorial_taskflow_api_virtualenv.py
[2024-06-29T18:25:16.696+0000] {logging_mixin.py:154} INFO - [2024-06-29T18:25:16.696+0000] {dag.py:2941} INFO - Sync 1 DAGs
[2024-06-29T18:25:16.703+0000] {logging_mixin.py:154} INFO - [2024-06-29T18:25:16.703+0000] {dag.py:3722} INFO - Setting next_dagrun for tutorial_taskflow_api_virtualenv to None, run_after=None
[2024-06-29T18:25:16.712+0000] {processor.py:179} INFO - Processing /home/airflow/.local/lib/python3.8/site-packages/airflow/example_dags/tutorial_taskflow_api_virtualenv.py took 0.035 seconds
