[2024-06-27T23:31:17.951+0000] {taskinstance.py:1159} INFO - Dependencies all met for dep_context=non-requeueable deps ti=<TaskInstance: kafka_spark_dag.pyspark_consumer manual__2024-06-27T23:30:45.926407+00:00 [queued]>
[2024-06-27T23:31:17.956+0000] {taskinstance.py:1159} INFO - Dependencies all met for dep_context=requeueable deps ti=<TaskInstance: kafka_spark_dag.pyspark_consumer manual__2024-06-27T23:30:45.926407+00:00 [queued]>
[2024-06-27T23:31:17.956+0000] {taskinstance.py:1361} INFO - Starting attempt 2 of 2
[2024-06-27T23:31:17.963+0000] {taskinstance.py:1382} INFO - Executing <Task(DockerOperator): pyspark_consumer> on 2024-06-27 23:30:45.926407+00:00
[2024-06-27T23:31:17.966+0000] {standard_task_runner.py:57} INFO - Started process 1056 to run task
[2024-06-27T23:31:17.969+0000] {standard_task_runner.py:84} INFO - Running: ['***', 'tasks', 'run', 'kafka_spark_dag', 'pyspark_consumer', 'manual__2024-06-27T23:30:45.926407+00:00', '--job-id', '167', '--raw', '--subdir', 'DAGS_FOLDER/dag_kafka_spark.py', '--cfg-path', '/tmp/tmp11wj0re1']
[2024-06-27T23:31:17.971+0000] {standard_task_runner.py:85} INFO - Job 167: Subtask pyspark_consumer
[2024-06-27T23:31:18.002+0000] {task_command.py:416} INFO - Running <TaskInstance: kafka_spark_dag.pyspark_consumer manual__2024-06-27T23:30:45.926407+00:00 [running]> on host cd176cdca805
[2024-06-27T23:31:18.040+0000] {taskinstance.py:1662} INFO - Exporting env vars: AIRFLOW_CTX_DAG_OWNER='***' AIRFLOW_CTX_DAG_ID='kafka_spark_dag' AIRFLOW_CTX_TASK_ID='pyspark_consumer' AIRFLOW_CTX_EXECUTION_DATE='2024-06-27T23:30:45.926407+00:00' AIRFLOW_CTX_TRY_NUMBER='2' AIRFLOW_CTX_DAG_RUN_ID='manual__2024-06-27T23:30:45.926407+00:00'
[2024-06-27T23:31:18.109+0000] {docker.py:343} INFO - Starting docker container from image current-headlines/spark:latest
[2024-06-27T23:31:18.338+0000] {docker.py:413} INFO - [38;5;6mspark [38;5;5m23:31:18.33 [0m[38;5;2mINFO [0m ==>
[2024-06-27T23:31:18.338+0000] {docker.py:413} INFO - [38;5;6mspark [38;5;5m23:31:18.33 [0m[38;5;2mINFO [0m ==> [1mWelcome to the Bitnami spark container[0m
[2024-06-27T23:31:18.339+0000] {docker.py:413} INFO - [38;5;6mspark [38;5;5m23:31:18.33 [0m[38;5;2mINFO [0m ==> Subscribe to project updates by watching [1mhttps://github.com/bitnami/containers[0m
[2024-06-27T23:31:18.340+0000] {docker.py:413} INFO - [38;5;6mspark [38;5;5m23:31:18.33 [0m[38;5;2mINFO [0m ==> Submit issues and feature requests at [1mhttps://github.com/bitnami/containers/issues[0m
[2024-06-27T23:31:18.341+0000] {docker.py:413} INFO - [38;5;6mspark [38;5;5m23:31:18.34 [0m[38;5;2mINFO [0m ==>
[2024-06-27T23:31:18.344+0000] {docker.py:413} INFO - 
[2024-06-27T23:31:19.370+0000] {docker.py:413} INFO - :: loading settings :: url = jar:file:/opt/bitnami/spark/jars/ivy-2.5.1.jar!/org/apache/ivy/core/settings/ivysettings.xml
[2024-06-27T23:31:19.404+0000] {docker.py:413} INFO - Ivy Default Cache set to: /opt/bitnami/spark/.ivy2/cache
The jars for the packages stored in: /opt/bitnami/spark/.ivy2/jars
[2024-06-27T23:31:19.406+0000] {docker.py:413} INFO - org.postgresql#postgresql added as a dependency
org.apache.spark#spark-sql-kafka-0-10_2.12 added as a dependency
[2024-06-27T23:31:19.406+0000] {docker.py:413} INFO - :: resolving dependencies :: org.apache.spark#spark-submit-parent-44a695f8-93ab-4eaa-8c54-926fa1ae995f;1.0
	confs: [default]
[2024-06-27T23:31:19.717+0000] {docker.py:413} INFO - found org.postgresql#postgresql;42.5.4 in central
[2024-06-27T23:31:19.756+0000] {docker.py:413} INFO - found org.checkerframework#checker-qual;3.5.0 in central
[2024-06-27T23:31:20.245+0000] {docker.py:413} INFO - found org.apache.spark#spark-sql-kafka-0-10_2.12;3.5.0 in central
[2024-06-27T23:31:20.398+0000] {docker.py:413} INFO - found org.apache.spark#spark-token-provider-kafka-0-10_2.12;3.5.0 in central
[2024-06-27T23:31:20.447+0000] {docker.py:413} INFO - found org.apache.kafka#kafka-clients;3.4.1 in central
[2024-06-27T23:31:20.487+0000] {docker.py:413} INFO - found org.lz4#lz4-java;1.8.0 in central
[2024-06-27T23:31:20.543+0000] {docker.py:413} INFO - found org.xerial.snappy#snappy-java;1.1.10.3 in central
[2024-06-27T23:31:20.670+0000] {docker.py:413} INFO - found org.slf4j#slf4j-api;2.0.7 in central
[2024-06-27T23:31:20.904+0000] {docker.py:413} INFO - found org.apache.hadoop#hadoop-client-runtime;3.3.4 in central
[2024-06-27T23:31:20.957+0000] {docker.py:413} INFO - found org.apache.hadoop#hadoop-client-api;3.3.4 in central
[2024-06-27T23:31:21.227+0000] {docker.py:413} INFO - found commons-logging#commons-logging;1.1.3 in central
[2024-06-27T23:31:21.260+0000] {docker.py:413} INFO - found com.google.code.findbugs#jsr305;3.0.0 in central
[2024-06-27T23:31:21.584+0000] {docker.py:413} INFO - found org.apache.commons#commons-pool2;2.11.1 in central
[2024-06-27T23:31:21.606+0000] {docker.py:413} INFO - downloading https://repo1.maven.org/maven2/org/postgresql/postgresql/42.5.4/postgresql-42.5.4.jar ...
[2024-06-27T23:31:21.861+0000] {docker.py:413} INFO - [SUCCESSFUL ] org.postgresql#postgresql;42.5.4!postgresql.jar (271ms)
[2024-06-27T23:31:21.883+0000] {docker.py:413} INFO - downloading https://repo1.maven.org/maven2/org/apache/spark/spark-sql-kafka-0-10_2.12/3.5.0/spark-sql-kafka-0-10_2.12-3.5.0.jar ...
[2024-06-27T23:31:21.978+0000] {docker.py:413} INFO - [SUCCESSFUL ] org.apache.spark#spark-sql-kafka-0-10_2.12;3.5.0!spark-sql-kafka-0-10_2.12.jar (115ms)
[2024-06-27T23:31:21.992+0000] {docker.py:413} INFO - downloading https://repo1.maven.org/maven2/org/checkerframework/checker-qual/3.5.0/checker-qual-3.5.0.jar ...
[2024-06-27T23:31:22.039+0000] {docker.py:413} INFO - [SUCCESSFUL ] org.checkerframework#checker-qual;3.5.0!checker-qual.jar (60ms)
[2024-06-27T23:31:22.058+0000] {docker.py:413} INFO - downloading https://repo1.maven.org/maven2/org/apache/spark/spark-token-provider-kafka-0-10_2.12/3.5.0/spark-token-provider-kafka-0-10_2.12-3.5.0.jar ...
[2024-06-27T23:31:22.085+0000] {docker.py:413} INFO - [SUCCESSFUL ] org.apache.spark#spark-token-provider-kafka-0-10_2.12;3.5.0!spark-token-provider-kafka-0-10_2.12.jar (44ms)
[2024-06-27T23:31:22.107+0000] {docker.py:413} INFO - downloading https://repo1.maven.org/maven2/org/apache/kafka/kafka-clients/3.4.1/kafka-clients-3.4.1.jar ...
[2024-06-27T23:31:23.052+0000] {docker.py:413} INFO - [SUCCESSFUL ] org.apache.kafka#kafka-clients;3.4.1!kafka-clients.jar (966ms)
[2024-06-27T23:31:23.068+0000] {docker.py:413} INFO - downloading https://repo1.maven.org/maven2/com/google/code/findbugs/jsr305/3.0.0/jsr305-3.0.0.jar ...
[2024-06-27T23:31:23.088+0000] {docker.py:413} INFO - [SUCCESSFUL ] com.google.code.findbugs#jsr305;3.0.0!jsr305.jar (36ms)
[2024-06-27T23:31:23.105+0000] {docker.py:413} INFO - downloading https://repo1.maven.org/maven2/org/apache/commons/commons-pool2/2.11.1/commons-pool2-2.11.1.jar ...
[2024-06-27T23:31:23.133+0000] {docker.py:413} INFO - [SUCCESSFUL ] org.apache.commons#commons-pool2;2.11.1!commons-pool2.jar (45ms)
[2024-06-27T23:31:23.150+0000] {docker.py:413} INFO - downloading https://repo1.maven.org/maven2/org/apache/hadoop/hadoop-client-runtime/3.3.4/hadoop-client-runtime-3.3.4.jar ...
[2024-06-27T23:31:28.257+0000] {docker.py:413} INFO - [SUCCESSFUL ] org.apache.hadoop#hadoop-client-runtime;3.3.4!hadoop-client-runtime.jar (5123ms)
[2024-06-27T23:31:28.269+0000] {docker.py:413} INFO - downloading https://repo1.maven.org/maven2/org/lz4/lz4-java/1.8.0/lz4-java-1.8.0.jar ...
[2024-06-27T23:31:28.393+0000] {docker.py:413} INFO - [SUCCESSFUL ] org.lz4#lz4-java;1.8.0!lz4-java.jar (135ms)
[2024-06-27T23:31:28.411+0000] {docker.py:413} INFO - downloading https://repo1.maven.org/maven2/org/xerial/snappy/snappy-java/1.1.10.3/snappy-java-1.1.10.3.jar ...
[2024-06-27T23:31:28.781+0000] {docker.py:413} INFO - [SUCCESSFUL ] org.xerial.snappy#snappy-java;1.1.10.3!snappy-java.jar(bundle) (387ms)
[2024-06-27T23:31:28.793+0000] {docker.py:413} INFO - downloading https://repo1.maven.org/maven2/org/slf4j/slf4j-api/2.0.7/slf4j-api-2.0.7.jar ...
[2024-06-27T23:31:28.824+0000] {docker.py:413} INFO - [SUCCESSFUL ] org.slf4j#slf4j-api;2.0.7!slf4j-api.jar (42ms)
[2024-06-27T23:31:28.839+0000] {docker.py:413} INFO - downloading https://repo1.maven.org/maven2/org/apache/hadoop/hadoop-client-api/3.3.4/hadoop-client-api-3.3.4.jar ...
[2024-06-27T23:31:32.040+0000] {docker.py:413} INFO - [SUCCESSFUL ] org.apache.hadoop#hadoop-client-api;3.3.4!hadoop-client-api.jar (3214ms)
[2024-06-27T23:31:32.056+0000] {docker.py:413} INFO - downloading https://repo1.maven.org/maven2/commons-logging/commons-logging/1.1.3/commons-logging-1.1.3.jar ...
[2024-06-27T23:31:32.085+0000] {docker.py:413} INFO - [SUCCESSFUL ] commons-logging#commons-logging;1.1.3!commons-logging.jar (45ms)
[2024-06-27T23:31:32.087+0000] {docker.py:413} INFO - :: resolution report :: resolve 2183ms :: artifacts dl 10495ms
	:: modules in use:
[2024-06-27T23:31:32.087+0000] {docker.py:413} INFO - com.google.code.findbugs#jsr305;3.0.0 from central in [default]
	commons-logging#commons-logging;1.1.3 from central in [default]
	org.apache.commons#commons-pool2;2.11.1 from central in [default]
	org.apache.hadoop#hadoop-client-api;3.3.4 from central in [default]
	org.apache.hadoop#hadoop-client-runtime;3.3.4 from central in [default]
	org.apache.kafka#kafka-clients;3.4.1 from central in [default]
	org.apache.spark#spark-sql-kafka-0-10_2.12;3.5.0 from central in [default]
[2024-06-27T23:31:32.088+0000] {docker.py:413} INFO - org.apache.spark#spark-token-provider-kafka-0-10_2.12;3.5.0 from central in [default]
	org.checkerframework#checker-qual;3.5.0 from central in [default]
[2024-06-27T23:31:32.089+0000] {docker.py:413} INFO - org.lz4#lz4-java;1.8.0 from central in [default]
	org.postgresql#postgresql;42.5.4 from central in [default]
	org.slf4j#slf4j-api;2.0.7 from central in [default]
	org.xerial.snappy#snappy-java;1.1.10.3 from central in [default]
[2024-06-27T23:31:32.090+0000] {docker.py:413} INFO - ---------------------------------------------------------------------
[2024-06-27T23:31:32.090+0000] {docker.py:413} INFO - |                  |            modules            ||   artifacts   |
	|       conf       | number| search|dwnlded|evicted|| number|dwnlded|
	---------------------------------------------------------------------
[2024-06-27T23:31:32.091+0000] {docker.py:413} INFO - |      default     |   13  |   13  |   13  |   0   ||   13  |   13  |
	---------------------------------------------------------------------
[2024-06-27T23:31:32.096+0000] {docker.py:413} INFO - :: retrieving :: org.apache.spark#spark-submit-parent-44a695f8-93ab-4eaa-8c54-926fa1ae995f
[2024-06-27T23:31:32.097+0000] {docker.py:413} INFO - confs: [default]
[2024-06-27T23:31:32.158+0000] {docker.py:413} INFO - 13 artifacts copied, 0 already retrieved (58001kB/62ms)
[2024-06-27T23:31:32.271+0000] {docker.py:413} INFO - 24/06/27 23:31:32 WARN NativeCodeLoader: Unable to load native-hadoop library for your platform... using builtin-java classes where applicable
[2024-06-27T23:31:32.874+0000] {docker.py:413} INFO - 24/06/27 23:31:32 INFO SparkContext: Running Spark version 3.5.0
[2024-06-27T23:31:32.874+0000] {docker.py:413} INFO - 24/06/27 23:31:32 INFO SparkContext: OS info Linux, 6.6.12-linuxkit, aarch64
[2024-06-27T23:31:32.874+0000] {docker.py:413} INFO - 24/06/27 23:31:32 INFO SparkContext: Java version 17.0.10
[2024-06-27T23:31:32.893+0000] {docker.py:413} INFO - 24/06/27 23:31:32 INFO ResourceUtils: ==============================================================
24/06/27 23:31:32 INFO ResourceUtils: No custom resources configured for spark.driver.
24/06/27 23:31:32 INFO ResourceUtils: ==============================================================
24/06/27 23:31:32 INFO SparkContext: Submitted application: PostgreSQL Connection with PySpark
[2024-06-27T23:31:32.902+0000] {docker.py:413} INFO - 24/06/27 23:31:32 INFO ResourceProfile: Default ResourceProfile created, executor resources: Map(cores -> name: cores, amount: 1, script: , vendor: , memory -> name: memory, amount: 1024, script: , vendor: , offHeap -> name: offHeap, amount: 0, script: , vendor: ), task resources: Map(cpus -> name: cpus, amount: 1.0)
[2024-06-27T23:31:32.907+0000] {docker.py:413} INFO - 24/06/27 23:31:32 INFO ResourceProfile: Limiting resource is cpu
[2024-06-27T23:31:32.907+0000] {docker.py:413} INFO - 24/06/27 23:31:32 INFO ResourceProfileManager: Added ResourceProfile id: 0
[2024-06-27T23:31:32.940+0000] {docker.py:413} INFO - 24/06/27 23:31:32 INFO SecurityManager: Changing view acls to: spark
[2024-06-27T23:31:32.940+0000] {docker.py:413} INFO - 24/06/27 23:31:32 INFO SecurityManager: Changing modify acls to: spark
[2024-06-27T23:31:32.940+0000] {docker.py:413} INFO - 24/06/27 23:31:32 INFO SecurityManager: Changing view acls groups to:
[2024-06-27T23:31:32.941+0000] {docker.py:413} INFO - 24/06/27 23:31:32 INFO SecurityManager: Changing modify acls groups to:
[2024-06-27T23:31:32.941+0000] {docker.py:413} INFO - 24/06/27 23:31:32 INFO SecurityManager: SecurityManager: authentication disabled; ui acls disabled; users with view permissions: spark; groups with view permissions: EMPTY; users with modify permissions: spark; groups with modify permissions: EMPTY
[2024-06-27T23:31:33.054+0000] {docker.py:413} INFO - 24/06/27 23:31:33 INFO Utils: Successfully started service 'sparkDriver' on port 37699.
[2024-06-27T23:31:33.068+0000] {docker.py:413} INFO - 24/06/27 23:31:33 INFO SparkEnv: Registering MapOutputTracker
[2024-06-27T23:31:33.089+0000] {docker.py:413} INFO - 24/06/27 23:31:33 INFO SparkEnv: Registering BlockManagerMaster
[2024-06-27T23:31:33.098+0000] {docker.py:413} INFO - 24/06/27 23:31:33 INFO BlockManagerMasterEndpoint: Using org.apache.spark.storage.DefaultTopologyMapper for getting topology information
[2024-06-27T23:31:33.099+0000] {docker.py:413} INFO - 24/06/27 23:31:33 INFO BlockManagerMasterEndpoint: BlockManagerMasterEndpoint up
[2024-06-27T23:31:33.101+0000] {docker.py:413} INFO - 24/06/27 23:31:33 INFO SparkEnv: Registering BlockManagerMasterHeartbeat
[2024-06-27T23:31:33.113+0000] {docker.py:413} INFO - 24/06/27 23:31:33 INFO DiskBlockManager: Created local directory at /tmp/blockmgr-4b71c50c-c5af-4dec-8e96-e4990f71bf9c
[2024-06-27T23:31:33.121+0000] {docker.py:413} INFO - 24/06/27 23:31:33 INFO MemoryStore: MemoryStore started with capacity 434.4 MiB
[2024-06-27T23:31:33.129+0000] {docker.py:413} INFO - 24/06/27 23:31:33 INFO SparkEnv: Registering OutputCommitCoordinator
[2024-06-27T23:31:33.198+0000] {docker.py:413} INFO - 24/06/27 23:31:33 INFO JettyUtils: Start Jetty 0.0.0.0:4040 for SparkUI
[2024-06-27T23:31:33.234+0000] {docker.py:413} INFO - 24/06/27 23:31:33 INFO Utils: Successfully started service 'SparkUI' on port 4040.
[2024-06-27T23:31:33.257+0000] {docker.py:413} INFO - 24/06/27 23:31:33 INFO SparkContext: Added JAR file:///opt/bitnami/spark/.ivy2/jars/org.postgresql_postgresql-42.5.4.jar at spark://localhost:37699/jars/org.postgresql_postgresql-42.5.4.jar with timestamp 1719531092868
[2024-06-27T23:31:33.257+0000] {docker.py:413} INFO - 24/06/27 23:31:33 INFO SparkContext: Added JAR file:///opt/bitnami/spark/.ivy2/jars/org.apache.spark_spark-sql-kafka-0-10_2.12-3.5.0.jar at spark://localhost:37699/jars/org.apache.spark_spark-sql-kafka-0-10_2.12-3.5.0.jar with timestamp 1719531092868
[2024-06-27T23:31:33.258+0000] {docker.py:413} INFO - 24/06/27 23:31:33 INFO SparkContext: Added JAR file:///opt/bitnami/spark/.ivy2/jars/org.checkerframework_checker-qual-3.5.0.jar at spark://localhost:37699/jars/org.checkerframework_checker-qual-3.5.0.jar with timestamp 1719531092868
[2024-06-27T23:31:33.258+0000] {docker.py:413} INFO - 24/06/27 23:31:33 INFO SparkContext: Added JAR file:///opt/bitnami/spark/.ivy2/jars/org.apache.spark_spark-token-provider-kafka-0-10_2.12-3.5.0.jar at spark://localhost:37699/jars/org.apache.spark_spark-token-provider-kafka-0-10_2.12-3.5.0.jar with timestamp 1719531092868
[2024-06-27T23:31:33.258+0000] {docker.py:413} INFO - 24/06/27 23:31:33 INFO SparkContext: Added JAR file:///opt/bitnami/spark/.ivy2/jars/org.apache.kafka_kafka-clients-3.4.1.jar at spark://localhost:37699/jars/org.apache.kafka_kafka-clients-3.4.1.jar with timestamp 1719531092868
[2024-06-27T23:31:33.258+0000] {docker.py:413} INFO - 24/06/27 23:31:33 INFO SparkContext: Added JAR file:///opt/bitnami/spark/.ivy2/jars/com.google.code.findbugs_jsr305-3.0.0.jar at spark://localhost:37699/jars/com.google.code.findbugs_jsr305-3.0.0.jar with timestamp 1719531092868
[2024-06-27T23:31:33.259+0000] {docker.py:413} INFO - 24/06/27 23:31:33 INFO SparkContext: Added JAR file:///opt/bitnami/spark/.ivy2/jars/org.apache.commons_commons-pool2-2.11.1.jar at spark://localhost:37699/jars/org.apache.commons_commons-pool2-2.11.1.jar with timestamp 1719531092868
[2024-06-27T23:31:33.259+0000] {docker.py:413} INFO - 24/06/27 23:31:33 INFO SparkContext: Added JAR file:///opt/bitnami/spark/.ivy2/jars/org.apache.hadoop_hadoop-client-runtime-3.3.4.jar at spark://localhost:37699/jars/org.apache.hadoop_hadoop-client-runtime-3.3.4.jar with timestamp 1719531092868
[2024-06-27T23:31:33.259+0000] {docker.py:413} INFO - 24/06/27 23:31:33 INFO SparkContext: Added JAR file:///opt/bitnami/spark/.ivy2/jars/org.lz4_lz4-java-1.8.0.jar at spark://localhost:37699/jars/org.lz4_lz4-java-1.8.0.jar with timestamp 1719531092868
24/06/27 23:31:33 INFO SparkContext: Added JAR file:///opt/bitnami/spark/.ivy2/jars/org.xerial.snappy_snappy-java-1.1.10.3.jar at spark://localhost:37699/jars/org.xerial.snappy_snappy-java-1.1.10.3.jar with timestamp 1719531092868
[2024-06-27T23:31:33.259+0000] {docker.py:413} INFO - 24/06/27 23:31:33 INFO SparkContext: Added JAR file:///opt/bitnami/spark/.ivy2/jars/org.slf4j_slf4j-api-2.0.7.jar at spark://localhost:37699/jars/org.slf4j_slf4j-api-2.0.7.jar with timestamp 1719531092868
[2024-06-27T23:31:33.259+0000] {docker.py:413} INFO - 24/06/27 23:31:33 INFO SparkContext: Added JAR file:///opt/bitnami/spark/.ivy2/jars/org.apache.hadoop_hadoop-client-api-3.3.4.jar at spark://localhost:37699/jars/org.apache.hadoop_hadoop-client-api-3.3.4.jar with timestamp 1719531092868
[2024-06-27T23:31:33.260+0000] {docker.py:413} INFO - 24/06/27 23:31:33 INFO SparkContext: Added JAR file:///opt/bitnami/spark/.ivy2/jars/commons-logging_commons-logging-1.1.3.jar at spark://localhost:37699/jars/commons-logging_commons-logging-1.1.3.jar with timestamp 1719531092868
[2024-06-27T23:31:33.260+0000] {docker.py:413} INFO - 24/06/27 23:31:33 INFO SparkContext: Added file file:///opt/bitnami/spark/.ivy2/jars/org.postgresql_postgresql-42.5.4.jar at file:///opt/bitnami/spark/.ivy2/jars/org.postgresql_postgresql-42.5.4.jar with timestamp 1719531092868
[2024-06-27T23:31:33.260+0000] {docker.py:413} INFO - 24/06/27 23:31:33 INFO Utils: Copying /opt/bitnami/spark/.ivy2/jars/org.postgresql_postgresql-42.5.4.jar to /tmp/spark-59e9cbdd-21d1-4bfa-a6c5-7747435f6aaa/userFiles-2ed32c0e-b631-4d32-bd8c-21bf944f442e/org.postgresql_postgresql-42.5.4.jar
[2024-06-27T23:31:33.261+0000] {docker.py:413} INFO - 24/06/27 23:31:33 INFO SparkContext: Added file file:///opt/bitnami/spark/.ivy2/jars/org.apache.spark_spark-sql-kafka-0-10_2.12-3.5.0.jar at file:///opt/bitnami/spark/.ivy2/jars/org.apache.spark_spark-sql-kafka-0-10_2.12-3.5.0.jar with timestamp 1719531092868
[2024-06-27T23:31:33.261+0000] {docker.py:413} INFO - 24/06/27 23:31:33 INFO Utils: Copying /opt/bitnami/spark/.ivy2/jars/org.apache.spark_spark-sql-kafka-0-10_2.12-3.5.0.jar to /tmp/spark-59e9cbdd-21d1-4bfa-a6c5-7747435f6aaa/userFiles-2ed32c0e-b631-4d32-bd8c-21bf944f442e/org.apache.spark_spark-sql-kafka-0-10_2.12-3.5.0.jar
[2024-06-27T23:31:33.263+0000] {docker.py:413} INFO - 24/06/27 23:31:33 INFO SparkContext: Added file file:///opt/bitnami/spark/.ivy2/jars/org.checkerframework_checker-qual-3.5.0.jar at file:///opt/bitnami/spark/.ivy2/jars/org.checkerframework_checker-qual-3.5.0.jar with timestamp 1719531092868
[2024-06-27T23:31:33.264+0000] {docker.py:413} INFO - 24/06/27 23:31:33 INFO Utils: Copying /opt/bitnami/spark/.ivy2/jars/org.checkerframework_checker-qual-3.5.0.jar to /tmp/spark-59e9cbdd-21d1-4bfa-a6c5-7747435f6aaa/userFiles-2ed32c0e-b631-4d32-bd8c-21bf944f442e/org.checkerframework_checker-qual-3.5.0.jar
[2024-06-27T23:31:33.265+0000] {docker.py:413} INFO - 24/06/27 23:31:33 INFO SparkContext: Added file file:///opt/bitnami/spark/.ivy2/jars/org.apache.spark_spark-token-provider-kafka-0-10_2.12-3.5.0.jar at file:///opt/bitnami/spark/.ivy2/jars/org.apache.spark_spark-token-provider-kafka-0-10_2.12-3.5.0.jar with timestamp 1719531092868
[2024-06-27T23:31:33.266+0000] {docker.py:413} INFO - 24/06/27 23:31:33 INFO Utils: Copying /opt/bitnami/spark/.ivy2/jars/org.apache.spark_spark-token-provider-kafka-0-10_2.12-3.5.0.jar to /tmp/spark-59e9cbdd-21d1-4bfa-a6c5-7747435f6aaa/userFiles-2ed32c0e-b631-4d32-bd8c-21bf944f442e/org.apache.spark_spark-token-provider-kafka-0-10_2.12-3.5.0.jar
[2024-06-27T23:31:33.268+0000] {docker.py:413} INFO - 24/06/27 23:31:33 INFO SparkContext: Added file file:///opt/bitnami/spark/.ivy2/jars/org.apache.kafka_kafka-clients-3.4.1.jar at file:///opt/bitnami/spark/.ivy2/jars/org.apache.kafka_kafka-clients-3.4.1.jar with timestamp 1719531092868
[2024-06-27T23:31:33.268+0000] {docker.py:413} INFO - 24/06/27 23:31:33 INFO Utils: Copying /opt/bitnami/spark/.ivy2/jars/org.apache.kafka_kafka-clients-3.4.1.jar to /tmp/spark-59e9cbdd-21d1-4bfa-a6c5-7747435f6aaa/userFiles-2ed32c0e-b631-4d32-bd8c-21bf944f442e/org.apache.kafka_kafka-clients-3.4.1.jar
[2024-06-27T23:31:33.284+0000] {docker.py:413} INFO - 24/06/27 23:31:33 INFO SparkContext: Added file file:///opt/bitnami/spark/.ivy2/jars/com.google.code.findbugs_jsr305-3.0.0.jar at file:///opt/bitnami/spark/.ivy2/jars/com.google.code.findbugs_jsr305-3.0.0.jar with timestamp 1719531092868
[2024-06-27T23:31:33.285+0000] {docker.py:413} INFO - 24/06/27 23:31:33 INFO Utils: Copying /opt/bitnami/spark/.ivy2/jars/com.google.code.findbugs_jsr305-3.0.0.jar to /tmp/spark-59e9cbdd-21d1-4bfa-a6c5-7747435f6aaa/userFiles-2ed32c0e-b631-4d32-bd8c-21bf944f442e/com.google.code.findbugs_jsr305-3.0.0.jar
[2024-06-27T23:31:33.288+0000] {docker.py:413} INFO - 24/06/27 23:31:33 INFO SparkContext: Added file file:///opt/bitnami/spark/.ivy2/jars/org.apache.commons_commons-pool2-2.11.1.jar at file:///opt/bitnami/spark/.ivy2/jars/org.apache.commons_commons-pool2-2.11.1.jar with timestamp 1719531092868
[2024-06-27T23:31:33.288+0000] {docker.py:413} INFO - 24/06/27 23:31:33 INFO Utils: Copying /opt/bitnami/spark/.ivy2/jars/org.apache.commons_commons-pool2-2.11.1.jar to /tmp/spark-59e9cbdd-21d1-4bfa-a6c5-7747435f6aaa/userFiles-2ed32c0e-b631-4d32-bd8c-21bf944f442e/org.apache.commons_commons-pool2-2.11.1.jar
[2024-06-27T23:31:33.290+0000] {docker.py:413} INFO - 24/06/27 23:31:33 INFO SparkContext: Added file file:///opt/bitnami/spark/.ivy2/jars/org.apache.hadoop_hadoop-client-runtime-3.3.4.jar at file:///opt/bitnami/spark/.ivy2/jars/org.apache.hadoop_hadoop-client-runtime-3.3.4.jar with timestamp 1719531092868
[2024-06-27T23:31:33.291+0000] {docker.py:413} INFO - 24/06/27 23:31:33 INFO Utils: Copying /opt/bitnami/spark/.ivy2/jars/org.apache.hadoop_hadoop-client-runtime-3.3.4.jar to /tmp/spark-59e9cbdd-21d1-4bfa-a6c5-7747435f6aaa/userFiles-2ed32c0e-b631-4d32-bd8c-21bf944f442e/org.apache.hadoop_hadoop-client-runtime-3.3.4.jar
[2024-06-27T23:31:33.309+0000] {docker.py:413} INFO - 24/06/27 23:31:33 INFO SparkContext: Added file file:///opt/bitnami/spark/.ivy2/jars/org.lz4_lz4-java-1.8.0.jar at file:///opt/bitnami/spark/.ivy2/jars/org.lz4_lz4-java-1.8.0.jar with timestamp 1719531092868
[2024-06-27T23:31:33.310+0000] {docker.py:413} INFO - 24/06/27 23:31:33 INFO Utils: Copying /opt/bitnami/spark/.ivy2/jars/org.lz4_lz4-java-1.8.0.jar to /tmp/spark-59e9cbdd-21d1-4bfa-a6c5-7747435f6aaa/userFiles-2ed32c0e-b631-4d32-bd8c-21bf944f442e/org.lz4_lz4-java-1.8.0.jar
[2024-06-27T23:31:33.311+0000] {docker.py:413} INFO - 24/06/27 23:31:33 INFO SparkContext: Added file file:///opt/bitnami/spark/.ivy2/jars/org.xerial.snappy_snappy-java-1.1.10.3.jar at file:///opt/bitnami/spark/.ivy2/jars/org.xerial.snappy_snappy-java-1.1.10.3.jar with timestamp 1719531092868
[2024-06-27T23:31:33.312+0000] {docker.py:413} INFO - 24/06/27 23:31:33 INFO Utils: Copying /opt/bitnami/spark/.ivy2/jars/org.xerial.snappy_snappy-java-1.1.10.3.jar to /tmp/spark-59e9cbdd-21d1-4bfa-a6c5-7747435f6aaa/userFiles-2ed32c0e-b631-4d32-bd8c-21bf944f442e/org.xerial.snappy_snappy-java-1.1.10.3.jar
[2024-06-27T23:31:33.314+0000] {docker.py:413} INFO - 24/06/27 23:31:33 INFO SparkContext: Added file file:///opt/bitnami/spark/.ivy2/jars/org.slf4j_slf4j-api-2.0.7.jar at file:///opt/bitnami/spark/.ivy2/jars/org.slf4j_slf4j-api-2.0.7.jar with timestamp 1719531092868
[2024-06-27T23:31:33.315+0000] {docker.py:413} INFO - 24/06/27 23:31:33 INFO Utils: Copying /opt/bitnami/spark/.ivy2/jars/org.slf4j_slf4j-api-2.0.7.jar to /tmp/spark-59e9cbdd-21d1-4bfa-a6c5-7747435f6aaa/userFiles-2ed32c0e-b631-4d32-bd8c-21bf944f442e/org.slf4j_slf4j-api-2.0.7.jar
[2024-06-27T23:31:33.316+0000] {docker.py:413} INFO - 24/06/27 23:31:33 INFO SparkContext: Added file file:///opt/bitnami/spark/.ivy2/jars/org.apache.hadoop_hadoop-client-api-3.3.4.jar at file:///opt/bitnami/spark/.ivy2/jars/org.apache.hadoop_hadoop-client-api-3.3.4.jar with timestamp 1719531092868
[2024-06-27T23:31:33.317+0000] {docker.py:413} INFO - 24/06/27 23:31:33 INFO Utils: Copying /opt/bitnami/spark/.ivy2/jars/org.apache.hadoop_hadoop-client-api-3.3.4.jar to /tmp/spark-59e9cbdd-21d1-4bfa-a6c5-7747435f6aaa/userFiles-2ed32c0e-b631-4d32-bd8c-21bf944f442e/org.apache.hadoop_hadoop-client-api-3.3.4.jar
[2024-06-27T23:31:33.329+0000] {docker.py:413} INFO - 24/06/27 23:31:33 INFO SparkContext: Added file file:///opt/bitnami/spark/.ivy2/jars/commons-logging_commons-logging-1.1.3.jar at file:///opt/bitnami/spark/.ivy2/jars/commons-logging_commons-logging-1.1.3.jar with timestamp 1719531092868
24/06/27 23:31:33 INFO Utils: Copying /opt/bitnami/spark/.ivy2/jars/commons-logging_commons-logging-1.1.3.jar to /tmp/spark-59e9cbdd-21d1-4bfa-a6c5-7747435f6aaa/userFiles-2ed32c0e-b631-4d32-bd8c-21bf944f442e/commons-logging_commons-logging-1.1.3.jar
[2024-06-27T23:31:33.370+0000] {docker.py:413} INFO - 24/06/27 23:31:33 INFO Executor: Starting executor ID driver on host localhost
[2024-06-27T23:31:33.370+0000] {docker.py:413} INFO - 24/06/27 23:31:33 INFO Executor: OS info Linux, 6.6.12-linuxkit, aarch64
[2024-06-27T23:31:33.371+0000] {docker.py:413} INFO - 24/06/27 23:31:33 INFO Executor: Java version 17.0.10
[2024-06-27T23:31:33.380+0000] {docker.py:413} INFO - 24/06/27 23:31:33 INFO Executor: Starting executor with user classpath (userClassPathFirst = false): ''
[2024-06-27T23:31:33.383+0000] {docker.py:413} INFO - 24/06/27 23:31:33 INFO Executor: Created or updated repl class loader org.apache.spark.util.MutableURLClassLoader@19648a04 for default.
[2024-06-27T23:31:33.401+0000] {docker.py:413} INFO - 24/06/27 23:31:33 INFO Executor: Fetching file:///opt/bitnami/spark/.ivy2/jars/org.apache.spark_spark-token-provider-kafka-0-10_2.12-3.5.0.jar with timestamp 1719531092868
[2024-06-27T23:31:33.419+0000] {docker.py:413} INFO - 24/06/27 23:31:33 INFO Utils: /opt/bitnami/spark/.ivy2/jars/org.apache.spark_spark-token-provider-kafka-0-10_2.12-3.5.0.jar has been previously copied to /tmp/spark-59e9cbdd-21d1-4bfa-a6c5-7747435f6aaa/userFiles-2ed32c0e-b631-4d32-bd8c-21bf944f442e/org.apache.spark_spark-token-provider-kafka-0-10_2.12-3.5.0.jar
[2024-06-27T23:31:33.421+0000] {docker.py:413} INFO - 24/06/27 23:31:33 INFO Executor: Fetching file:///opt/bitnami/spark/.ivy2/jars/org.apache.hadoop_hadoop-client-runtime-3.3.4.jar with timestamp 1719531092868
[2024-06-27T23:31:33.434+0000] {docker.py:413} INFO - 24/06/27 23:31:33 INFO Utils: /opt/bitnami/spark/.ivy2/jars/org.apache.hadoop_hadoop-client-runtime-3.3.4.jar has been previously copied to /tmp/spark-59e9cbdd-21d1-4bfa-a6c5-7747435f6aaa/userFiles-2ed32c0e-b631-4d32-bd8c-21bf944f442e/org.apache.hadoop_hadoop-client-runtime-3.3.4.jar
[2024-06-27T23:31:33.434+0000] {docker.py:413} INFO - 24/06/27 23:31:33 INFO Executor: Fetching file:///opt/bitnami/spark/.ivy2/jars/org.apache.commons_commons-pool2-2.11.1.jar with timestamp 1719531092868
[2024-06-27T23:31:33.435+0000] {docker.py:413} INFO - 24/06/27 23:31:33 INFO Utils: /opt/bitnami/spark/.ivy2/jars/org.apache.commons_commons-pool2-2.11.1.jar has been previously copied to /tmp/spark-59e9cbdd-21d1-4bfa-a6c5-7747435f6aaa/userFiles-2ed32c0e-b631-4d32-bd8c-21bf944f442e/org.apache.commons_commons-pool2-2.11.1.jar
[2024-06-27T23:31:33.436+0000] {docker.py:413} INFO - 24/06/27 23:31:33 INFO Executor: Fetching file:///opt/bitnami/spark/.ivy2/jars/org.postgresql_postgresql-42.5.4.jar with timestamp 1719531092868
[2024-06-27T23:31:33.437+0000] {docker.py:413} INFO - 24/06/27 23:31:33 INFO Utils: /opt/bitnami/spark/.ivy2/jars/org.postgresql_postgresql-42.5.4.jar has been previously copied to /tmp/spark-59e9cbdd-21d1-4bfa-a6c5-7747435f6aaa/userFiles-2ed32c0e-b631-4d32-bd8c-21bf944f442e/org.postgresql_postgresql-42.5.4.jar
[2024-06-27T23:31:33.438+0000] {docker.py:413} INFO - 24/06/27 23:31:33 INFO Executor: Fetching file:///opt/bitnami/spark/.ivy2/jars/org.slf4j_slf4j-api-2.0.7.jar with timestamp 1719531092868
[2024-06-27T23:31:33.439+0000] {docker.py:413} INFO - 24/06/27 23:31:33 INFO Utils: /opt/bitnami/spark/.ivy2/jars/org.slf4j_slf4j-api-2.0.7.jar has been previously copied to /tmp/spark-59e9cbdd-21d1-4bfa-a6c5-7747435f6aaa/userFiles-2ed32c0e-b631-4d32-bd8c-21bf944f442e/org.slf4j_slf4j-api-2.0.7.jar
[2024-06-27T23:31:33.440+0000] {docker.py:413} INFO - 24/06/27 23:31:33 INFO Executor: Fetching file:///opt/bitnami/spark/.ivy2/jars/org.apache.kafka_kafka-clients-3.4.1.jar with timestamp 1719531092868
[2024-06-27T23:31:33.443+0000] {docker.py:413} INFO - 24/06/27 23:31:33 INFO Utils: /opt/bitnami/spark/.ivy2/jars/org.apache.kafka_kafka-clients-3.4.1.jar has been previously copied to /tmp/spark-59e9cbdd-21d1-4bfa-a6c5-7747435f6aaa/userFiles-2ed32c0e-b631-4d32-bd8c-21bf944f442e/org.apache.kafka_kafka-clients-3.4.1.jar
[2024-06-27T23:31:33.445+0000] {docker.py:413} INFO - 24/06/27 23:31:33 INFO Executor: Fetching file:///opt/bitnami/spark/.ivy2/jars/com.google.code.findbugs_jsr305-3.0.0.jar with timestamp 1719531092868
[2024-06-27T23:31:33.445+0000] {docker.py:413} INFO - 24/06/27 23:31:33 INFO Utils: /opt/bitnami/spark/.ivy2/jars/com.google.code.findbugs_jsr305-3.0.0.jar has been previously copied to /tmp/spark-59e9cbdd-21d1-4bfa-a6c5-7747435f6aaa/userFiles-2ed32c0e-b631-4d32-bd8c-21bf944f442e/com.google.code.findbugs_jsr305-3.0.0.jar
[2024-06-27T23:31:33.448+0000] {docker.py:413} INFO - 24/06/27 23:31:33 INFO Executor: Fetching file:///opt/bitnami/spark/.ivy2/jars/org.lz4_lz4-java-1.8.0.jar with timestamp 1719531092868
[2024-06-27T23:31:33.453+0000] {docker.py:413} INFO - 24/06/27 23:31:33 INFO Utils: /opt/bitnami/spark/.ivy2/jars/org.lz4_lz4-java-1.8.0.jar has been previously copied to /tmp/spark-59e9cbdd-21d1-4bfa-a6c5-7747435f6aaa/userFiles-2ed32c0e-b631-4d32-bd8c-21bf944f442e/org.lz4_lz4-java-1.8.0.jar
[2024-06-27T23:31:33.455+0000] {docker.py:413} INFO - 24/06/27 23:31:33 INFO Executor: Fetching file:///opt/bitnami/spark/.ivy2/jars/org.apache.spark_spark-sql-kafka-0-10_2.12-3.5.0.jar with timestamp 1719531092868
[2024-06-27T23:31:33.455+0000] {docker.py:413} INFO - 24/06/27 23:31:33 INFO Utils: /opt/bitnami/spark/.ivy2/jars/org.apache.spark_spark-sql-kafka-0-10_2.12-3.5.0.jar has been previously copied to /tmp/spark-59e9cbdd-21d1-4bfa-a6c5-7747435f6aaa/userFiles-2ed32c0e-b631-4d32-bd8c-21bf944f442e/org.apache.spark_spark-sql-kafka-0-10_2.12-3.5.0.jar
[2024-06-27T23:31:33.457+0000] {docker.py:413} INFO - 24/06/27 23:31:33 INFO Executor: Fetching file:///opt/bitnami/spark/.ivy2/jars/org.apache.hadoop_hadoop-client-api-3.3.4.jar with timestamp 1719531092868
[2024-06-27T23:31:33.464+0000] {docker.py:413} INFO - 24/06/27 23:31:33 INFO Utils: /opt/bitnami/spark/.ivy2/jars/org.apache.hadoop_hadoop-client-api-3.3.4.jar has been previously copied to /tmp/spark-59e9cbdd-21d1-4bfa-a6c5-7747435f6aaa/userFiles-2ed32c0e-b631-4d32-bd8c-21bf944f442e/org.apache.hadoop_hadoop-client-api-3.3.4.jar
[2024-06-27T23:31:33.466+0000] {docker.py:413} INFO - 24/06/27 23:31:33 INFO Executor: Fetching file:///opt/bitnami/spark/.ivy2/jars/commons-logging_commons-logging-1.1.3.jar with timestamp 1719531092868
[2024-06-27T23:31:33.466+0000] {docker.py:413} INFO - 24/06/27 23:31:33 INFO Utils: /opt/bitnami/spark/.ivy2/jars/commons-logging_commons-logging-1.1.3.jar has been previously copied to /tmp/spark-59e9cbdd-21d1-4bfa-a6c5-7747435f6aaa/userFiles-2ed32c0e-b631-4d32-bd8c-21bf944f442e/commons-logging_commons-logging-1.1.3.jar
[2024-06-27T23:31:33.468+0000] {docker.py:413} INFO - 24/06/27 23:31:33 INFO Executor: Fetching file:///opt/bitnami/spark/.ivy2/jars/org.checkerframework_checker-qual-3.5.0.jar with timestamp 1719531092868
[2024-06-27T23:31:33.469+0000] {docker.py:413} INFO - 24/06/27 23:31:33 INFO Utils: /opt/bitnami/spark/.ivy2/jars/org.checkerframework_checker-qual-3.5.0.jar has been previously copied to /tmp/spark-59e9cbdd-21d1-4bfa-a6c5-7747435f6aaa/userFiles-2ed32c0e-b631-4d32-bd8c-21bf944f442e/org.checkerframework_checker-qual-3.5.0.jar
[2024-06-27T23:31:33.471+0000] {docker.py:413} INFO - 24/06/27 23:31:33 INFO Executor: Fetching file:///opt/bitnami/spark/.ivy2/jars/org.xerial.snappy_snappy-java-1.1.10.3.jar with timestamp 1719531092868
[2024-06-27T23:31:33.472+0000] {docker.py:413} INFO - 24/06/27 23:31:33 INFO Utils: /opt/bitnami/spark/.ivy2/jars/org.xerial.snappy_snappy-java-1.1.10.3.jar has been previously copied to /tmp/spark-59e9cbdd-21d1-4bfa-a6c5-7747435f6aaa/userFiles-2ed32c0e-b631-4d32-bd8c-21bf944f442e/org.xerial.snappy_snappy-java-1.1.10.3.jar
[2024-06-27T23:31:33.476+0000] {docker.py:413} INFO - 24/06/27 23:31:33 INFO Executor: Fetching spark://localhost:37699/jars/com.google.code.findbugs_jsr305-3.0.0.jar with timestamp 1719531092868
[2024-06-27T23:31:33.506+0000] {docker.py:413} INFO - 24/06/27 23:31:33 INFO TransportClientFactory: Successfully created connection to localhost/127.0.0.1:37699 after 22 ms (0 ms spent in bootstraps)
[2024-06-27T23:31:33.526+0000] {docker.py:413} INFO - 24/06/27 23:31:33 INFO Utils: Fetching spark://localhost:37699/jars/com.google.code.findbugs_jsr305-3.0.0.jar to /tmp/spark-59e9cbdd-21d1-4bfa-a6c5-7747435f6aaa/userFiles-2ed32c0e-b631-4d32-bd8c-21bf944f442e/fetchFileTemp11066369455292376906.tmp
[2024-06-27T23:31:33.567+0000] {docker.py:413} INFO - 24/06/27 23:31:33 INFO Utils: /tmp/spark-59e9cbdd-21d1-4bfa-a6c5-7747435f6aaa/userFiles-2ed32c0e-b631-4d32-bd8c-21bf944f442e/fetchFileTemp11066369455292376906.tmp has been previously copied to /tmp/spark-59e9cbdd-21d1-4bfa-a6c5-7747435f6aaa/userFiles-2ed32c0e-b631-4d32-bd8c-21bf944f442e/com.google.code.findbugs_jsr305-3.0.0.jar
[2024-06-27T23:31:33.570+0000] {docker.py:413} INFO - 24/06/27 23:31:33 INFO Executor: Adding file:/tmp/spark-59e9cbdd-21d1-4bfa-a6c5-7747435f6aaa/userFiles-2ed32c0e-b631-4d32-bd8c-21bf944f442e/com.google.code.findbugs_jsr305-3.0.0.jar to class loader default
[2024-06-27T23:31:33.571+0000] {docker.py:413} INFO - 24/06/27 23:31:33 INFO Executor: Fetching spark://localhost:37699/jars/org.apache.kafka_kafka-clients-3.4.1.jar with timestamp 1719531092868
[2024-06-27T23:31:33.571+0000] {docker.py:413} INFO - 24/06/27 23:31:33 INFO Utils: Fetching spark://localhost:37699/jars/org.apache.kafka_kafka-clients-3.4.1.jar to /tmp/spark-59e9cbdd-21d1-4bfa-a6c5-7747435f6aaa/userFiles-2ed32c0e-b631-4d32-bd8c-21bf944f442e/fetchFileTemp1038635084566308500.tmp
[2024-06-27T23:31:33.583+0000] {docker.py:413} INFO - 24/06/27 23:31:33 INFO Utils: /tmp/spark-59e9cbdd-21d1-4bfa-a6c5-7747435f6aaa/userFiles-2ed32c0e-b631-4d32-bd8c-21bf944f442e/fetchFileTemp1038635084566308500.tmp has been previously copied to /tmp/spark-59e9cbdd-21d1-4bfa-a6c5-7747435f6aaa/userFiles-2ed32c0e-b631-4d32-bd8c-21bf944f442e/org.apache.kafka_kafka-clients-3.4.1.jar
[2024-06-27T23:31:33.585+0000] {docker.py:413} INFO - 24/06/27 23:31:33 INFO Executor: Adding file:/tmp/spark-59e9cbdd-21d1-4bfa-a6c5-7747435f6aaa/userFiles-2ed32c0e-b631-4d32-bd8c-21bf944f442e/org.apache.kafka_kafka-clients-3.4.1.jar to class loader default
[2024-06-27T23:31:33.586+0000] {docker.py:413} INFO - 24/06/27 23:31:33 INFO Executor: Fetching spark://localhost:37699/jars/org.apache.spark_spark-token-provider-kafka-0-10_2.12-3.5.0.jar with timestamp 1719531092868
[2024-06-27T23:31:33.586+0000] {docker.py:413} INFO - 24/06/27 23:31:33 INFO Utils: Fetching spark://localhost:37699/jars/org.apache.spark_spark-token-provider-kafka-0-10_2.12-3.5.0.jar to /tmp/spark-59e9cbdd-21d1-4bfa-a6c5-7747435f6aaa/userFiles-2ed32c0e-b631-4d32-bd8c-21bf944f442e/fetchFileTemp11120863188703094152.tmp
[2024-06-27T23:31:33.588+0000] {docker.py:413} INFO - 24/06/27 23:31:33 INFO Utils: /tmp/spark-59e9cbdd-21d1-4bfa-a6c5-7747435f6aaa/userFiles-2ed32c0e-b631-4d32-bd8c-21bf944f442e/fetchFileTemp11120863188703094152.tmp has been previously copied to /tmp/spark-59e9cbdd-21d1-4bfa-a6c5-7747435f6aaa/userFiles-2ed32c0e-b631-4d32-bd8c-21bf944f442e/org.apache.spark_spark-token-provider-kafka-0-10_2.12-3.5.0.jar
[2024-06-27T23:31:33.589+0000] {docker.py:413} INFO - 24/06/27 23:31:33 INFO Executor: Adding file:/tmp/spark-59e9cbdd-21d1-4bfa-a6c5-7747435f6aaa/userFiles-2ed32c0e-b631-4d32-bd8c-21bf944f442e/org.apache.spark_spark-token-provider-kafka-0-10_2.12-3.5.0.jar to class loader default
[2024-06-27T23:31:33.589+0000] {docker.py:413} INFO - 24/06/27 23:31:33 INFO Executor: Fetching spark://localhost:37699/jars/org.postgresql_postgresql-42.5.4.jar with timestamp 1719531092868
[2024-06-27T23:31:33.590+0000] {docker.py:413} INFO - 24/06/27 23:31:33 INFO Utils: Fetching spark://localhost:37699/jars/org.postgresql_postgresql-42.5.4.jar to /tmp/spark-59e9cbdd-21d1-4bfa-a6c5-7747435f6aaa/userFiles-2ed32c0e-b631-4d32-bd8c-21bf944f442e/fetchFileTemp9900492255078873895.tmp
[2024-06-27T23:31:33.594+0000] {docker.py:413} INFO - 24/06/27 23:31:33 INFO Utils: /tmp/spark-59e9cbdd-21d1-4bfa-a6c5-7747435f6aaa/userFiles-2ed32c0e-b631-4d32-bd8c-21bf944f442e/fetchFileTemp9900492255078873895.tmp has been previously copied to /tmp/spark-59e9cbdd-21d1-4bfa-a6c5-7747435f6aaa/userFiles-2ed32c0e-b631-4d32-bd8c-21bf944f442e/org.postgresql_postgresql-42.5.4.jar
[2024-06-27T23:31:33.596+0000] {docker.py:413} INFO - 24/06/27 23:31:33 INFO Executor: Adding file:/tmp/spark-59e9cbdd-21d1-4bfa-a6c5-7747435f6aaa/userFiles-2ed32c0e-b631-4d32-bd8c-21bf944f442e/org.postgresql_postgresql-42.5.4.jar to class loader default
24/06/27 23:31:33 INFO Executor: Fetching spark://localhost:37699/jars/org.lz4_lz4-java-1.8.0.jar with timestamp 1719531092868
[2024-06-27T23:31:33.597+0000] {docker.py:413} INFO - 24/06/27 23:31:33 INFO Utils: Fetching spark://localhost:37699/jars/org.lz4_lz4-java-1.8.0.jar to /tmp/spark-59e9cbdd-21d1-4bfa-a6c5-7747435f6aaa/userFiles-2ed32c0e-b631-4d32-bd8c-21bf944f442e/fetchFileTemp18057161899952755072.tmp
[2024-06-27T23:31:33.599+0000] {docker.py:413} INFO - 24/06/27 23:31:33 INFO Utils: /tmp/spark-59e9cbdd-21d1-4bfa-a6c5-7747435f6aaa/userFiles-2ed32c0e-b631-4d32-bd8c-21bf944f442e/fetchFileTemp18057161899952755072.tmp has been previously copied to /tmp/spark-59e9cbdd-21d1-4bfa-a6c5-7747435f6aaa/userFiles-2ed32c0e-b631-4d32-bd8c-21bf944f442e/org.lz4_lz4-java-1.8.0.jar
[2024-06-27T23:31:33.601+0000] {docker.py:413} INFO - 24/06/27 23:31:33 INFO Executor: Adding file:/tmp/spark-59e9cbdd-21d1-4bfa-a6c5-7747435f6aaa/userFiles-2ed32c0e-b631-4d32-bd8c-21bf944f442e/org.lz4_lz4-java-1.8.0.jar to class loader default
[2024-06-27T23:31:33.601+0000] {docker.py:413} INFO - 24/06/27 23:31:33 INFO Executor: Fetching spark://localhost:37699/jars/org.apache.hadoop_hadoop-client-api-3.3.4.jar with timestamp 1719531092868
[2024-06-27T23:31:33.602+0000] {docker.py:413} INFO - 24/06/27 23:31:33 INFO Utils: Fetching spark://localhost:37699/jars/org.apache.hadoop_hadoop-client-api-3.3.4.jar to /tmp/spark-59e9cbdd-21d1-4bfa-a6c5-7747435f6aaa/userFiles-2ed32c0e-b631-4d32-bd8c-21bf944f442e/fetchFileTemp14785493179260842418.tmp
[2024-06-27T23:31:33.635+0000] {docker.py:413} INFO - 24/06/27 23:31:33 INFO Utils: /tmp/spark-59e9cbdd-21d1-4bfa-a6c5-7747435f6aaa/userFiles-2ed32c0e-b631-4d32-bd8c-21bf944f442e/fetchFileTemp14785493179260842418.tmp has been previously copied to /tmp/spark-59e9cbdd-21d1-4bfa-a6c5-7747435f6aaa/userFiles-2ed32c0e-b631-4d32-bd8c-21bf944f442e/org.apache.hadoop_hadoop-client-api-3.3.4.jar
[2024-06-27T23:31:33.638+0000] {docker.py:413} INFO - 24/06/27 23:31:33 INFO Executor: Adding file:/tmp/spark-59e9cbdd-21d1-4bfa-a6c5-7747435f6aaa/userFiles-2ed32c0e-b631-4d32-bd8c-21bf944f442e/org.apache.hadoop_hadoop-client-api-3.3.4.jar to class loader default
[2024-06-27T23:31:33.639+0000] {docker.py:413} INFO - 24/06/27 23:31:33 INFO Executor: Fetching spark://localhost:37699/jars/org.checkerframework_checker-qual-3.5.0.jar with timestamp 1719531092868
[2024-06-27T23:31:33.640+0000] {docker.py:413} INFO - 24/06/27 23:31:33 INFO Utils: Fetching spark://localhost:37699/jars/org.checkerframework_checker-qual-3.5.0.jar to /tmp/spark-59e9cbdd-21d1-4bfa-a6c5-7747435f6aaa/userFiles-2ed32c0e-b631-4d32-bd8c-21bf944f442e/fetchFileTemp3394730385432330811.tmp
[2024-06-27T23:31:33.640+0000] {docker.py:413} INFO - 24/06/27 23:31:33 INFO Utils: /tmp/spark-59e9cbdd-21d1-4bfa-a6c5-7747435f6aaa/userFiles-2ed32c0e-b631-4d32-bd8c-21bf944f442e/fetchFileTemp3394730385432330811.tmp has been previously copied to /tmp/spark-59e9cbdd-21d1-4bfa-a6c5-7747435f6aaa/userFiles-2ed32c0e-b631-4d32-bd8c-21bf944f442e/org.checkerframework_checker-qual-3.5.0.jar
[2024-06-27T23:31:33.642+0000] {docker.py:413} INFO - 24/06/27 23:31:33 INFO Executor: Adding file:/tmp/spark-59e9cbdd-21d1-4bfa-a6c5-7747435f6aaa/userFiles-2ed32c0e-b631-4d32-bd8c-21bf944f442e/org.checkerframework_checker-qual-3.5.0.jar to class loader default
[2024-06-27T23:31:33.643+0000] {docker.py:413} INFO - 24/06/27 23:31:33 INFO Executor: Fetching spark://localhost:37699/jars/org.apache.spark_spark-sql-kafka-0-10_2.12-3.5.0.jar with timestamp 1719531092868
[2024-06-27T23:31:33.643+0000] {docker.py:413} INFO - 24/06/27 23:31:33 INFO Utils: Fetching spark://localhost:37699/jars/org.apache.spark_spark-sql-kafka-0-10_2.12-3.5.0.jar to /tmp/spark-59e9cbdd-21d1-4bfa-a6c5-7747435f6aaa/userFiles-2ed32c0e-b631-4d32-bd8c-21bf944f442e/fetchFileTemp8982836529689024448.tmp
[2024-06-27T23:31:33.644+0000] {docker.py:413} INFO - 24/06/27 23:31:33 INFO Utils: /tmp/spark-59e9cbdd-21d1-4bfa-a6c5-7747435f6aaa/userFiles-2ed32c0e-b631-4d32-bd8c-21bf944f442e/fetchFileTemp8982836529689024448.tmp has been previously copied to /tmp/spark-59e9cbdd-21d1-4bfa-a6c5-7747435f6aaa/userFiles-2ed32c0e-b631-4d32-bd8c-21bf944f442e/org.apache.spark_spark-sql-kafka-0-10_2.12-3.5.0.jar
[2024-06-27T23:31:33.647+0000] {docker.py:413} INFO - 24/06/27 23:31:33 INFO Executor: Adding file:/tmp/spark-59e9cbdd-21d1-4bfa-a6c5-7747435f6aaa/userFiles-2ed32c0e-b631-4d32-bd8c-21bf944f442e/org.apache.spark_spark-sql-kafka-0-10_2.12-3.5.0.jar to class loader default
[2024-06-27T23:31:33.647+0000] {docker.py:413} INFO - 24/06/27 23:31:33 INFO Executor: Fetching spark://localhost:37699/jars/org.apache.commons_commons-pool2-2.11.1.jar with timestamp 1719531092868
[2024-06-27T23:31:33.647+0000] {docker.py:413} INFO - 24/06/27 23:31:33 INFO Utils: Fetching spark://localhost:37699/jars/org.apache.commons_commons-pool2-2.11.1.jar to /tmp/spark-59e9cbdd-21d1-4bfa-a6c5-7747435f6aaa/userFiles-2ed32c0e-b631-4d32-bd8c-21bf944f442e/fetchFileTemp3183154866157530175.tmp
[2024-06-27T23:31:33.648+0000] {docker.py:413} INFO - 24/06/27 23:31:33 INFO Utils: /tmp/spark-59e9cbdd-21d1-4bfa-a6c5-7747435f6aaa/userFiles-2ed32c0e-b631-4d32-bd8c-21bf944f442e/fetchFileTemp3183154866157530175.tmp has been previously copied to /tmp/spark-59e9cbdd-21d1-4bfa-a6c5-7747435f6aaa/userFiles-2ed32c0e-b631-4d32-bd8c-21bf944f442e/org.apache.commons_commons-pool2-2.11.1.jar
[2024-06-27T23:31:33.650+0000] {docker.py:413} INFO - 24/06/27 23:31:33 INFO Executor: Adding file:/tmp/spark-59e9cbdd-21d1-4bfa-a6c5-7747435f6aaa/userFiles-2ed32c0e-b631-4d32-bd8c-21bf944f442e/org.apache.commons_commons-pool2-2.11.1.jar to class loader default
[2024-06-27T23:31:33.651+0000] {docker.py:413} INFO - 24/06/27 23:31:33 INFO Executor: Fetching spark://localhost:37699/jars/org.apache.hadoop_hadoop-client-runtime-3.3.4.jar with timestamp 1719531092868
[2024-06-27T23:31:33.651+0000] {docker.py:413} INFO - 24/06/27 23:31:33 INFO Utils: Fetching spark://localhost:37699/jars/org.apache.hadoop_hadoop-client-runtime-3.3.4.jar to /tmp/spark-59e9cbdd-21d1-4bfa-a6c5-7747435f6aaa/userFiles-2ed32c0e-b631-4d32-bd8c-21bf944f442e/fetchFileTemp10663325898571568698.tmp
[2024-06-27T23:31:33.698+0000] {docker.py:413} INFO - 24/06/27 23:31:33 INFO Utils: /tmp/spark-59e9cbdd-21d1-4bfa-a6c5-7747435f6aaa/userFiles-2ed32c0e-b631-4d32-bd8c-21bf944f442e/fetchFileTemp10663325898571568698.tmp has been previously copied to /tmp/spark-59e9cbdd-21d1-4bfa-a6c5-7747435f6aaa/userFiles-2ed32c0e-b631-4d32-bd8c-21bf944f442e/org.apache.hadoop_hadoop-client-runtime-3.3.4.jar
[2024-06-27T23:31:33.702+0000] {docker.py:413} INFO - 24/06/27 23:31:33 INFO Executor: Adding file:/tmp/spark-59e9cbdd-21d1-4bfa-a6c5-7747435f6aaa/userFiles-2ed32c0e-b631-4d32-bd8c-21bf944f442e/org.apache.hadoop_hadoop-client-runtime-3.3.4.jar to class loader default
[2024-06-27T23:31:33.706+0000] {docker.py:413} INFO - 24/06/27 23:31:33 INFO Executor: Fetching spark://localhost:37699/jars/org.xerial.snappy_snappy-java-1.1.10.3.jar with timestamp 1719531092868
[2024-06-27T23:31:33.709+0000] {docker.py:413} INFO - 24/06/27 23:31:33 INFO Utils: Fetching spark://localhost:37699/jars/org.xerial.snappy_snappy-java-1.1.10.3.jar to /tmp/spark-59e9cbdd-21d1-4bfa-a6c5-7747435f6aaa/userFiles-2ed32c0e-b631-4d32-bd8c-21bf944f442e/fetchFileTemp2389196213284413512.tmp
[2024-06-27T23:31:33.709+0000] {docker.py:413} INFO - 24/06/27 23:31:33 INFO Utils: /tmp/spark-59e9cbdd-21d1-4bfa-a6c5-7747435f6aaa/userFiles-2ed32c0e-b631-4d32-bd8c-21bf944f442e/fetchFileTemp2389196213284413512.tmp has been previously copied to /tmp/spark-59e9cbdd-21d1-4bfa-a6c5-7747435f6aaa/userFiles-2ed32c0e-b631-4d32-bd8c-21bf944f442e/org.xerial.snappy_snappy-java-1.1.10.3.jar
[2024-06-27T23:31:33.714+0000] {docker.py:413} INFO - 24/06/27 23:31:33 INFO Executor: Adding file:/tmp/spark-59e9cbdd-21d1-4bfa-a6c5-7747435f6aaa/userFiles-2ed32c0e-b631-4d32-bd8c-21bf944f442e/org.xerial.snappy_snappy-java-1.1.10.3.jar to class loader default
[2024-06-27T23:31:33.714+0000] {docker.py:413} INFO - 24/06/27 23:31:33 INFO Executor: Fetching spark://localhost:37699/jars/org.slf4j_slf4j-api-2.0.7.jar with timestamp 1719531092868
[2024-06-27T23:31:33.714+0000] {docker.py:413} INFO - 24/06/27 23:31:33 INFO Utils: Fetching spark://localhost:37699/jars/org.slf4j_slf4j-api-2.0.7.jar to /tmp/spark-59e9cbdd-21d1-4bfa-a6c5-7747435f6aaa/userFiles-2ed32c0e-b631-4d32-bd8c-21bf944f442e/fetchFileTemp5874807436940553139.tmp
[2024-06-27T23:31:33.714+0000] {docker.py:413} INFO - 24/06/27 23:31:33 INFO Utils: /tmp/spark-59e9cbdd-21d1-4bfa-a6c5-7747435f6aaa/userFiles-2ed32c0e-b631-4d32-bd8c-21bf944f442e/fetchFileTemp5874807436940553139.tmp has been previously copied to /tmp/spark-59e9cbdd-21d1-4bfa-a6c5-7747435f6aaa/userFiles-2ed32c0e-b631-4d32-bd8c-21bf944f442e/org.slf4j_slf4j-api-2.0.7.jar
[2024-06-27T23:31:33.716+0000] {docker.py:413} INFO - 24/06/27 23:31:33 INFO Executor: Adding file:/tmp/spark-59e9cbdd-21d1-4bfa-a6c5-7747435f6aaa/userFiles-2ed32c0e-b631-4d32-bd8c-21bf944f442e/org.slf4j_slf4j-api-2.0.7.jar to class loader default
[2024-06-27T23:31:33.716+0000] {docker.py:413} INFO - 24/06/27 23:31:33 INFO Executor: Fetching spark://localhost:37699/jars/commons-logging_commons-logging-1.1.3.jar with timestamp 1719531092868
[2024-06-27T23:31:33.717+0000] {docker.py:413} INFO - 24/06/27 23:31:33 INFO Utils: Fetching spark://localhost:37699/jars/commons-logging_commons-logging-1.1.3.jar to /tmp/spark-59e9cbdd-21d1-4bfa-a6c5-7747435f6aaa/userFiles-2ed32c0e-b631-4d32-bd8c-21bf944f442e/fetchFileTemp2785821029767976167.tmp
[2024-06-27T23:31:33.717+0000] {docker.py:413} INFO - 24/06/27 23:31:33 INFO Utils: /tmp/spark-59e9cbdd-21d1-4bfa-a6c5-7747435f6aaa/userFiles-2ed32c0e-b631-4d32-bd8c-21bf944f442e/fetchFileTemp2785821029767976167.tmp has been previously copied to /tmp/spark-59e9cbdd-21d1-4bfa-a6c5-7747435f6aaa/userFiles-2ed32c0e-b631-4d32-bd8c-21bf944f442e/commons-logging_commons-logging-1.1.3.jar
[2024-06-27T23:31:33.719+0000] {docker.py:413} INFO - 24/06/27 23:31:33 INFO Executor: Adding file:/tmp/spark-59e9cbdd-21d1-4bfa-a6c5-7747435f6aaa/userFiles-2ed32c0e-b631-4d32-bd8c-21bf944f442e/commons-logging_commons-logging-1.1.3.jar to class loader default
[2024-06-27T23:31:33.725+0000] {docker.py:413} INFO - 24/06/27 23:31:33 INFO Utils: Successfully started service 'org.apache.spark.network.netty.NettyBlockTransferService' on port 33669.
[2024-06-27T23:31:33.725+0000] {docker.py:413} INFO - 24/06/27 23:31:33 INFO NettyBlockTransferService: Server created on localhost:33669
[2024-06-27T23:31:33.726+0000] {docker.py:413} INFO - 24/06/27 23:31:33 INFO BlockManager: Using org.apache.spark.storage.RandomBlockReplicationPolicy for block replication policy
[2024-06-27T23:31:33.729+0000] {docker.py:413} INFO - 24/06/27 23:31:33 INFO BlockManagerMaster: Registering BlockManager BlockManagerId(driver, localhost, 33669, None)
[2024-06-27T23:31:33.732+0000] {docker.py:413} INFO - 24/06/27 23:31:33 INFO BlockManagerMasterEndpoint: Registering block manager localhost:33669 with 434.4 MiB RAM, BlockManagerId(driver, localhost, 33669, None)
[2024-06-27T23:31:33.733+0000] {docker.py:413} INFO - 24/06/27 23:31:33 INFO BlockManagerMaster: Registered BlockManager BlockManagerId(driver, localhost, 33669, None)
[2024-06-27T23:31:33.734+0000] {docker.py:413} INFO - 24/06/27 23:31:33 INFO BlockManager: Initialized BlockManager: BlockManagerId(driver, localhost, 33669, None)
[2024-06-27T23:31:33.945+0000] {docker.py:413} INFO - 2024-06-27 23:31:33,944:create_spark_session:INFO:Spark session created successfully
[2024-06-27T23:31:33.948+0000] {docker.py:413} INFO - 24/06/27 23:31:33 INFO SharedState: Setting hive.metastore.warehouse.dir ('null') to the value of spark.sql.warehouse.dir.
[2024-06-27T23:31:33.949+0000] {docker.py:413} INFO - 24/06/27 23:31:33 INFO SharedState: Warehouse path is 'file:/opt/bitnami/spark/spark-warehouse'.
[2024-06-27T23:31:34.714+0000] {docker.py:413} INFO - 2024-06-27 23:31:34,713:create_initial_dataframe:INFO:Initial dataframe created successfully
[2024-06-27T23:31:40.000+0000] {docker.py:413} INFO - Traceback (most recent call last):
  File "/opt/bitnami/spark/spark_streaming.py", line 103, in <module>
    write_to_postgres()
[2024-06-27T23:31:40.001+0000] {docker.py:413} INFO - File "/opt/bitnami/spark/spark_streaming.py", line 99, in write_to_postgres
[2024-06-27T23:31:40.002+0000] {docker.py:413} INFO - start_streaming(df_final, spark=spark)
  File "/opt/bitnami/spark/spark_streaming.py", line 71, in start_streaming
[2024-06-27T23:31:40.002+0000] {docker.py:413} INFO - existing_data_df = spark.read.jdbc(
                       ^^^^^^^^^^^^^^^^
  File "/opt/bitnami/spark/python/lib/pyspark.zip/pyspark/sql/readwriter.py", line 946, in jdbc
[2024-06-27T23:31:40.002+0000] {docker.py:413} INFO - File "/opt/bitnami/spark/python/lib/py4j-0.10.9.7-src.zip/py4j/java_gateway.py", line 1322, in __call__
[2024-06-27T23:31:40.002+0000] {docker.py:413} INFO - File "/opt/bitnami/spark/python/lib/pyspark.zip/pyspark/errors/exceptions/captured.py", line 179, in deco
[2024-06-27T23:31:40.003+0000] {docker.py:413} INFO - File "/opt/bitnami/spark/python/lib/py4j-0.10.9.7-src.zip/py4j/protocol.py", line 326, in get_return_value
[2024-06-27T23:31:40.003+0000] {docker.py:413} INFO - py4j.protocol.Py4JJavaError
[2024-06-27T23:31:40.003+0000] {docker.py:413} INFO - : An error occurred while calling o50.jdbc.
: org.postgresql.util.PSQLException: The connection attempt failed.
	at org.postgresql.core.v3.ConnectionFactoryImpl.openConnectionImpl(ConnectionFactoryImpl.java:354)
	at org.postgresql.core.ConnectionFactory.openConnection(ConnectionFactory.java:54)
	at org.postgresql.jdbc.PgConnection.<init>(PgConnection.java:253)
	at org.postgresql.Driver.makeConnection(Driver.java:434)
	at org.postgresql.Driver.connect(Driver.java:291)
	at org.apache.spark.sql.execution.datasources.jdbc.connection.BasicConnectionProvider.getConnection(BasicConnectionProvider.scala:49)
	at org.apache.spark.sql.execution.datasources.jdbc.connection.ConnectionProviderBase.create(ConnectionProvider.scala:102)
	at org.apache.spark.sql.jdbc.JdbcDialect.$anonfun$createConnectionFactory$1(JdbcDialects.scala:160)
	at org.apache.spark.sql.jdbc.JdbcDialect.$anonfun$createConnectionFactory$1$adapted(JdbcDialects.scala:156)
	at org.apache.spark.sql.execution.datasources.jdbc.JDBCRDD$.getQueryOutputSchema(JDBCRDD.scala:63)
	at org.apache.spark.sql.execution.datasources.jdbc.JDBCRDD$.resolveTable(JDBCRDD.scala:58)
	at org.apache.spark.sql.execution.datasources.jdbc.JDBCRelation$.getSchema(JDBCRelation.scala:241)
	at org.apache.spark.sql.execution.datasources.jdbc.JdbcRelationProvider.createRelation(JdbcRelationProvider.scala:37)
	at org.apache.spark.sql.execution.datasources.DataSource.resolveRelation(DataSource.scala:346)
	at org.apache.spark.sql.DataFrameReader.loadV1Source(DataFrameReader.scala:229)
	at org.apache.spark.sql.DataFrameReader.$anonfun$load$2(DataFrameReader.scala:211)
	at scala.Option.getOrElse(Option.scala:189)
	at org.apache.spark.sql.DataFrameReader.load(DataFrameReader.scala:211)
	at org.apache.spark.sql.DataFrameReader.load(DataFrameReader.scala:172)
	at org.apache.spark.sql.DataFrameReader.jdbc(DataFrameReader.scala:249)
	at java.base/jdk.internal.reflect.NativeMethodAccessorImpl.invoke0(Native Method)
	at java.base/jdk.internal.reflect.NativeMethodAccessorImpl.invoke(NativeMethodAccessorImpl.java:77)
	at java.base/jdk.internal.reflect.DelegatingMethodAccessorImpl.invoke(DelegatingMethodAccessorImpl.java:43)
	at java.base/java.lang.reflect.Method.invoke(Method.java:568)
	at py4j.reflection.MethodInvoker.invoke(MethodInvoker.java:244)
	at py4j.reflection.ReflectionEngine.invoke(ReflectionEngine.java:374)
	at py4j.Gateway.invoke(Gateway.java:282)
	at py4j.commands.AbstractCommand.invokeMethod(AbstractCommand.java:132)
	at py4j.commands.CallCommand.execute(CallCommand.java:79)
	at py4j.ClientServerConnection.waitForCommands(ClientServerConnection.java:182)
	at py4j.ClientServerConnection.run(ClientServerConnection.java:106)
	at java.base/java.lang.Thread.run(Thread.java:840)
Caused by: java.net.SocketTimeoutException: Read timed out
	at java.base/sun.nio.ch.NioSocketImpl.timedRead(NioSocketImpl.java:288)
	at java.base/sun.nio.ch.NioSocketImpl.implRead(NioSocketImpl.java:314)
	at java.base/sun.nio.ch.NioSocketImpl.read(NioSocketImpl.java:355)
	at java.base/sun.nio.ch.NioSocketImpl$1.read(NioSocketImpl.java:808)
	at java.base/java.net.Socket$SocketInputStream.read(Socket.java:966)
	at org.postgresql.core.VisibleBufferedInputStream.readMore(VisibleBufferedInputStream.java:161)
	at org.postgresql.core.VisibleBufferedInputStream.ensureBytes(VisibleBufferedInputStream.java:128)
	at org.postgresql.core.VisibleBufferedInputStream.ensureBytes(VisibleBufferedInputStream.java:113)
	at org.postgresql.core.VisibleBufferedInputStream.read(VisibleBufferedInputStream.java:73)
	at org.postgresql.core.PGStream.receiveChar(PGStream.java:465)
	at org.postgresql.core.v3.ConnectionFactoryImpl.enableSSL(ConnectionFactoryImpl.java:589)
	at org.postgresql.core.v3.ConnectionFactoryImpl.tryConnect(ConnectionFactoryImpl.java:191)
	at org.postgresql.core.v3.ConnectionFactoryImpl.openConnectionImpl(ConnectionFactoryImpl.java:258)
	... 31 more
[2024-06-27T23:31:40.003+0000] {docker.py:413} INFO - 2024-06-27 23:31:40,001:close:INFO:Closing down clientserver connection
[2024-06-27T23:31:40.025+0000] {docker.py:413} INFO - 24/06/27 23:31:40 INFO SparkContext: Invoking stop() from shutdown hook
[2024-06-27T23:31:40.025+0000] {docker.py:413} INFO - 24/06/27 23:31:40 INFO SparkContext: SparkContext is stopping with exitCode 0.
[2024-06-27T23:31:40.032+0000] {docker.py:413} INFO - 24/06/27 23:31:40 INFO SparkUI: Stopped Spark web UI at http://localhost:4040
[2024-06-27T23:31:40.039+0000] {docker.py:413} INFO - 24/06/27 23:31:40 INFO MapOutputTrackerMasterEndpoint: MapOutputTrackerMasterEndpoint stopped!
[2024-06-27T23:31:40.046+0000] {docker.py:413} INFO - 24/06/27 23:31:40 INFO MemoryStore: MemoryStore cleared
[2024-06-27T23:31:40.046+0000] {docker.py:413} INFO - 24/06/27 23:31:40 INFO BlockManager: BlockManager stopped
[2024-06-27T23:31:40.050+0000] {docker.py:413} INFO - 24/06/27 23:31:40 INFO BlockManagerMaster: BlockManagerMaster stopped
[2024-06-27T23:31:40.051+0000] {docker.py:413} INFO - 24/06/27 23:31:40 INFO OutputCommitCoordinator$OutputCommitCoordinatorEndpoint: OutputCommitCoordinator stopped!
[2024-06-27T23:31:40.059+0000] {docker.py:413} INFO - 24/06/27 23:31:40 INFO SparkContext: Successfully stopped SparkContext
[2024-06-27T23:31:40.059+0000] {docker.py:413} INFO - 24/06/27 23:31:40 INFO ShutdownHookManager: Shutdown hook called
[2024-06-27T23:31:40.060+0000] {docker.py:413} INFO - 24/06/27 23:31:40 INFO ShutdownHookManager: Deleting directory /tmp/spark-59e9cbdd-21d1-4bfa-a6c5-7747435f6aaa/pyspark-9eceb5b0-ba5e-46ab-89c4-dba422680b6b
[2024-06-27T23:31:40.061+0000] {docker.py:413} INFO - 24/06/27 23:31:40 INFO ShutdownHookManager: Deleting directory /tmp/spark-02a5bfb2-1d97-42f8-8964-6746c39abaf9
[2024-06-27T23:31:40.063+0000] {docker.py:413} INFO - 24/06/27 23:31:40 INFO ShutdownHookManager: Deleting directory /tmp/spark-59e9cbdd-21d1-4bfa-a6c5-7747435f6aaa
[2024-06-27T23:31:40.263+0000] {taskinstance.py:1937} ERROR - Task failed with exception
Traceback (most recent call last):
  File "/home/airflow/.local/lib/python3.8/site-packages/airflow/providers/docker/operators/docker.py", line 486, in execute
    return self._run_image()
  File "/home/airflow/.local/lib/python3.8/site-packages/airflow/providers/docker/operators/docker.py", line 360, in _run_image
    return self._run_image_with_mounts(self.mounts, add_tmp_variable=False)
  File "/home/airflow/.local/lib/python3.8/site-packages/airflow/providers/docker/operators/docker.py", line 421, in _run_image_with_mounts
    raise DockerContainerFailedException(f"Docker container failed: {result!r}", logs=log_lines)
airflow.providers.docker.exceptions.DockerContainerFailedException: Docker container failed: {'StatusCode': 1}
[2024-06-27T23:31:40.267+0000] {taskinstance.py:1400} INFO - Marking task as FAILED. dag_id=kafka_spark_dag, task_id=pyspark_consumer, execution_date=20240627T233045, start_date=20240627T233117, end_date=20240627T233140
[2024-06-27T23:31:40.284+0000] {standard_task_runner.py:104} ERROR - Failed to execute job 167 for task pyspark_consumer (Docker container failed: {'StatusCode': 1}; 1056)
[2024-06-27T23:31:40.308+0000] {local_task_job_runner.py:228} INFO - Task exited with return code 1
[2024-06-27T23:31:40.319+0000] {taskinstance.py:2778} INFO - 0 downstream tasks scheduled from follow-on schedule check
