[2024-06-27T23:30:50.671+0000] {taskinstance.py:1159} INFO - Dependencies all met for dep_context=non-requeueable deps ti=<TaskInstance: kafka_spark_dag.pyspark_consumer manual__2024-06-27T23:30:45.926407+00:00 [queued]>
[2024-06-27T23:30:50.675+0000] {taskinstance.py:1159} INFO - Dependencies all met for dep_context=requeueable deps ti=<TaskInstance: kafka_spark_dag.pyspark_consumer manual__2024-06-27T23:30:45.926407+00:00 [queued]>
[2024-06-27T23:30:50.675+0000] {taskinstance.py:1361} INFO - Starting attempt 1 of 2
[2024-06-27T23:30:50.681+0000] {taskinstance.py:1382} INFO - Executing <Task(DockerOperator): pyspark_consumer> on 2024-06-27 23:30:45.926407+00:00
[2024-06-27T23:30:50.684+0000] {standard_task_runner.py:57} INFO - Started process 897 to run task
[2024-06-27T23:30:50.687+0000] {standard_task_runner.py:84} INFO - Running: ['***', 'tasks', 'run', 'kafka_spark_dag', 'pyspark_consumer', 'manual__2024-06-27T23:30:45.926407+00:00', '--job-id', '166', '--raw', '--subdir', 'DAGS_FOLDER/dag_kafka_spark.py', '--cfg-path', '/tmp/tmp16j_5a4t']
[2024-06-27T23:30:50.689+0000] {standard_task_runner.py:85} INFO - Job 166: Subtask pyspark_consumer
[2024-06-27T23:30:50.715+0000] {task_command.py:416} INFO - Running <TaskInstance: kafka_spark_dag.pyspark_consumer manual__2024-06-27T23:30:45.926407+00:00 [running]> on host cd176cdca805
[2024-06-27T23:30:50.752+0000] {taskinstance.py:1662} INFO - Exporting env vars: AIRFLOW_CTX_DAG_OWNER='***' AIRFLOW_CTX_DAG_ID='kafka_spark_dag' AIRFLOW_CTX_TASK_ID='pyspark_consumer' AIRFLOW_CTX_EXECUTION_DATE='2024-06-27T23:30:45.926407+00:00' AIRFLOW_CTX_TRY_NUMBER='1' AIRFLOW_CTX_DAG_RUN_ID='manual__2024-06-27T23:30:45.926407+00:00'
[2024-06-27T23:30:50.770+0000] {docker.py:343} INFO - Starting docker container from image current-headlines/spark:latest
[2024-06-27T23:30:50.987+0000] {docker.py:413} INFO - [38;5;6mspark [38;5;5m23:30:50.98 [0m[38;5;2mINFO [0m ==>
[2024-06-27T23:30:50.988+0000] {docker.py:413} INFO - [38;5;6mspark [38;5;5m23:30:50.98 [0m[38;5;2mINFO [0m ==> [1mWelcome to the Bitnami spark container[0m
[2024-06-27T23:30:50.988+0000] {docker.py:413} INFO - [38;5;6mspark [38;5;5m23:30:50.98 [0m[38;5;2mINFO [0m ==> Subscribe to project updates by watching [1mhttps://github.com/bitnami/containers[0m
[2024-06-27T23:30:50.989+0000] {docker.py:413} INFO - [38;5;6mspark [38;5;5m23:30:50.98 [0m[38;5;2mINFO [0m ==> Submit issues and feature requests at [1mhttps://github.com/bitnami/containers/issues[0m
[2024-06-27T23:30:50.990+0000] {docker.py:413} INFO - [38;5;6mspark [38;5;5m23:30:50.98 [0m[38;5;2mINFO [0m ==>
[2024-06-27T23:30:50.994+0000] {docker.py:413} INFO - 
[2024-06-27T23:30:51.998+0000] {docker.py:413} INFO - :: loading settings :: url = jar:file:/opt/bitnami/spark/jars/ivy-2.5.1.jar!/org/apache/ivy/core/settings/ivysettings.xml
[2024-06-27T23:30:52.036+0000] {docker.py:413} INFO - Ivy Default Cache set to: /opt/bitnami/spark/.ivy2/cache
The jars for the packages stored in: /opt/bitnami/spark/.ivy2/jars
[2024-06-27T23:30:52.039+0000] {docker.py:413} INFO - org.postgresql#postgresql added as a dependency
org.apache.spark#spark-sql-kafka-0-10_2.12 added as a dependency
[2024-06-27T23:30:52.039+0000] {docker.py:413} INFO - :: resolving dependencies :: org.apache.spark#spark-submit-parent-be809610-437a-4baa-b6a0-55b9d9f97223;1.0
	confs: [default]
[2024-06-27T23:30:52.512+0000] {docker.py:413} INFO - found org.postgresql#postgresql;42.5.4 in central
[2024-06-27T23:30:52.553+0000] {docker.py:413} INFO - found org.checkerframework#checker-qual;3.5.0 in central
[2024-06-27T23:30:53.232+0000] {docker.py:413} INFO - found org.apache.spark#spark-sql-kafka-0-10_2.12;3.5.0 in central
[2024-06-27T23:30:53.354+0000] {docker.py:413} INFO - found org.apache.spark#spark-token-provider-kafka-0-10_2.12;3.5.0 in central
[2024-06-27T23:30:53.392+0000] {docker.py:413} INFO - found org.apache.kafka#kafka-clients;3.4.1 in central
[2024-06-27T23:30:53.424+0000] {docker.py:413} INFO - found org.lz4#lz4-java;1.8.0 in central
[2024-06-27T23:30:53.469+0000] {docker.py:413} INFO - found org.xerial.snappy#snappy-java;1.1.10.3 in central
[2024-06-27T23:30:53.758+0000] {docker.py:413} INFO - found org.slf4j#slf4j-api;2.0.7 in central
[2024-06-27T23:30:54.017+0000] {docker.py:413} INFO - found org.apache.hadoop#hadoop-client-runtime;3.3.4 in central
[2024-06-27T23:30:54.075+0000] {docker.py:413} INFO - found org.apache.hadoop#hadoop-client-api;3.3.4 in central
[2024-06-27T23:30:54.283+0000] {docker.py:413} INFO - found commons-logging#commons-logging;1.1.3 in central
[2024-06-27T23:30:54.316+0000] {docker.py:413} INFO - found com.google.code.findbugs#jsr305;3.0.0 in central
[2024-06-27T23:30:54.772+0000] {docker.py:413} INFO - found org.apache.commons#commons-pool2;2.11.1 in central
[2024-06-27T23:30:54.785+0000] {docker.py:413} INFO - downloading https://repo1.maven.org/maven2/org/postgresql/postgresql/42.5.4/postgresql-42.5.4.jar ...
[2024-06-27T23:30:54.968+0000] {docker.py:413} INFO - [SUCCESSFUL ] org.postgresql#postgresql;42.5.4!postgresql.jar (193ms)
[2024-06-27T23:30:54.981+0000] {docker.py:413} INFO - downloading https://repo1.maven.org/maven2/org/apache/spark/spark-sql-kafka-0-10_2.12/3.5.0/spark-sql-kafka-0-10_2.12-3.5.0.jar ...
[2024-06-27T23:30:55.092+0000] {docker.py:413} INFO - [SUCCESSFUL ] org.apache.spark#spark-sql-kafka-0-10_2.12;3.5.0!spark-sql-kafka-0-10_2.12.jar (123ms)
[2024-06-27T23:30:55.105+0000] {docker.py:413} INFO - downloading https://repo1.maven.org/maven2/org/checkerframework/checker-qual/3.5.0/checker-qual-3.5.0.jar ...
[2024-06-27T23:30:55.151+0000] {docker.py:413} INFO - [SUCCESSFUL ] org.checkerframework#checker-qual;3.5.0!checker-qual.jar (57ms)
[2024-06-27T23:30:55.166+0000] {docker.py:413} INFO - downloading https://repo1.maven.org/maven2/org/apache/spark/spark-token-provider-kafka-0-10_2.12/3.5.0/spark-token-provider-kafka-0-10_2.12-3.5.0.jar ...
[2024-06-27T23:30:55.190+0000] {docker.py:413} INFO - [SUCCESSFUL ] org.apache.spark#spark-token-provider-kafka-0-10_2.12;3.5.0!spark-token-provider-kafka-0-10_2.12.jar (41ms)
[2024-06-27T23:30:55.204+0000] {docker.py:413} INFO - downloading https://repo1.maven.org/maven2/org/apache/kafka/kafka-clients/3.4.1/kafka-clients-3.4.1.jar ...
[2024-06-27T23:30:56.093+0000] {docker.py:413} INFO - [SUCCESSFUL ] org.apache.kafka#kafka-clients;3.4.1!kafka-clients.jar (902ms)
[2024-06-27T23:30:56.107+0000] {docker.py:413} INFO - downloading https://repo1.maven.org/maven2/com/google/code/findbugs/jsr305/3.0.0/jsr305-3.0.0.jar ...
[2024-06-27T23:30:56.123+0000] {docker.py:413} INFO - [SUCCESSFUL ] com.google.code.findbugs#jsr305;3.0.0!jsr305.jar (29ms)
[2024-06-27T23:30:56.138+0000] {docker.py:413} INFO - downloading https://repo1.maven.org/maven2/org/apache/commons/commons-pool2/2.11.1/commons-pool2-2.11.1.jar ...
[2024-06-27T23:30:56.172+0000] {docker.py:413} INFO - [SUCCESSFUL ] org.apache.commons#commons-pool2;2.11.1!commons-pool2.jar (48ms)
[2024-06-27T23:30:56.185+0000] {docker.py:413} INFO - downloading https://repo1.maven.org/maven2/org/apache/hadoop/hadoop-client-runtime/3.3.4/hadoop-client-runtime-3.3.4.jar ...
[2024-06-27T23:31:00.181+0000] {docker.py:413} INFO - [SUCCESSFUL ] org.apache.hadoop#hadoop-client-runtime;3.3.4!hadoop-client-runtime.jar (4008ms)
[2024-06-27T23:31:00.197+0000] {docker.py:413} INFO - downloading https://repo1.maven.org/maven2/org/lz4/lz4-java/1.8.0/lz4-java-1.8.0.jar ...
[2024-06-27T23:31:00.292+0000] {docker.py:413} INFO - [SUCCESSFUL ] org.lz4#lz4-java;1.8.0!lz4-java.jar (110ms)
[2024-06-27T23:31:00.305+0000] {docker.py:413} INFO - downloading https://repo1.maven.org/maven2/org/xerial/snappy/snappy-java/1.1.10.3/snappy-java-1.1.10.3.jar ...
[2024-06-27T23:31:00.611+0000] {docker.py:413} INFO - [SUCCESSFUL ] org.xerial.snappy#snappy-java;1.1.10.3!snappy-java.jar(bundle) (311ms)
[2024-06-27T23:31:00.629+0000] {docker.py:413} INFO - downloading https://repo1.maven.org/maven2/org/slf4j/slf4j-api/2.0.7/slf4j-api-2.0.7.jar ...
[2024-06-27T23:31:00.656+0000] {docker.py:413} INFO - [SUCCESSFUL ] org.slf4j#slf4j-api;2.0.7!slf4j-api.jar (50ms)
[2024-06-27T23:31:00.669+0000] {docker.py:413} INFO - downloading https://repo1.maven.org/maven2/org/apache/hadoop/hadoop-client-api/3.3.4/hadoop-client-api-3.3.4.jar ...
[2024-06-27T23:31:03.447+0000] {docker.py:413} INFO - [SUCCESSFUL ] org.apache.hadoop#hadoop-client-api;3.3.4!hadoop-client-api.jar (2790ms)
[2024-06-27T23:31:03.465+0000] {docker.py:413} INFO - downloading https://repo1.maven.org/maven2/commons-logging/commons-logging/1.1.3/commons-logging-1.1.3.jar ...
[2024-06-27T23:31:03.488+0000] {docker.py:413} INFO - [SUCCESSFUL ] commons-logging#commons-logging;1.1.3!commons-logging.jar (41ms)
[2024-06-27T23:31:03.489+0000] {docker.py:413} INFO - :: resolution report :: resolve 2735ms :: artifacts dl 8715ms
[2024-06-27T23:31:03.489+0000] {docker.py:413} INFO - :: modules in use:
[2024-06-27T23:31:03.489+0000] {docker.py:413} INFO - com.google.code.findbugs#jsr305;3.0.0 from central in [default]
[2024-06-27T23:31:03.490+0000] {docker.py:413} INFO - commons-logging#commons-logging;1.1.3 from central in [default]
	org.apache.commons#commons-pool2;2.11.1 from central in [default]
	org.apache.hadoop#hadoop-client-api;3.3.4 from central in [default]
	org.apache.hadoop#hadoop-client-runtime;3.3.4 from central in [default]
[2024-06-27T23:31:03.490+0000] {docker.py:413} INFO - org.apache.kafka#kafka-clients;3.4.1 from central in [default]
	org.apache.spark#spark-sql-kafka-0-10_2.12;3.5.0 from central in [default]
	org.apache.spark#spark-token-provider-kafka-0-10_2.12;3.5.0 from central in [default]
	org.checkerframework#checker-qual;3.5.0 from central in [default]
	org.lz4#lz4-java;1.8.0 from central in [default]
	org.postgresql#postgresql;42.5.4 from central in [default]
	org.slf4j#slf4j-api;2.0.7 from central in [default]
[2024-06-27T23:31:03.490+0000] {docker.py:413} INFO - org.xerial.snappy#snappy-java;1.1.10.3 from central in [default]
	---------------------------------------------------------------------
[2024-06-27T23:31:03.490+0000] {docker.py:413} INFO - |                  |            modules            ||   artifacts   |
	|       conf       | number| search|dwnlded|evicted|| number|dwnlded|
	---------------------------------------------------------------------
[2024-06-27T23:31:03.491+0000] {docker.py:413} INFO - |      default     |   13  |   13  |   13  |   0   ||   13  |   13  |
	---------------------------------------------------------------------
[2024-06-27T23:31:03.492+0000] {docker.py:413} INFO - :: retrieving :: org.apache.spark#spark-submit-parent-be809610-437a-4baa-b6a0-55b9d9f97223
	confs: [default]
[2024-06-27T23:31:03.540+0000] {docker.py:413} INFO - 13 artifacts copied, 0 already retrieved (58001kB/47ms)
[2024-06-27T23:31:03.645+0000] {docker.py:413} INFO - 24/06/27 23:31:03 WARN NativeCodeLoader: Unable to load native-hadoop library for your platform... using builtin-java classes where applicable
[2024-06-27T23:31:04.238+0000] {docker.py:413} INFO - 24/06/27 23:31:04 INFO SparkContext: Running Spark version 3.5.0
[2024-06-27T23:31:04.238+0000] {docker.py:413} INFO - 24/06/27 23:31:04 INFO SparkContext: OS info Linux, 6.6.12-linuxkit, aarch64
[2024-06-27T23:31:04.239+0000] {docker.py:413} INFO - 24/06/27 23:31:04 INFO SparkContext: Java version 17.0.10
[2024-06-27T23:31:04.251+0000] {docker.py:413} INFO - 24/06/27 23:31:04 INFO ResourceUtils: ==============================================================
[2024-06-27T23:31:04.251+0000] {docker.py:413} INFO - 24/06/27 23:31:04 INFO ResourceUtils: No custom resources configured for spark.driver.
[2024-06-27T23:31:04.252+0000] {docker.py:413} INFO - 24/06/27 23:31:04 INFO ResourceUtils: ==============================================================
[2024-06-27T23:31:04.252+0000] {docker.py:413} INFO - 24/06/27 23:31:04 INFO SparkContext: Submitted application: PostgreSQL Connection with PySpark
[2024-06-27T23:31:04.265+0000] {docker.py:413} INFO - 24/06/27 23:31:04 INFO ResourceProfile: Default ResourceProfile created, executor resources: Map(cores -> name: cores, amount: 1, script: , vendor: , memory -> name: memory, amount: 1024, script: , vendor: , offHeap -> name: offHeap, amount: 0, script: , vendor: ), task resources: Map(cpus -> name: cpus, amount: 1.0)
[2024-06-27T23:31:04.269+0000] {docker.py:413} INFO - 24/06/27 23:31:04 INFO ResourceProfile: Limiting resource is cpu
[2024-06-27T23:31:04.269+0000] {docker.py:413} INFO - 24/06/27 23:31:04 INFO ResourceProfileManager: Added ResourceProfile id: 0
[2024-06-27T23:31:04.294+0000] {docker.py:413} INFO - 24/06/27 23:31:04 INFO SecurityManager: Changing view acls to: spark
[2024-06-27T23:31:04.294+0000] {docker.py:413} INFO - 24/06/27 23:31:04 INFO SecurityManager: Changing modify acls to: spark
[2024-06-27T23:31:04.294+0000] {docker.py:413} INFO - 24/06/27 23:31:04 INFO SecurityManager: Changing view acls groups to:
[2024-06-27T23:31:04.295+0000] {docker.py:413} INFO - 24/06/27 23:31:04 INFO SecurityManager: Changing modify acls groups to:
[2024-06-27T23:31:04.295+0000] {docker.py:413} INFO - 24/06/27 23:31:04 INFO SecurityManager: SecurityManager: authentication disabled; ui acls disabled; users with view permissions: spark; groups with view permissions: EMPTY; users with modify permissions: spark; groups with modify permissions: EMPTY
[2024-06-27T23:31:04.406+0000] {docker.py:413} INFO - 24/06/27 23:31:04 INFO Utils: Successfully started service 'sparkDriver' on port 36771.
[2024-06-27T23:31:04.420+0000] {docker.py:413} INFO - 24/06/27 23:31:04 INFO SparkEnv: Registering MapOutputTracker
[2024-06-27T23:31:04.438+0000] {docker.py:413} INFO - 24/06/27 23:31:04 INFO SparkEnv: Registering BlockManagerMaster
[2024-06-27T23:31:04.450+0000] {docker.py:413} INFO - 24/06/27 23:31:04 INFO BlockManagerMasterEndpoint: Using org.apache.spark.storage.DefaultTopologyMapper for getting topology information
[2024-06-27T23:31:04.450+0000] {docker.py:413} INFO - 24/06/27 23:31:04 INFO BlockManagerMasterEndpoint: BlockManagerMasterEndpoint up
[2024-06-27T23:31:04.453+0000] {docker.py:413} INFO - 24/06/27 23:31:04 INFO SparkEnv: Registering BlockManagerMasterHeartbeat
[2024-06-27T23:31:04.472+0000] {docker.py:413} INFO - 24/06/27 23:31:04 INFO DiskBlockManager: Created local directory at /tmp/blockmgr-d9334d70-2b80-4bee-a675-748ae450f55a
[2024-06-27T23:31:04.484+0000] {docker.py:413} INFO - 24/06/27 23:31:04 INFO MemoryStore: MemoryStore started with capacity 434.4 MiB
[2024-06-27T23:31:04.493+0000] {docker.py:413} INFO - 24/06/27 23:31:04 INFO SparkEnv: Registering OutputCommitCoordinator
[2024-06-27T23:31:04.561+0000] {docker.py:413} INFO - 24/06/27 23:31:04 INFO JettyUtils: Start Jetty 0.0.0.0:4040 for SparkUI
[2024-06-27T23:31:04.592+0000] {docker.py:413} INFO - 24/06/27 23:31:04 INFO Utils: Successfully started service 'SparkUI' on port 4040.
[2024-06-27T23:31:04.610+0000] {docker.py:413} INFO - 24/06/27 23:31:04 INFO SparkContext: Added JAR file:///opt/bitnami/spark/.ivy2/jars/org.postgresql_postgresql-42.5.4.jar at spark://localhost:36771/jars/org.postgresql_postgresql-42.5.4.jar with timestamp 1719531064231
[2024-06-27T23:31:04.611+0000] {docker.py:413} INFO - 24/06/27 23:31:04 INFO SparkContext: Added JAR file:///opt/bitnami/spark/.ivy2/jars/org.apache.spark_spark-sql-kafka-0-10_2.12-3.5.0.jar at spark://localhost:36771/jars/org.apache.spark_spark-sql-kafka-0-10_2.12-3.5.0.jar with timestamp 1719531064231
[2024-06-27T23:31:04.611+0000] {docker.py:413} INFO - 24/06/27 23:31:04 INFO SparkContext: Added JAR file:///opt/bitnami/spark/.ivy2/jars/org.checkerframework_checker-qual-3.5.0.jar at spark://localhost:36771/jars/org.checkerframework_checker-qual-3.5.0.jar with timestamp 1719531064231
[2024-06-27T23:31:04.612+0000] {docker.py:413} INFO - 24/06/27 23:31:04 INFO SparkContext: Added JAR file:///opt/bitnami/spark/.ivy2/jars/org.apache.spark_spark-token-provider-kafka-0-10_2.12-3.5.0.jar at spark://localhost:36771/jars/org.apache.spark_spark-token-provider-kafka-0-10_2.12-3.5.0.jar with timestamp 1719531064231
[2024-06-27T23:31:04.612+0000] {docker.py:413} INFO - 24/06/27 23:31:04 INFO SparkContext: Added JAR file:///opt/bitnami/spark/.ivy2/jars/org.apache.kafka_kafka-clients-3.4.1.jar at spark://localhost:36771/jars/org.apache.kafka_kafka-clients-3.4.1.jar with timestamp 1719531064231
24/06/27 23:31:04 INFO SparkContext: Added JAR file:///opt/bitnami/spark/.ivy2/jars/com.google.code.findbugs_jsr305-3.0.0.jar at spark://localhost:36771/jars/com.google.code.findbugs_jsr305-3.0.0.jar with timestamp 1719531064231
[2024-06-27T23:31:04.612+0000] {docker.py:413} INFO - 24/06/27 23:31:04 INFO SparkContext: Added JAR file:///opt/bitnami/spark/.ivy2/jars/org.apache.commons_commons-pool2-2.11.1.jar at spark://localhost:36771/jars/org.apache.commons_commons-pool2-2.11.1.jar with timestamp 1719531064231
[2024-06-27T23:31:04.613+0000] {docker.py:413} INFO - 24/06/27 23:31:04 INFO SparkContext: Added JAR file:///opt/bitnami/spark/.ivy2/jars/org.apache.hadoop_hadoop-client-runtime-3.3.4.jar at spark://localhost:36771/jars/org.apache.hadoop_hadoop-client-runtime-3.3.4.jar with timestamp 1719531064231
[2024-06-27T23:31:04.613+0000] {docker.py:413} INFO - 24/06/27 23:31:04 INFO SparkContext: Added JAR file:///opt/bitnami/spark/.ivy2/jars/org.lz4_lz4-java-1.8.0.jar at spark://localhost:36771/jars/org.lz4_lz4-java-1.8.0.jar with timestamp 1719531064231
[2024-06-27T23:31:04.613+0000] {docker.py:413} INFO - 24/06/27 23:31:04 INFO SparkContext: Added JAR file:///opt/bitnami/spark/.ivy2/jars/org.xerial.snappy_snappy-java-1.1.10.3.jar at spark://localhost:36771/jars/org.xerial.snappy_snappy-java-1.1.10.3.jar with timestamp 1719531064231
[2024-06-27T23:31:04.613+0000] {docker.py:413} INFO - 24/06/27 23:31:04 INFO SparkContext: Added JAR file:///opt/bitnami/spark/.ivy2/jars/org.slf4j_slf4j-api-2.0.7.jar at spark://localhost:36771/jars/org.slf4j_slf4j-api-2.0.7.jar with timestamp 1719531064231
[2024-06-27T23:31:04.614+0000] {docker.py:413} INFO - 24/06/27 23:31:04 INFO SparkContext: Added JAR file:///opt/bitnami/spark/.ivy2/jars/org.apache.hadoop_hadoop-client-api-3.3.4.jar at spark://localhost:36771/jars/org.apache.hadoop_hadoop-client-api-3.3.4.jar with timestamp 1719531064231
[2024-06-27T23:31:04.614+0000] {docker.py:413} INFO - 24/06/27 23:31:04 INFO SparkContext: Added JAR file:///opt/bitnami/spark/.ivy2/jars/commons-logging_commons-logging-1.1.3.jar at spark://localhost:36771/jars/commons-logging_commons-logging-1.1.3.jar with timestamp 1719531064231
[2024-06-27T23:31:04.614+0000] {docker.py:413} INFO - 24/06/27 23:31:04 INFO SparkContext: Added file file:///opt/bitnami/spark/.ivy2/jars/org.postgresql_postgresql-42.5.4.jar at file:///opt/bitnami/spark/.ivy2/jars/org.postgresql_postgresql-42.5.4.jar with timestamp 1719531064231
[2024-06-27T23:31:04.614+0000] {docker.py:413} INFO - 24/06/27 23:31:04 INFO Utils: Copying /opt/bitnami/spark/.ivy2/jars/org.postgresql_postgresql-42.5.4.jar to /tmp/spark-051ab439-683e-4f72-a784-2876740b24c3/userFiles-9a0cee03-0f69-4a8a-b5f6-978ee59279e1/org.postgresql_postgresql-42.5.4.jar
[2024-06-27T23:31:04.619+0000] {docker.py:413} INFO - 24/06/27 23:31:04 INFO SparkContext: Added file file:///opt/bitnami/spark/.ivy2/jars/org.apache.spark_spark-sql-kafka-0-10_2.12-3.5.0.jar at file:///opt/bitnami/spark/.ivy2/jars/org.apache.spark_spark-sql-kafka-0-10_2.12-3.5.0.jar with timestamp 1719531064231
[2024-06-27T23:31:04.619+0000] {docker.py:413} INFO - 24/06/27 23:31:04 INFO Utils: Copying /opt/bitnami/spark/.ivy2/jars/org.apache.spark_spark-sql-kafka-0-10_2.12-3.5.0.jar to /tmp/spark-051ab439-683e-4f72-a784-2876740b24c3/userFiles-9a0cee03-0f69-4a8a-b5f6-978ee59279e1/org.apache.spark_spark-sql-kafka-0-10_2.12-3.5.0.jar
[2024-06-27T23:31:04.622+0000] {docker.py:413} INFO - 24/06/27 23:31:04 INFO SparkContext: Added file file:///opt/bitnami/spark/.ivy2/jars/org.checkerframework_checker-qual-3.5.0.jar at file:///opt/bitnami/spark/.ivy2/jars/org.checkerframework_checker-qual-3.5.0.jar with timestamp 1719531064231
[2024-06-27T23:31:04.622+0000] {docker.py:413} INFO - 24/06/27 23:31:04 INFO Utils: Copying /opt/bitnami/spark/.ivy2/jars/org.checkerframework_checker-qual-3.5.0.jar to /tmp/spark-051ab439-683e-4f72-a784-2876740b24c3/userFiles-9a0cee03-0f69-4a8a-b5f6-978ee59279e1/org.checkerframework_checker-qual-3.5.0.jar
[2024-06-27T23:31:04.623+0000] {docker.py:413} INFO - 24/06/27 23:31:04 INFO SparkContext: Added file file:///opt/bitnami/spark/.ivy2/jars/org.apache.spark_spark-token-provider-kafka-0-10_2.12-3.5.0.jar at file:///opt/bitnami/spark/.ivy2/jars/org.apache.spark_spark-token-provider-kafka-0-10_2.12-3.5.0.jar with timestamp 1719531064231
[2024-06-27T23:31:04.623+0000] {docker.py:413} INFO - 24/06/27 23:31:04 INFO Utils: Copying /opt/bitnami/spark/.ivy2/jars/org.apache.spark_spark-token-provider-kafka-0-10_2.12-3.5.0.jar to /tmp/spark-051ab439-683e-4f72-a784-2876740b24c3/userFiles-9a0cee03-0f69-4a8a-b5f6-978ee59279e1/org.apache.spark_spark-token-provider-kafka-0-10_2.12-3.5.0.jar
[2024-06-27T23:31:04.624+0000] {docker.py:413} INFO - 24/06/27 23:31:04 INFO SparkContext: Added file file:///opt/bitnami/spark/.ivy2/jars/org.apache.kafka_kafka-clients-3.4.1.jar at file:///opt/bitnami/spark/.ivy2/jars/org.apache.kafka_kafka-clients-3.4.1.jar with timestamp 1719531064231
[2024-06-27T23:31:04.625+0000] {docker.py:413} INFO - 24/06/27 23:31:04 INFO Utils: Copying /opt/bitnami/spark/.ivy2/jars/org.apache.kafka_kafka-clients-3.4.1.jar to /tmp/spark-051ab439-683e-4f72-a784-2876740b24c3/userFiles-9a0cee03-0f69-4a8a-b5f6-978ee59279e1/org.apache.kafka_kafka-clients-3.4.1.jar
[2024-06-27T23:31:04.629+0000] {docker.py:413} INFO - 24/06/27 23:31:04 INFO SparkContext: Added file file:///opt/bitnami/spark/.ivy2/jars/com.google.code.findbugs_jsr305-3.0.0.jar at file:///opt/bitnami/spark/.ivy2/jars/com.google.code.findbugs_jsr305-3.0.0.jar with timestamp 1719531064231
24/06/27 23:31:04 INFO Utils: Copying /opt/bitnami/spark/.ivy2/jars/com.google.code.findbugs_jsr305-3.0.0.jar to /tmp/spark-051ab439-683e-4f72-a784-2876740b24c3/userFiles-9a0cee03-0f69-4a8a-b5f6-978ee59279e1/com.google.code.findbugs_jsr305-3.0.0.jar
[2024-06-27T23:31:04.631+0000] {docker.py:413} INFO - 24/06/27 23:31:04 INFO SparkContext: Added file file:///opt/bitnami/spark/.ivy2/jars/org.apache.commons_commons-pool2-2.11.1.jar at file:///opt/bitnami/spark/.ivy2/jars/org.apache.commons_commons-pool2-2.11.1.jar with timestamp 1719531064231
[2024-06-27T23:31:04.631+0000] {docker.py:413} INFO - 24/06/27 23:31:04 INFO Utils: Copying /opt/bitnami/spark/.ivy2/jars/org.apache.commons_commons-pool2-2.11.1.jar to /tmp/spark-051ab439-683e-4f72-a784-2876740b24c3/userFiles-9a0cee03-0f69-4a8a-b5f6-978ee59279e1/org.apache.commons_commons-pool2-2.11.1.jar
[2024-06-27T23:31:04.634+0000] {docker.py:413} INFO - 24/06/27 23:31:04 INFO SparkContext: Added file file:///opt/bitnami/spark/.ivy2/jars/org.apache.hadoop_hadoop-client-runtime-3.3.4.jar at file:///opt/bitnami/spark/.ivy2/jars/org.apache.hadoop_hadoop-client-runtime-3.3.4.jar with timestamp 1719531064231
[2024-06-27T23:31:04.634+0000] {docker.py:413} INFO - 24/06/27 23:31:04 INFO Utils: Copying /opt/bitnami/spark/.ivy2/jars/org.apache.hadoop_hadoop-client-runtime-3.3.4.jar to /tmp/spark-051ab439-683e-4f72-a784-2876740b24c3/userFiles-9a0cee03-0f69-4a8a-b5f6-978ee59279e1/org.apache.hadoop_hadoop-client-runtime-3.3.4.jar
[2024-06-27T23:31:04.654+0000] {docker.py:413} INFO - 24/06/27 23:31:04 INFO SparkContext: Added file file:///opt/bitnami/spark/.ivy2/jars/org.lz4_lz4-java-1.8.0.jar at file:///opt/bitnami/spark/.ivy2/jars/org.lz4_lz4-java-1.8.0.jar with timestamp 1719531064231
24/06/27 23:31:04 INFO Utils: Copying /opt/bitnami/spark/.ivy2/jars/org.lz4_lz4-java-1.8.0.jar to /tmp/spark-051ab439-683e-4f72-a784-2876740b24c3/userFiles-9a0cee03-0f69-4a8a-b5f6-978ee59279e1/org.lz4_lz4-java-1.8.0.jar
[2024-06-27T23:31:04.656+0000] {docker.py:413} INFO - 24/06/27 23:31:04 INFO SparkContext: Added file file:///opt/bitnami/spark/.ivy2/jars/org.xerial.snappy_snappy-java-1.1.10.3.jar at file:///opt/bitnami/spark/.ivy2/jars/org.xerial.snappy_snappy-java-1.1.10.3.jar with timestamp 1719531064231
[2024-06-27T23:31:04.656+0000] {docker.py:413} INFO - 24/06/27 23:31:04 INFO Utils: Copying /opt/bitnami/spark/.ivy2/jars/org.xerial.snappy_snappy-java-1.1.10.3.jar to /tmp/spark-051ab439-683e-4f72-a784-2876740b24c3/userFiles-9a0cee03-0f69-4a8a-b5f6-978ee59279e1/org.xerial.snappy_snappy-java-1.1.10.3.jar
[2024-06-27T23:31:04.659+0000] {docker.py:413} INFO - 24/06/27 23:31:04 INFO SparkContext: Added file file:///opt/bitnami/spark/.ivy2/jars/org.slf4j_slf4j-api-2.0.7.jar at file:///opt/bitnami/spark/.ivy2/jars/org.slf4j_slf4j-api-2.0.7.jar with timestamp 1719531064231
[2024-06-27T23:31:04.660+0000] {docker.py:413} INFO - 24/06/27 23:31:04 INFO Utils: Copying /opt/bitnami/spark/.ivy2/jars/org.slf4j_slf4j-api-2.0.7.jar to /tmp/spark-051ab439-683e-4f72-a784-2876740b24c3/userFiles-9a0cee03-0f69-4a8a-b5f6-978ee59279e1/org.slf4j_slf4j-api-2.0.7.jar
[2024-06-27T23:31:04.661+0000] {docker.py:413} INFO - 24/06/27 23:31:04 INFO SparkContext: Added file file:///opt/bitnami/spark/.ivy2/jars/org.apache.hadoop_hadoop-client-api-3.3.4.jar at file:///opt/bitnami/spark/.ivy2/jars/org.apache.hadoop_hadoop-client-api-3.3.4.jar with timestamp 1719531064231
[2024-06-27T23:31:04.662+0000] {docker.py:413} INFO - 24/06/27 23:31:04 INFO Utils: Copying /opt/bitnami/spark/.ivy2/jars/org.apache.hadoop_hadoop-client-api-3.3.4.jar to /tmp/spark-051ab439-683e-4f72-a784-2876740b24c3/userFiles-9a0cee03-0f69-4a8a-b5f6-978ee59279e1/org.apache.hadoop_hadoop-client-api-3.3.4.jar
[2024-06-27T23:31:04.675+0000] {docker.py:413} INFO - 24/06/27 23:31:04 INFO SparkContext: Added file file:///opt/bitnami/spark/.ivy2/jars/commons-logging_commons-logging-1.1.3.jar at file:///opt/bitnami/spark/.ivy2/jars/commons-logging_commons-logging-1.1.3.jar with timestamp 1719531064231
24/06/27 23:31:04 INFO Utils: Copying /opt/bitnami/spark/.ivy2/jars/commons-logging_commons-logging-1.1.3.jar to /tmp/spark-051ab439-683e-4f72-a784-2876740b24c3/userFiles-9a0cee03-0f69-4a8a-b5f6-978ee59279e1/commons-logging_commons-logging-1.1.3.jar
[2024-06-27T23:31:04.714+0000] {docker.py:413} INFO - 24/06/27 23:31:04 INFO Executor: Starting executor ID driver on host localhost
[2024-06-27T23:31:04.714+0000] {docker.py:413} INFO - 24/06/27 23:31:04 INFO Executor: OS info Linux, 6.6.12-linuxkit, aarch64
[2024-06-27T23:31:04.715+0000] {docker.py:413} INFO - 24/06/27 23:31:04 INFO Executor: Java version 17.0.10
[2024-06-27T23:31:04.718+0000] {docker.py:413} INFO - 24/06/27 23:31:04 INFO Executor: Starting executor with user classpath (userClassPathFirst = false): ''
[2024-06-27T23:31:04.718+0000] {docker.py:413} INFO - 24/06/27 23:31:04 INFO Executor: Created or updated repl class loader org.apache.spark.util.MutableURLClassLoader@2b0eb5ce for default.
[2024-06-27T23:31:04.724+0000] {docker.py:413} INFO - 24/06/27 23:31:04 INFO Executor: Fetching file:///opt/bitnami/spark/.ivy2/jars/org.apache.spark_spark-token-provider-kafka-0-10_2.12-3.5.0.jar with timestamp 1719531064231
[2024-06-27T23:31:04.732+0000] {docker.py:413} INFO - 24/06/27 23:31:04 INFO Utils: /opt/bitnami/spark/.ivy2/jars/org.apache.spark_spark-token-provider-kafka-0-10_2.12-3.5.0.jar has been previously copied to /tmp/spark-051ab439-683e-4f72-a784-2876740b24c3/userFiles-9a0cee03-0f69-4a8a-b5f6-978ee59279e1/org.apache.spark_spark-token-provider-kafka-0-10_2.12-3.5.0.jar
[2024-06-27T23:31:04.734+0000] {docker.py:413} INFO - 24/06/27 23:31:04 INFO Executor: Fetching file:///opt/bitnami/spark/.ivy2/jars/org.apache.hadoop_hadoop-client-runtime-3.3.4.jar with timestamp 1719531064231
[2024-06-27T23:31:04.749+0000] {docker.py:413} INFO - 24/06/27 23:31:04 INFO Utils: /opt/bitnami/spark/.ivy2/jars/org.apache.hadoop_hadoop-client-runtime-3.3.4.jar has been previously copied to /tmp/spark-051ab439-683e-4f72-a784-2876740b24c3/userFiles-9a0cee03-0f69-4a8a-b5f6-978ee59279e1/org.apache.hadoop_hadoop-client-runtime-3.3.4.jar
[2024-06-27T23:31:04.750+0000] {docker.py:413} INFO - 24/06/27 23:31:04 INFO Executor: Fetching file:///opt/bitnami/spark/.ivy2/jars/org.apache.commons_commons-pool2-2.11.1.jar with timestamp 1719531064231
[2024-06-27T23:31:04.751+0000] {docker.py:413} INFO - 24/06/27 23:31:04 INFO Utils: /opt/bitnami/spark/.ivy2/jars/org.apache.commons_commons-pool2-2.11.1.jar has been previously copied to /tmp/spark-051ab439-683e-4f72-a784-2876740b24c3/userFiles-9a0cee03-0f69-4a8a-b5f6-978ee59279e1/org.apache.commons_commons-pool2-2.11.1.jar
[2024-06-27T23:31:04.752+0000] {docker.py:413} INFO - 24/06/27 23:31:04 INFO Executor: Fetching file:///opt/bitnami/spark/.ivy2/jars/org.postgresql_postgresql-42.5.4.jar with timestamp 1719531064231
[2024-06-27T23:31:04.753+0000] {docker.py:413} INFO - 24/06/27 23:31:04 INFO Utils: /opt/bitnami/spark/.ivy2/jars/org.postgresql_postgresql-42.5.4.jar has been previously copied to /tmp/spark-051ab439-683e-4f72-a784-2876740b24c3/userFiles-9a0cee03-0f69-4a8a-b5f6-978ee59279e1/org.postgresql_postgresql-42.5.4.jar
[2024-06-27T23:31:04.754+0000] {docker.py:413} INFO - 24/06/27 23:31:04 INFO Executor: Fetching file:///opt/bitnami/spark/.ivy2/jars/org.slf4j_slf4j-api-2.0.7.jar with timestamp 1719531064231
[2024-06-27T23:31:04.755+0000] {docker.py:413} INFO - 24/06/27 23:31:04 INFO Utils: /opt/bitnami/spark/.ivy2/jars/org.slf4j_slf4j-api-2.0.7.jar has been previously copied to /tmp/spark-051ab439-683e-4f72-a784-2876740b24c3/userFiles-9a0cee03-0f69-4a8a-b5f6-978ee59279e1/org.slf4j_slf4j-api-2.0.7.jar
[2024-06-27T23:31:04.756+0000] {docker.py:413} INFO - 24/06/27 23:31:04 INFO Executor: Fetching file:///opt/bitnami/spark/.ivy2/jars/org.apache.kafka_kafka-clients-3.4.1.jar with timestamp 1719531064231
[2024-06-27T23:31:04.758+0000] {docker.py:413} INFO - 24/06/27 23:31:04 INFO Utils: /opt/bitnami/spark/.ivy2/jars/org.apache.kafka_kafka-clients-3.4.1.jar has been previously copied to /tmp/spark-051ab439-683e-4f72-a784-2876740b24c3/userFiles-9a0cee03-0f69-4a8a-b5f6-978ee59279e1/org.apache.kafka_kafka-clients-3.4.1.jar
[2024-06-27T23:31:04.759+0000] {docker.py:413} INFO - 24/06/27 23:31:04 INFO Executor: Fetching file:///opt/bitnami/spark/.ivy2/jars/com.google.code.findbugs_jsr305-3.0.0.jar with timestamp 1719531064231
[2024-06-27T23:31:04.760+0000] {docker.py:413} INFO - 24/06/27 23:31:04 INFO Utils: /opt/bitnami/spark/.ivy2/jars/com.google.code.findbugs_jsr305-3.0.0.jar has been previously copied to /tmp/spark-051ab439-683e-4f72-a784-2876740b24c3/userFiles-9a0cee03-0f69-4a8a-b5f6-978ee59279e1/com.google.code.findbugs_jsr305-3.0.0.jar
[2024-06-27T23:31:04.761+0000] {docker.py:413} INFO - 24/06/27 23:31:04 INFO Executor: Fetching file:///opt/bitnami/spark/.ivy2/jars/org.lz4_lz4-java-1.8.0.jar with timestamp 1719531064231
[2024-06-27T23:31:04.761+0000] {docker.py:413} INFO - 24/06/27 23:31:04 INFO Utils: /opt/bitnami/spark/.ivy2/jars/org.lz4_lz4-java-1.8.0.jar has been previously copied to /tmp/spark-051ab439-683e-4f72-a784-2876740b24c3/userFiles-9a0cee03-0f69-4a8a-b5f6-978ee59279e1/org.lz4_lz4-java-1.8.0.jar
[2024-06-27T23:31:04.763+0000] {docker.py:413} INFO - 24/06/27 23:31:04 INFO Executor: Fetching file:///opt/bitnami/spark/.ivy2/jars/org.apache.spark_spark-sql-kafka-0-10_2.12-3.5.0.jar with timestamp 1719531064231
[2024-06-27T23:31:04.763+0000] {docker.py:413} INFO - 24/06/27 23:31:04 INFO Utils: /opt/bitnami/spark/.ivy2/jars/org.apache.spark_spark-sql-kafka-0-10_2.12-3.5.0.jar has been previously copied to /tmp/spark-051ab439-683e-4f72-a784-2876740b24c3/userFiles-9a0cee03-0f69-4a8a-b5f6-978ee59279e1/org.apache.spark_spark-sql-kafka-0-10_2.12-3.5.0.jar
[2024-06-27T23:31:04.765+0000] {docker.py:413} INFO - 24/06/27 23:31:04 INFO Executor: Fetching file:///opt/bitnami/spark/.ivy2/jars/org.apache.hadoop_hadoop-client-api-3.3.4.jar with timestamp 1719531064231
[2024-06-27T23:31:04.771+0000] {docker.py:413} INFO - 24/06/27 23:31:04 INFO Utils: /opt/bitnami/spark/.ivy2/jars/org.apache.hadoop_hadoop-client-api-3.3.4.jar has been previously copied to /tmp/spark-051ab439-683e-4f72-a784-2876740b24c3/userFiles-9a0cee03-0f69-4a8a-b5f6-978ee59279e1/org.apache.hadoop_hadoop-client-api-3.3.4.jar
[2024-06-27T23:31:04.773+0000] {docker.py:413} INFO - 24/06/27 23:31:04 INFO Executor: Fetching file:///opt/bitnami/spark/.ivy2/jars/commons-logging_commons-logging-1.1.3.jar with timestamp 1719531064231
[2024-06-27T23:31:04.773+0000] {docker.py:413} INFO - 24/06/27 23:31:04 INFO Utils: /opt/bitnami/spark/.ivy2/jars/commons-logging_commons-logging-1.1.3.jar has been previously copied to /tmp/spark-051ab439-683e-4f72-a784-2876740b24c3/userFiles-9a0cee03-0f69-4a8a-b5f6-978ee59279e1/commons-logging_commons-logging-1.1.3.jar
[2024-06-27T23:31:04.774+0000] {docker.py:413} INFO - 24/06/27 23:31:04 INFO Executor: Fetching file:///opt/bitnami/spark/.ivy2/jars/org.checkerframework_checker-qual-3.5.0.jar with timestamp 1719531064231
[2024-06-27T23:31:04.775+0000] {docker.py:413} INFO - 24/06/27 23:31:04 INFO Utils: /opt/bitnami/spark/.ivy2/jars/org.checkerframework_checker-qual-3.5.0.jar has been previously copied to /tmp/spark-051ab439-683e-4f72-a784-2876740b24c3/userFiles-9a0cee03-0f69-4a8a-b5f6-978ee59279e1/org.checkerframework_checker-qual-3.5.0.jar
[2024-06-27T23:31:04.776+0000] {docker.py:413} INFO - 24/06/27 23:31:04 INFO Executor: Fetching file:///opt/bitnami/spark/.ivy2/jars/org.xerial.snappy_snappy-java-1.1.10.3.jar with timestamp 1719531064231
[2024-06-27T23:31:04.777+0000] {docker.py:413} INFO - 24/06/27 23:31:04 INFO Utils: /opt/bitnami/spark/.ivy2/jars/org.xerial.snappy_snappy-java-1.1.10.3.jar has been previously copied to /tmp/spark-051ab439-683e-4f72-a784-2876740b24c3/userFiles-9a0cee03-0f69-4a8a-b5f6-978ee59279e1/org.xerial.snappy_snappy-java-1.1.10.3.jar
[2024-06-27T23:31:04.780+0000] {docker.py:413} INFO - 24/06/27 23:31:04 INFO Executor: Fetching spark://localhost:36771/jars/org.xerial.snappy_snappy-java-1.1.10.3.jar with timestamp 1719531064231
[2024-06-27T23:31:04.805+0000] {docker.py:413} INFO - 24/06/27 23:31:04 INFO TransportClientFactory: Successfully created connection to localhost/127.0.0.1:36771 after 18 ms (0 ms spent in bootstraps)
[2024-06-27T23:31:04.812+0000] {docker.py:413} INFO - 24/06/27 23:31:04 INFO Utils: Fetching spark://localhost:36771/jars/org.xerial.snappy_snappy-java-1.1.10.3.jar to /tmp/spark-051ab439-683e-4f72-a784-2876740b24c3/userFiles-9a0cee03-0f69-4a8a-b5f6-978ee59279e1/fetchFileTemp5039571250397633277.tmp
[2024-06-27T23:31:04.832+0000] {docker.py:413} INFO - 24/06/27 23:31:04 INFO Utils: /tmp/spark-051ab439-683e-4f72-a784-2876740b24c3/userFiles-9a0cee03-0f69-4a8a-b5f6-978ee59279e1/fetchFileTemp5039571250397633277.tmp has been previously copied to /tmp/spark-051ab439-683e-4f72-a784-2876740b24c3/userFiles-9a0cee03-0f69-4a8a-b5f6-978ee59279e1/org.xerial.snappy_snappy-java-1.1.10.3.jar
[2024-06-27T23:31:04.835+0000] {docker.py:413} INFO - 24/06/27 23:31:04 INFO Executor: Adding file:/tmp/spark-051ab439-683e-4f72-a784-2876740b24c3/userFiles-9a0cee03-0f69-4a8a-b5f6-978ee59279e1/org.xerial.snappy_snappy-java-1.1.10.3.jar to class loader default
[2024-06-27T23:31:04.835+0000] {docker.py:413} INFO - 24/06/27 23:31:04 INFO Executor: Fetching spark://localhost:36771/jars/org.apache.kafka_kafka-clients-3.4.1.jar with timestamp 1719531064231
[2024-06-27T23:31:04.835+0000] {docker.py:413} INFO - 24/06/27 23:31:04 INFO Utils: Fetching spark://localhost:36771/jars/org.apache.kafka_kafka-clients-3.4.1.jar to /tmp/spark-051ab439-683e-4f72-a784-2876740b24c3/userFiles-9a0cee03-0f69-4a8a-b5f6-978ee59279e1/fetchFileTemp16162481082731750191.tmp
[2024-06-27T23:31:04.846+0000] {docker.py:413} INFO - 24/06/27 23:31:04 INFO Utils: /tmp/spark-051ab439-683e-4f72-a784-2876740b24c3/userFiles-9a0cee03-0f69-4a8a-b5f6-978ee59279e1/fetchFileTemp16162481082731750191.tmp has been previously copied to /tmp/spark-051ab439-683e-4f72-a784-2876740b24c3/userFiles-9a0cee03-0f69-4a8a-b5f6-978ee59279e1/org.apache.kafka_kafka-clients-3.4.1.jar
[2024-06-27T23:31:04.848+0000] {docker.py:413} INFO - 24/06/27 23:31:04 INFO Executor: Adding file:/tmp/spark-051ab439-683e-4f72-a784-2876740b24c3/userFiles-9a0cee03-0f69-4a8a-b5f6-978ee59279e1/org.apache.kafka_kafka-clients-3.4.1.jar to class loader default
[2024-06-27T23:31:04.848+0000] {docker.py:413} INFO - 24/06/27 23:31:04 INFO Executor: Fetching spark://localhost:36771/jars/org.apache.hadoop_hadoop-client-runtime-3.3.4.jar with timestamp 1719531064231
[2024-06-27T23:31:04.849+0000] {docker.py:413} INFO - 24/06/27 23:31:04 INFO Utils: Fetching spark://localhost:36771/jars/org.apache.hadoop_hadoop-client-runtime-3.3.4.jar to /tmp/spark-051ab439-683e-4f72-a784-2876740b24c3/userFiles-9a0cee03-0f69-4a8a-b5f6-978ee59279e1/fetchFileTemp6809737774682690886.tmp
[2024-06-27T23:31:04.902+0000] {docker.py:413} INFO - 24/06/27 23:31:04 INFO Utils: /tmp/spark-051ab439-683e-4f72-a784-2876740b24c3/userFiles-9a0cee03-0f69-4a8a-b5f6-978ee59279e1/fetchFileTemp6809737774682690886.tmp has been previously copied to /tmp/spark-051ab439-683e-4f72-a784-2876740b24c3/userFiles-9a0cee03-0f69-4a8a-b5f6-978ee59279e1/org.apache.hadoop_hadoop-client-runtime-3.3.4.jar
[2024-06-27T23:31:04.907+0000] {docker.py:413} INFO - 24/06/27 23:31:04 INFO Executor: Adding file:/tmp/spark-051ab439-683e-4f72-a784-2876740b24c3/userFiles-9a0cee03-0f69-4a8a-b5f6-978ee59279e1/org.apache.hadoop_hadoop-client-runtime-3.3.4.jar to class loader default
[2024-06-27T23:31:04.907+0000] {docker.py:413} INFO - 24/06/27 23:31:04 INFO Executor: Fetching spark://localhost:36771/jars/org.checkerframework_checker-qual-3.5.0.jar with timestamp 1719531064231
[2024-06-27T23:31:04.907+0000] {docker.py:413} INFO - 24/06/27 23:31:04 INFO Utils: Fetching spark://localhost:36771/jars/org.checkerframework_checker-qual-3.5.0.jar to /tmp/spark-051ab439-683e-4f72-a784-2876740b24c3/userFiles-9a0cee03-0f69-4a8a-b5f6-978ee59279e1/fetchFileTemp3397724384523128158.tmp
[2024-06-27T23:31:04.909+0000] {docker.py:413} INFO - 24/06/27 23:31:04 INFO Utils: /tmp/spark-051ab439-683e-4f72-a784-2876740b24c3/userFiles-9a0cee03-0f69-4a8a-b5f6-978ee59279e1/fetchFileTemp3397724384523128158.tmp has been previously copied to /tmp/spark-051ab439-683e-4f72-a784-2876740b24c3/userFiles-9a0cee03-0f69-4a8a-b5f6-978ee59279e1/org.checkerframework_checker-qual-3.5.0.jar
[2024-06-27T23:31:04.911+0000] {docker.py:413} INFO - 24/06/27 23:31:04 INFO Executor: Adding file:/tmp/spark-051ab439-683e-4f72-a784-2876740b24c3/userFiles-9a0cee03-0f69-4a8a-b5f6-978ee59279e1/org.checkerframework_checker-qual-3.5.0.jar to class loader default
[2024-06-27T23:31:04.911+0000] {docker.py:413} INFO - 24/06/27 23:31:04 INFO Executor: Fetching spark://localhost:36771/jars/org.lz4_lz4-java-1.8.0.jar with timestamp 1719531064231
[2024-06-27T23:31:04.912+0000] {docker.py:413} INFO - 24/06/27 23:31:04 INFO Utils: Fetching spark://localhost:36771/jars/org.lz4_lz4-java-1.8.0.jar to /tmp/spark-051ab439-683e-4f72-a784-2876740b24c3/userFiles-9a0cee03-0f69-4a8a-b5f6-978ee59279e1/fetchFileTemp2093169532513165797.tmp
[2024-06-27T23:31:04.913+0000] {docker.py:413} INFO - 24/06/27 23:31:04 INFO Utils: /tmp/spark-051ab439-683e-4f72-a784-2876740b24c3/userFiles-9a0cee03-0f69-4a8a-b5f6-978ee59279e1/fetchFileTemp2093169532513165797.tmp has been previously copied to /tmp/spark-051ab439-683e-4f72-a784-2876740b24c3/userFiles-9a0cee03-0f69-4a8a-b5f6-978ee59279e1/org.lz4_lz4-java-1.8.0.jar
[2024-06-27T23:31:04.915+0000] {docker.py:413} INFO - 24/06/27 23:31:04 INFO Executor: Adding file:/tmp/spark-051ab439-683e-4f72-a784-2876740b24c3/userFiles-9a0cee03-0f69-4a8a-b5f6-978ee59279e1/org.lz4_lz4-java-1.8.0.jar to class loader default
24/06/27 23:31:04 INFO Executor: Fetching spark://localhost:36771/jars/com.google.code.findbugs_jsr305-3.0.0.jar with timestamp 1719531064231
[2024-06-27T23:31:04.916+0000] {docker.py:413} INFO - 24/06/27 23:31:04 INFO Utils: Fetching spark://localhost:36771/jars/com.google.code.findbugs_jsr305-3.0.0.jar to /tmp/spark-051ab439-683e-4f72-a784-2876740b24c3/userFiles-9a0cee03-0f69-4a8a-b5f6-978ee59279e1/fetchFileTemp2028491375138713525.tmp
[2024-06-27T23:31:04.916+0000] {docker.py:413} INFO - 24/06/27 23:31:04 INFO Utils: /tmp/spark-051ab439-683e-4f72-a784-2876740b24c3/userFiles-9a0cee03-0f69-4a8a-b5f6-978ee59279e1/fetchFileTemp2028491375138713525.tmp has been previously copied to /tmp/spark-051ab439-683e-4f72-a784-2876740b24c3/userFiles-9a0cee03-0f69-4a8a-b5f6-978ee59279e1/com.google.code.findbugs_jsr305-3.0.0.jar
[2024-06-27T23:31:04.918+0000] {docker.py:413} INFO - 24/06/27 23:31:04 INFO Executor: Adding file:/tmp/spark-051ab439-683e-4f72-a784-2876740b24c3/userFiles-9a0cee03-0f69-4a8a-b5f6-978ee59279e1/com.google.code.findbugs_jsr305-3.0.0.jar to class loader default
[2024-06-27T23:31:04.918+0000] {docker.py:413} INFO - 24/06/27 23:31:04 INFO Executor: Fetching spark://localhost:36771/jars/org.postgresql_postgresql-42.5.4.jar with timestamp 1719531064231
[2024-06-27T23:31:04.919+0000] {docker.py:413} INFO - 24/06/27 23:31:04 INFO Utils: Fetching spark://localhost:36771/jars/org.postgresql_postgresql-42.5.4.jar to /tmp/spark-051ab439-683e-4f72-a784-2876740b24c3/userFiles-9a0cee03-0f69-4a8a-b5f6-978ee59279e1/fetchFileTemp9744895418532876745.tmp
[2024-06-27T23:31:04.920+0000] {docker.py:413} INFO - 24/06/27 23:31:04 INFO Utils: /tmp/spark-051ab439-683e-4f72-a784-2876740b24c3/userFiles-9a0cee03-0f69-4a8a-b5f6-978ee59279e1/fetchFileTemp9744895418532876745.tmp has been previously copied to /tmp/spark-051ab439-683e-4f72-a784-2876740b24c3/userFiles-9a0cee03-0f69-4a8a-b5f6-978ee59279e1/org.postgresql_postgresql-42.5.4.jar
[2024-06-27T23:31:04.922+0000] {docker.py:413} INFO - 24/06/27 23:31:04 INFO Executor: Adding file:/tmp/spark-051ab439-683e-4f72-a784-2876740b24c3/userFiles-9a0cee03-0f69-4a8a-b5f6-978ee59279e1/org.postgresql_postgresql-42.5.4.jar to class loader default
[2024-06-27T23:31:04.923+0000] {docker.py:413} INFO - 24/06/27 23:31:04 INFO Executor: Fetching spark://localhost:36771/jars/org.slf4j_slf4j-api-2.0.7.jar with timestamp 1719531064231
[2024-06-27T23:31:04.923+0000] {docker.py:413} INFO - 24/06/27 23:31:04 INFO Utils: Fetching spark://localhost:36771/jars/org.slf4j_slf4j-api-2.0.7.jar to /tmp/spark-051ab439-683e-4f72-a784-2876740b24c3/userFiles-9a0cee03-0f69-4a8a-b5f6-978ee59279e1/fetchFileTemp1973534281521256878.tmp
[2024-06-27T23:31:04.923+0000] {docker.py:413} INFO - 24/06/27 23:31:04 INFO Utils: /tmp/spark-051ab439-683e-4f72-a784-2876740b24c3/userFiles-9a0cee03-0f69-4a8a-b5f6-978ee59279e1/fetchFileTemp1973534281521256878.tmp has been previously copied to /tmp/spark-051ab439-683e-4f72-a784-2876740b24c3/userFiles-9a0cee03-0f69-4a8a-b5f6-978ee59279e1/org.slf4j_slf4j-api-2.0.7.jar
[2024-06-27T23:31:04.925+0000] {docker.py:413} INFO - 24/06/27 23:31:04 INFO Executor: Adding file:/tmp/spark-051ab439-683e-4f72-a784-2876740b24c3/userFiles-9a0cee03-0f69-4a8a-b5f6-978ee59279e1/org.slf4j_slf4j-api-2.0.7.jar to class loader default
[2024-06-27T23:31:04.925+0000] {docker.py:413} INFO - 24/06/27 23:31:04 INFO Executor: Fetching spark://localhost:36771/jars/org.apache.commons_commons-pool2-2.11.1.jar with timestamp 1719531064231
[2024-06-27T23:31:04.925+0000] {docker.py:413} INFO - 24/06/27 23:31:04 INFO Utils: Fetching spark://localhost:36771/jars/org.apache.commons_commons-pool2-2.11.1.jar to /tmp/spark-051ab439-683e-4f72-a784-2876740b24c3/userFiles-9a0cee03-0f69-4a8a-b5f6-978ee59279e1/fetchFileTemp17664656650340150217.tmp
[2024-06-27T23:31:04.926+0000] {docker.py:413} INFO - 24/06/27 23:31:04 INFO Utils: /tmp/spark-051ab439-683e-4f72-a784-2876740b24c3/userFiles-9a0cee03-0f69-4a8a-b5f6-978ee59279e1/fetchFileTemp17664656650340150217.tmp has been previously copied to /tmp/spark-051ab439-683e-4f72-a784-2876740b24c3/userFiles-9a0cee03-0f69-4a8a-b5f6-978ee59279e1/org.apache.commons_commons-pool2-2.11.1.jar
[2024-06-27T23:31:04.928+0000] {docker.py:413} INFO - 24/06/27 23:31:04 INFO Executor: Adding file:/tmp/spark-051ab439-683e-4f72-a784-2876740b24c3/userFiles-9a0cee03-0f69-4a8a-b5f6-978ee59279e1/org.apache.commons_commons-pool2-2.11.1.jar to class loader default
[2024-06-27T23:31:04.928+0000] {docker.py:413} INFO - 24/06/27 23:31:04 INFO Executor: Fetching spark://localhost:36771/jars/org.apache.hadoop_hadoop-client-api-3.3.4.jar with timestamp 1719531064231
[2024-06-27T23:31:04.928+0000] {docker.py:413} INFO - 24/06/27 23:31:04 INFO Utils: Fetching spark://localhost:36771/jars/org.apache.hadoop_hadoop-client-api-3.3.4.jar to /tmp/spark-051ab439-683e-4f72-a784-2876740b24c3/userFiles-9a0cee03-0f69-4a8a-b5f6-978ee59279e1/fetchFileTemp12780929032772492260.tmp
[2024-06-27T23:31:04.952+0000] {docker.py:413} INFO - 24/06/27 23:31:04 INFO Utils: /tmp/spark-051ab439-683e-4f72-a784-2876740b24c3/userFiles-9a0cee03-0f69-4a8a-b5f6-978ee59279e1/fetchFileTemp12780929032772492260.tmp has been previously copied to /tmp/spark-051ab439-683e-4f72-a784-2876740b24c3/userFiles-9a0cee03-0f69-4a8a-b5f6-978ee59279e1/org.apache.hadoop_hadoop-client-api-3.3.4.jar
[2024-06-27T23:31:04.954+0000] {docker.py:413} INFO - 24/06/27 23:31:04 INFO Executor: Adding file:/tmp/spark-051ab439-683e-4f72-a784-2876740b24c3/userFiles-9a0cee03-0f69-4a8a-b5f6-978ee59279e1/org.apache.hadoop_hadoop-client-api-3.3.4.jar to class loader default
[2024-06-27T23:31:04.955+0000] {docker.py:413} INFO - 24/06/27 23:31:04 INFO Executor: Fetching spark://localhost:36771/jars/org.apache.spark_spark-token-provider-kafka-0-10_2.12-3.5.0.jar with timestamp 1719531064231
[2024-06-27T23:31:04.955+0000] {docker.py:413} INFO - 24/06/27 23:31:04 INFO Utils: Fetching spark://localhost:36771/jars/org.apache.spark_spark-token-provider-kafka-0-10_2.12-3.5.0.jar to /tmp/spark-051ab439-683e-4f72-a784-2876740b24c3/userFiles-9a0cee03-0f69-4a8a-b5f6-978ee59279e1/fetchFileTemp14517650608803261784.tmp
[2024-06-27T23:31:04.956+0000] {docker.py:413} INFO - 24/06/27 23:31:04 INFO Utils: /tmp/spark-051ab439-683e-4f72-a784-2876740b24c3/userFiles-9a0cee03-0f69-4a8a-b5f6-978ee59279e1/fetchFileTemp14517650608803261784.tmp has been previously copied to /tmp/spark-051ab439-683e-4f72-a784-2876740b24c3/userFiles-9a0cee03-0f69-4a8a-b5f6-978ee59279e1/org.apache.spark_spark-token-provider-kafka-0-10_2.12-3.5.0.jar
[2024-06-27T23:31:04.957+0000] {docker.py:413} INFO - 24/06/27 23:31:04 INFO Executor: Adding file:/tmp/spark-051ab439-683e-4f72-a784-2876740b24c3/userFiles-9a0cee03-0f69-4a8a-b5f6-978ee59279e1/org.apache.spark_spark-token-provider-kafka-0-10_2.12-3.5.0.jar to class loader default
[2024-06-27T23:31:04.958+0000] {docker.py:413} INFO - 24/06/27 23:31:04 INFO Executor: Fetching spark://localhost:36771/jars/commons-logging_commons-logging-1.1.3.jar with timestamp 1719531064231
[2024-06-27T23:31:04.958+0000] {docker.py:413} INFO - 24/06/27 23:31:04 INFO Utils: Fetching spark://localhost:36771/jars/commons-logging_commons-logging-1.1.3.jar to /tmp/spark-051ab439-683e-4f72-a784-2876740b24c3/userFiles-9a0cee03-0f69-4a8a-b5f6-978ee59279e1/fetchFileTemp16540516020977172471.tmp
[2024-06-27T23:31:04.958+0000] {docker.py:413} INFO - 24/06/27 23:31:04 INFO Utils: /tmp/spark-051ab439-683e-4f72-a784-2876740b24c3/userFiles-9a0cee03-0f69-4a8a-b5f6-978ee59279e1/fetchFileTemp16540516020977172471.tmp has been previously copied to /tmp/spark-051ab439-683e-4f72-a784-2876740b24c3/userFiles-9a0cee03-0f69-4a8a-b5f6-978ee59279e1/commons-logging_commons-logging-1.1.3.jar
[2024-06-27T23:31:04.960+0000] {docker.py:413} INFO - 24/06/27 23:31:04 INFO Executor: Adding file:/tmp/spark-051ab439-683e-4f72-a784-2876740b24c3/userFiles-9a0cee03-0f69-4a8a-b5f6-978ee59279e1/commons-logging_commons-logging-1.1.3.jar to class loader default
[2024-06-27T23:31:04.960+0000] {docker.py:413} INFO - 24/06/27 23:31:04 INFO Executor: Fetching spark://localhost:36771/jars/org.apache.spark_spark-sql-kafka-0-10_2.12-3.5.0.jar with timestamp 1719531064231
[2024-06-27T23:31:04.960+0000] {docker.py:413} INFO - 24/06/27 23:31:04 INFO Utils: Fetching spark://localhost:36771/jars/org.apache.spark_spark-sql-kafka-0-10_2.12-3.5.0.jar to /tmp/spark-051ab439-683e-4f72-a784-2876740b24c3/userFiles-9a0cee03-0f69-4a8a-b5f6-978ee59279e1/fetchFileTemp16140242482152354342.tmp
[2024-06-27T23:31:04.961+0000] {docker.py:413} INFO - 24/06/27 23:31:04 INFO Utils: /tmp/spark-051ab439-683e-4f72-a784-2876740b24c3/userFiles-9a0cee03-0f69-4a8a-b5f6-978ee59279e1/fetchFileTemp16140242482152354342.tmp has been previously copied to /tmp/spark-051ab439-683e-4f72-a784-2876740b24c3/userFiles-9a0cee03-0f69-4a8a-b5f6-978ee59279e1/org.apache.spark_spark-sql-kafka-0-10_2.12-3.5.0.jar
[2024-06-27T23:31:04.963+0000] {docker.py:413} INFO - 24/06/27 23:31:04 INFO Executor: Adding file:/tmp/spark-051ab439-683e-4f72-a784-2876740b24c3/userFiles-9a0cee03-0f69-4a8a-b5f6-978ee59279e1/org.apache.spark_spark-sql-kafka-0-10_2.12-3.5.0.jar to class loader default
[2024-06-27T23:31:04.968+0000] {docker.py:413} INFO - 24/06/27 23:31:04 INFO Utils: Successfully started service 'org.apache.spark.network.netty.NettyBlockTransferService' on port 41303.
[2024-06-27T23:31:04.968+0000] {docker.py:413} INFO - 24/06/27 23:31:04 INFO NettyBlockTransferService: Server created on localhost:41303
[2024-06-27T23:31:04.969+0000] {docker.py:413} INFO - 24/06/27 23:31:04 INFO BlockManager: Using org.apache.spark.storage.RandomBlockReplicationPolicy for block replication policy
[2024-06-27T23:31:04.972+0000] {docker.py:413} INFO - 24/06/27 23:31:04 INFO BlockManagerMaster: Registering BlockManager BlockManagerId(driver, localhost, 41303, None)
[2024-06-27T23:31:04.975+0000] {docker.py:413} INFO - 24/06/27 23:31:04 INFO BlockManagerMasterEndpoint: Registering block manager localhost:41303 with 434.4 MiB RAM, BlockManagerId(driver, localhost, 41303, None)
[2024-06-27T23:31:04.976+0000] {docker.py:413} INFO - 24/06/27 23:31:04 INFO BlockManagerMaster: Registered BlockManager BlockManagerId(driver, localhost, 41303, None)
[2024-06-27T23:31:04.977+0000] {docker.py:413} INFO - 24/06/27 23:31:04 INFO BlockManager: Initialized BlockManager: BlockManagerId(driver, localhost, 41303, None)
[2024-06-27T23:31:05.176+0000] {docker.py:413} INFO - 2024-06-27 23:31:05,175:create_spark_session:INFO:Spark session created successfully
[2024-06-27T23:31:05.179+0000] {docker.py:413} INFO - 24/06/27 23:31:05 INFO SharedState: Setting hive.metastore.warehouse.dir ('null') to the value of spark.sql.warehouse.dir.
[2024-06-27T23:31:05.180+0000] {docker.py:413} INFO - 24/06/27 23:31:05 INFO SharedState: Warehouse path is 'file:/opt/bitnami/spark/spark-warehouse'.
[2024-06-27T23:31:05.894+0000] {docker.py:413} INFO - 2024-06-27 23:31:05,893:create_initial_dataframe:INFO:Initial dataframe created successfully
[2024-06-27T23:31:11.165+0000] {docker.py:413} INFO - Traceback (most recent call last):
  File "/opt/bitnami/spark/spark_streaming.py", line 103, in <module>
    write_to_postgres()
[2024-06-27T23:31:11.166+0000] {docker.py:413} INFO - File "/opt/bitnami/spark/spark_streaming.py", line 99, in write_to_postgres
[2024-06-27T23:31:11.167+0000] {docker.py:413} INFO - start_streaming(df_final, spark=spark)
  File "/opt/bitnami/spark/spark_streaming.py", line 71, in start_streaming
[2024-06-27T23:31:11.167+0000] {docker.py:413} INFO - existing_data_df = spark.read.jdbc(
                       ^^^^^^^^^^^^^^^^
  File "/opt/bitnami/spark/python/lib/pyspark.zip/pyspark/sql/readwriter.py", line 946, in jdbc
[2024-06-27T23:31:11.167+0000] {docker.py:413} INFO - File "/opt/bitnami/spark/python/lib/py4j-0.10.9.7-src.zip/py4j/java_gateway.py", line 1322, in __call__
[2024-06-27T23:31:11.167+0000] {docker.py:413} INFO - File "/opt/bitnami/spark/python/lib/pyspark.zip/pyspark/errors/exceptions/captured.py", line 179, in deco
[2024-06-27T23:31:11.167+0000] {docker.py:413} INFO - File "/opt/bitnami/spark/python/lib/py4j-0.10.9.7-src.zip/py4j/protocol.py", line 326, in get_return_value
[2024-06-27T23:31:11.168+0000] {docker.py:413} INFO - py4j.protocol.Py4JJavaError
[2024-06-27T23:31:11.168+0000] {docker.py:413} INFO - : An error occurred while calling o50.jdbc.
: org.postgresql.util.PSQLException: The connection attempt failed.
	at org.postgresql.core.v3.ConnectionFactoryImpl.openConnectionImpl(ConnectionFactoryImpl.java:354)
	at org.postgresql.core.ConnectionFactory.openConnection(ConnectionFactory.java:54)
	at org.postgresql.jdbc.PgConnection.<init>(PgConnection.java:253)
	at org.postgresql.Driver.makeConnection(Driver.java:434)
	at org.postgresql.Driver.connect(Driver.java:291)
	at org.apache.spark.sql.execution.datasources.jdbc.connection.BasicConnectionProvider.getConnection(BasicConnectionProvider.scala:49)
	at org.apache.spark.sql.execution.datasources.jdbc.connection.ConnectionProviderBase.create(ConnectionProvider.scala:102)
	at org.apache.spark.sql.jdbc.JdbcDialect.$anonfun$createConnectionFactory$1(JdbcDialects.scala:160)
	at org.apache.spark.sql.jdbc.JdbcDialect.$anonfun$createConnectionFactory$1$adapted(JdbcDialects.scala:156)
	at org.apache.spark.sql.execution.datasources.jdbc.JDBCRDD$.getQueryOutputSchema(JDBCRDD.scala:63)
	at org.apache.spark.sql.execution.datasources.jdbc.JDBCRDD$.resolveTable(JDBCRDD.scala:58)
	at org.apache.spark.sql.execution.datasources.jdbc.JDBCRelation$.getSchema(JDBCRelation.scala:241)
	at org.apache.spark.sql.execution.datasources.jdbc.JdbcRelationProvider.createRelation(JdbcRelationProvider.scala:37)
	at org.apache.spark.sql.execution.datasources.DataSource.resolveRelation(DataSource.scala:346)
	at org.apache.spark.sql.DataFrameReader.loadV1Source(DataFrameReader.scala:229)
	at org.apache.spark.sql.DataFrameReader.$anonfun$load$2(DataFrameReader.scala:211)
	at scala.Option.getOrElse(Option.scala:189)
	at org.apache.spark.sql.DataFrameReader.load(DataFrameReader.scala:211)
	at org.apache.spark.sql.DataFrameReader.load(DataFrameReader.scala:172)
	at org.apache.spark.sql.DataFrameReader.jdbc(DataFrameReader.scala:249)
	at java.base/jdk.internal.reflect.NativeMethodAccessorImpl.invoke0(Native Method)
	at java.base/jdk.internal.reflect.NativeMethodAccessorImpl.invoke(NativeMethodAccessorImpl.java:77)
	at java.base/jdk.internal.reflect.DelegatingMethodAccessorImpl.invoke(DelegatingMethodAccessorImpl.java:43)
	at java.base/java.lang.reflect.Method.invoke(Method.java:568)
	at py4j.reflection.MethodInvoker.invoke(MethodInvoker.java:244)
	at py4j.reflection.ReflectionEngine.invoke(ReflectionEngine.java:374)
	at py4j.Gateway.invoke(Gateway.java:282)
	at py4j.commands.AbstractCommand.invokeMethod(AbstractCommand.java:132)
	at py4j.commands.CallCommand.execute(CallCommand.java:79)
	at py4j.ClientServerConnection.waitForCommands(ClientServerConnection.java:182)
	at py4j.ClientServerConnection.run(ClientServerConnection.java:106)
	at java.base/java.lang.Thread.run(Thread.java:840)
Caused by: java.net.SocketTimeoutException: Read timed out
	at java.base/sun.nio.ch.NioSocketImpl.timedRead(NioSocketImpl.java:288)
	at java.base/sun.nio.ch.NioSocketImpl.implRead(NioSocketImpl.java:314)
	at java.base/sun.nio.ch.NioSocketImpl.read(NioSocketImpl.java:355)
	at java.base/sun.nio.ch.NioSocketImpl$1.read(NioSocketImpl.java:808)
	at java.base/java.net.Socket$SocketInputStream.read(Socket.java:966)
	at org.postgresql.core.VisibleBufferedInputStream.readMore(VisibleBufferedInputStream.java:161)
	at org.postgresql.core.VisibleBufferedInputStream.ensureBytes(VisibleBufferedInputStream.java:128)
	at org.postgresql.core.VisibleBufferedInputStream.ensureBytes(VisibleBufferedInputStream.java:113)
	at org.postgresql.core.VisibleBufferedInputStream.read(VisibleBufferedInputStream.java:73)
	at org.postgresql.core.PGStream.receiveChar(PGStream.java:465)
	at org.postgresql.core.v3.ConnectionFactoryImpl.enableSSL(ConnectionFactoryImpl.java:589)
	at org.postgresql.core.v3.ConnectionFactoryImpl.tryConnect(ConnectionFactoryImpl.java:191)
	at org.postgresql.core.v3.ConnectionFactoryImpl.openConnectionImpl(ConnectionFactoryImpl.java:258)
	... 31 more
[2024-06-27T23:31:11.168+0000] {docker.py:413} INFO - 2024-06-27 23:31:11,165:close:INFO:Closing down clientserver connection
[2024-06-27T23:31:11.195+0000] {docker.py:413} INFO - 24/06/27 23:31:11 INFO SparkContext: Invoking stop() from shutdown hook
[2024-06-27T23:31:11.197+0000] {docker.py:413} INFO - 24/06/27 23:31:11 INFO SparkContext: SparkContext is stopping with exitCode 0.
[2024-06-27T23:31:11.210+0000] {docker.py:413} INFO - 24/06/27 23:31:11 INFO SparkUI: Stopped Spark web UI at http://localhost:4040
[2024-06-27T23:31:11.220+0000] {docker.py:413} INFO - 24/06/27 23:31:11 INFO MapOutputTrackerMasterEndpoint: MapOutputTrackerMasterEndpoint stopped!
[2024-06-27T23:31:11.235+0000] {docker.py:413} INFO - 24/06/27 23:31:11 INFO MemoryStore: MemoryStore cleared
[2024-06-27T23:31:11.235+0000] {docker.py:413} INFO - 24/06/27 23:31:11 INFO BlockManager: BlockManager stopped
[2024-06-27T23:31:11.241+0000] {docker.py:413} INFO - 24/06/27 23:31:11 INFO BlockManagerMaster: BlockManagerMaster stopped
[2024-06-27T23:31:11.243+0000] {docker.py:413} INFO - 24/06/27 23:31:11 INFO OutputCommitCoordinator$OutputCommitCoordinatorEndpoint: OutputCommitCoordinator stopped!
[2024-06-27T23:31:11.253+0000] {docker.py:413} INFO - 24/06/27 23:31:11 INFO SparkContext: Successfully stopped SparkContext
[2024-06-27T23:31:11.254+0000] {docker.py:413} INFO - 24/06/27 23:31:11 INFO ShutdownHookManager: Shutdown hook called
[2024-06-27T23:31:11.254+0000] {docker.py:413} INFO - 24/06/27 23:31:11 INFO ShutdownHookManager: Deleting directory /tmp/spark-051ab439-683e-4f72-a784-2876740b24c3/pyspark-0be4d076-5785-46cb-9f48-c8be06cee3ac
[2024-06-27T23:31:11.255+0000] {docker.py:413} INFO - 24/06/27 23:31:11 INFO ShutdownHookManager: Deleting directory /tmp/spark-051ab439-683e-4f72-a784-2876740b24c3
[2024-06-27T23:31:11.257+0000] {docker.py:413} INFO - 24/06/27 23:31:11 INFO ShutdownHookManager: Deleting directory /tmp/spark-e3d9b673-a0cf-4c82-9a87-c744acf3eb53
[2024-06-27T23:31:11.460+0000] {taskinstance.py:1937} ERROR - Task failed with exception
Traceback (most recent call last):
  File "/home/airflow/.local/lib/python3.8/site-packages/airflow/providers/docker/operators/docker.py", line 486, in execute
    return self._run_image()
  File "/home/airflow/.local/lib/python3.8/site-packages/airflow/providers/docker/operators/docker.py", line 360, in _run_image
    return self._run_image_with_mounts(self.mounts, add_tmp_variable=False)
  File "/home/airflow/.local/lib/python3.8/site-packages/airflow/providers/docker/operators/docker.py", line 421, in _run_image_with_mounts
    raise DockerContainerFailedException(f"Docker container failed: {result!r}", logs=log_lines)
airflow.providers.docker.exceptions.DockerContainerFailedException: Docker container failed: {'StatusCode': 1}
[2024-06-27T23:31:11.463+0000] {taskinstance.py:1400} INFO - Marking task as UP_FOR_RETRY. dag_id=kafka_spark_dag, task_id=pyspark_consumer, execution_date=20240627T233045, start_date=20240627T233050, end_date=20240627T233111
[2024-06-27T23:31:11.471+0000] {standard_task_runner.py:104} ERROR - Failed to execute job 166 for task pyspark_consumer (Docker container failed: {'StatusCode': 1}; 897)
[2024-06-27T23:31:11.511+0000] {local_task_job_runner.py:228} INFO - Task exited with return code 1
[2024-06-27T23:31:11.524+0000] {taskinstance.py:2778} INFO - 0 downstream tasks scheduled from follow-on schedule check
