[2024-06-27T16:54:54.750+0000] {taskinstance.py:1159} INFO - Dependencies all met for dep_context=non-requeueable deps ti=<TaskInstance: kafka_spark_dag.pyspark_consumer manual__2024-06-27T16:54:21.340485+00:00 [queued]>
[2024-06-27T16:54:54.754+0000] {taskinstance.py:1159} INFO - Dependencies all met for dep_context=requeueable deps ti=<TaskInstance: kafka_spark_dag.pyspark_consumer manual__2024-06-27T16:54:21.340485+00:00 [queued]>
[2024-06-27T16:54:54.754+0000] {taskinstance.py:1361} INFO - Starting attempt 2 of 2
[2024-06-27T16:54:54.761+0000] {taskinstance.py:1382} INFO - Executing <Task(DockerOperator): pyspark_consumer> on 2024-06-27 16:54:21.340485+00:00
[2024-06-27T16:54:54.765+0000] {standard_task_runner.py:57} INFO - Started process 26610 to run task
[2024-06-27T16:54:54.766+0000] {standard_task_runner.py:84} INFO - Running: ['***', 'tasks', 'run', 'kafka_spark_dag', 'pyspark_consumer', 'manual__2024-06-27T16:54:21.340485+00:00', '--job-id', '132', '--raw', '--subdir', 'DAGS_FOLDER/dag_kafka_spark.py', '--cfg-path', '/tmp/tmpd2ih8hui']
[2024-06-27T16:54:54.768+0000] {standard_task_runner.py:85} INFO - Job 132: Subtask pyspark_consumer
[2024-06-27T16:54:54.792+0000] {task_command.py:416} INFO - Running <TaskInstance: kafka_spark_dag.pyspark_consumer manual__2024-06-27T16:54:21.340485+00:00 [running]> on host cd176cdca805
[2024-06-27T16:54:54.827+0000] {taskinstance.py:1662} INFO - Exporting env vars: AIRFLOW_CTX_DAG_OWNER='***' AIRFLOW_CTX_DAG_ID='kafka_spark_dag' AIRFLOW_CTX_TASK_ID='pyspark_consumer' AIRFLOW_CTX_EXECUTION_DATE='2024-06-27T16:54:21.340485+00:00' AIRFLOW_CTX_TRY_NUMBER='2' AIRFLOW_CTX_DAG_RUN_ID='manual__2024-06-27T16:54:21.340485+00:00'
[2024-06-27T16:54:54.885+0000] {docker.py:343} INFO - Starting docker container from image current-headlines/spark:latest
[2024-06-27T16:54:54.932+0000] {docker.py:351} WARNING - Using remote engine or docker-in-docker and mounting temporary volume from host is not supported. Falling back to `mount_tmp_dir=False` mode. You can set `mount_tmp_dir` parameter to False to disable mounting and remove the warning
[2024-06-27T16:54:55.116+0000] {docker.py:413} INFO - [38;5;6mspark [38;5;5m16:54:55.11 [0m[38;5;2mINFO [0m ==>
[2024-06-27T16:54:55.117+0000] {docker.py:413} INFO - [38;5;6mspark [38;5;5m16:54:55.11 [0m[38;5;2mINFO [0m ==> [1mWelcome to the Bitnami spark container[0m
[2024-06-27T16:54:55.117+0000] {docker.py:413} INFO - [38;5;6mspark [38;5;5m16:54:55.11 [0m[38;5;2mINFO [0m ==> Subscribe to project updates by watching [1mhttps://github.com/bitnami/containers[0m
[2024-06-27T16:54:55.118+0000] {docker.py:413} INFO - [38;5;6mspark [38;5;5m16:54:55.11 [0m[38;5;2mINFO [0m ==> Submit issues and feature requests at [1mhttps://github.com/bitnami/containers/issues[0m
[2024-06-27T16:54:55.119+0000] {docker.py:413} INFO - [38;5;6mspark [38;5;5m16:54:55.11 [0m[38;5;2mINFO [0m ==>
[2024-06-27T16:54:55.123+0000] {docker.py:413} INFO - 
[2024-06-27T16:54:56.008+0000] {docker.py:413} INFO - :: loading settings :: url = jar:file:/opt/bitnami/spark/jars/ivy-2.5.1.jar!/org/apache/ivy/core/settings/ivysettings.xml
[2024-06-27T16:54:56.041+0000] {docker.py:413} INFO - Ivy Default Cache set to: /opt/bitnami/spark/.ivy2/cache
The jars for the packages stored in: /opt/bitnami/spark/.ivy2/jars
[2024-06-27T16:54:56.044+0000] {docker.py:413} INFO - org.postgresql#postgresql added as a dependency
org.apache.spark#spark-sql-kafka-0-10_2.12 added as a dependency
[2024-06-27T16:54:56.044+0000] {docker.py:413} INFO - :: resolving dependencies :: org.apache.spark#spark-submit-parent-6cbefd57-bab4-4121-a06f-fb2a34263ce2;1.0
	confs: [default]
[2024-06-27T16:54:56.464+0000] {docker.py:413} INFO - found org.postgresql#postgresql;42.5.4 in central
[2024-06-27T16:54:56.516+0000] {docker.py:413} INFO - found org.checkerframework#checker-qual;3.5.0 in central
[2024-06-27T16:54:57.217+0000] {docker.py:413} INFO - found org.apache.spark#spark-sql-kafka-0-10_2.12;3.5.0 in central
[2024-06-27T16:54:57.380+0000] {docker.py:413} INFO - found org.apache.spark#spark-token-provider-kafka-0-10_2.12;3.5.0 in central
[2024-06-27T16:54:57.427+0000] {docker.py:413} INFO - found org.apache.kafka#kafka-clients;3.4.1 in central
[2024-06-27T16:54:57.479+0000] {docker.py:413} INFO - found org.lz4#lz4-java;1.8.0 in central
[2024-06-27T16:54:57.540+0000] {docker.py:413} INFO - found org.xerial.snappy#snappy-java;1.1.10.3 in central
[2024-06-27T16:54:57.815+0000] {docker.py:413} INFO - found org.slf4j#slf4j-api;2.0.7 in central
[2024-06-27T16:54:58.207+0000] {docker.py:413} INFO - found org.apache.hadoop#hadoop-client-runtime;3.3.4 in central
[2024-06-27T16:54:58.276+0000] {docker.py:413} INFO - found org.apache.hadoop#hadoop-client-api;3.3.4 in central
[2024-06-27T16:54:58.699+0000] {docker.py:413} INFO - found commons-logging#commons-logging;1.1.3 in central
[2024-06-27T16:54:58.753+0000] {docker.py:413} INFO - found com.google.code.findbugs#jsr305;3.0.0 in central
[2024-06-27T16:54:59.296+0000] {docker.py:413} INFO - found org.apache.commons#commons-pool2;2.11.1 in central
[2024-06-27T16:54:59.324+0000] {docker.py:413} INFO - downloading https://repo1.maven.org/maven2/org/postgresql/postgresql/42.5.4/postgresql-42.5.4.jar ...
[2024-06-27T16:54:59.502+0000] {docker.py:413} INFO - [SUCCESSFUL ] org.postgresql#postgresql;42.5.4!postgresql.jar (200ms)
[2024-06-27T16:54:59.524+0000] {docker.py:413} INFO - downloading https://repo1.maven.org/maven2/org/apache/spark/spark-sql-kafka-0-10_2.12/3.5.0/spark-sql-kafka-0-10_2.12-3.5.0.jar ...
[2024-06-27T16:54:59.611+0000] {docker.py:413} INFO - [SUCCESSFUL ] org.apache.spark#spark-sql-kafka-0-10_2.12;3.5.0!spark-sql-kafka-0-10_2.12.jar (106ms)
[2024-06-27T16:54:59.636+0000] {docker.py:413} INFO - downloading https://repo1.maven.org/maven2/org/checkerframework/checker-qual/3.5.0/checker-qual-3.5.0.jar ...
[2024-06-27T16:54:59.695+0000] {docker.py:413} INFO - [SUCCESSFUL ] org.checkerframework#checker-qual;3.5.0!checker-qual.jar (85ms)
[2024-06-27T16:54:59.718+0000] {docker.py:413} INFO - downloading https://repo1.maven.org/maven2/org/apache/spark/spark-token-provider-kafka-0-10_2.12/3.5.0/spark-token-provider-kafka-0-10_2.12-3.5.0.jar ...
[2024-06-27T16:54:59.753+0000] {docker.py:413} INFO - [SUCCESSFUL ] org.apache.spark#spark-token-provider-kafka-0-10_2.12;3.5.0!spark-token-provider-kafka-0-10_2.12.jar (57ms)
[2024-06-27T16:54:59.786+0000] {docker.py:413} INFO - downloading https://repo1.maven.org/maven2/org/apache/kafka/kafka-clients/3.4.1/kafka-clients-3.4.1.jar ...
[2024-06-27T16:55:00.489+0000] {docker.py:413} INFO - [SUCCESSFUL ] org.apache.kafka#kafka-clients;3.4.1!kafka-clients.jar (736ms)
[2024-06-27T16:55:00.513+0000] {docker.py:413} INFO - downloading https://repo1.maven.org/maven2/com/google/code/findbugs/jsr305/3.0.0/jsr305-3.0.0.jar ...
[2024-06-27T16:55:00.550+0000] {docker.py:413} INFO - [SUCCESSFUL ] com.google.code.findbugs#jsr305;3.0.0!jsr305.jar (60ms)
[2024-06-27T16:55:00.573+0000] {docker.py:413} INFO - downloading https://repo1.maven.org/maven2/org/apache/commons/commons-pool2/2.11.1/commons-pool2-2.11.1.jar ...
[2024-06-27T16:55:00.621+0000] {docker.py:413} INFO - [SUCCESSFUL ] org.apache.commons#commons-pool2;2.11.1!commons-pool2.jar (70ms)
[2024-06-27T16:55:00.644+0000] {docker.py:413} INFO - downloading https://repo1.maven.org/maven2/org/apache/hadoop/hadoop-client-runtime/3.3.4/hadoop-client-runtime-3.3.4.jar ...
[2024-06-27T16:55:05.501+0000] {docker.py:413} INFO - [SUCCESSFUL ] org.apache.hadoop#hadoop-client-runtime;3.3.4!hadoop-client-runtime.jar (4878ms)
[2024-06-27T16:55:05.523+0000] {docker.py:413} INFO - downloading https://repo1.maven.org/maven2/org/lz4/lz4-java/1.8.0/lz4-java-1.8.0.jar ...
[2024-06-27T16:55:05.639+0000] {docker.py:413} INFO - [SUCCESSFUL ] org.lz4#lz4-java;1.8.0!lz4-java.jar (138ms)
[2024-06-27T16:55:05.667+0000] {docker.py:413} INFO - downloading https://repo1.maven.org/maven2/org/xerial/snappy/snappy-java/1.1.10.3/snappy-java-1.1.10.3.jar ...
[2024-06-27T16:55:05.971+0000] {docker.py:413} INFO - [SUCCESSFUL ] org.xerial.snappy#snappy-java;1.1.10.3!snappy-java.jar(bundle) (330ms)
[2024-06-27T16:55:05.990+0000] {docker.py:413} INFO - downloading https://repo1.maven.org/maven2/org/slf4j/slf4j-api/2.0.7/slf4j-api-2.0.7.jar ...
[2024-06-27T16:55:06.021+0000] {docker.py:413} INFO - [SUCCESSFUL ] org.slf4j#slf4j-api;2.0.7!slf4j-api.jar (49ms)
[2024-06-27T16:55:06.054+0000] {docker.py:413} INFO - downloading https://repo1.maven.org/maven2/org/apache/hadoop/hadoop-client-api/3.3.4/hadoop-client-api-3.3.4.jar ...
[2024-06-27T16:55:08.906+0000] {docker.py:413} INFO - [SUCCESSFUL ] org.apache.hadoop#hadoop-client-api;3.3.4!hadoop-client-api.jar (2885ms)
[2024-06-27T16:55:08.929+0000] {docker.py:413} INFO - downloading https://repo1.maven.org/maven2/commons-logging/commons-logging/1.1.3/commons-logging-1.1.3.jar ...
[2024-06-27T16:55:08.967+0000] {docker.py:413} INFO - [SUCCESSFUL ] commons-logging#commons-logging;1.1.3!commons-logging.jar (60ms)
[2024-06-27T16:55:08.968+0000] {docker.py:413} INFO - :: resolution report :: resolve 3256ms :: artifacts dl 9666ms
	:: modules in use:
[2024-06-27T16:55:08.968+0000] {docker.py:413} INFO - com.google.code.findbugs#jsr305;3.0.0 from central in [default]
[2024-06-27T16:55:08.968+0000] {docker.py:413} INFO - commons-logging#commons-logging;1.1.3 from central in [default]
	org.apache.commons#commons-pool2;2.11.1 from central in [default]
	org.apache.hadoop#hadoop-client-api;3.3.4 from central in [default]
	org.apache.hadoop#hadoop-client-runtime;3.3.4 from central in [default]
[2024-06-27T16:55:08.969+0000] {docker.py:413} INFO - org.apache.kafka#kafka-clients;3.4.1 from central in [default]
	org.apache.spark#spark-sql-kafka-0-10_2.12;3.5.0 from central in [default]
	org.apache.spark#spark-token-provider-kafka-0-10_2.12;3.5.0 from central in [default]
[2024-06-27T16:55:08.969+0000] {docker.py:413} INFO - org.checkerframework#checker-qual;3.5.0 from central in [default]
[2024-06-27T16:55:08.969+0000] {docker.py:413} INFO - org.lz4#lz4-java;1.8.0 from central in [default]
	org.postgresql#postgresql;42.5.4 from central in [default]
	org.slf4j#slf4j-api;2.0.7 from central in [default]
[2024-06-27T16:55:08.970+0000] {docker.py:413} INFO - org.xerial.snappy#snappy-java;1.1.10.3 from central in [default]
[2024-06-27T16:55:08.970+0000] {docker.py:413} INFO - ---------------------------------------------------------------------
	|                  |            modules            ||   artifacts   |
	|       conf       | number| search|dwnlded|evicted|| number|dwnlded|
	---------------------------------------------------------------------
[2024-06-27T16:55:08.971+0000] {docker.py:413} INFO - |      default     |   13  |   13  |   13  |   0   ||   13  |   13  |
	---------------------------------------------------------------------
[2024-06-27T16:55:08.972+0000] {docker.py:413} INFO - :: retrieving :: org.apache.spark#spark-submit-parent-6cbefd57-bab4-4121-a06f-fb2a34263ce2
	confs: [default]
[2024-06-27T16:55:09.007+0000] {docker.py:413} INFO - 13 artifacts copied, 0 already retrieved (58001kB/35ms)
[2024-06-27T16:55:09.109+0000] {docker.py:413} INFO - 24/06/27 16:55:09 WARN NativeCodeLoader: Unable to load native-hadoop library for your platform... using builtin-java classes where applicable
[2024-06-27T16:55:09.680+0000] {docker.py:413} INFO - 24/06/27 16:55:09 INFO SparkContext: Running Spark version 3.5.0
[2024-06-27T16:55:09.680+0000] {docker.py:413} INFO - 24/06/27 16:55:09 INFO SparkContext: OS info Linux, 6.6.12-linuxkit, aarch64
[2024-06-27T16:55:09.681+0000] {docker.py:413} INFO - 24/06/27 16:55:09 INFO SparkContext: Java version 17.0.10
[2024-06-27T16:55:09.691+0000] {docker.py:413} INFO - 24/06/27 16:55:09 INFO ResourceUtils: ==============================================================
[2024-06-27T16:55:09.691+0000] {docker.py:413} INFO - 24/06/27 16:55:09 INFO ResourceUtils: No custom resources configured for spark.driver.
[2024-06-27T16:55:09.692+0000] {docker.py:413} INFO - 24/06/27 16:55:09 INFO ResourceUtils: ==============================================================
[2024-06-27T16:55:09.692+0000] {docker.py:413} INFO - 24/06/27 16:55:09 INFO SparkContext: Submitted application: PostgreSQL Connection with PySpark
[2024-06-27T16:55:09.702+0000] {docker.py:413} INFO - 24/06/27 16:55:09 INFO ResourceProfile: Default ResourceProfile created, executor resources: Map(cores -> name: cores, amount: 1, script: , vendor: , memory -> name: memory, amount: 1024, script: , vendor: , offHeap -> name: offHeap, amount: 0, script: , vendor: ), task resources: Map(cpus -> name: cpus, amount: 1.0)
[2024-06-27T16:55:09.706+0000] {docker.py:413} INFO - 24/06/27 16:55:09 INFO ResourceProfile: Limiting resource is cpu
[2024-06-27T16:55:09.706+0000] {docker.py:413} INFO - 24/06/27 16:55:09 INFO ResourceProfileManager: Added ResourceProfile id: 0
[2024-06-27T16:55:09.737+0000] {docker.py:413} INFO - 24/06/27 16:55:09 INFO SecurityManager: Changing view acls to: spark
[2024-06-27T16:55:09.737+0000] {docker.py:413} INFO - 24/06/27 16:55:09 INFO SecurityManager: Changing modify acls to: spark
[2024-06-27T16:55:09.738+0000] {docker.py:413} INFO - 24/06/27 16:55:09 INFO SecurityManager: Changing view acls groups to:
[2024-06-27T16:55:09.738+0000] {docker.py:413} INFO - 24/06/27 16:55:09 INFO SecurityManager: Changing modify acls groups to:
[2024-06-27T16:55:09.739+0000] {docker.py:413} INFO - 24/06/27 16:55:09 INFO SecurityManager: SecurityManager: authentication disabled; ui acls disabled; users with view permissions: spark; groups with view permissions: EMPTY; users with modify permissions: spark; groups with modify permissions: EMPTY
[2024-06-27T16:55:09.841+0000] {docker.py:413} INFO - 24/06/27 16:55:09 INFO Utils: Successfully started service 'sparkDriver' on port 35373.
[2024-06-27T16:55:09.853+0000] {docker.py:413} INFO - 24/06/27 16:55:09 INFO SparkEnv: Registering MapOutputTracker
[2024-06-27T16:55:09.871+0000] {docker.py:413} INFO - 24/06/27 16:55:09 INFO SparkEnv: Registering BlockManagerMaster
[2024-06-27T16:55:09.881+0000] {docker.py:413} INFO - 24/06/27 16:55:09 INFO BlockManagerMasterEndpoint: Using org.apache.spark.storage.DefaultTopologyMapper for getting topology information
[2024-06-27T16:55:09.881+0000] {docker.py:413} INFO - 24/06/27 16:55:09 INFO BlockManagerMasterEndpoint: BlockManagerMasterEndpoint up
[2024-06-27T16:55:09.883+0000] {docker.py:413} INFO - 24/06/27 16:55:09 INFO SparkEnv: Registering BlockManagerMasterHeartbeat
[2024-06-27T16:55:09.895+0000] {docker.py:413} INFO - 24/06/27 16:55:09 INFO DiskBlockManager: Created local directory at /tmp/blockmgr-cda2a26d-36b3-4edf-826d-28444ac3f60f
[2024-06-27T16:55:09.902+0000] {docker.py:413} INFO - 24/06/27 16:55:09 INFO MemoryStore: MemoryStore started with capacity 434.4 MiB
[2024-06-27T16:55:09.909+0000] {docker.py:413} INFO - 24/06/27 16:55:09 INFO SparkEnv: Registering OutputCommitCoordinator
[2024-06-27T16:55:09.971+0000] {docker.py:413} INFO - 24/06/27 16:55:09 INFO JettyUtils: Start Jetty 0.0.0.0:4040 for SparkUI
[2024-06-27T16:55:10.001+0000] {docker.py:413} INFO - 24/06/27 16:55:10 INFO Utils: Successfully started service 'SparkUI' on port 4040.
[2024-06-27T16:55:10.020+0000] {docker.py:413} INFO - 24/06/27 16:55:10 INFO SparkContext: Added JAR file:///opt/bitnami/spark/.ivy2/jars/org.postgresql_postgresql-42.5.4.jar at spark://localhost:35373/jars/org.postgresql_postgresql-42.5.4.jar with timestamp 1719507309676
[2024-06-27T16:55:10.020+0000] {docker.py:413} INFO - 24/06/27 16:55:10 INFO SparkContext: Added JAR file:///opt/bitnami/spark/.ivy2/jars/org.apache.spark_spark-sql-kafka-0-10_2.12-3.5.0.jar at spark://localhost:35373/jars/org.apache.spark_spark-sql-kafka-0-10_2.12-3.5.0.jar with timestamp 1719507309676
[2024-06-27T16:55:10.020+0000] {docker.py:413} INFO - 24/06/27 16:55:10 INFO SparkContext: Added JAR file:///opt/bitnami/spark/.ivy2/jars/org.checkerframework_checker-qual-3.5.0.jar at spark://localhost:35373/jars/org.checkerframework_checker-qual-3.5.0.jar with timestamp 1719507309676
[2024-06-27T16:55:10.020+0000] {docker.py:413} INFO - 24/06/27 16:55:10 INFO SparkContext: Added JAR file:///opt/bitnami/spark/.ivy2/jars/org.apache.spark_spark-token-provider-kafka-0-10_2.12-3.5.0.jar at spark://localhost:35373/jars/org.apache.spark_spark-token-provider-kafka-0-10_2.12-3.5.0.jar with timestamp 1719507309676
[2024-06-27T16:55:10.021+0000] {docker.py:413} INFO - 24/06/27 16:55:10 INFO SparkContext: Added JAR file:///opt/bitnami/spark/.ivy2/jars/org.apache.kafka_kafka-clients-3.4.1.jar at spark://localhost:35373/jars/org.apache.kafka_kafka-clients-3.4.1.jar with timestamp 1719507309676
[2024-06-27T16:55:10.021+0000] {docker.py:413} INFO - 24/06/27 16:55:10 INFO SparkContext: Added JAR file:///opt/bitnami/spark/.ivy2/jars/com.google.code.findbugs_jsr305-3.0.0.jar at spark://localhost:35373/jars/com.google.code.findbugs_jsr305-3.0.0.jar with timestamp 1719507309676
[2024-06-27T16:55:10.021+0000] {docker.py:413} INFO - 24/06/27 16:55:10 INFO SparkContext: Added JAR file:///opt/bitnami/spark/.ivy2/jars/org.apache.commons_commons-pool2-2.11.1.jar at spark://localhost:35373/jars/org.apache.commons_commons-pool2-2.11.1.jar with timestamp 1719507309676
[2024-06-27T16:55:10.022+0000] {docker.py:413} INFO - 24/06/27 16:55:10 INFO SparkContext: Added JAR file:///opt/bitnami/spark/.ivy2/jars/org.apache.hadoop_hadoop-client-runtime-3.3.4.jar at spark://localhost:35373/jars/org.apache.hadoop_hadoop-client-runtime-3.3.4.jar with timestamp 1719507309676
[2024-06-27T16:55:10.022+0000] {docker.py:413} INFO - 24/06/27 16:55:10 INFO SparkContext: Added JAR file:///opt/bitnami/spark/.ivy2/jars/org.lz4_lz4-java-1.8.0.jar at spark://localhost:35373/jars/org.lz4_lz4-java-1.8.0.jar with timestamp 1719507309676
[2024-06-27T16:55:10.022+0000] {docker.py:413} INFO - 24/06/27 16:55:10 INFO SparkContext: Added JAR file:///opt/bitnami/spark/.ivy2/jars/org.xerial.snappy_snappy-java-1.1.10.3.jar at spark://localhost:35373/jars/org.xerial.snappy_snappy-java-1.1.10.3.jar with timestamp 1719507309676
[2024-06-27T16:55:10.022+0000] {docker.py:413} INFO - 24/06/27 16:55:10 INFO SparkContext: Added JAR file:///opt/bitnami/spark/.ivy2/jars/org.slf4j_slf4j-api-2.0.7.jar at spark://localhost:35373/jars/org.slf4j_slf4j-api-2.0.7.jar with timestamp 1719507309676
[2024-06-27T16:55:10.023+0000] {docker.py:413} INFO - 24/06/27 16:55:10 INFO SparkContext: Added JAR file:///opt/bitnami/spark/.ivy2/jars/org.apache.hadoop_hadoop-client-api-3.3.4.jar at spark://localhost:35373/jars/org.apache.hadoop_hadoop-client-api-3.3.4.jar with timestamp 1719507309676
[2024-06-27T16:55:10.023+0000] {docker.py:413} INFO - 24/06/27 16:55:10 INFO SparkContext: Added JAR file:///opt/bitnami/spark/.ivy2/jars/commons-logging_commons-logging-1.1.3.jar at spark://localhost:35373/jars/commons-logging_commons-logging-1.1.3.jar with timestamp 1719507309676
[2024-06-27T16:55:10.023+0000] {docker.py:413} INFO - 24/06/27 16:55:10 INFO SparkContext: Added file file:///opt/bitnami/spark/.ivy2/jars/org.postgresql_postgresql-42.5.4.jar at file:///opt/bitnami/spark/.ivy2/jars/org.postgresql_postgresql-42.5.4.jar with timestamp 1719507309676
[2024-06-27T16:55:10.023+0000] {docker.py:413} INFO - 24/06/27 16:55:10 INFO Utils: Copying /opt/bitnami/spark/.ivy2/jars/org.postgresql_postgresql-42.5.4.jar to /tmp/spark-1e909c7f-98e2-4acd-b999-b9f7956eae26/userFiles-20e44a70-7d6c-4bc6-b7bb-369d76a8dbb7/org.postgresql_postgresql-42.5.4.jar
[2024-06-27T16:55:10.027+0000] {docker.py:413} INFO - 24/06/27 16:55:10 INFO SparkContext: Added file file:///opt/bitnami/spark/.ivy2/jars/org.apache.spark_spark-sql-kafka-0-10_2.12-3.5.0.jar at file:///opt/bitnami/spark/.ivy2/jars/org.apache.spark_spark-sql-kafka-0-10_2.12-3.5.0.jar with timestamp 1719507309676
[2024-06-27T16:55:10.028+0000] {docker.py:413} INFO - 24/06/27 16:55:10 INFO Utils: Copying /opt/bitnami/spark/.ivy2/jars/org.apache.spark_spark-sql-kafka-0-10_2.12-3.5.0.jar to /tmp/spark-1e909c7f-98e2-4acd-b999-b9f7956eae26/userFiles-20e44a70-7d6c-4bc6-b7bb-369d76a8dbb7/org.apache.spark_spark-sql-kafka-0-10_2.12-3.5.0.jar
[2024-06-27T16:55:10.029+0000] {docker.py:413} INFO - 24/06/27 16:55:10 INFO SparkContext: Added file file:///opt/bitnami/spark/.ivy2/jars/org.checkerframework_checker-qual-3.5.0.jar at file:///opt/bitnami/spark/.ivy2/jars/org.checkerframework_checker-qual-3.5.0.jar with timestamp 1719507309676
[2024-06-27T16:55:10.030+0000] {docker.py:413} INFO - 24/06/27 16:55:10 INFO Utils: Copying /opt/bitnami/spark/.ivy2/jars/org.checkerframework_checker-qual-3.5.0.jar to /tmp/spark-1e909c7f-98e2-4acd-b999-b9f7956eae26/userFiles-20e44a70-7d6c-4bc6-b7bb-369d76a8dbb7/org.checkerframework_checker-qual-3.5.0.jar
[2024-06-27T16:55:10.031+0000] {docker.py:413} INFO - 24/06/27 16:55:10 INFO SparkContext: Added file file:///opt/bitnami/spark/.ivy2/jars/org.apache.spark_spark-token-provider-kafka-0-10_2.12-3.5.0.jar at file:///opt/bitnami/spark/.ivy2/jars/org.apache.spark_spark-token-provider-kafka-0-10_2.12-3.5.0.jar with timestamp 1719507309676
[2024-06-27T16:55:10.031+0000] {docker.py:413} INFO - 24/06/27 16:55:10 INFO Utils: Copying /opt/bitnami/spark/.ivy2/jars/org.apache.spark_spark-token-provider-kafka-0-10_2.12-3.5.0.jar to /tmp/spark-1e909c7f-98e2-4acd-b999-b9f7956eae26/userFiles-20e44a70-7d6c-4bc6-b7bb-369d76a8dbb7/org.apache.spark_spark-token-provider-kafka-0-10_2.12-3.5.0.jar
[2024-06-27T16:55:10.033+0000] {docker.py:413} INFO - 24/06/27 16:55:10 INFO SparkContext: Added file file:///opt/bitnami/spark/.ivy2/jars/org.apache.kafka_kafka-clients-3.4.1.jar at file:///opt/bitnami/spark/.ivy2/jars/org.apache.kafka_kafka-clients-3.4.1.jar with timestamp 1719507309676
[2024-06-27T16:55:10.033+0000] {docker.py:413} INFO - 24/06/27 16:55:10 INFO Utils: Copying /opt/bitnami/spark/.ivy2/jars/org.apache.kafka_kafka-clients-3.4.1.jar to /tmp/spark-1e909c7f-98e2-4acd-b999-b9f7956eae26/userFiles-20e44a70-7d6c-4bc6-b7bb-369d76a8dbb7/org.apache.kafka_kafka-clients-3.4.1.jar
[2024-06-27T16:55:10.035+0000] {docker.py:413} INFO - 24/06/27 16:55:10 INFO SparkContext: Added file file:///opt/bitnami/spark/.ivy2/jars/com.google.code.findbugs_jsr305-3.0.0.jar at file:///opt/bitnami/spark/.ivy2/jars/com.google.code.findbugs_jsr305-3.0.0.jar with timestamp 1719507309676
[2024-06-27T16:55:10.036+0000] {docker.py:413} INFO - 24/06/27 16:55:10 INFO Utils: Copying /opt/bitnami/spark/.ivy2/jars/com.google.code.findbugs_jsr305-3.0.0.jar to /tmp/spark-1e909c7f-98e2-4acd-b999-b9f7956eae26/userFiles-20e44a70-7d6c-4bc6-b7bb-369d76a8dbb7/com.google.code.findbugs_jsr305-3.0.0.jar
[2024-06-27T16:55:10.037+0000] {docker.py:413} INFO - 24/06/27 16:55:10 INFO SparkContext: Added file file:///opt/bitnami/spark/.ivy2/jars/org.apache.commons_commons-pool2-2.11.1.jar at file:///opt/bitnami/spark/.ivy2/jars/org.apache.commons_commons-pool2-2.11.1.jar with timestamp 1719507309676
[2024-06-27T16:55:10.037+0000] {docker.py:413} INFO - 24/06/27 16:55:10 INFO Utils: Copying /opt/bitnami/spark/.ivy2/jars/org.apache.commons_commons-pool2-2.11.1.jar to /tmp/spark-1e909c7f-98e2-4acd-b999-b9f7956eae26/userFiles-20e44a70-7d6c-4bc6-b7bb-369d76a8dbb7/org.apache.commons_commons-pool2-2.11.1.jar
[2024-06-27T16:55:10.038+0000] {docker.py:413} INFO - 24/06/27 16:55:10 INFO SparkContext: Added file file:///opt/bitnami/spark/.ivy2/jars/org.apache.hadoop_hadoop-client-runtime-3.3.4.jar at file:///opt/bitnami/spark/.ivy2/jars/org.apache.hadoop_hadoop-client-runtime-3.3.4.jar with timestamp 1719507309676
[2024-06-27T16:55:10.039+0000] {docker.py:413} INFO - 24/06/27 16:55:10 INFO Utils: Copying /opt/bitnami/spark/.ivy2/jars/org.apache.hadoop_hadoop-client-runtime-3.3.4.jar to /tmp/spark-1e909c7f-98e2-4acd-b999-b9f7956eae26/userFiles-20e44a70-7d6c-4bc6-b7bb-369d76a8dbb7/org.apache.hadoop_hadoop-client-runtime-3.3.4.jar
[2024-06-27T16:55:10.046+0000] {docker.py:413} INFO - 24/06/27 16:55:10 INFO SparkContext: Added file file:///opt/bitnami/spark/.ivy2/jars/org.lz4_lz4-java-1.8.0.jar at file:///opt/bitnami/spark/.ivy2/jars/org.lz4_lz4-java-1.8.0.jar with timestamp 1719507309676
24/06/27 16:55:10 INFO Utils: Copying /opt/bitnami/spark/.ivy2/jars/org.lz4_lz4-java-1.8.0.jar to /tmp/spark-1e909c7f-98e2-4acd-b999-b9f7956eae26/userFiles-20e44a70-7d6c-4bc6-b7bb-369d76a8dbb7/org.lz4_lz4-java-1.8.0.jar
[2024-06-27T16:55:10.048+0000] {docker.py:413} INFO - 24/06/27 16:55:10 INFO SparkContext: Added file file:///opt/bitnami/spark/.ivy2/jars/org.xerial.snappy_snappy-java-1.1.10.3.jar at file:///opt/bitnami/spark/.ivy2/jars/org.xerial.snappy_snappy-java-1.1.10.3.jar with timestamp 1719507309676
[2024-06-27T16:55:10.048+0000] {docker.py:413} INFO - 24/06/27 16:55:10 INFO Utils: Copying /opt/bitnami/spark/.ivy2/jars/org.xerial.snappy_snappy-java-1.1.10.3.jar to /tmp/spark-1e909c7f-98e2-4acd-b999-b9f7956eae26/userFiles-20e44a70-7d6c-4bc6-b7bb-369d76a8dbb7/org.xerial.snappy_snappy-java-1.1.10.3.jar
[2024-06-27T16:55:10.050+0000] {docker.py:413} INFO - 24/06/27 16:55:10 INFO SparkContext: Added file file:///opt/bitnami/spark/.ivy2/jars/org.slf4j_slf4j-api-2.0.7.jar at file:///opt/bitnami/spark/.ivy2/jars/org.slf4j_slf4j-api-2.0.7.jar with timestamp 1719507309676
[2024-06-27T16:55:10.050+0000] {docker.py:413} INFO - 24/06/27 16:55:10 INFO Utils: Copying /opt/bitnami/spark/.ivy2/jars/org.slf4j_slf4j-api-2.0.7.jar to /tmp/spark-1e909c7f-98e2-4acd-b999-b9f7956eae26/userFiles-20e44a70-7d6c-4bc6-b7bb-369d76a8dbb7/org.slf4j_slf4j-api-2.0.7.jar
[2024-06-27T16:55:10.052+0000] {docker.py:413} INFO - 24/06/27 16:55:10 INFO SparkContext: Added file file:///opt/bitnami/spark/.ivy2/jars/org.apache.hadoop_hadoop-client-api-3.3.4.jar at file:///opt/bitnami/spark/.ivy2/jars/org.apache.hadoop_hadoop-client-api-3.3.4.jar with timestamp 1719507309676
[2024-06-27T16:55:10.052+0000] {docker.py:413} INFO - 24/06/27 16:55:10 INFO Utils: Copying /opt/bitnami/spark/.ivy2/jars/org.apache.hadoop_hadoop-client-api-3.3.4.jar to /tmp/spark-1e909c7f-98e2-4acd-b999-b9f7956eae26/userFiles-20e44a70-7d6c-4bc6-b7bb-369d76a8dbb7/org.apache.hadoop_hadoop-client-api-3.3.4.jar
[2024-06-27T16:55:10.057+0000] {docker.py:413} INFO - 24/06/27 16:55:10 INFO SparkContext: Added file file:///opt/bitnami/spark/.ivy2/jars/commons-logging_commons-logging-1.1.3.jar at file:///opt/bitnami/spark/.ivy2/jars/commons-logging_commons-logging-1.1.3.jar with timestamp 1719507309676
[2024-06-27T16:55:10.057+0000] {docker.py:413} INFO - 24/06/27 16:55:10 INFO Utils: Copying /opt/bitnami/spark/.ivy2/jars/commons-logging_commons-logging-1.1.3.jar to /tmp/spark-1e909c7f-98e2-4acd-b999-b9f7956eae26/userFiles-20e44a70-7d6c-4bc6-b7bb-369d76a8dbb7/commons-logging_commons-logging-1.1.3.jar
[2024-06-27T16:55:10.086+0000] {docker.py:413} INFO - 24/06/27 16:55:10 INFO Executor: Starting executor ID driver on host localhost
[2024-06-27T16:55:10.086+0000] {docker.py:413} INFO - 24/06/27 16:55:10 INFO Executor: OS info Linux, 6.6.12-linuxkit, aarch64
[2024-06-27T16:55:10.087+0000] {docker.py:413} INFO - 24/06/27 16:55:10 INFO Executor: Java version 17.0.10
[2024-06-27T16:55:10.089+0000] {docker.py:413} INFO - 24/06/27 16:55:10 INFO Executor: Starting executor with user classpath (userClassPathFirst = false): ''
[2024-06-27T16:55:10.089+0000] {docker.py:413} INFO - 24/06/27 16:55:10 INFO Executor: Created or updated repl class loader org.apache.spark.util.MutableURLClassLoader@17c27a4b for default.
[2024-06-27T16:55:10.095+0000] {docker.py:413} INFO - 24/06/27 16:55:10 INFO Executor: Fetching file:///opt/bitnami/spark/.ivy2/jars/org.apache.spark_spark-token-provider-kafka-0-10_2.12-3.5.0.jar with timestamp 1719507309676
[2024-06-27T16:55:10.102+0000] {docker.py:413} INFO - 24/06/27 16:55:10 INFO Utils: /opt/bitnami/spark/.ivy2/jars/org.apache.spark_spark-token-provider-kafka-0-10_2.12-3.5.0.jar has been previously copied to /tmp/spark-1e909c7f-98e2-4acd-b999-b9f7956eae26/userFiles-20e44a70-7d6c-4bc6-b7bb-369d76a8dbb7/org.apache.spark_spark-token-provider-kafka-0-10_2.12-3.5.0.jar
[2024-06-27T16:55:10.107+0000] {docker.py:413} INFO - 24/06/27 16:55:10 INFO Executor: Fetching file:///opt/bitnami/spark/.ivy2/jars/org.apache.hadoop_hadoop-client-runtime-3.3.4.jar with timestamp 1719507309676
[2024-06-27T16:55:10.120+0000] {docker.py:413} INFO - 24/06/27 16:55:10 INFO Utils: /opt/bitnami/spark/.ivy2/jars/org.apache.hadoop_hadoop-client-runtime-3.3.4.jar has been previously copied to /tmp/spark-1e909c7f-98e2-4acd-b999-b9f7956eae26/userFiles-20e44a70-7d6c-4bc6-b7bb-369d76a8dbb7/org.apache.hadoop_hadoop-client-runtime-3.3.4.jar
[2024-06-27T16:55:10.121+0000] {docker.py:413} INFO - 24/06/27 16:55:10 INFO Executor: Fetching file:///opt/bitnami/spark/.ivy2/jars/org.apache.commons_commons-pool2-2.11.1.jar with timestamp 1719507309676
[2024-06-27T16:55:10.122+0000] {docker.py:413} INFO - 24/06/27 16:55:10 INFO Utils: /opt/bitnami/spark/.ivy2/jars/org.apache.commons_commons-pool2-2.11.1.jar has been previously copied to /tmp/spark-1e909c7f-98e2-4acd-b999-b9f7956eae26/userFiles-20e44a70-7d6c-4bc6-b7bb-369d76a8dbb7/org.apache.commons_commons-pool2-2.11.1.jar
[2024-06-27T16:55:10.123+0000] {docker.py:413} INFO - 24/06/27 16:55:10 INFO Executor: Fetching file:///opt/bitnami/spark/.ivy2/jars/org.postgresql_postgresql-42.5.4.jar with timestamp 1719507309676
[2024-06-27T16:55:10.123+0000] {docker.py:413} INFO - 24/06/27 16:55:10 INFO Utils: /opt/bitnami/spark/.ivy2/jars/org.postgresql_postgresql-42.5.4.jar has been previously copied to /tmp/spark-1e909c7f-98e2-4acd-b999-b9f7956eae26/userFiles-20e44a70-7d6c-4bc6-b7bb-369d76a8dbb7/org.postgresql_postgresql-42.5.4.jar
[2024-06-27T16:55:10.124+0000] {docker.py:413} INFO - 24/06/27 16:55:10 INFO Executor: Fetching file:///opt/bitnami/spark/.ivy2/jars/org.slf4j_slf4j-api-2.0.7.jar with timestamp 1719507309676
[2024-06-27T16:55:10.125+0000] {docker.py:413} INFO - 24/06/27 16:55:10 INFO Utils: /opt/bitnami/spark/.ivy2/jars/org.slf4j_slf4j-api-2.0.7.jar has been previously copied to /tmp/spark-1e909c7f-98e2-4acd-b999-b9f7956eae26/userFiles-20e44a70-7d6c-4bc6-b7bb-369d76a8dbb7/org.slf4j_slf4j-api-2.0.7.jar
[2024-06-27T16:55:10.126+0000] {docker.py:413} INFO - 24/06/27 16:55:10 INFO Executor: Fetching file:///opt/bitnami/spark/.ivy2/jars/org.apache.kafka_kafka-clients-3.4.1.jar with timestamp 1719507309676
[2024-06-27T16:55:10.128+0000] {docker.py:413} INFO - 24/06/27 16:55:10 INFO Utils: /opt/bitnami/spark/.ivy2/jars/org.apache.kafka_kafka-clients-3.4.1.jar has been previously copied to /tmp/spark-1e909c7f-98e2-4acd-b999-b9f7956eae26/userFiles-20e44a70-7d6c-4bc6-b7bb-369d76a8dbb7/org.apache.kafka_kafka-clients-3.4.1.jar
[2024-06-27T16:55:10.129+0000] {docker.py:413} INFO - 24/06/27 16:55:10 INFO Executor: Fetching file:///opt/bitnami/spark/.ivy2/jars/com.google.code.findbugs_jsr305-3.0.0.jar with timestamp 1719507309676
[2024-06-27T16:55:10.129+0000] {docker.py:413} INFO - 24/06/27 16:55:10 INFO Utils: /opt/bitnami/spark/.ivy2/jars/com.google.code.findbugs_jsr305-3.0.0.jar has been previously copied to /tmp/spark-1e909c7f-98e2-4acd-b999-b9f7956eae26/userFiles-20e44a70-7d6c-4bc6-b7bb-369d76a8dbb7/com.google.code.findbugs_jsr305-3.0.0.jar
[2024-06-27T16:55:10.131+0000] {docker.py:413} INFO - 24/06/27 16:55:10 INFO Executor: Fetching file:///opt/bitnami/spark/.ivy2/jars/org.lz4_lz4-java-1.8.0.jar with timestamp 1719507309676
[2024-06-27T16:55:10.132+0000] {docker.py:413} INFO - 24/06/27 16:55:10 INFO Utils: /opt/bitnami/spark/.ivy2/jars/org.lz4_lz4-java-1.8.0.jar has been previously copied to /tmp/spark-1e909c7f-98e2-4acd-b999-b9f7956eae26/userFiles-20e44a70-7d6c-4bc6-b7bb-369d76a8dbb7/org.lz4_lz4-java-1.8.0.jar
[2024-06-27T16:55:10.132+0000] {docker.py:413} INFO - 24/06/27 16:55:10 INFO Executor: Fetching file:///opt/bitnami/spark/.ivy2/jars/org.apache.spark_spark-sql-kafka-0-10_2.12-3.5.0.jar with timestamp 1719507309676
[2024-06-27T16:55:10.133+0000] {docker.py:413} INFO - 24/06/27 16:55:10 INFO Utils: /opt/bitnami/spark/.ivy2/jars/org.apache.spark_spark-sql-kafka-0-10_2.12-3.5.0.jar has been previously copied to /tmp/spark-1e909c7f-98e2-4acd-b999-b9f7956eae26/userFiles-20e44a70-7d6c-4bc6-b7bb-369d76a8dbb7/org.apache.spark_spark-sql-kafka-0-10_2.12-3.5.0.jar
[2024-06-27T16:55:10.134+0000] {docker.py:413} INFO - 24/06/27 16:55:10 INFO Executor: Fetching file:///opt/bitnami/spark/.ivy2/jars/org.apache.hadoop_hadoop-client-api-3.3.4.jar with timestamp 1719507309676
[2024-06-27T16:55:10.140+0000] {docker.py:413} INFO - 24/06/27 16:55:10 INFO Utils: /opt/bitnami/spark/.ivy2/jars/org.apache.hadoop_hadoop-client-api-3.3.4.jar has been previously copied to /tmp/spark-1e909c7f-98e2-4acd-b999-b9f7956eae26/userFiles-20e44a70-7d6c-4bc6-b7bb-369d76a8dbb7/org.apache.hadoop_hadoop-client-api-3.3.4.jar
[2024-06-27T16:55:10.142+0000] {docker.py:413} INFO - 24/06/27 16:55:10 INFO Executor: Fetching file:///opt/bitnami/spark/.ivy2/jars/commons-logging_commons-logging-1.1.3.jar with timestamp 1719507309676
[2024-06-27T16:55:10.143+0000] {docker.py:413} INFO - 24/06/27 16:55:10 INFO Utils: /opt/bitnami/spark/.ivy2/jars/commons-logging_commons-logging-1.1.3.jar has been previously copied to /tmp/spark-1e909c7f-98e2-4acd-b999-b9f7956eae26/userFiles-20e44a70-7d6c-4bc6-b7bb-369d76a8dbb7/commons-logging_commons-logging-1.1.3.jar
[2024-06-27T16:55:10.143+0000] {docker.py:413} INFO - 24/06/27 16:55:10 INFO Executor: Fetching file:///opt/bitnami/spark/.ivy2/jars/org.checkerframework_checker-qual-3.5.0.jar with timestamp 1719507309676
[2024-06-27T16:55:10.143+0000] {docker.py:413} INFO - 24/06/27 16:55:10 INFO Utils: /opt/bitnami/spark/.ivy2/jars/org.checkerframework_checker-qual-3.5.0.jar has been previously copied to /tmp/spark-1e909c7f-98e2-4acd-b999-b9f7956eae26/userFiles-20e44a70-7d6c-4bc6-b7bb-369d76a8dbb7/org.checkerframework_checker-qual-3.5.0.jar
[2024-06-27T16:55:10.144+0000] {docker.py:413} INFO - 24/06/27 16:55:10 INFO Executor: Fetching file:///opt/bitnami/spark/.ivy2/jars/org.xerial.snappy_snappy-java-1.1.10.3.jar with timestamp 1719507309676
[2024-06-27T16:55:10.145+0000] {docker.py:413} INFO - 24/06/27 16:55:10 INFO Utils: /opt/bitnami/spark/.ivy2/jars/org.xerial.snappy_snappy-java-1.1.10.3.jar has been previously copied to /tmp/spark-1e909c7f-98e2-4acd-b999-b9f7956eae26/userFiles-20e44a70-7d6c-4bc6-b7bb-369d76a8dbb7/org.xerial.snappy_snappy-java-1.1.10.3.jar
[2024-06-27T16:55:10.147+0000] {docker.py:413} INFO - 24/06/27 16:55:10 INFO Executor: Fetching spark://localhost:35373/jars/org.apache.hadoop_hadoop-client-api-3.3.4.jar with timestamp 1719507309676
[2024-06-27T16:55:10.165+0000] {docker.py:413} INFO - 24/06/27 16:55:10 INFO TransportClientFactory: Successfully created connection to localhost/127.0.0.1:35373 after 12 ms (0 ms spent in bootstraps)
[2024-06-27T16:55:10.168+0000] {docker.py:413} INFO - 24/06/27 16:55:10 INFO Utils: Fetching spark://localhost:35373/jars/org.apache.hadoop_hadoop-client-api-3.3.4.jar to /tmp/spark-1e909c7f-98e2-4acd-b999-b9f7956eae26/userFiles-20e44a70-7d6c-4bc6-b7bb-369d76a8dbb7/fetchFileTemp17157481589810568687.tmp
[2024-06-27T16:55:10.209+0000] {docker.py:413} INFO - 24/06/27 16:55:10 INFO Utils: /tmp/spark-1e909c7f-98e2-4acd-b999-b9f7956eae26/userFiles-20e44a70-7d6c-4bc6-b7bb-369d76a8dbb7/fetchFileTemp17157481589810568687.tmp has been previously copied to /tmp/spark-1e909c7f-98e2-4acd-b999-b9f7956eae26/userFiles-20e44a70-7d6c-4bc6-b7bb-369d76a8dbb7/org.apache.hadoop_hadoop-client-api-3.3.4.jar
[2024-06-27T16:55:10.219+0000] {docker.py:413} INFO - 24/06/27 16:55:10 INFO Executor: Adding file:/tmp/spark-1e909c7f-98e2-4acd-b999-b9f7956eae26/userFiles-20e44a70-7d6c-4bc6-b7bb-369d76a8dbb7/org.apache.hadoop_hadoop-client-api-3.3.4.jar to class loader default
[2024-06-27T16:55:10.219+0000] {docker.py:413} INFO - 24/06/27 16:55:10 INFO Executor: Fetching spark://localhost:35373/jars/org.checkerframework_checker-qual-3.5.0.jar with timestamp 1719507309676
[2024-06-27T16:55:10.220+0000] {docker.py:413} INFO - 24/06/27 16:55:10 INFO Utils: Fetching spark://localhost:35373/jars/org.checkerframework_checker-qual-3.5.0.jar to /tmp/spark-1e909c7f-98e2-4acd-b999-b9f7956eae26/userFiles-20e44a70-7d6c-4bc6-b7bb-369d76a8dbb7/fetchFileTemp3877422352642384666.tmp
[2024-06-27T16:55:10.221+0000] {docker.py:413} INFO - 24/06/27 16:55:10 INFO Utils: /tmp/spark-1e909c7f-98e2-4acd-b999-b9f7956eae26/userFiles-20e44a70-7d6c-4bc6-b7bb-369d76a8dbb7/fetchFileTemp3877422352642384666.tmp has been previously copied to /tmp/spark-1e909c7f-98e2-4acd-b999-b9f7956eae26/userFiles-20e44a70-7d6c-4bc6-b7bb-369d76a8dbb7/org.checkerframework_checker-qual-3.5.0.jar
[2024-06-27T16:55:10.222+0000] {docker.py:413} INFO - 24/06/27 16:55:10 INFO Executor: Adding file:/tmp/spark-1e909c7f-98e2-4acd-b999-b9f7956eae26/userFiles-20e44a70-7d6c-4bc6-b7bb-369d76a8dbb7/org.checkerframework_checker-qual-3.5.0.jar to class loader default
[2024-06-27T16:55:10.222+0000] {docker.py:413} INFO - 24/06/27 16:55:10 INFO Executor: Fetching spark://localhost:35373/jars/org.apache.hadoop_hadoop-client-runtime-3.3.4.jar with timestamp 1719507309676
[2024-06-27T16:55:10.223+0000] {docker.py:413} INFO - 24/06/27 16:55:10 INFO Utils: Fetching spark://localhost:35373/jars/org.apache.hadoop_hadoop-client-runtime-3.3.4.jar to /tmp/spark-1e909c7f-98e2-4acd-b999-b9f7956eae26/userFiles-20e44a70-7d6c-4bc6-b7bb-369d76a8dbb7/fetchFileTemp949135280347123258.tmp
[2024-06-27T16:55:10.259+0000] {docker.py:413} INFO - 24/06/27 16:55:10 INFO Utils: /tmp/spark-1e909c7f-98e2-4acd-b999-b9f7956eae26/userFiles-20e44a70-7d6c-4bc6-b7bb-369d76a8dbb7/fetchFileTemp949135280347123258.tmp has been previously copied to /tmp/spark-1e909c7f-98e2-4acd-b999-b9f7956eae26/userFiles-20e44a70-7d6c-4bc6-b7bb-369d76a8dbb7/org.apache.hadoop_hadoop-client-runtime-3.3.4.jar
[2024-06-27T16:55:10.262+0000] {docker.py:413} INFO - 24/06/27 16:55:10 INFO Executor: Adding file:/tmp/spark-1e909c7f-98e2-4acd-b999-b9f7956eae26/userFiles-20e44a70-7d6c-4bc6-b7bb-369d76a8dbb7/org.apache.hadoop_hadoop-client-runtime-3.3.4.jar to class loader default
[2024-06-27T16:55:10.263+0000] {docker.py:413} INFO - 24/06/27 16:55:10 INFO Executor: Fetching spark://localhost:35373/jars/org.apache.spark_spark-token-provider-kafka-0-10_2.12-3.5.0.jar with timestamp 1719507309676
[2024-06-27T16:55:10.263+0000] {docker.py:413} INFO - 24/06/27 16:55:10 INFO Utils: Fetching spark://localhost:35373/jars/org.apache.spark_spark-token-provider-kafka-0-10_2.12-3.5.0.jar to /tmp/spark-1e909c7f-98e2-4acd-b999-b9f7956eae26/userFiles-20e44a70-7d6c-4bc6-b7bb-369d76a8dbb7/fetchFileTemp7088615352389253503.tmp
[2024-06-27T16:55:10.264+0000] {docker.py:413} INFO - 24/06/27 16:55:10 INFO Utils: /tmp/spark-1e909c7f-98e2-4acd-b999-b9f7956eae26/userFiles-20e44a70-7d6c-4bc6-b7bb-369d76a8dbb7/fetchFileTemp7088615352389253503.tmp has been previously copied to /tmp/spark-1e909c7f-98e2-4acd-b999-b9f7956eae26/userFiles-20e44a70-7d6c-4bc6-b7bb-369d76a8dbb7/org.apache.spark_spark-token-provider-kafka-0-10_2.12-3.5.0.jar
[2024-06-27T16:55:10.266+0000] {docker.py:413} INFO - 24/06/27 16:55:10 INFO Executor: Adding file:/tmp/spark-1e909c7f-98e2-4acd-b999-b9f7956eae26/userFiles-20e44a70-7d6c-4bc6-b7bb-369d76a8dbb7/org.apache.spark_spark-token-provider-kafka-0-10_2.12-3.5.0.jar to class loader default
[2024-06-27T16:55:10.266+0000] {docker.py:413} INFO - 24/06/27 16:55:10 INFO Executor: Fetching spark://localhost:35373/jars/org.slf4j_slf4j-api-2.0.7.jar with timestamp 1719507309676
[2024-06-27T16:55:10.267+0000] {docker.py:413} INFO - 24/06/27 16:55:10 INFO Utils: Fetching spark://localhost:35373/jars/org.slf4j_slf4j-api-2.0.7.jar to /tmp/spark-1e909c7f-98e2-4acd-b999-b9f7956eae26/userFiles-20e44a70-7d6c-4bc6-b7bb-369d76a8dbb7/fetchFileTemp12518533378805279292.tmp
[2024-06-27T16:55:10.267+0000] {docker.py:413} INFO - 24/06/27 16:55:10 INFO Utils: /tmp/spark-1e909c7f-98e2-4acd-b999-b9f7956eae26/userFiles-20e44a70-7d6c-4bc6-b7bb-369d76a8dbb7/fetchFileTemp12518533378805279292.tmp has been previously copied to /tmp/spark-1e909c7f-98e2-4acd-b999-b9f7956eae26/userFiles-20e44a70-7d6c-4bc6-b7bb-369d76a8dbb7/org.slf4j_slf4j-api-2.0.7.jar
[2024-06-27T16:55:10.269+0000] {docker.py:413} INFO - 24/06/27 16:55:10 INFO Executor: Adding file:/tmp/spark-1e909c7f-98e2-4acd-b999-b9f7956eae26/userFiles-20e44a70-7d6c-4bc6-b7bb-369d76a8dbb7/org.slf4j_slf4j-api-2.0.7.jar to class loader default
[2024-06-27T16:55:10.269+0000] {docker.py:413} INFO - 24/06/27 16:55:10 INFO Executor: Fetching spark://localhost:35373/jars/org.postgresql_postgresql-42.5.4.jar with timestamp 1719507309676
[2024-06-27T16:55:10.270+0000] {docker.py:413} INFO - 24/06/27 16:55:10 INFO Utils: Fetching spark://localhost:35373/jars/org.postgresql_postgresql-42.5.4.jar to /tmp/spark-1e909c7f-98e2-4acd-b999-b9f7956eae26/userFiles-20e44a70-7d6c-4bc6-b7bb-369d76a8dbb7/fetchFileTemp12844312155663792251.tmp
[2024-06-27T16:55:10.272+0000] {docker.py:413} INFO - 24/06/27 16:55:10 INFO Utils: /tmp/spark-1e909c7f-98e2-4acd-b999-b9f7956eae26/userFiles-20e44a70-7d6c-4bc6-b7bb-369d76a8dbb7/fetchFileTemp12844312155663792251.tmp has been previously copied to /tmp/spark-1e909c7f-98e2-4acd-b999-b9f7956eae26/userFiles-20e44a70-7d6c-4bc6-b7bb-369d76a8dbb7/org.postgresql_postgresql-42.5.4.jar
[2024-06-27T16:55:10.274+0000] {docker.py:413} INFO - 24/06/27 16:55:10 INFO Executor: Adding file:/tmp/spark-1e909c7f-98e2-4acd-b999-b9f7956eae26/userFiles-20e44a70-7d6c-4bc6-b7bb-369d76a8dbb7/org.postgresql_postgresql-42.5.4.jar to class loader default
[2024-06-27T16:55:10.274+0000] {docker.py:413} INFO - 24/06/27 16:55:10 INFO Executor: Fetching spark://localhost:35373/jars/org.xerial.snappy_snappy-java-1.1.10.3.jar with timestamp 1719507309676
[2024-06-27T16:55:10.275+0000] {docker.py:413} INFO - 24/06/27 16:55:10 INFO Utils: Fetching spark://localhost:35373/jars/org.xerial.snappy_snappy-java-1.1.10.3.jar to /tmp/spark-1e909c7f-98e2-4acd-b999-b9f7956eae26/userFiles-20e44a70-7d6c-4bc6-b7bb-369d76a8dbb7/fetchFileTemp10633615380250681282.tmp
[2024-06-27T16:55:10.279+0000] {docker.py:413} INFO - 24/06/27 16:55:10 INFO Utils: /tmp/spark-1e909c7f-98e2-4acd-b999-b9f7956eae26/userFiles-20e44a70-7d6c-4bc6-b7bb-369d76a8dbb7/fetchFileTemp10633615380250681282.tmp has been previously copied to /tmp/spark-1e909c7f-98e2-4acd-b999-b9f7956eae26/userFiles-20e44a70-7d6c-4bc6-b7bb-369d76a8dbb7/org.xerial.snappy_snappy-java-1.1.10.3.jar
[2024-06-27T16:55:10.280+0000] {docker.py:413} INFO - 24/06/27 16:55:10 INFO Executor: Adding file:/tmp/spark-1e909c7f-98e2-4acd-b999-b9f7956eae26/userFiles-20e44a70-7d6c-4bc6-b7bb-369d76a8dbb7/org.xerial.snappy_snappy-java-1.1.10.3.jar to class loader default
[2024-06-27T16:55:10.281+0000] {docker.py:413} INFO - 24/06/27 16:55:10 INFO Executor: Fetching spark://localhost:35373/jars/commons-logging_commons-logging-1.1.3.jar with timestamp 1719507309676
[2024-06-27T16:55:10.281+0000] {docker.py:413} INFO - 24/06/27 16:55:10 INFO Utils: Fetching spark://localhost:35373/jars/commons-logging_commons-logging-1.1.3.jar to /tmp/spark-1e909c7f-98e2-4acd-b999-b9f7956eae26/userFiles-20e44a70-7d6c-4bc6-b7bb-369d76a8dbb7/fetchFileTemp17775777217292945512.tmp
[2024-06-27T16:55:10.281+0000] {docker.py:413} INFO - 24/06/27 16:55:10 INFO Utils: /tmp/spark-1e909c7f-98e2-4acd-b999-b9f7956eae26/userFiles-20e44a70-7d6c-4bc6-b7bb-369d76a8dbb7/fetchFileTemp17775777217292945512.tmp has been previously copied to /tmp/spark-1e909c7f-98e2-4acd-b999-b9f7956eae26/userFiles-20e44a70-7d6c-4bc6-b7bb-369d76a8dbb7/commons-logging_commons-logging-1.1.3.jar
[2024-06-27T16:55:10.283+0000] {docker.py:413} INFO - 24/06/27 16:55:10 INFO Executor: Adding file:/tmp/spark-1e909c7f-98e2-4acd-b999-b9f7956eae26/userFiles-20e44a70-7d6c-4bc6-b7bb-369d76a8dbb7/commons-logging_commons-logging-1.1.3.jar to class loader default
[2024-06-27T16:55:10.283+0000] {docker.py:413} INFO - 24/06/27 16:55:10 INFO Executor: Fetching spark://localhost:35373/jars/org.lz4_lz4-java-1.8.0.jar with timestamp 1719507309676
[2024-06-27T16:55:10.284+0000] {docker.py:413} INFO - 24/06/27 16:55:10 INFO Utils: Fetching spark://localhost:35373/jars/org.lz4_lz4-java-1.8.0.jar to /tmp/spark-1e909c7f-98e2-4acd-b999-b9f7956eae26/userFiles-20e44a70-7d6c-4bc6-b7bb-369d76a8dbb7/fetchFileTemp16766623873063312972.tmp
[2024-06-27T16:55:10.286+0000] {docker.py:413} INFO - 24/06/27 16:55:10 INFO Utils: /tmp/spark-1e909c7f-98e2-4acd-b999-b9f7956eae26/userFiles-20e44a70-7d6c-4bc6-b7bb-369d76a8dbb7/fetchFileTemp16766623873063312972.tmp has been previously copied to /tmp/spark-1e909c7f-98e2-4acd-b999-b9f7956eae26/userFiles-20e44a70-7d6c-4bc6-b7bb-369d76a8dbb7/org.lz4_lz4-java-1.8.0.jar
[2024-06-27T16:55:10.286+0000] {docker.py:413} INFO - 24/06/27 16:55:10 INFO Executor: Adding file:/tmp/spark-1e909c7f-98e2-4acd-b999-b9f7956eae26/userFiles-20e44a70-7d6c-4bc6-b7bb-369d76a8dbb7/org.lz4_lz4-java-1.8.0.jar to class loader default
[2024-06-27T16:55:10.287+0000] {docker.py:413} INFO - 24/06/27 16:55:10 INFO Executor: Fetching spark://localhost:35373/jars/org.apache.commons_commons-pool2-2.11.1.jar with timestamp 1719507309676
[2024-06-27T16:55:10.287+0000] {docker.py:413} INFO - 24/06/27 16:55:10 INFO Utils: Fetching spark://localhost:35373/jars/org.apache.commons_commons-pool2-2.11.1.jar to /tmp/spark-1e909c7f-98e2-4acd-b999-b9f7956eae26/userFiles-20e44a70-7d6c-4bc6-b7bb-369d76a8dbb7/fetchFileTemp7175015401917960625.tmp
[2024-06-27T16:55:10.288+0000] {docker.py:413} INFO - 24/06/27 16:55:10 INFO Utils: /tmp/spark-1e909c7f-98e2-4acd-b999-b9f7956eae26/userFiles-20e44a70-7d6c-4bc6-b7bb-369d76a8dbb7/fetchFileTemp7175015401917960625.tmp has been previously copied to /tmp/spark-1e909c7f-98e2-4acd-b999-b9f7956eae26/userFiles-20e44a70-7d6c-4bc6-b7bb-369d76a8dbb7/org.apache.commons_commons-pool2-2.11.1.jar
[2024-06-27T16:55:10.289+0000] {docker.py:413} INFO - 24/06/27 16:55:10 INFO Executor: Adding file:/tmp/spark-1e909c7f-98e2-4acd-b999-b9f7956eae26/userFiles-20e44a70-7d6c-4bc6-b7bb-369d76a8dbb7/org.apache.commons_commons-pool2-2.11.1.jar to class loader default
24/06/27 16:55:10 INFO Executor: Fetching spark://localhost:35373/jars/org.apache.spark_spark-sql-kafka-0-10_2.12-3.5.0.jar with timestamp 1719507309676
[2024-06-27T16:55:10.289+0000] {docker.py:413} INFO - 24/06/27 16:55:10 INFO Utils: Fetching spark://localhost:35373/jars/org.apache.spark_spark-sql-kafka-0-10_2.12-3.5.0.jar to /tmp/spark-1e909c7f-98e2-4acd-b999-b9f7956eae26/userFiles-20e44a70-7d6c-4bc6-b7bb-369d76a8dbb7/fetchFileTemp10869580184547084567.tmp
[2024-06-27T16:55:10.291+0000] {docker.py:413} INFO - 24/06/27 16:55:10 INFO Utils: /tmp/spark-1e909c7f-98e2-4acd-b999-b9f7956eae26/userFiles-20e44a70-7d6c-4bc6-b7bb-369d76a8dbb7/fetchFileTemp10869580184547084567.tmp has been previously copied to /tmp/spark-1e909c7f-98e2-4acd-b999-b9f7956eae26/userFiles-20e44a70-7d6c-4bc6-b7bb-369d76a8dbb7/org.apache.spark_spark-sql-kafka-0-10_2.12-3.5.0.jar
[2024-06-27T16:55:10.292+0000] {docker.py:413} INFO - 24/06/27 16:55:10 INFO Executor: Adding file:/tmp/spark-1e909c7f-98e2-4acd-b999-b9f7956eae26/userFiles-20e44a70-7d6c-4bc6-b7bb-369d76a8dbb7/org.apache.spark_spark-sql-kafka-0-10_2.12-3.5.0.jar to class loader default
[2024-06-27T16:55:10.292+0000] {docker.py:413} INFO - 24/06/27 16:55:10 INFO Executor: Fetching spark://localhost:35373/jars/org.apache.kafka_kafka-clients-3.4.1.jar with timestamp 1719507309676
[2024-06-27T16:55:10.293+0000] {docker.py:413} INFO - 24/06/27 16:55:10 INFO Utils: Fetching spark://localhost:35373/jars/org.apache.kafka_kafka-clients-3.4.1.jar to /tmp/spark-1e909c7f-98e2-4acd-b999-b9f7956eae26/userFiles-20e44a70-7d6c-4bc6-b7bb-369d76a8dbb7/fetchFileTemp13248686738491408542.tmp
[2024-06-27T16:55:10.298+0000] {docker.py:413} INFO - 24/06/27 16:55:10 INFO Utils: /tmp/spark-1e909c7f-98e2-4acd-b999-b9f7956eae26/userFiles-20e44a70-7d6c-4bc6-b7bb-369d76a8dbb7/fetchFileTemp13248686738491408542.tmp has been previously copied to /tmp/spark-1e909c7f-98e2-4acd-b999-b9f7956eae26/userFiles-20e44a70-7d6c-4bc6-b7bb-369d76a8dbb7/org.apache.kafka_kafka-clients-3.4.1.jar
[2024-06-27T16:55:10.300+0000] {docker.py:413} INFO - 24/06/27 16:55:10 INFO Executor: Adding file:/tmp/spark-1e909c7f-98e2-4acd-b999-b9f7956eae26/userFiles-20e44a70-7d6c-4bc6-b7bb-369d76a8dbb7/org.apache.kafka_kafka-clients-3.4.1.jar to class loader default
[2024-06-27T16:55:10.300+0000] {docker.py:413} INFO - 24/06/27 16:55:10 INFO Executor: Fetching spark://localhost:35373/jars/com.google.code.findbugs_jsr305-3.0.0.jar with timestamp 1719507309676
[2024-06-27T16:55:10.300+0000] {docker.py:413} INFO - 24/06/27 16:55:10 INFO Utils: Fetching spark://localhost:35373/jars/com.google.code.findbugs_jsr305-3.0.0.jar to /tmp/spark-1e909c7f-98e2-4acd-b999-b9f7956eae26/userFiles-20e44a70-7d6c-4bc6-b7bb-369d76a8dbb7/fetchFileTemp6457067584921325949.tmp
[2024-06-27T16:55:10.301+0000] {docker.py:413} INFO - 24/06/27 16:55:10 INFO Utils: /tmp/spark-1e909c7f-98e2-4acd-b999-b9f7956eae26/userFiles-20e44a70-7d6c-4bc6-b7bb-369d76a8dbb7/fetchFileTemp6457067584921325949.tmp has been previously copied to /tmp/spark-1e909c7f-98e2-4acd-b999-b9f7956eae26/userFiles-20e44a70-7d6c-4bc6-b7bb-369d76a8dbb7/com.google.code.findbugs_jsr305-3.0.0.jar
[2024-06-27T16:55:10.302+0000] {docker.py:413} INFO - 24/06/27 16:55:10 INFO Executor: Adding file:/tmp/spark-1e909c7f-98e2-4acd-b999-b9f7956eae26/userFiles-20e44a70-7d6c-4bc6-b7bb-369d76a8dbb7/com.google.code.findbugs_jsr305-3.0.0.jar to class loader default
[2024-06-27T16:55:10.306+0000] {docker.py:413} INFO - 24/06/27 16:55:10 INFO Utils: Successfully started service 'org.apache.spark.network.netty.NettyBlockTransferService' on port 40257.
[2024-06-27T16:55:10.307+0000] {docker.py:413} INFO - 24/06/27 16:55:10 INFO NettyBlockTransferService: Server created on localhost:40257
[2024-06-27T16:55:10.307+0000] {docker.py:413} INFO - 24/06/27 16:55:10 INFO BlockManager: Using org.apache.spark.storage.RandomBlockReplicationPolicy for block replication policy
[2024-06-27T16:55:10.310+0000] {docker.py:413} INFO - 24/06/27 16:55:10 INFO BlockManagerMaster: Registering BlockManager BlockManagerId(driver, localhost, 40257, None)
[2024-06-27T16:55:10.312+0000] {docker.py:413} INFO - 24/06/27 16:55:10 INFO BlockManagerMasterEndpoint: Registering block manager localhost:40257 with 434.4 MiB RAM, BlockManagerId(driver, localhost, 40257, None)
[2024-06-27T16:55:10.313+0000] {docker.py:413} INFO - 24/06/27 16:55:10 INFO BlockManagerMaster: Registered BlockManager BlockManagerId(driver, localhost, 40257, None)
[2024-06-27T16:55:10.314+0000] {docker.py:413} INFO - 24/06/27 16:55:10 INFO BlockManager: Initialized BlockManager: BlockManagerId(driver, localhost, 40257, None)
[2024-06-27T16:55:10.505+0000] {docker.py:413} INFO - 2024-06-27 16:55:10,505:create_spark_session:INFO:Spark session created successfully
[2024-06-27T16:55:10.508+0000] {docker.py:413} INFO - 24/06/27 16:55:10 INFO SharedState: Setting hive.metastore.warehouse.dir ('null') to the value of spark.sql.warehouse.dir.
[2024-06-27T16:55:10.509+0000] {docker.py:413} INFO - 24/06/27 16:55:10 INFO SharedState: Warehouse path is 'file:/opt/bitnami/spark/spark-warehouse'.
[2024-06-27T16:55:11.188+0000] {docker.py:413} INFO - 2024-06-27 16:55:11,187:create_initial_dataframe:INFO:Initial dataframe created successfully
[2024-06-27T16:55:16.420+0000] {docker.py:413} INFO - Traceback (most recent call last):
  File "/opt/bitnami/spark/spark_streaming.py", line 103, in <module>
    write_to_postgres()
  File "/opt/bitnami/spark/spark_streaming.py", line 99, in write_to_postgres
[2024-06-27T16:55:16.421+0000] {docker.py:413} INFO - start_streaming(df_final, spark=spark)
  File "/opt/bitnami/spark/spark_streaming.py", line 71, in start_streaming
[2024-06-27T16:55:16.421+0000] {docker.py:413} INFO - existing_data_df = spark.read.jdbc(
                       ^^^^^^^^^^^^^^^^
  File "/opt/bitnami/spark/python/lib/pyspark.zip/pyspark/sql/readwriter.py", line 946, in jdbc
[2024-06-27T16:55:16.421+0000] {docker.py:413} INFO - File "/opt/bitnami/spark/python/lib/py4j-0.10.9.7-src.zip/py4j/java_gateway.py", line 1322, in __call__
[2024-06-27T16:55:16.421+0000] {docker.py:413} INFO - File "/opt/bitnami/spark/python/lib/pyspark.zip/pyspark/errors/exceptions/captured.py", line 179, in deco
[2024-06-27T16:55:16.422+0000] {docker.py:413} INFO - File "/opt/bitnami/spark/python/lib/py4j-0.10.9.7-src.zip/py4j/protocol.py", line 326, in get_return_value
py4j.protocol.Py4JJavaError
[2024-06-27T16:55:16.422+0000] {docker.py:413} INFO - : An error occurred while calling o50.jdbc.
: org.postgresql.util.PSQLException: The connection attempt failed.
	at org.postgresql.core.v3.ConnectionFactoryImpl.openConnectionImpl(ConnectionFactoryImpl.java:354)
	at org.postgresql.core.ConnectionFactory.openConnection(ConnectionFactory.java:54)
	at org.postgresql.jdbc.PgConnection.<init>(PgConnection.java:253)
	at org.postgresql.Driver.makeConnection(Driver.java:434)
	at org.postgresql.Driver.connect(Driver.java:291)
	at org.apache.spark.sql.execution.datasources.jdbc.connection.BasicConnectionProvider.getConnection(BasicConnectionProvider.scala:49)
	at org.apache.spark.sql.execution.datasources.jdbc.connection.ConnectionProviderBase.create(ConnectionProvider.scala:102)
	at org.apache.spark.sql.jdbc.JdbcDialect.$anonfun$createConnectionFactory$1(JdbcDialects.scala:160)
	at org.apache.spark.sql.jdbc.JdbcDialect.$anonfun$createConnectionFactory$1$adapted(JdbcDialects.scala:156)
	at org.apache.spark.sql.execution.datasources.jdbc.JDBCRDD$.getQueryOutputSchema(JDBCRDD.scala:63)
	at org.apache.spark.sql.execution.datasources.jdbc.JDBCRDD$.resolveTable(JDBCRDD.scala:58)
	at org.apache.spark.sql.execution.datasources.jdbc.JDBCRelation$.getSchema(JDBCRelation.scala:241)
	at org.apache.spark.sql.execution.datasources.jdbc.JdbcRelationProvider.createRelation(JdbcRelationProvider.scala:37)
	at org.apache.spark.sql.execution.datasources.DataSource.resolveRelation(DataSource.scala:346)
	at org.apache.spark.sql.DataFrameReader.loadV1Source(DataFrameReader.scala:229)
	at org.apache.spark.sql.DataFrameReader.$anonfun$load$2(DataFrameReader.scala:211)
	at scala.Option.getOrElse(Option.scala:189)
	at org.apache.spark.sql.DataFrameReader.load(DataFrameReader.scala:211)
	at org.apache.spark.sql.DataFrameReader.load(DataFrameReader.scala:172)
	at org.apache.spark.sql.DataFrameReader.jdbc(DataFrameReader.scala:249)
	at java.base/jdk.internal.reflect.NativeMethodAccessorImpl.invoke0(Native Method)
	at java.base/jdk.internal.reflect.NativeMethodAccessorImpl.invoke(NativeMethodAccessorImpl.java:77)
	at java.base/jdk.internal.reflect.DelegatingMethodAccessorImpl.invoke(DelegatingMethodAccessorImpl.java:43)
	at java.base/java.lang.reflect.Method.invoke(Method.java:568)
	at py4j.reflection.MethodInvoker.invoke(MethodInvoker.java:244)
	at py4j.reflection.ReflectionEngine.invoke(ReflectionEngine.java:374)
	at py4j.Gateway.invoke(Gateway.java:282)
	at py4j.commands.AbstractCommand.invokeMethod(AbstractCommand.java:132)
	at py4j.commands.CallCommand.execute(CallCommand.java:79)
	at py4j.ClientServerConnection.waitForCommands(ClientServerConnection.java:182)
	at py4j.ClientServerConnection.run(ClientServerConnection.java:106)
	at java.base/java.lang.Thread.run(Thread.java:840)
Caused by: java.net.SocketTimeoutException: Read timed out
	at java.base/sun.nio.ch.NioSocketImpl.timedRead(NioSocketImpl.java:288)
	at java.base/sun.nio.ch.NioSocketImpl.implRead(NioSocketImpl.java:314)
	at java.base/sun.nio.ch.NioSocketImpl.read(NioSocketImpl.java:355)
	at java.base/sun.nio.ch.NioSocketImpl$1.read(NioSocketImpl.java:808)
	at java.base/java.net.Socket$SocketInputStream.read(Socket.java:966)
	at org.postgresql.core.VisibleBufferedInputStream.readMore(VisibleBufferedInputStream.java:161)
	at org.postgresql.core.VisibleBufferedInputStream.ensureBytes(VisibleBufferedInputStream.java:128)
	at org.postgresql.core.VisibleBufferedInputStream.ensureBytes(VisibleBufferedInputStream.java:113)
	at org.postgresql.core.VisibleBufferedInputStream.read(VisibleBufferedInputStream.java:73)
	at org.postgresql.core.PGStream.receiveChar(PGStream.java:465)
	at org.postgresql.core.v3.ConnectionFactoryImpl.enableSSL(ConnectionFactoryImpl.java:589)
	at org.postgresql.core.v3.ConnectionFactoryImpl.tryConnect(ConnectionFactoryImpl.java:191)
	at org.postgresql.core.v3.ConnectionFactoryImpl.openConnectionImpl(ConnectionFactoryImpl.java:258)
	... 31 more
[2024-06-27T16:55:16.422+0000] {docker.py:413} INFO - 2024-06-27 16:55:16,420:close:INFO:Closing down clientserver connection
[2024-06-27T16:55:16.441+0000] {docker.py:413} INFO - 24/06/27 16:55:16 INFO SparkContext: Invoking stop() from shutdown hook
[2024-06-27T16:55:16.441+0000] {docker.py:413} INFO - 24/06/27 16:55:16 INFO SparkContext: SparkContext is stopping with exitCode 0.
[2024-06-27T16:55:16.447+0000] {docker.py:413} INFO - 24/06/27 16:55:16 INFO SparkUI: Stopped Spark web UI at http://localhost:4040
[2024-06-27T16:55:16.452+0000] {docker.py:413} INFO - 24/06/27 16:55:16 INFO MapOutputTrackerMasterEndpoint: MapOutputTrackerMasterEndpoint stopped!
[2024-06-27T16:55:16.461+0000] {docker.py:413} INFO - 24/06/27 16:55:16 INFO MemoryStore: MemoryStore cleared
[2024-06-27T16:55:16.461+0000] {docker.py:413} INFO - 24/06/27 16:55:16 INFO BlockManager: BlockManager stopped
[2024-06-27T16:55:16.464+0000] {docker.py:413} INFO - 24/06/27 16:55:16 INFO BlockManagerMaster: BlockManagerMaster stopped
[2024-06-27T16:55:16.465+0000] {docker.py:413} INFO - 24/06/27 16:55:16 INFO OutputCommitCoordinator$OutputCommitCoordinatorEndpoint: OutputCommitCoordinator stopped!
[2024-06-27T16:55:16.474+0000] {docker.py:413} INFO - 24/06/27 16:55:16 INFO SparkContext: Successfully stopped SparkContext
[2024-06-27T16:55:16.475+0000] {docker.py:413} INFO - 24/06/27 16:55:16 INFO ShutdownHookManager: Shutdown hook called
[2024-06-27T16:55:16.475+0000] {docker.py:413} INFO - 24/06/27 16:55:16 INFO ShutdownHookManager: Deleting directory /tmp/spark-1e909c7f-98e2-4acd-b999-b9f7956eae26/pyspark-79b1e901-91ba-42e6-8801-823eac282567
[2024-06-27T16:55:16.476+0000] {docker.py:413} INFO - 24/06/27 16:55:16 INFO ShutdownHookManager: Deleting directory /tmp/spark-b14dc57d-10ca-4756-913a-f306df456403
[2024-06-27T16:55:16.477+0000] {docker.py:413} INFO - 24/06/27 16:55:16 INFO ShutdownHookManager: Deleting directory /tmp/spark-1e909c7f-98e2-4acd-b999-b9f7956eae26
[2024-06-27T16:55:16.666+0000] {taskinstance.py:1937} ERROR - Task failed with exception
Traceback (most recent call last):
  File "/home/airflow/.local/lib/python3.8/site-packages/docker/api/client.py", line 268, in _raise_for_status
    response.raise_for_status()
  File "/home/airflow/.local/lib/python3.8/site-packages/requests/models.py", line 1021, in raise_for_status
    raise HTTPError(http_error_msg, response=self)
requests.exceptions.HTTPError: 400 Client Error: Bad Request for url: http://docker-proxy:2375/v1.44/containers/create

The above exception was the direct cause of the following exception:

Traceback (most recent call last):
  File "/home/airflow/.local/lib/python3.8/site-packages/airflow/providers/docker/operators/docker.py", line 348, in _run_image
    return self._run_image_with_mounts([*self.mounts, tmp_mount], add_tmp_variable=True)
  File "/home/airflow/.local/lib/python3.8/site-packages/airflow/providers/docker/operators/docker.py", line 375, in _run_image_with_mounts
    self.container = self.cli.create_container(
  File "/home/airflow/.local/lib/python3.8/site-packages/docker/api/container.py", line 431, in create_container
    return self.create_container_from_config(config, name, platform)
  File "/home/airflow/.local/lib/python3.8/site-packages/docker/api/container.py", line 448, in create_container_from_config
    return self._result(res, True)
  File "/home/airflow/.local/lib/python3.8/site-packages/docker/api/client.py", line 274, in _result
    self._raise_for_status(response)
  File "/home/airflow/.local/lib/python3.8/site-packages/docker/api/client.py", line 270, in _raise_for_status
    raise create_api_error_from_http_exception(e) from e
  File "/home/airflow/.local/lib/python3.8/site-packages/docker/errors.py", line 39, in create_api_error_from_http_exception
    raise cls(e, response=response, explanation=explanation) from e
docker.errors.APIError: 400 Client Error for http://docker-proxy:2375/v1.44/containers/create: Bad Request ("invalid mount config for type "bind": bind source path does not exist: /host_mnt/private/tmp/airflowtmpvtni0xrr")

During handling of the above exception, another exception occurred:

Traceback (most recent call last):
  File "/home/airflow/.local/lib/python3.8/site-packages/airflow/providers/docker/operators/docker.py", line 486, in execute
    return self._run_image()
  File "/home/airflow/.local/lib/python3.8/site-packages/airflow/providers/docker/operators/docker.py", line 357, in _run_image
    return self._run_image_with_mounts(self.mounts, add_tmp_variable=False)
  File "/home/airflow/.local/lib/python3.8/site-packages/airflow/providers/docker/operators/docker.py", line 421, in _run_image_with_mounts
    raise DockerContainerFailedException(f"Docker container failed: {result!r}", logs=log_lines)
airflow.providers.docker.exceptions.DockerContainerFailedException: Docker container failed: {'StatusCode': 1}
[2024-06-27T16:55:16.669+0000] {taskinstance.py:1400} INFO - Marking task as FAILED. dag_id=kafka_spark_dag, task_id=pyspark_consumer, execution_date=20240627T165421, start_date=20240627T165454, end_date=20240627T165516
[2024-06-27T16:55:16.676+0000] {standard_task_runner.py:104} ERROR - Failed to execute job 132 for task pyspark_consumer (Docker container failed: {'StatusCode': 1}; 26610)
[2024-06-27T16:55:16.715+0000] {local_task_job_runner.py:228} INFO - Task exited with return code 1
[2024-06-27T16:55:16.724+0000] {taskinstance.py:2778} INFO - 0 downstream tasks scheduled from follow-on schedule check
