[2024-06-27T18:59:45.663+0000] {taskinstance.py:1159} INFO - Dependencies all met for dep_context=non-requeueable deps ti=<TaskInstance: kafka_spark_dag.pyspark_consumer manual__2024-06-27T18:59:42.600379+00:00 [queued]>
[2024-06-27T18:59:45.667+0000] {taskinstance.py:1159} INFO - Dependencies all met for dep_context=requeueable deps ti=<TaskInstance: kafka_spark_dag.pyspark_consumer manual__2024-06-27T18:59:42.600379+00:00 [queued]>
[2024-06-27T18:59:45.668+0000] {taskinstance.py:1361} INFO - Starting attempt 1 of 2
[2024-06-27T18:59:45.674+0000] {taskinstance.py:1382} INFO - Executing <Task(DockerOperator): pyspark_consumer> on 2024-06-27 18:59:42.600379+00:00
[2024-06-27T18:59:45.678+0000] {standard_task_runner.py:57} INFO - Started process 1398 to run task
[2024-06-27T18:59:45.680+0000] {standard_task_runner.py:84} INFO - Running: ['***', 'tasks', 'run', 'kafka_spark_dag', 'pyspark_consumer', 'manual__2024-06-27T18:59:42.600379+00:00', '--job-id', '144', '--raw', '--subdir', 'DAGS_FOLDER/dag_kafka_spark.py', '--cfg-path', '/tmp/tmpuucimd12']
[2024-06-27T18:59:45.682+0000] {standard_task_runner.py:85} INFO - Job 144: Subtask pyspark_consumer
[2024-06-27T18:59:45.708+0000] {task_command.py:416} INFO - Running <TaskInstance: kafka_spark_dag.pyspark_consumer manual__2024-06-27T18:59:42.600379+00:00 [running]> on host cd176cdca805
[2024-06-27T18:59:45.744+0000] {taskinstance.py:1662} INFO - Exporting env vars: AIRFLOW_CTX_DAG_OWNER='***' AIRFLOW_CTX_DAG_ID='kafka_spark_dag' AIRFLOW_CTX_TASK_ID='pyspark_consumer' AIRFLOW_CTX_EXECUTION_DATE='2024-06-27T18:59:42.600379+00:00' AIRFLOW_CTX_TRY_NUMBER='1' AIRFLOW_CTX_DAG_RUN_ID='manual__2024-06-27T18:59:42.600379+00:00'
[2024-06-27T18:59:45.806+0000] {docker.py:343} INFO - Starting docker container from image current-headlines/spark:latest
[2024-06-27T18:59:45.814+0000] {docker.py:351} WARNING - Using remote engine or docker-in-docker and mounting temporary volume from host is not supported. Falling back to `mount_tmp_dir=False` mode. You can set `mount_tmp_dir` parameter to False to disable mounting and remove the warning
[2024-06-27T18:59:46.027+0000] {docker.py:413} INFO - [38;5;6mspark [38;5;5m18:59:46.02 [0m[38;5;2mINFO [0m ==>
[2024-06-27T18:59:46.028+0000] {docker.py:413} INFO - [38;5;6mspark [38;5;5m18:59:46.02 [0m[38;5;2mINFO [0m ==> [1mWelcome to the Bitnami spark container[0m
[2024-06-27T18:59:46.029+0000] {docker.py:413} INFO - [38;5;6mspark [38;5;5m18:59:46.02 [0m[38;5;2mINFO [0m ==> Subscribe to project updates by watching [1mhttps://github.com/bitnami/containers[0m
[2024-06-27T18:59:46.030+0000] {docker.py:413} INFO - [38;5;6mspark [38;5;5m18:59:46.02 [0m[38;5;2mINFO [0m ==> Submit issues and feature requests at [1mhttps://github.com/bitnami/containers/issues[0m
[2024-06-27T18:59:46.031+0000] {docker.py:413} INFO - [38;5;6mspark [38;5;5m18:59:46.03 [0m[38;5;2mINFO [0m ==>
[2024-06-27T18:59:46.034+0000] {docker.py:413} INFO - 
[2024-06-27T18:59:47.111+0000] {docker.py:413} INFO - :: loading settings :: url = jar:file:/opt/bitnami/spark/jars/ivy-2.5.1.jar!/org/apache/ivy/core/settings/ivysettings.xml
[2024-06-27T18:59:47.149+0000] {docker.py:413} INFO - Ivy Default Cache set to: /opt/bitnami/spark/.ivy2/cache
The jars for the packages stored in: /opt/bitnami/spark/.ivy2/jars
[2024-06-27T18:59:47.152+0000] {docker.py:413} INFO - org.postgresql#postgresql added as a dependency
org.apache.spark#spark-sql-kafka-0-10_2.12 added as a dependency
[2024-06-27T18:59:47.153+0000] {docker.py:413} INFO - :: resolving dependencies :: org.apache.spark#spark-submit-parent-145e9103-8bb5-4cc8-8672-8a53c7354655;1.0
	confs: [default]
[2024-06-27T18:59:47.577+0000] {docker.py:413} INFO - found org.postgresql#postgresql;42.5.4 in central
[2024-06-27T18:59:47.668+0000] {docker.py:413} INFO - found org.checkerframework#checker-qual;3.5.0 in central
[2024-06-27T18:59:48.384+0000] {docker.py:413} INFO - found org.apache.spark#spark-sql-kafka-0-10_2.12;3.5.0 in central
[2024-06-27T18:59:48.537+0000] {docker.py:413} INFO - found org.apache.spark#spark-token-provider-kafka-0-10_2.12;3.5.0 in central
[2024-06-27T18:59:48.602+0000] {docker.py:413} INFO - found org.apache.kafka#kafka-clients;3.4.1 in central
[2024-06-27T18:59:48.653+0000] {docker.py:413} INFO - found org.lz4#lz4-java;1.8.0 in central
[2024-06-27T18:59:48.713+0000] {docker.py:413} INFO - found org.xerial.snappy#snappy-java;1.1.10.3 in central
[2024-06-27T18:59:48.984+0000] {docker.py:413} INFO - found org.slf4j#slf4j-api;2.0.7 in central
[2024-06-27T18:59:49.600+0000] {docker.py:413} INFO - found org.apache.hadoop#hadoop-client-runtime;3.3.4 in central
[2024-06-27T18:59:49.685+0000] {docker.py:413} INFO - found org.apache.hadoop#hadoop-client-api;3.3.4 in central
[2024-06-27T18:59:49.980+0000] {docker.py:413} INFO - found commons-logging#commons-logging;1.1.3 in central
[2024-06-27T18:59:50.033+0000] {docker.py:413} INFO - found com.google.code.findbugs#jsr305;3.0.0 in central
[2024-06-27T18:59:50.695+0000] {docker.py:413} INFO - found org.apache.commons#commons-pool2;2.11.1 in central
[2024-06-27T18:59:50.713+0000] {docker.py:413} INFO - downloading https://repo1.maven.org/maven2/org/postgresql/postgresql/42.5.4/postgresql-42.5.4.jar ...
[2024-06-27T18:59:51.058+0000] {docker.py:413} INFO - [SUCCESSFUL ] org.postgresql#postgresql;42.5.4!postgresql.jar (365ms)
[2024-06-27T18:59:51.119+0000] {docker.py:413} INFO - downloading https://repo1.maven.org/maven2/org/apache/spark/spark-sql-kafka-0-10_2.12/3.5.0/spark-sql-kafka-0-10_2.12-3.5.0.jar ...
[2024-06-27T18:59:51.261+0000] {docker.py:413} INFO - [SUCCESSFUL ] org.apache.spark#spark-sql-kafka-0-10_2.12;3.5.0!spark-sql-kafka-0-10_2.12.jar (203ms)
[2024-06-27T18:59:51.317+0000] {docker.py:413} INFO - downloading https://repo1.maven.org/maven2/org/checkerframework/checker-qual/3.5.0/checker-qual-3.5.0.jar ...
[2024-06-27T18:59:51.399+0000] {docker.py:413} INFO - [SUCCESSFUL ] org.checkerframework#checker-qual;3.5.0!checker-qual.jar (138ms)
[2024-06-27T18:59:51.447+0000] {docker.py:413} INFO - downloading https://repo1.maven.org/maven2/org/apache/spark/spark-token-provider-kafka-0-10_2.12/3.5.0/spark-token-provider-kafka-0-10_2.12-3.5.0.jar ...
[2024-06-27T18:59:51.478+0000] {docker.py:413} INFO - [SUCCESSFUL ] org.apache.spark#spark-token-provider-kafka-0-10_2.12;3.5.0!spark-token-provider-kafka-0-10_2.12.jar (80ms)
[2024-06-27T18:59:51.505+0000] {docker.py:413} INFO - downloading https://repo1.maven.org/maven2/org/apache/kafka/kafka-clients/3.4.1/kafka-clients-3.4.1.jar ...
[2024-06-27T18:59:53.274+0000] {docker.py:413} INFO - [SUCCESSFUL ] org.apache.kafka#kafka-clients;3.4.1!kafka-clients.jar (1795ms)
[2024-06-27T18:59:53.349+0000] {docker.py:413} INFO - downloading https://repo1.maven.org/maven2/com/google/code/findbugs/jsr305/3.0.0/jsr305-3.0.0.jar ...
[2024-06-27T18:59:53.402+0000] {docker.py:413} INFO - [SUCCESSFUL ] com.google.code.findbugs#jsr305;3.0.0!jsr305.jar (127ms)
[2024-06-27T18:59:53.435+0000] {docker.py:413} INFO - downloading https://repo1.maven.org/maven2/org/apache/commons/commons-pool2/2.11.1/commons-pool2-2.11.1.jar ...
[2024-06-27T18:59:53.517+0000] {docker.py:413} INFO - [SUCCESSFUL ] org.apache.commons#commons-pool2;2.11.1!commons-pool2.jar (114ms)
[2024-06-27T18:59:53.551+0000] {docker.py:413} INFO - downloading https://repo1.maven.org/maven2/org/apache/hadoop/hadoop-client-runtime/3.3.4/hadoop-client-runtime-3.3.4.jar ...
[2024-06-27T19:00:04.073+0000] {docker.py:413} INFO - [SUCCESSFUL ] org.apache.hadoop#hadoop-client-runtime;3.3.4!hadoop-client-runtime.jar (10556ms)
[2024-06-27T19:00:04.096+0000] {docker.py:413} INFO - downloading https://repo1.maven.org/maven2/org/lz4/lz4-java/1.8.0/lz4-java-1.8.0.jar ...
[2024-06-27T19:00:04.349+0000] {docker.py:413} INFO - [SUCCESSFUL ] org.lz4#lz4-java;1.8.0!lz4-java.jar (275ms)
[2024-06-27T19:00:04.377+0000] {docker.py:413} INFO - downloading https://repo1.maven.org/maven2/org/xerial/snappy/snappy-java/1.1.10.3/snappy-java-1.1.10.3.jar ...
[2024-06-27T19:00:05.197+0000] {docker.py:413} INFO - [SUCCESSFUL ] org.xerial.snappy#snappy-java;1.1.10.3!snappy-java.jar(bundle) (847ms)
[2024-06-27T19:00:05.229+0000] {docker.py:413} INFO - downloading https://repo1.maven.org/maven2/org/slf4j/slf4j-api/2.0.7/slf4j-api-2.0.7.jar ...
[2024-06-27T19:00:05.273+0000] {docker.py:413} INFO - [SUCCESSFUL ] org.slf4j#slf4j-api;2.0.7!slf4j-api.jar (76ms)
[2024-06-27T19:00:05.298+0000] {docker.py:413} INFO - downloading https://repo1.maven.org/maven2/org/apache/hadoop/hadoop-client-api/3.3.4/hadoop-client-api-3.3.4.jar ...
[2024-06-27T19:00:10.754+0000] {docker.py:413} INFO - [SUCCESSFUL ] org.apache.hadoop#hadoop-client-api;3.3.4!hadoop-client-api.jar (5479ms)
[2024-06-27T19:00:10.775+0000] {docker.py:413} INFO - downloading https://repo1.maven.org/maven2/commons-logging/commons-logging/1.1.3/commons-logging-1.1.3.jar ...
[2024-06-27T19:00:10.809+0000] {docker.py:413} INFO - [SUCCESSFUL ] commons-logging#commons-logging;1.1.3!commons-logging.jar (55ms)
[2024-06-27T19:00:10.811+0000] {docker.py:413} INFO - :: resolution report :: resolve 3539ms :: artifacts dl 20118ms
[2024-06-27T19:00:10.811+0000] {docker.py:413} INFO - :: modules in use:
[2024-06-27T19:00:10.812+0000] {docker.py:413} INFO - com.google.code.findbugs#jsr305;3.0.0 from central in [default]
	commons-logging#commons-logging;1.1.3 from central in [default]
	org.apache.commons#commons-pool2;2.11.1 from central in [default]
	org.apache.hadoop#hadoop-client-api;3.3.4 from central in [default]
	org.apache.hadoop#hadoop-client-runtime;3.3.4 from central in [default]
[2024-06-27T19:00:10.812+0000] {docker.py:413} INFO - org.apache.kafka#kafka-clients;3.4.1 from central in [default]
	org.apache.spark#spark-sql-kafka-0-10_2.12;3.5.0 from central in [default]
	org.apache.spark#spark-token-provider-kafka-0-10_2.12;3.5.0 from central in [default]
	org.checkerframework#checker-qual;3.5.0 from central in [default]
	org.lz4#lz4-java;1.8.0 from central in [default]
	org.postgresql#postgresql;42.5.4 from central in [default]
	org.slf4j#slf4j-api;2.0.7 from central in [default]
	org.xerial.snappy#snappy-java;1.1.10.3 from central in [default]
[2024-06-27T19:00:10.812+0000] {docker.py:413} INFO - ---------------------------------------------------------------------
	|                  |            modules            ||   artifacts   |
	|       conf       | number| search|dwnlded|evicted|| number|dwnlded|
	---------------------------------------------------------------------
	|      default     |   13  |   13  |   13  |   0   ||   13  |   13  |
	---------------------------------------------------------------------
[2024-06-27T19:00:10.813+0000] {docker.py:413} INFO - :: retrieving :: org.apache.spark#spark-submit-parent-145e9103-8bb5-4cc8-8672-8a53c7354655
	confs: [default]
[2024-06-27T19:00:10.883+0000] {docker.py:413} INFO - 13 artifacts copied, 0 already retrieved (58001kB/70ms)
[2024-06-27T19:00:10.986+0000] {docker.py:413} INFO - 24/06/27 19:00:10 WARN NativeCodeLoader: Unable to load native-hadoop library for your platform... using builtin-java classes where applicable
[2024-06-27T19:00:11.602+0000] {docker.py:413} INFO - 24/06/27 19:00:11 INFO SparkContext: Running Spark version 3.5.0
[2024-06-27T19:00:11.603+0000] {docker.py:413} INFO - 24/06/27 19:00:11 INFO SparkContext: OS info Linux, 6.6.12-linuxkit, aarch64
[2024-06-27T19:00:11.603+0000] {docker.py:413} INFO - 24/06/27 19:00:11 INFO SparkContext: Java version 17.0.10
[2024-06-27T19:00:11.615+0000] {docker.py:413} INFO - 24/06/27 19:00:11 INFO ResourceUtils: ==============================================================
[2024-06-27T19:00:11.616+0000] {docker.py:413} INFO - 24/06/27 19:00:11 INFO ResourceUtils: No custom resources configured for spark.driver.
[2024-06-27T19:00:11.616+0000] {docker.py:413} INFO - 24/06/27 19:00:11 INFO ResourceUtils: ==============================================================
[2024-06-27T19:00:11.617+0000] {docker.py:413} INFO - 24/06/27 19:00:11 INFO SparkContext: Submitted application: PostgreSQL Connection with PySpark
[2024-06-27T19:00:11.652+0000] {docker.py:413} INFO - 24/06/27 19:00:11 INFO ResourceProfile: Default ResourceProfile created, executor resources: Map(cores -> name: cores, amount: 1, script: , vendor: , memory -> name: memory, amount: 1024, script: , vendor: , offHeap -> name: offHeap, amount: 0, script: , vendor: ), task resources: Map(cpus -> name: cpus, amount: 1.0)
[2024-06-27T19:00:11.657+0000] {docker.py:413} INFO - 24/06/27 19:00:11 INFO ResourceProfile: Limiting resource is cpu
[2024-06-27T19:00:11.657+0000] {docker.py:413} INFO - 24/06/27 19:00:11 INFO ResourceProfileManager: Added ResourceProfile id: 0
[2024-06-27T19:00:11.688+0000] {docker.py:413} INFO - 24/06/27 19:00:11 INFO SecurityManager: Changing view acls to: spark
[2024-06-27T19:00:11.689+0000] {docker.py:413} INFO - 24/06/27 19:00:11 INFO SecurityManager: Changing modify acls to: spark
[2024-06-27T19:00:11.689+0000] {docker.py:413} INFO - 24/06/27 19:00:11 INFO SecurityManager: Changing view acls groups to:
[2024-06-27T19:00:11.690+0000] {docker.py:413} INFO - 24/06/27 19:00:11 INFO SecurityManager: Changing modify acls groups to: 
24/06/27 19:00:11 INFO SecurityManager: SecurityManager: authentication disabled; ui acls disabled; users with view permissions: spark; groups with view permissions: EMPTY; users with modify permissions: spark; groups with modify permissions: EMPTY
[2024-06-27T19:00:11.793+0000] {docker.py:413} INFO - 24/06/27 19:00:11 INFO Utils: Successfully started service 'sparkDriver' on port 43611.
[2024-06-27T19:00:11.806+0000] {docker.py:413} INFO - 24/06/27 19:00:11 INFO SparkEnv: Registering MapOutputTracker
[2024-06-27T19:00:11.824+0000] {docker.py:413} INFO - 24/06/27 19:00:11 INFO SparkEnv: Registering BlockManagerMaster
[2024-06-27T19:00:11.832+0000] {docker.py:413} INFO - 24/06/27 19:00:11 INFO BlockManagerMasterEndpoint: Using org.apache.spark.storage.DefaultTopologyMapper for getting topology information
[2024-06-27T19:00:11.833+0000] {docker.py:413} INFO - 24/06/27 19:00:11 INFO BlockManagerMasterEndpoint: BlockManagerMasterEndpoint up
[2024-06-27T19:00:11.835+0000] {docker.py:413} INFO - 24/06/27 19:00:11 INFO SparkEnv: Registering BlockManagerMasterHeartbeat
[2024-06-27T19:00:11.853+0000] {docker.py:413} INFO - 24/06/27 19:00:11 INFO DiskBlockManager: Created local directory at /tmp/blockmgr-aaf7676b-5097-499d-8806-906fb344e1d6
[2024-06-27T19:00:11.860+0000] {docker.py:413} INFO - 24/06/27 19:00:11 INFO MemoryStore: MemoryStore started with capacity 434.4 MiB
[2024-06-27T19:00:11.868+0000] {docker.py:413} INFO - 24/06/27 19:00:11 INFO SparkEnv: Registering OutputCommitCoordinator
[2024-06-27T19:00:11.934+0000] {docker.py:413} INFO - 24/06/27 19:00:11 INFO JettyUtils: Start Jetty 0.0.0.0:4040 for SparkUI
[2024-06-27T19:00:11.972+0000] {docker.py:413} INFO - 24/06/27 19:00:11 INFO Utils: Successfully started service 'SparkUI' on port 4040.
[2024-06-27T19:00:11.993+0000] {docker.py:413} INFO - 24/06/27 19:00:11 INFO SparkContext: Added JAR file:///opt/bitnami/spark/.ivy2/jars/org.postgresql_postgresql-42.5.4.jar at spark://localhost:43611/jars/org.postgresql_postgresql-42.5.4.jar with timestamp 1719514811598
[2024-06-27T19:00:11.994+0000] {docker.py:413} INFO - 24/06/27 19:00:11 INFO SparkContext: Added JAR file:///opt/bitnami/spark/.ivy2/jars/org.apache.spark_spark-sql-kafka-0-10_2.12-3.5.0.jar at spark://localhost:43611/jars/org.apache.spark_spark-sql-kafka-0-10_2.12-3.5.0.jar with timestamp 1719514811598
[2024-06-27T19:00:11.994+0000] {docker.py:413} INFO - 24/06/27 19:00:11 INFO SparkContext: Added JAR file:///opt/bitnami/spark/.ivy2/jars/org.checkerframework_checker-qual-3.5.0.jar at spark://localhost:43611/jars/org.checkerframework_checker-qual-3.5.0.jar with timestamp 1719514811598
24/06/27 19:00:11 INFO SparkContext: Added JAR file:///opt/bitnami/spark/.ivy2/jars/org.apache.spark_spark-token-provider-kafka-0-10_2.12-3.5.0.jar at spark://localhost:43611/jars/org.apache.spark_spark-token-provider-kafka-0-10_2.12-3.5.0.jar with timestamp 1719514811598
[2024-06-27T19:00:11.994+0000] {docker.py:413} INFO - 24/06/27 19:00:11 INFO SparkContext: Added JAR file:///opt/bitnami/spark/.ivy2/jars/org.apache.kafka_kafka-clients-3.4.1.jar at spark://localhost:43611/jars/org.apache.kafka_kafka-clients-3.4.1.jar with timestamp 1719514811598
[2024-06-27T19:00:11.995+0000] {docker.py:413} INFO - 24/06/27 19:00:11 INFO SparkContext: Added JAR file:///opt/bitnami/spark/.ivy2/jars/com.google.code.findbugs_jsr305-3.0.0.jar at spark://localhost:43611/jars/com.google.code.findbugs_jsr305-3.0.0.jar with timestamp 1719514811598
[2024-06-27T19:00:11.995+0000] {docker.py:413} INFO - 24/06/27 19:00:11 INFO SparkContext: Added JAR file:///opt/bitnami/spark/.ivy2/jars/org.apache.commons_commons-pool2-2.11.1.jar at spark://localhost:43611/jars/org.apache.commons_commons-pool2-2.11.1.jar with timestamp 1719514811598
[2024-06-27T19:00:11.995+0000] {docker.py:413} INFO - 24/06/27 19:00:11 INFO SparkContext: Added JAR file:///opt/bitnami/spark/.ivy2/jars/org.apache.hadoop_hadoop-client-runtime-3.3.4.jar at spark://localhost:43611/jars/org.apache.hadoop_hadoop-client-runtime-3.3.4.jar with timestamp 1719514811598
[2024-06-27T19:00:11.996+0000] {docker.py:413} INFO - 24/06/27 19:00:11 INFO SparkContext: Added JAR file:///opt/bitnami/spark/.ivy2/jars/org.lz4_lz4-java-1.8.0.jar at spark://localhost:43611/jars/org.lz4_lz4-java-1.8.0.jar with timestamp 1719514811598
[2024-06-27T19:00:11.996+0000] {docker.py:413} INFO - 24/06/27 19:00:11 INFO SparkContext: Added JAR file:///opt/bitnami/spark/.ivy2/jars/org.xerial.snappy_snappy-java-1.1.10.3.jar at spark://localhost:43611/jars/org.xerial.snappy_snappy-java-1.1.10.3.jar with timestamp 1719514811598
[2024-06-27T19:00:11.996+0000] {docker.py:413} INFO - 24/06/27 19:00:11 INFO SparkContext: Added JAR file:///opt/bitnami/spark/.ivy2/jars/org.slf4j_slf4j-api-2.0.7.jar at spark://localhost:43611/jars/org.slf4j_slf4j-api-2.0.7.jar with timestamp 1719514811598
[2024-06-27T19:00:11.997+0000] {docker.py:413} INFO - 24/06/27 19:00:11 INFO SparkContext: Added JAR file:///opt/bitnami/spark/.ivy2/jars/org.apache.hadoop_hadoop-client-api-3.3.4.jar at spark://localhost:43611/jars/org.apache.hadoop_hadoop-client-api-3.3.4.jar with timestamp 1719514811598
[2024-06-27T19:00:11.997+0000] {docker.py:413} INFO - 24/06/27 19:00:11 INFO SparkContext: Added JAR file:///opt/bitnami/spark/.ivy2/jars/commons-logging_commons-logging-1.1.3.jar at spark://localhost:43611/jars/commons-logging_commons-logging-1.1.3.jar with timestamp 1719514811598
[2024-06-27T19:00:11.997+0000] {docker.py:413} INFO - 24/06/27 19:00:11 INFO SparkContext: Added file file:///opt/bitnami/spark/.ivy2/jars/org.postgresql_postgresql-42.5.4.jar at file:///opt/bitnami/spark/.ivy2/jars/org.postgresql_postgresql-42.5.4.jar with timestamp 1719514811598
[2024-06-27T19:00:11.998+0000] {docker.py:413} INFO - 24/06/27 19:00:11 INFO Utils: Copying /opt/bitnami/spark/.ivy2/jars/org.postgresql_postgresql-42.5.4.jar to /tmp/spark-5bc7fac0-5f26-421e-be87-2563b89dc835/userFiles-506c6149-cb31-4cce-8967-00e3bf3af03b/org.postgresql_postgresql-42.5.4.jar
[2024-06-27T19:00:12.004+0000] {docker.py:413} INFO - 24/06/27 19:00:12 INFO SparkContext: Added file file:///opt/bitnami/spark/.ivy2/jars/org.apache.spark_spark-sql-kafka-0-10_2.12-3.5.0.jar at file:///opt/bitnami/spark/.ivy2/jars/org.apache.spark_spark-sql-kafka-0-10_2.12-3.5.0.jar with timestamp 1719514811598
[2024-06-27T19:00:12.004+0000] {docker.py:413} INFO - 24/06/27 19:00:12 INFO Utils: Copying /opt/bitnami/spark/.ivy2/jars/org.apache.spark_spark-sql-kafka-0-10_2.12-3.5.0.jar to /tmp/spark-5bc7fac0-5f26-421e-be87-2563b89dc835/userFiles-506c6149-cb31-4cce-8967-00e3bf3af03b/org.apache.spark_spark-sql-kafka-0-10_2.12-3.5.0.jar
[2024-06-27T19:00:12.006+0000] {docker.py:413} INFO - 24/06/27 19:00:12 INFO SparkContext: Added file file:///opt/bitnami/spark/.ivy2/jars/org.checkerframework_checker-qual-3.5.0.jar at file:///opt/bitnami/spark/.ivy2/jars/org.checkerframework_checker-qual-3.5.0.jar with timestamp 1719514811598
24/06/27 19:00:12 INFO Utils: Copying /opt/bitnami/spark/.ivy2/jars/org.checkerframework_checker-qual-3.5.0.jar to /tmp/spark-5bc7fac0-5f26-421e-be87-2563b89dc835/userFiles-506c6149-cb31-4cce-8967-00e3bf3af03b/org.checkerframework_checker-qual-3.5.0.jar
[2024-06-27T19:00:12.008+0000] {docker.py:413} INFO - 24/06/27 19:00:12 INFO SparkContext: Added file file:///opt/bitnami/spark/.ivy2/jars/org.apache.spark_spark-token-provider-kafka-0-10_2.12-3.5.0.jar at file:///opt/bitnami/spark/.ivy2/jars/org.apache.spark_spark-token-provider-kafka-0-10_2.12-3.5.0.jar with timestamp 1719514811598
[2024-06-27T19:00:12.008+0000] {docker.py:413} INFO - 24/06/27 19:00:12 INFO Utils: Copying /opt/bitnami/spark/.ivy2/jars/org.apache.spark_spark-token-provider-kafka-0-10_2.12-3.5.0.jar to /tmp/spark-5bc7fac0-5f26-421e-be87-2563b89dc835/userFiles-506c6149-cb31-4cce-8967-00e3bf3af03b/org.apache.spark_spark-token-provider-kafka-0-10_2.12-3.5.0.jar
[2024-06-27T19:00:12.010+0000] {docker.py:413} INFO - 24/06/27 19:00:12 INFO SparkContext: Added file file:///opt/bitnami/spark/.ivy2/jars/org.apache.kafka_kafka-clients-3.4.1.jar at file:///opt/bitnami/spark/.ivy2/jars/org.apache.kafka_kafka-clients-3.4.1.jar with timestamp 1719514811598
[2024-06-27T19:00:12.011+0000] {docker.py:413} INFO - 24/06/27 19:00:12 INFO Utils: Copying /opt/bitnami/spark/.ivy2/jars/org.apache.kafka_kafka-clients-3.4.1.jar to /tmp/spark-5bc7fac0-5f26-421e-be87-2563b89dc835/userFiles-506c6149-cb31-4cce-8967-00e3bf3af03b/org.apache.kafka_kafka-clients-3.4.1.jar
[2024-06-27T19:00:12.015+0000] {docker.py:413} INFO - 24/06/27 19:00:12 INFO SparkContext: Added file file:///opt/bitnami/spark/.ivy2/jars/com.google.code.findbugs_jsr305-3.0.0.jar at file:///opt/bitnami/spark/.ivy2/jars/com.google.code.findbugs_jsr305-3.0.0.jar with timestamp 1719514811598
24/06/27 19:00:12 INFO Utils: Copying /opt/bitnami/spark/.ivy2/jars/com.google.code.findbugs_jsr305-3.0.0.jar to /tmp/spark-5bc7fac0-5f26-421e-be87-2563b89dc835/userFiles-506c6149-cb31-4cce-8967-00e3bf3af03b/com.google.code.findbugs_jsr305-3.0.0.jar
[2024-06-27T19:00:12.016+0000] {docker.py:413} INFO - 24/06/27 19:00:12 INFO SparkContext: Added file file:///opt/bitnami/spark/.ivy2/jars/org.apache.commons_commons-pool2-2.11.1.jar at file:///opt/bitnami/spark/.ivy2/jars/org.apache.commons_commons-pool2-2.11.1.jar with timestamp 1719514811598
24/06/27 19:00:12 INFO Utils: Copying /opt/bitnami/spark/.ivy2/jars/org.apache.commons_commons-pool2-2.11.1.jar to /tmp/spark-5bc7fac0-5f26-421e-be87-2563b89dc835/userFiles-506c6149-cb31-4cce-8967-00e3bf3af03b/org.apache.commons_commons-pool2-2.11.1.jar
[2024-06-27T19:00:12.017+0000] {docker.py:413} INFO - 24/06/27 19:00:12 INFO SparkContext: Added file file:///opt/bitnami/spark/.ivy2/jars/org.apache.hadoop_hadoop-client-runtime-3.3.4.jar at file:///opt/bitnami/spark/.ivy2/jars/org.apache.hadoop_hadoop-client-runtime-3.3.4.jar with timestamp 1719514811598
[2024-06-27T19:00:12.018+0000] {docker.py:413} INFO - 24/06/27 19:00:12 INFO Utils: Copying /opt/bitnami/spark/.ivy2/jars/org.apache.hadoop_hadoop-client-runtime-3.3.4.jar to /tmp/spark-5bc7fac0-5f26-421e-be87-2563b89dc835/userFiles-506c6149-cb31-4cce-8967-00e3bf3af03b/org.apache.hadoop_hadoop-client-runtime-3.3.4.jar
[2024-06-27T19:00:12.046+0000] {docker.py:413} INFO - 24/06/27 19:00:12 INFO SparkContext: Added file file:///opt/bitnami/spark/.ivy2/jars/org.lz4_lz4-java-1.8.0.jar at file:///opt/bitnami/spark/.ivy2/jars/org.lz4_lz4-java-1.8.0.jar with timestamp 1719514811598
[2024-06-27T19:00:12.047+0000] {docker.py:413} INFO - 24/06/27 19:00:12 INFO Utils: Copying /opt/bitnami/spark/.ivy2/jars/org.lz4_lz4-java-1.8.0.jar to /tmp/spark-5bc7fac0-5f26-421e-be87-2563b89dc835/userFiles-506c6149-cb31-4cce-8967-00e3bf3af03b/org.lz4_lz4-java-1.8.0.jar
[2024-06-27T19:00:12.051+0000] {docker.py:413} INFO - 24/06/27 19:00:12 INFO SparkContext: Added file file:///opt/bitnami/spark/.ivy2/jars/org.xerial.snappy_snappy-java-1.1.10.3.jar at file:///opt/bitnami/spark/.ivy2/jars/org.xerial.snappy_snappy-java-1.1.10.3.jar with timestamp 1719514811598
[2024-06-27T19:00:12.052+0000] {docker.py:413} INFO - 24/06/27 19:00:12 INFO Utils: Copying /opt/bitnami/spark/.ivy2/jars/org.xerial.snappy_snappy-java-1.1.10.3.jar to /tmp/spark-5bc7fac0-5f26-421e-be87-2563b89dc835/userFiles-506c6149-cb31-4cce-8967-00e3bf3af03b/org.xerial.snappy_snappy-java-1.1.10.3.jar
[2024-06-27T19:00:12.055+0000] {docker.py:413} INFO - 24/06/27 19:00:12 INFO SparkContext: Added file file:///opt/bitnami/spark/.ivy2/jars/org.slf4j_slf4j-api-2.0.7.jar at file:///opt/bitnami/spark/.ivy2/jars/org.slf4j_slf4j-api-2.0.7.jar with timestamp 1719514811598
[2024-06-27T19:00:12.056+0000] {docker.py:413} INFO - 24/06/27 19:00:12 INFO Utils: Copying /opt/bitnami/spark/.ivy2/jars/org.slf4j_slf4j-api-2.0.7.jar to /tmp/spark-5bc7fac0-5f26-421e-be87-2563b89dc835/userFiles-506c6149-cb31-4cce-8967-00e3bf3af03b/org.slf4j_slf4j-api-2.0.7.jar
[2024-06-27T19:00:12.057+0000] {docker.py:413} INFO - 24/06/27 19:00:12 INFO SparkContext: Added file file:///opt/bitnami/spark/.ivy2/jars/org.apache.hadoop_hadoop-client-api-3.3.4.jar at file:///opt/bitnami/spark/.ivy2/jars/org.apache.hadoop_hadoop-client-api-3.3.4.jar with timestamp 1719514811598
[2024-06-27T19:00:12.058+0000] {docker.py:413} INFO - 24/06/27 19:00:12 INFO Utils: Copying /opt/bitnami/spark/.ivy2/jars/org.apache.hadoop_hadoop-client-api-3.3.4.jar to /tmp/spark-5bc7fac0-5f26-421e-be87-2563b89dc835/userFiles-506c6149-cb31-4cce-8967-00e3bf3af03b/org.apache.hadoop_hadoop-client-api-3.3.4.jar
[2024-06-27T19:00:12.073+0000] {docker.py:413} INFO - 24/06/27 19:00:12 INFO SparkContext: Added file file:///opt/bitnami/spark/.ivy2/jars/commons-logging_commons-logging-1.1.3.jar at file:///opt/bitnami/spark/.ivy2/jars/commons-logging_commons-logging-1.1.3.jar with timestamp 1719514811598
[2024-06-27T19:00:12.073+0000] {docker.py:413} INFO - 24/06/27 19:00:12 INFO Utils: Copying /opt/bitnami/spark/.ivy2/jars/commons-logging_commons-logging-1.1.3.jar to /tmp/spark-5bc7fac0-5f26-421e-be87-2563b89dc835/userFiles-506c6149-cb31-4cce-8967-00e3bf3af03b/commons-logging_commons-logging-1.1.3.jar
[2024-06-27T19:00:12.106+0000] {docker.py:413} INFO - 24/06/27 19:00:12 INFO Executor: Starting executor ID driver on host localhost
[2024-06-27T19:00:12.106+0000] {docker.py:413} INFO - 24/06/27 19:00:12 INFO Executor: OS info Linux, 6.6.12-linuxkit, aarch64
[2024-06-27T19:00:12.106+0000] {docker.py:413} INFO - 24/06/27 19:00:12 INFO Executor: Java version 17.0.10
[2024-06-27T19:00:12.109+0000] {docker.py:413} INFO - 24/06/27 19:00:12 INFO Executor: Starting executor with user classpath (userClassPathFirst = false): ''
[2024-06-27T19:00:12.109+0000] {docker.py:413} INFO - 24/06/27 19:00:12 INFO Executor: Created or updated repl class loader org.apache.spark.util.MutableURLClassLoader@1fa02dda for default.
[2024-06-27T19:00:12.114+0000] {docker.py:413} INFO - 24/06/27 19:00:12 INFO Executor: Fetching file:///opt/bitnami/spark/.ivy2/jars/org.apache.spark_spark-token-provider-kafka-0-10_2.12-3.5.0.jar with timestamp 1719514811598
[2024-06-27T19:00:12.123+0000] {docker.py:413} INFO - 24/06/27 19:00:12 INFO Utils: /opt/bitnami/spark/.ivy2/jars/org.apache.spark_spark-token-provider-kafka-0-10_2.12-3.5.0.jar has been previously copied to /tmp/spark-5bc7fac0-5f26-421e-be87-2563b89dc835/userFiles-506c6149-cb31-4cce-8967-00e3bf3af03b/org.apache.spark_spark-token-provider-kafka-0-10_2.12-3.5.0.jar
[2024-06-27T19:00:12.124+0000] {docker.py:413} INFO - 24/06/27 19:00:12 INFO Executor: Fetching file:///opt/bitnami/spark/.ivy2/jars/org.apache.hadoop_hadoop-client-runtime-3.3.4.jar with timestamp 1719514811598
[2024-06-27T19:00:12.149+0000] {docker.py:413} INFO - 24/06/27 19:00:12 INFO Utils: /opt/bitnami/spark/.ivy2/jars/org.apache.hadoop_hadoop-client-runtime-3.3.4.jar has been previously copied to /tmp/spark-5bc7fac0-5f26-421e-be87-2563b89dc835/userFiles-506c6149-cb31-4cce-8967-00e3bf3af03b/org.apache.hadoop_hadoop-client-runtime-3.3.4.jar
[2024-06-27T19:00:12.150+0000] {docker.py:413} INFO - 24/06/27 19:00:12 INFO Executor: Fetching file:///opt/bitnami/spark/.ivy2/jars/org.apache.commons_commons-pool2-2.11.1.jar with timestamp 1719514811598
[2024-06-27T19:00:12.150+0000] {docker.py:413} INFO - 24/06/27 19:00:12 INFO Utils: /opt/bitnami/spark/.ivy2/jars/org.apache.commons_commons-pool2-2.11.1.jar has been previously copied to /tmp/spark-5bc7fac0-5f26-421e-be87-2563b89dc835/userFiles-506c6149-cb31-4cce-8967-00e3bf3af03b/org.apache.commons_commons-pool2-2.11.1.jar
[2024-06-27T19:00:12.152+0000] {docker.py:413} INFO - 24/06/27 19:00:12 INFO Executor: Fetching file:///opt/bitnami/spark/.ivy2/jars/org.postgresql_postgresql-42.5.4.jar with timestamp 1719514811598
[2024-06-27T19:00:12.153+0000] {docker.py:413} INFO - 24/06/27 19:00:12 INFO Utils: /opt/bitnami/spark/.ivy2/jars/org.postgresql_postgresql-42.5.4.jar has been previously copied to /tmp/spark-5bc7fac0-5f26-421e-be87-2563b89dc835/userFiles-506c6149-cb31-4cce-8967-00e3bf3af03b/org.postgresql_postgresql-42.5.4.jar
[2024-06-27T19:00:12.154+0000] {docker.py:413} INFO - 24/06/27 19:00:12 INFO Executor: Fetching file:///opt/bitnami/spark/.ivy2/jars/org.slf4j_slf4j-api-2.0.7.jar with timestamp 1719514811598
[2024-06-27T19:00:12.155+0000] {docker.py:413} INFO - 24/06/27 19:00:12 INFO Utils: /opt/bitnami/spark/.ivy2/jars/org.slf4j_slf4j-api-2.0.7.jar has been previously copied to /tmp/spark-5bc7fac0-5f26-421e-be87-2563b89dc835/userFiles-506c6149-cb31-4cce-8967-00e3bf3af03b/org.slf4j_slf4j-api-2.0.7.jar
[2024-06-27T19:00:12.156+0000] {docker.py:413} INFO - 24/06/27 19:00:12 INFO Executor: Fetching file:///opt/bitnami/spark/.ivy2/jars/org.apache.kafka_kafka-clients-3.4.1.jar with timestamp 1719514811598
[2024-06-27T19:00:12.160+0000] {docker.py:413} INFO - 24/06/27 19:00:12 INFO Utils: /opt/bitnami/spark/.ivy2/jars/org.apache.kafka_kafka-clients-3.4.1.jar has been previously copied to /tmp/spark-5bc7fac0-5f26-421e-be87-2563b89dc835/userFiles-506c6149-cb31-4cce-8967-00e3bf3af03b/org.apache.kafka_kafka-clients-3.4.1.jar
[2024-06-27T19:00:12.161+0000] {docker.py:413} INFO - 24/06/27 19:00:12 INFO Executor: Fetching file:///opt/bitnami/spark/.ivy2/jars/com.google.code.findbugs_jsr305-3.0.0.jar with timestamp 1719514811598
[2024-06-27T19:00:12.161+0000] {docker.py:413} INFO - 24/06/27 19:00:12 INFO Utils: /opt/bitnami/spark/.ivy2/jars/com.google.code.findbugs_jsr305-3.0.0.jar has been previously copied to /tmp/spark-5bc7fac0-5f26-421e-be87-2563b89dc835/userFiles-506c6149-cb31-4cce-8967-00e3bf3af03b/com.google.code.findbugs_jsr305-3.0.0.jar
[2024-06-27T19:00:12.163+0000] {docker.py:413} INFO - 24/06/27 19:00:12 INFO Executor: Fetching file:///opt/bitnami/spark/.ivy2/jars/org.lz4_lz4-java-1.8.0.jar with timestamp 1719514811598
[2024-06-27T19:00:12.163+0000] {docker.py:413} INFO - 24/06/27 19:00:12 INFO Utils: /opt/bitnami/spark/.ivy2/jars/org.lz4_lz4-java-1.8.0.jar has been previously copied to /tmp/spark-5bc7fac0-5f26-421e-be87-2563b89dc835/userFiles-506c6149-cb31-4cce-8967-00e3bf3af03b/org.lz4_lz4-java-1.8.0.jar
[2024-06-27T19:00:12.164+0000] {docker.py:413} INFO - 24/06/27 19:00:12 INFO Executor: Fetching file:///opt/bitnami/spark/.ivy2/jars/org.apache.spark_spark-sql-kafka-0-10_2.12-3.5.0.jar with timestamp 1719514811598
[2024-06-27T19:00:12.165+0000] {docker.py:413} INFO - 24/06/27 19:00:12 INFO Utils: /opt/bitnami/spark/.ivy2/jars/org.apache.spark_spark-sql-kafka-0-10_2.12-3.5.0.jar has been previously copied to /tmp/spark-5bc7fac0-5f26-421e-be87-2563b89dc835/userFiles-506c6149-cb31-4cce-8967-00e3bf3af03b/org.apache.spark_spark-sql-kafka-0-10_2.12-3.5.0.jar
[2024-06-27T19:00:12.166+0000] {docker.py:413} INFO - 24/06/27 19:00:12 INFO Executor: Fetching file:///opt/bitnami/spark/.ivy2/jars/org.apache.hadoop_hadoop-client-api-3.3.4.jar with timestamp 1719514811598
[2024-06-27T19:00:12.175+0000] {docker.py:413} INFO - 24/06/27 19:00:12 INFO Utils: /opt/bitnami/spark/.ivy2/jars/org.apache.hadoop_hadoop-client-api-3.3.4.jar has been previously copied to /tmp/spark-5bc7fac0-5f26-421e-be87-2563b89dc835/userFiles-506c6149-cb31-4cce-8967-00e3bf3af03b/org.apache.hadoop_hadoop-client-api-3.3.4.jar
[2024-06-27T19:00:12.176+0000] {docker.py:413} INFO - 24/06/27 19:00:12 INFO Executor: Fetching file:///opt/bitnami/spark/.ivy2/jars/commons-logging_commons-logging-1.1.3.jar with timestamp 1719514811598
[2024-06-27T19:00:12.177+0000] {docker.py:413} INFO - 24/06/27 19:00:12 INFO Utils: /opt/bitnami/spark/.ivy2/jars/commons-logging_commons-logging-1.1.3.jar has been previously copied to /tmp/spark-5bc7fac0-5f26-421e-be87-2563b89dc835/userFiles-506c6149-cb31-4cce-8967-00e3bf3af03b/commons-logging_commons-logging-1.1.3.jar
[2024-06-27T19:00:12.178+0000] {docker.py:413} INFO - 24/06/27 19:00:12 INFO Executor: Fetching file:///opt/bitnami/spark/.ivy2/jars/org.checkerframework_checker-qual-3.5.0.jar with timestamp 1719514811598
[2024-06-27T19:00:12.178+0000] {docker.py:413} INFO - 24/06/27 19:00:12 INFO Utils: /opt/bitnami/spark/.ivy2/jars/org.checkerframework_checker-qual-3.5.0.jar has been previously copied to /tmp/spark-5bc7fac0-5f26-421e-be87-2563b89dc835/userFiles-506c6149-cb31-4cce-8967-00e3bf3af03b/org.checkerframework_checker-qual-3.5.0.jar
[2024-06-27T19:00:12.180+0000] {docker.py:413} INFO - 24/06/27 19:00:12 INFO Executor: Fetching file:///opt/bitnami/spark/.ivy2/jars/org.xerial.snappy_snappy-java-1.1.10.3.jar with timestamp 1719514811598
[2024-06-27T19:00:12.181+0000] {docker.py:413} INFO - 24/06/27 19:00:12 INFO Utils: /opt/bitnami/spark/.ivy2/jars/org.xerial.snappy_snappy-java-1.1.10.3.jar has been previously copied to /tmp/spark-5bc7fac0-5f26-421e-be87-2563b89dc835/userFiles-506c6149-cb31-4cce-8967-00e3bf3af03b/org.xerial.snappy_snappy-java-1.1.10.3.jar
[2024-06-27T19:00:12.184+0000] {docker.py:413} INFO - 24/06/27 19:00:12 INFO Executor: Fetching spark://localhost:43611/jars/org.apache.kafka_kafka-clients-3.4.1.jar with timestamp 1719514811598
[2024-06-27T19:00:12.210+0000] {docker.py:413} INFO - 24/06/27 19:00:12 INFO TransportClientFactory: Successfully created connection to localhost/127.0.0.1:43611 after 18 ms (0 ms spent in bootstraps)
[2024-06-27T19:00:12.213+0000] {docker.py:413} INFO - 24/06/27 19:00:12 INFO Utils: Fetching spark://localhost:43611/jars/org.apache.kafka_kafka-clients-3.4.1.jar to /tmp/spark-5bc7fac0-5f26-421e-be87-2563b89dc835/userFiles-506c6149-cb31-4cce-8967-00e3bf3af03b/fetchFileTemp1072002291902279386.tmp
[2024-06-27T19:00:12.238+0000] {docker.py:413} INFO - 24/06/27 19:00:12 INFO Utils: /tmp/spark-5bc7fac0-5f26-421e-be87-2563b89dc835/userFiles-506c6149-cb31-4cce-8967-00e3bf3af03b/fetchFileTemp1072002291902279386.tmp has been previously copied to /tmp/spark-5bc7fac0-5f26-421e-be87-2563b89dc835/userFiles-506c6149-cb31-4cce-8967-00e3bf3af03b/org.apache.kafka_kafka-clients-3.4.1.jar
[2024-06-27T19:00:12.239+0000] {docker.py:413} INFO - 24/06/27 19:00:12 INFO Executor: Adding file:/tmp/spark-5bc7fac0-5f26-421e-be87-2563b89dc835/userFiles-506c6149-cb31-4cce-8967-00e3bf3af03b/org.apache.kafka_kafka-clients-3.4.1.jar to class loader default
[2024-06-27T19:00:12.240+0000] {docker.py:413} INFO - 24/06/27 19:00:12 INFO Executor: Fetching spark://localhost:43611/jars/org.apache.spark_spark-token-provider-kafka-0-10_2.12-3.5.0.jar with timestamp 1719514811598
[2024-06-27T19:00:12.240+0000] {docker.py:413} INFO - 24/06/27 19:00:12 INFO Utils: Fetching spark://localhost:43611/jars/org.apache.spark_spark-token-provider-kafka-0-10_2.12-3.5.0.jar to /tmp/spark-5bc7fac0-5f26-421e-be87-2563b89dc835/userFiles-506c6149-cb31-4cce-8967-00e3bf3af03b/fetchFileTemp517249590963352380.tmp
[2024-06-27T19:00:12.241+0000] {docker.py:413} INFO - 24/06/27 19:00:12 INFO Utils: /tmp/spark-5bc7fac0-5f26-421e-be87-2563b89dc835/userFiles-506c6149-cb31-4cce-8967-00e3bf3af03b/fetchFileTemp517249590963352380.tmp has been previously copied to /tmp/spark-5bc7fac0-5f26-421e-be87-2563b89dc835/userFiles-506c6149-cb31-4cce-8967-00e3bf3af03b/org.apache.spark_spark-token-provider-kafka-0-10_2.12-3.5.0.jar
[2024-06-27T19:00:12.243+0000] {docker.py:413} INFO - 24/06/27 19:00:12 INFO Executor: Adding file:/tmp/spark-5bc7fac0-5f26-421e-be87-2563b89dc835/userFiles-506c6149-cb31-4cce-8967-00e3bf3af03b/org.apache.spark_spark-token-provider-kafka-0-10_2.12-3.5.0.jar to class loader default
[2024-06-27T19:00:12.244+0000] {docker.py:413} INFO - 24/06/27 19:00:12 INFO Executor: Fetching spark://localhost:43611/jars/commons-logging_commons-logging-1.1.3.jar with timestamp 1719514811598
[2024-06-27T19:00:12.245+0000] {docker.py:413} INFO - 24/06/27 19:00:12 INFO Utils: Fetching spark://localhost:43611/jars/commons-logging_commons-logging-1.1.3.jar to /tmp/spark-5bc7fac0-5f26-421e-be87-2563b89dc835/userFiles-506c6149-cb31-4cce-8967-00e3bf3af03b/fetchFileTemp10544988511478417930.tmp
[2024-06-27T19:00:12.245+0000] {docker.py:413} INFO - 24/06/27 19:00:12 INFO Utils: /tmp/spark-5bc7fac0-5f26-421e-be87-2563b89dc835/userFiles-506c6149-cb31-4cce-8967-00e3bf3af03b/fetchFileTemp10544988511478417930.tmp has been previously copied to /tmp/spark-5bc7fac0-5f26-421e-be87-2563b89dc835/userFiles-506c6149-cb31-4cce-8967-00e3bf3af03b/commons-logging_commons-logging-1.1.3.jar
[2024-06-27T19:00:12.246+0000] {docker.py:413} INFO - 24/06/27 19:00:12 INFO Executor: Adding file:/tmp/spark-5bc7fac0-5f26-421e-be87-2563b89dc835/userFiles-506c6149-cb31-4cce-8967-00e3bf3af03b/commons-logging_commons-logging-1.1.3.jar to class loader default
[2024-06-27T19:00:12.247+0000] {docker.py:413} INFO - 24/06/27 19:00:12 INFO Executor: Fetching spark://localhost:43611/jars/org.apache.commons_commons-pool2-2.11.1.jar with timestamp 1719514811598
[2024-06-27T19:00:12.247+0000] {docker.py:413} INFO - 24/06/27 19:00:12 INFO Utils: Fetching spark://localhost:43611/jars/org.apache.commons_commons-pool2-2.11.1.jar to /tmp/spark-5bc7fac0-5f26-421e-be87-2563b89dc835/userFiles-506c6149-cb31-4cce-8967-00e3bf3af03b/fetchFileTemp5747807123357528232.tmp
[2024-06-27T19:00:12.248+0000] {docker.py:413} INFO - 24/06/27 19:00:12 INFO Utils: /tmp/spark-5bc7fac0-5f26-421e-be87-2563b89dc835/userFiles-506c6149-cb31-4cce-8967-00e3bf3af03b/fetchFileTemp5747807123357528232.tmp has been previously copied to /tmp/spark-5bc7fac0-5f26-421e-be87-2563b89dc835/userFiles-506c6149-cb31-4cce-8967-00e3bf3af03b/org.apache.commons_commons-pool2-2.11.1.jar
[2024-06-27T19:00:12.249+0000] {docker.py:413} INFO - 24/06/27 19:00:12 INFO Executor: Adding file:/tmp/spark-5bc7fac0-5f26-421e-be87-2563b89dc835/userFiles-506c6149-cb31-4cce-8967-00e3bf3af03b/org.apache.commons_commons-pool2-2.11.1.jar to class loader default
24/06/27 19:00:12 INFO Executor: Fetching spark://localhost:43611/jars/org.apache.hadoop_hadoop-client-api-3.3.4.jar with timestamp 1719514811598
[2024-06-27T19:00:12.249+0000] {docker.py:413} INFO - 24/06/27 19:00:12 INFO Utils: Fetching spark://localhost:43611/jars/org.apache.hadoop_hadoop-client-api-3.3.4.jar to /tmp/spark-5bc7fac0-5f26-421e-be87-2563b89dc835/userFiles-506c6149-cb31-4cce-8967-00e3bf3af03b/fetchFileTemp18317713577947060486.tmp
[2024-06-27T19:00:12.295+0000] {docker.py:413} INFO - 24/06/27 19:00:12 INFO Utils: /tmp/spark-5bc7fac0-5f26-421e-be87-2563b89dc835/userFiles-506c6149-cb31-4cce-8967-00e3bf3af03b/fetchFileTemp18317713577947060486.tmp has been previously copied to /tmp/spark-5bc7fac0-5f26-421e-be87-2563b89dc835/userFiles-506c6149-cb31-4cce-8967-00e3bf3af03b/org.apache.hadoop_hadoop-client-api-3.3.4.jar
[2024-06-27T19:00:12.298+0000] {docker.py:413} INFO - 24/06/27 19:00:12 INFO Executor: Adding file:/tmp/spark-5bc7fac0-5f26-421e-be87-2563b89dc835/userFiles-506c6149-cb31-4cce-8967-00e3bf3af03b/org.apache.hadoop_hadoop-client-api-3.3.4.jar to class loader default
[2024-06-27T19:00:12.298+0000] {docker.py:413} INFO - 24/06/27 19:00:12 INFO Executor: Fetching spark://localhost:43611/jars/org.apache.spark_spark-sql-kafka-0-10_2.12-3.5.0.jar with timestamp 1719514811598
[2024-06-27T19:00:12.298+0000] {docker.py:413} INFO - 24/06/27 19:00:12 INFO Utils: Fetching spark://localhost:43611/jars/org.apache.spark_spark-sql-kafka-0-10_2.12-3.5.0.jar to /tmp/spark-5bc7fac0-5f26-421e-be87-2563b89dc835/userFiles-506c6149-cb31-4cce-8967-00e3bf3af03b/fetchFileTemp220390169290160221.tmp
[2024-06-27T19:00:12.300+0000] {docker.py:413} INFO - 24/06/27 19:00:12 INFO Utils: /tmp/spark-5bc7fac0-5f26-421e-be87-2563b89dc835/userFiles-506c6149-cb31-4cce-8967-00e3bf3af03b/fetchFileTemp220390169290160221.tmp has been previously copied to /tmp/spark-5bc7fac0-5f26-421e-be87-2563b89dc835/userFiles-506c6149-cb31-4cce-8967-00e3bf3af03b/org.apache.spark_spark-sql-kafka-0-10_2.12-3.5.0.jar
[2024-06-27T19:00:12.302+0000] {docker.py:413} INFO - 24/06/27 19:00:12 INFO Executor: Adding file:/tmp/spark-5bc7fac0-5f26-421e-be87-2563b89dc835/userFiles-506c6149-cb31-4cce-8967-00e3bf3af03b/org.apache.spark_spark-sql-kafka-0-10_2.12-3.5.0.jar to class loader default
24/06/27 19:00:12 INFO Executor: Fetching spark://localhost:43611/jars/org.xerial.snappy_snappy-java-1.1.10.3.jar with timestamp 1719514811598
[2024-06-27T19:00:12.302+0000] {docker.py:413} INFO - 24/06/27 19:00:12 INFO Utils: Fetching spark://localhost:43611/jars/org.xerial.snappy_snappy-java-1.1.10.3.jar to /tmp/spark-5bc7fac0-5f26-421e-be87-2563b89dc835/userFiles-506c6149-cb31-4cce-8967-00e3bf3af03b/fetchFileTemp18099141246848293253.tmp
[2024-06-27T19:00:12.306+0000] {docker.py:413} INFO - 24/06/27 19:00:12 INFO Utils: /tmp/spark-5bc7fac0-5f26-421e-be87-2563b89dc835/userFiles-506c6149-cb31-4cce-8967-00e3bf3af03b/fetchFileTemp18099141246848293253.tmp has been previously copied to /tmp/spark-5bc7fac0-5f26-421e-be87-2563b89dc835/userFiles-506c6149-cb31-4cce-8967-00e3bf3af03b/org.xerial.snappy_snappy-java-1.1.10.3.jar
[2024-06-27T19:00:12.308+0000] {docker.py:413} INFO - 24/06/27 19:00:12 INFO Executor: Adding file:/tmp/spark-5bc7fac0-5f26-421e-be87-2563b89dc835/userFiles-506c6149-cb31-4cce-8967-00e3bf3af03b/org.xerial.snappy_snappy-java-1.1.10.3.jar to class loader default
[2024-06-27T19:00:12.308+0000] {docker.py:413} INFO - 24/06/27 19:00:12 INFO Executor: Fetching spark://localhost:43611/jars/org.apache.hadoop_hadoop-client-runtime-3.3.4.jar with timestamp 1719514811598
[2024-06-27T19:00:12.309+0000] {docker.py:413} INFO - 24/06/27 19:00:12 INFO Utils: Fetching spark://localhost:43611/jars/org.apache.hadoop_hadoop-client-runtime-3.3.4.jar to /tmp/spark-5bc7fac0-5f26-421e-be87-2563b89dc835/userFiles-506c6149-cb31-4cce-8967-00e3bf3af03b/fetchFileTemp15660531837675356845.tmp
[2024-06-27T19:00:12.360+0000] {docker.py:413} INFO - 24/06/27 19:00:12 INFO Utils: /tmp/spark-5bc7fac0-5f26-421e-be87-2563b89dc835/userFiles-506c6149-cb31-4cce-8967-00e3bf3af03b/fetchFileTemp15660531837675356845.tmp has been previously copied to /tmp/spark-5bc7fac0-5f26-421e-be87-2563b89dc835/userFiles-506c6149-cb31-4cce-8967-00e3bf3af03b/org.apache.hadoop_hadoop-client-runtime-3.3.4.jar
[2024-06-27T19:00:12.364+0000] {docker.py:413} INFO - 24/06/27 19:00:12 INFO Executor: Adding file:/tmp/spark-5bc7fac0-5f26-421e-be87-2563b89dc835/userFiles-506c6149-cb31-4cce-8967-00e3bf3af03b/org.apache.hadoop_hadoop-client-runtime-3.3.4.jar to class loader default
[2024-06-27T19:00:12.364+0000] {docker.py:413} INFO - 24/06/27 19:00:12 INFO Executor: Fetching spark://localhost:43611/jars/com.google.code.findbugs_jsr305-3.0.0.jar with timestamp 1719514811598
[2024-06-27T19:00:12.365+0000] {docker.py:413} INFO - 24/06/27 19:00:12 INFO Utils: Fetching spark://localhost:43611/jars/com.google.code.findbugs_jsr305-3.0.0.jar to /tmp/spark-5bc7fac0-5f26-421e-be87-2563b89dc835/userFiles-506c6149-cb31-4cce-8967-00e3bf3af03b/fetchFileTemp10494394389531525062.tmp
[2024-06-27T19:00:12.366+0000] {docker.py:413} INFO - 24/06/27 19:00:12 INFO Utils: /tmp/spark-5bc7fac0-5f26-421e-be87-2563b89dc835/userFiles-506c6149-cb31-4cce-8967-00e3bf3af03b/fetchFileTemp10494394389531525062.tmp has been previously copied to /tmp/spark-5bc7fac0-5f26-421e-be87-2563b89dc835/userFiles-506c6149-cb31-4cce-8967-00e3bf3af03b/com.google.code.findbugs_jsr305-3.0.0.jar
[2024-06-27T19:00:12.367+0000] {docker.py:413} INFO - 24/06/27 19:00:12 INFO Executor: Adding file:/tmp/spark-5bc7fac0-5f26-421e-be87-2563b89dc835/userFiles-506c6149-cb31-4cce-8967-00e3bf3af03b/com.google.code.findbugs_jsr305-3.0.0.jar to class loader default
24/06/27 19:00:12 INFO Executor: Fetching spark://localhost:43611/jars/org.checkerframework_checker-qual-3.5.0.jar with timestamp 1719514811598
[2024-06-27T19:00:12.368+0000] {docker.py:413} INFO - 24/06/27 19:00:12 INFO Utils: Fetching spark://localhost:43611/jars/org.checkerframework_checker-qual-3.5.0.jar to /tmp/spark-5bc7fac0-5f26-421e-be87-2563b89dc835/userFiles-506c6149-cb31-4cce-8967-00e3bf3af03b/fetchFileTemp9761069265330091269.tmp
[2024-06-27T19:00:12.369+0000] {docker.py:413} INFO - 24/06/27 19:00:12 INFO Utils: /tmp/spark-5bc7fac0-5f26-421e-be87-2563b89dc835/userFiles-506c6149-cb31-4cce-8967-00e3bf3af03b/fetchFileTemp9761069265330091269.tmp has been previously copied to /tmp/spark-5bc7fac0-5f26-421e-be87-2563b89dc835/userFiles-506c6149-cb31-4cce-8967-00e3bf3af03b/org.checkerframework_checker-qual-3.5.0.jar
[2024-06-27T19:00:12.371+0000] {docker.py:413} INFO - 24/06/27 19:00:12 INFO Executor: Adding file:/tmp/spark-5bc7fac0-5f26-421e-be87-2563b89dc835/userFiles-506c6149-cb31-4cce-8967-00e3bf3af03b/org.checkerframework_checker-qual-3.5.0.jar to class loader default
[2024-06-27T19:00:12.371+0000] {docker.py:413} INFO - 24/06/27 19:00:12 INFO Executor: Fetching spark://localhost:43611/jars/org.lz4_lz4-java-1.8.0.jar with timestamp 1719514811598
[2024-06-27T19:00:12.371+0000] {docker.py:413} INFO - 24/06/27 19:00:12 INFO Utils: Fetching spark://localhost:43611/jars/org.lz4_lz4-java-1.8.0.jar to /tmp/spark-5bc7fac0-5f26-421e-be87-2563b89dc835/userFiles-506c6149-cb31-4cce-8967-00e3bf3af03b/fetchFileTemp12337791488125058736.tmp
[2024-06-27T19:00:12.373+0000] {docker.py:413} INFO - 24/06/27 19:00:12 INFO Utils: /tmp/spark-5bc7fac0-5f26-421e-be87-2563b89dc835/userFiles-506c6149-cb31-4cce-8967-00e3bf3af03b/fetchFileTemp12337791488125058736.tmp has been previously copied to /tmp/spark-5bc7fac0-5f26-421e-be87-2563b89dc835/userFiles-506c6149-cb31-4cce-8967-00e3bf3af03b/org.lz4_lz4-java-1.8.0.jar
[2024-06-27T19:00:12.375+0000] {docker.py:413} INFO - 24/06/27 19:00:12 INFO Executor: Adding file:/tmp/spark-5bc7fac0-5f26-421e-be87-2563b89dc835/userFiles-506c6149-cb31-4cce-8967-00e3bf3af03b/org.lz4_lz4-java-1.8.0.jar to class loader default
[2024-06-27T19:00:12.375+0000] {docker.py:413} INFO - 24/06/27 19:00:12 INFO Executor: Fetching spark://localhost:43611/jars/org.slf4j_slf4j-api-2.0.7.jar with timestamp 1719514811598
[2024-06-27T19:00:12.376+0000] {docker.py:413} INFO - 24/06/27 19:00:12 INFO Utils: Fetching spark://localhost:43611/jars/org.slf4j_slf4j-api-2.0.7.jar to /tmp/spark-5bc7fac0-5f26-421e-be87-2563b89dc835/userFiles-506c6149-cb31-4cce-8967-00e3bf3af03b/fetchFileTemp16491085686076256691.tmp
[2024-06-27T19:00:12.376+0000] {docker.py:413} INFO - 24/06/27 19:00:12 INFO Utils: /tmp/spark-5bc7fac0-5f26-421e-be87-2563b89dc835/userFiles-506c6149-cb31-4cce-8967-00e3bf3af03b/fetchFileTemp16491085686076256691.tmp has been previously copied to /tmp/spark-5bc7fac0-5f26-421e-be87-2563b89dc835/userFiles-506c6149-cb31-4cce-8967-00e3bf3af03b/org.slf4j_slf4j-api-2.0.7.jar
[2024-06-27T19:00:12.378+0000] {docker.py:413} INFO - 24/06/27 19:00:12 INFO Executor: Adding file:/tmp/spark-5bc7fac0-5f26-421e-be87-2563b89dc835/userFiles-506c6149-cb31-4cce-8967-00e3bf3af03b/org.slf4j_slf4j-api-2.0.7.jar to class loader default
24/06/27 19:00:12 INFO Executor: Fetching spark://localhost:43611/jars/org.postgresql_postgresql-42.5.4.jar with timestamp 1719514811598
[2024-06-27T19:00:12.378+0000] {docker.py:413} INFO - 24/06/27 19:00:12 INFO Utils: Fetching spark://localhost:43611/jars/org.postgresql_postgresql-42.5.4.jar to /tmp/spark-5bc7fac0-5f26-421e-be87-2563b89dc835/userFiles-506c6149-cb31-4cce-8967-00e3bf3af03b/fetchFileTemp2827593405499328778.tmp
[2024-06-27T19:00:12.380+0000] {docker.py:413} INFO - 24/06/27 19:00:12 INFO Utils: /tmp/spark-5bc7fac0-5f26-421e-be87-2563b89dc835/userFiles-506c6149-cb31-4cce-8967-00e3bf3af03b/fetchFileTemp2827593405499328778.tmp has been previously copied to /tmp/spark-5bc7fac0-5f26-421e-be87-2563b89dc835/userFiles-506c6149-cb31-4cce-8967-00e3bf3af03b/org.postgresql_postgresql-42.5.4.jar
[2024-06-27T19:00:12.382+0000] {docker.py:413} INFO - 24/06/27 19:00:12 INFO Executor: Adding file:/tmp/spark-5bc7fac0-5f26-421e-be87-2563b89dc835/userFiles-506c6149-cb31-4cce-8967-00e3bf3af03b/org.postgresql_postgresql-42.5.4.jar to class loader default
[2024-06-27T19:00:12.387+0000] {docker.py:413} INFO - 24/06/27 19:00:12 INFO Utils: Successfully started service 'org.apache.spark.network.netty.NettyBlockTransferService' on port 38247.
[2024-06-27T19:00:12.388+0000] {docker.py:413} INFO - 24/06/27 19:00:12 INFO NettyBlockTransferService: Server created on localhost:38247
[2024-06-27T19:00:12.389+0000] {docker.py:413} INFO - 24/06/27 19:00:12 INFO BlockManager: Using org.apache.spark.storage.RandomBlockReplicationPolicy for block replication policy
[2024-06-27T19:00:12.393+0000] {docker.py:413} INFO - 24/06/27 19:00:12 INFO BlockManagerMaster: Registering BlockManager BlockManagerId(driver, localhost, 38247, None)
[2024-06-27T19:00:12.394+0000] {docker.py:413} INFO - 24/06/27 19:00:12 INFO BlockManagerMasterEndpoint: Registering block manager localhost:38247 with 434.4 MiB RAM, BlockManagerId(driver, localhost, 38247, None)
[2024-06-27T19:00:12.396+0000] {docker.py:413} INFO - 24/06/27 19:00:12 INFO BlockManagerMaster: Registered BlockManager BlockManagerId(driver, localhost, 38247, None)
[2024-06-27T19:00:12.396+0000] {docker.py:413} INFO - 24/06/27 19:00:12 INFO BlockManager: Initialized BlockManager: BlockManagerId(driver, localhost, 38247, None)
[2024-06-27T19:00:12.623+0000] {docker.py:413} INFO - 2024-06-27 19:00:12,623:create_spark_session:INFO:Spark session created successfully
[2024-06-27T19:00:12.627+0000] {docker.py:413} INFO - 24/06/27 19:00:12 INFO SharedState: Setting hive.metastore.warehouse.dir ('null') to the value of spark.sql.warehouse.dir.
[2024-06-27T19:00:12.631+0000] {docker.py:413} INFO - 24/06/27 19:00:12 INFO SharedState: Warehouse path is 'file:/opt/bitnami/spark/spark-warehouse'.
[2024-06-27T19:00:13.341+0000] {docker.py:413} INFO - 2024-06-27 19:00:13,340:create_initial_dataframe:INFO:Initial dataframe created successfully
[2024-06-27T19:00:13.560+0000] {docker.py:413} INFO - Traceback (most recent call last):
  File "/opt/bitnami/spark/spark_streaming.py", line 103, in <module>
[2024-06-27T19:00:13.561+0000] {docker.py:413} INFO - write_to_postgres()
  File "/opt/bitnami/spark/spark_streaming.py", line 99, in write_to_postgres
    start_streaming(df_final, spark=spark)
[2024-06-27T19:00:13.561+0000] {docker.py:413} INFO - File "/opt/bitnami/spark/spark_streaming.py", line 71, in start_streaming
[2024-06-27T19:00:13.561+0000] {docker.py:413} INFO - existing_data_df = spark.read.jdbc(
                       ^^^^^^^^^^^^^^^^
  File "/opt/bitnami/spark/python/lib/pyspark.zip/pyspark/sql/readwriter.py", line 946, in jdbc
[2024-06-27T19:00:13.562+0000] {docker.py:413} INFO - File "/opt/bitnami/spark/python/lib/py4j-0.10.9.7-src.zip/py4j/java_gateway.py", line 1322, in __call__
[2024-06-27T19:00:13.562+0000] {docker.py:413} INFO - File "/opt/bitnami/spark/python/lib/pyspark.zip/pyspark/errors/exceptions/captured.py", line 179, in deco
[2024-06-27T19:00:13.563+0000] {docker.py:413} INFO - File "/opt/bitnami/spark/python/lib/py4j-0.10.9.7-src.zip/py4j/protocol.py", line 326, in get_return_value
[2024-06-27T19:00:13.563+0000] {docker.py:413} INFO - py4j.protocol.Py4JJavaError
[2024-06-27T19:00:13.563+0000] {docker.py:413} INFO - : An error occurred while calling o50.jdbc.
: org.postgresql.util.PSQLException: Connection to host.docker.internal:5432 refused. Check that the hostname and port are correct and that the postmaster is accepting TCP/IP connections.
	at org.postgresql.core.v3.ConnectionFactoryImpl.openConnectionImpl(ConnectionFactoryImpl.java:342)
	at org.postgresql.core.ConnectionFactory.openConnection(ConnectionFactory.java:54)
	at org.postgresql.jdbc.PgConnection.<init>(PgConnection.java:253)
	at org.postgresql.Driver.makeConnection(Driver.java:434)
	at org.postgresql.Driver.connect(Driver.java:291)
	at org.apache.spark.sql.execution.datasources.jdbc.connection.BasicConnectionProvider.getConnection(BasicConnectionProvider.scala:49)
	at org.apache.spark.sql.execution.datasources.jdbc.connection.ConnectionProviderBase.create(ConnectionProvider.scala:102)
	at org.apache.spark.sql.jdbc.JdbcDialect.$anonfun$createConnectionFactory$1(JdbcDialects.scala:160)
	at org.apache.spark.sql.jdbc.JdbcDialect.$anonfun$createConnectionFactory$1$adapted(JdbcDialects.scala:156)
	at org.apache.spark.sql.execution.datasources.jdbc.JDBCRDD$.getQueryOutputSchema(JDBCRDD.scala:63)
	at org.apache.spark.sql.execution.datasources.jdbc.JDBCRDD$.resolveTable(JDBCRDD.scala:58)
	at org.apache.spark.sql.execution.datasources.jdbc.JDBCRelation$.getSchema(JDBCRelation.scala:241)
	at org.apache.spark.sql.execution.datasources.jdbc.JdbcRelationProvider.createRelation(JdbcRelationProvider.scala:37)
	at org.apache.spark.sql.execution.datasources.DataSource.resolveRelation(DataSource.scala:346)
	at org.apache.spark.sql.DataFrameReader.loadV1Source(DataFrameReader.scala:229)
	at org.apache.spark.sql.DataFrameReader.$anonfun$load$2(DataFrameReader.scala:211)
	at scala.Option.getOrElse(Option.scala:189)
	at org.apache.spark.sql.DataFrameReader.load(DataFrameReader.scala:211)
	at org.apache.spark.sql.DataFrameReader.load(DataFrameReader.scala:172)
	at org.apache.spark.sql.DataFrameReader.jdbc(DataFrameReader.scala:249)
	at java.base/jdk.internal.reflect.NativeMethodAccessorImpl.invoke0(Native Method)
	at java.base/jdk.internal.reflect.NativeMethodAccessorImpl.invoke(NativeMethodAccessorImpl.java:77)
	at java.base/jdk.internal.reflect.DelegatingMethodAccessorImpl.invoke(DelegatingMethodAccessorImpl.java:43)
	at java.base/java.lang.reflect.Method.invoke(Method.java:568)
	at py4j.reflection.MethodInvoker.invoke(MethodInvoker.java:244)
	at py4j.reflection.ReflectionEngine.invoke(ReflectionEngine.java:374)
	at py4j.Gateway.invoke(Gateway.java:282)
	at py4j.commands.AbstractCommand.invokeMethod(AbstractCommand.java:132)
	at py4j.commands.CallCommand.execute(CallCommand.java:79)
	at py4j.ClientServerConnection.waitForCommands(ClientServerConnection.java:182)
	at py4j.ClientServerConnection.run(ClientServerConnection.java:106)
	at java.base/java.lang.Thread.run(Thread.java:840)
Caused by: java.net.ConnectException: Connection refused
	at java.base/sun.nio.ch.Net.pollConnect(Native Method)
	at java.base/sun.nio.ch.Net.pollConnectNow(Net.java:672)
	at java.base/sun.nio.ch.NioSocketImpl.timedFinishConnect(NioSocketImpl.java:554)
	at java.base/sun.nio.ch.NioSocketImpl.connect(NioSocketImpl.java:602)
	at java.base/java.net.SocksSocketImpl.connect(SocksSocketImpl.java:327)
	at java.base/java.net.Socket.connect(Socket.java:633)
	at org.postgresql.core.PGStream.createSocket(PGStream.java:243)
	at org.postgresql.core.PGStream.<init>(PGStream.java:98)
	at org.postgresql.core.v3.ConnectionFactoryImpl.tryConnect(ConnectionFactoryImpl.java:132)
	at org.postgresql.core.v3.ConnectionFactoryImpl.openConnectionImpl(ConnectionFactoryImpl.java:258)
	... 31 more

2024-06-27 19:00:13,560:close:INFO:Closing down clientserver connection
[2024-06-27T19:00:13.583+0000] {docker.py:413} INFO - 24/06/27 19:00:13 INFO SparkContext: Invoking stop() from shutdown hook
[2024-06-27T19:00:13.585+0000] {docker.py:413} INFO - 24/06/27 19:00:13 INFO SparkContext: SparkContext is stopping with exitCode 0.
[2024-06-27T19:00:13.589+0000] {docker.py:413} INFO - 24/06/27 19:00:13 INFO SparkUI: Stopped Spark web UI at http://localhost:4040
[2024-06-27T19:00:13.597+0000] {docker.py:413} INFO - 24/06/27 19:00:13 INFO MapOutputTrackerMasterEndpoint: MapOutputTrackerMasterEndpoint stopped!
[2024-06-27T19:00:13.602+0000] {docker.py:413} INFO - 24/06/27 19:00:13 INFO MemoryStore: MemoryStore cleared
[2024-06-27T19:00:13.602+0000] {docker.py:413} INFO - 24/06/27 19:00:13 INFO BlockManager: BlockManager stopped
[2024-06-27T19:00:13.605+0000] {docker.py:413} INFO - 24/06/27 19:00:13 INFO BlockManagerMaster: BlockManagerMaster stopped
[2024-06-27T19:00:13.606+0000] {docker.py:413} INFO - 24/06/27 19:00:13 INFO OutputCommitCoordinator$OutputCommitCoordinatorEndpoint: OutputCommitCoordinator stopped!
[2024-06-27T19:00:13.612+0000] {docker.py:413} INFO - 24/06/27 19:00:13 INFO SparkContext: Successfully stopped SparkContext
[2024-06-27T19:00:13.613+0000] {docker.py:413} INFO - 24/06/27 19:00:13 INFO ShutdownHookManager: Shutdown hook called
[2024-06-27T19:00:13.613+0000] {docker.py:413} INFO - 24/06/27 19:00:13 INFO ShutdownHookManager: Deleting directory /tmp/spark-5bc7fac0-5f26-421e-be87-2563b89dc835/pyspark-f8669262-57a6-4395-b759-959879634eb2
[2024-06-27T19:00:13.614+0000] {docker.py:413} INFO - 24/06/27 19:00:13 INFO ShutdownHookManager: Deleting directory /tmp/spark-c798d621-70a3-4046-9387-b61792332fe8
[2024-06-27T19:00:13.615+0000] {docker.py:413} INFO - 24/06/27 19:00:13 INFO ShutdownHookManager: Deleting directory /tmp/spark-5bc7fac0-5f26-421e-be87-2563b89dc835
[2024-06-27T19:00:13.765+0000] {taskinstance.py:1937} ERROR - Task failed with exception
Traceback (most recent call last):
  File "/home/airflow/.local/lib/python3.8/site-packages/docker/api/client.py", line 268, in _raise_for_status
    response.raise_for_status()
  File "/home/airflow/.local/lib/python3.8/site-packages/requests/models.py", line 1021, in raise_for_status
    raise HTTPError(http_error_msg, response=self)
requests.exceptions.HTTPError: 400 Client Error: Bad Request for url: http://docker-proxy:2375/v1.44/containers/create

The above exception was the direct cause of the following exception:

Traceback (most recent call last):
  File "/home/airflow/.local/lib/python3.8/site-packages/airflow/providers/docker/operators/docker.py", line 348, in _run_image
    return self._run_image_with_mounts([*self.mounts, tmp_mount], add_tmp_variable=True)
  File "/home/airflow/.local/lib/python3.8/site-packages/airflow/providers/docker/operators/docker.py", line 375, in _run_image_with_mounts
    self.container = self.cli.create_container(
  File "/home/airflow/.local/lib/python3.8/site-packages/docker/api/container.py", line 431, in create_container
    return self.create_container_from_config(config, name, platform)
  File "/home/airflow/.local/lib/python3.8/site-packages/docker/api/container.py", line 448, in create_container_from_config
    return self._result(res, True)
  File "/home/airflow/.local/lib/python3.8/site-packages/docker/api/client.py", line 274, in _result
    self._raise_for_status(response)
  File "/home/airflow/.local/lib/python3.8/site-packages/docker/api/client.py", line 270, in _raise_for_status
    raise create_api_error_from_http_exception(e) from e
  File "/home/airflow/.local/lib/python3.8/site-packages/docker/errors.py", line 39, in create_api_error_from_http_exception
    raise cls(e, response=response, explanation=explanation) from e
docker.errors.APIError: 400 Client Error for http://docker-proxy:2375/v1.44/containers/create: Bad Request ("invalid mount config for type "bind": bind source path does not exist: /host_mnt/private/tmp/airflowtmp2pzwhqo_")

During handling of the above exception, another exception occurred:

Traceback (most recent call last):
  File "/home/airflow/.local/lib/python3.8/site-packages/airflow/providers/docker/operators/docker.py", line 486, in execute
    return self._run_image()
  File "/home/airflow/.local/lib/python3.8/site-packages/airflow/providers/docker/operators/docker.py", line 357, in _run_image
    return self._run_image_with_mounts(self.mounts, add_tmp_variable=False)
  File "/home/airflow/.local/lib/python3.8/site-packages/airflow/providers/docker/operators/docker.py", line 421, in _run_image_with_mounts
    raise DockerContainerFailedException(f"Docker container failed: {result!r}", logs=log_lines)
airflow.providers.docker.exceptions.DockerContainerFailedException: Docker container failed: {'StatusCode': 1}
[2024-06-27T19:00:13.768+0000] {taskinstance.py:1400} INFO - Marking task as UP_FOR_RETRY. dag_id=kafka_spark_dag, task_id=pyspark_consumer, execution_date=20240627T185942, start_date=20240627T185945, end_date=20240627T190013
[2024-06-27T19:00:13.778+0000] {standard_task_runner.py:104} ERROR - Failed to execute job 144 for task pyspark_consumer (Docker container failed: {'StatusCode': 1}; 1398)
[2024-06-27T19:00:13.814+0000] {local_task_job_runner.py:228} INFO - Task exited with return code 1
[2024-06-27T19:00:13.822+0000] {taskinstance.py:2778} INFO - 0 downstream tasks scheduled from follow-on schedule check
