[2024-06-27T19:00:20.154+0000] {taskinstance.py:1159} INFO - Dependencies all met for dep_context=non-requeueable deps ti=<TaskInstance: kafka_spark_dag.pyspark_consumer manual__2024-06-27T18:59:42.600379+00:00 [queued]>
[2024-06-27T19:00:20.164+0000] {taskinstance.py:1159} INFO - Dependencies all met for dep_context=requeueable deps ti=<TaskInstance: kafka_spark_dag.pyspark_consumer manual__2024-06-27T18:59:42.600379+00:00 [queued]>
[2024-06-27T19:00:20.165+0000] {taskinstance.py:1361} INFO - Starting attempt 2 of 2
[2024-06-27T19:00:20.175+0000] {taskinstance.py:1382} INFO - Executing <Task(DockerOperator): pyspark_consumer> on 2024-06-27 18:59:42.600379+00:00
[2024-06-27T19:00:20.180+0000] {standard_task_runner.py:57} INFO - Started process 1647 to run task
[2024-06-27T19:00:20.183+0000] {standard_task_runner.py:84} INFO - Running: ['***', 'tasks', 'run', 'kafka_spark_dag', 'pyspark_consumer', 'manual__2024-06-27T18:59:42.600379+00:00', '--job-id', '146', '--raw', '--subdir', 'DAGS_FOLDER/dag_kafka_spark.py', '--cfg-path', '/tmp/tmpwaifcei3']
[2024-06-27T19:00:20.185+0000] {standard_task_runner.py:85} INFO - Job 146: Subtask pyspark_consumer
[2024-06-27T19:00:20.216+0000] {task_command.py:416} INFO - Running <TaskInstance: kafka_spark_dag.pyspark_consumer manual__2024-06-27T18:59:42.600379+00:00 [running]> on host cd176cdca805
[2024-06-27T19:00:20.256+0000] {taskinstance.py:1662} INFO - Exporting env vars: AIRFLOW_CTX_DAG_OWNER='***' AIRFLOW_CTX_DAG_ID='kafka_spark_dag' AIRFLOW_CTX_TASK_ID='pyspark_consumer' AIRFLOW_CTX_EXECUTION_DATE='2024-06-27T18:59:42.600379+00:00' AIRFLOW_CTX_TRY_NUMBER='2' AIRFLOW_CTX_DAG_RUN_ID='manual__2024-06-27T18:59:42.600379+00:00'
[2024-06-27T19:00:20.316+0000] {docker.py:343} INFO - Starting docker container from image current-headlines/spark:latest
[2024-06-27T19:00:20.365+0000] {docker.py:351} WARNING - Using remote engine or docker-in-docker and mounting temporary volume from host is not supported. Falling back to `mount_tmp_dir=False` mode. You can set `mount_tmp_dir` parameter to False to disable mounting and remove the warning
[2024-06-27T19:00:20.563+0000] {docker.py:413} INFO - [38;5;6mspark [38;5;5m19:00:20.56 [0m[38;5;2mINFO [0m ==>
[2024-06-27T19:00:20.564+0000] {docker.py:413} INFO - [38;5;6mspark [38;5;5m19:00:20.56 [0m[38;5;2mINFO [0m ==> [1mWelcome to the Bitnami spark container[0m
[2024-06-27T19:00:20.566+0000] {docker.py:413} INFO - [38;5;6mspark [38;5;5m19:00:20.56 [0m[38;5;2mINFO [0m ==> Subscribe to project updates by watching [1mhttps://github.com/bitnami/containers[0m
[2024-06-27T19:00:20.568+0000] {docker.py:413} INFO - [38;5;6mspark [38;5;5m19:00:20.56 [0m[38;5;2mINFO [0m ==> Submit issues and feature requests at [1mhttps://github.com/bitnami/containers/issues[0m
[2024-06-27T19:00:20.568+0000] {docker.py:413} INFO - [38;5;6mspark [38;5;5m19:00:20.56 [0m[38;5;2mINFO [0m ==>
[2024-06-27T19:00:20.571+0000] {docker.py:413} INFO - 
[2024-06-27T19:00:21.458+0000] {docker.py:413} INFO - :: loading settings :: url = jar:file:/opt/bitnami/spark/jars/ivy-2.5.1.jar!/org/apache/ivy/core/settings/ivysettings.xml
[2024-06-27T19:00:21.520+0000] {docker.py:413} INFO - Ivy Default Cache set to: /opt/bitnami/spark/.ivy2/cache
The jars for the packages stored in: /opt/bitnami/spark/.ivy2/jars
[2024-06-27T19:00:21.527+0000] {docker.py:413} INFO - org.postgresql#postgresql added as a dependency
org.apache.spark#spark-sql-kafka-0-10_2.12 added as a dependency
[2024-06-27T19:00:21.527+0000] {docker.py:413} INFO - :: resolving dependencies :: org.apache.spark#spark-submit-parent-8f4fa630-9112-4bdb-bd1c-c5afccfa8e59;1.0
	confs: [default]
[2024-06-27T19:00:21.968+0000] {docker.py:413} INFO - found org.postgresql#postgresql;42.5.4 in central
[2024-06-27T19:00:22.038+0000] {docker.py:413} INFO - found org.checkerframework#checker-qual;3.5.0 in central
[2024-06-27T19:00:22.523+0000] {docker.py:413} INFO - found org.apache.spark#spark-sql-kafka-0-10_2.12;3.5.0 in central
[2024-06-27T19:00:22.694+0000] {docker.py:413} INFO - found org.apache.spark#spark-token-provider-kafka-0-10_2.12;3.5.0 in central
[2024-06-27T19:00:22.753+0000] {docker.py:413} INFO - found org.apache.kafka#kafka-clients;3.4.1 in central
[2024-06-27T19:00:22.810+0000] {docker.py:413} INFO - found org.lz4#lz4-java;1.8.0 in central
[2024-06-27T19:00:22.881+0000] {docker.py:413} INFO - found org.xerial.snappy#snappy-java;1.1.10.3 in central
[2024-06-27T19:00:23.050+0000] {docker.py:413} INFO - found org.slf4j#slf4j-api;2.0.7 in central
[2024-06-27T19:00:23.479+0000] {docker.py:413} INFO - found org.apache.hadoop#hadoop-client-runtime;3.3.4 in central
[2024-06-27T19:00:23.548+0000] {docker.py:413} INFO - found org.apache.hadoop#hadoop-client-api;3.3.4 in central
[2024-06-27T19:00:24.053+0000] {docker.py:413} INFO - found commons-logging#commons-logging;1.1.3 in central
[2024-06-27T19:00:24.361+0000] {docker.py:413} INFO - found com.google.code.findbugs#jsr305;3.0.0 in central
[2024-06-27T19:00:24.952+0000] {docker.py:413} INFO - found org.apache.commons#commons-pool2;2.11.1 in central
[2024-06-27T19:00:25.007+0000] {docker.py:413} INFO - downloading https://repo1.maven.org/maven2/org/postgresql/postgresql/42.5.4/postgresql-42.5.4.jar ...
[2024-06-27T19:00:25.464+0000] {docker.py:413} INFO - [SUCCESSFUL ] org.postgresql#postgresql;42.5.4!postgresql.jar (506ms)
[2024-06-27T19:00:25.519+0000] {docker.py:413} INFO - downloading https://repo1.maven.org/maven2/org/apache/spark/spark-sql-kafka-0-10_2.12/3.5.0/spark-sql-kafka-0-10_2.12-3.5.0.jar ...
[2024-06-27T19:00:25.711+0000] {docker.py:413} INFO - [SUCCESSFUL ] org.apache.spark#spark-sql-kafka-0-10_2.12;3.5.0!spark-sql-kafka-0-10_2.12.jar (246ms)
[2024-06-27T19:00:25.765+0000] {docker.py:413} INFO - downloading https://repo1.maven.org/maven2/org/checkerframework/checker-qual/3.5.0/checker-qual-3.5.0.jar ...
[2024-06-27T19:00:25.899+0000] {docker.py:413} INFO - [SUCCESSFUL ] org.checkerframework#checker-qual;3.5.0!checker-qual.jar (188ms)
[2024-06-27T19:00:25.935+0000] {docker.py:413} INFO - downloading https://repo1.maven.org/maven2/org/apache/spark/spark-token-provider-kafka-0-10_2.12/3.5.0/spark-token-provider-kafka-0-10_2.12-3.5.0.jar ...
[2024-06-27T19:00:26.035+0000] {docker.py:413} INFO - [SUCCESSFUL ] org.apache.spark#spark-token-provider-kafka-0-10_2.12;3.5.0!spark-token-provider-kafka-0-10_2.12.jar (87ms)
[2024-06-27T19:00:26.042+0000] {docker.py:413} INFO - downloading https://repo1.maven.org/maven2/org/apache/kafka/kafka-clients/3.4.1/kafka-clients-3.4.1.jar ...
[2024-06-27T19:00:28.199+0000] {docker.py:413} INFO - [SUCCESSFUL ] org.apache.kafka#kafka-clients;3.4.1!kafka-clients.jar (2202ms)
[2024-06-27T19:00:28.239+0000] {docker.py:413} INFO - downloading https://repo1.maven.org/maven2/com/google/code/findbugs/jsr305/3.0.0/jsr305-3.0.0.jar ...
[2024-06-27T19:00:28.288+0000] {docker.py:413} INFO - [SUCCESSFUL ] com.google.code.findbugs#jsr305;3.0.0!jsr305.jar (88ms)
[2024-06-27T19:00:28.331+0000] {docker.py:413} INFO - downloading https://repo1.maven.org/maven2/org/apache/commons/commons-pool2/2.11.1/commons-pool2-2.11.1.jar ...
[2024-06-27T19:00:28.422+0000] {docker.py:413} INFO - [SUCCESSFUL ] org.apache.commons#commons-pool2;2.11.1!commons-pool2.jar (133ms)
[2024-06-27T19:00:28.456+0000] {docker.py:413} INFO - downloading https://repo1.maven.org/maven2/org/apache/hadoop/hadoop-client-runtime/3.3.4/hadoop-client-runtime-3.3.4.jar ...
[2024-06-27T19:00:36.775+0000] {docker.py:413} INFO - [SUCCESSFUL ] org.apache.hadoop#hadoop-client-runtime;3.3.4!hadoop-client-runtime.jar (8352ms)
[2024-06-27T19:00:36.808+0000] {docker.py:413} INFO - downloading https://repo1.maven.org/maven2/org/lz4/lz4-java/1.8.0/lz4-java-1.8.0.jar ...
[2024-06-27T19:00:37.044+0000] {docker.py:413} INFO - [SUCCESSFUL ] org.lz4#lz4-java;1.8.0!lz4-java.jar (252ms)
[2024-06-27T19:00:37.071+0000] {docker.py:413} INFO - downloading https://repo1.maven.org/maven2/org/xerial/snappy/snappy-java/1.1.10.3/snappy-java-1.1.10.3.jar ...
[2024-06-27T19:00:37.616+0000] {docker.py:413} INFO - [SUCCESSFUL ] org.xerial.snappy#snappy-java;1.1.10.3!snappy-java.jar(bundle) (585ms)
[2024-06-27T19:00:37.647+0000] {docker.py:413} INFO - downloading https://repo1.maven.org/maven2/org/slf4j/slf4j-api/2.0.7/slf4j-api-2.0.7.jar ...
[2024-06-27T19:00:37.691+0000] {docker.py:413} INFO - [SUCCESSFUL ] org.slf4j#slf4j-api;2.0.7!slf4j-api.jar (74ms)
[2024-06-27T19:00:37.713+0000] {docker.py:413} INFO - downloading https://repo1.maven.org/maven2/org/apache/hadoop/hadoop-client-api/3.3.4/hadoop-client-api-3.3.4.jar ...
[2024-06-27T19:00:42.224+0000] {docker.py:413} INFO - [SUCCESSFUL ] org.apache.hadoop#hadoop-client-api;3.3.4!hadoop-client-api.jar (4532ms)
[2024-06-27T19:00:42.248+0000] {docker.py:413} INFO - downloading https://repo1.maven.org/maven2/commons-logging/commons-logging/1.1.3/commons-logging-1.1.3.jar ...
[2024-06-27T19:00:42.280+0000] {docker.py:413} INFO - [SUCCESSFUL ] commons-logging#commons-logging;1.1.3!commons-logging.jar (55ms)
[2024-06-27T19:00:42.283+0000] {docker.py:413} INFO - :: resolution report :: resolve 3432ms :: artifacts dl 17323ms
	:: modules in use:
[2024-06-27T19:00:42.283+0000] {docker.py:413} INFO - com.google.code.findbugs#jsr305;3.0.0 from central in [default]
[2024-06-27T19:00:42.284+0000] {docker.py:413} INFO - commons-logging#commons-logging;1.1.3 from central in [default]
	org.apache.commons#commons-pool2;2.11.1 from central in [default]
	org.apache.hadoop#hadoop-client-api;3.3.4 from central in [default]
	org.apache.hadoop#hadoop-client-runtime;3.3.4 from central in [default]
	org.apache.kafka#kafka-clients;3.4.1 from central in [default]
	org.apache.spark#spark-sql-kafka-0-10_2.12;3.5.0 from central in [default]
	org.apache.spark#spark-token-provider-kafka-0-10_2.12;3.5.0 from central in [default]
[2024-06-27T19:00:42.284+0000] {docker.py:413} INFO - org.checkerframework#checker-qual;3.5.0 from central in [default]
	org.lz4#lz4-java;1.8.0 from central in [default]
	org.postgresql#postgresql;42.5.4 from central in [default]
	org.slf4j#slf4j-api;2.0.7 from central in [default]
	org.xerial.snappy#snappy-java;1.1.10.3 from central in [default]
	---------------------------------------------------------------------
[2024-06-27T19:00:42.284+0000] {docker.py:413} INFO - |                  |            modules            ||   artifacts   |
	|       conf       | number| search|dwnlded|evicted|| number|dwnlded|
	---------------------------------------------------------------------
	|      default     |   13  |   13  |   13  |   0   ||   13  |   13  |
	---------------------------------------------------------------------
[2024-06-27T19:00:42.285+0000] {docker.py:413} INFO - :: retrieving :: org.apache.spark#spark-submit-parent-8f4fa630-9112-4bdb-bd1c-c5afccfa8e59
	confs: [default]
[2024-06-27T19:00:42.317+0000] {docker.py:413} INFO - 13 artifacts copied, 0 already retrieved (58001kB/33ms)
[2024-06-27T19:00:42.426+0000] {docker.py:413} INFO - 24/06/27 19:00:42 WARN NativeCodeLoader: Unable to load native-hadoop library for your platform... using builtin-java classes where applicable
[2024-06-27T19:00:43.095+0000] {docker.py:413} INFO - 24/06/27 19:00:43 INFO SparkContext: Running Spark version 3.5.0
[2024-06-27T19:00:43.095+0000] {docker.py:413} INFO - 24/06/27 19:00:43 INFO SparkContext: OS info Linux, 6.6.12-linuxkit, aarch64
[2024-06-27T19:00:43.095+0000] {docker.py:413} INFO - 24/06/27 19:00:43 INFO SparkContext: Java version 17.0.10
[2024-06-27T19:00:43.106+0000] {docker.py:413} INFO - 24/06/27 19:00:43 INFO ResourceUtils: ==============================================================
[2024-06-27T19:00:43.106+0000] {docker.py:413} INFO - 24/06/27 19:00:43 INFO ResourceUtils: No custom resources configured for spark.driver.
[2024-06-27T19:00:43.107+0000] {docker.py:413} INFO - 24/06/27 19:00:43 INFO ResourceUtils: ==============================================================
[2024-06-27T19:00:43.107+0000] {docker.py:413} INFO - 24/06/27 19:00:43 INFO SparkContext: Submitted application: PostgreSQL Connection with PySpark
[2024-06-27T19:00:43.119+0000] {docker.py:413} INFO - 24/06/27 19:00:43 INFO ResourceProfile: Default ResourceProfile created, executor resources: Map(cores -> name: cores, amount: 1, script: , vendor: , memory -> name: memory, amount: 1024, script: , vendor: , offHeap -> name: offHeap, amount: 0, script: , vendor: ), task resources: Map(cpus -> name: cpus, amount: 1.0)
[2024-06-27T19:00:43.124+0000] {docker.py:413} INFO - 24/06/27 19:00:43 INFO ResourceProfile: Limiting resource is cpu
[2024-06-27T19:00:43.125+0000] {docker.py:413} INFO - 24/06/27 19:00:43 INFO ResourceProfileManager: Added ResourceProfile id: 0
[2024-06-27T19:00:43.155+0000] {docker.py:413} INFO - 24/06/27 19:00:43 INFO SecurityManager: Changing view acls to: spark
24/06/27 19:00:43 INFO SecurityManager: Changing modify acls to: spark
[2024-06-27T19:00:43.156+0000] {docker.py:413} INFO - 24/06/27 19:00:43 INFO SecurityManager: Changing view acls groups to:
[2024-06-27T19:00:43.157+0000] {docker.py:413} INFO - 24/06/27 19:00:43 INFO SecurityManager: Changing modify acls groups to:
[2024-06-27T19:00:43.157+0000] {docker.py:413} INFO - 24/06/27 19:00:43 INFO SecurityManager: SecurityManager: authentication disabled; ui acls disabled; users with view permissions: spark; groups with view permissions: EMPTY; users with modify permissions: spark; groups with modify permissions: EMPTY
[2024-06-27T19:00:43.269+0000] {docker.py:413} INFO - 24/06/27 19:00:43 INFO Utils: Successfully started service 'sparkDriver' on port 44551.
[2024-06-27T19:00:43.283+0000] {docker.py:413} INFO - 24/06/27 19:00:43 INFO SparkEnv: Registering MapOutputTracker
[2024-06-27T19:00:43.303+0000] {docker.py:413} INFO - 24/06/27 19:00:43 INFO SparkEnv: Registering BlockManagerMaster
[2024-06-27T19:00:43.314+0000] {docker.py:413} INFO - 24/06/27 19:00:43 INFO BlockManagerMasterEndpoint: Using org.apache.spark.storage.DefaultTopologyMapper for getting topology information
[2024-06-27T19:00:43.315+0000] {docker.py:413} INFO - 24/06/27 19:00:43 INFO BlockManagerMasterEndpoint: BlockManagerMasterEndpoint up
[2024-06-27T19:00:43.318+0000] {docker.py:413} INFO - 24/06/27 19:00:43 INFO SparkEnv: Registering BlockManagerMasterHeartbeat
[2024-06-27T19:00:43.330+0000] {docker.py:413} INFO - 24/06/27 19:00:43 INFO DiskBlockManager: Created local directory at /tmp/blockmgr-8a9db465-765e-40d0-8c4e-1b2be55100c6
[2024-06-27T19:00:43.337+0000] {docker.py:413} INFO - 24/06/27 19:00:43 INFO MemoryStore: MemoryStore started with capacity 434.4 MiB
[2024-06-27T19:00:43.346+0000] {docker.py:413} INFO - 24/06/27 19:00:43 INFO SparkEnv: Registering OutputCommitCoordinator
[2024-06-27T19:00:43.418+0000] {docker.py:413} INFO - 24/06/27 19:00:43 INFO JettyUtils: Start Jetty 0.0.0.0:4040 for SparkUI
[2024-06-27T19:00:43.455+0000] {docker.py:413} INFO - 24/06/27 19:00:43 INFO Utils: Successfully started service 'SparkUI' on port 4040.
[2024-06-27T19:00:43.475+0000] {docker.py:413} INFO - 24/06/27 19:00:43 INFO SparkContext: Added JAR file:///opt/bitnami/spark/.ivy2/jars/org.postgresql_postgresql-42.5.4.jar at spark://localhost:44551/jars/org.postgresql_postgresql-42.5.4.jar with timestamp 1719514843089
[2024-06-27T19:00:43.476+0000] {docker.py:413} INFO - 24/06/27 19:00:43 INFO SparkContext: Added JAR file:///opt/bitnami/spark/.ivy2/jars/org.apache.spark_spark-sql-kafka-0-10_2.12-3.5.0.jar at spark://localhost:44551/jars/org.apache.spark_spark-sql-kafka-0-10_2.12-3.5.0.jar with timestamp 1719514843089
[2024-06-27T19:00:43.476+0000] {docker.py:413} INFO - 24/06/27 19:00:43 INFO SparkContext: Added JAR file:///opt/bitnami/spark/.ivy2/jars/org.checkerframework_checker-qual-3.5.0.jar at spark://localhost:44551/jars/org.checkerframework_checker-qual-3.5.0.jar with timestamp 1719514843089
[2024-06-27T19:00:43.477+0000] {docker.py:413} INFO - 24/06/27 19:00:43 INFO SparkContext: Added JAR file:///opt/bitnami/spark/.ivy2/jars/org.apache.spark_spark-token-provider-kafka-0-10_2.12-3.5.0.jar at spark://localhost:44551/jars/org.apache.spark_spark-token-provider-kafka-0-10_2.12-3.5.0.jar with timestamp 1719514843089
[2024-06-27T19:00:43.477+0000] {docker.py:413} INFO - 24/06/27 19:00:43 INFO SparkContext: Added JAR file:///opt/bitnami/spark/.ivy2/jars/org.apache.kafka_kafka-clients-3.4.1.jar at spark://localhost:44551/jars/org.apache.kafka_kafka-clients-3.4.1.jar with timestamp 1719514843089
24/06/27 19:00:43 INFO SparkContext: Added JAR file:///opt/bitnami/spark/.ivy2/jars/com.google.code.findbugs_jsr305-3.0.0.jar at spark://localhost:44551/jars/com.google.code.findbugs_jsr305-3.0.0.jar with timestamp 1719514843089
[2024-06-27T19:00:43.477+0000] {docker.py:413} INFO - 24/06/27 19:00:43 INFO SparkContext: Added JAR file:///opt/bitnami/spark/.ivy2/jars/org.apache.commons_commons-pool2-2.11.1.jar at spark://localhost:44551/jars/org.apache.commons_commons-pool2-2.11.1.jar with timestamp 1719514843089
24/06/27 19:00:43 INFO SparkContext: Added JAR file:///opt/bitnami/spark/.ivy2/jars/org.apache.hadoop_hadoop-client-runtime-3.3.4.jar at spark://localhost:44551/jars/org.apache.hadoop_hadoop-client-runtime-3.3.4.jar with timestamp 1719514843089
[2024-06-27T19:00:43.478+0000] {docker.py:413} INFO - 24/06/27 19:00:43 INFO SparkContext: Added JAR file:///opt/bitnami/spark/.ivy2/jars/org.lz4_lz4-java-1.8.0.jar at spark://localhost:44551/jars/org.lz4_lz4-java-1.8.0.jar with timestamp 1719514843089
24/06/27 19:00:43 INFO SparkContext: Added JAR file:///opt/bitnami/spark/.ivy2/jars/org.xerial.snappy_snappy-java-1.1.10.3.jar at spark://localhost:44551/jars/org.xerial.snappy_snappy-java-1.1.10.3.jar with timestamp 1719514843089
[2024-06-27T19:00:43.478+0000] {docker.py:413} INFO - 24/06/27 19:00:43 INFO SparkContext: Added JAR file:///opt/bitnami/spark/.ivy2/jars/org.slf4j_slf4j-api-2.0.7.jar at spark://localhost:44551/jars/org.slf4j_slf4j-api-2.0.7.jar with timestamp 1719514843089
24/06/27 19:00:43 INFO SparkContext: Added JAR file:///opt/bitnami/spark/.ivy2/jars/org.apache.hadoop_hadoop-client-api-3.3.4.jar at spark://localhost:44551/jars/org.apache.hadoop_hadoop-client-api-3.3.4.jar with timestamp 1719514843089
[2024-06-27T19:00:43.478+0000] {docker.py:413} INFO - 24/06/27 19:00:43 INFO SparkContext: Added JAR file:///opt/bitnami/spark/.ivy2/jars/commons-logging_commons-logging-1.1.3.jar at spark://localhost:44551/jars/commons-logging_commons-logging-1.1.3.jar with timestamp 1719514843089
[2024-06-27T19:00:43.479+0000] {docker.py:413} INFO - 24/06/27 19:00:43 INFO SparkContext: Added file file:///opt/bitnami/spark/.ivy2/jars/org.postgresql_postgresql-42.5.4.jar at file:///opt/bitnami/spark/.ivy2/jars/org.postgresql_postgresql-42.5.4.jar with timestamp 1719514843089
[2024-06-27T19:00:43.479+0000] {docker.py:413} INFO - 24/06/27 19:00:43 INFO Utils: Copying /opt/bitnami/spark/.ivy2/jars/org.postgresql_postgresql-42.5.4.jar to /tmp/spark-df697734-5ead-4f29-9666-d9a8e08ed6ea/userFiles-ddbca86e-06fe-4896-a328-1bcf0dfb2fdd/org.postgresql_postgresql-42.5.4.jar
[2024-06-27T19:00:43.484+0000] {docker.py:413} INFO - 24/06/27 19:00:43 INFO SparkContext: Added file file:///opt/bitnami/spark/.ivy2/jars/org.apache.spark_spark-sql-kafka-0-10_2.12-3.5.0.jar at file:///opt/bitnami/spark/.ivy2/jars/org.apache.spark_spark-sql-kafka-0-10_2.12-3.5.0.jar with timestamp 1719514843089
[2024-06-27T19:00:43.485+0000] {docker.py:413} INFO - 24/06/27 19:00:43 INFO Utils: Copying /opt/bitnami/spark/.ivy2/jars/org.apache.spark_spark-sql-kafka-0-10_2.12-3.5.0.jar to /tmp/spark-df697734-5ead-4f29-9666-d9a8e08ed6ea/userFiles-ddbca86e-06fe-4896-a328-1bcf0dfb2fdd/org.apache.spark_spark-sql-kafka-0-10_2.12-3.5.0.jar
[2024-06-27T19:00:43.488+0000] {docker.py:413} INFO - 24/06/27 19:00:43 INFO SparkContext: Added file file:///opt/bitnami/spark/.ivy2/jars/org.checkerframework_checker-qual-3.5.0.jar at file:///opt/bitnami/spark/.ivy2/jars/org.checkerframework_checker-qual-3.5.0.jar with timestamp 1719514843089
[2024-06-27T19:00:43.488+0000] {docker.py:413} INFO - 24/06/27 19:00:43 INFO Utils: Copying /opt/bitnami/spark/.ivy2/jars/org.checkerframework_checker-qual-3.5.0.jar to /tmp/spark-df697734-5ead-4f29-9666-d9a8e08ed6ea/userFiles-ddbca86e-06fe-4896-a328-1bcf0dfb2fdd/org.checkerframework_checker-qual-3.5.0.jar
[2024-06-27T19:00:43.488+0000] {docker.py:413} INFO - 24/06/27 19:00:43 INFO SparkContext: Added file file:///opt/bitnami/spark/.ivy2/jars/org.apache.spark_spark-token-provider-kafka-0-10_2.12-3.5.0.jar at file:///opt/bitnami/spark/.ivy2/jars/org.apache.spark_spark-token-provider-kafka-0-10_2.12-3.5.0.jar with timestamp 1719514843089
[2024-06-27T19:00:43.489+0000] {docker.py:413} INFO - 24/06/27 19:00:43 INFO Utils: Copying /opt/bitnami/spark/.ivy2/jars/org.apache.spark_spark-token-provider-kafka-0-10_2.12-3.5.0.jar to /tmp/spark-df697734-5ead-4f29-9666-d9a8e08ed6ea/userFiles-ddbca86e-06fe-4896-a328-1bcf0dfb2fdd/org.apache.spark_spark-token-provider-kafka-0-10_2.12-3.5.0.jar
[2024-06-27T19:00:43.490+0000] {docker.py:413} INFO - 24/06/27 19:00:43 INFO SparkContext: Added file file:///opt/bitnami/spark/.ivy2/jars/org.apache.kafka_kafka-clients-3.4.1.jar at file:///opt/bitnami/spark/.ivy2/jars/org.apache.kafka_kafka-clients-3.4.1.jar with timestamp 1719514843089
[2024-06-27T19:00:43.491+0000] {docker.py:413} INFO - 24/06/27 19:00:43 INFO Utils: Copying /opt/bitnami/spark/.ivy2/jars/org.apache.kafka_kafka-clients-3.4.1.jar to /tmp/spark-df697734-5ead-4f29-9666-d9a8e08ed6ea/userFiles-ddbca86e-06fe-4896-a328-1bcf0dfb2fdd/org.apache.kafka_kafka-clients-3.4.1.jar
[2024-06-27T19:00:43.493+0000] {docker.py:413} INFO - 24/06/27 19:00:43 INFO SparkContext: Added file file:///opt/bitnami/spark/.ivy2/jars/com.google.code.findbugs_jsr305-3.0.0.jar at file:///opt/bitnami/spark/.ivy2/jars/com.google.code.findbugs_jsr305-3.0.0.jar with timestamp 1719514843089
[2024-06-27T19:00:43.493+0000] {docker.py:413} INFO - 24/06/27 19:00:43 INFO Utils: Copying /opt/bitnami/spark/.ivy2/jars/com.google.code.findbugs_jsr305-3.0.0.jar to /tmp/spark-df697734-5ead-4f29-9666-d9a8e08ed6ea/userFiles-ddbca86e-06fe-4896-a328-1bcf0dfb2fdd/com.google.code.findbugs_jsr305-3.0.0.jar
[2024-06-27T19:00:43.495+0000] {docker.py:413} INFO - 24/06/27 19:00:43 INFO SparkContext: Added file file:///opt/bitnami/spark/.ivy2/jars/org.apache.commons_commons-pool2-2.11.1.jar at file:///opt/bitnami/spark/.ivy2/jars/org.apache.commons_commons-pool2-2.11.1.jar with timestamp 1719514843089
[2024-06-27T19:00:43.495+0000] {docker.py:413} INFO - 24/06/27 19:00:43 INFO Utils: Copying /opt/bitnami/spark/.ivy2/jars/org.apache.commons_commons-pool2-2.11.1.jar to /tmp/spark-df697734-5ead-4f29-9666-d9a8e08ed6ea/userFiles-ddbca86e-06fe-4896-a328-1bcf0dfb2fdd/org.apache.commons_commons-pool2-2.11.1.jar
[2024-06-27T19:00:43.497+0000] {docker.py:413} INFO - 24/06/27 19:00:43 INFO SparkContext: Added file file:///opt/bitnami/spark/.ivy2/jars/org.apache.hadoop_hadoop-client-runtime-3.3.4.jar at file:///opt/bitnami/spark/.ivy2/jars/org.apache.hadoop_hadoop-client-runtime-3.3.4.jar with timestamp 1719514843089
[2024-06-27T19:00:43.498+0000] {docker.py:413} INFO - 24/06/27 19:00:43 INFO Utils: Copying /opt/bitnami/spark/.ivy2/jars/org.apache.hadoop_hadoop-client-runtime-3.3.4.jar to /tmp/spark-df697734-5ead-4f29-9666-d9a8e08ed6ea/userFiles-ddbca86e-06fe-4896-a328-1bcf0dfb2fdd/org.apache.hadoop_hadoop-client-runtime-3.3.4.jar
[2024-06-27T19:00:43.505+0000] {docker.py:413} INFO - 24/06/27 19:00:43 INFO SparkContext: Added file file:///opt/bitnami/spark/.ivy2/jars/org.lz4_lz4-java-1.8.0.jar at file:///opt/bitnami/spark/.ivy2/jars/org.lz4_lz4-java-1.8.0.jar with timestamp 1719514843089
[2024-06-27T19:00:43.506+0000] {docker.py:413} INFO - 24/06/27 19:00:43 INFO Utils: Copying /opt/bitnami/spark/.ivy2/jars/org.lz4_lz4-java-1.8.0.jar to /tmp/spark-df697734-5ead-4f29-9666-d9a8e08ed6ea/userFiles-ddbca86e-06fe-4896-a328-1bcf0dfb2fdd/org.lz4_lz4-java-1.8.0.jar
[2024-06-27T19:00:43.507+0000] {docker.py:413} INFO - 24/06/27 19:00:43 INFO SparkContext: Added file file:///opt/bitnami/spark/.ivy2/jars/org.xerial.snappy_snappy-java-1.1.10.3.jar at file:///opt/bitnami/spark/.ivy2/jars/org.xerial.snappy_snappy-java-1.1.10.3.jar with timestamp 1719514843089
[2024-06-27T19:00:43.507+0000] {docker.py:413} INFO - 24/06/27 19:00:43 INFO Utils: Copying /opt/bitnami/spark/.ivy2/jars/org.xerial.snappy_snappy-java-1.1.10.3.jar to /tmp/spark-df697734-5ead-4f29-9666-d9a8e08ed6ea/userFiles-ddbca86e-06fe-4896-a328-1bcf0dfb2fdd/org.xerial.snappy_snappy-java-1.1.10.3.jar
[2024-06-27T19:00:43.509+0000] {docker.py:413} INFO - 24/06/27 19:00:43 INFO SparkContext: Added file file:///opt/bitnami/spark/.ivy2/jars/org.slf4j_slf4j-api-2.0.7.jar at file:///opt/bitnami/spark/.ivy2/jars/org.slf4j_slf4j-api-2.0.7.jar with timestamp 1719514843089
[2024-06-27T19:00:43.509+0000] {docker.py:413} INFO - 24/06/27 19:00:43 INFO Utils: Copying /opt/bitnami/spark/.ivy2/jars/org.slf4j_slf4j-api-2.0.7.jar to /tmp/spark-df697734-5ead-4f29-9666-d9a8e08ed6ea/userFiles-ddbca86e-06fe-4896-a328-1bcf0dfb2fdd/org.slf4j_slf4j-api-2.0.7.jar
[2024-06-27T19:00:43.511+0000] {docker.py:413} INFO - 24/06/27 19:00:43 INFO SparkContext: Added file file:///opt/bitnami/spark/.ivy2/jars/org.apache.hadoop_hadoop-client-api-3.3.4.jar at file:///opt/bitnami/spark/.ivy2/jars/org.apache.hadoop_hadoop-client-api-3.3.4.jar with timestamp 1719514843089
[2024-06-27T19:00:43.511+0000] {docker.py:413} INFO - 24/06/27 19:00:43 INFO Utils: Copying /opt/bitnami/spark/.ivy2/jars/org.apache.hadoop_hadoop-client-api-3.3.4.jar to /tmp/spark-df697734-5ead-4f29-9666-d9a8e08ed6ea/userFiles-ddbca86e-06fe-4896-a328-1bcf0dfb2fdd/org.apache.hadoop_hadoop-client-api-3.3.4.jar
[2024-06-27T19:00:43.524+0000] {docker.py:413} INFO - 24/06/27 19:00:43 INFO SparkContext: Added file file:///opt/bitnami/spark/.ivy2/jars/commons-logging_commons-logging-1.1.3.jar at file:///opt/bitnami/spark/.ivy2/jars/commons-logging_commons-logging-1.1.3.jar with timestamp 1719514843089
24/06/27 19:00:43 INFO Utils: Copying /opt/bitnami/spark/.ivy2/jars/commons-logging_commons-logging-1.1.3.jar to /tmp/spark-df697734-5ead-4f29-9666-d9a8e08ed6ea/userFiles-ddbca86e-06fe-4896-a328-1bcf0dfb2fdd/commons-logging_commons-logging-1.1.3.jar
[2024-06-27T19:00:43.574+0000] {docker.py:413} INFO - 24/06/27 19:00:43 INFO Executor: Starting executor ID driver on host localhost
[2024-06-27T19:00:43.575+0000] {docker.py:413} INFO - 24/06/27 19:00:43 INFO Executor: OS info Linux, 6.6.12-linuxkit, aarch64
24/06/27 19:00:43 INFO Executor: Java version 17.0.10
[2024-06-27T19:00:43.578+0000] {docker.py:413} INFO - 24/06/27 19:00:43 INFO Executor: Starting executor with user classpath (userClassPathFirst = false): ''
[2024-06-27T19:00:43.578+0000] {docker.py:413} INFO - 24/06/27 19:00:43 INFO Executor: Created or updated repl class loader org.apache.spark.util.MutableURLClassLoader@13fe15ac for default.
[2024-06-27T19:00:43.584+0000] {docker.py:413} INFO - 24/06/27 19:00:43 INFO Executor: Fetching file:///opt/bitnami/spark/.ivy2/jars/org.apache.spark_spark-token-provider-kafka-0-10_2.12-3.5.0.jar with timestamp 1719514843089
[2024-06-27T19:00:43.594+0000] {docker.py:413} INFO - 24/06/27 19:00:43 INFO Utils: /opt/bitnami/spark/.ivy2/jars/org.apache.spark_spark-token-provider-kafka-0-10_2.12-3.5.0.jar has been previously copied to /tmp/spark-df697734-5ead-4f29-9666-d9a8e08ed6ea/userFiles-ddbca86e-06fe-4896-a328-1bcf0dfb2fdd/org.apache.spark_spark-token-provider-kafka-0-10_2.12-3.5.0.jar
[2024-06-27T19:00:43.595+0000] {docker.py:413} INFO - 24/06/27 19:00:43 INFO Executor: Fetching file:///opt/bitnami/spark/.ivy2/jars/org.apache.hadoop_hadoop-client-runtime-3.3.4.jar with timestamp 1719514843089
[2024-06-27T19:00:43.613+0000] {docker.py:413} INFO - 24/06/27 19:00:43 INFO Utils: /opt/bitnami/spark/.ivy2/jars/org.apache.hadoop_hadoop-client-runtime-3.3.4.jar has been previously copied to /tmp/spark-df697734-5ead-4f29-9666-d9a8e08ed6ea/userFiles-ddbca86e-06fe-4896-a328-1bcf0dfb2fdd/org.apache.hadoop_hadoop-client-runtime-3.3.4.jar
[2024-06-27T19:00:43.615+0000] {docker.py:413} INFO - 24/06/27 19:00:43 INFO Executor: Fetching file:///opt/bitnami/spark/.ivy2/jars/org.apache.commons_commons-pool2-2.11.1.jar with timestamp 1719514843089
[2024-06-27T19:00:43.615+0000] {docker.py:413} INFO - 24/06/27 19:00:43 INFO Utils: /opt/bitnami/spark/.ivy2/jars/org.apache.commons_commons-pool2-2.11.1.jar has been previously copied to /tmp/spark-df697734-5ead-4f29-9666-d9a8e08ed6ea/userFiles-ddbca86e-06fe-4896-a328-1bcf0dfb2fdd/org.apache.commons_commons-pool2-2.11.1.jar
[2024-06-27T19:00:43.616+0000] {docker.py:413} INFO - 24/06/27 19:00:43 INFO Executor: Fetching file:///opt/bitnami/spark/.ivy2/jars/org.postgresql_postgresql-42.5.4.jar with timestamp 1719514843089
[2024-06-27T19:00:43.618+0000] {docker.py:413} INFO - 24/06/27 19:00:43 INFO Utils: /opt/bitnami/spark/.ivy2/jars/org.postgresql_postgresql-42.5.4.jar has been previously copied to /tmp/spark-df697734-5ead-4f29-9666-d9a8e08ed6ea/userFiles-ddbca86e-06fe-4896-a328-1bcf0dfb2fdd/org.postgresql_postgresql-42.5.4.jar
[2024-06-27T19:00:43.619+0000] {docker.py:413} INFO - 24/06/27 19:00:43 INFO Executor: Fetching file:///opt/bitnami/spark/.ivy2/jars/org.slf4j_slf4j-api-2.0.7.jar with timestamp 1719514843089
[2024-06-27T19:00:43.619+0000] {docker.py:413} INFO - 24/06/27 19:00:43 INFO Utils: /opt/bitnami/spark/.ivy2/jars/org.slf4j_slf4j-api-2.0.7.jar has been previously copied to /tmp/spark-df697734-5ead-4f29-9666-d9a8e08ed6ea/userFiles-ddbca86e-06fe-4896-a328-1bcf0dfb2fdd/org.slf4j_slf4j-api-2.0.7.jar
[2024-06-27T19:00:43.620+0000] {docker.py:413} INFO - 24/06/27 19:00:43 INFO Executor: Fetching file:///opt/bitnami/spark/.ivy2/jars/org.apache.kafka_kafka-clients-3.4.1.jar with timestamp 1719514843089
[2024-06-27T19:00:43.624+0000] {docker.py:413} INFO - 24/06/27 19:00:43 INFO Utils: /opt/bitnami/spark/.ivy2/jars/org.apache.kafka_kafka-clients-3.4.1.jar has been previously copied to /tmp/spark-df697734-5ead-4f29-9666-d9a8e08ed6ea/userFiles-ddbca86e-06fe-4896-a328-1bcf0dfb2fdd/org.apache.kafka_kafka-clients-3.4.1.jar
[2024-06-27T19:00:43.625+0000] {docker.py:413} INFO - 24/06/27 19:00:43 INFO Executor: Fetching file:///opt/bitnami/spark/.ivy2/jars/com.google.code.findbugs_jsr305-3.0.0.jar with timestamp 1719514843089
[2024-06-27T19:00:43.625+0000] {docker.py:413} INFO - 24/06/27 19:00:43 INFO Utils: /opt/bitnami/spark/.ivy2/jars/com.google.code.findbugs_jsr305-3.0.0.jar has been previously copied to /tmp/spark-df697734-5ead-4f29-9666-d9a8e08ed6ea/userFiles-ddbca86e-06fe-4896-a328-1bcf0dfb2fdd/com.google.code.findbugs_jsr305-3.0.0.jar
[2024-06-27T19:00:43.626+0000] {docker.py:413} INFO - 24/06/27 19:00:43 INFO Executor: Fetching file:///opt/bitnami/spark/.ivy2/jars/org.lz4_lz4-java-1.8.0.jar with timestamp 1719514843089
[2024-06-27T19:00:43.627+0000] {docker.py:413} INFO - 24/06/27 19:00:43 INFO Utils: /opt/bitnami/spark/.ivy2/jars/org.lz4_lz4-java-1.8.0.jar has been previously copied to /tmp/spark-df697734-5ead-4f29-9666-d9a8e08ed6ea/userFiles-ddbca86e-06fe-4896-a328-1bcf0dfb2fdd/org.lz4_lz4-java-1.8.0.jar
[2024-06-27T19:00:43.628+0000] {docker.py:413} INFO - 24/06/27 19:00:43 INFO Executor: Fetching file:///opt/bitnami/spark/.ivy2/jars/org.apache.spark_spark-sql-kafka-0-10_2.12-3.5.0.jar with timestamp 1719514843089
[2024-06-27T19:00:43.629+0000] {docker.py:413} INFO - 24/06/27 19:00:43 INFO Utils: /opt/bitnami/spark/.ivy2/jars/org.apache.spark_spark-sql-kafka-0-10_2.12-3.5.0.jar has been previously copied to /tmp/spark-df697734-5ead-4f29-9666-d9a8e08ed6ea/userFiles-ddbca86e-06fe-4896-a328-1bcf0dfb2fdd/org.apache.spark_spark-sql-kafka-0-10_2.12-3.5.0.jar
[2024-06-27T19:00:43.630+0000] {docker.py:413} INFO - 24/06/27 19:00:43 INFO Executor: Fetching file:///opt/bitnami/spark/.ivy2/jars/org.apache.hadoop_hadoop-client-api-3.3.4.jar with timestamp 1719514843089
[2024-06-27T19:00:43.642+0000] {docker.py:413} INFO - 24/06/27 19:00:43 INFO Utils: /opt/bitnami/spark/.ivy2/jars/org.apache.hadoop_hadoop-client-api-3.3.4.jar has been previously copied to /tmp/spark-df697734-5ead-4f29-9666-d9a8e08ed6ea/userFiles-ddbca86e-06fe-4896-a328-1bcf0dfb2fdd/org.apache.hadoop_hadoop-client-api-3.3.4.jar
[2024-06-27T19:00:43.643+0000] {docker.py:413} INFO - 24/06/27 19:00:43 INFO Executor: Fetching file:///opt/bitnami/spark/.ivy2/jars/commons-logging_commons-logging-1.1.3.jar with timestamp 1719514843089
[2024-06-27T19:00:43.643+0000] {docker.py:413} INFO - 24/06/27 19:00:43 INFO Utils: /opt/bitnami/spark/.ivy2/jars/commons-logging_commons-logging-1.1.3.jar has been previously copied to /tmp/spark-df697734-5ead-4f29-9666-d9a8e08ed6ea/userFiles-ddbca86e-06fe-4896-a328-1bcf0dfb2fdd/commons-logging_commons-logging-1.1.3.jar
[2024-06-27T19:00:43.644+0000] {docker.py:413} INFO - 24/06/27 19:00:43 INFO Executor: Fetching file:///opt/bitnami/spark/.ivy2/jars/org.checkerframework_checker-qual-3.5.0.jar with timestamp 1719514843089
[2024-06-27T19:00:43.645+0000] {docker.py:413} INFO - 24/06/27 19:00:43 INFO Utils: /opt/bitnami/spark/.ivy2/jars/org.checkerframework_checker-qual-3.5.0.jar has been previously copied to /tmp/spark-df697734-5ead-4f29-9666-d9a8e08ed6ea/userFiles-ddbca86e-06fe-4896-a328-1bcf0dfb2fdd/org.checkerframework_checker-qual-3.5.0.jar
[2024-06-27T19:00:43.646+0000] {docker.py:413} INFO - 24/06/27 19:00:43 INFO Executor: Fetching file:///opt/bitnami/spark/.ivy2/jars/org.xerial.snappy_snappy-java-1.1.10.3.jar with timestamp 1719514843089
[2024-06-27T19:00:43.648+0000] {docker.py:413} INFO - 24/06/27 19:00:43 INFO Utils: /opt/bitnami/spark/.ivy2/jars/org.xerial.snappy_snappy-java-1.1.10.3.jar has been previously copied to /tmp/spark-df697734-5ead-4f29-9666-d9a8e08ed6ea/userFiles-ddbca86e-06fe-4896-a328-1bcf0dfb2fdd/org.xerial.snappy_snappy-java-1.1.10.3.jar
[2024-06-27T19:00:43.650+0000] {docker.py:413} INFO - 24/06/27 19:00:43 INFO Executor: Fetching spark://localhost:44551/jars/org.apache.commons_commons-pool2-2.11.1.jar with timestamp 1719514843089
[2024-06-27T19:00:43.669+0000] {docker.py:413} INFO - 24/06/27 19:00:43 INFO TransportClientFactory: Successfully created connection to localhost/127.0.0.1:44551 after 11 ms (0 ms spent in bootstraps)
[2024-06-27T19:00:43.672+0000] {docker.py:413} INFO - 24/06/27 19:00:43 INFO Utils: Fetching spark://localhost:44551/jars/org.apache.commons_commons-pool2-2.11.1.jar to /tmp/spark-df697734-5ead-4f29-9666-d9a8e08ed6ea/userFiles-ddbca86e-06fe-4896-a328-1bcf0dfb2fdd/fetchFileTemp5827739365337868971.tmp
[2024-06-27T19:00:43.685+0000] {docker.py:413} INFO - 24/06/27 19:00:43 INFO Utils: /tmp/spark-df697734-5ead-4f29-9666-d9a8e08ed6ea/userFiles-ddbca86e-06fe-4896-a328-1bcf0dfb2fdd/fetchFileTemp5827739365337868971.tmp has been previously copied to /tmp/spark-df697734-5ead-4f29-9666-d9a8e08ed6ea/userFiles-ddbca86e-06fe-4896-a328-1bcf0dfb2fdd/org.apache.commons_commons-pool2-2.11.1.jar
[2024-06-27T19:00:43.688+0000] {docker.py:413} INFO - 24/06/27 19:00:43 INFO Executor: Adding file:/tmp/spark-df697734-5ead-4f29-9666-d9a8e08ed6ea/userFiles-ddbca86e-06fe-4896-a328-1bcf0dfb2fdd/org.apache.commons_commons-pool2-2.11.1.jar to class loader default
[2024-06-27T19:00:43.688+0000] {docker.py:413} INFO - 24/06/27 19:00:43 INFO Executor: Fetching spark://localhost:44551/jars/org.xerial.snappy_snappy-java-1.1.10.3.jar with timestamp 1719514843089
[2024-06-27T19:00:43.688+0000] {docker.py:413} INFO - 24/06/27 19:00:43 INFO Utils: Fetching spark://localhost:44551/jars/org.xerial.snappy_snappy-java-1.1.10.3.jar to /tmp/spark-df697734-5ead-4f29-9666-d9a8e08ed6ea/userFiles-ddbca86e-06fe-4896-a328-1bcf0dfb2fdd/fetchFileTemp1215501093556271790.tmp
[2024-06-27T19:00:43.695+0000] {docker.py:413} INFO - 24/06/27 19:00:43 INFO Utils: /tmp/spark-df697734-5ead-4f29-9666-d9a8e08ed6ea/userFiles-ddbca86e-06fe-4896-a328-1bcf0dfb2fdd/fetchFileTemp1215501093556271790.tmp has been previously copied to /tmp/spark-df697734-5ead-4f29-9666-d9a8e08ed6ea/userFiles-ddbca86e-06fe-4896-a328-1bcf0dfb2fdd/org.xerial.snappy_snappy-java-1.1.10.3.jar
[2024-06-27T19:00:43.697+0000] {docker.py:413} INFO - 24/06/27 19:00:43 INFO Executor: Adding file:/tmp/spark-df697734-5ead-4f29-9666-d9a8e08ed6ea/userFiles-ddbca86e-06fe-4896-a328-1bcf0dfb2fdd/org.xerial.snappy_snappy-java-1.1.10.3.jar to class loader default
[2024-06-27T19:00:43.698+0000] {docker.py:413} INFO - 24/06/27 19:00:43 INFO Executor: Fetching spark://localhost:44551/jars/org.checkerframework_checker-qual-3.5.0.jar with timestamp 1719514843089
[2024-06-27T19:00:43.698+0000] {docker.py:413} INFO - 24/06/27 19:00:43 INFO Utils: Fetching spark://localhost:44551/jars/org.checkerframework_checker-qual-3.5.0.jar to /tmp/spark-df697734-5ead-4f29-9666-d9a8e08ed6ea/userFiles-ddbca86e-06fe-4896-a328-1bcf0dfb2fdd/fetchFileTemp13842904598252840511.tmp
[2024-06-27T19:00:43.699+0000] {docker.py:413} INFO - 24/06/27 19:00:43 INFO Utils: /tmp/spark-df697734-5ead-4f29-9666-d9a8e08ed6ea/userFiles-ddbca86e-06fe-4896-a328-1bcf0dfb2fdd/fetchFileTemp13842904598252840511.tmp has been previously copied to /tmp/spark-df697734-5ead-4f29-9666-d9a8e08ed6ea/userFiles-ddbca86e-06fe-4896-a328-1bcf0dfb2fdd/org.checkerframework_checker-qual-3.5.0.jar
[2024-06-27T19:00:43.701+0000] {docker.py:413} INFO - 24/06/27 19:00:43 INFO Executor: Adding file:/tmp/spark-df697734-5ead-4f29-9666-d9a8e08ed6ea/userFiles-ddbca86e-06fe-4896-a328-1bcf0dfb2fdd/org.checkerframework_checker-qual-3.5.0.jar to class loader default
[2024-06-27T19:00:43.701+0000] {docker.py:413} INFO - 24/06/27 19:00:43 INFO Executor: Fetching spark://localhost:44551/jars/org.apache.spark_spark-sql-kafka-0-10_2.12-3.5.0.jar with timestamp 1719514843089
[2024-06-27T19:00:43.702+0000] {docker.py:413} INFO - 24/06/27 19:00:43 INFO Utils: Fetching spark://localhost:44551/jars/org.apache.spark_spark-sql-kafka-0-10_2.12-3.5.0.jar to /tmp/spark-df697734-5ead-4f29-9666-d9a8e08ed6ea/userFiles-ddbca86e-06fe-4896-a328-1bcf0dfb2fdd/fetchFileTemp8465200453251248452.tmp
[2024-06-27T19:00:43.704+0000] {docker.py:413} INFO - 24/06/27 19:00:43 INFO Utils: /tmp/spark-df697734-5ead-4f29-9666-d9a8e08ed6ea/userFiles-ddbca86e-06fe-4896-a328-1bcf0dfb2fdd/fetchFileTemp8465200453251248452.tmp has been previously copied to /tmp/spark-df697734-5ead-4f29-9666-d9a8e08ed6ea/userFiles-ddbca86e-06fe-4896-a328-1bcf0dfb2fdd/org.apache.spark_spark-sql-kafka-0-10_2.12-3.5.0.jar
[2024-06-27T19:00:43.705+0000] {docker.py:413} INFO - 24/06/27 19:00:43 INFO Executor: Adding file:/tmp/spark-df697734-5ead-4f29-9666-d9a8e08ed6ea/userFiles-ddbca86e-06fe-4896-a328-1bcf0dfb2fdd/org.apache.spark_spark-sql-kafka-0-10_2.12-3.5.0.jar to class loader default
[2024-06-27T19:00:43.706+0000] {docker.py:413} INFO - 24/06/27 19:00:43 INFO Executor: Fetching spark://localhost:44551/jars/org.postgresql_postgresql-42.5.4.jar with timestamp 1719514843089
[2024-06-27T19:00:43.706+0000] {docker.py:413} INFO - 24/06/27 19:00:43 INFO Utils: Fetching spark://localhost:44551/jars/org.postgresql_postgresql-42.5.4.jar to /tmp/spark-df697734-5ead-4f29-9666-d9a8e08ed6ea/userFiles-ddbca86e-06fe-4896-a328-1bcf0dfb2fdd/fetchFileTemp12220645369521925804.tmp
[2024-06-27T19:00:43.709+0000] {docker.py:413} INFO - 24/06/27 19:00:43 INFO Utils: /tmp/spark-df697734-5ead-4f29-9666-d9a8e08ed6ea/userFiles-ddbca86e-06fe-4896-a328-1bcf0dfb2fdd/fetchFileTemp12220645369521925804.tmp has been previously copied to /tmp/spark-df697734-5ead-4f29-9666-d9a8e08ed6ea/userFiles-ddbca86e-06fe-4896-a328-1bcf0dfb2fdd/org.postgresql_postgresql-42.5.4.jar
[2024-06-27T19:00:43.711+0000] {docker.py:413} INFO - 24/06/27 19:00:43 INFO Executor: Adding file:/tmp/spark-df697734-5ead-4f29-9666-d9a8e08ed6ea/userFiles-ddbca86e-06fe-4896-a328-1bcf0dfb2fdd/org.postgresql_postgresql-42.5.4.jar to class loader default
[2024-06-27T19:00:43.712+0000] {docker.py:413} INFO - 24/06/27 19:00:43 INFO Executor: Fetching spark://localhost:44551/jars/org.lz4_lz4-java-1.8.0.jar with timestamp 1719514843089
[2024-06-27T19:00:43.712+0000] {docker.py:413} INFO - 24/06/27 19:00:43 INFO Utils: Fetching spark://localhost:44551/jars/org.lz4_lz4-java-1.8.0.jar to /tmp/spark-df697734-5ead-4f29-9666-d9a8e08ed6ea/userFiles-ddbca86e-06fe-4896-a328-1bcf0dfb2fdd/fetchFileTemp3216186948877713988.tmp
[2024-06-27T19:00:43.714+0000] {docker.py:413} INFO - 24/06/27 19:00:43 INFO Utils: /tmp/spark-df697734-5ead-4f29-9666-d9a8e08ed6ea/userFiles-ddbca86e-06fe-4896-a328-1bcf0dfb2fdd/fetchFileTemp3216186948877713988.tmp has been previously copied to /tmp/spark-df697734-5ead-4f29-9666-d9a8e08ed6ea/userFiles-ddbca86e-06fe-4896-a328-1bcf0dfb2fdd/org.lz4_lz4-java-1.8.0.jar
[2024-06-27T19:00:43.719+0000] {docker.py:413} INFO - 24/06/27 19:00:43 INFO Executor: Adding file:/tmp/spark-df697734-5ead-4f29-9666-d9a8e08ed6ea/userFiles-ddbca86e-06fe-4896-a328-1bcf0dfb2fdd/org.lz4_lz4-java-1.8.0.jar to class loader default
[2024-06-27T19:00:43.719+0000] {docker.py:413} INFO - 24/06/27 19:00:43 INFO Executor: Fetching spark://localhost:44551/jars/org.apache.kafka_kafka-clients-3.4.1.jar with timestamp 1719514843089
[2024-06-27T19:00:43.720+0000] {docker.py:413} INFO - 24/06/27 19:00:43 INFO Utils: Fetching spark://localhost:44551/jars/org.apache.kafka_kafka-clients-3.4.1.jar to /tmp/spark-df697734-5ead-4f29-9666-d9a8e08ed6ea/userFiles-ddbca86e-06fe-4896-a328-1bcf0dfb2fdd/fetchFileTemp4271422417866737509.tmp
[2024-06-27T19:00:43.730+0000] {docker.py:413} INFO - 24/06/27 19:00:43 INFO Utils: /tmp/spark-df697734-5ead-4f29-9666-d9a8e08ed6ea/userFiles-ddbca86e-06fe-4896-a328-1bcf0dfb2fdd/fetchFileTemp4271422417866737509.tmp has been previously copied to /tmp/spark-df697734-5ead-4f29-9666-d9a8e08ed6ea/userFiles-ddbca86e-06fe-4896-a328-1bcf0dfb2fdd/org.apache.kafka_kafka-clients-3.4.1.jar
[2024-06-27T19:00:43.733+0000] {docker.py:413} INFO - 24/06/27 19:00:43 INFO Executor: Adding file:/tmp/spark-df697734-5ead-4f29-9666-d9a8e08ed6ea/userFiles-ddbca86e-06fe-4896-a328-1bcf0dfb2fdd/org.apache.kafka_kafka-clients-3.4.1.jar to class loader default
[2024-06-27T19:00:43.733+0000] {docker.py:413} INFO - 24/06/27 19:00:43 INFO Executor: Fetching spark://localhost:44551/jars/com.google.code.findbugs_jsr305-3.0.0.jar with timestamp 1719514843089
[2024-06-27T19:00:43.734+0000] {docker.py:413} INFO - 24/06/27 19:00:43 INFO Utils: Fetching spark://localhost:44551/jars/com.google.code.findbugs_jsr305-3.0.0.jar to /tmp/spark-df697734-5ead-4f29-9666-d9a8e08ed6ea/userFiles-ddbca86e-06fe-4896-a328-1bcf0dfb2fdd/fetchFileTemp9560163098834275625.tmp
[2024-06-27T19:00:43.734+0000] {docker.py:413} INFO - 24/06/27 19:00:43 INFO Utils: /tmp/spark-df697734-5ead-4f29-9666-d9a8e08ed6ea/userFiles-ddbca86e-06fe-4896-a328-1bcf0dfb2fdd/fetchFileTemp9560163098834275625.tmp has been previously copied to /tmp/spark-df697734-5ead-4f29-9666-d9a8e08ed6ea/userFiles-ddbca86e-06fe-4896-a328-1bcf0dfb2fdd/com.google.code.findbugs_jsr305-3.0.0.jar
[2024-06-27T19:00:43.736+0000] {docker.py:413} INFO - 24/06/27 19:00:43 INFO Executor: Adding file:/tmp/spark-df697734-5ead-4f29-9666-d9a8e08ed6ea/userFiles-ddbca86e-06fe-4896-a328-1bcf0dfb2fdd/com.google.code.findbugs_jsr305-3.0.0.jar to class loader default
[2024-06-27T19:00:43.736+0000] {docker.py:413} INFO - 24/06/27 19:00:43 INFO Executor: Fetching spark://localhost:44551/jars/org.slf4j_slf4j-api-2.0.7.jar with timestamp 1719514843089
[2024-06-27T19:00:43.736+0000] {docker.py:413} INFO - 24/06/27 19:00:43 INFO Utils: Fetching spark://localhost:44551/jars/org.slf4j_slf4j-api-2.0.7.jar to /tmp/spark-df697734-5ead-4f29-9666-d9a8e08ed6ea/userFiles-ddbca86e-06fe-4896-a328-1bcf0dfb2fdd/fetchFileTemp11590153141124922133.tmp
[2024-06-27T19:00:43.737+0000] {docker.py:413} INFO - 24/06/27 19:00:43 INFO Utils: /tmp/spark-df697734-5ead-4f29-9666-d9a8e08ed6ea/userFiles-ddbca86e-06fe-4896-a328-1bcf0dfb2fdd/fetchFileTemp11590153141124922133.tmp has been previously copied to /tmp/spark-df697734-5ead-4f29-9666-d9a8e08ed6ea/userFiles-ddbca86e-06fe-4896-a328-1bcf0dfb2fdd/org.slf4j_slf4j-api-2.0.7.jar
[2024-06-27T19:00:43.737+0000] {docker.py:413} INFO - 24/06/27 19:00:43 INFO Executor: Adding file:/tmp/spark-df697734-5ead-4f29-9666-d9a8e08ed6ea/userFiles-ddbca86e-06fe-4896-a328-1bcf0dfb2fdd/org.slf4j_slf4j-api-2.0.7.jar to class loader default
[2024-06-27T19:00:43.738+0000] {docker.py:413} INFO - 24/06/27 19:00:43 INFO Executor: Fetching spark://localhost:44551/jars/org.apache.hadoop_hadoop-client-runtime-3.3.4.jar with timestamp 1719514843089
[2024-06-27T19:00:43.738+0000] {docker.py:413} INFO - 24/06/27 19:00:43 INFO Utils: Fetching spark://localhost:44551/jars/org.apache.hadoop_hadoop-client-runtime-3.3.4.jar to /tmp/spark-df697734-5ead-4f29-9666-d9a8e08ed6ea/userFiles-ddbca86e-06fe-4896-a328-1bcf0dfb2fdd/fetchFileTemp3030969430574057600.tmp
[2024-06-27T19:00:43.806+0000] {docker.py:413} INFO - 24/06/27 19:00:43 INFO Utils: /tmp/spark-df697734-5ead-4f29-9666-d9a8e08ed6ea/userFiles-ddbca86e-06fe-4896-a328-1bcf0dfb2fdd/fetchFileTemp3030969430574057600.tmp has been previously copied to /tmp/spark-df697734-5ead-4f29-9666-d9a8e08ed6ea/userFiles-ddbca86e-06fe-4896-a328-1bcf0dfb2fdd/org.apache.hadoop_hadoop-client-runtime-3.3.4.jar
[2024-06-27T19:00:43.810+0000] {docker.py:413} INFO - 24/06/27 19:00:43 INFO Executor: Adding file:/tmp/spark-df697734-5ead-4f29-9666-d9a8e08ed6ea/userFiles-ddbca86e-06fe-4896-a328-1bcf0dfb2fdd/org.apache.hadoop_hadoop-client-runtime-3.3.4.jar to class loader default
[2024-06-27T19:00:43.810+0000] {docker.py:413} INFO - 24/06/27 19:00:43 INFO Executor: Fetching spark://localhost:44551/jars/org.apache.hadoop_hadoop-client-api-3.3.4.jar with timestamp 1719514843089
[2024-06-27T19:00:43.810+0000] {docker.py:413} INFO - 24/06/27 19:00:43 INFO Utils: Fetching spark://localhost:44551/jars/org.apache.hadoop_hadoop-client-api-3.3.4.jar to /tmp/spark-df697734-5ead-4f29-9666-d9a8e08ed6ea/userFiles-ddbca86e-06fe-4896-a328-1bcf0dfb2fdd/fetchFileTemp4276932478011775256.tmp
[2024-06-27T19:00:43.839+0000] {docker.py:413} INFO - 24/06/27 19:00:43 INFO Utils: /tmp/spark-df697734-5ead-4f29-9666-d9a8e08ed6ea/userFiles-ddbca86e-06fe-4896-a328-1bcf0dfb2fdd/fetchFileTemp4276932478011775256.tmp has been previously copied to /tmp/spark-df697734-5ead-4f29-9666-d9a8e08ed6ea/userFiles-ddbca86e-06fe-4896-a328-1bcf0dfb2fdd/org.apache.hadoop_hadoop-client-api-3.3.4.jar
[2024-06-27T19:00:43.842+0000] {docker.py:413} INFO - 24/06/27 19:00:43 INFO Executor: Adding file:/tmp/spark-df697734-5ead-4f29-9666-d9a8e08ed6ea/userFiles-ddbca86e-06fe-4896-a328-1bcf0dfb2fdd/org.apache.hadoop_hadoop-client-api-3.3.4.jar to class loader default
[2024-06-27T19:00:43.843+0000] {docker.py:413} INFO - 24/06/27 19:00:43 INFO Executor: Fetching spark://localhost:44551/jars/commons-logging_commons-logging-1.1.3.jar with timestamp 1719514843089
[2024-06-27T19:00:43.843+0000] {docker.py:413} INFO - 24/06/27 19:00:43 INFO Utils: Fetching spark://localhost:44551/jars/commons-logging_commons-logging-1.1.3.jar to /tmp/spark-df697734-5ead-4f29-9666-d9a8e08ed6ea/userFiles-ddbca86e-06fe-4896-a328-1bcf0dfb2fdd/fetchFileTemp8596091967732673423.tmp
[2024-06-27T19:00:43.844+0000] {docker.py:413} INFO - 24/06/27 19:00:43 INFO Utils: /tmp/spark-df697734-5ead-4f29-9666-d9a8e08ed6ea/userFiles-ddbca86e-06fe-4896-a328-1bcf0dfb2fdd/fetchFileTemp8596091967732673423.tmp has been previously copied to /tmp/spark-df697734-5ead-4f29-9666-d9a8e08ed6ea/userFiles-ddbca86e-06fe-4896-a328-1bcf0dfb2fdd/commons-logging_commons-logging-1.1.3.jar
[2024-06-27T19:00:43.848+0000] {docker.py:413} INFO - 24/06/27 19:00:43 INFO Executor: Adding file:/tmp/spark-df697734-5ead-4f29-9666-d9a8e08ed6ea/userFiles-ddbca86e-06fe-4896-a328-1bcf0dfb2fdd/commons-logging_commons-logging-1.1.3.jar to class loader default
[2024-06-27T19:00:43.849+0000] {docker.py:413} INFO - 24/06/27 19:00:43 INFO Executor: Fetching spark://localhost:44551/jars/org.apache.spark_spark-token-provider-kafka-0-10_2.12-3.5.0.jar with timestamp 1719514843089
[2024-06-27T19:00:43.849+0000] {docker.py:413} INFO - 24/06/27 19:00:43 INFO Utils: Fetching spark://localhost:44551/jars/org.apache.spark_spark-token-provider-kafka-0-10_2.12-3.5.0.jar to /tmp/spark-df697734-5ead-4f29-9666-d9a8e08ed6ea/userFiles-ddbca86e-06fe-4896-a328-1bcf0dfb2fdd/fetchFileTemp14775309323734486165.tmp
[2024-06-27T19:00:43.850+0000] {docker.py:413} INFO - 24/06/27 19:00:43 INFO Utils: /tmp/spark-df697734-5ead-4f29-9666-d9a8e08ed6ea/userFiles-ddbca86e-06fe-4896-a328-1bcf0dfb2fdd/fetchFileTemp14775309323734486165.tmp has been previously copied to /tmp/spark-df697734-5ead-4f29-9666-d9a8e08ed6ea/userFiles-ddbca86e-06fe-4896-a328-1bcf0dfb2fdd/org.apache.spark_spark-token-provider-kafka-0-10_2.12-3.5.0.jar
[2024-06-27T19:00:43.858+0000] {docker.py:413} INFO - 24/06/27 19:00:43 INFO Executor: Adding file:/tmp/spark-df697734-5ead-4f29-9666-d9a8e08ed6ea/userFiles-ddbca86e-06fe-4896-a328-1bcf0dfb2fdd/org.apache.spark_spark-token-provider-kafka-0-10_2.12-3.5.0.jar to class loader default
[2024-06-27T19:00:43.863+0000] {docker.py:413} INFO - 24/06/27 19:00:43 INFO Utils: Successfully started service 'org.apache.spark.network.netty.NettyBlockTransferService' on port 46689.
[2024-06-27T19:00:43.863+0000] {docker.py:413} INFO - 24/06/27 19:00:43 INFO NettyBlockTransferService: Server created on localhost:46689
[2024-06-27T19:00:43.864+0000] {docker.py:413} INFO - 24/06/27 19:00:43 INFO BlockManager: Using org.apache.spark.storage.RandomBlockReplicationPolicy for block replication policy
[2024-06-27T19:00:43.869+0000] {docker.py:413} INFO - 24/06/27 19:00:43 INFO BlockManagerMaster: Registering BlockManager BlockManagerId(driver, localhost, 46689, None)
[2024-06-27T19:00:43.872+0000] {docker.py:413} INFO - 24/06/27 19:00:43 INFO BlockManagerMasterEndpoint: Registering block manager localhost:46689 with 434.4 MiB RAM, BlockManagerId(driver, localhost, 46689, None)
[2024-06-27T19:00:43.876+0000] {docker.py:413} INFO - 24/06/27 19:00:43 INFO BlockManagerMaster: Registered BlockManager BlockManagerId(driver, localhost, 46689, None)
[2024-06-27T19:00:43.876+0000] {docker.py:413} INFO - 24/06/27 19:00:43 INFO BlockManager: Initialized BlockManager: BlockManagerId(driver, localhost, 46689, None)
[2024-06-27T19:00:44.100+0000] {docker.py:413} INFO - 2024-06-27 19:00:44,099:create_spark_session:INFO:Spark session created successfully
[2024-06-27T19:00:44.103+0000] {docker.py:413} INFO - 24/06/27 19:00:44 INFO SharedState: Setting hive.metastore.warehouse.dir ('null') to the value of spark.sql.warehouse.dir.
[2024-06-27T19:00:44.104+0000] {docker.py:413} INFO - 24/06/27 19:00:44 INFO SharedState: Warehouse path is 'file:/opt/bitnami/spark/spark-warehouse'.
[2024-06-27T19:00:44.835+0000] {docker.py:413} INFO - 2024-06-27 19:00:44,834:create_initial_dataframe:INFO:Initial dataframe created successfully
[2024-06-27T19:00:45.082+0000] {docker.py:413} INFO - Traceback (most recent call last):
  File "/opt/bitnami/spark/spark_streaming.py", line 103, in <module>
    write_to_postgres()
  File "/opt/bitnami/spark/spark_streaming.py", line 99, in write_to_postgres
[2024-06-27T19:00:45.083+0000] {docker.py:413} INFO - start_streaming(df_final, spark=spark)
  File "/opt/bitnami/spark/spark_streaming.py", line 71, in start_streaming
    existing_data_df = spark.read.jdbc(
                       ^^^^^^^^^^^^^^^^
  File "/opt/bitnami/spark/python/lib/pyspark.zip/pyspark/sql/readwriter.py", line 946, in jdbc
[2024-06-27T19:00:45.083+0000] {docker.py:413} INFO - File "/opt/bitnami/spark/python/lib/py4j-0.10.9.7-src.zip/py4j/java_gateway.py", line 1322, in __call__
[2024-06-27T19:00:45.083+0000] {docker.py:413} INFO - File "/opt/bitnami/spark/python/lib/pyspark.zip/pyspark/errors/exceptions/captured.py", line 179, in deco
[2024-06-27T19:00:45.084+0000] {docker.py:413} INFO - File "/opt/bitnami/spark/python/lib/py4j-0.10.9.7-src.zip/py4j/protocol.py", line 326, in get_return_value
[2024-06-27T19:00:45.084+0000] {docker.py:413} INFO - py4j.protocol.Py4JJavaError
[2024-06-27T19:00:45.084+0000] {docker.py:413} INFO - : An error occurred while calling o50.jdbc.
: org.postgresql.util.PSQLException: Connection to host.docker.internal:5432 refused. Check that the hostname and port are correct and that the postmaster is accepting TCP/IP connections.
	at org.postgresql.core.v3.ConnectionFactoryImpl.openConnectionImpl(ConnectionFactoryImpl.java:342)
	at org.postgresql.core.ConnectionFactory.openConnection(ConnectionFactory.java:54)
	at org.postgresql.jdbc.PgConnection.<init>(PgConnection.java:253)
	at org.postgresql.Driver.makeConnection(Driver.java:434)
	at org.postgresql.Driver.connect(Driver.java:291)
	at org.apache.spark.sql.execution.datasources.jdbc.connection.BasicConnectionProvider.getConnection(BasicConnectionProvider.scala:49)
	at org.apache.spark.sql.execution.datasources.jdbc.connection.ConnectionProviderBase.create(ConnectionProvider.scala:102)
	at org.apache.spark.sql.jdbc.JdbcDialect.$anonfun$createConnectionFactory$1(JdbcDialects.scala:160)
	at org.apache.spark.sql.jdbc.JdbcDialect.$anonfun$createConnectionFactory$1$adapted(JdbcDialects.scala:156)
	at org.apache.spark.sql.execution.datasources.jdbc.JDBCRDD$.getQueryOutputSchema(JDBCRDD.scala:63)
	at org.apache.spark.sql.execution.datasources.jdbc.JDBCRDD$.resolveTable(JDBCRDD.scala:58)
	at org.apache.spark.sql.execution.datasources.jdbc.JDBCRelation$.getSchema(JDBCRelation.scala:241)
	at org.apache.spark.sql.execution.datasources.jdbc.JdbcRelationProvider.createRelation(JdbcRelationProvider.scala:37)
	at org.apache.spark.sql.execution.datasources.DataSource.resolveRelation(DataSource.scala:346)
	at org.apache.spark.sql.DataFrameReader.loadV1Source(DataFrameReader.scala:229)
	at org.apache.spark.sql.DataFrameReader.$anonfun$load$2(DataFrameReader.scala:211)
	at scala.Option.getOrElse(Option.scala:189)
	at org.apache.spark.sql.DataFrameReader.load(DataFrameReader.scala:211)
	at org.apache.spark.sql.DataFrameReader.load(DataFrameReader.scala:172)
	at org.apache.spark.sql.DataFrameReader.jdbc(DataFrameReader.scala:249)
	at java.base/jdk.internal.reflect.NativeMethodAccessorImpl.invoke0(Native Method)
	at java.base/jdk.internal.reflect.NativeMethodAccessorImpl.invoke(NativeMethodAccessorImpl.java:77)
	at java.base/jdk.internal.reflect.DelegatingMethodAccessorImpl.invoke(DelegatingMethodAccessorImpl.java:43)
	at java.base/java.lang.reflect.Method.invoke(Method.java:568)
	at py4j.reflection.MethodInvoker.invoke(MethodInvoker.java:244)
	at py4j.reflection.ReflectionEngine.invoke(ReflectionEngine.java:374)
	at py4j.Gateway.invoke(Gateway.java:282)
	at py4j.commands.AbstractCommand.invokeMethod(AbstractCommand.java:132)
	at py4j.commands.CallCommand.execute(CallCommand.java:79)
	at py4j.ClientServerConnection.waitForCommands(ClientServerConnection.java:182)
	at py4j.ClientServerConnection.run(ClientServerConnection.java:106)
	at java.base/java.lang.Thread.run(Thread.java:840)
Caused by: java.net.ConnectException: Connection refused
	at java.base/sun.nio.ch.Net.pollConnect(Native Method)
	at java.base/sun.nio.ch.Net.pollConnectNow(Net.java:672)
	at java.base/sun.nio.ch.NioSocketImpl.timedFinishConnect(NioSocketImpl.java:554)
	at java.base/sun.nio.ch.NioSocketImpl.connect(NioSocketImpl.java:602)
	at java.base/java.net.SocksSocketImpl.connect(SocksSocketImpl.java:327)
	at java.base/java.net.Socket.connect(Socket.java:633)
	at org.postgresql.core.PGStream.createSocket(PGStream.java:243)
	at org.postgresql.core.PGStream.<init>(PGStream.java:98)
	at org.postgresql.core.v3.ConnectionFactoryImpl.tryConnect(ConnectionFactoryImpl.java:132)
	at org.postgresql.core.v3.ConnectionFactoryImpl.openConnectionImpl(ConnectionFactoryImpl.java:258)
	... 31 more
[2024-06-27T19:00:45.084+0000] {docker.py:413} INFO - 2024-06-27 19:00:45,083:close:INFO:Closing down clientserver connection
[2024-06-27T19:00:45.104+0000] {docker.py:413} INFO - 24/06/27 19:00:45 INFO SparkContext: Invoking stop() from shutdown hook
[2024-06-27T19:00:45.106+0000] {docker.py:413} INFO - 24/06/27 19:00:45 INFO SparkContext: SparkContext is stopping with exitCode 0.
[2024-06-27T19:00:45.111+0000] {docker.py:413} INFO - 24/06/27 19:00:45 INFO SparkUI: Stopped Spark web UI at http://localhost:4040
[2024-06-27T19:00:45.117+0000] {docker.py:413} INFO - 24/06/27 19:00:45 INFO MapOutputTrackerMasterEndpoint: MapOutputTrackerMasterEndpoint stopped!
[2024-06-27T19:00:45.124+0000] {docker.py:413} INFO - 24/06/27 19:00:45 INFO MemoryStore: MemoryStore cleared
[2024-06-27T19:00:45.125+0000] {docker.py:413} INFO - 24/06/27 19:00:45 INFO BlockManager: BlockManager stopped
[2024-06-27T19:00:45.128+0000] {docker.py:413} INFO - 24/06/27 19:00:45 INFO BlockManagerMaster: BlockManagerMaster stopped
[2024-06-27T19:00:45.130+0000] {docker.py:413} INFO - 24/06/27 19:00:45 INFO OutputCommitCoordinator$OutputCommitCoordinatorEndpoint: OutputCommitCoordinator stopped!
[2024-06-27T19:00:45.138+0000] {docker.py:413} INFO - 24/06/27 19:00:45 INFO SparkContext: Successfully stopped SparkContext
[2024-06-27T19:00:45.139+0000] {docker.py:413} INFO - 24/06/27 19:00:45 INFO ShutdownHookManager: Shutdown hook called
[2024-06-27T19:00:45.139+0000] {docker.py:413} INFO - 24/06/27 19:00:45 INFO ShutdownHookManager: Deleting directory /tmp/spark-df697734-5ead-4f29-9666-d9a8e08ed6ea
[2024-06-27T19:00:45.140+0000] {docker.py:413} INFO - 24/06/27 19:00:45 INFO ShutdownHookManager: Deleting directory /tmp/spark-8daa922d-3306-431b-893a-f3bbde38221f
[2024-06-27T19:00:45.143+0000] {docker.py:413} INFO - 24/06/27 19:00:45 INFO ShutdownHookManager: Deleting directory /tmp/spark-df697734-5ead-4f29-9666-d9a8e08ed6ea/pyspark-1ed9f231-958f-493b-a4e6-119b3566b088
[2024-06-27T19:00:45.300+0000] {taskinstance.py:1937} ERROR - Task failed with exception
Traceback (most recent call last):
  File "/home/airflow/.local/lib/python3.8/site-packages/docker/api/client.py", line 268, in _raise_for_status
    response.raise_for_status()
  File "/home/airflow/.local/lib/python3.8/site-packages/requests/models.py", line 1021, in raise_for_status
    raise HTTPError(http_error_msg, response=self)
requests.exceptions.HTTPError: 400 Client Error: Bad Request for url: http://docker-proxy:2375/v1.44/containers/create

The above exception was the direct cause of the following exception:

Traceback (most recent call last):
  File "/home/airflow/.local/lib/python3.8/site-packages/airflow/providers/docker/operators/docker.py", line 348, in _run_image
    return self._run_image_with_mounts([*self.mounts, tmp_mount], add_tmp_variable=True)
  File "/home/airflow/.local/lib/python3.8/site-packages/airflow/providers/docker/operators/docker.py", line 375, in _run_image_with_mounts
    self.container = self.cli.create_container(
  File "/home/airflow/.local/lib/python3.8/site-packages/docker/api/container.py", line 431, in create_container
    return self.create_container_from_config(config, name, platform)
  File "/home/airflow/.local/lib/python3.8/site-packages/docker/api/container.py", line 448, in create_container_from_config
    return self._result(res, True)
  File "/home/airflow/.local/lib/python3.8/site-packages/docker/api/client.py", line 274, in _result
    self._raise_for_status(response)
  File "/home/airflow/.local/lib/python3.8/site-packages/docker/api/client.py", line 270, in _raise_for_status
    raise create_api_error_from_http_exception(e) from e
  File "/home/airflow/.local/lib/python3.8/site-packages/docker/errors.py", line 39, in create_api_error_from_http_exception
    raise cls(e, response=response, explanation=explanation) from e
docker.errors.APIError: 400 Client Error for http://docker-proxy:2375/v1.44/containers/create: Bad Request ("invalid mount config for type "bind": bind source path does not exist: /host_mnt/private/tmp/airflowtmp4mp6ho2o")

During handling of the above exception, another exception occurred:

Traceback (most recent call last):
  File "/home/airflow/.local/lib/python3.8/site-packages/airflow/providers/docker/operators/docker.py", line 486, in execute
    return self._run_image()
  File "/home/airflow/.local/lib/python3.8/site-packages/airflow/providers/docker/operators/docker.py", line 357, in _run_image
    return self._run_image_with_mounts(self.mounts, add_tmp_variable=False)
  File "/home/airflow/.local/lib/python3.8/site-packages/airflow/providers/docker/operators/docker.py", line 421, in _run_image_with_mounts
    raise DockerContainerFailedException(f"Docker container failed: {result!r}", logs=log_lines)
airflow.providers.docker.exceptions.DockerContainerFailedException: Docker container failed: {'StatusCode': 1}
[2024-06-27T19:00:45.307+0000] {taskinstance.py:1400} INFO - Marking task as FAILED. dag_id=kafka_spark_dag, task_id=pyspark_consumer, execution_date=20240627T185942, start_date=20240627T190020, end_date=20240627T190045
[2024-06-27T19:00:45.318+0000] {standard_task_runner.py:104} ERROR - Failed to execute job 146 for task pyspark_consumer (Docker container failed: {'StatusCode': 1}; 1647)
[2024-06-27T19:00:45.323+0000] {local_task_job_runner.py:228} INFO - Task exited with return code 1
[2024-06-27T19:00:45.333+0000] {taskinstance.py:2778} INFO - 0 downstream tasks scheduled from follow-on schedule check
