[2024-06-27T20:29:07.244+0000] {taskinstance.py:1159} INFO - Dependencies all met for dep_context=non-requeueable deps ti=<TaskInstance: kafka_spark_dag.pyspark_consumer manual__2024-06-27T18:59:42.600379+00:00 [queued]>
[2024-06-27T20:29:07.249+0000] {taskinstance.py:1159} INFO - Dependencies all met for dep_context=requeueable deps ti=<TaskInstance: kafka_spark_dag.pyspark_consumer manual__2024-06-27T18:59:42.600379+00:00 [queued]>
[2024-06-27T20:29:07.249+0000] {taskinstance.py:1361} INFO - Starting attempt 4 of 4
[2024-06-27T20:29:07.256+0000] {taskinstance.py:1382} INFO - Executing <Task(DockerOperator): pyspark_consumer> on 2024-06-27 18:59:42.600379+00:00
[2024-06-27T20:29:07.259+0000] {standard_task_runner.py:57} INFO - Started process 32355 to run task
[2024-06-27T20:29:07.261+0000] {standard_task_runner.py:84} INFO - Running: ['***', 'tasks', 'run', 'kafka_spark_dag', 'pyspark_consumer', 'manual__2024-06-27T18:59:42.600379+00:00', '--job-id', '151', '--raw', '--subdir', 'DAGS_FOLDER/dag_kafka_spark.py', '--cfg-path', '/tmp/tmpl6ntp4yv']
[2024-06-27T20:29:07.263+0000] {standard_task_runner.py:85} INFO - Job 151: Subtask pyspark_consumer
[2024-06-27T20:29:07.289+0000] {task_command.py:416} INFO - Running <TaskInstance: kafka_spark_dag.pyspark_consumer manual__2024-06-27T18:59:42.600379+00:00 [running]> on host cd176cdca805
[2024-06-27T20:29:07.324+0000] {taskinstance.py:1662} INFO - Exporting env vars: AIRFLOW_CTX_DAG_OWNER='***' AIRFLOW_CTX_DAG_ID='kafka_spark_dag' AIRFLOW_CTX_TASK_ID='pyspark_consumer' AIRFLOW_CTX_EXECUTION_DATE='2024-06-27T18:59:42.600379+00:00' AIRFLOW_CTX_TRY_NUMBER='4' AIRFLOW_CTX_DAG_RUN_ID='manual__2024-06-27T18:59:42.600379+00:00'
[2024-06-27T20:29:07.387+0000] {docker.py:343} INFO - Starting docker container from image current-headlines/spark:latest
[2024-06-27T20:29:07.394+0000] {docker.py:351} WARNING - Using remote engine or docker-in-docker and mounting temporary volume from host is not supported. Falling back to `mount_tmp_dir=False` mode. You can set `mount_tmp_dir` parameter to False to disable mounting and remove the warning
[2024-06-27T20:29:07.698+0000] {docker.py:413} INFO - [38;5;6mspark [38;5;5m20:29:07.69 [0m[38;5;2mINFO [0m ==> 
[38;5;6mspark [38;5;5m20:29:07.69 [0m[38;5;2mINFO [0m ==> [1mWelcome to the Bitnami spark container[0m
[38;5;6mspark [38;5;5m20:29:07.69 [0m[38;5;2mINFO [0m ==> Subscribe to project updates by watching [1mhttps://github.com/bitnami/containers[0m
[38;5;6mspark [38;5;5m20:29:07.69 [0m[38;5;2mINFO [0m ==> Submit issues and feature requests at [1mhttps://github.com/bitnami/containers/issues[0m
[2024-06-27T20:29:07.699+0000] {docker.py:413} INFO - [38;5;6mspark [38;5;5m20:29:07.69 [0m[38;5;2mINFO [0m ==>
[2024-06-27T20:29:07.702+0000] {docker.py:413} INFO - 
[2024-06-27T20:29:08.518+0000] {docker.py:413} INFO - :: loading settings :: url = jar:file:/opt/bitnami/spark/jars/ivy-2.5.1.jar!/org/apache/ivy/core/settings/ivysettings.xml
[2024-06-27T20:29:08.554+0000] {docker.py:413} INFO - Ivy Default Cache set to: /opt/bitnami/spark/.ivy2/cache
The jars for the packages stored in: /opt/bitnami/spark/.ivy2/jars
[2024-06-27T20:29:08.557+0000] {docker.py:413} INFO - org.postgresql#postgresql added as a dependency
org.apache.spark#spark-sql-kafka-0-10_2.12 added as a dependency
[2024-06-27T20:29:08.558+0000] {docker.py:413} INFO - :: resolving dependencies :: org.apache.spark#spark-submit-parent-b730bc6f-1d5e-4b79-83cc-33b9a3f557b2;1.0
	confs: [default]
[2024-06-27T20:29:08.877+0000] {docker.py:413} INFO - found org.postgresql#postgresql;42.5.4 in central
[2024-06-27T20:29:08.917+0000] {docker.py:413} INFO - found org.checkerframework#checker-qual;3.5.0 in central
[2024-06-27T20:29:09.368+0000] {docker.py:413} INFO - found org.apache.spark#spark-sql-kafka-0-10_2.12;3.5.0 in central
[2024-06-27T20:29:09.506+0000] {docker.py:413} INFO - found org.apache.spark#spark-token-provider-kafka-0-10_2.12;3.5.0 in central
[2024-06-27T20:29:09.542+0000] {docker.py:413} INFO - found org.apache.kafka#kafka-clients;3.4.1 in central
[2024-06-27T20:29:09.577+0000] {docker.py:413} INFO - found org.lz4#lz4-java;1.8.0 in central
[2024-06-27T20:29:09.621+0000] {docker.py:413} INFO - found org.xerial.snappy#snappy-java;1.1.10.3 in central
[2024-06-27T20:29:09.840+0000] {docker.py:413} INFO - found org.slf4j#slf4j-api;2.0.7 in central
[2024-06-27T20:29:10.229+0000] {docker.py:413} INFO - found org.apache.hadoop#hadoop-client-runtime;3.3.4 in central
[2024-06-27T20:29:10.276+0000] {docker.py:413} INFO - found org.apache.hadoop#hadoop-client-api;3.3.4 in central
[2024-06-27T20:29:10.462+0000] {docker.py:413} INFO - found commons-logging#commons-logging;1.1.3 in central
[2024-06-27T20:29:10.489+0000] {docker.py:413} INFO - found com.google.code.findbugs#jsr305;3.0.0 in central
[2024-06-27T20:29:10.937+0000] {docker.py:413} INFO - found org.apache.commons#commons-pool2;2.11.1 in central
[2024-06-27T20:29:10.954+0000] {docker.py:413} INFO - downloading https://repo1.maven.org/maven2/org/postgresql/postgresql/42.5.4/postgresql-42.5.4.jar ...
[2024-06-27T20:29:11.051+0000] {docker.py:413} INFO - [SUCCESSFUL ] org.postgresql#postgresql;42.5.4!postgresql.jar (110ms)
[2024-06-27T20:29:11.063+0000] {docker.py:413} INFO - downloading https://repo1.maven.org/maven2/org/apache/spark/spark-sql-kafka-0-10_2.12/3.5.0/spark-sql-kafka-0-10_2.12-3.5.0.jar ...
[2024-06-27T20:29:11.101+0000] {docker.py:413} INFO - [SUCCESSFUL ] org.apache.spark#spark-sql-kafka-0-10_2.12;3.5.0!spark-sql-kafka-0-10_2.12.jar (49ms)
[2024-06-27T20:29:11.113+0000] {docker.py:413} INFO - downloading https://repo1.maven.org/maven2/org/checkerframework/checker-qual/3.5.0/checker-qual-3.5.0.jar ...
[2024-06-27T20:29:11.141+0000] {docker.py:413} INFO - [SUCCESSFUL ] org.checkerframework#checker-qual;3.5.0!checker-qual.jar (38ms)
[2024-06-27T20:29:11.153+0000] {docker.py:413} INFO - downloading https://repo1.maven.org/maven2/org/apache/spark/spark-token-provider-kafka-0-10_2.12/3.5.0/spark-token-provider-kafka-0-10_2.12-3.5.0.jar ...
[2024-06-27T20:29:11.169+0000] {docker.py:413} INFO - [SUCCESSFUL ] org.apache.spark#spark-token-provider-kafka-0-10_2.12;3.5.0!spark-token-provider-kafka-0-10_2.12.jar (28ms)
[2024-06-27T20:29:11.188+0000] {docker.py:413} INFO - downloading https://repo1.maven.org/maven2/org/apache/kafka/kafka-clients/3.4.1/kafka-clients-3.4.1.jar ...
[2024-06-27T20:29:11.562+0000] {docker.py:413} INFO - [SUCCESSFUL ] org.apache.kafka#kafka-clients;3.4.1!kafka-clients.jar (392ms)
[2024-06-27T20:29:11.574+0000] {docker.py:413} INFO - downloading https://repo1.maven.org/maven2/com/google/code/findbugs/jsr305/3.0.0/jsr305-3.0.0.jar ...
[2024-06-27T20:29:11.587+0000] {docker.py:413} INFO - [SUCCESSFUL ] com.google.code.findbugs#jsr305;3.0.0!jsr305.jar (25ms)
[2024-06-27T20:29:11.599+0000] {docker.py:413} INFO - downloading https://repo1.maven.org/maven2/org/apache/commons/commons-pool2/2.11.1/commons-pool2-2.11.1.jar ...
[2024-06-27T20:29:11.620+0000] {docker.py:413} INFO - [SUCCESSFUL ] org.apache.commons#commons-pool2;2.11.1!commons-pool2.jar (32ms)
[2024-06-27T20:29:11.631+0000] {docker.py:413} INFO - downloading https://repo1.maven.org/maven2/org/apache/hadoop/hadoop-client-runtime/3.3.4/hadoop-client-runtime-3.3.4.jar ...
[2024-06-27T20:29:13.600+0000] {docker.py:413} INFO - [SUCCESSFUL ] org.apache.hadoop#hadoop-client-runtime;3.3.4!hadoop-client-runtime.jar (1979ms)
[2024-06-27T20:29:13.616+0000] {docker.py:413} INFO - downloading https://repo1.maven.org/maven2/org/lz4/lz4-java/1.8.0/lz4-java-1.8.0.jar ...
[2024-06-27T20:29:13.655+0000] {docker.py:413} INFO - [SUCCESSFUL ] org.lz4#lz4-java;1.8.0!lz4-java.jar (55ms)
[2024-06-27T20:29:13.674+0000] {docker.py:413} INFO - downloading https://repo1.maven.org/maven2/org/xerial/snappy/snappy-java/1.1.10.3/snappy-java-1.1.10.3.jar ...
[2024-06-27T20:29:13.777+0000] {docker.py:413} INFO - [SUCCESSFUL ] org.xerial.snappy#snappy-java;1.1.10.3!snappy-java.jar(bundle) (121ms)
[2024-06-27T20:29:13.796+0000] {docker.py:413} INFO - downloading https://repo1.maven.org/maven2/org/slf4j/slf4j-api/2.0.7/slf4j-api-2.0.7.jar ...
[2024-06-27T20:29:13.810+0000] {docker.py:413} INFO - [SUCCESSFUL ] org.slf4j#slf4j-api;2.0.7!slf4j-api.jar (33ms)
[2024-06-27T20:29:13.822+0000] {docker.py:413} INFO - downloading https://repo1.maven.org/maven2/org/apache/hadoop/hadoop-client-api/3.3.4/hadoop-client-api-3.3.4.jar ...
[2024-06-27T20:29:14.887+0000] {docker.py:413} INFO - [SUCCESSFUL ] org.apache.hadoop#hadoop-client-api;3.3.4!hadoop-client-api.jar (1077ms)
[2024-06-27T20:29:14.901+0000] {docker.py:413} INFO - downloading https://repo1.maven.org/maven2/commons-logging/commons-logging/1.1.3/commons-logging-1.1.3.jar ...
[2024-06-27T20:29:14.916+0000] {docker.py:413} INFO - [SUCCESSFUL ] commons-logging#commons-logging;1.1.3!commons-logging.jar (27ms)
[2024-06-27T20:29:14.917+0000] {docker.py:413} INFO - :: resolution report :: resolve 2382ms :: artifacts dl 3975ms
[2024-06-27T20:29:14.921+0000] {docker.py:413} INFO - :: modules in use:
[2024-06-27T20:29:14.921+0000] {docker.py:413} INFO - com.google.code.findbugs#jsr305;3.0.0 from central in [default]
	commons-logging#commons-logging;1.1.3 from central in [default]
	org.apache.commons#commons-pool2;2.11.1 from central in [default]
	org.apache.hadoop#hadoop-client-api;3.3.4 from central in [default]
	org.apache.hadoop#hadoop-client-runtime;3.3.4 from central in [default]
[2024-06-27T20:29:14.921+0000] {docker.py:413} INFO - org.apache.kafka#kafka-clients;3.4.1 from central in [default]
	org.apache.spark#spark-sql-kafka-0-10_2.12;3.5.0 from central in [default]
	org.apache.spark#spark-token-provider-kafka-0-10_2.12;3.5.0 from central in [default]
	org.checkerframework#checker-qual;3.5.0 from central in [default]
[2024-06-27T20:29:14.922+0000] {docker.py:413} INFO - org.lz4#lz4-java;1.8.0 from central in [default]
	org.postgresql#postgresql;42.5.4 from central in [default]
	org.slf4j#slf4j-api;2.0.7 from central in [default]
	org.xerial.snappy#snappy-java;1.1.10.3 from central in [default]
	---------------------------------------------------------------------
	|                  |            modules            ||   artifacts   |
	|       conf       | number| search|dwnlded|evicted|| number|dwnlded|
	---------------------------------------------------------------------
	|      default     |   13  |   13  |   13  |   0   ||   13  |   13  |
	---------------------------------------------------------------------
[2024-06-27T20:29:14.922+0000] {docker.py:413} INFO - :: retrieving :: org.apache.spark#spark-submit-parent-b730bc6f-1d5e-4b79-83cc-33b9a3f557b2
	confs: [default]
[2024-06-27T20:29:14.946+0000] {docker.py:413} INFO - 13 artifacts copied, 0 already retrieved (58001kB/27ms)
[2024-06-27T20:29:15.056+0000] {docker.py:413} INFO - 24/06/27 20:29:15 WARN NativeCodeLoader: Unable to load native-hadoop library for your platform... using builtin-java classes where applicable
[2024-06-27T20:29:15.605+0000] {docker.py:413} INFO - 24/06/27 20:29:15 INFO SparkContext: Running Spark version 3.5.0
[2024-06-27T20:29:15.606+0000] {docker.py:413} INFO - 24/06/27 20:29:15 INFO SparkContext: OS info Linux, 6.6.12-linuxkit, aarch64
[2024-06-27T20:29:15.606+0000] {docker.py:413} INFO - 24/06/27 20:29:15 INFO SparkContext: Java version 17.0.10
[2024-06-27T20:29:15.617+0000] {docker.py:413} INFO - 24/06/27 20:29:15 INFO ResourceUtils: ==============================================================
[2024-06-27T20:29:15.617+0000] {docker.py:413} INFO - 24/06/27 20:29:15 INFO ResourceUtils: No custom resources configured for spark.driver.
[2024-06-27T20:29:15.618+0000] {docker.py:413} INFO - 24/06/27 20:29:15 INFO ResourceUtils: ==============================================================
[2024-06-27T20:29:15.618+0000] {docker.py:413} INFO - 24/06/27 20:29:15 INFO SparkContext: Submitted application: PostgreSQL Connection with PySpark
[2024-06-27T20:29:15.629+0000] {docker.py:413} INFO - 24/06/27 20:29:15 INFO ResourceProfile: Default ResourceProfile created, executor resources: Map(cores -> name: cores, amount: 1, script: , vendor: , memory -> name: memory, amount: 1024, script: , vendor: , offHeap -> name: offHeap, amount: 0, script: , vendor: ), task resources: Map(cpus -> name: cpus, amount: 1.0)
[2024-06-27T20:29:15.634+0000] {docker.py:413} INFO - 24/06/27 20:29:15 INFO ResourceProfile: Limiting resource is cpu
[2024-06-27T20:29:15.635+0000] {docker.py:413} INFO - 24/06/27 20:29:15 INFO ResourceProfileManager: Added ResourceProfile id: 0
[2024-06-27T20:29:15.662+0000] {docker.py:413} INFO - 24/06/27 20:29:15 INFO SecurityManager: Changing view acls to: spark
[2024-06-27T20:29:15.662+0000] {docker.py:413} INFO - 24/06/27 20:29:15 INFO SecurityManager: Changing modify acls to: spark
[2024-06-27T20:29:15.662+0000] {docker.py:413} INFO - 24/06/27 20:29:15 INFO SecurityManager: Changing view acls groups to:
[2024-06-27T20:29:15.663+0000] {docker.py:413} INFO - 24/06/27 20:29:15 INFO SecurityManager: Changing modify acls groups to:
[2024-06-27T20:29:15.663+0000] {docker.py:413} INFO - 24/06/27 20:29:15 INFO SecurityManager: SecurityManager: authentication disabled; ui acls disabled; users with view permissions: spark; groups with view permissions: EMPTY; users with modify permissions: spark; groups with modify permissions: EMPTY
[2024-06-27T20:29:15.767+0000] {docker.py:413} INFO - 24/06/27 20:29:15 INFO Utils: Successfully started service 'sparkDriver' on port 34227.
[2024-06-27T20:29:15.780+0000] {docker.py:413} INFO - 24/06/27 20:29:15 INFO SparkEnv: Registering MapOutputTracker
[2024-06-27T20:29:15.798+0000] {docker.py:413} INFO - 24/06/27 20:29:15 INFO SparkEnv: Registering BlockManagerMaster
[2024-06-27T20:29:15.808+0000] {docker.py:413} INFO - 24/06/27 20:29:15 INFO BlockManagerMasterEndpoint: Using org.apache.spark.storage.DefaultTopologyMapper for getting topology information
[2024-06-27T20:29:15.808+0000] {docker.py:413} INFO - 24/06/27 20:29:15 INFO BlockManagerMasterEndpoint: BlockManagerMasterEndpoint up
[2024-06-27T20:29:15.810+0000] {docker.py:413} INFO - 24/06/27 20:29:15 INFO SparkEnv: Registering BlockManagerMasterHeartbeat
[2024-06-27T20:29:15.820+0000] {docker.py:413} INFO - 24/06/27 20:29:15 INFO DiskBlockManager: Created local directory at /tmp/blockmgr-230b2fe4-23dc-4871-9c32-8702209a0a00
[2024-06-27T20:29:15.832+0000] {docker.py:413} INFO - 24/06/27 20:29:15 INFO MemoryStore: MemoryStore started with capacity 434.4 MiB
[2024-06-27T20:29:15.841+0000] {docker.py:413} INFO - 24/06/27 20:29:15 INFO SparkEnv: Registering OutputCommitCoordinator
[2024-06-27T20:29:15.912+0000] {docker.py:413} INFO - 24/06/27 20:29:15 INFO JettyUtils: Start Jetty 0.0.0.0:4040 for SparkUI
[2024-06-27T20:29:15.946+0000] {docker.py:413} INFO - 24/06/27 20:29:15 INFO Utils: Successfully started service 'SparkUI' on port 4040.
[2024-06-27T20:29:15.967+0000] {docker.py:413} INFO - 24/06/27 20:29:15 INFO SparkContext: Added JAR file:///opt/bitnami/spark/.ivy2/jars/org.postgresql_postgresql-42.5.4.jar at spark://localhost:34227/jars/org.postgresql_postgresql-42.5.4.jar with timestamp 1719520155600
[2024-06-27T20:29:15.968+0000] {docker.py:413} INFO - 24/06/27 20:29:15 INFO SparkContext: Added JAR file:///opt/bitnami/spark/.ivy2/jars/org.apache.spark_spark-sql-kafka-0-10_2.12-3.5.0.jar at spark://localhost:34227/jars/org.apache.spark_spark-sql-kafka-0-10_2.12-3.5.0.jar with timestamp 1719520155600
[2024-06-27T20:29:15.968+0000] {docker.py:413} INFO - 24/06/27 20:29:15 INFO SparkContext: Added JAR file:///opt/bitnami/spark/.ivy2/jars/org.checkerframework_checker-qual-3.5.0.jar at spark://localhost:34227/jars/org.checkerframework_checker-qual-3.5.0.jar with timestamp 1719520155600
[2024-06-27T20:29:15.968+0000] {docker.py:413} INFO - 24/06/27 20:29:15 INFO SparkContext: Added JAR file:///opt/bitnami/spark/.ivy2/jars/org.apache.spark_spark-token-provider-kafka-0-10_2.12-3.5.0.jar at spark://localhost:34227/jars/org.apache.spark_spark-token-provider-kafka-0-10_2.12-3.5.0.jar with timestamp 1719520155600
[2024-06-27T20:29:15.969+0000] {docker.py:413} INFO - 24/06/27 20:29:15 INFO SparkContext: Added JAR file:///opt/bitnami/spark/.ivy2/jars/org.apache.kafka_kafka-clients-3.4.1.jar at spark://localhost:34227/jars/org.apache.kafka_kafka-clients-3.4.1.jar with timestamp 1719520155600
24/06/27 20:29:15 INFO SparkContext: Added JAR file:///opt/bitnami/spark/.ivy2/jars/com.google.code.findbugs_jsr305-3.0.0.jar at spark://localhost:34227/jars/com.google.code.findbugs_jsr305-3.0.0.jar with timestamp 1719520155600
[2024-06-27T20:29:15.969+0000] {docker.py:413} INFO - 24/06/27 20:29:15 INFO SparkContext: Added JAR file:///opt/bitnami/spark/.ivy2/jars/org.apache.commons_commons-pool2-2.11.1.jar at spark://localhost:34227/jars/org.apache.commons_commons-pool2-2.11.1.jar with timestamp 1719520155600
[2024-06-27T20:29:15.970+0000] {docker.py:413} INFO - 24/06/27 20:29:15 INFO SparkContext: Added JAR file:///opt/bitnami/spark/.ivy2/jars/org.apache.hadoop_hadoop-client-runtime-3.3.4.jar at spark://localhost:34227/jars/org.apache.hadoop_hadoop-client-runtime-3.3.4.jar with timestamp 1719520155600
[2024-06-27T20:29:15.970+0000] {docker.py:413} INFO - 24/06/27 20:29:15 INFO SparkContext: Added JAR file:///opt/bitnami/spark/.ivy2/jars/org.lz4_lz4-java-1.8.0.jar at spark://localhost:34227/jars/org.lz4_lz4-java-1.8.0.jar with timestamp 1719520155600
24/06/27 20:29:15 INFO SparkContext: Added JAR file:///opt/bitnami/spark/.ivy2/jars/org.xerial.snappy_snappy-java-1.1.10.3.jar at spark://localhost:34227/jars/org.xerial.snappy_snappy-java-1.1.10.3.jar with timestamp 1719520155600
[2024-06-27T20:29:15.970+0000] {docker.py:413} INFO - 24/06/27 20:29:15 INFO SparkContext: Added JAR file:///opt/bitnami/spark/.ivy2/jars/org.slf4j_slf4j-api-2.0.7.jar at spark://localhost:34227/jars/org.slf4j_slf4j-api-2.0.7.jar with timestamp 1719520155600
24/06/27 20:29:15 INFO SparkContext: Added JAR file:///opt/bitnami/spark/.ivy2/jars/org.apache.hadoop_hadoop-client-api-3.3.4.jar at spark://localhost:34227/jars/org.apache.hadoop_hadoop-client-api-3.3.4.jar with timestamp 1719520155600
[2024-06-27T20:29:15.971+0000] {docker.py:413} INFO - 24/06/27 20:29:15 INFO SparkContext: Added JAR file:///opt/bitnami/spark/.ivy2/jars/commons-logging_commons-logging-1.1.3.jar at spark://localhost:34227/jars/commons-logging_commons-logging-1.1.3.jar with timestamp 1719520155600
[2024-06-27T20:29:15.971+0000] {docker.py:413} INFO - 24/06/27 20:29:15 INFO SparkContext: Added file file:///opt/bitnami/spark/.ivy2/jars/org.postgresql_postgresql-42.5.4.jar at file:///opt/bitnami/spark/.ivy2/jars/org.postgresql_postgresql-42.5.4.jar with timestamp 1719520155600
[2024-06-27T20:29:15.971+0000] {docker.py:413} INFO - 24/06/27 20:29:15 INFO Utils: Copying /opt/bitnami/spark/.ivy2/jars/org.postgresql_postgresql-42.5.4.jar to /tmp/spark-91bd08aa-f531-4bd4-a500-f1d59df91299/userFiles-4dfb43ae-1b7d-4363-b5d9-75f59a2f40c6/org.postgresql_postgresql-42.5.4.jar
[2024-06-27T20:29:15.975+0000] {docker.py:413} INFO - 24/06/27 20:29:15 INFO SparkContext: Added file file:///opt/bitnami/spark/.ivy2/jars/org.apache.spark_spark-sql-kafka-0-10_2.12-3.5.0.jar at file:///opt/bitnami/spark/.ivy2/jars/org.apache.spark_spark-sql-kafka-0-10_2.12-3.5.0.jar with timestamp 1719520155600
[2024-06-27T20:29:15.976+0000] {docker.py:413} INFO - 24/06/27 20:29:15 INFO Utils: Copying /opt/bitnami/spark/.ivy2/jars/org.apache.spark_spark-sql-kafka-0-10_2.12-3.5.0.jar to /tmp/spark-91bd08aa-f531-4bd4-a500-f1d59df91299/userFiles-4dfb43ae-1b7d-4363-b5d9-75f59a2f40c6/org.apache.spark_spark-sql-kafka-0-10_2.12-3.5.0.jar
[2024-06-27T20:29:15.977+0000] {docker.py:413} INFO - 24/06/27 20:29:15 INFO SparkContext: Added file file:///opt/bitnami/spark/.ivy2/jars/org.checkerframework_checker-qual-3.5.0.jar at file:///opt/bitnami/spark/.ivy2/jars/org.checkerframework_checker-qual-3.5.0.jar with timestamp 1719520155600
[2024-06-27T20:29:15.977+0000] {docker.py:413} INFO - 24/06/27 20:29:15 INFO Utils: Copying /opt/bitnami/spark/.ivy2/jars/org.checkerframework_checker-qual-3.5.0.jar to /tmp/spark-91bd08aa-f531-4bd4-a500-f1d59df91299/userFiles-4dfb43ae-1b7d-4363-b5d9-75f59a2f40c6/org.checkerframework_checker-qual-3.5.0.jar
[2024-06-27T20:29:15.979+0000] {docker.py:413} INFO - 24/06/27 20:29:15 INFO SparkContext: Added file file:///opt/bitnami/spark/.ivy2/jars/org.apache.spark_spark-token-provider-kafka-0-10_2.12-3.5.0.jar at file:///opt/bitnami/spark/.ivy2/jars/org.apache.spark_spark-token-provider-kafka-0-10_2.12-3.5.0.jar with timestamp 1719520155600
[2024-06-27T20:29:15.979+0000] {docker.py:413} INFO - 24/06/27 20:29:15 INFO Utils: Copying /opt/bitnami/spark/.ivy2/jars/org.apache.spark_spark-token-provider-kafka-0-10_2.12-3.5.0.jar to /tmp/spark-91bd08aa-f531-4bd4-a500-f1d59df91299/userFiles-4dfb43ae-1b7d-4363-b5d9-75f59a2f40c6/org.apache.spark_spark-token-provider-kafka-0-10_2.12-3.5.0.jar
[2024-06-27T20:29:15.980+0000] {docker.py:413} INFO - 24/06/27 20:29:15 INFO SparkContext: Added file file:///opt/bitnami/spark/.ivy2/jars/org.apache.kafka_kafka-clients-3.4.1.jar at file:///opt/bitnami/spark/.ivy2/jars/org.apache.kafka_kafka-clients-3.4.1.jar with timestamp 1719520155600
[2024-06-27T20:29:15.981+0000] {docker.py:413} INFO - 24/06/27 20:29:15 INFO Utils: Copying /opt/bitnami/spark/.ivy2/jars/org.apache.kafka_kafka-clients-3.4.1.jar to /tmp/spark-91bd08aa-f531-4bd4-a500-f1d59df91299/userFiles-4dfb43ae-1b7d-4363-b5d9-75f59a2f40c6/org.apache.kafka_kafka-clients-3.4.1.jar
[2024-06-27T20:29:15.983+0000] {docker.py:413} INFO - 24/06/27 20:29:15 INFO SparkContext: Added file file:///opt/bitnami/spark/.ivy2/jars/com.google.code.findbugs_jsr305-3.0.0.jar at file:///opt/bitnami/spark/.ivy2/jars/com.google.code.findbugs_jsr305-3.0.0.jar with timestamp 1719520155600
24/06/27 20:29:15 INFO Utils: Copying /opt/bitnami/spark/.ivy2/jars/com.google.code.findbugs_jsr305-3.0.0.jar to /tmp/spark-91bd08aa-f531-4bd4-a500-f1d59df91299/userFiles-4dfb43ae-1b7d-4363-b5d9-75f59a2f40c6/com.google.code.findbugs_jsr305-3.0.0.jar
[2024-06-27T20:29:15.985+0000] {docker.py:413} INFO - 24/06/27 20:29:15 INFO SparkContext: Added file file:///opt/bitnami/spark/.ivy2/jars/org.apache.commons_commons-pool2-2.11.1.jar at file:///opt/bitnami/spark/.ivy2/jars/org.apache.commons_commons-pool2-2.11.1.jar with timestamp 1719520155600
[2024-06-27T20:29:15.985+0000] {docker.py:413} INFO - 24/06/27 20:29:15 INFO Utils: Copying /opt/bitnami/spark/.ivy2/jars/org.apache.commons_commons-pool2-2.11.1.jar to /tmp/spark-91bd08aa-f531-4bd4-a500-f1d59df91299/userFiles-4dfb43ae-1b7d-4363-b5d9-75f59a2f40c6/org.apache.commons_commons-pool2-2.11.1.jar
[2024-06-27T20:29:15.986+0000] {docker.py:413} INFO - 24/06/27 20:29:15 INFO SparkContext: Added file file:///opt/bitnami/spark/.ivy2/jars/org.apache.hadoop_hadoop-client-runtime-3.3.4.jar at file:///opt/bitnami/spark/.ivy2/jars/org.apache.hadoop_hadoop-client-runtime-3.3.4.jar with timestamp 1719520155600
24/06/27 20:29:15 INFO Utils: Copying /opt/bitnami/spark/.ivy2/jars/org.apache.hadoop_hadoop-client-runtime-3.3.4.jar to /tmp/spark-91bd08aa-f531-4bd4-a500-f1d59df91299/userFiles-4dfb43ae-1b7d-4363-b5d9-75f59a2f40c6/org.apache.hadoop_hadoop-client-runtime-3.3.4.jar
[2024-06-27T20:29:15.993+0000] {docker.py:413} INFO - 24/06/27 20:29:15 INFO SparkContext: Added file file:///opt/bitnami/spark/.ivy2/jars/org.lz4_lz4-java-1.8.0.jar at file:///opt/bitnami/spark/.ivy2/jars/org.lz4_lz4-java-1.8.0.jar with timestamp 1719520155600
[2024-06-27T20:29:15.994+0000] {docker.py:413} INFO - 24/06/27 20:29:15 INFO Utils: Copying /opt/bitnami/spark/.ivy2/jars/org.lz4_lz4-java-1.8.0.jar to /tmp/spark-91bd08aa-f531-4bd4-a500-f1d59df91299/userFiles-4dfb43ae-1b7d-4363-b5d9-75f59a2f40c6/org.lz4_lz4-java-1.8.0.jar
[2024-06-27T20:29:15.995+0000] {docker.py:413} INFO - 24/06/27 20:29:15 INFO SparkContext: Added file file:///opt/bitnami/spark/.ivy2/jars/org.xerial.snappy_snappy-java-1.1.10.3.jar at file:///opt/bitnami/spark/.ivy2/jars/org.xerial.snappy_snappy-java-1.1.10.3.jar with timestamp 1719520155600
[2024-06-27T20:29:15.995+0000] {docker.py:413} INFO - 24/06/27 20:29:15 INFO Utils: Copying /opt/bitnami/spark/.ivy2/jars/org.xerial.snappy_snappy-java-1.1.10.3.jar to /tmp/spark-91bd08aa-f531-4bd4-a500-f1d59df91299/userFiles-4dfb43ae-1b7d-4363-b5d9-75f59a2f40c6/org.xerial.snappy_snappy-java-1.1.10.3.jar
[2024-06-27T20:29:15.997+0000] {docker.py:413} INFO - 24/06/27 20:29:15 INFO SparkContext: Added file file:///opt/bitnami/spark/.ivy2/jars/org.slf4j_slf4j-api-2.0.7.jar at file:///opt/bitnami/spark/.ivy2/jars/org.slf4j_slf4j-api-2.0.7.jar with timestamp 1719520155600
[2024-06-27T20:29:15.997+0000] {docker.py:413} INFO - 24/06/27 20:29:15 INFO Utils: Copying /opt/bitnami/spark/.ivy2/jars/org.slf4j_slf4j-api-2.0.7.jar to /tmp/spark-91bd08aa-f531-4bd4-a500-f1d59df91299/userFiles-4dfb43ae-1b7d-4363-b5d9-75f59a2f40c6/org.slf4j_slf4j-api-2.0.7.jar
[2024-06-27T20:29:15.998+0000] {docker.py:413} INFO - 24/06/27 20:29:15 INFO SparkContext: Added file file:///opt/bitnami/spark/.ivy2/jars/org.apache.hadoop_hadoop-client-api-3.3.4.jar at file:///opt/bitnami/spark/.ivy2/jars/org.apache.hadoop_hadoop-client-api-3.3.4.jar with timestamp 1719520155600
[2024-06-27T20:29:15.999+0000] {docker.py:413} INFO - 24/06/27 20:29:15 INFO Utils: Copying /opt/bitnami/spark/.ivy2/jars/org.apache.hadoop_hadoop-client-api-3.3.4.jar to /tmp/spark-91bd08aa-f531-4bd4-a500-f1d59df91299/userFiles-4dfb43ae-1b7d-4363-b5d9-75f59a2f40c6/org.apache.hadoop_hadoop-client-api-3.3.4.jar
[2024-06-27T20:29:16.004+0000] {docker.py:413} INFO - 24/06/27 20:29:16 INFO SparkContext: Added file file:///opt/bitnami/spark/.ivy2/jars/commons-logging_commons-logging-1.1.3.jar at file:///opt/bitnami/spark/.ivy2/jars/commons-logging_commons-logging-1.1.3.jar with timestamp 1719520155600
[2024-06-27T20:29:16.004+0000] {docker.py:413} INFO - 24/06/27 20:29:16 INFO Utils: Copying /opt/bitnami/spark/.ivy2/jars/commons-logging_commons-logging-1.1.3.jar to /tmp/spark-91bd08aa-f531-4bd4-a500-f1d59df91299/userFiles-4dfb43ae-1b7d-4363-b5d9-75f59a2f40c6/commons-logging_commons-logging-1.1.3.jar
[2024-06-27T20:29:16.036+0000] {docker.py:413} INFO - 24/06/27 20:29:16 INFO Executor: Starting executor ID driver on host localhost
[2024-06-27T20:29:16.037+0000] {docker.py:413} INFO - 24/06/27 20:29:16 INFO Executor: OS info Linux, 6.6.12-linuxkit, aarch64
[2024-06-27T20:29:16.037+0000] {docker.py:413} INFO - 24/06/27 20:29:16 INFO Executor: Java version 17.0.10
[2024-06-27T20:29:16.040+0000] {docker.py:413} INFO - 24/06/27 20:29:16 INFO Executor: Starting executor with user classpath (userClassPathFirst = false): ''
[2024-06-27T20:29:16.040+0000] {docker.py:413} INFO - 24/06/27 20:29:16 INFO Executor: Created or updated repl class loader org.apache.spark.util.MutableURLClassLoader@4bffc584 for default.
[2024-06-27T20:29:16.046+0000] {docker.py:413} INFO - 24/06/27 20:29:16 INFO Executor: Fetching file:///opt/bitnami/spark/.ivy2/jars/org.apache.spark_spark-token-provider-kafka-0-10_2.12-3.5.0.jar with timestamp 1719520155600
[2024-06-27T20:29:16.053+0000] {docker.py:413} INFO - 24/06/27 20:29:16 INFO Utils: /opt/bitnami/spark/.ivy2/jars/org.apache.spark_spark-token-provider-kafka-0-10_2.12-3.5.0.jar has been previously copied to /tmp/spark-91bd08aa-f531-4bd4-a500-f1d59df91299/userFiles-4dfb43ae-1b7d-4363-b5d9-75f59a2f40c6/org.apache.spark_spark-token-provider-kafka-0-10_2.12-3.5.0.jar
[2024-06-27T20:29:16.054+0000] {docker.py:413} INFO - 24/06/27 20:29:16 INFO Executor: Fetching file:///opt/bitnami/spark/.ivy2/jars/org.apache.hadoop_hadoop-client-runtime-3.3.4.jar with timestamp 1719520155600
[2024-06-27T20:29:16.067+0000] {docker.py:413} INFO - 24/06/27 20:29:16 INFO Utils: /opt/bitnami/spark/.ivy2/jars/org.apache.hadoop_hadoop-client-runtime-3.3.4.jar has been previously copied to /tmp/spark-91bd08aa-f531-4bd4-a500-f1d59df91299/userFiles-4dfb43ae-1b7d-4363-b5d9-75f59a2f40c6/org.apache.hadoop_hadoop-client-runtime-3.3.4.jar
[2024-06-27T20:29:16.068+0000] {docker.py:413} INFO - 24/06/27 20:29:16 INFO Executor: Fetching file:///opt/bitnami/spark/.ivy2/jars/org.apache.commons_commons-pool2-2.11.1.jar with timestamp 1719520155600
[2024-06-27T20:29:16.068+0000] {docker.py:413} INFO - 24/06/27 20:29:16 INFO Utils: /opt/bitnami/spark/.ivy2/jars/org.apache.commons_commons-pool2-2.11.1.jar has been previously copied to /tmp/spark-91bd08aa-f531-4bd4-a500-f1d59df91299/userFiles-4dfb43ae-1b7d-4363-b5d9-75f59a2f40c6/org.apache.commons_commons-pool2-2.11.1.jar
[2024-06-27T20:29:16.070+0000] {docker.py:413} INFO - 24/06/27 20:29:16 INFO Executor: Fetching file:///opt/bitnami/spark/.ivy2/jars/org.postgresql_postgresql-42.5.4.jar with timestamp 1719520155600
[2024-06-27T20:29:16.070+0000] {docker.py:413} INFO - 24/06/27 20:29:16 INFO Utils: /opt/bitnami/spark/.ivy2/jars/org.postgresql_postgresql-42.5.4.jar has been previously copied to /tmp/spark-91bd08aa-f531-4bd4-a500-f1d59df91299/userFiles-4dfb43ae-1b7d-4363-b5d9-75f59a2f40c6/org.postgresql_postgresql-42.5.4.jar
[2024-06-27T20:29:16.071+0000] {docker.py:413} INFO - 24/06/27 20:29:16 INFO Executor: Fetching file:///opt/bitnami/spark/.ivy2/jars/org.slf4j_slf4j-api-2.0.7.jar with timestamp 1719520155600
[2024-06-27T20:29:16.072+0000] {docker.py:413} INFO - 24/06/27 20:29:16 INFO Utils: /opt/bitnami/spark/.ivy2/jars/org.slf4j_slf4j-api-2.0.7.jar has been previously copied to /tmp/spark-91bd08aa-f531-4bd4-a500-f1d59df91299/userFiles-4dfb43ae-1b7d-4363-b5d9-75f59a2f40c6/org.slf4j_slf4j-api-2.0.7.jar
[2024-06-27T20:29:16.073+0000] {docker.py:413} INFO - 24/06/27 20:29:16 INFO Executor: Fetching file:///opt/bitnami/spark/.ivy2/jars/org.apache.kafka_kafka-clients-3.4.1.jar with timestamp 1719520155600
[2024-06-27T20:29:16.076+0000] {docker.py:413} INFO - 24/06/27 20:29:16 INFO Utils: /opt/bitnami/spark/.ivy2/jars/org.apache.kafka_kafka-clients-3.4.1.jar has been previously copied to /tmp/spark-91bd08aa-f531-4bd4-a500-f1d59df91299/userFiles-4dfb43ae-1b7d-4363-b5d9-75f59a2f40c6/org.apache.kafka_kafka-clients-3.4.1.jar
[2024-06-27T20:29:16.076+0000] {docker.py:413} INFO - 24/06/27 20:29:16 INFO Executor: Fetching file:///opt/bitnami/spark/.ivy2/jars/com.google.code.findbugs_jsr305-3.0.0.jar with timestamp 1719520155600
[2024-06-27T20:29:16.077+0000] {docker.py:413} INFO - 24/06/27 20:29:16 INFO Utils: /opt/bitnami/spark/.ivy2/jars/com.google.code.findbugs_jsr305-3.0.0.jar has been previously copied to /tmp/spark-91bd08aa-f531-4bd4-a500-f1d59df91299/userFiles-4dfb43ae-1b7d-4363-b5d9-75f59a2f40c6/com.google.code.findbugs_jsr305-3.0.0.jar
[2024-06-27T20:29:16.078+0000] {docker.py:413} INFO - 24/06/27 20:29:16 INFO Executor: Fetching file:///opt/bitnami/spark/.ivy2/jars/org.lz4_lz4-java-1.8.0.jar with timestamp 1719520155600
[2024-06-27T20:29:16.078+0000] {docker.py:413} INFO - 24/06/27 20:29:16 INFO Utils: /opt/bitnami/spark/.ivy2/jars/org.lz4_lz4-java-1.8.0.jar has been previously copied to /tmp/spark-91bd08aa-f531-4bd4-a500-f1d59df91299/userFiles-4dfb43ae-1b7d-4363-b5d9-75f59a2f40c6/org.lz4_lz4-java-1.8.0.jar
[2024-06-27T20:29:16.080+0000] {docker.py:413} INFO - 24/06/27 20:29:16 INFO Executor: Fetching file:///opt/bitnami/spark/.ivy2/jars/org.apache.spark_spark-sql-kafka-0-10_2.12-3.5.0.jar with timestamp 1719520155600
[2024-06-27T20:29:16.080+0000] {docker.py:413} INFO - 24/06/27 20:29:16 INFO Utils: /opt/bitnami/spark/.ivy2/jars/org.apache.spark_spark-sql-kafka-0-10_2.12-3.5.0.jar has been previously copied to /tmp/spark-91bd08aa-f531-4bd4-a500-f1d59df91299/userFiles-4dfb43ae-1b7d-4363-b5d9-75f59a2f40c6/org.apache.spark_spark-sql-kafka-0-10_2.12-3.5.0.jar
[2024-06-27T20:29:16.081+0000] {docker.py:413} INFO - 24/06/27 20:29:16 INFO Executor: Fetching file:///opt/bitnami/spark/.ivy2/jars/org.apache.hadoop_hadoop-client-api-3.3.4.jar with timestamp 1719520155600
[2024-06-27T20:29:16.087+0000] {docker.py:413} INFO - 24/06/27 20:29:16 INFO Utils: /opt/bitnami/spark/.ivy2/jars/org.apache.hadoop_hadoop-client-api-3.3.4.jar has been previously copied to /tmp/spark-91bd08aa-f531-4bd4-a500-f1d59df91299/userFiles-4dfb43ae-1b7d-4363-b5d9-75f59a2f40c6/org.apache.hadoop_hadoop-client-api-3.3.4.jar
[2024-06-27T20:29:16.089+0000] {docker.py:413} INFO - 24/06/27 20:29:16 INFO Executor: Fetching file:///opt/bitnami/spark/.ivy2/jars/commons-logging_commons-logging-1.1.3.jar with timestamp 1719520155600
[2024-06-27T20:29:16.089+0000] {docker.py:413} INFO - 24/06/27 20:29:16 INFO Utils: /opt/bitnami/spark/.ivy2/jars/commons-logging_commons-logging-1.1.3.jar has been previously copied to /tmp/spark-91bd08aa-f531-4bd4-a500-f1d59df91299/userFiles-4dfb43ae-1b7d-4363-b5d9-75f59a2f40c6/commons-logging_commons-logging-1.1.3.jar
[2024-06-27T20:29:16.090+0000] {docker.py:413} INFO - 24/06/27 20:29:16 INFO Executor: Fetching file:///opt/bitnami/spark/.ivy2/jars/org.checkerframework_checker-qual-3.5.0.jar with timestamp 1719520155600
[2024-06-27T20:29:16.091+0000] {docker.py:413} INFO - 24/06/27 20:29:16 INFO Utils: /opt/bitnami/spark/.ivy2/jars/org.checkerframework_checker-qual-3.5.0.jar has been previously copied to /tmp/spark-91bd08aa-f531-4bd4-a500-f1d59df91299/userFiles-4dfb43ae-1b7d-4363-b5d9-75f59a2f40c6/org.checkerframework_checker-qual-3.5.0.jar
[2024-06-27T20:29:16.092+0000] {docker.py:413} INFO - 24/06/27 20:29:16 INFO Executor: Fetching file:///opt/bitnami/spark/.ivy2/jars/org.xerial.snappy_snappy-java-1.1.10.3.jar with timestamp 1719520155600
[2024-06-27T20:29:16.093+0000] {docker.py:413} INFO - 24/06/27 20:29:16 INFO Utils: /opt/bitnami/spark/.ivy2/jars/org.xerial.snappy_snappy-java-1.1.10.3.jar has been previously copied to /tmp/spark-91bd08aa-f531-4bd4-a500-f1d59df91299/userFiles-4dfb43ae-1b7d-4363-b5d9-75f59a2f40c6/org.xerial.snappy_snappy-java-1.1.10.3.jar
[2024-06-27T20:29:16.095+0000] {docker.py:413} INFO - 24/06/27 20:29:16 INFO Executor: Fetching spark://localhost:34227/jars/org.postgresql_postgresql-42.5.4.jar with timestamp 1719520155600
[2024-06-27T20:29:16.117+0000] {docker.py:413} INFO - 24/06/27 20:29:16 INFO TransportClientFactory: Successfully created connection to localhost/127.0.0.1:34227 after 16 ms (0 ms spent in bootstraps)
[2024-06-27T20:29:16.122+0000] {docker.py:413} INFO - 24/06/27 20:29:16 INFO Utils: Fetching spark://localhost:34227/jars/org.postgresql_postgresql-42.5.4.jar to /tmp/spark-91bd08aa-f531-4bd4-a500-f1d59df91299/userFiles-4dfb43ae-1b7d-4363-b5d9-75f59a2f40c6/fetchFileTemp10211003379287241550.tmp
[2024-06-27T20:29:16.134+0000] {docker.py:413} INFO - 24/06/27 20:29:16 INFO Utils: /tmp/spark-91bd08aa-f531-4bd4-a500-f1d59df91299/userFiles-4dfb43ae-1b7d-4363-b5d9-75f59a2f40c6/fetchFileTemp10211003379287241550.tmp has been previously copied to /tmp/spark-91bd08aa-f531-4bd4-a500-f1d59df91299/userFiles-4dfb43ae-1b7d-4363-b5d9-75f59a2f40c6/org.postgresql_postgresql-42.5.4.jar
[2024-06-27T20:29:16.135+0000] {docker.py:413} INFO - 24/06/27 20:29:16 INFO Executor: Adding file:/tmp/spark-91bd08aa-f531-4bd4-a500-f1d59df91299/userFiles-4dfb43ae-1b7d-4363-b5d9-75f59a2f40c6/org.postgresql_postgresql-42.5.4.jar to class loader default
[2024-06-27T20:29:16.136+0000] {docker.py:413} INFO - 24/06/27 20:29:16 INFO Executor: Fetching spark://localhost:34227/jars/org.apache.kafka_kafka-clients-3.4.1.jar with timestamp 1719520155600
[2024-06-27T20:29:16.136+0000] {docker.py:413} INFO - 24/06/27 20:29:16 INFO Utils: Fetching spark://localhost:34227/jars/org.apache.kafka_kafka-clients-3.4.1.jar to /tmp/spark-91bd08aa-f531-4bd4-a500-f1d59df91299/userFiles-4dfb43ae-1b7d-4363-b5d9-75f59a2f40c6/fetchFileTemp11762094148955482368.tmp
[2024-06-27T20:29:16.146+0000] {docker.py:413} INFO - 24/06/27 20:29:16 INFO Utils: /tmp/spark-91bd08aa-f531-4bd4-a500-f1d59df91299/userFiles-4dfb43ae-1b7d-4363-b5d9-75f59a2f40c6/fetchFileTemp11762094148955482368.tmp has been previously copied to /tmp/spark-91bd08aa-f531-4bd4-a500-f1d59df91299/userFiles-4dfb43ae-1b7d-4363-b5d9-75f59a2f40c6/org.apache.kafka_kafka-clients-3.4.1.jar
[2024-06-27T20:29:16.148+0000] {docker.py:413} INFO - 24/06/27 20:29:16 INFO Executor: Adding file:/tmp/spark-91bd08aa-f531-4bd4-a500-f1d59df91299/userFiles-4dfb43ae-1b7d-4363-b5d9-75f59a2f40c6/org.apache.kafka_kafka-clients-3.4.1.jar to class loader default
[2024-06-27T20:29:16.149+0000] {docker.py:413} INFO - 24/06/27 20:29:16 INFO Executor: Fetching spark://localhost:34227/jars/commons-logging_commons-logging-1.1.3.jar with timestamp 1719520155600
[2024-06-27T20:29:16.149+0000] {docker.py:413} INFO - 24/06/27 20:29:16 INFO Utils: Fetching spark://localhost:34227/jars/commons-logging_commons-logging-1.1.3.jar to /tmp/spark-91bd08aa-f531-4bd4-a500-f1d59df91299/userFiles-4dfb43ae-1b7d-4363-b5d9-75f59a2f40c6/fetchFileTemp16734513384573374593.tmp
[2024-06-27T20:29:16.150+0000] {docker.py:413} INFO - 24/06/27 20:29:16 INFO Utils: /tmp/spark-91bd08aa-f531-4bd4-a500-f1d59df91299/userFiles-4dfb43ae-1b7d-4363-b5d9-75f59a2f40c6/fetchFileTemp16734513384573374593.tmp has been previously copied to /tmp/spark-91bd08aa-f531-4bd4-a500-f1d59df91299/userFiles-4dfb43ae-1b7d-4363-b5d9-75f59a2f40c6/commons-logging_commons-logging-1.1.3.jar
[2024-06-27T20:29:16.151+0000] {docker.py:413} INFO - 24/06/27 20:29:16 INFO Executor: Adding file:/tmp/spark-91bd08aa-f531-4bd4-a500-f1d59df91299/userFiles-4dfb43ae-1b7d-4363-b5d9-75f59a2f40c6/commons-logging_commons-logging-1.1.3.jar to class loader default
[2024-06-27T20:29:16.151+0000] {docker.py:413} INFO - 24/06/27 20:29:16 INFO Executor: Fetching spark://localhost:34227/jars/org.lz4_lz4-java-1.8.0.jar with timestamp 1719520155600
[2024-06-27T20:29:16.152+0000] {docker.py:413} INFO - 24/06/27 20:29:16 INFO Utils: Fetching spark://localhost:34227/jars/org.lz4_lz4-java-1.8.0.jar to /tmp/spark-91bd08aa-f531-4bd4-a500-f1d59df91299/userFiles-4dfb43ae-1b7d-4363-b5d9-75f59a2f40c6/fetchFileTemp9704554448165752172.tmp
[2024-06-27T20:29:16.154+0000] {docker.py:413} INFO - 24/06/27 20:29:16 INFO Utils: /tmp/spark-91bd08aa-f531-4bd4-a500-f1d59df91299/userFiles-4dfb43ae-1b7d-4363-b5d9-75f59a2f40c6/fetchFileTemp9704554448165752172.tmp has been previously copied to /tmp/spark-91bd08aa-f531-4bd4-a500-f1d59df91299/userFiles-4dfb43ae-1b7d-4363-b5d9-75f59a2f40c6/org.lz4_lz4-java-1.8.0.jar
[2024-06-27T20:29:16.157+0000] {docker.py:413} INFO - 24/06/27 20:29:16 INFO Executor: Adding file:/tmp/spark-91bd08aa-f531-4bd4-a500-f1d59df91299/userFiles-4dfb43ae-1b7d-4363-b5d9-75f59a2f40c6/org.lz4_lz4-java-1.8.0.jar to class loader default
[2024-06-27T20:29:16.157+0000] {docker.py:413} INFO - 24/06/27 20:29:16 INFO Executor: Fetching spark://localhost:34227/jars/org.apache.hadoop_hadoop-client-runtime-3.3.4.jar with timestamp 1719520155600
[2024-06-27T20:29:16.157+0000] {docker.py:413} INFO - 24/06/27 20:29:16 INFO Utils: Fetching spark://localhost:34227/jars/org.apache.hadoop_hadoop-client-runtime-3.3.4.jar to /tmp/spark-91bd08aa-f531-4bd4-a500-f1d59df91299/userFiles-4dfb43ae-1b7d-4363-b5d9-75f59a2f40c6/fetchFileTemp16175127332903725405.tmp
[2024-06-27T20:29:16.202+0000] {docker.py:413} INFO - 24/06/27 20:29:16 INFO Utils: /tmp/spark-91bd08aa-f531-4bd4-a500-f1d59df91299/userFiles-4dfb43ae-1b7d-4363-b5d9-75f59a2f40c6/fetchFileTemp16175127332903725405.tmp has been previously copied to /tmp/spark-91bd08aa-f531-4bd4-a500-f1d59df91299/userFiles-4dfb43ae-1b7d-4363-b5d9-75f59a2f40c6/org.apache.hadoop_hadoop-client-runtime-3.3.4.jar
[2024-06-27T20:29:16.205+0000] {docker.py:413} INFO - 24/06/27 20:29:16 INFO Executor: Adding file:/tmp/spark-91bd08aa-f531-4bd4-a500-f1d59df91299/userFiles-4dfb43ae-1b7d-4363-b5d9-75f59a2f40c6/org.apache.hadoop_hadoop-client-runtime-3.3.4.jar to class loader default
[2024-06-27T20:29:16.206+0000] {docker.py:413} INFO - 24/06/27 20:29:16 INFO Executor: Fetching spark://localhost:34227/jars/org.apache.spark_spark-token-provider-kafka-0-10_2.12-3.5.0.jar with timestamp 1719520155600
[2024-06-27T20:29:16.206+0000] {docker.py:413} INFO - 24/06/27 20:29:16 INFO Utils: Fetching spark://localhost:34227/jars/org.apache.spark_spark-token-provider-kafka-0-10_2.12-3.5.0.jar to /tmp/spark-91bd08aa-f531-4bd4-a500-f1d59df91299/userFiles-4dfb43ae-1b7d-4363-b5d9-75f59a2f40c6/fetchFileTemp16758170952395224345.tmp
[2024-06-27T20:29:16.207+0000] {docker.py:413} INFO - 24/06/27 20:29:16 INFO Utils: /tmp/spark-91bd08aa-f531-4bd4-a500-f1d59df91299/userFiles-4dfb43ae-1b7d-4363-b5d9-75f59a2f40c6/fetchFileTemp16758170952395224345.tmp has been previously copied to /tmp/spark-91bd08aa-f531-4bd4-a500-f1d59df91299/userFiles-4dfb43ae-1b7d-4363-b5d9-75f59a2f40c6/org.apache.spark_spark-token-provider-kafka-0-10_2.12-3.5.0.jar
[2024-06-27T20:29:16.209+0000] {docker.py:413} INFO - 24/06/27 20:29:16 INFO Executor: Adding file:/tmp/spark-91bd08aa-f531-4bd4-a500-f1d59df91299/userFiles-4dfb43ae-1b7d-4363-b5d9-75f59a2f40c6/org.apache.spark_spark-token-provider-kafka-0-10_2.12-3.5.0.jar to class loader default
[2024-06-27T20:29:16.210+0000] {docker.py:413} INFO - 24/06/27 20:29:16 INFO Executor: Fetching spark://localhost:34227/jars/org.checkerframework_checker-qual-3.5.0.jar with timestamp 1719520155600
[2024-06-27T20:29:16.210+0000] {docker.py:413} INFO - 24/06/27 20:29:16 INFO Utils: Fetching spark://localhost:34227/jars/org.checkerframework_checker-qual-3.5.0.jar to /tmp/spark-91bd08aa-f531-4bd4-a500-f1d59df91299/userFiles-4dfb43ae-1b7d-4363-b5d9-75f59a2f40c6/fetchFileTemp903504332594376381.tmp
[2024-06-27T20:29:16.210+0000] {docker.py:413} INFO - 24/06/27 20:29:16 INFO Utils: /tmp/spark-91bd08aa-f531-4bd4-a500-f1d59df91299/userFiles-4dfb43ae-1b7d-4363-b5d9-75f59a2f40c6/fetchFileTemp903504332594376381.tmp has been previously copied to /tmp/spark-91bd08aa-f531-4bd4-a500-f1d59df91299/userFiles-4dfb43ae-1b7d-4363-b5d9-75f59a2f40c6/org.checkerframework_checker-qual-3.5.0.jar
[2024-06-27T20:29:16.211+0000] {docker.py:413} INFO - 24/06/27 20:29:16 INFO Executor: Adding file:/tmp/spark-91bd08aa-f531-4bd4-a500-f1d59df91299/userFiles-4dfb43ae-1b7d-4363-b5d9-75f59a2f40c6/org.checkerframework_checker-qual-3.5.0.jar to class loader default
[2024-06-27T20:29:16.212+0000] {docker.py:413} INFO - 24/06/27 20:29:16 INFO Executor: Fetching spark://localhost:34227/jars/org.slf4j_slf4j-api-2.0.7.jar with timestamp 1719520155600
[2024-06-27T20:29:16.212+0000] {docker.py:413} INFO - 24/06/27 20:29:16 INFO Utils: Fetching spark://localhost:34227/jars/org.slf4j_slf4j-api-2.0.7.jar to /tmp/spark-91bd08aa-f531-4bd4-a500-f1d59df91299/userFiles-4dfb43ae-1b7d-4363-b5d9-75f59a2f40c6/fetchFileTemp4416729629925936442.tmp
[2024-06-27T20:29:16.213+0000] {docker.py:413} INFO - 24/06/27 20:29:16 INFO Utils: /tmp/spark-91bd08aa-f531-4bd4-a500-f1d59df91299/userFiles-4dfb43ae-1b7d-4363-b5d9-75f59a2f40c6/fetchFileTemp4416729629925936442.tmp has been previously copied to /tmp/spark-91bd08aa-f531-4bd4-a500-f1d59df91299/userFiles-4dfb43ae-1b7d-4363-b5d9-75f59a2f40c6/org.slf4j_slf4j-api-2.0.7.jar
[2024-06-27T20:29:16.214+0000] {docker.py:413} INFO - 24/06/27 20:29:16 INFO Executor: Adding file:/tmp/spark-91bd08aa-f531-4bd4-a500-f1d59df91299/userFiles-4dfb43ae-1b7d-4363-b5d9-75f59a2f40c6/org.slf4j_slf4j-api-2.0.7.jar to class loader default
[2024-06-27T20:29:16.214+0000] {docker.py:413} INFO - 24/06/27 20:29:16 INFO Executor: Fetching spark://localhost:34227/jars/org.apache.commons_commons-pool2-2.11.1.jar with timestamp 1719520155600
[2024-06-27T20:29:16.215+0000] {docker.py:413} INFO - 24/06/27 20:29:16 INFO Utils: Fetching spark://localhost:34227/jars/org.apache.commons_commons-pool2-2.11.1.jar to /tmp/spark-91bd08aa-f531-4bd4-a500-f1d59df91299/userFiles-4dfb43ae-1b7d-4363-b5d9-75f59a2f40c6/fetchFileTemp17988113457237233475.tmp
[2024-06-27T20:29:16.215+0000] {docker.py:413} INFO - 24/06/27 20:29:16 INFO Utils: /tmp/spark-91bd08aa-f531-4bd4-a500-f1d59df91299/userFiles-4dfb43ae-1b7d-4363-b5d9-75f59a2f40c6/fetchFileTemp17988113457237233475.tmp has been previously copied to /tmp/spark-91bd08aa-f531-4bd4-a500-f1d59df91299/userFiles-4dfb43ae-1b7d-4363-b5d9-75f59a2f40c6/org.apache.commons_commons-pool2-2.11.1.jar
[2024-06-27T20:29:16.217+0000] {docker.py:413} INFO - 24/06/27 20:29:16 INFO Executor: Adding file:/tmp/spark-91bd08aa-f531-4bd4-a500-f1d59df91299/userFiles-4dfb43ae-1b7d-4363-b5d9-75f59a2f40c6/org.apache.commons_commons-pool2-2.11.1.jar to class loader default
24/06/27 20:29:16 INFO Executor: Fetching spark://localhost:34227/jars/com.google.code.findbugs_jsr305-3.0.0.jar with timestamp 1719520155600
[2024-06-27T20:29:16.217+0000] {docker.py:413} INFO - 24/06/27 20:29:16 INFO Utils: Fetching spark://localhost:34227/jars/com.google.code.findbugs_jsr305-3.0.0.jar to /tmp/spark-91bd08aa-f531-4bd4-a500-f1d59df91299/userFiles-4dfb43ae-1b7d-4363-b5d9-75f59a2f40c6/fetchFileTemp9496311782948226736.tmp
[2024-06-27T20:29:16.217+0000] {docker.py:413} INFO - 24/06/27 20:29:16 INFO Utils: /tmp/spark-91bd08aa-f531-4bd4-a500-f1d59df91299/userFiles-4dfb43ae-1b7d-4363-b5d9-75f59a2f40c6/fetchFileTemp9496311782948226736.tmp has been previously copied to /tmp/spark-91bd08aa-f531-4bd4-a500-f1d59df91299/userFiles-4dfb43ae-1b7d-4363-b5d9-75f59a2f40c6/com.google.code.findbugs_jsr305-3.0.0.jar
[2024-06-27T20:29:16.219+0000] {docker.py:413} INFO - 24/06/27 20:29:16 INFO Executor: Adding file:/tmp/spark-91bd08aa-f531-4bd4-a500-f1d59df91299/userFiles-4dfb43ae-1b7d-4363-b5d9-75f59a2f40c6/com.google.code.findbugs_jsr305-3.0.0.jar to class loader default
[2024-06-27T20:29:16.219+0000] {docker.py:413} INFO - 24/06/27 20:29:16 INFO Executor: Fetching spark://localhost:34227/jars/org.apache.spark_spark-sql-kafka-0-10_2.12-3.5.0.jar with timestamp 1719520155600
[2024-06-27T20:29:16.220+0000] {docker.py:413} INFO - 24/06/27 20:29:16 INFO Utils: Fetching spark://localhost:34227/jars/org.apache.spark_spark-sql-kafka-0-10_2.12-3.5.0.jar to /tmp/spark-91bd08aa-f531-4bd4-a500-f1d59df91299/userFiles-4dfb43ae-1b7d-4363-b5d9-75f59a2f40c6/fetchFileTemp12246135466983947312.tmp
[2024-06-27T20:29:16.221+0000] {docker.py:413} INFO - 24/06/27 20:29:16 INFO Utils: /tmp/spark-91bd08aa-f531-4bd4-a500-f1d59df91299/userFiles-4dfb43ae-1b7d-4363-b5d9-75f59a2f40c6/fetchFileTemp12246135466983947312.tmp has been previously copied to /tmp/spark-91bd08aa-f531-4bd4-a500-f1d59df91299/userFiles-4dfb43ae-1b7d-4363-b5d9-75f59a2f40c6/org.apache.spark_spark-sql-kafka-0-10_2.12-3.5.0.jar
[2024-06-27T20:29:16.223+0000] {docker.py:413} INFO - 24/06/27 20:29:16 INFO Executor: Adding file:/tmp/spark-91bd08aa-f531-4bd4-a500-f1d59df91299/userFiles-4dfb43ae-1b7d-4363-b5d9-75f59a2f40c6/org.apache.spark_spark-sql-kafka-0-10_2.12-3.5.0.jar to class loader default
[2024-06-27T20:29:16.223+0000] {docker.py:413} INFO - 24/06/27 20:29:16 INFO Executor: Fetching spark://localhost:34227/jars/org.apache.hadoop_hadoop-client-api-3.3.4.jar with timestamp 1719520155600
[2024-06-27T20:29:16.223+0000] {docker.py:413} INFO - 24/06/27 20:29:16 INFO Utils: Fetching spark://localhost:34227/jars/org.apache.hadoop_hadoop-client-api-3.3.4.jar to /tmp/spark-91bd08aa-f531-4bd4-a500-f1d59df91299/userFiles-4dfb43ae-1b7d-4363-b5d9-75f59a2f40c6/fetchFileTemp3481315155806994487.tmp
[2024-06-27T20:29:16.243+0000] {docker.py:413} INFO - 24/06/27 20:29:16 INFO Utils: /tmp/spark-91bd08aa-f531-4bd4-a500-f1d59df91299/userFiles-4dfb43ae-1b7d-4363-b5d9-75f59a2f40c6/fetchFileTemp3481315155806994487.tmp has been previously copied to /tmp/spark-91bd08aa-f531-4bd4-a500-f1d59df91299/userFiles-4dfb43ae-1b7d-4363-b5d9-75f59a2f40c6/org.apache.hadoop_hadoop-client-api-3.3.4.jar
[2024-06-27T20:29:16.246+0000] {docker.py:413} INFO - 24/06/27 20:29:16 INFO Executor: Adding file:/tmp/spark-91bd08aa-f531-4bd4-a500-f1d59df91299/userFiles-4dfb43ae-1b7d-4363-b5d9-75f59a2f40c6/org.apache.hadoop_hadoop-client-api-3.3.4.jar to class loader default
[2024-06-27T20:29:16.246+0000] {docker.py:413} INFO - 24/06/27 20:29:16 INFO Executor: Fetching spark://localhost:34227/jars/org.xerial.snappy_snappy-java-1.1.10.3.jar with timestamp 1719520155600
[2024-06-27T20:29:16.247+0000] {docker.py:413} INFO - 24/06/27 20:29:16 INFO Utils: Fetching spark://localhost:34227/jars/org.xerial.snappy_snappy-java-1.1.10.3.jar to /tmp/spark-91bd08aa-f531-4bd4-a500-f1d59df91299/userFiles-4dfb43ae-1b7d-4363-b5d9-75f59a2f40c6/fetchFileTemp5177198720258142613.tmp
[2024-06-27T20:29:16.252+0000] {docker.py:413} INFO - 24/06/27 20:29:16 INFO Utils: /tmp/spark-91bd08aa-f531-4bd4-a500-f1d59df91299/userFiles-4dfb43ae-1b7d-4363-b5d9-75f59a2f40c6/fetchFileTemp5177198720258142613.tmp has been previously copied to /tmp/spark-91bd08aa-f531-4bd4-a500-f1d59df91299/userFiles-4dfb43ae-1b7d-4363-b5d9-75f59a2f40c6/org.xerial.snappy_snappy-java-1.1.10.3.jar
[2024-06-27T20:29:16.253+0000] {docker.py:413} INFO - 24/06/27 20:29:16 INFO Executor: Adding file:/tmp/spark-91bd08aa-f531-4bd4-a500-f1d59df91299/userFiles-4dfb43ae-1b7d-4363-b5d9-75f59a2f40c6/org.xerial.snappy_snappy-java-1.1.10.3.jar to class loader default
[2024-06-27T20:29:16.259+0000] {docker.py:413} INFO - 24/06/27 20:29:16 INFO Utils: Successfully started service 'org.apache.spark.network.netty.NettyBlockTransferService' on port 36601.
[2024-06-27T20:29:16.259+0000] {docker.py:413} INFO - 24/06/27 20:29:16 INFO NettyBlockTransferService: Server created on localhost:36601
[2024-06-27T20:29:16.260+0000] {docker.py:413} INFO - 24/06/27 20:29:16 INFO BlockManager: Using org.apache.spark.storage.RandomBlockReplicationPolicy for block replication policy
[2024-06-27T20:29:16.263+0000] {docker.py:413} INFO - 24/06/27 20:29:16 INFO BlockManagerMaster: Registering BlockManager BlockManagerId(driver, localhost, 36601, None)
[2024-06-27T20:29:16.266+0000] {docker.py:413} INFO - 24/06/27 20:29:16 INFO BlockManagerMasterEndpoint: Registering block manager localhost:36601 with 434.4 MiB RAM, BlockManagerId(driver, localhost, 36601, None)
[2024-06-27T20:29:16.267+0000] {docker.py:413} INFO - 24/06/27 20:29:16 INFO BlockManagerMaster: Registered BlockManager BlockManagerId(driver, localhost, 36601, None)
[2024-06-27T20:29:16.268+0000] {docker.py:413} INFO - 24/06/27 20:29:16 INFO BlockManager: Initialized BlockManager: BlockManagerId(driver, localhost, 36601, None)
[2024-06-27T20:29:16.475+0000] {docker.py:413} INFO - 2024-06-27 20:29:16,474:create_spark_session:INFO:Spark session created successfully
[2024-06-27T20:29:16.479+0000] {docker.py:413} INFO - 24/06/27 20:29:16 INFO SharedState: Setting hive.metastore.warehouse.dir ('null') to the value of spark.sql.warehouse.dir.
[2024-06-27T20:29:16.480+0000] {docker.py:413} INFO - 24/06/27 20:29:16 INFO SharedState: Warehouse path is 'file:/opt/bitnami/spark/spark-warehouse'.
[2024-06-27T20:29:17.189+0000] {docker.py:413} INFO - 2024-06-27 20:29:17,188:create_initial_dataframe:INFO:Initial dataframe created successfully
[2024-06-27T20:29:17.411+0000] {docker.py:413} INFO - Traceback (most recent call last):
  File "/opt/bitnami/spark/spark_streaming.py", line 103, in <module>
    write_to_postgres()
[2024-06-27T20:29:17.411+0000] {docker.py:413} INFO - File "/opt/bitnami/spark/spark_streaming.py", line 99, in write_to_postgres
    start_streaming(df_final, spark=spark)
  File "/opt/bitnami/spark/spark_streaming.py", line 71, in start_streaming
[2024-06-27T20:29:17.412+0000] {docker.py:413} INFO - existing_data_df = spark.read.jdbc(
                       ^^^^^^^^^^^^^^^^
  File "/opt/bitnami/spark/python/lib/pyspark.zip/pyspark/sql/readwriter.py", line 946, in jdbc
[2024-06-27T20:29:17.412+0000] {docker.py:413} INFO - File "/opt/bitnami/spark/python/lib/py4j-0.10.9.7-src.zip/py4j/java_gateway.py", line 1322, in __call__
[2024-06-27T20:29:17.413+0000] {docker.py:413} INFO - File "/opt/bitnami/spark/python/lib/pyspark.zip/pyspark/errors/exceptions/captured.py", line 179, in deco
[2024-06-27T20:29:17.413+0000] {docker.py:413} INFO - File "/opt/bitnami/spark/python/lib/py4j-0.10.9.7-src.zip/py4j/protocol.py", line 326, in get_return_value
py4j.protocol.Py4JJavaError
[2024-06-27T20:29:17.414+0000] {docker.py:413} INFO - : An error occurred while calling o50.jdbc.
: org.postgresql.util.PSQLException: Connection to host.docker.internal:5432 refused. Check that the hostname and port are correct and that the postmaster is accepting TCP/IP connections.
	at org.postgresql.core.v3.ConnectionFactoryImpl.openConnectionImpl(ConnectionFactoryImpl.java:342)
	at org.postgresql.core.ConnectionFactory.openConnection(ConnectionFactory.java:54)
	at org.postgresql.jdbc.PgConnection.<init>(PgConnection.java:253)
	at org.postgresql.Driver.makeConnection(Driver.java:434)
	at org.postgresql.Driver.connect(Driver.java:291)
	at org.apache.spark.sql.execution.datasources.jdbc.connection.BasicConnectionProvider.getConnection(BasicConnectionProvider.scala:49)
	at org.apache.spark.sql.execution.datasources.jdbc.connection.ConnectionProviderBase.create(ConnectionProvider.scala:102)
	at org.apache.spark.sql.jdbc.JdbcDialect.$anonfun$createConnectionFactory$1(JdbcDialects.scala:160)
	at org.apache.spark.sql.jdbc.JdbcDialect.$anonfun$createConnectionFactory$1$adapted(JdbcDialects.scala:156)
	at org.apache.spark.sql.execution.datasources.jdbc.JDBCRDD$.getQueryOutputSchema(JDBCRDD.scala:63)
	at org.apache.spark.sql.execution.datasources.jdbc.JDBCRDD$.resolveTable(JDBCRDD.scala:58)
	at org.apache.spark.sql.execution.datasources.jdbc.JDBCRelation$.getSchema(JDBCRelation.scala:241)
	at org.apache.spark.sql.execution.datasources.jdbc.JdbcRelationProvider.createRelation(JdbcRelationProvider.scala:37)
	at org.apache.spark.sql.execution.datasources.DataSource.resolveRelation(DataSource.scala:346)
	at org.apache.spark.sql.DataFrameReader.loadV1Source(DataFrameReader.scala:229)
	at org.apache.spark.sql.DataFrameReader.$anonfun$load$2(DataFrameReader.scala:211)
	at scala.Option.getOrElse(Option.scala:189)
	at org.apache.spark.sql.DataFrameReader.load(DataFrameReader.scala:211)
	at org.apache.spark.sql.DataFrameReader.load(DataFrameReader.scala:172)
	at org.apache.spark.sql.DataFrameReader.jdbc(DataFrameReader.scala:249)
	at java.base/jdk.internal.reflect.NativeMethodAccessorImpl.invoke0(Native Method)
	at java.base/jdk.internal.reflect.NativeMethodAccessorImpl.invoke(NativeMethodAccessorImpl.java:77)
	at java.base/jdk.internal.reflect.DelegatingMethodAccessorImpl.invoke(DelegatingMethodAccessorImpl.java:43)
	at java.base/java.lang.reflect.Method.invoke(Method.java:568)
	at py4j.reflection.MethodInvoker.invoke(MethodInvoker.java:244)
	at py4j.reflection.ReflectionEngine.invoke(ReflectionEngine.java:374)
	at py4j.Gateway.invoke(Gateway.java:282)
	at py4j.commands.AbstractCommand.invokeMethod(AbstractCommand.java:132)
	at py4j.commands.CallCommand.execute(CallCommand.java:79)
	at py4j.ClientServerConnection.waitForCommands(ClientServerConnection.java:182)
	at py4j.ClientServerConnection.run(ClientServerConnection.java:106)
	at java.base/java.lang.Thread.run(Thread.java:840)
Caused by: java.net.ConnectException: Connection refused
	at java.base/sun.nio.ch.Net.pollConnect(Native Method)
	at java.base/sun.nio.ch.Net.pollConnectNow(Net.java:672)
	at java.base/sun.nio.ch.NioSocketImpl.timedFinishConnect(NioSocketImpl.java:554)
	at java.base/sun.nio.ch.NioSocketImpl.connect(NioSocketImpl.java:602)
	at java.base/java.net.SocksSocketImpl.connect(SocksSocketImpl.java:327)
	at java.base/java.net.Socket.connect(Socket.java:633)
	at org.postgresql.core.PGStream.createSocket(PGStream.java:243)
	at org.postgresql.core.PGStream.<init>(PGStream.java:98)
	at org.postgresql.core.v3.ConnectionFactoryImpl.tryConnect(ConnectionFactoryImpl.java:132)
	at org.postgresql.core.v3.ConnectionFactoryImpl.openConnectionImpl(ConnectionFactoryImpl.java:258)
	... 31 more
[2024-06-27T20:29:17.414+0000] {docker.py:413} INFO - 2024-06-27 20:29:17,412:close:INFO:Closing down clientserver connection
[2024-06-27T20:29:17.433+0000] {docker.py:413} INFO - 24/06/27 20:29:17 INFO SparkContext: Invoking stop() from shutdown hook
[2024-06-27T20:29:17.433+0000] {docker.py:413} INFO - 24/06/27 20:29:17 INFO SparkContext: SparkContext is stopping with exitCode 0.
[2024-06-27T20:29:17.440+0000] {docker.py:413} INFO - 24/06/27 20:29:17 INFO SparkUI: Stopped Spark web UI at http://localhost:4040
[2024-06-27T20:29:17.446+0000] {docker.py:413} INFO - 24/06/27 20:29:17 INFO MapOutputTrackerMasterEndpoint: MapOutputTrackerMasterEndpoint stopped!
[2024-06-27T20:29:17.454+0000] {docker.py:413} INFO - 24/06/27 20:29:17 INFO MemoryStore: MemoryStore cleared
[2024-06-27T20:29:17.454+0000] {docker.py:413} INFO - 24/06/27 20:29:17 INFO BlockManager: BlockManager stopped
[2024-06-27T20:29:17.457+0000] {docker.py:413} INFO - 24/06/27 20:29:17 INFO BlockManagerMaster: BlockManagerMaster stopped
[2024-06-27T20:29:17.459+0000] {docker.py:413} INFO - 24/06/27 20:29:17 INFO OutputCommitCoordinator$OutputCommitCoordinatorEndpoint: OutputCommitCoordinator stopped!
[2024-06-27T20:29:17.466+0000] {docker.py:413} INFO - 24/06/27 20:29:17 INFO SparkContext: Successfully stopped SparkContext
[2024-06-27T20:29:17.467+0000] {docker.py:413} INFO - 24/06/27 20:29:17 INFO ShutdownHookManager: Shutdown hook called
[2024-06-27T20:29:17.467+0000] {docker.py:413} INFO - 24/06/27 20:29:17 INFO ShutdownHookManager: Deleting directory /tmp/spark-91bd08aa-f531-4bd4-a500-f1d59df91299
[2024-06-27T20:29:17.469+0000] {docker.py:413} INFO - 24/06/27 20:29:17 INFO ShutdownHookManager: Deleting directory /tmp/spark-91bd08aa-f531-4bd4-a500-f1d59df91299/pyspark-8a6be524-deed-4225-a613-65775202b8d3
[2024-06-27T20:29:17.469+0000] {docker.py:413} INFO - 24/06/27 20:29:17 INFO ShutdownHookManager: Deleting directory /tmp/spark-7ffbff29-34e2-4357-86e8-b1cbb5ffc97f
[2024-06-27T20:29:17.672+0000] {taskinstance.py:1937} ERROR - Task failed with exception
Traceback (most recent call last):
  File "/home/airflow/.local/lib/python3.8/site-packages/docker/api/client.py", line 268, in _raise_for_status
    response.raise_for_status()
  File "/home/airflow/.local/lib/python3.8/site-packages/requests/models.py", line 1021, in raise_for_status
    raise HTTPError(http_error_msg, response=self)
requests.exceptions.HTTPError: 400 Client Error: Bad Request for url: http://docker-proxy:2375/v1.44/containers/create

The above exception was the direct cause of the following exception:

Traceback (most recent call last):
  File "/home/airflow/.local/lib/python3.8/site-packages/airflow/providers/docker/operators/docker.py", line 348, in _run_image
    return self._run_image_with_mounts([*self.mounts, tmp_mount], add_tmp_variable=True)
  File "/home/airflow/.local/lib/python3.8/site-packages/airflow/providers/docker/operators/docker.py", line 375, in _run_image_with_mounts
    self.container = self.cli.create_container(
  File "/home/airflow/.local/lib/python3.8/site-packages/docker/api/container.py", line 431, in create_container
    return self.create_container_from_config(config, name, platform)
  File "/home/airflow/.local/lib/python3.8/site-packages/docker/api/container.py", line 448, in create_container_from_config
    return self._result(res, True)
  File "/home/airflow/.local/lib/python3.8/site-packages/docker/api/client.py", line 274, in _result
    self._raise_for_status(response)
  File "/home/airflow/.local/lib/python3.8/site-packages/docker/api/client.py", line 270, in _raise_for_status
    raise create_api_error_from_http_exception(e) from e
  File "/home/airflow/.local/lib/python3.8/site-packages/docker/errors.py", line 39, in create_api_error_from_http_exception
    raise cls(e, response=response, explanation=explanation) from e
docker.errors.APIError: 400 Client Error for http://docker-proxy:2375/v1.44/containers/create: Bad Request ("invalid mount config for type "bind": bind source path does not exist: /host_mnt/private/tmp/airflowtmp3xjylbkg")

During handling of the above exception, another exception occurred:

Traceback (most recent call last):
  File "/home/airflow/.local/lib/python3.8/site-packages/airflow/providers/docker/operators/docker.py", line 486, in execute
    return self._run_image()
  File "/home/airflow/.local/lib/python3.8/site-packages/airflow/providers/docker/operators/docker.py", line 357, in _run_image
    return self._run_image_with_mounts(self.mounts, add_tmp_variable=False)
  File "/home/airflow/.local/lib/python3.8/site-packages/airflow/providers/docker/operators/docker.py", line 421, in _run_image_with_mounts
    raise DockerContainerFailedException(f"Docker container failed: {result!r}", logs=log_lines)
airflow.providers.docker.exceptions.DockerContainerFailedException: Docker container failed: {'StatusCode': 1}
[2024-06-27T20:29:17.674+0000] {taskinstance.py:1400} INFO - Marking task as FAILED. dag_id=kafka_spark_dag, task_id=pyspark_consumer, execution_date=20240627T185942, start_date=20240627T202907, end_date=20240627T202917
[2024-06-27T20:29:17.681+0000] {standard_task_runner.py:104} ERROR - Failed to execute job 151 for task pyspark_consumer (Docker container failed: {'StatusCode': 1}; 32355)
[2024-06-27T20:29:17.709+0000] {local_task_job_runner.py:228} INFO - Task exited with return code 1
[2024-06-27T20:29:17.717+0000] {taskinstance.py:2778} INFO - 0 downstream tasks scheduled from follow-on schedule check
