[2024-06-27T20:28:41.529+0000] {taskinstance.py:1159} INFO - Dependencies all met for dep_context=non-requeueable deps ti=<TaskInstance: kafka_spark_dag.pyspark_consumer manual__2024-06-27T18:59:42.600379+00:00 [queued]>
[2024-06-27T20:28:41.533+0000] {taskinstance.py:1159} INFO - Dependencies all met for dep_context=requeueable deps ti=<TaskInstance: kafka_spark_dag.pyspark_consumer manual__2024-06-27T18:59:42.600379+00:00 [queued]>
[2024-06-27T20:28:41.533+0000] {taskinstance.py:1361} INFO - Starting attempt 3 of 4
[2024-06-27T20:28:41.540+0000] {taskinstance.py:1382} INFO - Executing <Task(DockerOperator): pyspark_consumer> on 2024-06-27 18:59:42.600379+00:00
[2024-06-27T20:28:41.544+0000] {standard_task_runner.py:57} INFO - Started process 32273 to run task
[2024-06-27T20:28:41.546+0000] {standard_task_runner.py:84} INFO - Running: ['***', 'tasks', 'run', 'kafka_spark_dag', 'pyspark_consumer', 'manual__2024-06-27T18:59:42.600379+00:00', '--job-id', '148', '--raw', '--subdir', 'DAGS_FOLDER/dag_kafka_spark.py', '--cfg-path', '/tmp/tmplyu4rz_e']
[2024-06-27T20:28:41.548+0000] {standard_task_runner.py:85} INFO - Job 148: Subtask pyspark_consumer
[2024-06-27T20:28:41.575+0000] {task_command.py:416} INFO - Running <TaskInstance: kafka_spark_dag.pyspark_consumer manual__2024-06-27T18:59:42.600379+00:00 [running]> on host cd176cdca805
[2024-06-27T20:28:41.610+0000] {taskinstance.py:1662} INFO - Exporting env vars: AIRFLOW_CTX_DAG_OWNER='***' AIRFLOW_CTX_DAG_ID='kafka_spark_dag' AIRFLOW_CTX_TASK_ID='pyspark_consumer' AIRFLOW_CTX_EXECUTION_DATE='2024-06-27T18:59:42.600379+00:00' AIRFLOW_CTX_TRY_NUMBER='3' AIRFLOW_CTX_DAG_RUN_ID='manual__2024-06-27T18:59:42.600379+00:00'
[2024-06-27T20:28:41.669+0000] {docker.py:343} INFO - Starting docker container from image current-headlines/spark:latest
[2024-06-27T20:28:41.721+0000] {docker.py:351} WARNING - Using remote engine or docker-in-docker and mounting temporary volume from host is not supported. Falling back to `mount_tmp_dir=False` mode. You can set `mount_tmp_dir` parameter to False to disable mounting and remove the warning
[2024-06-27T20:28:41.939+0000] {docker.py:413} INFO - [38;5;6mspark [38;5;5m20:28:41.93 [0m[38;5;2mINFO [0m ==>
[2024-06-27T20:28:41.939+0000] {docker.py:413} INFO - [38;5;6mspark [38;5;5m20:28:41.93 [0m[38;5;2mINFO [0m ==> [1mWelcome to the Bitnami spark container[0m
[2024-06-27T20:28:41.940+0000] {docker.py:413} INFO - [38;5;6mspark [38;5;5m20:28:41.93 [0m[38;5;2mINFO [0m ==> Subscribe to project updates by watching [1mhttps://github.com/bitnami/containers[0m
[2024-06-27T20:28:41.941+0000] {docker.py:413} INFO - [38;5;6mspark [38;5;5m20:28:41.94 [0m[38;5;2mINFO [0m ==> Submit issues and feature requests at [1mhttps://github.com/bitnami/containers/issues[0m
[2024-06-27T20:28:41.941+0000] {docker.py:413} INFO - [38;5;6mspark [38;5;5m20:28:41.94 [0m[38;5;2mINFO [0m ==>
[2024-06-27T20:28:41.945+0000] {docker.py:413} INFO - 
[2024-06-27T20:28:42.909+0000] {docker.py:413} INFO - :: loading settings :: url = jar:file:/opt/bitnami/spark/jars/ivy-2.5.1.jar!/org/apache/ivy/core/settings/ivysettings.xml
[2024-06-27T20:28:42.946+0000] {docker.py:413} INFO - Ivy Default Cache set to: /opt/bitnami/spark/.ivy2/cache
The jars for the packages stored in: /opt/bitnami/spark/.ivy2/jars
[2024-06-27T20:28:42.949+0000] {docker.py:413} INFO - org.postgresql#postgresql added as a dependency
org.apache.spark#spark-sql-kafka-0-10_2.12 added as a dependency
[2024-06-27T20:28:42.949+0000] {docker.py:413} INFO - :: resolving dependencies :: org.apache.spark#spark-submit-parent-5b64467e-6561-414b-8c88-1b64ea4f0f5b;1.0
	confs: [default]
[2024-06-27T20:28:43.265+0000] {docker.py:413} INFO - found org.postgresql#postgresql;42.5.4 in central
[2024-06-27T20:28:43.305+0000] {docker.py:413} INFO - found org.checkerframework#checker-qual;3.5.0 in central
[2024-06-27T20:28:43.813+0000] {docker.py:413} INFO - found org.apache.spark#spark-sql-kafka-0-10_2.12;3.5.0 in central
[2024-06-27T20:28:43.945+0000] {docker.py:413} INFO - found org.apache.spark#spark-token-provider-kafka-0-10_2.12;3.5.0 in central
[2024-06-27T20:28:43.979+0000] {docker.py:413} INFO - found org.apache.kafka#kafka-clients;3.4.1 in central
[2024-06-27T20:28:44.023+0000] {docker.py:413} INFO - found org.lz4#lz4-java;1.8.0 in central
[2024-06-27T20:28:44.056+0000] {docker.py:413} INFO - found org.xerial.snappy#snappy-java;1.1.10.3 in central
[2024-06-27T20:28:44.326+0000] {docker.py:413} INFO - found org.slf4j#slf4j-api;2.0.7 in central
[2024-06-27T20:28:44.891+0000] {docker.py:413} INFO - found org.apache.hadoop#hadoop-client-runtime;3.3.4 in central
[2024-06-27T20:28:44.948+0000] {docker.py:413} INFO - found org.apache.hadoop#hadoop-client-api;3.3.4 in central
[2024-06-27T20:28:45.222+0000] {docker.py:413} INFO - found commons-logging#commons-logging;1.1.3 in central
[2024-06-27T20:28:45.254+0000] {docker.py:413} INFO - found com.google.code.findbugs#jsr305;3.0.0 in central
[2024-06-27T20:28:45.725+0000] {docker.py:413} INFO - found org.apache.commons#commons-pool2;2.11.1 in central
[2024-06-27T20:28:45.741+0000] {docker.py:413} INFO - downloading https://repo1.maven.org/maven2/org/postgresql/postgresql/42.5.4/postgresql-42.5.4.jar ...
[2024-06-27T20:28:46.106+0000] {docker.py:413} INFO - [SUCCESSFUL ] org.postgresql#postgresql;42.5.4!postgresql.jar (376ms)
[2024-06-27T20:28:46.123+0000] {docker.py:413} INFO - downloading https://repo1.maven.org/maven2/org/apache/spark/spark-sql-kafka-0-10_2.12/3.5.0/spark-sql-kafka-0-10_2.12-3.5.0.jar ...
[2024-06-27T20:28:46.235+0000] {docker.py:413} INFO - [SUCCESSFUL ] org.apache.spark#spark-sql-kafka-0-10_2.12;3.5.0!spark-sql-kafka-0-10_2.12.jar (128ms)
[2024-06-27T20:28:46.245+0000] {docker.py:413} INFO - downloading https://repo1.maven.org/maven2/org/checkerframework/checker-qual/3.5.0/checker-qual-3.5.0.jar ...
[2024-06-27T20:28:46.301+0000] {docker.py:413} INFO - [SUCCESSFUL ] org.checkerframework#checker-qual;3.5.0!checker-qual.jar (65ms)
[2024-06-27T20:28:46.328+0000] {docker.py:413} INFO - downloading https://repo1.maven.org/maven2/org/apache/spark/spark-token-provider-kafka-0-10_2.12/3.5.0/spark-token-provider-kafka-0-10_2.12-3.5.0.jar ...
[2024-06-27T20:28:46.353+0000] {docker.py:413} INFO - [SUCCESSFUL ] org.apache.spark#spark-token-provider-kafka-0-10_2.12;3.5.0!spark-token-provider-kafka-0-10_2.12.jar (52ms)
[2024-06-27T20:28:46.365+0000] {docker.py:413} INFO - downloading https://repo1.maven.org/maven2/org/apache/kafka/kafka-clients/3.4.1/kafka-clients-3.4.1.jar ...
[2024-06-27T20:28:47.678+0000] {docker.py:413} INFO - [SUCCESSFUL ] org.apache.kafka#kafka-clients;3.4.1!kafka-clients.jar (1322ms)
[2024-06-27T20:28:47.700+0000] {docker.py:413} INFO - downloading https://repo1.maven.org/maven2/com/google/code/findbugs/jsr305/3.0.0/jsr305-3.0.0.jar ...
[2024-06-27T20:28:47.717+0000] {docker.py:413} INFO - [SUCCESSFUL ] com.google.code.findbugs#jsr305;3.0.0!jsr305.jar (41ms)
[2024-06-27T20:28:47.733+0000] {docker.py:413} INFO - downloading https://repo1.maven.org/maven2/org/apache/commons/commons-pool2/2.11.1/commons-pool2-2.11.1.jar ...
[2024-06-27T20:28:47.757+0000] {docker.py:413} INFO - [SUCCESSFUL ] org.apache.commons#commons-pool2;2.11.1!commons-pool2.jar (39ms)
[2024-06-27T20:28:47.767+0000] {docker.py:413} INFO - downloading https://repo1.maven.org/maven2/org/apache/hadoop/hadoop-client-runtime/3.3.4/hadoop-client-runtime-3.3.4.jar ...
[2024-06-27T20:28:56.483+0000] {docker.py:413} INFO - [SUCCESSFUL ] org.apache.hadoop#hadoop-client-runtime;3.3.4!hadoop-client-runtime.jar (8726ms)
[2024-06-27T20:28:56.498+0000] {docker.py:413} INFO - downloading https://repo1.maven.org/maven2/org/lz4/lz4-java/1.8.0/lz4-java-1.8.0.jar ...
[2024-06-27T20:28:56.557+0000] {docker.py:413} INFO - [SUCCESSFUL ] org.lz4#lz4-java;1.8.0!lz4-java.jar (74ms)
[2024-06-27T20:28:56.567+0000] {docker.py:413} INFO - downloading https://repo1.maven.org/maven2/org/xerial/snappy/snappy-java/1.1.10.3/snappy-java-1.1.10.3.jar ...
[2024-06-27T20:28:56.732+0000] {docker.py:413} INFO - [SUCCESSFUL ] org.xerial.snappy#snappy-java;1.1.10.3!snappy-java.jar(bundle) (174ms)
[2024-06-27T20:28:56.749+0000] {docker.py:413} INFO - downloading https://repo1.maven.org/maven2/org/slf4j/slf4j-api/2.0.7/slf4j-api-2.0.7.jar ...
[2024-06-27T20:28:56.764+0000] {docker.py:413} INFO - [SUCCESSFUL ] org.slf4j#slf4j-api;2.0.7!slf4j-api.jar (32ms)
[2024-06-27T20:28:56.778+0000] {docker.py:413} INFO - downloading https://repo1.maven.org/maven2/org/apache/hadoop/hadoop-client-api/3.3.4/hadoop-client-api-3.3.4.jar ...
[2024-06-27T20:28:58.414+0000] {docker.py:413} INFO - [SUCCESSFUL ] org.apache.hadoop#hadoop-client-api;3.3.4!hadoop-client-api.jar (1649ms)
[2024-06-27T20:28:58.424+0000] {docker.py:413} INFO - downloading https://repo1.maven.org/maven2/commons-logging/commons-logging/1.1.3/commons-logging-1.1.3.jar ...
[2024-06-27T20:28:58.440+0000] {docker.py:413} INFO - [SUCCESSFUL ] commons-logging#commons-logging;1.1.3!commons-logging.jar (26ms)
[2024-06-27T20:28:58.441+0000] {docker.py:413} INFO - :: resolution report :: resolve 2780ms :: artifacts dl 12710ms
	:: modules in use:
[2024-06-27T20:28:58.441+0000] {docker.py:413} INFO - com.google.code.findbugs#jsr305;3.0.0 from central in [default]
	commons-logging#commons-logging;1.1.3 from central in [default]
	org.apache.commons#commons-pool2;2.11.1 from central in [default]
[2024-06-27T20:28:58.441+0000] {docker.py:413} INFO - org.apache.hadoop#hadoop-client-api;3.3.4 from central in [default]
[2024-06-27T20:28:58.441+0000] {docker.py:413} INFO - org.apache.hadoop#hadoop-client-runtime;3.3.4 from central in [default]
[2024-06-27T20:28:58.442+0000] {docker.py:413} INFO - org.apache.kafka#kafka-clients;3.4.1 from central in [default]
	org.apache.spark#spark-sql-kafka-0-10_2.12;3.5.0 from central in [default]
	org.apache.spark#spark-token-provider-kafka-0-10_2.12;3.5.0 from central in [default]
	org.checkerframework#checker-qual;3.5.0 from central in [default]
	org.lz4#lz4-java;1.8.0 from central in [default]
	org.postgresql#postgresql;42.5.4 from central in [default]
[2024-06-27T20:28:58.442+0000] {docker.py:413} INFO - org.slf4j#slf4j-api;2.0.7 from central in [default]
	org.xerial.snappy#snappy-java;1.1.10.3 from central in [default]
[2024-06-27T20:28:58.442+0000] {docker.py:413} INFO - ---------------------------------------------------------------------
	|                  |            modules            ||   artifacts   |
[2024-06-27T20:28:58.442+0000] {docker.py:413} INFO - |       conf       | number| search|dwnlded|evicted|| number|dwnlded|
	---------------------------------------------------------------------
[2024-06-27T20:28:58.443+0000] {docker.py:413} INFO - |      default     |   13  |   13  |   13  |   0   ||   13  |   13  |
	---------------------------------------------------------------------
[2024-06-27T20:28:58.443+0000] {docker.py:413} INFO - :: retrieving :: org.apache.spark#spark-submit-parent-5b64467e-6561-414b-8c88-1b64ea4f0f5b
[2024-06-27T20:28:58.443+0000] {docker.py:413} INFO - confs: [default]
[2024-06-27T20:28:58.485+0000] {docker.py:413} INFO - 13 artifacts copied, 0 already retrieved (58001kB/41ms)
[2024-06-27T20:28:58.591+0000] {docker.py:413} INFO - 24/06/27 20:28:58 WARN NativeCodeLoader: Unable to load native-hadoop library for your platform... using builtin-java classes where applicable
[2024-06-27T20:28:59.194+0000] {docker.py:413} INFO - 24/06/27 20:28:59 INFO SparkContext: Running Spark version 3.5.0
[2024-06-27T20:28:59.194+0000] {docker.py:413} INFO - 24/06/27 20:28:59 INFO SparkContext: OS info Linux, 6.6.12-linuxkit, aarch64
[2024-06-27T20:28:59.194+0000] {docker.py:413} INFO - 24/06/27 20:28:59 INFO SparkContext: Java version 17.0.10
[2024-06-27T20:28:59.205+0000] {docker.py:413} INFO - 24/06/27 20:28:59 INFO ResourceUtils: ==============================================================
[2024-06-27T20:28:59.206+0000] {docker.py:413} INFO - 24/06/27 20:28:59 INFO ResourceUtils: No custom resources configured for spark.driver.
[2024-06-27T20:28:59.207+0000] {docker.py:413} INFO - 24/06/27 20:28:59 INFO ResourceUtils: ==============================================================
[2024-06-27T20:28:59.207+0000] {docker.py:413} INFO - 24/06/27 20:28:59 INFO SparkContext: Submitted application: PostgreSQL Connection with PySpark
[2024-06-27T20:28:59.214+0000] {docker.py:413} INFO - 24/06/27 20:28:59 INFO ResourceProfile: Default ResourceProfile created, executor resources: Map(cores -> name: cores, amount: 1, script: , vendor: , memory -> name: memory, amount: 1024, script: , vendor: , offHeap -> name: offHeap, amount: 0, script: , vendor: ), task resources: Map(cpus -> name: cpus, amount: 1.0)
[2024-06-27T20:28:59.218+0000] {docker.py:413} INFO - 24/06/27 20:28:59 INFO ResourceProfile: Limiting resource is cpu
[2024-06-27T20:28:59.219+0000] {docker.py:413} INFO - 24/06/27 20:28:59 INFO ResourceProfileManager: Added ResourceProfile id: 0
[2024-06-27T20:28:59.244+0000] {docker.py:413} INFO - 24/06/27 20:28:59 INFO SecurityManager: Changing view acls to: spark
[2024-06-27T20:28:59.245+0000] {docker.py:413} INFO - 24/06/27 20:28:59 INFO SecurityManager: Changing modify acls to: spark
[2024-06-27T20:28:59.245+0000] {docker.py:413} INFO - 24/06/27 20:28:59 INFO SecurityManager: Changing view acls groups to:
[2024-06-27T20:28:59.245+0000] {docker.py:413} INFO - 24/06/27 20:28:59 INFO SecurityManager: Changing modify acls groups to:
[2024-06-27T20:28:59.246+0000] {docker.py:413} INFO - 24/06/27 20:28:59 INFO SecurityManager: SecurityManager: authentication disabled; ui acls disabled; users with view permissions: spark; groups with view permissions: EMPTY; users with modify permissions: spark; groups with modify permissions: EMPTY
[2024-06-27T20:28:59.351+0000] {docker.py:413} INFO - 24/06/27 20:28:59 INFO Utils: Successfully started service 'sparkDriver' on port 35193.
[2024-06-27T20:28:59.364+0000] {docker.py:413} INFO - 24/06/27 20:28:59 INFO SparkEnv: Registering MapOutputTracker
[2024-06-27T20:28:59.381+0000] {docker.py:413} INFO - 24/06/27 20:28:59 INFO SparkEnv: Registering BlockManagerMaster
[2024-06-27T20:28:59.389+0000] {docker.py:413} INFO - 24/06/27 20:28:59 INFO BlockManagerMasterEndpoint: Using org.apache.spark.storage.DefaultTopologyMapper for getting topology information
[2024-06-27T20:28:59.389+0000] {docker.py:413} INFO - 24/06/27 20:28:59 INFO BlockManagerMasterEndpoint: BlockManagerMasterEndpoint up
[2024-06-27T20:28:59.391+0000] {docker.py:413} INFO - 24/06/27 20:28:59 INFO SparkEnv: Registering BlockManagerMasterHeartbeat
[2024-06-27T20:28:59.401+0000] {docker.py:413} INFO - 24/06/27 20:28:59 INFO DiskBlockManager: Created local directory at /tmp/blockmgr-98e5a94b-8cae-411c-aa98-fe1f5328762f
[2024-06-27T20:28:59.408+0000] {docker.py:413} INFO - 24/06/27 20:28:59 INFO MemoryStore: MemoryStore started with capacity 434.4 MiB
[2024-06-27T20:28:59.416+0000] {docker.py:413} INFO - 24/06/27 20:28:59 INFO SparkEnv: Registering OutputCommitCoordinator
[2024-06-27T20:28:59.483+0000] {docker.py:413} INFO - 24/06/27 20:28:59 INFO JettyUtils: Start Jetty 0.0.0.0:4040 for SparkUI
[2024-06-27T20:28:59.514+0000] {docker.py:413} INFO - 24/06/27 20:28:59 INFO Utils: Successfully started service 'SparkUI' on port 4040.
[2024-06-27T20:28:59.535+0000] {docker.py:413} INFO - 24/06/27 20:28:59 INFO SparkContext: Added JAR file:///opt/bitnami/spark/.ivy2/jars/org.postgresql_postgresql-42.5.4.jar at spark://localhost:35193/jars/org.postgresql_postgresql-42.5.4.jar with timestamp 1719520139189
[2024-06-27T20:28:59.535+0000] {docker.py:413} INFO - 24/06/27 20:28:59 INFO SparkContext: Added JAR file:///opt/bitnami/spark/.ivy2/jars/org.apache.spark_spark-sql-kafka-0-10_2.12-3.5.0.jar at spark://localhost:35193/jars/org.apache.spark_spark-sql-kafka-0-10_2.12-3.5.0.jar with timestamp 1719520139189
[2024-06-27T20:28:59.536+0000] {docker.py:413} INFO - 24/06/27 20:28:59 INFO SparkContext: Added JAR file:///opt/bitnami/spark/.ivy2/jars/org.checkerframework_checker-qual-3.5.0.jar at spark://localhost:35193/jars/org.checkerframework_checker-qual-3.5.0.jar with timestamp 1719520139189
[2024-06-27T20:28:59.536+0000] {docker.py:413} INFO - 24/06/27 20:28:59 INFO SparkContext: Added JAR file:///opt/bitnami/spark/.ivy2/jars/org.apache.spark_spark-token-provider-kafka-0-10_2.12-3.5.0.jar at spark://localhost:35193/jars/org.apache.spark_spark-token-provider-kafka-0-10_2.12-3.5.0.jar with timestamp 1719520139189
[2024-06-27T20:28:59.536+0000] {docker.py:413} INFO - 24/06/27 20:28:59 INFO SparkContext: Added JAR file:///opt/bitnami/spark/.ivy2/jars/org.apache.kafka_kafka-clients-3.4.1.jar at spark://localhost:35193/jars/org.apache.kafka_kafka-clients-3.4.1.jar with timestamp 1719520139189
[2024-06-27T20:28:59.537+0000] {docker.py:413} INFO - 24/06/27 20:28:59 INFO SparkContext: Added JAR file:///opt/bitnami/spark/.ivy2/jars/com.google.code.findbugs_jsr305-3.0.0.jar at spark://localhost:35193/jars/com.google.code.findbugs_jsr305-3.0.0.jar with timestamp 1719520139189
[2024-06-27T20:28:59.537+0000] {docker.py:413} INFO - 24/06/27 20:28:59 INFO SparkContext: Added JAR file:///opt/bitnami/spark/.ivy2/jars/org.apache.commons_commons-pool2-2.11.1.jar at spark://localhost:35193/jars/org.apache.commons_commons-pool2-2.11.1.jar with timestamp 1719520139189
[2024-06-27T20:28:59.537+0000] {docker.py:413} INFO - 24/06/27 20:28:59 INFO SparkContext: Added JAR file:///opt/bitnami/spark/.ivy2/jars/org.apache.hadoop_hadoop-client-runtime-3.3.4.jar at spark://localhost:35193/jars/org.apache.hadoop_hadoop-client-runtime-3.3.4.jar with timestamp 1719520139189
[2024-06-27T20:28:59.537+0000] {docker.py:413} INFO - 24/06/27 20:28:59 INFO SparkContext: Added JAR file:///opt/bitnami/spark/.ivy2/jars/org.lz4_lz4-java-1.8.0.jar at spark://localhost:35193/jars/org.lz4_lz4-java-1.8.0.jar with timestamp 1719520139189
[2024-06-27T20:28:59.538+0000] {docker.py:413} INFO - 24/06/27 20:28:59 INFO SparkContext: Added JAR file:///opt/bitnami/spark/.ivy2/jars/org.xerial.snappy_snappy-java-1.1.10.3.jar at spark://localhost:35193/jars/org.xerial.snappy_snappy-java-1.1.10.3.jar with timestamp 1719520139189
[2024-06-27T20:28:59.538+0000] {docker.py:413} INFO - 24/06/27 20:28:59 INFO SparkContext: Added JAR file:///opt/bitnami/spark/.ivy2/jars/org.slf4j_slf4j-api-2.0.7.jar at spark://localhost:35193/jars/org.slf4j_slf4j-api-2.0.7.jar with timestamp 1719520139189
[2024-06-27T20:28:59.538+0000] {docker.py:413} INFO - 24/06/27 20:28:59 INFO SparkContext: Added JAR file:///opt/bitnami/spark/.ivy2/jars/org.apache.hadoop_hadoop-client-api-3.3.4.jar at spark://localhost:35193/jars/org.apache.hadoop_hadoop-client-api-3.3.4.jar with timestamp 1719520139189
[2024-06-27T20:28:59.539+0000] {docker.py:413} INFO - 24/06/27 20:28:59 INFO SparkContext: Added JAR file:///opt/bitnami/spark/.ivy2/jars/commons-logging_commons-logging-1.1.3.jar at spark://localhost:35193/jars/commons-logging_commons-logging-1.1.3.jar with timestamp 1719520139189
[2024-06-27T20:28:59.539+0000] {docker.py:413} INFO - 24/06/27 20:28:59 INFO SparkContext: Added file file:///opt/bitnami/spark/.ivy2/jars/org.postgresql_postgresql-42.5.4.jar at file:///opt/bitnami/spark/.ivy2/jars/org.postgresql_postgresql-42.5.4.jar with timestamp 1719520139189
[2024-06-27T20:28:59.539+0000] {docker.py:413} INFO - 24/06/27 20:28:59 INFO Utils: Copying /opt/bitnami/spark/.ivy2/jars/org.postgresql_postgresql-42.5.4.jar to /tmp/spark-2960dca7-c8ec-48dc-9f32-d36ce78c6a61/userFiles-a1667177-4887-410c-bb90-c23296836fdd/org.postgresql_postgresql-42.5.4.jar
[2024-06-27T20:28:59.542+0000] {docker.py:413} INFO - 24/06/27 20:28:59 INFO SparkContext: Added file file:///opt/bitnami/spark/.ivy2/jars/org.apache.spark_spark-sql-kafka-0-10_2.12-3.5.0.jar at file:///opt/bitnami/spark/.ivy2/jars/org.apache.spark_spark-sql-kafka-0-10_2.12-3.5.0.jar with timestamp 1719520139189
24/06/27 20:28:59 INFO Utils: Copying /opt/bitnami/spark/.ivy2/jars/org.apache.spark_spark-sql-kafka-0-10_2.12-3.5.0.jar to /tmp/spark-2960dca7-c8ec-48dc-9f32-d36ce78c6a61/userFiles-a1667177-4887-410c-bb90-c23296836fdd/org.apache.spark_spark-sql-kafka-0-10_2.12-3.5.0.jar
[2024-06-27T20:28:59.545+0000] {docker.py:413} INFO - 24/06/27 20:28:59 INFO SparkContext: Added file file:///opt/bitnami/spark/.ivy2/jars/org.checkerframework_checker-qual-3.5.0.jar at file:///opt/bitnami/spark/.ivy2/jars/org.checkerframework_checker-qual-3.5.0.jar with timestamp 1719520139189
[2024-06-27T20:28:59.545+0000] {docker.py:413} INFO - 24/06/27 20:28:59 INFO Utils: Copying /opt/bitnami/spark/.ivy2/jars/org.checkerframework_checker-qual-3.5.0.jar to /tmp/spark-2960dca7-c8ec-48dc-9f32-d36ce78c6a61/userFiles-a1667177-4887-410c-bb90-c23296836fdd/org.checkerframework_checker-qual-3.5.0.jar
[2024-06-27T20:28:59.547+0000] {docker.py:413} INFO - 24/06/27 20:28:59 INFO SparkContext: Added file file:///opt/bitnami/spark/.ivy2/jars/org.apache.spark_spark-token-provider-kafka-0-10_2.12-3.5.0.jar at file:///opt/bitnami/spark/.ivy2/jars/org.apache.spark_spark-token-provider-kafka-0-10_2.12-3.5.0.jar with timestamp 1719520139189
[2024-06-27T20:28:59.547+0000] {docker.py:413} INFO - 24/06/27 20:28:59 INFO Utils: Copying /opt/bitnami/spark/.ivy2/jars/org.apache.spark_spark-token-provider-kafka-0-10_2.12-3.5.0.jar to /tmp/spark-2960dca7-c8ec-48dc-9f32-d36ce78c6a61/userFiles-a1667177-4887-410c-bb90-c23296836fdd/org.apache.spark_spark-token-provider-kafka-0-10_2.12-3.5.0.jar
[2024-06-27T20:28:59.548+0000] {docker.py:413} INFO - 24/06/27 20:28:59 INFO SparkContext: Added file file:///opt/bitnami/spark/.ivy2/jars/org.apache.kafka_kafka-clients-3.4.1.jar at file:///opt/bitnami/spark/.ivy2/jars/org.apache.kafka_kafka-clients-3.4.1.jar with timestamp 1719520139189
[2024-06-27T20:28:59.548+0000] {docker.py:413} INFO - 24/06/27 20:28:59 INFO Utils: Copying /opt/bitnami/spark/.ivy2/jars/org.apache.kafka_kafka-clients-3.4.1.jar to /tmp/spark-2960dca7-c8ec-48dc-9f32-d36ce78c6a61/userFiles-a1667177-4887-410c-bb90-c23296836fdd/org.apache.kafka_kafka-clients-3.4.1.jar
[2024-06-27T20:28:59.552+0000] {docker.py:413} INFO - 24/06/27 20:28:59 INFO SparkContext: Added file file:///opt/bitnami/spark/.ivy2/jars/com.google.code.findbugs_jsr305-3.0.0.jar at file:///opt/bitnami/spark/.ivy2/jars/com.google.code.findbugs_jsr305-3.0.0.jar with timestamp 1719520139189
24/06/27 20:28:59 INFO Utils: Copying /opt/bitnami/spark/.ivy2/jars/com.google.code.findbugs_jsr305-3.0.0.jar to /tmp/spark-2960dca7-c8ec-48dc-9f32-d36ce78c6a61/userFiles-a1667177-4887-410c-bb90-c23296836fdd/com.google.code.findbugs_jsr305-3.0.0.jar
[2024-06-27T20:28:59.554+0000] {docker.py:413} INFO - 24/06/27 20:28:59 INFO SparkContext: Added file file:///opt/bitnami/spark/.ivy2/jars/org.apache.commons_commons-pool2-2.11.1.jar at file:///opt/bitnami/spark/.ivy2/jars/org.apache.commons_commons-pool2-2.11.1.jar with timestamp 1719520139189
[2024-06-27T20:28:59.555+0000] {docker.py:413} INFO - 24/06/27 20:28:59 INFO Utils: Copying /opt/bitnami/spark/.ivy2/jars/org.apache.commons_commons-pool2-2.11.1.jar to /tmp/spark-2960dca7-c8ec-48dc-9f32-d36ce78c6a61/userFiles-a1667177-4887-410c-bb90-c23296836fdd/org.apache.commons_commons-pool2-2.11.1.jar
[2024-06-27T20:28:59.556+0000] {docker.py:413} INFO - 24/06/27 20:28:59 INFO SparkContext: Added file file:///opt/bitnami/spark/.ivy2/jars/org.apache.hadoop_hadoop-client-runtime-3.3.4.jar at file:///opt/bitnami/spark/.ivy2/jars/org.apache.hadoop_hadoop-client-runtime-3.3.4.jar with timestamp 1719520139189
[2024-06-27T20:28:59.556+0000] {docker.py:413} INFO - 24/06/27 20:28:59 INFO Utils: Copying /opt/bitnami/spark/.ivy2/jars/org.apache.hadoop_hadoop-client-runtime-3.3.4.jar to /tmp/spark-2960dca7-c8ec-48dc-9f32-d36ce78c6a61/userFiles-a1667177-4887-410c-bb90-c23296836fdd/org.apache.hadoop_hadoop-client-runtime-3.3.4.jar
[2024-06-27T20:28:59.573+0000] {docker.py:413} INFO - 24/06/27 20:28:59 INFO SparkContext: Added file file:///opt/bitnami/spark/.ivy2/jars/org.lz4_lz4-java-1.8.0.jar at file:///opt/bitnami/spark/.ivy2/jars/org.lz4_lz4-java-1.8.0.jar with timestamp 1719520139189
[2024-06-27T20:28:59.574+0000] {docker.py:413} INFO - 24/06/27 20:28:59 INFO Utils: Copying /opt/bitnami/spark/.ivy2/jars/org.lz4_lz4-java-1.8.0.jar to /tmp/spark-2960dca7-c8ec-48dc-9f32-d36ce78c6a61/userFiles-a1667177-4887-410c-bb90-c23296836fdd/org.lz4_lz4-java-1.8.0.jar
[2024-06-27T20:28:59.575+0000] {docker.py:413} INFO - 24/06/27 20:28:59 INFO SparkContext: Added file file:///opt/bitnami/spark/.ivy2/jars/org.xerial.snappy_snappy-java-1.1.10.3.jar at file:///opt/bitnami/spark/.ivy2/jars/org.xerial.snappy_snappy-java-1.1.10.3.jar with timestamp 1719520139189
24/06/27 20:28:59 INFO Utils: Copying /opt/bitnami/spark/.ivy2/jars/org.xerial.snappy_snappy-java-1.1.10.3.jar to /tmp/spark-2960dca7-c8ec-48dc-9f32-d36ce78c6a61/userFiles-a1667177-4887-410c-bb90-c23296836fdd/org.xerial.snappy_snappy-java-1.1.10.3.jar
[2024-06-27T20:28:59.578+0000] {docker.py:413} INFO - 24/06/27 20:28:59 INFO SparkContext: Added file file:///opt/bitnami/spark/.ivy2/jars/org.slf4j_slf4j-api-2.0.7.jar at file:///opt/bitnami/spark/.ivy2/jars/org.slf4j_slf4j-api-2.0.7.jar with timestamp 1719520139189
[2024-06-27T20:28:59.578+0000] {docker.py:413} INFO - 24/06/27 20:28:59 INFO Utils: Copying /opt/bitnami/spark/.ivy2/jars/org.slf4j_slf4j-api-2.0.7.jar to /tmp/spark-2960dca7-c8ec-48dc-9f32-d36ce78c6a61/userFiles-a1667177-4887-410c-bb90-c23296836fdd/org.slf4j_slf4j-api-2.0.7.jar
[2024-06-27T20:28:59.580+0000] {docker.py:413} INFO - 24/06/27 20:28:59 INFO SparkContext: Added file file:///opt/bitnami/spark/.ivy2/jars/org.apache.hadoop_hadoop-client-api-3.3.4.jar at file:///opt/bitnami/spark/.ivy2/jars/org.apache.hadoop_hadoop-client-api-3.3.4.jar with timestamp 1719520139189
[2024-06-27T20:28:59.580+0000] {docker.py:413} INFO - 24/06/27 20:28:59 INFO Utils: Copying /opt/bitnami/spark/.ivy2/jars/org.apache.hadoop_hadoop-client-api-3.3.4.jar to /tmp/spark-2960dca7-c8ec-48dc-9f32-d36ce78c6a61/userFiles-a1667177-4887-410c-bb90-c23296836fdd/org.apache.hadoop_hadoop-client-api-3.3.4.jar
[2024-06-27T20:28:59.592+0000] {docker.py:413} INFO - 24/06/27 20:28:59 INFO SparkContext: Added file file:///opt/bitnami/spark/.ivy2/jars/commons-logging_commons-logging-1.1.3.jar at file:///opt/bitnami/spark/.ivy2/jars/commons-logging_commons-logging-1.1.3.jar with timestamp 1719520139189
[2024-06-27T20:28:59.593+0000] {docker.py:413} INFO - 24/06/27 20:28:59 INFO Utils: Copying /opt/bitnami/spark/.ivy2/jars/commons-logging_commons-logging-1.1.3.jar to /tmp/spark-2960dca7-c8ec-48dc-9f32-d36ce78c6a61/userFiles-a1667177-4887-410c-bb90-c23296836fdd/commons-logging_commons-logging-1.1.3.jar
[2024-06-27T20:28:59.641+0000] {docker.py:413} INFO - 24/06/27 20:28:59 INFO Executor: Starting executor ID driver on host localhost
[2024-06-27T20:28:59.642+0000] {docker.py:413} INFO - 24/06/27 20:28:59 INFO Executor: OS info Linux, 6.6.12-linuxkit, aarch64
[2024-06-27T20:28:59.643+0000] {docker.py:413} INFO - 24/06/27 20:28:59 INFO Executor: Java version 17.0.10
[2024-06-27T20:28:59.645+0000] {docker.py:413} INFO - 24/06/27 20:28:59 INFO Executor: Starting executor with user classpath (userClassPathFirst = false): ''
[2024-06-27T20:28:59.645+0000] {docker.py:413} INFO - 24/06/27 20:28:59 INFO Executor: Created or updated repl class loader org.apache.spark.util.MutableURLClassLoader@327cd578 for default.
[2024-06-27T20:28:59.653+0000] {docker.py:413} INFO - 24/06/27 20:28:59 INFO Executor: Fetching file:///opt/bitnami/spark/.ivy2/jars/org.apache.spark_spark-token-provider-kafka-0-10_2.12-3.5.0.jar with timestamp 1719520139189
[2024-06-27T20:28:59.661+0000] {docker.py:413} INFO - 24/06/27 20:28:59 INFO Utils: /opt/bitnami/spark/.ivy2/jars/org.apache.spark_spark-token-provider-kafka-0-10_2.12-3.5.0.jar has been previously copied to /tmp/spark-2960dca7-c8ec-48dc-9f32-d36ce78c6a61/userFiles-a1667177-4887-410c-bb90-c23296836fdd/org.apache.spark_spark-token-provider-kafka-0-10_2.12-3.5.0.jar
[2024-06-27T20:28:59.663+0000] {docker.py:413} INFO - 24/06/27 20:28:59 INFO Executor: Fetching file:///opt/bitnami/spark/.ivy2/jars/org.apache.hadoop_hadoop-client-runtime-3.3.4.jar with timestamp 1719520139189
[2024-06-27T20:28:59.675+0000] {docker.py:413} INFO - 24/06/27 20:28:59 INFO Utils: /opt/bitnami/spark/.ivy2/jars/org.apache.hadoop_hadoop-client-runtime-3.3.4.jar has been previously copied to /tmp/spark-2960dca7-c8ec-48dc-9f32-d36ce78c6a61/userFiles-a1667177-4887-410c-bb90-c23296836fdd/org.apache.hadoop_hadoop-client-runtime-3.3.4.jar
[2024-06-27T20:28:59.677+0000] {docker.py:413} INFO - 24/06/27 20:28:59 INFO Executor: Fetching file:///opt/bitnami/spark/.ivy2/jars/org.apache.commons_commons-pool2-2.11.1.jar with timestamp 1719520139189
[2024-06-27T20:28:59.677+0000] {docker.py:413} INFO - 24/06/27 20:28:59 INFO Utils: /opt/bitnami/spark/.ivy2/jars/org.apache.commons_commons-pool2-2.11.1.jar has been previously copied to /tmp/spark-2960dca7-c8ec-48dc-9f32-d36ce78c6a61/userFiles-a1667177-4887-410c-bb90-c23296836fdd/org.apache.commons_commons-pool2-2.11.1.jar
[2024-06-27T20:28:59.678+0000] {docker.py:413} INFO - 24/06/27 20:28:59 INFO Executor: Fetching file:///opt/bitnami/spark/.ivy2/jars/org.postgresql_postgresql-42.5.4.jar with timestamp 1719520139189
[2024-06-27T20:28:59.679+0000] {docker.py:413} INFO - 24/06/27 20:28:59 INFO Utils: /opt/bitnami/spark/.ivy2/jars/org.postgresql_postgresql-42.5.4.jar has been previously copied to /tmp/spark-2960dca7-c8ec-48dc-9f32-d36ce78c6a61/userFiles-a1667177-4887-410c-bb90-c23296836fdd/org.postgresql_postgresql-42.5.4.jar
[2024-06-27T20:28:59.681+0000] {docker.py:413} INFO - 24/06/27 20:28:59 INFO Executor: Fetching file:///opt/bitnami/spark/.ivy2/jars/org.slf4j_slf4j-api-2.0.7.jar with timestamp 1719520139189
[2024-06-27T20:28:59.681+0000] {docker.py:413} INFO - 24/06/27 20:28:59 INFO Utils: /opt/bitnami/spark/.ivy2/jars/org.slf4j_slf4j-api-2.0.7.jar has been previously copied to /tmp/spark-2960dca7-c8ec-48dc-9f32-d36ce78c6a61/userFiles-a1667177-4887-410c-bb90-c23296836fdd/org.slf4j_slf4j-api-2.0.7.jar
[2024-06-27T20:28:59.682+0000] {docker.py:413} INFO - 24/06/27 20:28:59 INFO Executor: Fetching file:///opt/bitnami/spark/.ivy2/jars/org.apache.kafka_kafka-clients-3.4.1.jar with timestamp 1719520139189
[2024-06-27T20:28:59.684+0000] {docker.py:413} INFO - 24/06/27 20:28:59 INFO Utils: /opt/bitnami/spark/.ivy2/jars/org.apache.kafka_kafka-clients-3.4.1.jar has been previously copied to /tmp/spark-2960dca7-c8ec-48dc-9f32-d36ce78c6a61/userFiles-a1667177-4887-410c-bb90-c23296836fdd/org.apache.kafka_kafka-clients-3.4.1.jar
[2024-06-27T20:28:59.686+0000] {docker.py:413} INFO - 24/06/27 20:28:59 INFO Executor: Fetching file:///opt/bitnami/spark/.ivy2/jars/com.google.code.findbugs_jsr305-3.0.0.jar with timestamp 1719520139189
[2024-06-27T20:28:59.686+0000] {docker.py:413} INFO - 24/06/27 20:28:59 INFO Utils: /opt/bitnami/spark/.ivy2/jars/com.google.code.findbugs_jsr305-3.0.0.jar has been previously copied to /tmp/spark-2960dca7-c8ec-48dc-9f32-d36ce78c6a61/userFiles-a1667177-4887-410c-bb90-c23296836fdd/com.google.code.findbugs_jsr305-3.0.0.jar
[2024-06-27T20:28:59.688+0000] {docker.py:413} INFO - 24/06/27 20:28:59 INFO Executor: Fetching file:///opt/bitnami/spark/.ivy2/jars/org.lz4_lz4-java-1.8.0.jar with timestamp 1719520139189
[2024-06-27T20:28:59.689+0000] {docker.py:413} INFO - 24/06/27 20:28:59 INFO Utils: /opt/bitnami/spark/.ivy2/jars/org.lz4_lz4-java-1.8.0.jar has been previously copied to /tmp/spark-2960dca7-c8ec-48dc-9f32-d36ce78c6a61/userFiles-a1667177-4887-410c-bb90-c23296836fdd/org.lz4_lz4-java-1.8.0.jar
[2024-06-27T20:28:59.690+0000] {docker.py:413} INFO - 24/06/27 20:28:59 INFO Executor: Fetching file:///opt/bitnami/spark/.ivy2/jars/org.apache.spark_spark-sql-kafka-0-10_2.12-3.5.0.jar with timestamp 1719520139189
[2024-06-27T20:28:59.691+0000] {docker.py:413} INFO - 24/06/27 20:28:59 INFO Utils: /opt/bitnami/spark/.ivy2/jars/org.apache.spark_spark-sql-kafka-0-10_2.12-3.5.0.jar has been previously copied to /tmp/spark-2960dca7-c8ec-48dc-9f32-d36ce78c6a61/userFiles-a1667177-4887-410c-bb90-c23296836fdd/org.apache.spark_spark-sql-kafka-0-10_2.12-3.5.0.jar
[2024-06-27T20:28:59.692+0000] {docker.py:413} INFO - 24/06/27 20:28:59 INFO Executor: Fetching file:///opt/bitnami/spark/.ivy2/jars/org.apache.hadoop_hadoop-client-api-3.3.4.jar with timestamp 1719520139189
[2024-06-27T20:28:59.698+0000] {docker.py:413} INFO - 24/06/27 20:28:59 INFO Utils: /opt/bitnami/spark/.ivy2/jars/org.apache.hadoop_hadoop-client-api-3.3.4.jar has been previously copied to /tmp/spark-2960dca7-c8ec-48dc-9f32-d36ce78c6a61/userFiles-a1667177-4887-410c-bb90-c23296836fdd/org.apache.hadoop_hadoop-client-api-3.3.4.jar
[2024-06-27T20:28:59.700+0000] {docker.py:413} INFO - 24/06/27 20:28:59 INFO Executor: Fetching file:///opt/bitnami/spark/.ivy2/jars/commons-logging_commons-logging-1.1.3.jar with timestamp 1719520139189
[2024-06-27T20:28:59.701+0000] {docker.py:413} INFO - 24/06/27 20:28:59 INFO Utils: /opt/bitnami/spark/.ivy2/jars/commons-logging_commons-logging-1.1.3.jar has been previously copied to /tmp/spark-2960dca7-c8ec-48dc-9f32-d36ce78c6a61/userFiles-a1667177-4887-410c-bb90-c23296836fdd/commons-logging_commons-logging-1.1.3.jar
[2024-06-27T20:28:59.702+0000] {docker.py:413} INFO - 24/06/27 20:28:59 INFO Executor: Fetching file:///opt/bitnami/spark/.ivy2/jars/org.checkerframework_checker-qual-3.5.0.jar with timestamp 1719520139189
[2024-06-27T20:28:59.702+0000] {docker.py:413} INFO - 24/06/27 20:28:59 INFO Utils: /opt/bitnami/spark/.ivy2/jars/org.checkerframework_checker-qual-3.5.0.jar has been previously copied to /tmp/spark-2960dca7-c8ec-48dc-9f32-d36ce78c6a61/userFiles-a1667177-4887-410c-bb90-c23296836fdd/org.checkerframework_checker-qual-3.5.0.jar
[2024-06-27T20:28:59.704+0000] {docker.py:413} INFO - 24/06/27 20:28:59 INFO Executor: Fetching file:///opt/bitnami/spark/.ivy2/jars/org.xerial.snappy_snappy-java-1.1.10.3.jar with timestamp 1719520139189
[2024-06-27T20:28:59.704+0000] {docker.py:413} INFO - 24/06/27 20:28:59 INFO Utils: /opt/bitnami/spark/.ivy2/jars/org.xerial.snappy_snappy-java-1.1.10.3.jar has been previously copied to /tmp/spark-2960dca7-c8ec-48dc-9f32-d36ce78c6a61/userFiles-a1667177-4887-410c-bb90-c23296836fdd/org.xerial.snappy_snappy-java-1.1.10.3.jar
[2024-06-27T20:28:59.707+0000] {docker.py:413} INFO - 24/06/27 20:28:59 INFO Executor: Fetching spark://localhost:35193/jars/org.apache.hadoop_hadoop-client-api-3.3.4.jar with timestamp 1719520139189
[2024-06-27T20:28:59.725+0000] {docker.py:413} INFO - 24/06/27 20:28:59 INFO TransportClientFactory: Successfully created connection to localhost/127.0.0.1:35193 after 12 ms (0 ms spent in bootstraps)
[2024-06-27T20:28:59.727+0000] {docker.py:413} INFO - 24/06/27 20:28:59 INFO Utils: Fetching spark://localhost:35193/jars/org.apache.hadoop_hadoop-client-api-3.3.4.jar to /tmp/spark-2960dca7-c8ec-48dc-9f32-d36ce78c6a61/userFiles-a1667177-4887-410c-bb90-c23296836fdd/fetchFileTemp9346958858649680673.tmp
[2024-06-27T20:28:59.777+0000] {docker.py:413} INFO - 24/06/27 20:28:59 INFO Utils: /tmp/spark-2960dca7-c8ec-48dc-9f32-d36ce78c6a61/userFiles-a1667177-4887-410c-bb90-c23296836fdd/fetchFileTemp9346958858649680673.tmp has been previously copied to /tmp/spark-2960dca7-c8ec-48dc-9f32-d36ce78c6a61/userFiles-a1667177-4887-410c-bb90-c23296836fdd/org.apache.hadoop_hadoop-client-api-3.3.4.jar
[2024-06-27T20:28:59.780+0000] {docker.py:413} INFO - 24/06/27 20:28:59 INFO Executor: Adding file:/tmp/spark-2960dca7-c8ec-48dc-9f32-d36ce78c6a61/userFiles-a1667177-4887-410c-bb90-c23296836fdd/org.apache.hadoop_hadoop-client-api-3.3.4.jar to class loader default
24/06/27 20:28:59 INFO Executor: Fetching spark://localhost:35193/jars/org.postgresql_postgresql-42.5.4.jar with timestamp 1719520139189
[2024-06-27T20:28:59.782+0000] {docker.py:413} INFO - 24/06/27 20:28:59 INFO Utils: Fetching spark://localhost:35193/jars/org.postgresql_postgresql-42.5.4.jar to /tmp/spark-2960dca7-c8ec-48dc-9f32-d36ce78c6a61/userFiles-a1667177-4887-410c-bb90-c23296836fdd/fetchFileTemp11822733549020192641.tmp
[2024-06-27T20:28:59.785+0000] {docker.py:413} INFO - 24/06/27 20:28:59 INFO Utils: /tmp/spark-2960dca7-c8ec-48dc-9f32-d36ce78c6a61/userFiles-a1667177-4887-410c-bb90-c23296836fdd/fetchFileTemp11822733549020192641.tmp has been previously copied to /tmp/spark-2960dca7-c8ec-48dc-9f32-d36ce78c6a61/userFiles-a1667177-4887-410c-bb90-c23296836fdd/org.postgresql_postgresql-42.5.4.jar
[2024-06-27T20:28:59.786+0000] {docker.py:413} INFO - 24/06/27 20:28:59 INFO Executor: Adding file:/tmp/spark-2960dca7-c8ec-48dc-9f32-d36ce78c6a61/userFiles-a1667177-4887-410c-bb90-c23296836fdd/org.postgresql_postgresql-42.5.4.jar to class loader default
[2024-06-27T20:28:59.787+0000] {docker.py:413} INFO - 24/06/27 20:28:59 INFO Executor: Fetching spark://localhost:35193/jars/org.apache.spark_spark-sql-kafka-0-10_2.12-3.5.0.jar with timestamp 1719520139189
[2024-06-27T20:28:59.787+0000] {docker.py:413} INFO - 24/06/27 20:28:59 INFO Utils: Fetching spark://localhost:35193/jars/org.apache.spark_spark-sql-kafka-0-10_2.12-3.5.0.jar to /tmp/spark-2960dca7-c8ec-48dc-9f32-d36ce78c6a61/userFiles-a1667177-4887-410c-bb90-c23296836fdd/fetchFileTemp1526270629708231431.tmp
[2024-06-27T20:28:59.788+0000] {docker.py:413} INFO - 24/06/27 20:28:59 INFO Utils: /tmp/spark-2960dca7-c8ec-48dc-9f32-d36ce78c6a61/userFiles-a1667177-4887-410c-bb90-c23296836fdd/fetchFileTemp1526270629708231431.tmp has been previously copied to /tmp/spark-2960dca7-c8ec-48dc-9f32-d36ce78c6a61/userFiles-a1667177-4887-410c-bb90-c23296836fdd/org.apache.spark_spark-sql-kafka-0-10_2.12-3.5.0.jar
[2024-06-27T20:28:59.790+0000] {docker.py:413} INFO - 24/06/27 20:28:59 INFO Executor: Adding file:/tmp/spark-2960dca7-c8ec-48dc-9f32-d36ce78c6a61/userFiles-a1667177-4887-410c-bb90-c23296836fdd/org.apache.spark_spark-sql-kafka-0-10_2.12-3.5.0.jar to class loader default
24/06/27 20:28:59 INFO Executor: Fetching spark://localhost:35193/jars/org.apache.hadoop_hadoop-client-runtime-3.3.4.jar with timestamp 1719520139189
[2024-06-27T20:28:59.791+0000] {docker.py:413} INFO - 24/06/27 20:28:59 INFO Utils: Fetching spark://localhost:35193/jars/org.apache.hadoop_hadoop-client-runtime-3.3.4.jar to /tmp/spark-2960dca7-c8ec-48dc-9f32-d36ce78c6a61/userFiles-a1667177-4887-410c-bb90-c23296836fdd/fetchFileTemp6171438168341807818.tmp
[2024-06-27T20:28:59.835+0000] {docker.py:413} INFO - 24/06/27 20:28:59 INFO Utils: /tmp/spark-2960dca7-c8ec-48dc-9f32-d36ce78c6a61/userFiles-a1667177-4887-410c-bb90-c23296836fdd/fetchFileTemp6171438168341807818.tmp has been previously copied to /tmp/spark-2960dca7-c8ec-48dc-9f32-d36ce78c6a61/userFiles-a1667177-4887-410c-bb90-c23296836fdd/org.apache.hadoop_hadoop-client-runtime-3.3.4.jar
[2024-06-27T20:28:59.838+0000] {docker.py:413} INFO - 24/06/27 20:28:59 INFO Executor: Adding file:/tmp/spark-2960dca7-c8ec-48dc-9f32-d36ce78c6a61/userFiles-a1667177-4887-410c-bb90-c23296836fdd/org.apache.hadoop_hadoop-client-runtime-3.3.4.jar to class loader default
[2024-06-27T20:28:59.838+0000] {docker.py:413} INFO - 24/06/27 20:28:59 INFO Executor: Fetching spark://localhost:35193/jars/org.apache.kafka_kafka-clients-3.4.1.jar with timestamp 1719520139189
[2024-06-27T20:28:59.839+0000] {docker.py:413} INFO - 24/06/27 20:28:59 INFO Utils: Fetching spark://localhost:35193/jars/org.apache.kafka_kafka-clients-3.4.1.jar to /tmp/spark-2960dca7-c8ec-48dc-9f32-d36ce78c6a61/userFiles-a1667177-4887-410c-bb90-c23296836fdd/fetchFileTemp8253916056946923567.tmp
[2024-06-27T20:28:59.846+0000] {docker.py:413} INFO - 24/06/27 20:28:59 INFO Utils: /tmp/spark-2960dca7-c8ec-48dc-9f32-d36ce78c6a61/userFiles-a1667177-4887-410c-bb90-c23296836fdd/fetchFileTemp8253916056946923567.tmp has been previously copied to /tmp/spark-2960dca7-c8ec-48dc-9f32-d36ce78c6a61/userFiles-a1667177-4887-410c-bb90-c23296836fdd/org.apache.kafka_kafka-clients-3.4.1.jar
[2024-06-27T20:28:59.848+0000] {docker.py:413} INFO - 24/06/27 20:28:59 INFO Executor: Adding file:/tmp/spark-2960dca7-c8ec-48dc-9f32-d36ce78c6a61/userFiles-a1667177-4887-410c-bb90-c23296836fdd/org.apache.kafka_kafka-clients-3.4.1.jar to class loader default
[2024-06-27T20:28:59.848+0000] {docker.py:413} INFO - 24/06/27 20:28:59 INFO Executor: Fetching spark://localhost:35193/jars/org.lz4_lz4-java-1.8.0.jar with timestamp 1719520139189
[2024-06-27T20:28:59.848+0000] {docker.py:413} INFO - 24/06/27 20:28:59 INFO Utils: Fetching spark://localhost:35193/jars/org.lz4_lz4-java-1.8.0.jar to /tmp/spark-2960dca7-c8ec-48dc-9f32-d36ce78c6a61/userFiles-a1667177-4887-410c-bb90-c23296836fdd/fetchFileTemp7948883225193349511.tmp
[2024-06-27T20:28:59.850+0000] {docker.py:413} INFO - 24/06/27 20:28:59 INFO Utils: /tmp/spark-2960dca7-c8ec-48dc-9f32-d36ce78c6a61/userFiles-a1667177-4887-410c-bb90-c23296836fdd/fetchFileTemp7948883225193349511.tmp has been previously copied to /tmp/spark-2960dca7-c8ec-48dc-9f32-d36ce78c6a61/userFiles-a1667177-4887-410c-bb90-c23296836fdd/org.lz4_lz4-java-1.8.0.jar
[2024-06-27T20:28:59.851+0000] {docker.py:413} INFO - 24/06/27 20:28:59 INFO Executor: Adding file:/tmp/spark-2960dca7-c8ec-48dc-9f32-d36ce78c6a61/userFiles-a1667177-4887-410c-bb90-c23296836fdd/org.lz4_lz4-java-1.8.0.jar to class loader default
[2024-06-27T20:28:59.851+0000] {docker.py:413} INFO - 24/06/27 20:28:59 INFO Executor: Fetching spark://localhost:35193/jars/org.checkerframework_checker-qual-3.5.0.jar with timestamp 1719520139189
[2024-06-27T20:28:59.852+0000] {docker.py:413} INFO - 24/06/27 20:28:59 INFO Utils: Fetching spark://localhost:35193/jars/org.checkerframework_checker-qual-3.5.0.jar to /tmp/spark-2960dca7-c8ec-48dc-9f32-d36ce78c6a61/userFiles-a1667177-4887-410c-bb90-c23296836fdd/fetchFileTemp1200223792650902054.tmp
[2024-06-27T20:28:59.852+0000] {docker.py:413} INFO - 24/06/27 20:28:59 INFO Utils: /tmp/spark-2960dca7-c8ec-48dc-9f32-d36ce78c6a61/userFiles-a1667177-4887-410c-bb90-c23296836fdd/fetchFileTemp1200223792650902054.tmp has been previously copied to /tmp/spark-2960dca7-c8ec-48dc-9f32-d36ce78c6a61/userFiles-a1667177-4887-410c-bb90-c23296836fdd/org.checkerframework_checker-qual-3.5.0.jar
[2024-06-27T20:28:59.854+0000] {docker.py:413} INFO - 24/06/27 20:28:59 INFO Executor: Adding file:/tmp/spark-2960dca7-c8ec-48dc-9f32-d36ce78c6a61/userFiles-a1667177-4887-410c-bb90-c23296836fdd/org.checkerframework_checker-qual-3.5.0.jar to class loader default
[2024-06-27T20:28:59.854+0000] {docker.py:413} INFO - 24/06/27 20:28:59 INFO Executor: Fetching spark://localhost:35193/jars/org.apache.spark_spark-token-provider-kafka-0-10_2.12-3.5.0.jar with timestamp 1719520139189
[2024-06-27T20:28:59.855+0000] {docker.py:413} INFO - 24/06/27 20:28:59 INFO Utils: Fetching spark://localhost:35193/jars/org.apache.spark_spark-token-provider-kafka-0-10_2.12-3.5.0.jar to /tmp/spark-2960dca7-c8ec-48dc-9f32-d36ce78c6a61/userFiles-a1667177-4887-410c-bb90-c23296836fdd/fetchFileTemp13013186472252568712.tmp
[2024-06-27T20:28:59.855+0000] {docker.py:413} INFO - 24/06/27 20:28:59 INFO Utils: /tmp/spark-2960dca7-c8ec-48dc-9f32-d36ce78c6a61/userFiles-a1667177-4887-410c-bb90-c23296836fdd/fetchFileTemp13013186472252568712.tmp has been previously copied to /tmp/spark-2960dca7-c8ec-48dc-9f32-d36ce78c6a61/userFiles-a1667177-4887-410c-bb90-c23296836fdd/org.apache.spark_spark-token-provider-kafka-0-10_2.12-3.5.0.jar
[2024-06-27T20:28:59.857+0000] {docker.py:413} INFO - 24/06/27 20:28:59 INFO Executor: Adding file:/tmp/spark-2960dca7-c8ec-48dc-9f32-d36ce78c6a61/userFiles-a1667177-4887-410c-bb90-c23296836fdd/org.apache.spark_spark-token-provider-kafka-0-10_2.12-3.5.0.jar to class loader default
[2024-06-27T20:28:59.857+0000] {docker.py:413} INFO - 24/06/27 20:28:59 INFO Executor: Fetching spark://localhost:35193/jars/commons-logging_commons-logging-1.1.3.jar with timestamp 1719520139189
[2024-06-27T20:28:59.857+0000] {docker.py:413} INFO - 24/06/27 20:28:59 INFO Utils: Fetching spark://localhost:35193/jars/commons-logging_commons-logging-1.1.3.jar to /tmp/spark-2960dca7-c8ec-48dc-9f32-d36ce78c6a61/userFiles-a1667177-4887-410c-bb90-c23296836fdd/fetchFileTemp7247267882194338939.tmp
[2024-06-27T20:28:59.858+0000] {docker.py:413} INFO - 24/06/27 20:28:59 INFO Utils: /tmp/spark-2960dca7-c8ec-48dc-9f32-d36ce78c6a61/userFiles-a1667177-4887-410c-bb90-c23296836fdd/fetchFileTemp7247267882194338939.tmp has been previously copied to /tmp/spark-2960dca7-c8ec-48dc-9f32-d36ce78c6a61/userFiles-a1667177-4887-410c-bb90-c23296836fdd/commons-logging_commons-logging-1.1.3.jar
[2024-06-27T20:28:59.859+0000] {docker.py:413} INFO - 24/06/27 20:28:59 INFO Executor: Adding file:/tmp/spark-2960dca7-c8ec-48dc-9f32-d36ce78c6a61/userFiles-a1667177-4887-410c-bb90-c23296836fdd/commons-logging_commons-logging-1.1.3.jar to class loader default
[2024-06-27T20:28:59.860+0000] {docker.py:413} INFO - 24/06/27 20:28:59 INFO Executor: Fetching spark://localhost:35193/jars/com.google.code.findbugs_jsr305-3.0.0.jar with timestamp 1719520139189
[2024-06-27T20:28:59.860+0000] {docker.py:413} INFO - 24/06/27 20:28:59 INFO Utils: Fetching spark://localhost:35193/jars/com.google.code.findbugs_jsr305-3.0.0.jar to /tmp/spark-2960dca7-c8ec-48dc-9f32-d36ce78c6a61/userFiles-a1667177-4887-410c-bb90-c23296836fdd/fetchFileTemp4075254027637307147.tmp
[2024-06-27T20:28:59.860+0000] {docker.py:413} INFO - 24/06/27 20:28:59 INFO Utils: /tmp/spark-2960dca7-c8ec-48dc-9f32-d36ce78c6a61/userFiles-a1667177-4887-410c-bb90-c23296836fdd/fetchFileTemp4075254027637307147.tmp has been previously copied to /tmp/spark-2960dca7-c8ec-48dc-9f32-d36ce78c6a61/userFiles-a1667177-4887-410c-bb90-c23296836fdd/com.google.code.findbugs_jsr305-3.0.0.jar
[2024-06-27T20:28:59.862+0000] {docker.py:413} INFO - 24/06/27 20:28:59 INFO Executor: Adding file:/tmp/spark-2960dca7-c8ec-48dc-9f32-d36ce78c6a61/userFiles-a1667177-4887-410c-bb90-c23296836fdd/com.google.code.findbugs_jsr305-3.0.0.jar to class loader default
[2024-06-27T20:28:59.863+0000] {docker.py:413} INFO - 24/06/27 20:28:59 INFO Executor: Fetching spark://localhost:35193/jars/org.slf4j_slf4j-api-2.0.7.jar with timestamp 1719520139189
[2024-06-27T20:28:59.863+0000] {docker.py:413} INFO - 24/06/27 20:28:59 INFO Utils: Fetching spark://localhost:35193/jars/org.slf4j_slf4j-api-2.0.7.jar to /tmp/spark-2960dca7-c8ec-48dc-9f32-d36ce78c6a61/userFiles-a1667177-4887-410c-bb90-c23296836fdd/fetchFileTemp13230421567898746695.tmp
[2024-06-27T20:28:59.863+0000] {docker.py:413} INFO - 24/06/27 20:28:59 INFO Utils: /tmp/spark-2960dca7-c8ec-48dc-9f32-d36ce78c6a61/userFiles-a1667177-4887-410c-bb90-c23296836fdd/fetchFileTemp13230421567898746695.tmp has been previously copied to /tmp/spark-2960dca7-c8ec-48dc-9f32-d36ce78c6a61/userFiles-a1667177-4887-410c-bb90-c23296836fdd/org.slf4j_slf4j-api-2.0.7.jar
[2024-06-27T20:28:59.867+0000] {docker.py:413} INFO - 24/06/27 20:28:59 INFO Executor: Adding file:/tmp/spark-2960dca7-c8ec-48dc-9f32-d36ce78c6a61/userFiles-a1667177-4887-410c-bb90-c23296836fdd/org.slf4j_slf4j-api-2.0.7.jar to class loader default
[2024-06-27T20:28:59.867+0000] {docker.py:413} INFO - 24/06/27 20:28:59 INFO Executor: Fetching spark://localhost:35193/jars/org.apache.commons_commons-pool2-2.11.1.jar with timestamp 1719520139189
[2024-06-27T20:28:59.867+0000] {docker.py:413} INFO - 24/06/27 20:28:59 INFO Utils: Fetching spark://localhost:35193/jars/org.apache.commons_commons-pool2-2.11.1.jar to /tmp/spark-2960dca7-c8ec-48dc-9f32-d36ce78c6a61/userFiles-a1667177-4887-410c-bb90-c23296836fdd/fetchFileTemp2679308989405149678.tmp
[2024-06-27T20:28:59.868+0000] {docker.py:413} INFO - 24/06/27 20:28:59 INFO Utils: /tmp/spark-2960dca7-c8ec-48dc-9f32-d36ce78c6a61/userFiles-a1667177-4887-410c-bb90-c23296836fdd/fetchFileTemp2679308989405149678.tmp has been previously copied to /tmp/spark-2960dca7-c8ec-48dc-9f32-d36ce78c6a61/userFiles-a1667177-4887-410c-bb90-c23296836fdd/org.apache.commons_commons-pool2-2.11.1.jar
[2024-06-27T20:28:59.872+0000] {docker.py:413} INFO - 24/06/27 20:28:59 INFO Executor: Adding file:/tmp/spark-2960dca7-c8ec-48dc-9f32-d36ce78c6a61/userFiles-a1667177-4887-410c-bb90-c23296836fdd/org.apache.commons_commons-pool2-2.11.1.jar to class loader default
[2024-06-27T20:28:59.872+0000] {docker.py:413} INFO - 24/06/27 20:28:59 INFO Executor: Fetching spark://localhost:35193/jars/org.xerial.snappy_snappy-java-1.1.10.3.jar with timestamp 1719520139189
[2024-06-27T20:28:59.873+0000] {docker.py:413} INFO - 24/06/27 20:28:59 INFO Utils: Fetching spark://localhost:35193/jars/org.xerial.snappy_snappy-java-1.1.10.3.jar to /tmp/spark-2960dca7-c8ec-48dc-9f32-d36ce78c6a61/userFiles-a1667177-4887-410c-bb90-c23296836fdd/fetchFileTemp11040721668451162434.tmp
[2024-06-27T20:28:59.877+0000] {docker.py:413} INFO - 24/06/27 20:28:59 INFO Utils: /tmp/spark-2960dca7-c8ec-48dc-9f32-d36ce78c6a61/userFiles-a1667177-4887-410c-bb90-c23296836fdd/fetchFileTemp11040721668451162434.tmp has been previously copied to /tmp/spark-2960dca7-c8ec-48dc-9f32-d36ce78c6a61/userFiles-a1667177-4887-410c-bb90-c23296836fdd/org.xerial.snappy_snappy-java-1.1.10.3.jar
[2024-06-27T20:28:59.879+0000] {docker.py:413} INFO - 24/06/27 20:28:59 INFO Executor: Adding file:/tmp/spark-2960dca7-c8ec-48dc-9f32-d36ce78c6a61/userFiles-a1667177-4887-410c-bb90-c23296836fdd/org.xerial.snappy_snappy-java-1.1.10.3.jar to class loader default
[2024-06-27T20:28:59.886+0000] {docker.py:413} INFO - 24/06/27 20:28:59 INFO Utils: Successfully started service 'org.apache.spark.network.netty.NettyBlockTransferService' on port 33915.
24/06/27 20:28:59 INFO NettyBlockTransferService: Server created on localhost:33915
[2024-06-27T20:28:59.887+0000] {docker.py:413} INFO - 24/06/27 20:28:59 INFO BlockManager: Using org.apache.spark.storage.RandomBlockReplicationPolicy for block replication policy
[2024-06-27T20:28:59.890+0000] {docker.py:413} INFO - 24/06/27 20:28:59 INFO BlockManagerMaster: Registering BlockManager BlockManagerId(driver, localhost, 33915, None)
[2024-06-27T20:28:59.892+0000] {docker.py:413} INFO - 24/06/27 20:28:59 INFO BlockManagerMasterEndpoint: Registering block manager localhost:33915 with 434.4 MiB RAM, BlockManagerId(driver, localhost, 33915, None)
[2024-06-27T20:28:59.894+0000] {docker.py:413} INFO - 24/06/27 20:28:59 INFO BlockManagerMaster: Registered BlockManager BlockManagerId(driver, localhost, 33915, None)
[2024-06-27T20:28:59.894+0000] {docker.py:413} INFO - 24/06/27 20:28:59 INFO BlockManager: Initialized BlockManager: BlockManagerId(driver, localhost, 33915, None)
[2024-06-27T20:29:00.113+0000] {docker.py:413} INFO - 2024-06-27 20:29:00,112:create_spark_session:INFO:Spark session created successfully
[2024-06-27T20:29:00.117+0000] {docker.py:413} INFO - 24/06/27 20:29:00 INFO SharedState: Setting hive.metastore.warehouse.dir ('null') to the value of spark.sql.warehouse.dir.
[2024-06-27T20:29:00.118+0000] {docker.py:413} INFO - 24/06/27 20:29:00 INFO SharedState: Warehouse path is 'file:/opt/bitnami/spark/spark-warehouse'.
[2024-06-27T20:29:00.881+0000] {docker.py:413} INFO - 2024-06-27 20:29:00,880:create_initial_dataframe:INFO:Initial dataframe created successfully
[2024-06-27T20:29:01.096+0000] {docker.py:413} INFO - Traceback (most recent call last):
  File "/opt/bitnami/spark/spark_streaming.py", line 103, in <module>
[2024-06-27T20:29:01.097+0000] {docker.py:413} INFO - write_to_postgres()
  File "/opt/bitnami/spark/spark_streaming.py", line 99, in write_to_postgres
[2024-06-27T20:29:01.097+0000] {docker.py:413} INFO - start_streaming(df_final, spark=spark)
  File "/opt/bitnami/spark/spark_streaming.py", line 71, in start_streaming
[2024-06-27T20:29:01.098+0000] {docker.py:413} INFO - existing_data_df = spark.read.jdbc(
                       ^^^^^^^^^^^^^^^^
  File "/opt/bitnami/spark/python/lib/pyspark.zip/pyspark/sql/readwriter.py", line 946, in jdbc
[2024-06-27T20:29:01.098+0000] {docker.py:413} INFO - File "/opt/bitnami/spark/python/lib/py4j-0.10.9.7-src.zip/py4j/java_gateway.py", line 1322, in __call__
[2024-06-27T20:29:01.098+0000] {docker.py:413} INFO - File "/opt/bitnami/spark/python/lib/pyspark.zip/pyspark/errors/exceptions/captured.py", line 179, in deco
[2024-06-27T20:29:01.098+0000] {docker.py:413} INFO - File "/opt/bitnami/spark/python/lib/py4j-0.10.9.7-src.zip/py4j/protocol.py", line 326, in get_return_value
[2024-06-27T20:29:01.098+0000] {docker.py:413} INFO - py4j.protocol.Py4JJavaError
[2024-06-27T20:29:01.099+0000] {docker.py:413} INFO - : An error occurred while calling o50.jdbc.
: org.postgresql.util.PSQLException: Connection to host.docker.internal:5432 refused. Check that the hostname and port are correct and that the postmaster is accepting TCP/IP connections.
	at org.postgresql.core.v3.ConnectionFactoryImpl.openConnectionImpl(ConnectionFactoryImpl.java:342)
	at org.postgresql.core.ConnectionFactory.openConnection(ConnectionFactory.java:54)
	at org.postgresql.jdbc.PgConnection.<init>(PgConnection.java:253)
	at org.postgresql.Driver.makeConnection(Driver.java:434)
	at org.postgresql.Driver.connect(Driver.java:291)
	at org.apache.spark.sql.execution.datasources.jdbc.connection.BasicConnectionProvider.getConnection(BasicConnectionProvider.scala:49)
	at org.apache.spark.sql.execution.datasources.jdbc.connection.ConnectionProviderBase.create(ConnectionProvider.scala:102)
	at org.apache.spark.sql.jdbc.JdbcDialect.$anonfun$createConnectionFactory$1(JdbcDialects.scala:160)
	at org.apache.spark.sql.jdbc.JdbcDialect.$anonfun$createConnectionFactory$1$adapted(JdbcDialects.scala:156)
	at org.apache.spark.sql.execution.datasources.jdbc.JDBCRDD$.getQueryOutputSchema(JDBCRDD.scala:63)
	at org.apache.spark.sql.execution.datasources.jdbc.JDBCRDD$.resolveTable(JDBCRDD.scala:58)
	at org.apache.spark.sql.execution.datasources.jdbc.JDBCRelation$.getSchema(JDBCRelation.scala:241)
	at org.apache.spark.sql.execution.datasources.jdbc.JdbcRelationProvider.createRelation(JdbcRelationProvider.scala:37)
	at org.apache.spark.sql.execution.datasources.DataSource.resolveRelation(DataSource.scala:346)
	at org.apache.spark.sql.DataFrameReader.loadV1Source(DataFrameReader.scala:229)
	at org.apache.spark.sql.DataFrameReader.$anonfun$load$2(DataFrameReader.scala:211)
	at scala.Option.getOrElse(Option.scala:189)
	at org.apache.spark.sql.DataFrameReader.load(DataFrameReader.scala:211)
	at org.apache.spark.sql.DataFrameReader.load(DataFrameReader.scala:172)
	at org.apache.spark.sql.DataFrameReader.jdbc(DataFrameReader.scala:249)
	at java.base/jdk.internal.reflect.NativeMethodAccessorImpl.invoke0(Native Method)
	at java.base/jdk.internal.reflect.NativeMethodAccessorImpl.invoke(NativeMethodAccessorImpl.java:77)
	at java.base/jdk.internal.reflect.DelegatingMethodAccessorImpl.invoke(DelegatingMethodAccessorImpl.java:43)
	at java.base/java.lang.reflect.Method.invoke(Method.java:568)
	at py4j.reflection.MethodInvoker.invoke(MethodInvoker.java:244)
	at py4j.reflection.ReflectionEngine.invoke(ReflectionEngine.java:374)
	at py4j.Gateway.invoke(Gateway.java:282)
	at py4j.commands.AbstractCommand.invokeMethod(AbstractCommand.java:132)
	at py4j.commands.CallCommand.execute(CallCommand.java:79)
	at py4j.ClientServerConnection.waitForCommands(ClientServerConnection.java:182)
	at py4j.ClientServerConnection.run(ClientServerConnection.java:106)
	at java.base/java.lang.Thread.run(Thread.java:840)
Caused by: java.net.ConnectException: Connection refused
	at java.base/sun.nio.ch.Net.pollConnect(Native Method)
	at java.base/sun.nio.ch.Net.pollConnectNow(Net.java:672)
	at java.base/sun.nio.ch.NioSocketImpl.timedFinishConnect(NioSocketImpl.java:554)
	at java.base/sun.nio.ch.NioSocketImpl.connect(NioSocketImpl.java:602)
	at java.base/java.net.SocksSocketImpl.connect(SocksSocketImpl.java:327)
	at java.base/java.net.Socket.connect(Socket.java:633)
	at org.postgresql.core.PGStream.createSocket(PGStream.java:243)
	at org.postgresql.core.PGStream.<init>(PGStream.java:98)
	at org.postgresql.core.v3.ConnectionFactoryImpl.tryConnect(ConnectionFactoryImpl.java:132)
	at org.postgresql.core.v3.ConnectionFactoryImpl.openConnectionImpl(ConnectionFactoryImpl.java:258)
	... 31 more
[2024-06-27T20:29:01.099+0000] {docker.py:413} INFO - 2024-06-27 20:29:01,097:close:INFO:Closing down clientserver connection
[2024-06-27T20:29:01.120+0000] {docker.py:413} INFO - 24/06/27 20:29:01 INFO SparkContext: Invoking stop() from shutdown hook
[2024-06-27T20:29:01.121+0000] {docker.py:413} INFO - 24/06/27 20:29:01 INFO SparkContext: SparkContext is stopping with exitCode 0.
[2024-06-27T20:29:01.126+0000] {docker.py:413} INFO - 24/06/27 20:29:01 INFO SparkUI: Stopped Spark web UI at http://localhost:4040
[2024-06-27T20:29:01.135+0000] {docker.py:413} INFO - 24/06/27 20:29:01 INFO MapOutputTrackerMasterEndpoint: MapOutputTrackerMasterEndpoint stopped!
[2024-06-27T20:29:01.141+0000] {docker.py:413} INFO - 24/06/27 20:29:01 INFO MemoryStore: MemoryStore cleared
[2024-06-27T20:29:01.142+0000] {docker.py:413} INFO - 24/06/27 20:29:01 INFO BlockManager: BlockManager stopped
[2024-06-27T20:29:01.144+0000] {docker.py:413} INFO - 24/06/27 20:29:01 INFO BlockManagerMaster: BlockManagerMaster stopped
[2024-06-27T20:29:01.146+0000] {docker.py:413} INFO - 24/06/27 20:29:01 INFO OutputCommitCoordinator$OutputCommitCoordinatorEndpoint: OutputCommitCoordinator stopped!
[2024-06-27T20:29:01.154+0000] {docker.py:413} INFO - 24/06/27 20:29:01 INFO SparkContext: Successfully stopped SparkContext
[2024-06-27T20:29:01.154+0000] {docker.py:413} INFO - 24/06/27 20:29:01 INFO ShutdownHookManager: Shutdown hook called
[2024-06-27T20:29:01.154+0000] {docker.py:413} INFO - 24/06/27 20:29:01 INFO ShutdownHookManager: Deleting directory /tmp/spark-2960dca7-c8ec-48dc-9f32-d36ce78c6a61/pyspark-3a490d09-be96-4e8b-b900-1b428d296748
[2024-06-27T20:29:01.155+0000] {docker.py:413} INFO - 24/06/27 20:29:01 INFO ShutdownHookManager: Deleting directory /tmp/spark-2960dca7-c8ec-48dc-9f32-d36ce78c6a61
[2024-06-27T20:29:01.156+0000] {docker.py:413} INFO - 24/06/27 20:29:01 INFO ShutdownHookManager: Deleting directory /tmp/spark-29d53220-b05b-489d-9f90-8774e68cea3a
[2024-06-27T20:29:01.399+0000] {taskinstance.py:1937} ERROR - Task failed with exception
Traceback (most recent call last):
  File "/home/airflow/.local/lib/python3.8/site-packages/docker/api/client.py", line 268, in _raise_for_status
    response.raise_for_status()
  File "/home/airflow/.local/lib/python3.8/site-packages/requests/models.py", line 1021, in raise_for_status
    raise HTTPError(http_error_msg, response=self)
requests.exceptions.HTTPError: 400 Client Error: Bad Request for url: http://docker-proxy:2375/v1.44/containers/create

The above exception was the direct cause of the following exception:

Traceback (most recent call last):
  File "/home/airflow/.local/lib/python3.8/site-packages/airflow/providers/docker/operators/docker.py", line 348, in _run_image
    return self._run_image_with_mounts([*self.mounts, tmp_mount], add_tmp_variable=True)
  File "/home/airflow/.local/lib/python3.8/site-packages/airflow/providers/docker/operators/docker.py", line 375, in _run_image_with_mounts
    self.container = self.cli.create_container(
  File "/home/airflow/.local/lib/python3.8/site-packages/docker/api/container.py", line 431, in create_container
    return self.create_container_from_config(config, name, platform)
  File "/home/airflow/.local/lib/python3.8/site-packages/docker/api/container.py", line 448, in create_container_from_config
    return self._result(res, True)
  File "/home/airflow/.local/lib/python3.8/site-packages/docker/api/client.py", line 274, in _result
    self._raise_for_status(response)
  File "/home/airflow/.local/lib/python3.8/site-packages/docker/api/client.py", line 270, in _raise_for_status
    raise create_api_error_from_http_exception(e) from e
  File "/home/airflow/.local/lib/python3.8/site-packages/docker/errors.py", line 39, in create_api_error_from_http_exception
    raise cls(e, response=response, explanation=explanation) from e
docker.errors.APIError: 400 Client Error for http://docker-proxy:2375/v1.44/containers/create: Bad Request ("invalid mount config for type "bind": bind source path does not exist: /host_mnt/private/tmp/airflowtmpy4edqy1d")

During handling of the above exception, another exception occurred:

Traceback (most recent call last):
  File "/home/airflow/.local/lib/python3.8/site-packages/airflow/providers/docker/operators/docker.py", line 486, in execute
    return self._run_image()
  File "/home/airflow/.local/lib/python3.8/site-packages/airflow/providers/docker/operators/docker.py", line 357, in _run_image
    return self._run_image_with_mounts(self.mounts, add_tmp_variable=False)
  File "/home/airflow/.local/lib/python3.8/site-packages/airflow/providers/docker/operators/docker.py", line 421, in _run_image_with_mounts
    raise DockerContainerFailedException(f"Docker container failed: {result!r}", logs=log_lines)
airflow.providers.docker.exceptions.DockerContainerFailedException: Docker container failed: {'StatusCode': 1}
[2024-06-27T20:29:01.402+0000] {taskinstance.py:1400} INFO - Marking task as UP_FOR_RETRY. dag_id=kafka_spark_dag, task_id=pyspark_consumer, execution_date=20240627T185942, start_date=20240627T202841, end_date=20240627T202901
[2024-06-27T20:29:01.409+0000] {standard_task_runner.py:104} ERROR - Failed to execute job 148 for task pyspark_consumer (Docker container failed: {'StatusCode': 1}; 32273)
[2024-06-27T20:29:01.427+0000] {local_task_job_runner.py:228} INFO - Task exited with return code 1
[2024-06-27T20:29:01.442+0000] {taskinstance.py:2778} INFO - 0 downstream tasks scheduled from follow-on schedule check
