[2024-06-27T07:31:51.091+0000] {taskinstance.py:1159} INFO - Dependencies all met for dep_context=non-requeueable deps ti=<TaskInstance: kafka_spark_dag.pyspark_consumer manual__2024-06-27T07:31:48.559193+00:00 [queued]>
[2024-06-27T07:31:51.095+0000] {taskinstance.py:1159} INFO - Dependencies all met for dep_context=requeueable deps ti=<TaskInstance: kafka_spark_dag.pyspark_consumer manual__2024-06-27T07:31:48.559193+00:00 [queued]>
[2024-06-27T07:31:51.095+0000] {taskinstance.py:1361} INFO - Starting attempt 1 of 2
[2024-06-27T07:31:51.101+0000] {taskinstance.py:1382} INFO - Executing <Task(DockerOperator): pyspark_consumer> on 2024-06-27 07:31:48.559193+00:00
[2024-06-27T07:31:51.103+0000] {standard_task_runner.py:57} INFO - Started process 2124 to run task
[2024-06-27T07:31:51.106+0000] {standard_task_runner.py:84} INFO - Running: ['***', 'tasks', 'run', 'kafka_spark_dag', 'pyspark_consumer', 'manual__2024-06-27T07:31:48.559193+00:00', '--job-id', '113', '--raw', '--subdir', 'DAGS_FOLDER/dag_kafka_spark.py', '--cfg-path', '/tmp/tmpv8pe28e4']
[2024-06-27T07:31:51.107+0000] {standard_task_runner.py:85} INFO - Job 113: Subtask pyspark_consumer
[2024-06-27T07:31:51.129+0000] {task_command.py:416} INFO - Running <TaskInstance: kafka_spark_dag.pyspark_consumer manual__2024-06-27T07:31:48.559193+00:00 [running]> on host cd176cdca805
[2024-06-27T07:31:51.161+0000] {taskinstance.py:1662} INFO - Exporting env vars: AIRFLOW_CTX_DAG_OWNER='***' AIRFLOW_CTX_DAG_ID='kafka_spark_dag' AIRFLOW_CTX_TASK_ID='pyspark_consumer' AIRFLOW_CTX_EXECUTION_DATE='2024-06-27T07:31:48.559193+00:00' AIRFLOW_CTX_TRY_NUMBER='1' AIRFLOW_CTX_DAG_RUN_ID='manual__2024-06-27T07:31:48.559193+00:00'
[2024-06-27T07:31:51.177+0000] {docker.py:343} INFO - Starting docker container from image current-headlines/spark:latest
[2024-06-27T07:31:51.185+0000] {docker.py:351} WARNING - Using remote engine or docker-in-docker and mounting temporary volume from host is not supported. Falling back to `mount_tmp_dir=False` mode. You can set `mount_tmp_dir` parameter to False to disable mounting and remove the warning
[2024-06-27T07:31:51.442+0000] {docker.py:413} INFO - [38;5;6mspark [38;5;5m07:31:51.44 [0m[38;5;2mINFO [0m ==>
[2024-06-27T07:31:51.443+0000] {docker.py:413} INFO - [38;5;6mspark [38;5;5m07:31:51.44 [0m[38;5;2mINFO [0m ==> [1mWelcome to the Bitnami spark container[0m
[2024-06-27T07:31:51.444+0000] {docker.py:413} INFO - [38;5;6mspark [38;5;5m07:31:51.44 [0m[38;5;2mINFO [0m ==> Subscribe to project updates by watching [1mhttps://github.com/bitnami/containers[0m
[2024-06-27T07:31:51.444+0000] {docker.py:413} INFO - [38;5;6mspark [38;5;5m07:31:51.44 [0m[38;5;2mINFO [0m ==> Submit issues and feature requests at [1mhttps://github.com/bitnami/containers/issues[0m
[2024-06-27T07:31:51.445+0000] {docker.py:413} INFO - [38;5;6mspark [38;5;5m07:31:51.44 [0m[38;5;2mINFO [0m ==>
[2024-06-27T07:31:51.453+0000] {docker.py:413} INFO - 
[2024-06-27T07:31:52.682+0000] {docker.py:413} INFO - :: loading settings :: url = jar:file:/opt/bitnami/spark/jars/ivy-2.5.1.jar!/org/apache/ivy/core/settings/ivysettings.xml
[2024-06-27T07:31:52.723+0000] {docker.py:413} INFO - Ivy Default Cache set to: /opt/bitnami/spark/.ivy2/cache
The jars for the packages stored in: /opt/bitnami/spark/.ivy2/jars
[2024-06-27T07:31:52.725+0000] {docker.py:413} INFO - org.postgresql#postgresql added as a dependency
org.apache.spark#spark-sql-kafka-0-10_2.12 added as a dependency
[2024-06-27T07:31:52.725+0000] {docker.py:413} INFO - :: resolving dependencies :: org.apache.spark#spark-submit-parent-052ae881-ff64-412d-8d55-36dfa7ce02e2;1.0
	confs: [default]
[2024-06-27T07:31:53.195+0000] {docker.py:413} INFO - found org.postgresql#postgresql;42.5.4 in central
[2024-06-27T07:31:53.224+0000] {docker.py:413} INFO - found org.checkerframework#checker-qual;3.5.0 in central
[2024-06-27T07:31:53.574+0000] {docker.py:413} INFO - found org.apache.spark#spark-sql-kafka-0-10_2.12;3.5.0 in central
[2024-06-27T07:31:53.713+0000] {docker.py:413} INFO - found org.apache.spark#spark-token-provider-kafka-0-10_2.12;3.5.0 in central
[2024-06-27T07:31:53.742+0000] {docker.py:413} INFO - found org.apache.kafka#kafka-clients;3.4.1 in central
[2024-06-27T07:31:53.779+0000] {docker.py:413} INFO - found org.lz4#lz4-java;1.8.0 in central
[2024-06-27T07:31:53.814+0000] {docker.py:413} INFO - found org.xerial.snappy#snappy-java;1.1.10.3 in central
[2024-06-27T07:31:54.007+0000] {docker.py:413} INFO - found org.slf4j#slf4j-api;2.0.7 in central
[2024-06-27T07:31:54.262+0000] {docker.py:413} INFO - found org.apache.hadoop#hadoop-client-runtime;3.3.4 in central
[2024-06-27T07:31:54.306+0000] {docker.py:413} INFO - found org.apache.hadoop#hadoop-client-api;3.3.4 in central
[2024-06-27T07:31:54.692+0000] {docker.py:413} INFO - found commons-logging#commons-logging;1.1.3 in central
[2024-06-27T07:31:54.722+0000] {docker.py:413} INFO - found com.google.code.findbugs#jsr305;3.0.0 in central
[2024-06-27T07:31:54.990+0000] {docker.py:413} INFO - found org.apache.commons#commons-pool2;2.11.1 in central
[2024-06-27T07:31:55.009+0000] {docker.py:413} INFO - downloading https://repo1.maven.org/maven2/org/postgresql/postgresql/42.5.4/postgresql-42.5.4.jar ...
[2024-06-27T07:31:55.063+0000] {docker.py:413} INFO - [SUCCESSFUL ] org.postgresql#postgresql;42.5.4!postgresql.jar (68ms)
[2024-06-27T07:31:55.074+0000] {docker.py:413} INFO - downloading https://repo1.maven.org/maven2/org/apache/spark/spark-sql-kafka-0-10_2.12/3.5.0/spark-sql-kafka-0-10_2.12-3.5.0.jar ...
[2024-06-27T07:31:55.093+0000] {docker.py:413} INFO - [SUCCESSFUL ] org.apache.spark#spark-sql-kafka-0-10_2.12;3.5.0!spark-sql-kafka-0-10_2.12.jar (30ms)
[2024-06-27T07:31:55.106+0000] {docker.py:413} INFO - downloading https://repo1.maven.org/maven2/org/checkerframework/checker-qual/3.5.0/checker-qual-3.5.0.jar ...
[2024-06-27T07:31:55.120+0000] {docker.py:413} INFO - [SUCCESSFUL ] org.checkerframework#checker-qual;3.5.0!checker-qual.jar (27ms)
[2024-06-27T07:31:55.137+0000] {docker.py:413} INFO - downloading https://repo1.maven.org/maven2/org/apache/spark/spark-token-provider-kafka-0-10_2.12/3.5.0/spark-token-provider-kafka-0-10_2.12-3.5.0.jar ...
[2024-06-27T07:31:55.148+0000] {docker.py:413} INFO - [SUCCESSFUL ] org.apache.spark#spark-token-provider-kafka-0-10_2.12;3.5.0!spark-token-provider-kafka-0-10_2.12.jar (27ms)
[2024-06-27T07:31:55.163+0000] {docker.py:413} INFO - downloading https://repo1.maven.org/maven2/org/apache/kafka/kafka-clients/3.4.1/kafka-clients-3.4.1.jar ...
[2024-06-27T07:31:55.289+0000] {docker.py:413} INFO - [SUCCESSFUL ] org.apache.kafka#kafka-clients;3.4.1!kafka-clients.jar (140ms)
[2024-06-27T07:31:55.297+0000] {docker.py:413} INFO - downloading https://repo1.maven.org/maven2/com/google/code/findbugs/jsr305/3.0.0/jsr305-3.0.0.jar ...
[2024-06-27T07:31:55.309+0000] {docker.py:413} INFO - [SUCCESSFUL ] com.google.code.findbugs#jsr305;3.0.0!jsr305.jar (19ms)
[2024-06-27T07:31:55.322+0000] {docker.py:413} INFO - downloading https://repo1.maven.org/maven2/org/apache/commons/commons-pool2/2.11.1/commons-pool2-2.11.1.jar ...
[2024-06-27T07:31:55.335+0000] {docker.py:413} INFO - [SUCCESSFUL ] org.apache.commons#commons-pool2;2.11.1!commons-pool2.jar (25ms)
[2024-06-27T07:31:55.344+0000] {docker.py:413} INFO - downloading https://repo1.maven.org/maven2/org/apache/hadoop/hadoop-client-runtime/3.3.4/hadoop-client-runtime-3.3.4.jar ...
[2024-06-27T07:31:56.050+0000] {docker.py:413} INFO - [SUCCESSFUL ] org.apache.hadoop#hadoop-client-runtime;3.3.4!hadoop-client-runtime.jar (714ms)
[2024-06-27T07:31:56.063+0000] {docker.py:413} INFO - downloading https://repo1.maven.org/maven2/org/lz4/lz4-java/1.8.0/lz4-java-1.8.0.jar ...
[2024-06-27T07:31:56.085+0000] {docker.py:413} INFO - [SUCCESSFUL ] org.lz4#lz4-java;1.8.0!lz4-java.jar (35ms)
[2024-06-27T07:31:56.100+0000] {docker.py:413} INFO - downloading https://repo1.maven.org/maven2/org/xerial/snappy/snappy-java/1.1.10.3/snappy-java-1.1.10.3.jar ...
[2024-06-27T07:31:56.149+0000] {docker.py:413} INFO - [SUCCESSFUL ] org.xerial.snappy#snappy-java;1.1.10.3!snappy-java.jar(bundle) (64ms)
[2024-06-27T07:31:56.160+0000] {docker.py:413} INFO - downloading https://repo1.maven.org/maven2/org/slf4j/slf4j-api/2.0.7/slf4j-api-2.0.7.jar ...
[2024-06-27T07:31:56.173+0000] {docker.py:413} INFO - [SUCCESSFUL ] org.slf4j#slf4j-api;2.0.7!slf4j-api.jar (24ms)
[2024-06-27T07:31:56.182+0000] {docker.py:413} INFO - downloading https://repo1.maven.org/maven2/org/apache/hadoop/hadoop-client-api/3.3.4/hadoop-client-api-3.3.4.jar ...
[2024-06-27T07:31:56.589+0000] {docker.py:413} INFO - [SUCCESSFUL ] org.apache.hadoop#hadoop-client-api;3.3.4!hadoop-client-api.jar (415ms)
[2024-06-27T07:31:56.598+0000] {docker.py:413} INFO - downloading https://repo1.maven.org/maven2/commons-logging/commons-logging/1.1.3/commons-logging-1.1.3.jar ...
[2024-06-27T07:31:56.612+0000] {docker.py:413} INFO - [SUCCESSFUL ] commons-logging#commons-logging;1.1.3!commons-logging.jar (23ms)
[2024-06-27T07:31:56.613+0000] {docker.py:413} INFO - :: resolution report :: resolve 2269ms :: artifacts dl 1618ms
[2024-06-27T07:31:56.613+0000] {docker.py:413} INFO - :: modules in use:
[2024-06-27T07:31:56.614+0000] {docker.py:413} INFO - com.google.code.findbugs#jsr305;3.0.0 from central in [default]
	commons-logging#commons-logging;1.1.3 from central in [default]
[2024-06-27T07:31:56.614+0000] {docker.py:413} INFO - org.apache.commons#commons-pool2;2.11.1 from central in [default]
[2024-06-27T07:31:56.614+0000] {docker.py:413} INFO - org.apache.hadoop#hadoop-client-api;3.3.4 from central in [default]
	org.apache.hadoop#hadoop-client-runtime;3.3.4 from central in [default]
	org.apache.kafka#kafka-clients;3.4.1 from central in [default]
	org.apache.spark#spark-sql-kafka-0-10_2.12;3.5.0 from central in [default]
	org.apache.spark#spark-token-provider-kafka-0-10_2.12;3.5.0 from central in [default]
	org.checkerframework#checker-qual;3.5.0 from central in [default]
	org.lz4#lz4-java;1.8.0 from central in [default]
[2024-06-27T07:31:56.614+0000] {docker.py:413} INFO - org.postgresql#postgresql;42.5.4 from central in [default]
	org.slf4j#slf4j-api;2.0.7 from central in [default]
	org.xerial.snappy#snappy-java;1.1.10.3 from central in [default]
[2024-06-27T07:31:56.615+0000] {docker.py:413} INFO - ---------------------------------------------------------------------
	|                  |            modules            ||   artifacts   |
[2024-06-27T07:31:56.615+0000] {docker.py:413} INFO - |       conf       | number| search|dwnlded|evicted|| number|dwnlded|
	---------------------------------------------------------------------
[2024-06-27T07:31:56.615+0000] {docker.py:413} INFO - |      default     |   13  |   13  |   13  |   0   ||   13  |   13  |
	---------------------------------------------------------------------
[2024-06-27T07:31:56.617+0000] {docker.py:413} INFO - :: retrieving :: org.apache.spark#spark-submit-parent-052ae881-ff64-412d-8d55-36dfa7ce02e2
[2024-06-27T07:31:56.617+0000] {docker.py:413} INFO - confs: [default]
[2024-06-27T07:31:56.661+0000] {docker.py:413} INFO - 13 artifacts copied, 0 already retrieved (58001kB/44ms)
[2024-06-27T07:31:56.782+0000] {docker.py:413} INFO - 24/06/27 07:31:56 WARN NativeCodeLoader: Unable to load native-hadoop library for your platform... using builtin-java classes where applicable
[2024-06-27T07:31:57.432+0000] {docker.py:413} INFO - 24/06/27 07:31:57 INFO SparkContext: Running Spark version 3.5.0
[2024-06-27T07:31:57.432+0000] {docker.py:413} INFO - 24/06/27 07:31:57 INFO SparkContext: OS info Linux, 6.6.12-linuxkit, aarch64
[2024-06-27T07:31:57.433+0000] {docker.py:413} INFO - 24/06/27 07:31:57 INFO SparkContext: Java version 17.0.10
[2024-06-27T07:31:57.445+0000] {docker.py:413} INFO - 24/06/27 07:31:57 INFO ResourceUtils: ==============================================================
[2024-06-27T07:31:57.445+0000] {docker.py:413} INFO - 24/06/27 07:31:57 INFO ResourceUtils: No custom resources configured for spark.driver.
[2024-06-27T07:31:57.445+0000] {docker.py:413} INFO - 24/06/27 07:31:57 INFO ResourceUtils: ==============================================================
[2024-06-27T07:31:57.445+0000] {docker.py:413} INFO - 24/06/27 07:31:57 INFO SparkContext: Submitted application: PostgreSQL Connection with PySpark
[2024-06-27T07:31:57.476+0000] {docker.py:413} INFO - 24/06/27 07:31:57 INFO ResourceProfile: Default ResourceProfile created, executor resources: Map(cores -> name: cores, amount: 1, script: , vendor: , memory -> name: memory, amount: 1024, script: , vendor: , offHeap -> name: offHeap, amount: 0, script: , vendor: ), task resources: Map(cpus -> name: cpus, amount: 1.0)
[2024-06-27T07:31:57.484+0000] {docker.py:413} INFO - 24/06/27 07:31:57 INFO ResourceProfile: Limiting resource is cpu
[2024-06-27T07:31:57.484+0000] {docker.py:413} INFO - 24/06/27 07:31:57 INFO ResourceProfileManager: Added ResourceProfile id: 0
[2024-06-27T07:31:57.525+0000] {docker.py:413} INFO - 24/06/27 07:31:57 INFO SecurityManager: Changing view acls to: spark
[2024-06-27T07:31:57.525+0000] {docker.py:413} INFO - 24/06/27 07:31:57 INFO SecurityManager: Changing modify acls to: spark
[2024-06-27T07:31:57.526+0000] {docker.py:413} INFO - 24/06/27 07:31:57 INFO SecurityManager: Changing view acls groups to:
[2024-06-27T07:31:57.526+0000] {docker.py:413} INFO - 24/06/27 07:31:57 INFO SecurityManager: Changing modify acls groups to:
[2024-06-27T07:31:57.526+0000] {docker.py:413} INFO - 24/06/27 07:31:57 INFO SecurityManager: SecurityManager: authentication disabled; ui acls disabled; users with view permissions: spark; groups with view permissions: EMPTY; users with modify permissions: spark; groups with modify permissions: EMPTY
[2024-06-27T07:31:57.650+0000] {docker.py:413} INFO - 24/06/27 07:31:57 INFO Utils: Successfully started service 'sparkDriver' on port 32939.
[2024-06-27T07:31:57.671+0000] {docker.py:413} INFO - 24/06/27 07:31:57 INFO SparkEnv: Registering MapOutputTracker
[2024-06-27T07:31:57.703+0000] {docker.py:413} INFO - 24/06/27 07:31:57 INFO SparkEnv: Registering BlockManagerMaster
[2024-06-27T07:31:57.714+0000] {docker.py:413} INFO - 24/06/27 07:31:57 INFO BlockManagerMasterEndpoint: Using org.apache.spark.storage.DefaultTopologyMapper for getting topology information
[2024-06-27T07:31:57.714+0000] {docker.py:413} INFO - 24/06/27 07:31:57 INFO BlockManagerMasterEndpoint: BlockManagerMasterEndpoint up
[2024-06-27T07:31:57.717+0000] {docker.py:413} INFO - 24/06/27 07:31:57 INFO SparkEnv: Registering BlockManagerMasterHeartbeat
[2024-06-27T07:31:57.732+0000] {docker.py:413} INFO - 24/06/27 07:31:57 INFO DiskBlockManager: Created local directory at /tmp/blockmgr-cf2e6e43-afba-40f2-979a-f37eb37ba1bf
[2024-06-27T07:31:57.746+0000] {docker.py:413} INFO - 24/06/27 07:31:57 INFO MemoryStore: MemoryStore started with capacity 434.4 MiB
[2024-06-27T07:31:57.754+0000] {docker.py:413} INFO - 24/06/27 07:31:57 INFO SparkEnv: Registering OutputCommitCoordinator
[2024-06-27T07:31:57.838+0000] {docker.py:413} INFO - 24/06/27 07:31:57 INFO JettyUtils: Start Jetty 0.0.0.0:4040 for SparkUI
[2024-06-27T07:31:57.881+0000] {docker.py:413} INFO - 24/06/27 07:31:57 INFO Utils: Successfully started service 'SparkUI' on port 4040.
[2024-06-27T07:31:57.901+0000] {docker.py:413} INFO - 24/06/27 07:31:57 INFO SparkContext: Added JAR file:///opt/bitnami/spark/.ivy2/jars/org.postgresql_postgresql-42.5.4.jar at spark://localhost:32939/jars/org.postgresql_postgresql-42.5.4.jar with timestamp 1719473517427
24/06/27 07:31:57 INFO SparkContext: Added JAR file:///opt/bitnami/spark/.ivy2/jars/org.apache.spark_spark-sql-kafka-0-10_2.12-3.5.0.jar at spark://localhost:32939/jars/org.apache.spark_spark-sql-kafka-0-10_2.12-3.5.0.jar with timestamp 1719473517427
[2024-06-27T07:31:57.902+0000] {docker.py:413} INFO - 24/06/27 07:31:57 INFO SparkContext: Added JAR file:///opt/bitnami/spark/.ivy2/jars/org.checkerframework_checker-qual-3.5.0.jar at spark://localhost:32939/jars/org.checkerframework_checker-qual-3.5.0.jar with timestamp 1719473517427
[2024-06-27T07:31:57.902+0000] {docker.py:413} INFO - 24/06/27 07:31:57 INFO SparkContext: Added JAR file:///opt/bitnami/spark/.ivy2/jars/org.apache.spark_spark-token-provider-kafka-0-10_2.12-3.5.0.jar at spark://localhost:32939/jars/org.apache.spark_spark-token-provider-kafka-0-10_2.12-3.5.0.jar with timestamp 1719473517427
[2024-06-27T07:31:57.902+0000] {docker.py:413} INFO - 24/06/27 07:31:57 INFO SparkContext: Added JAR file:///opt/bitnami/spark/.ivy2/jars/org.apache.kafka_kafka-clients-3.4.1.jar at spark://localhost:32939/jars/org.apache.kafka_kafka-clients-3.4.1.jar with timestamp 1719473517427
24/06/27 07:31:57 INFO SparkContext: Added JAR file:///opt/bitnami/spark/.ivy2/jars/com.google.code.findbugs_jsr305-3.0.0.jar at spark://localhost:32939/jars/com.google.code.findbugs_jsr305-3.0.0.jar with timestamp 1719473517427
[2024-06-27T07:31:57.903+0000] {docker.py:413} INFO - 24/06/27 07:31:57 INFO SparkContext: Added JAR file:///opt/bitnami/spark/.ivy2/jars/org.apache.commons_commons-pool2-2.11.1.jar at spark://localhost:32939/jars/org.apache.commons_commons-pool2-2.11.1.jar with timestamp 1719473517427
24/06/27 07:31:57 INFO SparkContext: Added JAR file:///opt/bitnami/spark/.ivy2/jars/org.apache.hadoop_hadoop-client-runtime-3.3.4.jar at spark://localhost:32939/jars/org.apache.hadoop_hadoop-client-runtime-3.3.4.jar with timestamp 1719473517427
24/06/27 07:31:57 INFO SparkContext: Added JAR file:///opt/bitnami/spark/.ivy2/jars/org.lz4_lz4-java-1.8.0.jar at spark://localhost:32939/jars/org.lz4_lz4-java-1.8.0.jar with timestamp 1719473517427
[2024-06-27T07:31:57.903+0000] {docker.py:413} INFO - 24/06/27 07:31:57 INFO SparkContext: Added JAR file:///opt/bitnami/spark/.ivy2/jars/org.xerial.snappy_snappy-java-1.1.10.3.jar at spark://localhost:32939/jars/org.xerial.snappy_snappy-java-1.1.10.3.jar with timestamp 1719473517427
[2024-06-27T07:31:57.903+0000] {docker.py:413} INFO - 24/06/27 07:31:57 INFO SparkContext: Added JAR file:///opt/bitnami/spark/.ivy2/jars/org.slf4j_slf4j-api-2.0.7.jar at spark://localhost:32939/jars/org.slf4j_slf4j-api-2.0.7.jar with timestamp 1719473517427
[2024-06-27T07:31:57.904+0000] {docker.py:413} INFO - 24/06/27 07:31:57 INFO SparkContext: Added JAR file:///opt/bitnami/spark/.ivy2/jars/org.apache.hadoop_hadoop-client-api-3.3.4.jar at spark://localhost:32939/jars/org.apache.hadoop_hadoop-client-api-3.3.4.jar with timestamp 1719473517427
[2024-06-27T07:31:57.904+0000] {docker.py:413} INFO - 24/06/27 07:31:57 INFO SparkContext: Added JAR file:///opt/bitnami/spark/.ivy2/jars/commons-logging_commons-logging-1.1.3.jar at spark://localhost:32939/jars/commons-logging_commons-logging-1.1.3.jar with timestamp 1719473517427
[2024-06-27T07:31:57.904+0000] {docker.py:413} INFO - 24/06/27 07:31:57 INFO SparkContext: Added file file:///opt/bitnami/spark/.ivy2/jars/org.postgresql_postgresql-42.5.4.jar at file:///opt/bitnami/spark/.ivy2/jars/org.postgresql_postgresql-42.5.4.jar with timestamp 1719473517427
[2024-06-27T07:31:57.905+0000] {docker.py:413} INFO - 24/06/27 07:31:57 INFO Utils: Copying /opt/bitnami/spark/.ivy2/jars/org.postgresql_postgresql-42.5.4.jar to /tmp/spark-35111aeb-5734-4aa6-89dc-789e73b7421d/userFiles-2bdc21e4-97ce-4cbc-ac56-373a848e5818/org.postgresql_postgresql-42.5.4.jar
[2024-06-27T07:31:57.911+0000] {docker.py:413} INFO - 24/06/27 07:31:57 INFO SparkContext: Added file file:///opt/bitnami/spark/.ivy2/jars/org.apache.spark_spark-sql-kafka-0-10_2.12-3.5.0.jar at file:///opt/bitnami/spark/.ivy2/jars/org.apache.spark_spark-sql-kafka-0-10_2.12-3.5.0.jar with timestamp 1719473517427
[2024-06-27T07:31:57.911+0000] {docker.py:413} INFO - 24/06/27 07:31:57 INFO Utils: Copying /opt/bitnami/spark/.ivy2/jars/org.apache.spark_spark-sql-kafka-0-10_2.12-3.5.0.jar to /tmp/spark-35111aeb-5734-4aa6-89dc-789e73b7421d/userFiles-2bdc21e4-97ce-4cbc-ac56-373a848e5818/org.apache.spark_spark-sql-kafka-0-10_2.12-3.5.0.jar
[2024-06-27T07:31:57.914+0000] {docker.py:413} INFO - 24/06/27 07:31:57 INFO SparkContext: Added file file:///opt/bitnami/spark/.ivy2/jars/org.checkerframework_checker-qual-3.5.0.jar at file:///opt/bitnami/spark/.ivy2/jars/org.checkerframework_checker-qual-3.5.0.jar with timestamp 1719473517427
[2024-06-27T07:31:57.914+0000] {docker.py:413} INFO - 24/06/27 07:31:57 INFO Utils: Copying /opt/bitnami/spark/.ivy2/jars/org.checkerframework_checker-qual-3.5.0.jar to /tmp/spark-35111aeb-5734-4aa6-89dc-789e73b7421d/userFiles-2bdc21e4-97ce-4cbc-ac56-373a848e5818/org.checkerframework_checker-qual-3.5.0.jar
[2024-06-27T07:31:57.914+0000] {docker.py:413} INFO - 24/06/27 07:31:57 INFO SparkContext: Added file file:///opt/bitnami/spark/.ivy2/jars/org.apache.spark_spark-token-provider-kafka-0-10_2.12-3.5.0.jar at file:///opt/bitnami/spark/.ivy2/jars/org.apache.spark_spark-token-provider-kafka-0-10_2.12-3.5.0.jar with timestamp 1719473517427
[2024-06-27T07:31:57.915+0000] {docker.py:413} INFO - 24/06/27 07:31:57 INFO Utils: Copying /opt/bitnami/spark/.ivy2/jars/org.apache.spark_spark-token-provider-kafka-0-10_2.12-3.5.0.jar to /tmp/spark-35111aeb-5734-4aa6-89dc-789e73b7421d/userFiles-2bdc21e4-97ce-4cbc-ac56-373a848e5818/org.apache.spark_spark-token-provider-kafka-0-10_2.12-3.5.0.jar
[2024-06-27T07:31:57.916+0000] {docker.py:413} INFO - 24/06/27 07:31:57 INFO SparkContext: Added file file:///opt/bitnami/spark/.ivy2/jars/org.apache.kafka_kafka-clients-3.4.1.jar at file:///opt/bitnami/spark/.ivy2/jars/org.apache.kafka_kafka-clients-3.4.1.jar with timestamp 1719473517427
[2024-06-27T07:31:57.916+0000] {docker.py:413} INFO - 24/06/27 07:31:57 INFO Utils: Copying /opt/bitnami/spark/.ivy2/jars/org.apache.kafka_kafka-clients-3.4.1.jar to /tmp/spark-35111aeb-5734-4aa6-89dc-789e73b7421d/userFiles-2bdc21e4-97ce-4cbc-ac56-373a848e5818/org.apache.kafka_kafka-clients-3.4.1.jar
[2024-06-27T07:31:57.921+0000] {docker.py:413} INFO - 24/06/27 07:31:57 INFO SparkContext: Added file file:///opt/bitnami/spark/.ivy2/jars/com.google.code.findbugs_jsr305-3.0.0.jar at file:///opt/bitnami/spark/.ivy2/jars/com.google.code.findbugs_jsr305-3.0.0.jar with timestamp 1719473517427
[2024-06-27T07:31:57.921+0000] {docker.py:413} INFO - 24/06/27 07:31:57 INFO Utils: Copying /opt/bitnami/spark/.ivy2/jars/com.google.code.findbugs_jsr305-3.0.0.jar to /tmp/spark-35111aeb-5734-4aa6-89dc-789e73b7421d/userFiles-2bdc21e4-97ce-4cbc-ac56-373a848e5818/com.google.code.findbugs_jsr305-3.0.0.jar
[2024-06-27T07:31:57.922+0000] {docker.py:413} INFO - 24/06/27 07:31:57 INFO SparkContext: Added file file:///opt/bitnami/spark/.ivy2/jars/org.apache.commons_commons-pool2-2.11.1.jar at file:///opt/bitnami/spark/.ivy2/jars/org.apache.commons_commons-pool2-2.11.1.jar with timestamp 1719473517427
[2024-06-27T07:31:57.922+0000] {docker.py:413} INFO - 24/06/27 07:31:57 INFO Utils: Copying /opt/bitnami/spark/.ivy2/jars/org.apache.commons_commons-pool2-2.11.1.jar to /tmp/spark-35111aeb-5734-4aa6-89dc-789e73b7421d/userFiles-2bdc21e4-97ce-4cbc-ac56-373a848e5818/org.apache.commons_commons-pool2-2.11.1.jar
[2024-06-27T07:31:57.924+0000] {docker.py:413} INFO - 24/06/27 07:31:57 INFO SparkContext: Added file file:///opt/bitnami/spark/.ivy2/jars/org.apache.hadoop_hadoop-client-runtime-3.3.4.jar at file:///opt/bitnami/spark/.ivy2/jars/org.apache.hadoop_hadoop-client-runtime-3.3.4.jar with timestamp 1719473517427
[2024-06-27T07:31:57.924+0000] {docker.py:413} INFO - 24/06/27 07:31:57 INFO Utils: Copying /opt/bitnami/spark/.ivy2/jars/org.apache.hadoop_hadoop-client-runtime-3.3.4.jar to /tmp/spark-35111aeb-5734-4aa6-89dc-789e73b7421d/userFiles-2bdc21e4-97ce-4cbc-ac56-373a848e5818/org.apache.hadoop_hadoop-client-runtime-3.3.4.jar
[2024-06-27T07:31:57.946+0000] {docker.py:413} INFO - 24/06/27 07:31:57 INFO SparkContext: Added file file:///opt/bitnami/spark/.ivy2/jars/org.lz4_lz4-java-1.8.0.jar at file:///opt/bitnami/spark/.ivy2/jars/org.lz4_lz4-java-1.8.0.jar with timestamp 1719473517427
[2024-06-27T07:31:57.947+0000] {docker.py:413} INFO - 24/06/27 07:31:57 INFO Utils: Copying /opt/bitnami/spark/.ivy2/jars/org.lz4_lz4-java-1.8.0.jar to /tmp/spark-35111aeb-5734-4aa6-89dc-789e73b7421d/userFiles-2bdc21e4-97ce-4cbc-ac56-373a848e5818/org.lz4_lz4-java-1.8.0.jar
[2024-06-27T07:31:57.948+0000] {docker.py:413} INFO - 24/06/27 07:31:57 INFO SparkContext: Added file file:///opt/bitnami/spark/.ivy2/jars/org.xerial.snappy_snappy-java-1.1.10.3.jar at file:///opt/bitnami/spark/.ivy2/jars/org.xerial.snappy_snappy-java-1.1.10.3.jar with timestamp 1719473517427
24/06/27 07:31:57 INFO Utils: Copying /opt/bitnami/spark/.ivy2/jars/org.xerial.snappy_snappy-java-1.1.10.3.jar to /tmp/spark-35111aeb-5734-4aa6-89dc-789e73b7421d/userFiles-2bdc21e4-97ce-4cbc-ac56-373a848e5818/org.xerial.snappy_snappy-java-1.1.10.3.jar
[2024-06-27T07:31:57.951+0000] {docker.py:413} INFO - 24/06/27 07:31:57 INFO SparkContext: Added file file:///opt/bitnami/spark/.ivy2/jars/org.slf4j_slf4j-api-2.0.7.jar at file:///opt/bitnami/spark/.ivy2/jars/org.slf4j_slf4j-api-2.0.7.jar with timestamp 1719473517427
[2024-06-27T07:31:57.951+0000] {docker.py:413} INFO - 24/06/27 07:31:57 INFO Utils: Copying /opt/bitnami/spark/.ivy2/jars/org.slf4j_slf4j-api-2.0.7.jar to /tmp/spark-35111aeb-5734-4aa6-89dc-789e73b7421d/userFiles-2bdc21e4-97ce-4cbc-ac56-373a848e5818/org.slf4j_slf4j-api-2.0.7.jar
[2024-06-27T07:31:57.953+0000] {docker.py:413} INFO - 24/06/27 07:31:57 INFO SparkContext: Added file file:///opt/bitnami/spark/.ivy2/jars/org.apache.hadoop_hadoop-client-api-3.3.4.jar at file:///opt/bitnami/spark/.ivy2/jars/org.apache.hadoop_hadoop-client-api-3.3.4.jar with timestamp 1719473517427
[2024-06-27T07:31:57.953+0000] {docker.py:413} INFO - 24/06/27 07:31:57 INFO Utils: Copying /opt/bitnami/spark/.ivy2/jars/org.apache.hadoop_hadoop-client-api-3.3.4.jar to /tmp/spark-35111aeb-5734-4aa6-89dc-789e73b7421d/userFiles-2bdc21e4-97ce-4cbc-ac56-373a848e5818/org.apache.hadoop_hadoop-client-api-3.3.4.jar
[2024-06-27T07:31:57.966+0000] {docker.py:413} INFO - 24/06/27 07:31:57 INFO SparkContext: Added file file:///opt/bitnami/spark/.ivy2/jars/commons-logging_commons-logging-1.1.3.jar at file:///opt/bitnami/spark/.ivy2/jars/commons-logging_commons-logging-1.1.3.jar with timestamp 1719473517427
[2024-06-27T07:31:57.967+0000] {docker.py:413} INFO - 24/06/27 07:31:57 INFO Utils: Copying /opt/bitnami/spark/.ivy2/jars/commons-logging_commons-logging-1.1.3.jar to /tmp/spark-35111aeb-5734-4aa6-89dc-789e73b7421d/userFiles-2bdc21e4-97ce-4cbc-ac56-373a848e5818/commons-logging_commons-logging-1.1.3.jar
[2024-06-27T07:31:58.003+0000] {docker.py:413} INFO - 24/06/27 07:31:58 INFO Executor: Starting executor ID driver on host localhost
[2024-06-27T07:31:58.003+0000] {docker.py:413} INFO - 24/06/27 07:31:58 INFO Executor: OS info Linux, 6.6.12-linuxkit, aarch64
[2024-06-27T07:31:58.004+0000] {docker.py:413} INFO - 24/06/27 07:31:58 INFO Executor: Java version 17.0.10
[2024-06-27T07:31:58.007+0000] {docker.py:413} INFO - 24/06/27 07:31:58 INFO Executor: Starting executor with user classpath (userClassPathFirst = false): ''
[2024-06-27T07:31:58.008+0000] {docker.py:413} INFO - 24/06/27 07:31:58 INFO Executor: Created or updated repl class loader org.apache.spark.util.MutableURLClassLoader@26277cfa for default.
[2024-06-27T07:31:58.013+0000] {docker.py:413} INFO - 24/06/27 07:31:58 INFO Executor: Fetching file:///opt/bitnami/spark/.ivy2/jars/org.apache.spark_spark-token-provider-kafka-0-10_2.12-3.5.0.jar with timestamp 1719473517427
[2024-06-27T07:31:58.025+0000] {docker.py:413} INFO - 24/06/27 07:31:58 INFO Utils: /opt/bitnami/spark/.ivy2/jars/org.apache.spark_spark-token-provider-kafka-0-10_2.12-3.5.0.jar has been previously copied to /tmp/spark-35111aeb-5734-4aa6-89dc-789e73b7421d/userFiles-2bdc21e4-97ce-4cbc-ac56-373a848e5818/org.apache.spark_spark-token-provider-kafka-0-10_2.12-3.5.0.jar
[2024-06-27T07:31:58.029+0000] {docker.py:413} INFO - 24/06/27 07:31:58 INFO Executor: Fetching file:///opt/bitnami/spark/.ivy2/jars/org.apache.hadoop_hadoop-client-runtime-3.3.4.jar with timestamp 1719473517427
[2024-06-27T07:31:58.047+0000] {docker.py:413} INFO - 24/06/27 07:31:58 INFO Utils: /opt/bitnami/spark/.ivy2/jars/org.apache.hadoop_hadoop-client-runtime-3.3.4.jar has been previously copied to /tmp/spark-35111aeb-5734-4aa6-89dc-789e73b7421d/userFiles-2bdc21e4-97ce-4cbc-ac56-373a848e5818/org.apache.hadoop_hadoop-client-runtime-3.3.4.jar
[2024-06-27T07:31:58.048+0000] {docker.py:413} INFO - 24/06/27 07:31:58 INFO Executor: Fetching file:///opt/bitnami/spark/.ivy2/jars/org.apache.commons_commons-pool2-2.11.1.jar with timestamp 1719473517427
[2024-06-27T07:31:58.049+0000] {docker.py:413} INFO - 24/06/27 07:31:58 INFO Utils: /opt/bitnami/spark/.ivy2/jars/org.apache.commons_commons-pool2-2.11.1.jar has been previously copied to /tmp/spark-35111aeb-5734-4aa6-89dc-789e73b7421d/userFiles-2bdc21e4-97ce-4cbc-ac56-373a848e5818/org.apache.commons_commons-pool2-2.11.1.jar
[2024-06-27T07:31:58.050+0000] {docker.py:413} INFO - 24/06/27 07:31:58 INFO Executor: Fetching file:///opt/bitnami/spark/.ivy2/jars/org.postgresql_postgresql-42.5.4.jar with timestamp 1719473517427
[2024-06-27T07:31:58.051+0000] {docker.py:413} INFO - 24/06/27 07:31:58 INFO Utils: /opt/bitnami/spark/.ivy2/jars/org.postgresql_postgresql-42.5.4.jar has been previously copied to /tmp/spark-35111aeb-5734-4aa6-89dc-789e73b7421d/userFiles-2bdc21e4-97ce-4cbc-ac56-373a848e5818/org.postgresql_postgresql-42.5.4.jar
[2024-06-27T07:31:58.052+0000] {docker.py:413} INFO - 24/06/27 07:31:58 INFO Executor: Fetching file:///opt/bitnami/spark/.ivy2/jars/org.slf4j_slf4j-api-2.0.7.jar with timestamp 1719473517427
[2024-06-27T07:31:58.052+0000] {docker.py:413} INFO - 24/06/27 07:31:58 INFO Utils: /opt/bitnami/spark/.ivy2/jars/org.slf4j_slf4j-api-2.0.7.jar has been previously copied to /tmp/spark-35111aeb-5734-4aa6-89dc-789e73b7421d/userFiles-2bdc21e4-97ce-4cbc-ac56-373a848e5818/org.slf4j_slf4j-api-2.0.7.jar
[2024-06-27T07:31:58.054+0000] {docker.py:413} INFO - 24/06/27 07:31:58 INFO Executor: Fetching file:///opt/bitnami/spark/.ivy2/jars/org.apache.kafka_kafka-clients-3.4.1.jar with timestamp 1719473517427
[2024-06-27T07:31:58.056+0000] {docker.py:413} INFO - 24/06/27 07:31:58 INFO Utils: /opt/bitnami/spark/.ivy2/jars/org.apache.kafka_kafka-clients-3.4.1.jar has been previously copied to /tmp/spark-35111aeb-5734-4aa6-89dc-789e73b7421d/userFiles-2bdc21e4-97ce-4cbc-ac56-373a848e5818/org.apache.kafka_kafka-clients-3.4.1.jar
[2024-06-27T07:31:58.058+0000] {docker.py:413} INFO - 24/06/27 07:31:58 INFO Executor: Fetching file:///opt/bitnami/spark/.ivy2/jars/com.google.code.findbugs_jsr305-3.0.0.jar with timestamp 1719473517427
[2024-06-27T07:31:58.058+0000] {docker.py:413} INFO - 24/06/27 07:31:58 INFO Utils: /opt/bitnami/spark/.ivy2/jars/com.google.code.findbugs_jsr305-3.0.0.jar has been previously copied to /tmp/spark-35111aeb-5734-4aa6-89dc-789e73b7421d/userFiles-2bdc21e4-97ce-4cbc-ac56-373a848e5818/com.google.code.findbugs_jsr305-3.0.0.jar
[2024-06-27T07:31:58.059+0000] {docker.py:413} INFO - 24/06/27 07:31:58 INFO Executor: Fetching file:///opt/bitnami/spark/.ivy2/jars/org.lz4_lz4-java-1.8.0.jar with timestamp 1719473517427
[2024-06-27T07:31:58.060+0000] {docker.py:413} INFO - 24/06/27 07:31:58 INFO Utils: /opt/bitnami/spark/.ivy2/jars/org.lz4_lz4-java-1.8.0.jar has been previously copied to /tmp/spark-35111aeb-5734-4aa6-89dc-789e73b7421d/userFiles-2bdc21e4-97ce-4cbc-ac56-373a848e5818/org.lz4_lz4-java-1.8.0.jar
[2024-06-27T07:31:58.061+0000] {docker.py:413} INFO - 24/06/27 07:31:58 INFO Executor: Fetching file:///opt/bitnami/spark/.ivy2/jars/org.apache.spark_spark-sql-kafka-0-10_2.12-3.5.0.jar with timestamp 1719473517427
[2024-06-27T07:31:58.062+0000] {docker.py:413} INFO - 24/06/27 07:31:58 INFO Utils: /opt/bitnami/spark/.ivy2/jars/org.apache.spark_spark-sql-kafka-0-10_2.12-3.5.0.jar has been previously copied to /tmp/spark-35111aeb-5734-4aa6-89dc-789e73b7421d/userFiles-2bdc21e4-97ce-4cbc-ac56-373a848e5818/org.apache.spark_spark-sql-kafka-0-10_2.12-3.5.0.jar
[2024-06-27T07:31:58.063+0000] {docker.py:413} INFO - 24/06/27 07:31:58 INFO Executor: Fetching file:///opt/bitnami/spark/.ivy2/jars/org.apache.hadoop_hadoop-client-api-3.3.4.jar with timestamp 1719473517427
[2024-06-27T07:31:58.070+0000] {docker.py:413} INFO - 24/06/27 07:31:58 INFO Utils: /opt/bitnami/spark/.ivy2/jars/org.apache.hadoop_hadoop-client-api-3.3.4.jar has been previously copied to /tmp/spark-35111aeb-5734-4aa6-89dc-789e73b7421d/userFiles-2bdc21e4-97ce-4cbc-ac56-373a848e5818/org.apache.hadoop_hadoop-client-api-3.3.4.jar
[2024-06-27T07:31:58.072+0000] {docker.py:413} INFO - 24/06/27 07:31:58 INFO Executor: Fetching file:///opt/bitnami/spark/.ivy2/jars/commons-logging_commons-logging-1.1.3.jar with timestamp 1719473517427
[2024-06-27T07:31:58.072+0000] {docker.py:413} INFO - 24/06/27 07:31:58 INFO Utils: /opt/bitnami/spark/.ivy2/jars/commons-logging_commons-logging-1.1.3.jar has been previously copied to /tmp/spark-35111aeb-5734-4aa6-89dc-789e73b7421d/userFiles-2bdc21e4-97ce-4cbc-ac56-373a848e5818/commons-logging_commons-logging-1.1.3.jar
[2024-06-27T07:31:58.073+0000] {docker.py:413} INFO - 24/06/27 07:31:58 INFO Executor: Fetching file:///opt/bitnami/spark/.ivy2/jars/org.checkerframework_checker-qual-3.5.0.jar with timestamp 1719473517427
[2024-06-27T07:31:58.074+0000] {docker.py:413} INFO - 24/06/27 07:31:58 INFO Utils: /opt/bitnami/spark/.ivy2/jars/org.checkerframework_checker-qual-3.5.0.jar has been previously copied to /tmp/spark-35111aeb-5734-4aa6-89dc-789e73b7421d/userFiles-2bdc21e4-97ce-4cbc-ac56-373a848e5818/org.checkerframework_checker-qual-3.5.0.jar
[2024-06-27T07:31:58.075+0000] {docker.py:413} INFO - 24/06/27 07:31:58 INFO Executor: Fetching file:///opt/bitnami/spark/.ivy2/jars/org.xerial.snappy_snappy-java-1.1.10.3.jar with timestamp 1719473517427
[2024-06-27T07:31:58.075+0000] {docker.py:413} INFO - 24/06/27 07:31:58 INFO Utils: /opt/bitnami/spark/.ivy2/jars/org.xerial.snappy_snappy-java-1.1.10.3.jar has been previously copied to /tmp/spark-35111aeb-5734-4aa6-89dc-789e73b7421d/userFiles-2bdc21e4-97ce-4cbc-ac56-373a848e5818/org.xerial.snappy_snappy-java-1.1.10.3.jar
[2024-06-27T07:31:58.078+0000] {docker.py:413} INFO - 24/06/27 07:31:58 INFO Executor: Fetching spark://localhost:32939/jars/org.apache.spark_spark-sql-kafka-0-10_2.12-3.5.0.jar with timestamp 1719473517427
[2024-06-27T07:31:58.105+0000] {docker.py:413} INFO - 24/06/27 07:31:58 INFO TransportClientFactory: Successfully created connection to localhost/127.0.0.1:32939 after 19 ms (0 ms spent in bootstraps)
[2024-06-27T07:31:58.108+0000] {docker.py:413} INFO - 24/06/27 07:31:58 INFO Utils: Fetching spark://localhost:32939/jars/org.apache.spark_spark-sql-kafka-0-10_2.12-3.5.0.jar to /tmp/spark-35111aeb-5734-4aa6-89dc-789e73b7421d/userFiles-2bdc21e4-97ce-4cbc-ac56-373a848e5818/fetchFileTemp14987649108529989386.tmp
[2024-06-27T07:31:58.144+0000] {docker.py:413} INFO - 24/06/27 07:31:58 INFO Utils: /tmp/spark-35111aeb-5734-4aa6-89dc-789e73b7421d/userFiles-2bdc21e4-97ce-4cbc-ac56-373a848e5818/fetchFileTemp14987649108529989386.tmp has been previously copied to /tmp/spark-35111aeb-5734-4aa6-89dc-789e73b7421d/userFiles-2bdc21e4-97ce-4cbc-ac56-373a848e5818/org.apache.spark_spark-sql-kafka-0-10_2.12-3.5.0.jar
[2024-06-27T07:31:58.147+0000] {docker.py:413} INFO - 24/06/27 07:31:58 INFO Executor: Adding file:/tmp/spark-35111aeb-5734-4aa6-89dc-789e73b7421d/userFiles-2bdc21e4-97ce-4cbc-ac56-373a848e5818/org.apache.spark_spark-sql-kafka-0-10_2.12-3.5.0.jar to class loader default
[2024-06-27T07:31:58.147+0000] {docker.py:413} INFO - 24/06/27 07:31:58 INFO Executor: Fetching spark://localhost:32939/jars/org.lz4_lz4-java-1.8.0.jar with timestamp 1719473517427
[2024-06-27T07:31:58.148+0000] {docker.py:413} INFO - 24/06/27 07:31:58 INFO Utils: Fetching spark://localhost:32939/jars/org.lz4_lz4-java-1.8.0.jar to /tmp/spark-35111aeb-5734-4aa6-89dc-789e73b7421d/userFiles-2bdc21e4-97ce-4cbc-ac56-373a848e5818/fetchFileTemp14491816536046460581.tmp
[2024-06-27T07:31:58.150+0000] {docker.py:413} INFO - 24/06/27 07:31:58 INFO Utils: /tmp/spark-35111aeb-5734-4aa6-89dc-789e73b7421d/userFiles-2bdc21e4-97ce-4cbc-ac56-373a848e5818/fetchFileTemp14491816536046460581.tmp has been previously copied to /tmp/spark-35111aeb-5734-4aa6-89dc-789e73b7421d/userFiles-2bdc21e4-97ce-4cbc-ac56-373a848e5818/org.lz4_lz4-java-1.8.0.jar
[2024-06-27T07:31:58.152+0000] {docker.py:413} INFO - 24/06/27 07:31:58 INFO Executor: Adding file:/tmp/spark-35111aeb-5734-4aa6-89dc-789e73b7421d/userFiles-2bdc21e4-97ce-4cbc-ac56-373a848e5818/org.lz4_lz4-java-1.8.0.jar to class loader default
[2024-06-27T07:31:58.153+0000] {docker.py:413} INFO - 24/06/27 07:31:58 INFO Executor: Fetching spark://localhost:32939/jars/commons-logging_commons-logging-1.1.3.jar with timestamp 1719473517427
[2024-06-27T07:31:58.153+0000] {docker.py:413} INFO - 24/06/27 07:31:58 INFO Utils: Fetching spark://localhost:32939/jars/commons-logging_commons-logging-1.1.3.jar to /tmp/spark-35111aeb-5734-4aa6-89dc-789e73b7421d/userFiles-2bdc21e4-97ce-4cbc-ac56-373a848e5818/fetchFileTemp8549684570166808926.tmp
[2024-06-27T07:31:58.153+0000] {docker.py:413} INFO - 24/06/27 07:31:58 INFO Utils: /tmp/spark-35111aeb-5734-4aa6-89dc-789e73b7421d/userFiles-2bdc21e4-97ce-4cbc-ac56-373a848e5818/fetchFileTemp8549684570166808926.tmp has been previously copied to /tmp/spark-35111aeb-5734-4aa6-89dc-789e73b7421d/userFiles-2bdc21e4-97ce-4cbc-ac56-373a848e5818/commons-logging_commons-logging-1.1.3.jar
[2024-06-27T07:31:58.155+0000] {docker.py:413} INFO - 24/06/27 07:31:58 INFO Executor: Adding file:/tmp/spark-35111aeb-5734-4aa6-89dc-789e73b7421d/userFiles-2bdc21e4-97ce-4cbc-ac56-373a848e5818/commons-logging_commons-logging-1.1.3.jar to class loader default
[2024-06-27T07:31:58.156+0000] {docker.py:413} INFO - 24/06/27 07:31:58 INFO Executor: Fetching spark://localhost:32939/jars/com.google.code.findbugs_jsr305-3.0.0.jar with timestamp 1719473517427
24/06/27 07:31:58 INFO Utils: Fetching spark://localhost:32939/jars/com.google.code.findbugs_jsr305-3.0.0.jar to /tmp/spark-35111aeb-5734-4aa6-89dc-789e73b7421d/userFiles-2bdc21e4-97ce-4cbc-ac56-373a848e5818/fetchFileTemp15530085082627839057.tmp
[2024-06-27T07:31:58.156+0000] {docker.py:413} INFO - 24/06/27 07:31:58 INFO Utils: /tmp/spark-35111aeb-5734-4aa6-89dc-789e73b7421d/userFiles-2bdc21e4-97ce-4cbc-ac56-373a848e5818/fetchFileTemp15530085082627839057.tmp has been previously copied to /tmp/spark-35111aeb-5734-4aa6-89dc-789e73b7421d/userFiles-2bdc21e4-97ce-4cbc-ac56-373a848e5818/com.google.code.findbugs_jsr305-3.0.0.jar
[2024-06-27T07:31:58.158+0000] {docker.py:413} INFO - 24/06/27 07:31:58 INFO Executor: Adding file:/tmp/spark-35111aeb-5734-4aa6-89dc-789e73b7421d/userFiles-2bdc21e4-97ce-4cbc-ac56-373a848e5818/com.google.code.findbugs_jsr305-3.0.0.jar to class loader default
[2024-06-27T07:31:58.158+0000] {docker.py:413} INFO - 24/06/27 07:31:58 INFO Executor: Fetching spark://localhost:32939/jars/org.apache.commons_commons-pool2-2.11.1.jar with timestamp 1719473517427
[2024-06-27T07:31:58.158+0000] {docker.py:413} INFO - 24/06/27 07:31:58 INFO Utils: Fetching spark://localhost:32939/jars/org.apache.commons_commons-pool2-2.11.1.jar to /tmp/spark-35111aeb-5734-4aa6-89dc-789e73b7421d/userFiles-2bdc21e4-97ce-4cbc-ac56-373a848e5818/fetchFileTemp16822389044829322693.tmp
[2024-06-27T07:31:58.159+0000] {docker.py:413} INFO - 24/06/27 07:31:58 INFO Utils: /tmp/spark-35111aeb-5734-4aa6-89dc-789e73b7421d/userFiles-2bdc21e4-97ce-4cbc-ac56-373a848e5818/fetchFileTemp16822389044829322693.tmp has been previously copied to /tmp/spark-35111aeb-5734-4aa6-89dc-789e73b7421d/userFiles-2bdc21e4-97ce-4cbc-ac56-373a848e5818/org.apache.commons_commons-pool2-2.11.1.jar
[2024-06-27T07:31:58.160+0000] {docker.py:413} INFO - 24/06/27 07:31:58 INFO Executor: Adding file:/tmp/spark-35111aeb-5734-4aa6-89dc-789e73b7421d/userFiles-2bdc21e4-97ce-4cbc-ac56-373a848e5818/org.apache.commons_commons-pool2-2.11.1.jar to class loader default
[2024-06-27T07:31:58.161+0000] {docker.py:413} INFO - 24/06/27 07:31:58 INFO Executor: Fetching spark://localhost:32939/jars/org.xerial.snappy_snappy-java-1.1.10.3.jar with timestamp 1719473517427
[2024-06-27T07:31:58.161+0000] {docker.py:413} INFO - 24/06/27 07:31:58 INFO Utils: Fetching spark://localhost:32939/jars/org.xerial.snappy_snappy-java-1.1.10.3.jar to /tmp/spark-35111aeb-5734-4aa6-89dc-789e73b7421d/userFiles-2bdc21e4-97ce-4cbc-ac56-373a848e5818/fetchFileTemp15180881272254820705.tmp
[2024-06-27T07:31:58.166+0000] {docker.py:413} INFO - 24/06/27 07:31:58 INFO Utils: /tmp/spark-35111aeb-5734-4aa6-89dc-789e73b7421d/userFiles-2bdc21e4-97ce-4cbc-ac56-373a848e5818/fetchFileTemp15180881272254820705.tmp has been previously copied to /tmp/spark-35111aeb-5734-4aa6-89dc-789e73b7421d/userFiles-2bdc21e4-97ce-4cbc-ac56-373a848e5818/org.xerial.snappy_snappy-java-1.1.10.3.jar
[2024-06-27T07:31:58.167+0000] {docker.py:413} INFO - 24/06/27 07:31:58 INFO Executor: Adding file:/tmp/spark-35111aeb-5734-4aa6-89dc-789e73b7421d/userFiles-2bdc21e4-97ce-4cbc-ac56-373a848e5818/org.xerial.snappy_snappy-java-1.1.10.3.jar to class loader default
[2024-06-27T07:31:58.168+0000] {docker.py:413} INFO - 24/06/27 07:31:58 INFO Executor: Fetching spark://localhost:32939/jars/org.postgresql_postgresql-42.5.4.jar with timestamp 1719473517427
[2024-06-27T07:31:58.169+0000] {docker.py:413} INFO - 24/06/27 07:31:58 INFO Utils: Fetching spark://localhost:32939/jars/org.postgresql_postgresql-42.5.4.jar to /tmp/spark-35111aeb-5734-4aa6-89dc-789e73b7421d/userFiles-2bdc21e4-97ce-4cbc-ac56-373a848e5818/fetchFileTemp11520929511096255211.tmp
[2024-06-27T07:31:58.171+0000] {docker.py:413} INFO - 24/06/27 07:31:58 INFO Utils: /tmp/spark-35111aeb-5734-4aa6-89dc-789e73b7421d/userFiles-2bdc21e4-97ce-4cbc-ac56-373a848e5818/fetchFileTemp11520929511096255211.tmp has been previously copied to /tmp/spark-35111aeb-5734-4aa6-89dc-789e73b7421d/userFiles-2bdc21e4-97ce-4cbc-ac56-373a848e5818/org.postgresql_postgresql-42.5.4.jar
[2024-06-27T07:31:58.173+0000] {docker.py:413} INFO - 24/06/27 07:31:58 INFO Executor: Adding file:/tmp/spark-35111aeb-5734-4aa6-89dc-789e73b7421d/userFiles-2bdc21e4-97ce-4cbc-ac56-373a848e5818/org.postgresql_postgresql-42.5.4.jar to class loader default
[2024-06-27T07:31:58.173+0000] {docker.py:413} INFO - 24/06/27 07:31:58 INFO Executor: Fetching spark://localhost:32939/jars/org.apache.spark_spark-token-provider-kafka-0-10_2.12-3.5.0.jar with timestamp 1719473517427
[2024-06-27T07:31:58.174+0000] {docker.py:413} INFO - 24/06/27 07:31:58 INFO Utils: Fetching spark://localhost:32939/jars/org.apache.spark_spark-token-provider-kafka-0-10_2.12-3.5.0.jar to /tmp/spark-35111aeb-5734-4aa6-89dc-789e73b7421d/userFiles-2bdc21e4-97ce-4cbc-ac56-373a848e5818/fetchFileTemp11595843416407012178.tmp
[2024-06-27T07:31:58.174+0000] {docker.py:413} INFO - 24/06/27 07:31:58 INFO Utils: /tmp/spark-35111aeb-5734-4aa6-89dc-789e73b7421d/userFiles-2bdc21e4-97ce-4cbc-ac56-373a848e5818/fetchFileTemp11595843416407012178.tmp has been previously copied to /tmp/spark-35111aeb-5734-4aa6-89dc-789e73b7421d/userFiles-2bdc21e4-97ce-4cbc-ac56-373a848e5818/org.apache.spark_spark-token-provider-kafka-0-10_2.12-3.5.0.jar
[2024-06-27T07:31:58.175+0000] {docker.py:413} INFO - 24/06/27 07:31:58 INFO Executor: Adding file:/tmp/spark-35111aeb-5734-4aa6-89dc-789e73b7421d/userFiles-2bdc21e4-97ce-4cbc-ac56-373a848e5818/org.apache.spark_spark-token-provider-kafka-0-10_2.12-3.5.0.jar to class loader default
24/06/27 07:31:58 INFO Executor: Fetching spark://localhost:32939/jars/org.checkerframework_checker-qual-3.5.0.jar with timestamp 1719473517427
[2024-06-27T07:31:58.176+0000] {docker.py:413} INFO - 24/06/27 07:31:58 INFO Utils: Fetching spark://localhost:32939/jars/org.checkerframework_checker-qual-3.5.0.jar to /tmp/spark-35111aeb-5734-4aa6-89dc-789e73b7421d/userFiles-2bdc21e4-97ce-4cbc-ac56-373a848e5818/fetchFileTemp5161254176324579767.tmp
[2024-06-27T07:31:58.177+0000] {docker.py:413} INFO - 24/06/27 07:31:58 INFO Utils: /tmp/spark-35111aeb-5734-4aa6-89dc-789e73b7421d/userFiles-2bdc21e4-97ce-4cbc-ac56-373a848e5818/fetchFileTemp5161254176324579767.tmp has been previously copied to /tmp/spark-35111aeb-5734-4aa6-89dc-789e73b7421d/userFiles-2bdc21e4-97ce-4cbc-ac56-373a848e5818/org.checkerframework_checker-qual-3.5.0.jar
[2024-06-27T07:31:58.178+0000] {docker.py:413} INFO - 24/06/27 07:31:58 INFO Executor: Adding file:/tmp/spark-35111aeb-5734-4aa6-89dc-789e73b7421d/userFiles-2bdc21e4-97ce-4cbc-ac56-373a848e5818/org.checkerframework_checker-qual-3.5.0.jar to class loader default
24/06/27 07:31:58 INFO Executor: Fetching spark://localhost:32939/jars/org.apache.hadoop_hadoop-client-api-3.3.4.jar with timestamp 1719473517427
[2024-06-27T07:31:58.178+0000] {docker.py:413} INFO - 24/06/27 07:31:58 INFO Utils: Fetching spark://localhost:32939/jars/org.apache.hadoop_hadoop-client-api-3.3.4.jar to /tmp/spark-35111aeb-5734-4aa6-89dc-789e73b7421d/userFiles-2bdc21e4-97ce-4cbc-ac56-373a848e5818/fetchFileTemp4228254474867671585.tmp
[2024-06-27T07:31:58.218+0000] {docker.py:413} INFO - 24/06/27 07:31:58 INFO Utils: /tmp/spark-35111aeb-5734-4aa6-89dc-789e73b7421d/userFiles-2bdc21e4-97ce-4cbc-ac56-373a848e5818/fetchFileTemp4228254474867671585.tmp has been previously copied to /tmp/spark-35111aeb-5734-4aa6-89dc-789e73b7421d/userFiles-2bdc21e4-97ce-4cbc-ac56-373a848e5818/org.apache.hadoop_hadoop-client-api-3.3.4.jar
[2024-06-27T07:31:58.220+0000] {docker.py:413} INFO - 24/06/27 07:31:58 INFO Executor: Adding file:/tmp/spark-35111aeb-5734-4aa6-89dc-789e73b7421d/userFiles-2bdc21e4-97ce-4cbc-ac56-373a848e5818/org.apache.hadoop_hadoop-client-api-3.3.4.jar to class loader default
[2024-06-27T07:31:58.220+0000] {docker.py:413} INFO - 24/06/27 07:31:58 INFO Executor: Fetching spark://localhost:32939/jars/org.apache.kafka_kafka-clients-3.4.1.jar with timestamp 1719473517427
[2024-06-27T07:31:58.221+0000] {docker.py:413} INFO - 24/06/27 07:31:58 INFO Utils: Fetching spark://localhost:32939/jars/org.apache.kafka_kafka-clients-3.4.1.jar to /tmp/spark-35111aeb-5734-4aa6-89dc-789e73b7421d/userFiles-2bdc21e4-97ce-4cbc-ac56-373a848e5818/fetchFileTemp7144004416371125351.tmp
[2024-06-27T07:31:58.229+0000] {docker.py:413} INFO - 24/06/27 07:31:58 INFO Utils: /tmp/spark-35111aeb-5734-4aa6-89dc-789e73b7421d/userFiles-2bdc21e4-97ce-4cbc-ac56-373a848e5818/fetchFileTemp7144004416371125351.tmp has been previously copied to /tmp/spark-35111aeb-5734-4aa6-89dc-789e73b7421d/userFiles-2bdc21e4-97ce-4cbc-ac56-373a848e5818/org.apache.kafka_kafka-clients-3.4.1.jar
[2024-06-27T07:31:58.230+0000] {docker.py:413} INFO - 24/06/27 07:31:58 INFO Executor: Adding file:/tmp/spark-35111aeb-5734-4aa6-89dc-789e73b7421d/userFiles-2bdc21e4-97ce-4cbc-ac56-373a848e5818/org.apache.kafka_kafka-clients-3.4.1.jar to class loader default
[2024-06-27T07:31:58.231+0000] {docker.py:413} INFO - 24/06/27 07:31:58 INFO Executor: Fetching spark://localhost:32939/jars/org.slf4j_slf4j-api-2.0.7.jar with timestamp 1719473517427
[2024-06-27T07:31:58.231+0000] {docker.py:413} INFO - 24/06/27 07:31:58 INFO Utils: Fetching spark://localhost:32939/jars/org.slf4j_slf4j-api-2.0.7.jar to /tmp/spark-35111aeb-5734-4aa6-89dc-789e73b7421d/userFiles-2bdc21e4-97ce-4cbc-ac56-373a848e5818/fetchFileTemp6875185067126655333.tmp
[2024-06-27T07:31:58.232+0000] {docker.py:413} INFO - 24/06/27 07:31:58 INFO Utils: /tmp/spark-35111aeb-5734-4aa6-89dc-789e73b7421d/userFiles-2bdc21e4-97ce-4cbc-ac56-373a848e5818/fetchFileTemp6875185067126655333.tmp has been previously copied to /tmp/spark-35111aeb-5734-4aa6-89dc-789e73b7421d/userFiles-2bdc21e4-97ce-4cbc-ac56-373a848e5818/org.slf4j_slf4j-api-2.0.7.jar
[2024-06-27T07:31:58.233+0000] {docker.py:413} INFO - 24/06/27 07:31:58 INFO Executor: Adding file:/tmp/spark-35111aeb-5734-4aa6-89dc-789e73b7421d/userFiles-2bdc21e4-97ce-4cbc-ac56-373a848e5818/org.slf4j_slf4j-api-2.0.7.jar to class loader default
[2024-06-27T07:31:58.233+0000] {docker.py:413} INFO - 24/06/27 07:31:58 INFO Executor: Fetching spark://localhost:32939/jars/org.apache.hadoop_hadoop-client-runtime-3.3.4.jar with timestamp 1719473517427
[2024-06-27T07:31:58.234+0000] {docker.py:413} INFO - 24/06/27 07:31:58 INFO Utils: Fetching spark://localhost:32939/jars/org.apache.hadoop_hadoop-client-runtime-3.3.4.jar to /tmp/spark-35111aeb-5734-4aa6-89dc-789e73b7421d/userFiles-2bdc21e4-97ce-4cbc-ac56-373a848e5818/fetchFileTemp13841760507525422575.tmp
[2024-06-27T07:31:58.284+0000] {docker.py:413} INFO - 24/06/27 07:31:58 INFO Utils: /tmp/spark-35111aeb-5734-4aa6-89dc-789e73b7421d/userFiles-2bdc21e4-97ce-4cbc-ac56-373a848e5818/fetchFileTemp13841760507525422575.tmp has been previously copied to /tmp/spark-35111aeb-5734-4aa6-89dc-789e73b7421d/userFiles-2bdc21e4-97ce-4cbc-ac56-373a848e5818/org.apache.hadoop_hadoop-client-runtime-3.3.4.jar
[2024-06-27T07:31:58.287+0000] {docker.py:413} INFO - 24/06/27 07:31:58 INFO Executor: Adding file:/tmp/spark-35111aeb-5734-4aa6-89dc-789e73b7421d/userFiles-2bdc21e4-97ce-4cbc-ac56-373a848e5818/org.apache.hadoop_hadoop-client-runtime-3.3.4.jar to class loader default
[2024-06-27T07:31:58.292+0000] {docker.py:413} INFO - 24/06/27 07:31:58 INFO Utils: Successfully started service 'org.apache.spark.network.netty.NettyBlockTransferService' on port 33835.
24/06/27 07:31:58 INFO NettyBlockTransferService: Server created on localhost:33835
[2024-06-27T07:31:58.293+0000] {docker.py:413} INFO - 24/06/27 07:31:58 INFO BlockManager: Using org.apache.spark.storage.RandomBlockReplicationPolicy for block replication policy
[2024-06-27T07:31:58.298+0000] {docker.py:413} INFO - 24/06/27 07:31:58 INFO BlockManagerMaster: Registering BlockManager BlockManagerId(driver, localhost, 33835, None)
[2024-06-27T07:31:58.300+0000] {docker.py:413} INFO - 24/06/27 07:31:58 INFO BlockManagerMasterEndpoint: Registering block manager localhost:33835 with 434.4 MiB RAM, BlockManagerId(driver, localhost, 33835, None)
[2024-06-27T07:31:58.301+0000] {docker.py:413} INFO - 24/06/27 07:31:58 INFO BlockManagerMaster: Registered BlockManager BlockManagerId(driver, localhost, 33835, None)
[2024-06-27T07:31:58.301+0000] {docker.py:413} INFO - 24/06/27 07:31:58 INFO BlockManager: Initialized BlockManager: BlockManagerId(driver, localhost, 33835, None)
[2024-06-27T07:31:58.574+0000] {docker.py:413} INFO - 2024-06-27 07:31:58,573:create_spark_session:INFO:Spark session created successfully
[2024-06-27T07:31:58.579+0000] {docker.py:413} INFO - 24/06/27 07:31:58 INFO SharedState: Setting hive.metastore.warehouse.dir ('null') to the value of spark.sql.warehouse.dir.
[2024-06-27T07:31:58.579+0000] {docker.py:413} INFO - 24/06/27 07:31:58 INFO SharedState: Warehouse path is 'file:/opt/bitnami/spark/spark-warehouse'.
[2024-06-27T07:31:59.362+0000] {docker.py:413} INFO - 2024-06-27 07:31:59,362:create_initial_dataframe:INFO:Initial dataframe created successfully
[2024-06-27T07:32:04.598+0000] {docker.py:413} INFO - Traceback (most recent call last):
  File "/opt/bitnami/spark/spark_streaming.py", line 103, in <module>
[2024-06-27T07:32:04.599+0000] {docker.py:413} INFO - write_to_postgres()
  File "/opt/bitnami/spark/spark_streaming.py", line 99, in write_to_postgres
[2024-06-27T07:32:04.600+0000] {docker.py:413} INFO - start_streaming(df_final, spark=spark)
  File "/opt/bitnami/spark/spark_streaming.py", line 71, in start_streaming
    existing_data_df = spark.read.jdbc(
                       ^^^^^^^^^^^^^^^^
  File "/opt/bitnami/spark/python/lib/pyspark.zip/pyspark/sql/readwriter.py", line 946, in jdbc
[2024-06-27T07:32:04.600+0000] {docker.py:413} INFO - File "/opt/bitnami/spark/python/lib/py4j-0.10.9.7-src.zip/py4j/java_gateway.py", line 1322, in __call__
[2024-06-27T07:32:04.600+0000] {docker.py:413} INFO - File "/opt/bitnami/spark/python/lib/pyspark.zip/pyspark/errors/exceptions/captured.py", line 179, in deco
[2024-06-27T07:32:04.600+0000] {docker.py:413} INFO - File "/opt/bitnami/spark/python/lib/py4j-0.10.9.7-src.zip/py4j/protocol.py", line 326, in get_return_value
[2024-06-27T07:32:04.601+0000] {docker.py:413} INFO - py4j.protocol.Py4JJavaError
[2024-06-27T07:32:04.601+0000] {docker.py:413} INFO - : An error occurred while calling o50.jdbc.
: org.postgresql.util.PSQLException: The connection attempt failed.
	at org.postgresql.core.v3.ConnectionFactoryImpl.openConnectionImpl(ConnectionFactoryImpl.java:354)
	at org.postgresql.core.ConnectionFactory.openConnection(ConnectionFactory.java:54)
	at org.postgresql.jdbc.PgConnection.<init>(PgConnection.java:253)
	at org.postgresql.Driver.makeConnection(Driver.java:434)
	at org.postgresql.Driver.connect(Driver.java:291)
	at org.apache.spark.sql.execution.datasources.jdbc.connection.BasicConnectionProvider.getConnection(BasicConnectionProvider.scala:49)
	at org.apache.spark.sql.execution.datasources.jdbc.connection.ConnectionProviderBase.create(ConnectionProvider.scala:102)
	at org.apache.spark.sql.jdbc.JdbcDialect.$anonfun$createConnectionFactory$1(JdbcDialects.scala:160)
	at org.apache.spark.sql.jdbc.JdbcDialect.$anonfun$createConnectionFactory$1$adapted(JdbcDialects.scala:156)
	at org.apache.spark.sql.execution.datasources.jdbc.JDBCRDD$.getQueryOutputSchema(JDBCRDD.scala:63)
	at org.apache.spark.sql.execution.datasources.jdbc.JDBCRDD$.resolveTable(JDBCRDD.scala:58)
	at org.apache.spark.sql.execution.datasources.jdbc.JDBCRelation$.getSchema(JDBCRelation.scala:241)
	at org.apache.spark.sql.execution.datasources.jdbc.JdbcRelationProvider.createRelation(JdbcRelationProvider.scala:37)
	at org.apache.spark.sql.execution.datasources.DataSource.resolveRelation(DataSource.scala:346)
	at org.apache.spark.sql.DataFrameReader.loadV1Source(DataFrameReader.scala:229)
	at org.apache.spark.sql.DataFrameReader.$anonfun$load$2(DataFrameReader.scala:211)
	at scala.Option.getOrElse(Option.scala:189)
	at org.apache.spark.sql.DataFrameReader.load(DataFrameReader.scala:211)
	at org.apache.spark.sql.DataFrameReader.load(DataFrameReader.scala:172)
	at org.apache.spark.sql.DataFrameReader.jdbc(DataFrameReader.scala:249)
	at java.base/jdk.internal.reflect.NativeMethodAccessorImpl.invoke0(Native Method)
	at java.base/jdk.internal.reflect.NativeMethodAccessorImpl.invoke(NativeMethodAccessorImpl.java:77)
	at java.base/jdk.internal.reflect.DelegatingMethodAccessorImpl.invoke(DelegatingMethodAccessorImpl.java:43)
	at java.base/java.lang.reflect.Method.invoke(Method.java:568)
	at py4j.reflection.MethodInvoker.invoke(MethodInvoker.java:244)
	at py4j.reflection.ReflectionEngine.invoke(ReflectionEngine.java:374)
	at py4j.Gateway.invoke(Gateway.java:282)
	at py4j.commands.AbstractCommand.invokeMethod(AbstractCommand.java:132)
	at py4j.commands.CallCommand.execute(CallCommand.java:79)
	at py4j.ClientServerConnection.waitForCommands(ClientServerConnection.java:182)
	at py4j.ClientServerConnection.run(ClientServerConnection.java:106)
	at java.base/java.lang.Thread.run(Thread.java:840)
Caused by: java.net.SocketTimeoutException: Read timed out
	at java.base/sun.nio.ch.NioSocketImpl.timedRead(NioSocketImpl.java:288)
	at java.base/sun.nio.ch.NioSocketImpl.implRead(NioSocketImpl.java:314)
	at java.base/sun.nio.ch.NioSocketImpl.read(NioSocketImpl.java:355)
	at java.base/sun.nio.ch.NioSocketImpl$1.read(NioSocketImpl.java:808)
	at java.base/java.net.Socket$SocketInputStream.read(Socket.java:966)
	at org.postgresql.core.VisibleBufferedInputStream.readMore(VisibleBufferedInputStream.java:161)
	at org.postgresql.core.VisibleBufferedInputStream.ensureBytes(VisibleBufferedInputStream.java:128)
	at org.postgresql.core.VisibleBufferedInputStream.ensureBytes(VisibleBufferedInputStream.java:113)
	at org.postgresql.core.VisibleBufferedInputStream.read(VisibleBufferedInputStream.java:73)
	at org.postgresql.core.PGStream.receiveChar(PGStream.java:465)
	at org.postgresql.core.v3.ConnectionFactoryImpl.enableSSL(ConnectionFactoryImpl.java:589)
	at org.postgresql.core.v3.ConnectionFactoryImpl.tryConnect(ConnectionFactoryImpl.java:191)
	at org.postgresql.core.v3.ConnectionFactoryImpl.openConnectionImpl(ConnectionFactoryImpl.java:258)
	... 31 more
[2024-06-27T07:32:04.601+0000] {docker.py:413} INFO - 2024-06-27 07:32:04,599:close:INFO:Closing down clientserver connection
[2024-06-27T07:32:04.625+0000] {docker.py:413} INFO - 24/06/27 07:32:04 INFO SparkContext: Invoking stop() from shutdown hook
[2024-06-27T07:32:04.625+0000] {docker.py:413} INFO - 24/06/27 07:32:04 INFO SparkContext: SparkContext is stopping with exitCode 0.
[2024-06-27T07:32:04.633+0000] {docker.py:413} INFO - 24/06/27 07:32:04 INFO SparkUI: Stopped Spark web UI at http://localhost:4040
[2024-06-27T07:32:04.640+0000] {docker.py:413} INFO - 24/06/27 07:32:04 INFO MapOutputTrackerMasterEndpoint: MapOutputTrackerMasterEndpoint stopped!
[2024-06-27T07:32:04.646+0000] {docker.py:413} INFO - 24/06/27 07:32:04 INFO MemoryStore: MemoryStore cleared
[2024-06-27T07:32:04.646+0000] {docker.py:413} INFO - 24/06/27 07:32:04 INFO BlockManager: BlockManager stopped
[2024-06-27T07:32:04.650+0000] {docker.py:413} INFO - 24/06/27 07:32:04 INFO BlockManagerMaster: BlockManagerMaster stopped
[2024-06-27T07:32:04.650+0000] {docker.py:413} INFO - 24/06/27 07:32:04 INFO OutputCommitCoordinator$OutputCommitCoordinatorEndpoint: OutputCommitCoordinator stopped!
[2024-06-27T07:32:04.657+0000] {docker.py:413} INFO - 24/06/27 07:32:04 INFO SparkContext: Successfully stopped SparkContext
[2024-06-27T07:32:04.657+0000] {docker.py:413} INFO - 24/06/27 07:32:04 INFO ShutdownHookManager: Shutdown hook called
[2024-06-27T07:32:04.658+0000] {docker.py:413} INFO - 24/06/27 07:32:04 INFO ShutdownHookManager: Deleting directory /tmp/spark-35111aeb-5734-4aa6-89dc-789e73b7421d/pyspark-97674e79-0c16-4b67-bfa3-100614c20959
[2024-06-27T07:32:04.659+0000] {docker.py:413} INFO - 24/06/27 07:32:04 INFO ShutdownHookManager: Deleting directory /tmp/spark-2c05ef6b-e619-4bf9-8abf-5ed039bf6afe
[2024-06-27T07:32:04.660+0000] {docker.py:413} INFO - 24/06/27 07:32:04 INFO ShutdownHookManager: Deleting directory /tmp/spark-35111aeb-5734-4aa6-89dc-789e73b7421d
[2024-06-27T07:32:04.816+0000] {taskinstance.py:1937} ERROR - Task failed with exception
Traceback (most recent call last):
  File "/home/airflow/.local/lib/python3.8/site-packages/docker/api/client.py", line 268, in _raise_for_status
    response.raise_for_status()
  File "/home/airflow/.local/lib/python3.8/site-packages/requests/models.py", line 1021, in raise_for_status
    raise HTTPError(http_error_msg, response=self)
requests.exceptions.HTTPError: 400 Client Error: Bad Request for url: http://docker-proxy:2375/v1.44/containers/create

The above exception was the direct cause of the following exception:

Traceback (most recent call last):
  File "/home/airflow/.local/lib/python3.8/site-packages/airflow/providers/docker/operators/docker.py", line 348, in _run_image
    return self._run_image_with_mounts([*self.mounts, tmp_mount], add_tmp_variable=True)
  File "/home/airflow/.local/lib/python3.8/site-packages/airflow/providers/docker/operators/docker.py", line 375, in _run_image_with_mounts
    self.container = self.cli.create_container(
  File "/home/airflow/.local/lib/python3.8/site-packages/docker/api/container.py", line 431, in create_container
    return self.create_container_from_config(config, name, platform)
  File "/home/airflow/.local/lib/python3.8/site-packages/docker/api/container.py", line 448, in create_container_from_config
    return self._result(res, True)
  File "/home/airflow/.local/lib/python3.8/site-packages/docker/api/client.py", line 274, in _result
    self._raise_for_status(response)
  File "/home/airflow/.local/lib/python3.8/site-packages/docker/api/client.py", line 270, in _raise_for_status
    raise create_api_error_from_http_exception(e) from e
  File "/home/airflow/.local/lib/python3.8/site-packages/docker/errors.py", line 39, in create_api_error_from_http_exception
    raise cls(e, response=response, explanation=explanation) from e
docker.errors.APIError: 400 Client Error for http://docker-proxy:2375/v1.44/containers/create: Bad Request ("invalid mount config for type "bind": bind source path does not exist: /host_mnt/private/tmp/airflowtmpn19h6zb4")

During handling of the above exception, another exception occurred:

Traceback (most recent call last):
  File "/home/airflow/.local/lib/python3.8/site-packages/airflow/providers/docker/operators/docker.py", line 486, in execute
    return self._run_image()
  File "/home/airflow/.local/lib/python3.8/site-packages/airflow/providers/docker/operators/docker.py", line 357, in _run_image
    return self._run_image_with_mounts(self.mounts, add_tmp_variable=False)
  File "/home/airflow/.local/lib/python3.8/site-packages/airflow/providers/docker/operators/docker.py", line 421, in _run_image_with_mounts
    raise DockerContainerFailedException(f"Docker container failed: {result!r}", logs=log_lines)
airflow.providers.docker.exceptions.DockerContainerFailedException: Docker container failed: {'StatusCode': 1}
[2024-06-27T07:32:04.822+0000] {taskinstance.py:1400} INFO - Marking task as UP_FOR_RETRY. dag_id=kafka_spark_dag, task_id=pyspark_consumer, execution_date=20240627T073148, start_date=20240627T073151, end_date=20240627T073204
[2024-06-27T07:32:04.828+0000] {standard_task_runner.py:104} ERROR - Failed to execute job 113 for task pyspark_consumer (Docker container failed: {'StatusCode': 1}; 2124)
[2024-06-27T07:32:04.871+0000] {local_task_job_runner.py:228} INFO - Task exited with return code 1
[2024-06-27T07:32:04.880+0000] {taskinstance.py:2778} INFO - 0 downstream tasks scheduled from follow-on schedule check
