[2024-06-27T07:32:11.272+0000] {taskinstance.py:1159} INFO - Dependencies all met for dep_context=non-requeueable deps ti=<TaskInstance: kafka_spark_dag.pyspark_consumer manual__2024-06-27T07:31:48.559193+00:00 [queued]>
[2024-06-27T07:32:11.276+0000] {taskinstance.py:1159} INFO - Dependencies all met for dep_context=requeueable deps ti=<TaskInstance: kafka_spark_dag.pyspark_consumer manual__2024-06-27T07:31:48.559193+00:00 [queued]>
[2024-06-27T07:32:11.277+0000] {taskinstance.py:1361} INFO - Starting attempt 2 of 2
[2024-06-27T07:32:11.282+0000] {taskinstance.py:1382} INFO - Executing <Task(DockerOperator): pyspark_consumer> on 2024-06-27 07:31:48.559193+00:00
[2024-06-27T07:32:11.285+0000] {standard_task_runner.py:57} INFO - Started process 2134 to run task
[2024-06-27T07:32:11.287+0000] {standard_task_runner.py:84} INFO - Running: ['***', 'tasks', 'run', 'kafka_spark_dag', 'pyspark_consumer', 'manual__2024-06-27T07:31:48.559193+00:00', '--job-id', '114', '--raw', '--subdir', 'DAGS_FOLDER/dag_kafka_spark.py', '--cfg-path', '/tmp/tmpnc_yatab']
[2024-06-27T07:32:11.289+0000] {standard_task_runner.py:85} INFO - Job 114: Subtask pyspark_consumer
[2024-06-27T07:32:11.314+0000] {task_command.py:416} INFO - Running <TaskInstance: kafka_spark_dag.pyspark_consumer manual__2024-06-27T07:31:48.559193+00:00 [running]> on host cd176cdca805
[2024-06-27T07:32:11.346+0000] {taskinstance.py:1662} INFO - Exporting env vars: AIRFLOW_CTX_DAG_OWNER='***' AIRFLOW_CTX_DAG_ID='kafka_spark_dag' AIRFLOW_CTX_TASK_ID='pyspark_consumer' AIRFLOW_CTX_EXECUTION_DATE='2024-06-27T07:31:48.559193+00:00' AIRFLOW_CTX_TRY_NUMBER='2' AIRFLOW_CTX_DAG_RUN_ID='manual__2024-06-27T07:31:48.559193+00:00'
[2024-06-27T07:32:11.401+0000] {docker.py:343} INFO - Starting docker container from image current-headlines/spark:latest
[2024-06-27T07:32:11.447+0000] {docker.py:351} WARNING - Using remote engine or docker-in-docker and mounting temporary volume from host is not supported. Falling back to `mount_tmp_dir=False` mode. You can set `mount_tmp_dir` parameter to False to disable mounting and remove the warning
[2024-06-27T07:32:11.603+0000] {docker.py:413} INFO - [38;5;6mspark [38;5;5m07:32:11.60 [0m[38;5;2mINFO [0m ==>
[2024-06-27T07:32:11.604+0000] {docker.py:413} INFO - [38;5;6mspark [38;5;5m07:32:11.60 [0m[38;5;2mINFO [0m ==> [1mWelcome to the Bitnami spark container[0m
[2024-06-27T07:32:11.605+0000] {docker.py:413} INFO - [38;5;6mspark [38;5;5m07:32:11.60 [0m[38;5;2mINFO [0m ==> Subscribe to project updates by watching [1mhttps://github.com/bitnami/containers[0m
[2024-06-27T07:32:11.606+0000] {docker.py:413} INFO - [38;5;6mspark [38;5;5m07:32:11.60 [0m[38;5;2mINFO [0m ==> Submit issues and feature requests at [1mhttps://github.com/bitnami/containers/issues[0m
[2024-06-27T07:32:11.607+0000] {docker.py:413} INFO - [38;5;6mspark [38;5;5m07:32:11.60 [0m[38;5;2mINFO [0m ==>
[2024-06-27T07:32:11.609+0000] {docker.py:413} INFO - 
[2024-06-27T07:32:12.395+0000] {docker.py:413} INFO - :: loading settings :: url = jar:file:/opt/bitnami/spark/jars/ivy-2.5.1.jar!/org/apache/ivy/core/settings/ivysettings.xml
[2024-06-27T07:32:12.424+0000] {docker.py:413} INFO - Ivy Default Cache set to: /opt/bitnami/spark/.ivy2/cache
The jars for the packages stored in: /opt/bitnami/spark/.ivy2/jars
[2024-06-27T07:32:12.426+0000] {docker.py:413} INFO - org.postgresql#postgresql added as a dependency
org.apache.spark#spark-sql-kafka-0-10_2.12 added as a dependency
[2024-06-27T07:32:12.427+0000] {docker.py:413} INFO - :: resolving dependencies :: org.apache.spark#spark-submit-parent-9b1eb8c3-1792-472f-b09f-d55b1f388d3f;1.0
	confs: [default]
[2024-06-27T07:32:12.676+0000] {docker.py:413} INFO - found org.postgresql#postgresql;42.5.4 in central
[2024-06-27T07:32:12.702+0000] {docker.py:413} INFO - found org.checkerframework#checker-qual;3.5.0 in central
[2024-06-27T07:32:13.094+0000] {docker.py:413} INFO - found org.apache.spark#spark-sql-kafka-0-10_2.12;3.5.0 in central
[2024-06-27T07:32:13.210+0000] {docker.py:413} INFO - found org.apache.spark#spark-token-provider-kafka-0-10_2.12;3.5.0 in central
[2024-06-27T07:32:13.241+0000] {docker.py:413} INFO - found org.apache.kafka#kafka-clients;3.4.1 in central
[2024-06-27T07:32:13.270+0000] {docker.py:413} INFO - found org.lz4#lz4-java;1.8.0 in central
[2024-06-27T07:32:13.300+0000] {docker.py:413} INFO - found org.xerial.snappy#snappy-java;1.1.10.3 in central
[2024-06-27T07:32:13.407+0000] {docker.py:413} INFO - found org.slf4j#slf4j-api;2.0.7 in central
[2024-06-27T07:32:13.727+0000] {docker.py:413} INFO - found org.apache.hadoop#hadoop-client-runtime;3.3.4 in central
[2024-06-27T07:32:13.774+0000] {docker.py:413} INFO - found org.apache.hadoop#hadoop-client-api;3.3.4 in central
[2024-06-27T07:32:13.966+0000] {docker.py:413} INFO - found commons-logging#commons-logging;1.1.3 in central
[2024-06-27T07:32:13.998+0000] {docker.py:413} INFO - found com.google.code.findbugs#jsr305;3.0.0 in central
[2024-06-27T07:32:14.258+0000] {docker.py:413} INFO - found org.apache.commons#commons-pool2;2.11.1 in central
[2024-06-27T07:32:14.276+0000] {docker.py:413} INFO - downloading https://repo1.maven.org/maven2/org/postgresql/postgresql/42.5.4/postgresql-42.5.4.jar ...
[2024-06-27T07:32:14.316+0000] {docker.py:413} INFO - [SUCCESSFUL ] org.postgresql#postgresql;42.5.4!postgresql.jar (53ms)
[2024-06-27T07:32:14.326+0000] {docker.py:413} INFO - downloading https://repo1.maven.org/maven2/org/apache/spark/spark-sql-kafka-0-10_2.12/3.5.0/spark-sql-kafka-0-10_2.12-3.5.0.jar ...
[2024-06-27T07:32:14.344+0000] {docker.py:413} INFO - [SUCCESSFUL ] org.apache.spark#spark-sql-kafka-0-10_2.12;3.5.0!spark-sql-kafka-0-10_2.12.jar (27ms)
[2024-06-27T07:32:14.362+0000] {docker.py:413} INFO - downloading https://repo1.maven.org/maven2/org/checkerframework/checker-qual/3.5.0/checker-qual-3.5.0.jar ...
[2024-06-27T07:32:14.375+0000] {docker.py:413} INFO - [SUCCESSFUL ] org.checkerframework#checker-qual;3.5.0!checker-qual.jar (32ms)
[2024-06-27T07:32:14.385+0000] {docker.py:413} INFO - downloading https://repo1.maven.org/maven2/org/apache/spark/spark-token-provider-kafka-0-10_2.12/3.5.0/spark-token-provider-kafka-0-10_2.12-3.5.0.jar ...
[2024-06-27T07:32:14.402+0000] {docker.py:413} INFO - [SUCCESSFUL ] org.apache.spark#spark-token-provider-kafka-0-10_2.12;3.5.0!spark-token-provider-kafka-0-10_2.12.jar (27ms)
[2024-06-27T07:32:14.420+0000] {docker.py:413} INFO - downloading https://repo1.maven.org/maven2/org/apache/kafka/kafka-clients/3.4.1/kafka-clients-3.4.1.jar ...
[2024-06-27T07:32:14.536+0000] {docker.py:413} INFO - [SUCCESSFUL ] org.apache.kafka#kafka-clients;3.4.1!kafka-clients.jar (133ms)
[2024-06-27T07:32:14.543+0000] {docker.py:413} INFO - downloading https://repo1.maven.org/maven2/com/google/code/findbugs/jsr305/3.0.0/jsr305-3.0.0.jar ...
[2024-06-27T07:32:14.557+0000] {docker.py:413} INFO - [SUCCESSFUL ] com.google.code.findbugs#jsr305;3.0.0!jsr305.jar (21ms)
[2024-06-27T07:32:14.566+0000] {docker.py:413} INFO - downloading https://repo1.maven.org/maven2/org/apache/commons/commons-pool2/2.11.1/commons-pool2-2.11.1.jar ...
[2024-06-27T07:32:14.581+0000] {docker.py:413} INFO - [SUCCESSFUL ] org.apache.commons#commons-pool2;2.11.1!commons-pool2.jar (24ms)
[2024-06-27T07:32:14.596+0000] {docker.py:413} INFO - downloading https://repo1.maven.org/maven2/org/apache/hadoop/hadoop-client-runtime/3.3.4/hadoop-client-runtime-3.3.4.jar ...
[2024-06-27T07:32:15.215+0000] {docker.py:413} INFO - [SUCCESSFUL ] org.apache.hadoop#hadoop-client-runtime;3.3.4!hadoop-client-runtime.jar (634ms)
[2024-06-27T07:32:15.233+0000] {docker.py:413} INFO - downloading https://repo1.maven.org/maven2/org/lz4/lz4-java/1.8.0/lz4-java-1.8.0.jar ...
[2024-06-27T07:32:15.255+0000] {docker.py:413} INFO - [SUCCESSFUL ] org.lz4#lz4-java;1.8.0!lz4-java.jar (39ms)
[2024-06-27T07:32:15.268+0000] {docker.py:413} INFO - downloading https://repo1.maven.org/maven2/org/xerial/snappy/snappy-java/1.1.10.3/snappy-java-1.1.10.3.jar ...
[2024-06-27T07:32:15.317+0000] {docker.py:413} INFO - [SUCCESSFUL ] org.xerial.snappy#snappy-java;1.1.10.3!snappy-java.jar(bundle) (61ms)
[2024-06-27T07:32:15.328+0000] {docker.py:413} INFO - downloading https://repo1.maven.org/maven2/org/slf4j/slf4j-api/2.0.7/slf4j-api-2.0.7.jar ...
[2024-06-27T07:32:15.340+0000] {docker.py:413} INFO - [SUCCESSFUL ] org.slf4j#slf4j-api;2.0.7!slf4j-api.jar (23ms)
[2024-06-27T07:32:15.350+0000] {docker.py:413} INFO - downloading https://repo1.maven.org/maven2/org/apache/hadoop/hadoop-client-api/3.3.4/hadoop-client-api-3.3.4.jar ...
[2024-06-27T07:32:15.794+0000] {docker.py:413} INFO - [SUCCESSFUL ] org.apache.hadoop#hadoop-client-api;3.3.4!hadoop-client-api.jar (454ms)
[2024-06-27T07:32:15.809+0000] {docker.py:413} INFO - downloading https://repo1.maven.org/maven2/commons-logging/commons-logging/1.1.3/commons-logging-1.1.3.jar ...
[2024-06-27T07:32:15.821+0000] {docker.py:413} INFO - [SUCCESSFUL ] commons-logging#commons-logging;1.1.3!commons-logging.jar (26ms)
[2024-06-27T07:32:15.825+0000] {docker.py:413} INFO - :: resolution report :: resolve 1836ms :: artifacts dl 1558ms
[2024-06-27T07:32:15.825+0000] {docker.py:413} INFO - :: modules in use:
[2024-06-27T07:32:15.826+0000] {docker.py:413} INFO - com.google.code.findbugs#jsr305;3.0.0 from central in [default]
[2024-06-27T07:32:15.826+0000] {docker.py:413} INFO - commons-logging#commons-logging;1.1.3 from central in [default]
	org.apache.commons#commons-pool2;2.11.1 from central in [default]
	org.apache.hadoop#hadoop-client-api;3.3.4 from central in [default]
[2024-06-27T07:32:15.826+0000] {docker.py:413} INFO - org.apache.hadoop#hadoop-client-runtime;3.3.4 from central in [default]
	org.apache.kafka#kafka-clients;3.4.1 from central in [default]
	org.apache.spark#spark-sql-kafka-0-10_2.12;3.5.0 from central in [default]
	org.apache.spark#spark-token-provider-kafka-0-10_2.12;3.5.0 from central in [default]
	org.checkerframework#checker-qual;3.5.0 from central in [default]
	org.lz4#lz4-java;1.8.0 from central in [default]
[2024-06-27T07:32:15.826+0000] {docker.py:413} INFO - org.postgresql#postgresql;42.5.4 from central in [default]
	org.slf4j#slf4j-api;2.0.7 from central in [default]
	org.xerial.snappy#snappy-java;1.1.10.3 from central in [default]
	---------------------------------------------------------------------
	|                  |            modules            ||   artifacts   |
[2024-06-27T07:32:15.827+0000] {docker.py:413} INFO - |       conf       | number| search|dwnlded|evicted|| number|dwnlded|
	---------------------------------------------------------------------
[2024-06-27T07:32:15.827+0000] {docker.py:413} INFO - |      default     |   13  |   13  |   13  |   0   ||   13  |   13  |
	---------------------------------------------------------------------
[2024-06-27T07:32:15.827+0000] {docker.py:413} INFO - :: retrieving :: org.apache.spark#spark-submit-parent-9b1eb8c3-1792-472f-b09f-d55b1f388d3f
	confs: [default]
[2024-06-27T07:32:15.847+0000] {docker.py:413} INFO - 13 artifacts copied, 0 already retrieved (58001kB/23ms)
[2024-06-27T07:32:15.955+0000] {docker.py:413} INFO - 24/06/27 07:32:15 WARN NativeCodeLoader: Unable to load native-hadoop library for your platform... using builtin-java classes where applicable
[2024-06-27T07:32:16.510+0000] {docker.py:413} INFO - 24/06/27 07:32:16 INFO SparkContext: Running Spark version 3.5.0
[2024-06-27T07:32:16.510+0000] {docker.py:413} INFO - 24/06/27 07:32:16 INFO SparkContext: OS info Linux, 6.6.12-linuxkit, aarch64
[2024-06-27T07:32:16.511+0000] {docker.py:413} INFO - 24/06/27 07:32:16 INFO SparkContext: Java version 17.0.10
[2024-06-27T07:32:16.520+0000] {docker.py:413} INFO - 24/06/27 07:32:16 INFO ResourceUtils: ==============================================================
[2024-06-27T07:32:16.522+0000] {docker.py:413} INFO - 24/06/27 07:32:16 INFO ResourceUtils: No custom resources configured for spark.driver.
[2024-06-27T07:32:16.522+0000] {docker.py:413} INFO - 24/06/27 07:32:16 INFO ResourceUtils: ==============================================================
[2024-06-27T07:32:16.522+0000] {docker.py:413} INFO - 24/06/27 07:32:16 INFO SparkContext: Submitted application: PostgreSQL Connection with PySpark
[2024-06-27T07:32:16.531+0000] {docker.py:413} INFO - 24/06/27 07:32:16 INFO ResourceProfile: Default ResourceProfile created, executor resources: Map(cores -> name: cores, amount: 1, script: , vendor: , memory -> name: memory, amount: 1024, script: , vendor: , offHeap -> name: offHeap, amount: 0, script: , vendor: ), task resources: Map(cpus -> name: cpus, amount: 1.0)
[2024-06-27T07:32:16.535+0000] {docker.py:413} INFO - 24/06/27 07:32:16 INFO ResourceProfile: Limiting resource is cpu
[2024-06-27T07:32:16.535+0000] {docker.py:413} INFO - 24/06/27 07:32:16 INFO ResourceProfileManager: Added ResourceProfile id: 0
[2024-06-27T07:32:16.560+0000] {docker.py:413} INFO - 24/06/27 07:32:16 INFO SecurityManager: Changing view acls to: spark
[2024-06-27T07:32:16.560+0000] {docker.py:413} INFO - 24/06/27 07:32:16 INFO SecurityManager: Changing modify acls to: spark
[2024-06-27T07:32:16.560+0000] {docker.py:413} INFO - 24/06/27 07:32:16 INFO SecurityManager: Changing view acls groups to:
[2024-06-27T07:32:16.561+0000] {docker.py:413} INFO - 24/06/27 07:32:16 INFO SecurityManager: Changing modify acls groups to:
[2024-06-27T07:32:16.561+0000] {docker.py:413} INFO - 24/06/27 07:32:16 INFO SecurityManager: SecurityManager: authentication disabled; ui acls disabled; users with view permissions: spark; groups with view permissions: EMPTY; users with modify permissions: spark; groups with modify permissions: EMPTY
[2024-06-27T07:32:16.655+0000] {docker.py:413} INFO - 24/06/27 07:32:16 INFO Utils: Successfully started service 'sparkDriver' on port 39113.
[2024-06-27T07:32:16.668+0000] {docker.py:413} INFO - 24/06/27 07:32:16 INFO SparkEnv: Registering MapOutputTracker
[2024-06-27T07:32:16.684+0000] {docker.py:413} INFO - 24/06/27 07:32:16 INFO SparkEnv: Registering BlockManagerMaster
[2024-06-27T07:32:16.692+0000] {docker.py:413} INFO - 24/06/27 07:32:16 INFO BlockManagerMasterEndpoint: Using org.apache.spark.storage.DefaultTopologyMapper for getting topology information
[2024-06-27T07:32:16.692+0000] {docker.py:413} INFO - 24/06/27 07:32:16 INFO BlockManagerMasterEndpoint: BlockManagerMasterEndpoint up
[2024-06-27T07:32:16.694+0000] {docker.py:413} INFO - 24/06/27 07:32:16 INFO SparkEnv: Registering BlockManagerMasterHeartbeat
[2024-06-27T07:32:16.705+0000] {docker.py:413} INFO - 24/06/27 07:32:16 INFO DiskBlockManager: Created local directory at /tmp/blockmgr-ce9032d0-855e-451d-bade-c04fe6d855cb
[2024-06-27T07:32:16.712+0000] {docker.py:413} INFO - 24/06/27 07:32:16 INFO MemoryStore: MemoryStore started with capacity 434.4 MiB
[2024-06-27T07:32:16.722+0000] {docker.py:413} INFO - 24/06/27 07:32:16 INFO SparkEnv: Registering OutputCommitCoordinator
[2024-06-27T07:32:16.781+0000] {docker.py:413} INFO - 24/06/27 07:32:16 INFO JettyUtils: Start Jetty 0.0.0.0:4040 for SparkUI
[2024-06-27T07:32:16.815+0000] {docker.py:413} INFO - 24/06/27 07:32:16 INFO Utils: Successfully started service 'SparkUI' on port 4040.
[2024-06-27T07:32:16.832+0000] {docker.py:413} INFO - 24/06/27 07:32:16 INFO SparkContext: Added JAR file:///opt/bitnami/spark/.ivy2/jars/org.postgresql_postgresql-42.5.4.jar at spark://localhost:39113/jars/org.postgresql_postgresql-42.5.4.jar with timestamp 1719473536505
[2024-06-27T07:32:16.833+0000] {docker.py:413} INFO - 24/06/27 07:32:16 INFO SparkContext: Added JAR file:///opt/bitnami/spark/.ivy2/jars/org.apache.spark_spark-sql-kafka-0-10_2.12-3.5.0.jar at spark://localhost:39113/jars/org.apache.spark_spark-sql-kafka-0-10_2.12-3.5.0.jar with timestamp 1719473536505
[2024-06-27T07:32:16.833+0000] {docker.py:413} INFO - 24/06/27 07:32:16 INFO SparkContext: Added JAR file:///opt/bitnami/spark/.ivy2/jars/org.checkerframework_checker-qual-3.5.0.jar at spark://localhost:39113/jars/org.checkerframework_checker-qual-3.5.0.jar with timestamp 1719473536505
[2024-06-27T07:32:16.834+0000] {docker.py:413} INFO - 24/06/27 07:32:16 INFO SparkContext: Added JAR file:///opt/bitnami/spark/.ivy2/jars/org.apache.spark_spark-token-provider-kafka-0-10_2.12-3.5.0.jar at spark://localhost:39113/jars/org.apache.spark_spark-token-provider-kafka-0-10_2.12-3.5.0.jar with timestamp 1719473536505
24/06/27 07:32:16 INFO SparkContext: Added JAR file:///opt/bitnami/spark/.ivy2/jars/org.apache.kafka_kafka-clients-3.4.1.jar at spark://localhost:39113/jars/org.apache.kafka_kafka-clients-3.4.1.jar with timestamp 1719473536505
[2024-06-27T07:32:16.834+0000] {docker.py:413} INFO - 24/06/27 07:32:16 INFO SparkContext: Added JAR file:///opt/bitnami/spark/.ivy2/jars/com.google.code.findbugs_jsr305-3.0.0.jar at spark://localhost:39113/jars/com.google.code.findbugs_jsr305-3.0.0.jar with timestamp 1719473536505
24/06/27 07:32:16 INFO SparkContext: Added JAR file:///opt/bitnami/spark/.ivy2/jars/org.apache.commons_commons-pool2-2.11.1.jar at spark://localhost:39113/jars/org.apache.commons_commons-pool2-2.11.1.jar with timestamp 1719473536505
[2024-06-27T07:32:16.834+0000] {docker.py:413} INFO - 24/06/27 07:32:16 INFO SparkContext: Added JAR file:///opt/bitnami/spark/.ivy2/jars/org.apache.hadoop_hadoop-client-runtime-3.3.4.jar at spark://localhost:39113/jars/org.apache.hadoop_hadoop-client-runtime-3.3.4.jar with timestamp 1719473536505
24/06/27 07:32:16 INFO SparkContext: Added JAR file:///opt/bitnami/spark/.ivy2/jars/org.lz4_lz4-java-1.8.0.jar at spark://localhost:39113/jars/org.lz4_lz4-java-1.8.0.jar with timestamp 1719473536505
[2024-06-27T07:32:16.835+0000] {docker.py:413} INFO - 24/06/27 07:32:16 INFO SparkContext: Added JAR file:///opt/bitnami/spark/.ivy2/jars/org.xerial.snappy_snappy-java-1.1.10.3.jar at spark://localhost:39113/jars/org.xerial.snappy_snappy-java-1.1.10.3.jar with timestamp 1719473536505
[2024-06-27T07:32:16.835+0000] {docker.py:413} INFO - 24/06/27 07:32:16 INFO SparkContext: Added JAR file:///opt/bitnami/spark/.ivy2/jars/org.slf4j_slf4j-api-2.0.7.jar at spark://localhost:39113/jars/org.slf4j_slf4j-api-2.0.7.jar with timestamp 1719473536505
24/06/27 07:32:16 INFO SparkContext: Added JAR file:///opt/bitnami/spark/.ivy2/jars/org.apache.hadoop_hadoop-client-api-3.3.4.jar at spark://localhost:39113/jars/org.apache.hadoop_hadoop-client-api-3.3.4.jar with timestamp 1719473536505
24/06/27 07:32:16 INFO SparkContext: Added JAR file:///opt/bitnami/spark/.ivy2/jars/commons-logging_commons-logging-1.1.3.jar at spark://localhost:39113/jars/commons-logging_commons-logging-1.1.3.jar with timestamp 1719473536505
[2024-06-27T07:32:16.836+0000] {docker.py:413} INFO - 24/06/27 07:32:16 INFO SparkContext: Added file file:///opt/bitnami/spark/.ivy2/jars/org.postgresql_postgresql-42.5.4.jar at file:///opt/bitnami/spark/.ivy2/jars/org.postgresql_postgresql-42.5.4.jar with timestamp 1719473536505
[2024-06-27T07:32:16.836+0000] {docker.py:413} INFO - 24/06/27 07:32:16 INFO Utils: Copying /opt/bitnami/spark/.ivy2/jars/org.postgresql_postgresql-42.5.4.jar to /tmp/spark-dd589f71-0471-4a80-a147-bc8ff8923bec/userFiles-1cdc7487-7afc-4cf7-8384-fec487f329ed/org.postgresql_postgresql-42.5.4.jar
[2024-06-27T07:32:16.841+0000] {docker.py:413} INFO - 24/06/27 07:32:16 INFO SparkContext: Added file file:///opt/bitnami/spark/.ivy2/jars/org.apache.spark_spark-sql-kafka-0-10_2.12-3.5.0.jar at file:///opt/bitnami/spark/.ivy2/jars/org.apache.spark_spark-sql-kafka-0-10_2.12-3.5.0.jar with timestamp 1719473536505
[2024-06-27T07:32:16.841+0000] {docker.py:413} INFO - 24/06/27 07:32:16 INFO Utils: Copying /opt/bitnami/spark/.ivy2/jars/org.apache.spark_spark-sql-kafka-0-10_2.12-3.5.0.jar to /tmp/spark-dd589f71-0471-4a80-a147-bc8ff8923bec/userFiles-1cdc7487-7afc-4cf7-8384-fec487f329ed/org.apache.spark_spark-sql-kafka-0-10_2.12-3.5.0.jar
[2024-06-27T07:32:16.842+0000] {docker.py:413} INFO - 24/06/27 07:32:16 INFO SparkContext: Added file file:///opt/bitnami/spark/.ivy2/jars/org.checkerframework_checker-qual-3.5.0.jar at file:///opt/bitnami/spark/.ivy2/jars/org.checkerframework_checker-qual-3.5.0.jar with timestamp 1719473536505
[2024-06-27T07:32:16.843+0000] {docker.py:413} INFO - 24/06/27 07:32:16 INFO Utils: Copying /opt/bitnami/spark/.ivy2/jars/org.checkerframework_checker-qual-3.5.0.jar to /tmp/spark-dd589f71-0471-4a80-a147-bc8ff8923bec/userFiles-1cdc7487-7afc-4cf7-8384-fec487f329ed/org.checkerframework_checker-qual-3.5.0.jar
[2024-06-27T07:32:16.844+0000] {docker.py:413} INFO - 24/06/27 07:32:16 INFO SparkContext: Added file file:///opt/bitnami/spark/.ivy2/jars/org.apache.spark_spark-token-provider-kafka-0-10_2.12-3.5.0.jar at file:///opt/bitnami/spark/.ivy2/jars/org.apache.spark_spark-token-provider-kafka-0-10_2.12-3.5.0.jar with timestamp 1719473536505
[2024-06-27T07:32:16.845+0000] {docker.py:413} INFO - 24/06/27 07:32:16 INFO Utils: Copying /opt/bitnami/spark/.ivy2/jars/org.apache.spark_spark-token-provider-kafka-0-10_2.12-3.5.0.jar to /tmp/spark-dd589f71-0471-4a80-a147-bc8ff8923bec/userFiles-1cdc7487-7afc-4cf7-8384-fec487f329ed/org.apache.spark_spark-token-provider-kafka-0-10_2.12-3.5.0.jar
[2024-06-27T07:32:16.846+0000] {docker.py:413} INFO - 24/06/27 07:32:16 INFO SparkContext: Added file file:///opt/bitnami/spark/.ivy2/jars/org.apache.kafka_kafka-clients-3.4.1.jar at file:///opt/bitnami/spark/.ivy2/jars/org.apache.kafka_kafka-clients-3.4.1.jar with timestamp 1719473536505
[2024-06-27T07:32:16.846+0000] {docker.py:413} INFO - 24/06/27 07:32:16 INFO Utils: Copying /opt/bitnami/spark/.ivy2/jars/org.apache.kafka_kafka-clients-3.4.1.jar to /tmp/spark-dd589f71-0471-4a80-a147-bc8ff8923bec/userFiles-1cdc7487-7afc-4cf7-8384-fec487f329ed/org.apache.kafka_kafka-clients-3.4.1.jar
[2024-06-27T07:32:16.848+0000] {docker.py:413} INFO - 24/06/27 07:32:16 INFO SparkContext: Added file file:///opt/bitnami/spark/.ivy2/jars/com.google.code.findbugs_jsr305-3.0.0.jar at file:///opt/bitnami/spark/.ivy2/jars/com.google.code.findbugs_jsr305-3.0.0.jar with timestamp 1719473536505
[2024-06-27T07:32:16.849+0000] {docker.py:413} INFO - 24/06/27 07:32:16 INFO Utils: Copying /opt/bitnami/spark/.ivy2/jars/com.google.code.findbugs_jsr305-3.0.0.jar to /tmp/spark-dd589f71-0471-4a80-a147-bc8ff8923bec/userFiles-1cdc7487-7afc-4cf7-8384-fec487f329ed/com.google.code.findbugs_jsr305-3.0.0.jar
[2024-06-27T07:32:16.850+0000] {docker.py:413} INFO - 24/06/27 07:32:16 INFO SparkContext: Added file file:///opt/bitnami/spark/.ivy2/jars/org.apache.commons_commons-pool2-2.11.1.jar at file:///opt/bitnami/spark/.ivy2/jars/org.apache.commons_commons-pool2-2.11.1.jar with timestamp 1719473536505
[2024-06-27T07:32:16.850+0000] {docker.py:413} INFO - 24/06/27 07:32:16 INFO Utils: Copying /opt/bitnami/spark/.ivy2/jars/org.apache.commons_commons-pool2-2.11.1.jar to /tmp/spark-dd589f71-0471-4a80-a147-bc8ff8923bec/userFiles-1cdc7487-7afc-4cf7-8384-fec487f329ed/org.apache.commons_commons-pool2-2.11.1.jar
[2024-06-27T07:32:16.852+0000] {docker.py:413} INFO - 24/06/27 07:32:16 INFO SparkContext: Added file file:///opt/bitnami/spark/.ivy2/jars/org.apache.hadoop_hadoop-client-runtime-3.3.4.jar at file:///opt/bitnami/spark/.ivy2/jars/org.apache.hadoop_hadoop-client-runtime-3.3.4.jar with timestamp 1719473536505
[2024-06-27T07:32:16.852+0000] {docker.py:413} INFO - 24/06/27 07:32:16 INFO Utils: Copying /opt/bitnami/spark/.ivy2/jars/org.apache.hadoop_hadoop-client-runtime-3.3.4.jar to /tmp/spark-dd589f71-0471-4a80-a147-bc8ff8923bec/userFiles-1cdc7487-7afc-4cf7-8384-fec487f329ed/org.apache.hadoop_hadoop-client-runtime-3.3.4.jar
[2024-06-27T07:32:16.858+0000] {docker.py:413} INFO - 24/06/27 07:32:16 INFO SparkContext: Added file file:///opt/bitnami/spark/.ivy2/jars/org.lz4_lz4-java-1.8.0.jar at file:///opt/bitnami/spark/.ivy2/jars/org.lz4_lz4-java-1.8.0.jar with timestamp 1719473536505
[2024-06-27T07:32:16.858+0000] {docker.py:413} INFO - 24/06/27 07:32:16 INFO Utils: Copying /opt/bitnami/spark/.ivy2/jars/org.lz4_lz4-java-1.8.0.jar to /tmp/spark-dd589f71-0471-4a80-a147-bc8ff8923bec/userFiles-1cdc7487-7afc-4cf7-8384-fec487f329ed/org.lz4_lz4-java-1.8.0.jar
[2024-06-27T07:32:16.860+0000] {docker.py:413} INFO - 24/06/27 07:32:16 INFO SparkContext: Added file file:///opt/bitnami/spark/.ivy2/jars/org.xerial.snappy_snappy-java-1.1.10.3.jar at file:///opt/bitnami/spark/.ivy2/jars/org.xerial.snappy_snappy-java-1.1.10.3.jar with timestamp 1719473536505
[2024-06-27T07:32:16.860+0000] {docker.py:413} INFO - 24/06/27 07:32:16 INFO Utils: Copying /opt/bitnami/spark/.ivy2/jars/org.xerial.snappy_snappy-java-1.1.10.3.jar to /tmp/spark-dd589f71-0471-4a80-a147-bc8ff8923bec/userFiles-1cdc7487-7afc-4cf7-8384-fec487f329ed/org.xerial.snappy_snappy-java-1.1.10.3.jar
[2024-06-27T07:32:16.861+0000] {docker.py:413} INFO - 24/06/27 07:32:16 INFO SparkContext: Added file file:///opt/bitnami/spark/.ivy2/jars/org.slf4j_slf4j-api-2.0.7.jar at file:///opt/bitnami/spark/.ivy2/jars/org.slf4j_slf4j-api-2.0.7.jar with timestamp 1719473536505
[2024-06-27T07:32:16.862+0000] {docker.py:413} INFO - 24/06/27 07:32:16 INFO Utils: Copying /opt/bitnami/spark/.ivy2/jars/org.slf4j_slf4j-api-2.0.7.jar to /tmp/spark-dd589f71-0471-4a80-a147-bc8ff8923bec/userFiles-1cdc7487-7afc-4cf7-8384-fec487f329ed/org.slf4j_slf4j-api-2.0.7.jar
[2024-06-27T07:32:16.863+0000] {docker.py:413} INFO - 24/06/27 07:32:16 INFO SparkContext: Added file file:///opt/bitnami/spark/.ivy2/jars/org.apache.hadoop_hadoop-client-api-3.3.4.jar at file:///opt/bitnami/spark/.ivy2/jars/org.apache.hadoop_hadoop-client-api-3.3.4.jar with timestamp 1719473536505
[2024-06-27T07:32:16.863+0000] {docker.py:413} INFO - 24/06/27 07:32:16 INFO Utils: Copying /opt/bitnami/spark/.ivy2/jars/org.apache.hadoop_hadoop-client-api-3.3.4.jar to /tmp/spark-dd589f71-0471-4a80-a147-bc8ff8923bec/userFiles-1cdc7487-7afc-4cf7-8384-fec487f329ed/org.apache.hadoop_hadoop-client-api-3.3.4.jar
[2024-06-27T07:32:16.868+0000] {docker.py:413} INFO - 24/06/27 07:32:16 INFO SparkContext: Added file file:///opt/bitnami/spark/.ivy2/jars/commons-logging_commons-logging-1.1.3.jar at file:///opt/bitnami/spark/.ivy2/jars/commons-logging_commons-logging-1.1.3.jar with timestamp 1719473536505
24/06/27 07:32:16 INFO Utils: Copying /opt/bitnami/spark/.ivy2/jars/commons-logging_commons-logging-1.1.3.jar to /tmp/spark-dd589f71-0471-4a80-a147-bc8ff8923bec/userFiles-1cdc7487-7afc-4cf7-8384-fec487f329ed/commons-logging_commons-logging-1.1.3.jar
[2024-06-27T07:32:16.896+0000] {docker.py:413} INFO - 24/06/27 07:32:16 INFO Executor: Starting executor ID driver on host localhost
[2024-06-27T07:32:16.896+0000] {docker.py:413} INFO - 24/06/27 07:32:16 INFO Executor: OS info Linux, 6.6.12-linuxkit, aarch64
[2024-06-27T07:32:16.897+0000] {docker.py:413} INFO - 24/06/27 07:32:16 INFO Executor: Java version 17.0.10
[2024-06-27T07:32:16.899+0000] {docker.py:413} INFO - 24/06/27 07:32:16 INFO Executor: Starting executor with user classpath (userClassPathFirst = false): ''
[2024-06-27T07:32:16.899+0000] {docker.py:413} INFO - 24/06/27 07:32:16 INFO Executor: Created or updated repl class loader org.apache.spark.util.MutableURLClassLoader@16947d74 for default.
[2024-06-27T07:32:16.904+0000] {docker.py:413} INFO - 24/06/27 07:32:16 INFO Executor: Fetching file:///opt/bitnami/spark/.ivy2/jars/org.apache.spark_spark-token-provider-kafka-0-10_2.12-3.5.0.jar with timestamp 1719473536505
[2024-06-27T07:32:16.911+0000] {docker.py:413} INFO - 24/06/27 07:32:16 INFO Utils: /opt/bitnami/spark/.ivy2/jars/org.apache.spark_spark-token-provider-kafka-0-10_2.12-3.5.0.jar has been previously copied to /tmp/spark-dd589f71-0471-4a80-a147-bc8ff8923bec/userFiles-1cdc7487-7afc-4cf7-8384-fec487f329ed/org.apache.spark_spark-token-provider-kafka-0-10_2.12-3.5.0.jar
[2024-06-27T07:32:16.913+0000] {docker.py:413} INFO - 24/06/27 07:32:16 INFO Executor: Fetching file:///opt/bitnami/spark/.ivy2/jars/org.apache.hadoop_hadoop-client-runtime-3.3.4.jar with timestamp 1719473536505
[2024-06-27T07:32:16.924+0000] {docker.py:413} INFO - 24/06/27 07:32:16 INFO Utils: /opt/bitnami/spark/.ivy2/jars/org.apache.hadoop_hadoop-client-runtime-3.3.4.jar has been previously copied to /tmp/spark-dd589f71-0471-4a80-a147-bc8ff8923bec/userFiles-1cdc7487-7afc-4cf7-8384-fec487f329ed/org.apache.hadoop_hadoop-client-runtime-3.3.4.jar
[2024-06-27T07:32:16.925+0000] {docker.py:413} INFO - 24/06/27 07:32:16 INFO Executor: Fetching file:///opt/bitnami/spark/.ivy2/jars/org.apache.commons_commons-pool2-2.11.1.jar with timestamp 1719473536505
[2024-06-27T07:32:16.926+0000] {docker.py:413} INFO - 24/06/27 07:32:16 INFO Utils: /opt/bitnami/spark/.ivy2/jars/org.apache.commons_commons-pool2-2.11.1.jar has been previously copied to /tmp/spark-dd589f71-0471-4a80-a147-bc8ff8923bec/userFiles-1cdc7487-7afc-4cf7-8384-fec487f329ed/org.apache.commons_commons-pool2-2.11.1.jar
[2024-06-27T07:32:16.927+0000] {docker.py:413} INFO - 24/06/27 07:32:16 INFO Executor: Fetching file:///opt/bitnami/spark/.ivy2/jars/org.postgresql_postgresql-42.5.4.jar with timestamp 1719473536505
[2024-06-27T07:32:16.927+0000] {docker.py:413} INFO - 24/06/27 07:32:16 INFO Utils: /opt/bitnami/spark/.ivy2/jars/org.postgresql_postgresql-42.5.4.jar has been previously copied to /tmp/spark-dd589f71-0471-4a80-a147-bc8ff8923bec/userFiles-1cdc7487-7afc-4cf7-8384-fec487f329ed/org.postgresql_postgresql-42.5.4.jar
[2024-06-27T07:32:16.928+0000] {docker.py:413} INFO - 24/06/27 07:32:16 INFO Executor: Fetching file:///opt/bitnami/spark/.ivy2/jars/org.slf4j_slf4j-api-2.0.7.jar with timestamp 1719473536505
[2024-06-27T07:32:16.929+0000] {docker.py:413} INFO - 24/06/27 07:32:16 INFO Utils: /opt/bitnami/spark/.ivy2/jars/org.slf4j_slf4j-api-2.0.7.jar has been previously copied to /tmp/spark-dd589f71-0471-4a80-a147-bc8ff8923bec/userFiles-1cdc7487-7afc-4cf7-8384-fec487f329ed/org.slf4j_slf4j-api-2.0.7.jar
[2024-06-27T07:32:16.930+0000] {docker.py:413} INFO - 24/06/27 07:32:16 INFO Executor: Fetching file:///opt/bitnami/spark/.ivy2/jars/org.apache.kafka_kafka-clients-3.4.1.jar with timestamp 1719473536505
[2024-06-27T07:32:16.931+0000] {docker.py:413} INFO - 24/06/27 07:32:16 INFO Utils: /opt/bitnami/spark/.ivy2/jars/org.apache.kafka_kafka-clients-3.4.1.jar has been previously copied to /tmp/spark-dd589f71-0471-4a80-a147-bc8ff8923bec/userFiles-1cdc7487-7afc-4cf7-8384-fec487f329ed/org.apache.kafka_kafka-clients-3.4.1.jar
[2024-06-27T07:32:16.933+0000] {docker.py:413} INFO - 24/06/27 07:32:16 INFO Executor: Fetching file:///opt/bitnami/spark/.ivy2/jars/com.google.code.findbugs_jsr305-3.0.0.jar with timestamp 1719473536505
[2024-06-27T07:32:16.933+0000] {docker.py:413} INFO - 24/06/27 07:32:16 INFO Utils: /opt/bitnami/spark/.ivy2/jars/com.google.code.findbugs_jsr305-3.0.0.jar has been previously copied to /tmp/spark-dd589f71-0471-4a80-a147-bc8ff8923bec/userFiles-1cdc7487-7afc-4cf7-8384-fec487f329ed/com.google.code.findbugs_jsr305-3.0.0.jar
[2024-06-27T07:32:16.934+0000] {docker.py:413} INFO - 24/06/27 07:32:16 INFO Executor: Fetching file:///opt/bitnami/spark/.ivy2/jars/org.lz4_lz4-java-1.8.0.jar with timestamp 1719473536505
[2024-06-27T07:32:16.934+0000] {docker.py:413} INFO - 24/06/27 07:32:16 INFO Utils: /opt/bitnami/spark/.ivy2/jars/org.lz4_lz4-java-1.8.0.jar has been previously copied to /tmp/spark-dd589f71-0471-4a80-a147-bc8ff8923bec/userFiles-1cdc7487-7afc-4cf7-8384-fec487f329ed/org.lz4_lz4-java-1.8.0.jar
[2024-06-27T07:32:16.936+0000] {docker.py:413} INFO - 24/06/27 07:32:16 INFO Executor: Fetching file:///opt/bitnami/spark/.ivy2/jars/org.apache.spark_spark-sql-kafka-0-10_2.12-3.5.0.jar with timestamp 1719473536505
[2024-06-27T07:32:16.936+0000] {docker.py:413} INFO - 24/06/27 07:32:16 INFO Utils: /opt/bitnami/spark/.ivy2/jars/org.apache.spark_spark-sql-kafka-0-10_2.12-3.5.0.jar has been previously copied to /tmp/spark-dd589f71-0471-4a80-a147-bc8ff8923bec/userFiles-1cdc7487-7afc-4cf7-8384-fec487f329ed/org.apache.spark_spark-sql-kafka-0-10_2.12-3.5.0.jar
[2024-06-27T07:32:16.937+0000] {docker.py:413} INFO - 24/06/27 07:32:16 INFO Executor: Fetching file:///opt/bitnami/spark/.ivy2/jars/org.apache.hadoop_hadoop-client-api-3.3.4.jar with timestamp 1719473536505
[2024-06-27T07:32:16.943+0000] {docker.py:413} INFO - 24/06/27 07:32:16 INFO Utils: /opt/bitnami/spark/.ivy2/jars/org.apache.hadoop_hadoop-client-api-3.3.4.jar has been previously copied to /tmp/spark-dd589f71-0471-4a80-a147-bc8ff8923bec/userFiles-1cdc7487-7afc-4cf7-8384-fec487f329ed/org.apache.hadoop_hadoop-client-api-3.3.4.jar
[2024-06-27T07:32:16.944+0000] {docker.py:413} INFO - 24/06/27 07:32:16 INFO Executor: Fetching file:///opt/bitnami/spark/.ivy2/jars/commons-logging_commons-logging-1.1.3.jar with timestamp 1719473536505
[2024-06-27T07:32:16.945+0000] {docker.py:413} INFO - 24/06/27 07:32:16 INFO Utils: /opt/bitnami/spark/.ivy2/jars/commons-logging_commons-logging-1.1.3.jar has been previously copied to /tmp/spark-dd589f71-0471-4a80-a147-bc8ff8923bec/userFiles-1cdc7487-7afc-4cf7-8384-fec487f329ed/commons-logging_commons-logging-1.1.3.jar
[2024-06-27T07:32:16.946+0000] {docker.py:413} INFO - 24/06/27 07:32:16 INFO Executor: Fetching file:///opt/bitnami/spark/.ivy2/jars/org.checkerframework_checker-qual-3.5.0.jar with timestamp 1719473536505
[2024-06-27T07:32:16.946+0000] {docker.py:413} INFO - 24/06/27 07:32:16 INFO Utils: /opt/bitnami/spark/.ivy2/jars/org.checkerframework_checker-qual-3.5.0.jar has been previously copied to /tmp/spark-dd589f71-0471-4a80-a147-bc8ff8923bec/userFiles-1cdc7487-7afc-4cf7-8384-fec487f329ed/org.checkerframework_checker-qual-3.5.0.jar
[2024-06-27T07:32:16.947+0000] {docker.py:413} INFO - 24/06/27 07:32:16 INFO Executor: Fetching file:///opt/bitnami/spark/.ivy2/jars/org.xerial.snappy_snappy-java-1.1.10.3.jar with timestamp 1719473536505
[2024-06-27T07:32:16.948+0000] {docker.py:413} INFO - 24/06/27 07:32:16 INFO Utils: /opt/bitnami/spark/.ivy2/jars/org.xerial.snappy_snappy-java-1.1.10.3.jar has been previously copied to /tmp/spark-dd589f71-0471-4a80-a147-bc8ff8923bec/userFiles-1cdc7487-7afc-4cf7-8384-fec487f329ed/org.xerial.snappy_snappy-java-1.1.10.3.jar
[2024-06-27T07:32:16.950+0000] {docker.py:413} INFO - 24/06/27 07:32:16 INFO Executor: Fetching spark://localhost:39113/jars/org.lz4_lz4-java-1.8.0.jar with timestamp 1719473536505
[2024-06-27T07:32:16.971+0000] {docker.py:413} INFO - 24/06/27 07:32:16 INFO TransportClientFactory: Successfully created connection to localhost/127.0.0.1:39113 after 15 ms (0 ms spent in bootstraps)
[2024-06-27T07:32:16.978+0000] {docker.py:413} INFO - 24/06/27 07:32:16 INFO Utils: Fetching spark://localhost:39113/jars/org.lz4_lz4-java-1.8.0.jar to /tmp/spark-dd589f71-0471-4a80-a147-bc8ff8923bec/userFiles-1cdc7487-7afc-4cf7-8384-fec487f329ed/fetchFileTemp1035848678084667191.tmp
[2024-06-27T07:32:16.987+0000] {docker.py:413} INFO - 24/06/27 07:32:16 INFO Utils: /tmp/spark-dd589f71-0471-4a80-a147-bc8ff8923bec/userFiles-1cdc7487-7afc-4cf7-8384-fec487f329ed/fetchFileTemp1035848678084667191.tmp has been previously copied to /tmp/spark-dd589f71-0471-4a80-a147-bc8ff8923bec/userFiles-1cdc7487-7afc-4cf7-8384-fec487f329ed/org.lz4_lz4-java-1.8.0.jar
[2024-06-27T07:32:16.989+0000] {docker.py:413} INFO - 24/06/27 07:32:16 INFO Executor: Adding file:/tmp/spark-dd589f71-0471-4a80-a147-bc8ff8923bec/userFiles-1cdc7487-7afc-4cf7-8384-fec487f329ed/org.lz4_lz4-java-1.8.0.jar to class loader default
[2024-06-27T07:32:16.989+0000] {docker.py:413} INFO - 24/06/27 07:32:16 INFO Executor: Fetching spark://localhost:39113/jars/org.checkerframework_checker-qual-3.5.0.jar with timestamp 1719473536505
[2024-06-27T07:32:16.990+0000] {docker.py:413} INFO - 24/06/27 07:32:16 INFO Utils: Fetching spark://localhost:39113/jars/org.checkerframework_checker-qual-3.5.0.jar to /tmp/spark-dd589f71-0471-4a80-a147-bc8ff8923bec/userFiles-1cdc7487-7afc-4cf7-8384-fec487f329ed/fetchFileTemp6649723842258748396.tmp
[2024-06-27T07:32:16.990+0000] {docker.py:413} INFO - 24/06/27 07:32:16 INFO Utils: /tmp/spark-dd589f71-0471-4a80-a147-bc8ff8923bec/userFiles-1cdc7487-7afc-4cf7-8384-fec487f329ed/fetchFileTemp6649723842258748396.tmp has been previously copied to /tmp/spark-dd589f71-0471-4a80-a147-bc8ff8923bec/userFiles-1cdc7487-7afc-4cf7-8384-fec487f329ed/org.checkerframework_checker-qual-3.5.0.jar
[2024-06-27T07:32:16.992+0000] {docker.py:413} INFO - 24/06/27 07:32:16 INFO Executor: Adding file:/tmp/spark-dd589f71-0471-4a80-a147-bc8ff8923bec/userFiles-1cdc7487-7afc-4cf7-8384-fec487f329ed/org.checkerframework_checker-qual-3.5.0.jar to class loader default
[2024-06-27T07:32:16.992+0000] {docker.py:413} INFO - 24/06/27 07:32:16 INFO Executor: Fetching spark://localhost:39113/jars/commons-logging_commons-logging-1.1.3.jar with timestamp 1719473536505
[2024-06-27T07:32:16.992+0000] {docker.py:413} INFO - 24/06/27 07:32:16 INFO Utils: Fetching spark://localhost:39113/jars/commons-logging_commons-logging-1.1.3.jar to /tmp/spark-dd589f71-0471-4a80-a147-bc8ff8923bec/userFiles-1cdc7487-7afc-4cf7-8384-fec487f329ed/fetchFileTemp14085819848866978869.tmp
[2024-06-27T07:32:16.993+0000] {docker.py:413} INFO - 24/06/27 07:32:16 INFO Utils: /tmp/spark-dd589f71-0471-4a80-a147-bc8ff8923bec/userFiles-1cdc7487-7afc-4cf7-8384-fec487f329ed/fetchFileTemp14085819848866978869.tmp has been previously copied to /tmp/spark-dd589f71-0471-4a80-a147-bc8ff8923bec/userFiles-1cdc7487-7afc-4cf7-8384-fec487f329ed/commons-logging_commons-logging-1.1.3.jar
[2024-06-27T07:32:16.994+0000] {docker.py:413} INFO - 24/06/27 07:32:16 INFO Executor: Adding file:/tmp/spark-dd589f71-0471-4a80-a147-bc8ff8923bec/userFiles-1cdc7487-7afc-4cf7-8384-fec487f329ed/commons-logging_commons-logging-1.1.3.jar to class loader default
[2024-06-27T07:32:16.995+0000] {docker.py:413} INFO - 24/06/27 07:32:16 INFO Executor: Fetching spark://localhost:39113/jars/org.postgresql_postgresql-42.5.4.jar with timestamp 1719473536505
[2024-06-27T07:32:16.995+0000] {docker.py:413} INFO - 24/06/27 07:32:16 INFO Utils: Fetching spark://localhost:39113/jars/org.postgresql_postgresql-42.5.4.jar to /tmp/spark-dd589f71-0471-4a80-a147-bc8ff8923bec/userFiles-1cdc7487-7afc-4cf7-8384-fec487f329ed/fetchFileTemp6295077138347390570.tmp
[2024-06-27T07:32:16.998+0000] {docker.py:413} INFO - 24/06/27 07:32:16 INFO Utils: /tmp/spark-dd589f71-0471-4a80-a147-bc8ff8923bec/userFiles-1cdc7487-7afc-4cf7-8384-fec487f329ed/fetchFileTemp6295077138347390570.tmp has been previously copied to /tmp/spark-dd589f71-0471-4a80-a147-bc8ff8923bec/userFiles-1cdc7487-7afc-4cf7-8384-fec487f329ed/org.postgresql_postgresql-42.5.4.jar
[2024-06-27T07:32:17.000+0000] {docker.py:413} INFO - 24/06/27 07:32:16 INFO Executor: Adding file:/tmp/spark-dd589f71-0471-4a80-a147-bc8ff8923bec/userFiles-1cdc7487-7afc-4cf7-8384-fec487f329ed/org.postgresql_postgresql-42.5.4.jar to class loader default
[2024-06-27T07:32:17.000+0000] {docker.py:413} INFO - 24/06/27 07:32:16 INFO Executor: Fetching spark://localhost:39113/jars/org.apache.hadoop_hadoop-client-runtime-3.3.4.jar with timestamp 1719473536505
[2024-06-27T07:32:17.000+0000] {docker.py:413} INFO - 24/06/27 07:32:16 INFO Utils: Fetching spark://localhost:39113/jars/org.apache.hadoop_hadoop-client-runtime-3.3.4.jar to /tmp/spark-dd589f71-0471-4a80-a147-bc8ff8923bec/userFiles-1cdc7487-7afc-4cf7-8384-fec487f329ed/fetchFileTemp16657782313934115233.tmp
[2024-06-27T07:32:17.048+0000] {docker.py:413} INFO - 24/06/27 07:32:17 INFO Utils: /tmp/spark-dd589f71-0471-4a80-a147-bc8ff8923bec/userFiles-1cdc7487-7afc-4cf7-8384-fec487f329ed/fetchFileTemp16657782313934115233.tmp has been previously copied to /tmp/spark-dd589f71-0471-4a80-a147-bc8ff8923bec/userFiles-1cdc7487-7afc-4cf7-8384-fec487f329ed/org.apache.hadoop_hadoop-client-runtime-3.3.4.jar
[2024-06-27T07:32:17.051+0000] {docker.py:413} INFO - 24/06/27 07:32:17 INFO Executor: Adding file:/tmp/spark-dd589f71-0471-4a80-a147-bc8ff8923bec/userFiles-1cdc7487-7afc-4cf7-8384-fec487f329ed/org.apache.hadoop_hadoop-client-runtime-3.3.4.jar to class loader default
[2024-06-27T07:32:17.051+0000] {docker.py:413} INFO - 24/06/27 07:32:17 INFO Executor: Fetching spark://localhost:39113/jars/org.xerial.snappy_snappy-java-1.1.10.3.jar with timestamp 1719473536505
[2024-06-27T07:32:17.052+0000] {docker.py:413} INFO - 24/06/27 07:32:17 INFO Utils: Fetching spark://localhost:39113/jars/org.xerial.snappy_snappy-java-1.1.10.3.jar to /tmp/spark-dd589f71-0471-4a80-a147-bc8ff8923bec/userFiles-1cdc7487-7afc-4cf7-8384-fec487f329ed/fetchFileTemp15538257643686968398.tmp
[2024-06-27T07:32:17.056+0000] {docker.py:413} INFO - 24/06/27 07:32:17 INFO Utils: /tmp/spark-dd589f71-0471-4a80-a147-bc8ff8923bec/userFiles-1cdc7487-7afc-4cf7-8384-fec487f329ed/fetchFileTemp15538257643686968398.tmp has been previously copied to /tmp/spark-dd589f71-0471-4a80-a147-bc8ff8923bec/userFiles-1cdc7487-7afc-4cf7-8384-fec487f329ed/org.xerial.snappy_snappy-java-1.1.10.3.jar
[2024-06-27T07:32:17.057+0000] {docker.py:413} INFO - 24/06/27 07:32:17 INFO Executor: Adding file:/tmp/spark-dd589f71-0471-4a80-a147-bc8ff8923bec/userFiles-1cdc7487-7afc-4cf7-8384-fec487f329ed/org.xerial.snappy_snappy-java-1.1.10.3.jar to class loader default
[2024-06-27T07:32:17.058+0000] {docker.py:413} INFO - 24/06/27 07:32:17 INFO Executor: Fetching spark://localhost:39113/jars/org.apache.spark_spark-token-provider-kafka-0-10_2.12-3.5.0.jar with timestamp 1719473536505
[2024-06-27T07:32:17.058+0000] {docker.py:413} INFO - 24/06/27 07:32:17 INFO Utils: Fetching spark://localhost:39113/jars/org.apache.spark_spark-token-provider-kafka-0-10_2.12-3.5.0.jar to /tmp/spark-dd589f71-0471-4a80-a147-bc8ff8923bec/userFiles-1cdc7487-7afc-4cf7-8384-fec487f329ed/fetchFileTemp7621726237337758620.tmp
[2024-06-27T07:32:17.059+0000] {docker.py:413} INFO - 24/06/27 07:32:17 INFO Utils: /tmp/spark-dd589f71-0471-4a80-a147-bc8ff8923bec/userFiles-1cdc7487-7afc-4cf7-8384-fec487f329ed/fetchFileTemp7621726237337758620.tmp has been previously copied to /tmp/spark-dd589f71-0471-4a80-a147-bc8ff8923bec/userFiles-1cdc7487-7afc-4cf7-8384-fec487f329ed/org.apache.spark_spark-token-provider-kafka-0-10_2.12-3.5.0.jar
[2024-06-27T07:32:17.060+0000] {docker.py:413} INFO - 24/06/27 07:32:17 INFO Executor: Adding file:/tmp/spark-dd589f71-0471-4a80-a147-bc8ff8923bec/userFiles-1cdc7487-7afc-4cf7-8384-fec487f329ed/org.apache.spark_spark-token-provider-kafka-0-10_2.12-3.5.0.jar to class loader default
[2024-06-27T07:32:17.061+0000] {docker.py:413} INFO - 24/06/27 07:32:17 INFO Executor: Fetching spark://localhost:39113/jars/com.google.code.findbugs_jsr305-3.0.0.jar with timestamp 1719473536505
[2024-06-27T07:32:17.061+0000] {docker.py:413} INFO - 24/06/27 07:32:17 INFO Utils: Fetching spark://localhost:39113/jars/com.google.code.findbugs_jsr305-3.0.0.jar to /tmp/spark-dd589f71-0471-4a80-a147-bc8ff8923bec/userFiles-1cdc7487-7afc-4cf7-8384-fec487f329ed/fetchFileTemp15371237069462401382.tmp
[2024-06-27T07:32:17.061+0000] {docker.py:413} INFO - 24/06/27 07:32:17 INFO Utils: /tmp/spark-dd589f71-0471-4a80-a147-bc8ff8923bec/userFiles-1cdc7487-7afc-4cf7-8384-fec487f329ed/fetchFileTemp15371237069462401382.tmp has been previously copied to /tmp/spark-dd589f71-0471-4a80-a147-bc8ff8923bec/userFiles-1cdc7487-7afc-4cf7-8384-fec487f329ed/com.google.code.findbugs_jsr305-3.0.0.jar
[2024-06-27T07:32:17.063+0000] {docker.py:413} INFO - 24/06/27 07:32:17 INFO Executor: Adding file:/tmp/spark-dd589f71-0471-4a80-a147-bc8ff8923bec/userFiles-1cdc7487-7afc-4cf7-8384-fec487f329ed/com.google.code.findbugs_jsr305-3.0.0.jar to class loader default
[2024-06-27T07:32:17.063+0000] {docker.py:413} INFO - 24/06/27 07:32:17 INFO Executor: Fetching spark://localhost:39113/jars/org.apache.hadoop_hadoop-client-api-3.3.4.jar with timestamp 1719473536505
[2024-06-27T07:32:17.064+0000] {docker.py:413} INFO - 24/06/27 07:32:17 INFO Utils: Fetching spark://localhost:39113/jars/org.apache.hadoop_hadoop-client-api-3.3.4.jar to /tmp/spark-dd589f71-0471-4a80-a147-bc8ff8923bec/userFiles-1cdc7487-7afc-4cf7-8384-fec487f329ed/fetchFileTemp3312381293242644832.tmp
[2024-06-27T07:32:17.088+0000] {docker.py:413} INFO - 24/06/27 07:32:17 INFO Utils: /tmp/spark-dd589f71-0471-4a80-a147-bc8ff8923bec/userFiles-1cdc7487-7afc-4cf7-8384-fec487f329ed/fetchFileTemp3312381293242644832.tmp has been previously copied to /tmp/spark-dd589f71-0471-4a80-a147-bc8ff8923bec/userFiles-1cdc7487-7afc-4cf7-8384-fec487f329ed/org.apache.hadoop_hadoop-client-api-3.3.4.jar
[2024-06-27T07:32:17.091+0000] {docker.py:413} INFO - 24/06/27 07:32:17 INFO Executor: Adding file:/tmp/spark-dd589f71-0471-4a80-a147-bc8ff8923bec/userFiles-1cdc7487-7afc-4cf7-8384-fec487f329ed/org.apache.hadoop_hadoop-client-api-3.3.4.jar to class loader default
[2024-06-27T07:32:17.091+0000] {docker.py:413} INFO - 24/06/27 07:32:17 INFO Executor: Fetching spark://localhost:39113/jars/org.apache.kafka_kafka-clients-3.4.1.jar with timestamp 1719473536505
[2024-06-27T07:32:17.091+0000] {docker.py:413} INFO - 24/06/27 07:32:17 INFO Utils: Fetching spark://localhost:39113/jars/org.apache.kafka_kafka-clients-3.4.1.jar to /tmp/spark-dd589f71-0471-4a80-a147-bc8ff8923bec/userFiles-1cdc7487-7afc-4cf7-8384-fec487f329ed/fetchFileTemp17808857676428657693.tmp
[2024-06-27T07:32:17.097+0000] {docker.py:413} INFO - 24/06/27 07:32:17 INFO Utils: /tmp/spark-dd589f71-0471-4a80-a147-bc8ff8923bec/userFiles-1cdc7487-7afc-4cf7-8384-fec487f329ed/fetchFileTemp17808857676428657693.tmp has been previously copied to /tmp/spark-dd589f71-0471-4a80-a147-bc8ff8923bec/userFiles-1cdc7487-7afc-4cf7-8384-fec487f329ed/org.apache.kafka_kafka-clients-3.4.1.jar
[2024-06-27T07:32:17.099+0000] {docker.py:413} INFO - 24/06/27 07:32:17 INFO Executor: Adding file:/tmp/spark-dd589f71-0471-4a80-a147-bc8ff8923bec/userFiles-1cdc7487-7afc-4cf7-8384-fec487f329ed/org.apache.kafka_kafka-clients-3.4.1.jar to class loader default
[2024-06-27T07:32:17.099+0000] {docker.py:413} INFO - 24/06/27 07:32:17 INFO Executor: Fetching spark://localhost:39113/jars/org.slf4j_slf4j-api-2.0.7.jar with timestamp 1719473536505
[2024-06-27T07:32:17.099+0000] {docker.py:413} INFO - 24/06/27 07:32:17 INFO Utils: Fetching spark://localhost:39113/jars/org.slf4j_slf4j-api-2.0.7.jar to /tmp/spark-dd589f71-0471-4a80-a147-bc8ff8923bec/userFiles-1cdc7487-7afc-4cf7-8384-fec487f329ed/fetchFileTemp13760729463614433926.tmp
[2024-06-27T07:32:17.100+0000] {docker.py:413} INFO - 24/06/27 07:32:17 INFO Utils: /tmp/spark-dd589f71-0471-4a80-a147-bc8ff8923bec/userFiles-1cdc7487-7afc-4cf7-8384-fec487f329ed/fetchFileTemp13760729463614433926.tmp has been previously copied to /tmp/spark-dd589f71-0471-4a80-a147-bc8ff8923bec/userFiles-1cdc7487-7afc-4cf7-8384-fec487f329ed/org.slf4j_slf4j-api-2.0.7.jar
[2024-06-27T07:32:17.101+0000] {docker.py:413} INFO - 24/06/27 07:32:17 INFO Executor: Adding file:/tmp/spark-dd589f71-0471-4a80-a147-bc8ff8923bec/userFiles-1cdc7487-7afc-4cf7-8384-fec487f329ed/org.slf4j_slf4j-api-2.0.7.jar to class loader default
[2024-06-27T07:32:17.101+0000] {docker.py:413} INFO - 24/06/27 07:32:17 INFO Executor: Fetching spark://localhost:39113/jars/org.apache.commons_commons-pool2-2.11.1.jar with timestamp 1719473536505
[2024-06-27T07:32:17.101+0000] {docker.py:413} INFO - 24/06/27 07:32:17 INFO Utils: Fetching spark://localhost:39113/jars/org.apache.commons_commons-pool2-2.11.1.jar to /tmp/spark-dd589f71-0471-4a80-a147-bc8ff8923bec/userFiles-1cdc7487-7afc-4cf7-8384-fec487f329ed/fetchFileTemp11166397852148319461.tmp
[2024-06-27T07:32:17.102+0000] {docker.py:413} INFO - 24/06/27 07:32:17 INFO Utils: /tmp/spark-dd589f71-0471-4a80-a147-bc8ff8923bec/userFiles-1cdc7487-7afc-4cf7-8384-fec487f329ed/fetchFileTemp11166397852148319461.tmp has been previously copied to /tmp/spark-dd589f71-0471-4a80-a147-bc8ff8923bec/userFiles-1cdc7487-7afc-4cf7-8384-fec487f329ed/org.apache.commons_commons-pool2-2.11.1.jar
[2024-06-27T07:32:17.103+0000] {docker.py:413} INFO - 24/06/27 07:32:17 INFO Executor: Adding file:/tmp/spark-dd589f71-0471-4a80-a147-bc8ff8923bec/userFiles-1cdc7487-7afc-4cf7-8384-fec487f329ed/org.apache.commons_commons-pool2-2.11.1.jar to class loader default
[2024-06-27T07:32:17.104+0000] {docker.py:413} INFO - 24/06/27 07:32:17 INFO Executor: Fetching spark://localhost:39113/jars/org.apache.spark_spark-sql-kafka-0-10_2.12-3.5.0.jar with timestamp 1719473536505
[2024-06-27T07:32:17.104+0000] {docker.py:413} INFO - 24/06/27 07:32:17 INFO Utils: Fetching spark://localhost:39113/jars/org.apache.spark_spark-sql-kafka-0-10_2.12-3.5.0.jar to /tmp/spark-dd589f71-0471-4a80-a147-bc8ff8923bec/userFiles-1cdc7487-7afc-4cf7-8384-fec487f329ed/fetchFileTemp7270666604161781349.tmp
[2024-06-27T07:32:17.105+0000] {docker.py:413} INFO - 24/06/27 07:32:17 INFO Utils: /tmp/spark-dd589f71-0471-4a80-a147-bc8ff8923bec/userFiles-1cdc7487-7afc-4cf7-8384-fec487f329ed/fetchFileTemp7270666604161781349.tmp has been previously copied to /tmp/spark-dd589f71-0471-4a80-a147-bc8ff8923bec/userFiles-1cdc7487-7afc-4cf7-8384-fec487f329ed/org.apache.spark_spark-sql-kafka-0-10_2.12-3.5.0.jar
[2024-06-27T07:32:17.106+0000] {docker.py:413} INFO - 24/06/27 07:32:17 INFO Executor: Adding file:/tmp/spark-dd589f71-0471-4a80-a147-bc8ff8923bec/userFiles-1cdc7487-7afc-4cf7-8384-fec487f329ed/org.apache.spark_spark-sql-kafka-0-10_2.12-3.5.0.jar to class loader default
[2024-06-27T07:32:17.111+0000] {docker.py:413} INFO - 24/06/27 07:32:17 INFO Utils: Successfully started service 'org.apache.spark.network.netty.NettyBlockTransferService' on port 39225.
24/06/27 07:32:17 INFO NettyBlockTransferService: Server created on localhost:39225
[2024-06-27T07:32:17.111+0000] {docker.py:413} INFO - 24/06/27 07:32:17 INFO BlockManager: Using org.apache.spark.storage.RandomBlockReplicationPolicy for block replication policy
[2024-06-27T07:32:17.115+0000] {docker.py:413} INFO - 24/06/27 07:32:17 INFO BlockManagerMaster: Registering BlockManager BlockManagerId(driver, localhost, 39225, None)
[2024-06-27T07:32:17.117+0000] {docker.py:413} INFO - 24/06/27 07:32:17 INFO BlockManagerMasterEndpoint: Registering block manager localhost:39225 with 434.4 MiB RAM, BlockManagerId(driver, localhost, 39225, None)
[2024-06-27T07:32:17.118+0000] {docker.py:413} INFO - 24/06/27 07:32:17 INFO BlockManagerMaster: Registered BlockManager BlockManagerId(driver, localhost, 39225, None)
[2024-06-27T07:32:17.118+0000] {docker.py:413} INFO - 24/06/27 07:32:17 INFO BlockManager: Initialized BlockManager: BlockManagerId(driver, localhost, 39225, None)
[2024-06-27T07:32:17.300+0000] {docker.py:413} INFO - 2024-06-27 07:32:17,299:create_spark_session:INFO:Spark session created successfully
[2024-06-27T07:32:17.303+0000] {docker.py:413} INFO - 24/06/27 07:32:17 INFO SharedState: Setting hive.metastore.warehouse.dir ('null') to the value of spark.sql.warehouse.dir.
[2024-06-27T07:32:17.304+0000] {docker.py:413} INFO - 24/06/27 07:32:17 INFO SharedState: Warehouse path is 'file:/opt/bitnami/spark/spark-warehouse'.
[2024-06-27T07:32:17.949+0000] {docker.py:413} INFO - 2024-06-27 07:32:17,949:create_initial_dataframe:INFO:Initial dataframe created successfully
[2024-06-27T07:32:23.214+0000] {docker.py:413} INFO - Traceback (most recent call last):
  File "/opt/bitnami/spark/spark_streaming.py", line 103, in <module>
[2024-06-27T07:32:23.216+0000] {docker.py:413} INFO - write_to_postgres()
  File "/opt/bitnami/spark/spark_streaming.py", line 99, in write_to_postgres
[2024-06-27T07:32:23.216+0000] {docker.py:413} INFO - start_streaming(df_final, spark=spark)
  File "/opt/bitnami/spark/spark_streaming.py", line 71, in start_streaming
[2024-06-27T07:32:23.216+0000] {docker.py:413} INFO - existing_data_df = spark.read.jdbc(
                       ^^^^^^^^^^^^^^^^
  File "/opt/bitnami/spark/python/lib/pyspark.zip/pyspark/sql/readwriter.py", line 946, in jdbc
[2024-06-27T07:32:23.216+0000] {docker.py:413} INFO - File "/opt/bitnami/spark/python/lib/py4j-0.10.9.7-src.zip/py4j/java_gateway.py", line 1322, in __call__
[2024-06-27T07:32:23.217+0000] {docker.py:413} INFO - File "/opt/bitnami/spark/python/lib/pyspark.zip/pyspark/errors/exceptions/captured.py", line 179, in deco
[2024-06-27T07:32:23.217+0000] {docker.py:413} INFO - File "/opt/bitnami/spark/python/lib/py4j-0.10.9.7-src.zip/py4j/protocol.py", line 326, in get_return_value
[2024-06-27T07:32:23.217+0000] {docker.py:413} INFO - py4j.protocol.Py4JJavaError
[2024-06-27T07:32:23.217+0000] {docker.py:413} INFO - : An error occurred while calling o50.jdbc.
: org.postgresql.util.PSQLException: The connection attempt failed.
	at org.postgresql.core.v3.ConnectionFactoryImpl.openConnectionImpl(ConnectionFactoryImpl.java:354)
	at org.postgresql.core.ConnectionFactory.openConnection(ConnectionFactory.java:54)
	at org.postgresql.jdbc.PgConnection.<init>(PgConnection.java:253)
	at org.postgresql.Driver.makeConnection(Driver.java:434)
	at org.postgresql.Driver.connect(Driver.java:291)
	at org.apache.spark.sql.execution.datasources.jdbc.connection.BasicConnectionProvider.getConnection(BasicConnectionProvider.scala:49)
	at org.apache.spark.sql.execution.datasources.jdbc.connection.ConnectionProviderBase.create(ConnectionProvider.scala:102)
	at org.apache.spark.sql.jdbc.JdbcDialect.$anonfun$createConnectionFactory$1(JdbcDialects.scala:160)
	at org.apache.spark.sql.jdbc.JdbcDialect.$anonfun$createConnectionFactory$1$adapted(JdbcDialects.scala:156)
	at org.apache.spark.sql.execution.datasources.jdbc.JDBCRDD$.getQueryOutputSchema(JDBCRDD.scala:63)
	at org.apache.spark.sql.execution.datasources.jdbc.JDBCRDD$.resolveTable(JDBCRDD.scala:58)
	at org.apache.spark.sql.execution.datasources.jdbc.JDBCRelation$.getSchema(JDBCRelation.scala:241)
	at org.apache.spark.sql.execution.datasources.jdbc.JdbcRelationProvider.createRelation(JdbcRelationProvider.scala:37)
	at org.apache.spark.sql.execution.datasources.DataSource.resolveRelation(DataSource.scala:346)
	at org.apache.spark.sql.DataFrameReader.loadV1Source(DataFrameReader.scala:229)
	at org.apache.spark.sql.DataFrameReader.$anonfun$load$2(DataFrameReader.scala:211)
	at scala.Option.getOrElse(Option.scala:189)
	at org.apache.spark.sql.DataFrameReader.load(DataFrameReader.scala:211)
	at org.apache.spark.sql.DataFrameReader.load(DataFrameReader.scala:172)
	at org.apache.spark.sql.DataFrameReader.jdbc(DataFrameReader.scala:249)
	at java.base/jdk.internal.reflect.NativeMethodAccessorImpl.invoke0(Native Method)
	at java.base/jdk.internal.reflect.NativeMethodAccessorImpl.invoke(NativeMethodAccessorImpl.java:77)
	at java.base/jdk.internal.reflect.DelegatingMethodAccessorImpl.invoke(DelegatingMethodAccessorImpl.java:43)
	at java.base/java.lang.reflect.Method.invoke(Method.java:568)
	at py4j.reflection.MethodInvoker.invoke(MethodInvoker.java:244)
	at py4j.reflection.ReflectionEngine.invoke(ReflectionEngine.java:374)
	at py4j.Gateway.invoke(Gateway.java:282)
	at py4j.commands.AbstractCommand.invokeMethod(AbstractCommand.java:132)
	at py4j.commands.CallCommand.execute(CallCommand.java:79)
	at py4j.ClientServerConnection.waitForCommands(ClientServerConnection.java:182)
	at py4j.ClientServerConnection.run(ClientServerConnection.java:106)
	at java.base/java.lang.Thread.run(Thread.java:840)
Caused by: java.net.SocketTimeoutException: Read timed out
	at java.base/sun.nio.ch.NioSocketImpl.timedRead(NioSocketImpl.java:288)
	at java.base/sun.nio.ch.NioSocketImpl.implRead(NioSocketImpl.java:314)
	at java.base/sun.nio.ch.NioSocketImpl.read(NioSocketImpl.java:355)
	at java.base/sun.nio.ch.NioSocketImpl$1.read(NioSocketImpl.java:808)
	at java.base/java.net.Socket$SocketInputStream.read(Socket.java:966)
	at org.postgresql.core.VisibleBufferedInputStream.readMore(VisibleBufferedInputStream.java:161)
	at org.postgresql.core.VisibleBufferedInputStream.ensureBytes(VisibleBufferedInputStream.java:128)
	at org.postgresql.core.VisibleBufferedInputStream.ensureBytes(VisibleBufferedInputStream.java:113)
	at org.postgresql.core.VisibleBufferedInputStream.read(VisibleBufferedInputStream.java:73)
	at org.postgresql.core.PGStream.receiveChar(PGStream.java:465)
	at org.postgresql.core.v3.ConnectionFactoryImpl.enableSSL(ConnectionFactoryImpl.java:589)
	at org.postgresql.core.v3.ConnectionFactoryImpl.tryConnect(ConnectionFactoryImpl.java:191)
	at org.postgresql.core.v3.ConnectionFactoryImpl.openConnectionImpl(ConnectionFactoryImpl.java:258)
	... 31 more
[2024-06-27T07:32:23.218+0000] {docker.py:413} INFO - 2024-06-27 07:32:23,214:close:INFO:Closing down clientserver connection
[2024-06-27T07:32:23.235+0000] {docker.py:413} INFO - 24/06/27 07:32:23 INFO SparkContext: Invoking stop() from shutdown hook
[2024-06-27T07:32:23.235+0000] {docker.py:413} INFO - 24/06/27 07:32:23 INFO SparkContext: SparkContext is stopping with exitCode 0.
[2024-06-27T07:32:23.241+0000] {docker.py:413} INFO - 24/06/27 07:32:23 INFO SparkUI: Stopped Spark web UI at http://localhost:4040
[2024-06-27T07:32:23.246+0000] {docker.py:413} INFO - 24/06/27 07:32:23 INFO MapOutputTrackerMasterEndpoint: MapOutputTrackerMasterEndpoint stopped!
[2024-06-27T07:32:23.252+0000] {docker.py:413} INFO - 24/06/27 07:32:23 INFO MemoryStore: MemoryStore cleared
[2024-06-27T07:32:23.252+0000] {docker.py:413} INFO - 24/06/27 07:32:23 INFO BlockManager: BlockManager stopped
[2024-06-27T07:32:23.255+0000] {docker.py:413} INFO - 24/06/27 07:32:23 INFO BlockManagerMaster: BlockManagerMaster stopped
[2024-06-27T07:32:23.256+0000] {docker.py:413} INFO - 24/06/27 07:32:23 INFO OutputCommitCoordinator$OutputCommitCoordinatorEndpoint: OutputCommitCoordinator stopped!
[2024-06-27T07:32:23.263+0000] {docker.py:413} INFO - 24/06/27 07:32:23 INFO SparkContext: Successfully stopped SparkContext
[2024-06-27T07:32:23.263+0000] {docker.py:413} INFO - 24/06/27 07:32:23 INFO ShutdownHookManager: Shutdown hook called
24/06/27 07:32:23 INFO ShutdownHookManager: Deleting directory /tmp/spark-dd589f71-0471-4a80-a147-bc8ff8923bec/pyspark-28b4f850-7f3f-417f-945b-4877a6ec909e
[2024-06-27T07:32:23.265+0000] {docker.py:413} INFO - 24/06/27 07:32:23 INFO ShutdownHookManager: Deleting directory /tmp/spark-9ef050ca-09b1-4f80-b72e-dc440c3056a0
[2024-06-27T07:32:23.266+0000] {docker.py:413} INFO - 24/06/27 07:32:23 INFO ShutdownHookManager: Deleting directory /tmp/spark-dd589f71-0471-4a80-a147-bc8ff8923bec
[2024-06-27T07:32:23.494+0000] {taskinstance.py:1937} ERROR - Task failed with exception
Traceback (most recent call last):
  File "/home/airflow/.local/lib/python3.8/site-packages/docker/api/client.py", line 268, in _raise_for_status
    response.raise_for_status()
  File "/home/airflow/.local/lib/python3.8/site-packages/requests/models.py", line 1021, in raise_for_status
    raise HTTPError(http_error_msg, response=self)
requests.exceptions.HTTPError: 400 Client Error: Bad Request for url: http://docker-proxy:2375/v1.44/containers/create

The above exception was the direct cause of the following exception:

Traceback (most recent call last):
  File "/home/airflow/.local/lib/python3.8/site-packages/airflow/providers/docker/operators/docker.py", line 348, in _run_image
    return self._run_image_with_mounts([*self.mounts, tmp_mount], add_tmp_variable=True)
  File "/home/airflow/.local/lib/python3.8/site-packages/airflow/providers/docker/operators/docker.py", line 375, in _run_image_with_mounts
    self.container = self.cli.create_container(
  File "/home/airflow/.local/lib/python3.8/site-packages/docker/api/container.py", line 431, in create_container
    return self.create_container_from_config(config, name, platform)
  File "/home/airflow/.local/lib/python3.8/site-packages/docker/api/container.py", line 448, in create_container_from_config
    return self._result(res, True)
  File "/home/airflow/.local/lib/python3.8/site-packages/docker/api/client.py", line 274, in _result
    self._raise_for_status(response)
  File "/home/airflow/.local/lib/python3.8/site-packages/docker/api/client.py", line 270, in _raise_for_status
    raise create_api_error_from_http_exception(e) from e
  File "/home/airflow/.local/lib/python3.8/site-packages/docker/errors.py", line 39, in create_api_error_from_http_exception
    raise cls(e, response=response, explanation=explanation) from e
docker.errors.APIError: 400 Client Error for http://docker-proxy:2375/v1.44/containers/create: Bad Request ("invalid mount config for type "bind": bind source path does not exist: /host_mnt/private/tmp/airflowtmplqjve40g")

During handling of the above exception, another exception occurred:

Traceback (most recent call last):
  File "/home/airflow/.local/lib/python3.8/site-packages/airflow/providers/docker/operators/docker.py", line 486, in execute
    return self._run_image()
  File "/home/airflow/.local/lib/python3.8/site-packages/airflow/providers/docker/operators/docker.py", line 357, in _run_image
    return self._run_image_with_mounts(self.mounts, add_tmp_variable=False)
  File "/home/airflow/.local/lib/python3.8/site-packages/airflow/providers/docker/operators/docker.py", line 421, in _run_image_with_mounts
    raise DockerContainerFailedException(f"Docker container failed: {result!r}", logs=log_lines)
airflow.providers.docker.exceptions.DockerContainerFailedException: Docker container failed: {'StatusCode': 1}
[2024-06-27T07:32:23.497+0000] {taskinstance.py:1400} INFO - Marking task as FAILED. dag_id=kafka_spark_dag, task_id=pyspark_consumer, execution_date=20240627T073148, start_date=20240627T073211, end_date=20240627T073223
[2024-06-27T07:32:23.503+0000] {standard_task_runner.py:104} ERROR - Failed to execute job 114 for task pyspark_consumer (Docker container failed: {'StatusCode': 1}; 2134)
[2024-06-27T07:32:23.514+0000] {local_task_job_runner.py:228} INFO - Task exited with return code 1
[2024-06-27T07:32:23.528+0000] {taskinstance.py:2778} INFO - 0 downstream tasks scheduled from follow-on schedule check
