[2024-06-27T18:59:45.663+0000] {taskinstance.py:1159} INFO - Dependencies all met for dep_context=non-requeueable deps ti=<TaskInstance: kafka_spark_dag.pyspark_consumer scheduled__2024-06-26T18:59:21.091507+00:00 [queued]>
[2024-06-27T18:59:45.668+0000] {taskinstance.py:1159} INFO - Dependencies all met for dep_context=requeueable deps ti=<TaskInstance: kafka_spark_dag.pyspark_consumer scheduled__2024-06-26T18:59:21.091507+00:00 [queued]>
[2024-06-27T18:59:45.668+0000] {taskinstance.py:1361} INFO - Starting attempt 1 of 2
[2024-06-27T18:59:45.674+0000] {taskinstance.py:1382} INFO - Executing <Task(DockerOperator): pyspark_consumer> on 2024-06-26 18:59:21.091507+00:00
[2024-06-27T18:59:45.678+0000] {standard_task_runner.py:57} INFO - Started process 1397 to run task
[2024-06-27T18:59:45.680+0000] {standard_task_runner.py:84} INFO - Running: ['***', 'tasks', 'run', 'kafka_spark_dag', 'pyspark_consumer', 'scheduled__2024-06-26T18:59:21.091507+00:00', '--job-id', '143', '--raw', '--subdir', 'DAGS_FOLDER/dag_kafka_spark.py', '--cfg-path', '/tmp/tmpehpst8yd']
[2024-06-27T18:59:45.682+0000] {standard_task_runner.py:85} INFO - Job 143: Subtask pyspark_consumer
[2024-06-27T18:59:45.708+0000] {task_command.py:416} INFO - Running <TaskInstance: kafka_spark_dag.pyspark_consumer scheduled__2024-06-26T18:59:21.091507+00:00 [running]> on host cd176cdca805
[2024-06-27T18:59:45.744+0000] {taskinstance.py:1662} INFO - Exporting env vars: AIRFLOW_CTX_DAG_OWNER='***' AIRFLOW_CTX_DAG_ID='kafka_spark_dag' AIRFLOW_CTX_TASK_ID='pyspark_consumer' AIRFLOW_CTX_EXECUTION_DATE='2024-06-26T18:59:21.091507+00:00' AIRFLOW_CTX_TRY_NUMBER='1' AIRFLOW_CTX_DAG_RUN_ID='scheduled__2024-06-26T18:59:21.091507+00:00'
[2024-06-27T18:59:45.805+0000] {docker.py:343} INFO - Starting docker container from image current-headlines/spark:latest
[2024-06-27T18:59:45.855+0000] {docker.py:351} WARNING - Using remote engine or docker-in-docker and mounting temporary volume from host is not supported. Falling back to `mount_tmp_dir=False` mode. You can set `mount_tmp_dir` parameter to False to disable mounting and remove the warning
[2024-06-27T18:59:46.083+0000] {docker.py:413} INFO - [38;5;6mspark [38;5;5m18:59:46.08 [0m[38;5;2mINFO [0m ==>
[2024-06-27T18:59:46.084+0000] {docker.py:413} INFO - [38;5;6mspark [38;5;5m18:59:46.08 [0m[38;5;2mINFO [0m ==> [1mWelcome to the Bitnami spark container[0m
[2024-06-27T18:59:46.084+0000] {docker.py:413} INFO - [38;5;6mspark [38;5;5m18:59:46.08 [0m[38;5;2mINFO [0m ==> Subscribe to project updates by watching [1mhttps://github.com/bitnami/containers[0m
[2024-06-27T18:59:46.084+0000] {docker.py:413} INFO - [38;5;6mspark [38;5;5m18:59:46.08 [0m[38;5;2mINFO [0m ==> Submit issues and feature requests at [1mhttps://github.com/bitnami/containers/issues[0m
[2024-06-27T18:59:46.085+0000] {docker.py:413} INFO - [38;5;6mspark [38;5;5m18:59:46.08 [0m[38;5;2mINFO [0m ==>
[2024-06-27T18:59:46.088+0000] {docker.py:413} INFO - 
[2024-06-27T18:59:47.148+0000] {docker.py:413} INFO - :: loading settings :: url = jar:file:/opt/bitnami/spark/jars/ivy-2.5.1.jar!/org/apache/ivy/core/settings/ivysettings.xml
[2024-06-27T18:59:47.193+0000] {docker.py:413} INFO - Ivy Default Cache set to: /opt/bitnami/spark/.ivy2/cache
The jars for the packages stored in: /opt/bitnami/spark/.ivy2/jars
[2024-06-27T18:59:47.195+0000] {docker.py:413} INFO - org.postgresql#postgresql added as a dependency
org.apache.spark#spark-sql-kafka-0-10_2.12 added as a dependency
[2024-06-27T18:59:47.199+0000] {docker.py:413} INFO - :: resolving dependencies :: org.apache.spark#spark-submit-parent-884a2b6d-f717-45c1-961c-36c2f0d7c09c;1.0
	confs: [default]
[2024-06-27T18:59:47.581+0000] {docker.py:413} INFO - found org.postgresql#postgresql;42.5.4 in central
[2024-06-27T18:59:47.691+0000] {docker.py:413} INFO - found org.checkerframework#checker-qual;3.5.0 in central
[2024-06-27T18:59:48.385+0000] {docker.py:413} INFO - found org.apache.spark#spark-sql-kafka-0-10_2.12;3.5.0 in central
[2024-06-27T18:59:48.536+0000] {docker.py:413} INFO - found org.apache.spark#spark-token-provider-kafka-0-10_2.12;3.5.0 in central
[2024-06-27T18:59:48.589+0000] {docker.py:413} INFO - found org.apache.kafka#kafka-clients;3.4.1 in central
[2024-06-27T18:59:48.649+0000] {docker.py:413} INFO - found org.lz4#lz4-java;1.8.0 in central
[2024-06-27T18:59:48.708+0000] {docker.py:413} INFO - found org.xerial.snappy#snappy-java;1.1.10.3 in central
[2024-06-27T18:59:48.985+0000] {docker.py:413} INFO - found org.slf4j#slf4j-api;2.0.7 in central
[2024-06-27T18:59:49.600+0000] {docker.py:413} INFO - found org.apache.hadoop#hadoop-client-runtime;3.3.4 in central
[2024-06-27T18:59:49.687+0000] {docker.py:413} INFO - found org.apache.hadoop#hadoop-client-api;3.3.4 in central
[2024-06-27T18:59:49.979+0000] {docker.py:413} INFO - found commons-logging#commons-logging;1.1.3 in central
[2024-06-27T18:59:50.033+0000] {docker.py:413} INFO - found com.google.code.findbugs#jsr305;3.0.0 in central
[2024-06-27T18:59:50.690+0000] {docker.py:413} INFO - found org.apache.commons#commons-pool2;2.11.1 in central
[2024-06-27T18:59:50.721+0000] {docker.py:413} INFO - downloading https://repo1.maven.org/maven2/org/postgresql/postgresql/42.5.4/postgresql-42.5.4.jar ...
[2024-06-27T18:59:51.175+0000] {docker.py:413} INFO - [SUCCESSFUL ] org.postgresql#postgresql;42.5.4!postgresql.jar (480ms)
[2024-06-27T18:59:51.216+0000] {docker.py:413} INFO - downloading https://repo1.maven.org/maven2/org/apache/spark/spark-sql-kafka-0-10_2.12/3.5.0/spark-sql-kafka-0-10_2.12-3.5.0.jar ...
[2024-06-27T18:59:51.345+0000] {docker.py:413} INFO - [SUCCESSFUL ] org.apache.spark#spark-sql-kafka-0-10_2.12;3.5.0!spark-sql-kafka-0-10_2.12.jar (169ms)
[2024-06-27T18:59:51.385+0000] {docker.py:413} INFO - downloading https://repo1.maven.org/maven2/org/checkerframework/checker-qual/3.5.0/checker-qual-3.5.0.jar ...
[2024-06-27T18:59:51.444+0000] {docker.py:413} INFO - [SUCCESSFUL ] org.checkerframework#checker-qual;3.5.0!checker-qual.jar (100ms)
[2024-06-27T18:59:51.470+0000] {docker.py:413} INFO - downloading https://repo1.maven.org/maven2/org/apache/spark/spark-token-provider-kafka-0-10_2.12/3.5.0/spark-token-provider-kafka-0-10_2.12-3.5.0.jar ...
[2024-06-27T18:59:51.505+0000] {docker.py:413} INFO - [SUCCESSFUL ] org.apache.spark#spark-token-provider-kafka-0-10_2.12;3.5.0!spark-token-provider-kafka-0-10_2.12.jar (60ms)
[2024-06-27T18:59:51.541+0000] {docker.py:413} INFO - downloading https://repo1.maven.org/maven2/org/apache/kafka/kafka-clients/3.4.1/kafka-clients-3.4.1.jar ...
[2024-06-27T18:59:52.927+0000] {docker.py:413} INFO - [SUCCESSFUL ] org.apache.kafka#kafka-clients;3.4.1!kafka-clients.jar (1421ms)
[2024-06-27T18:59:52.947+0000] {docker.py:413} INFO - downloading https://repo1.maven.org/maven2/com/google/code/findbugs/jsr305/3.0.0/jsr305-3.0.0.jar ...
[2024-06-27T18:59:52.978+0000] {docker.py:413} INFO - [SUCCESSFUL ] com.google.code.findbugs#jsr305;3.0.0!jsr305.jar (50ms)
[2024-06-27T18:59:53.008+0000] {docker.py:413} INFO - downloading https://repo1.maven.org/maven2/org/apache/commons/commons-pool2/2.11.1/commons-pool2-2.11.1.jar ...
[2024-06-27T18:59:53.078+0000] {docker.py:413} INFO - [SUCCESSFUL ] org.apache.commons#commons-pool2;2.11.1!commons-pool2.jar (99ms)
[2024-06-27T18:59:53.110+0000] {docker.py:413} INFO - downloading https://repo1.maven.org/maven2/org/apache/hadoop/hadoop-client-runtime/3.3.4/hadoop-client-runtime-3.3.4.jar ...
[2024-06-27T19:00:02.673+0000] {docker.py:413} INFO - [SUCCESSFUL ] org.apache.hadoop#hadoop-client-runtime;3.3.4!hadoop-client-runtime.jar (9595ms)
[2024-06-27T19:00:02.702+0000] {docker.py:413} INFO - downloading https://repo1.maven.org/maven2/org/lz4/lz4-java/1.8.0/lz4-java-1.8.0.jar ...
[2024-06-27T19:00:02.949+0000] {docker.py:413} INFO - [SUCCESSFUL ] org.lz4#lz4-java;1.8.0!lz4-java.jar (276ms)
[2024-06-27T19:00:02.986+0000] {docker.py:413} INFO - downloading https://repo1.maven.org/maven2/org/xerial/snappy/snappy-java/1.1.10.3/snappy-java-1.1.10.3.jar ...
[2024-06-27T19:00:03.633+0000] {docker.py:413} INFO - [SUCCESSFUL ] org.xerial.snappy#snappy-java;1.1.10.3!snappy-java.jar(bundle) (683ms)
[2024-06-27T19:00:03.654+0000] {docker.py:413} INFO - downloading https://repo1.maven.org/maven2/org/slf4j/slf4j-api/2.0.7/slf4j-api-2.0.7.jar ...
[2024-06-27T19:00:03.698+0000] {docker.py:413} INFO - [SUCCESSFUL ] org.slf4j#slf4j-api;2.0.7!slf4j-api.jar (64ms)
[2024-06-27T19:00:03.725+0000] {docker.py:413} INFO - downloading https://repo1.maven.org/maven2/org/apache/hadoop/hadoop-client-api/3.3.4/hadoop-client-api-3.3.4.jar ...
[2024-06-27T19:00:09.686+0000] {docker.py:413} INFO - [SUCCESSFUL ] org.apache.hadoop#hadoop-client-api;3.3.4!hadoop-client-api.jar (5987ms)
[2024-06-27T19:00:09.711+0000] {docker.py:413} INFO - downloading https://repo1.maven.org/maven2/commons-logging/commons-logging/1.1.3/commons-logging-1.1.3.jar ...
[2024-06-27T19:00:09.748+0000] {docker.py:413} INFO - [SUCCESSFUL ] commons-logging#commons-logging;1.1.3!commons-logging.jar (61ms)
[2024-06-27T19:00:09.749+0000] {docker.py:413} INFO - :: resolution report :: resolve 3497ms :: artifacts dl 19055ms
[2024-06-27T19:00:09.750+0000] {docker.py:413} INFO - :: modules in use:
[2024-06-27T19:00:09.752+0000] {docker.py:413} INFO - com.google.code.findbugs#jsr305;3.0.0 from central in [default]
	commons-logging#commons-logging;1.1.3 from central in [default]
	org.apache.commons#commons-pool2;2.11.1 from central in [default]
	org.apache.hadoop#hadoop-client-api;3.3.4 from central in [default]
	org.apache.hadoop#hadoop-client-runtime;3.3.4 from central in [default]
[2024-06-27T19:00:09.752+0000] {docker.py:413} INFO - org.apache.kafka#kafka-clients;3.4.1 from central in [default]
	org.apache.spark#spark-sql-kafka-0-10_2.12;3.5.0 from central in [default]
	org.apache.spark#spark-token-provider-kafka-0-10_2.12;3.5.0 from central in [default]
	org.checkerframework#checker-qual;3.5.0 from central in [default]
	org.lz4#lz4-java;1.8.0 from central in [default]
[2024-06-27T19:00:09.752+0000] {docker.py:413} INFO - org.postgresql#postgresql;42.5.4 from central in [default]
	org.slf4j#slf4j-api;2.0.7 from central in [default]
	org.xerial.snappy#snappy-java;1.1.10.3 from central in [default]
[2024-06-27T19:00:09.752+0000] {docker.py:413} INFO - ---------------------------------------------------------------------
	|                  |            modules            ||   artifacts   |
	|       conf       | number| search|dwnlded|evicted|| number|dwnlded|
	---------------------------------------------------------------------
[2024-06-27T19:00:09.753+0000] {docker.py:413} INFO - |      default     |   13  |   13  |   13  |   0   ||   13  |   13  |
	---------------------------------------------------------------------
[2024-06-27T19:00:09.753+0000] {docker.py:413} INFO - :: retrieving :: org.apache.spark#spark-submit-parent-884a2b6d-f717-45c1-961c-36c2f0d7c09c
	confs: [default]
[2024-06-27T19:00:09.788+0000] {docker.py:413} INFO - 13 artifacts copied, 0 already retrieved (58001kB/36ms)
[2024-06-27T19:00:09.887+0000] {docker.py:413} INFO - 24/06/27 19:00:09 WARN NativeCodeLoader: Unable to load native-hadoop library for your platform... using builtin-java classes where applicable
[2024-06-27T19:00:10.460+0000] {docker.py:413} INFO - 24/06/27 19:00:10 INFO SparkContext: Running Spark version 3.5.0
[2024-06-27T19:00:10.460+0000] {docker.py:413} INFO - 24/06/27 19:00:10 INFO SparkContext: OS info Linux, 6.6.12-linuxkit, aarch64
[2024-06-27T19:00:10.461+0000] {docker.py:413} INFO - 24/06/27 19:00:10 INFO SparkContext: Java version 17.0.10
[2024-06-27T19:00:10.472+0000] {docker.py:413} INFO - 24/06/27 19:00:10 INFO ResourceUtils: ==============================================================
[2024-06-27T19:00:10.472+0000] {docker.py:413} INFO - 24/06/27 19:00:10 INFO ResourceUtils: No custom resources configured for spark.driver.
[2024-06-27T19:00:10.473+0000] {docker.py:413} INFO - 24/06/27 19:00:10 INFO ResourceUtils: ==============================================================
[2024-06-27T19:00:10.473+0000] {docker.py:413} INFO - 24/06/27 19:00:10 INFO SparkContext: Submitted application: PostgreSQL Connection with PySpark
[2024-06-27T19:00:10.484+0000] {docker.py:413} INFO - 24/06/27 19:00:10 INFO ResourceProfile: Default ResourceProfile created, executor resources: Map(cores -> name: cores, amount: 1, script: , vendor: , memory -> name: memory, amount: 1024, script: , vendor: , offHeap -> name: offHeap, amount: 0, script: , vendor: ), task resources: Map(cpus -> name: cpus, amount: 1.0)
[2024-06-27T19:00:10.489+0000] {docker.py:413} INFO - 24/06/27 19:00:10 INFO ResourceProfile: Limiting resource is cpu
[2024-06-27T19:00:10.489+0000] {docker.py:413} INFO - 24/06/27 19:00:10 INFO ResourceProfileManager: Added ResourceProfile id: 0
[2024-06-27T19:00:10.514+0000] {docker.py:413} INFO - 24/06/27 19:00:10 INFO SecurityManager: Changing view acls to: spark
[2024-06-27T19:00:10.514+0000] {docker.py:413} INFO - 24/06/27 19:00:10 INFO SecurityManager: Changing modify acls to: spark
[2024-06-27T19:00:10.514+0000] {docker.py:413} INFO - 24/06/27 19:00:10 INFO SecurityManager: Changing view acls groups to:
[2024-06-27T19:00:10.515+0000] {docker.py:413} INFO - 24/06/27 19:00:10 INFO SecurityManager: Changing modify acls groups to:
[2024-06-27T19:00:10.515+0000] {docker.py:413} INFO - 24/06/27 19:00:10 INFO SecurityManager: SecurityManager: authentication disabled; ui acls disabled; users with view permissions: spark; groups with view permissions: EMPTY; users with modify permissions: spark; groups with modify permissions: EMPTY
[2024-06-27T19:00:10.618+0000] {docker.py:413} INFO - 24/06/27 19:00:10 INFO Utils: Successfully started service 'sparkDriver' on port 46809.
[2024-06-27T19:00:10.631+0000] {docker.py:413} INFO - 24/06/27 19:00:10 INFO SparkEnv: Registering MapOutputTracker
[2024-06-27T19:00:10.649+0000] {docker.py:413} INFO - 24/06/27 19:00:10 INFO SparkEnv: Registering BlockManagerMaster
[2024-06-27T19:00:10.658+0000] {docker.py:413} INFO - 24/06/27 19:00:10 INFO BlockManagerMasterEndpoint: Using org.apache.spark.storage.DefaultTopologyMapper for getting topology information
[2024-06-27T19:00:10.658+0000] {docker.py:413} INFO - 24/06/27 19:00:10 INFO BlockManagerMasterEndpoint: BlockManagerMasterEndpoint up
[2024-06-27T19:00:10.660+0000] {docker.py:413} INFO - 24/06/27 19:00:10 INFO SparkEnv: Registering BlockManagerMasterHeartbeat
[2024-06-27T19:00:10.671+0000] {docker.py:413} INFO - 24/06/27 19:00:10 INFO DiskBlockManager: Created local directory at /tmp/blockmgr-15bda149-ea24-4915-931a-1f0a5a662bca
[2024-06-27T19:00:10.684+0000] {docker.py:413} INFO - 24/06/27 19:00:10 INFO MemoryStore: MemoryStore started with capacity 434.4 MiB
[2024-06-27T19:00:10.693+0000] {docker.py:413} INFO - 24/06/27 19:00:10 INFO SparkEnv: Registering OutputCommitCoordinator
[2024-06-27T19:00:10.758+0000] {docker.py:413} INFO - 24/06/27 19:00:10 INFO JettyUtils: Start Jetty 0.0.0.0:4040 for SparkUI
[2024-06-27T19:00:10.790+0000] {docker.py:413} INFO - 24/06/27 19:00:10 INFO Utils: Successfully started service 'SparkUI' on port 4040.
[2024-06-27T19:00:10.808+0000] {docker.py:413} INFO - 24/06/27 19:00:10 INFO SparkContext: Added JAR file:///opt/bitnami/spark/.ivy2/jars/org.postgresql_postgresql-42.5.4.jar at spark://localhost:46809/jars/org.postgresql_postgresql-42.5.4.jar with timestamp 1719514810455
[2024-06-27T19:00:10.809+0000] {docker.py:413} INFO - 24/06/27 19:00:10 INFO SparkContext: Added JAR file:///opt/bitnami/spark/.ivy2/jars/org.apache.spark_spark-sql-kafka-0-10_2.12-3.5.0.jar at spark://localhost:46809/jars/org.apache.spark_spark-sql-kafka-0-10_2.12-3.5.0.jar with timestamp 1719514810455
[2024-06-27T19:00:10.811+0000] {docker.py:413} INFO - 24/06/27 19:00:10 INFO SparkContext: Added JAR file:///opt/bitnami/spark/.ivy2/jars/org.checkerframework_checker-qual-3.5.0.jar at spark://localhost:46809/jars/org.checkerframework_checker-qual-3.5.0.jar with timestamp 1719514810455
[2024-06-27T19:00:10.811+0000] {docker.py:413} INFO - 24/06/27 19:00:10 INFO SparkContext: Added JAR file:///opt/bitnami/spark/.ivy2/jars/org.apache.spark_spark-token-provider-kafka-0-10_2.12-3.5.0.jar at spark://localhost:46809/jars/org.apache.spark_spark-token-provider-kafka-0-10_2.12-3.5.0.jar with timestamp 1719514810455
[2024-06-27T19:00:10.812+0000] {docker.py:413} INFO - 24/06/27 19:00:10 INFO SparkContext: Added JAR file:///opt/bitnami/spark/.ivy2/jars/org.apache.kafka_kafka-clients-3.4.1.jar at spark://localhost:46809/jars/org.apache.kafka_kafka-clients-3.4.1.jar with timestamp 1719514810455
[2024-06-27T19:00:10.812+0000] {docker.py:413} INFO - 24/06/27 19:00:10 INFO SparkContext: Added JAR file:///opt/bitnami/spark/.ivy2/jars/com.google.code.findbugs_jsr305-3.0.0.jar at spark://localhost:46809/jars/com.google.code.findbugs_jsr305-3.0.0.jar with timestamp 1719514810455
[2024-06-27T19:00:10.812+0000] {docker.py:413} INFO - 24/06/27 19:00:10 INFO SparkContext: Added JAR file:///opt/bitnami/spark/.ivy2/jars/org.apache.commons_commons-pool2-2.11.1.jar at spark://localhost:46809/jars/org.apache.commons_commons-pool2-2.11.1.jar with timestamp 1719514810455
[2024-06-27T19:00:10.813+0000] {docker.py:413} INFO - 24/06/27 19:00:10 INFO SparkContext: Added JAR file:///opt/bitnami/spark/.ivy2/jars/org.apache.hadoop_hadoop-client-runtime-3.3.4.jar at spark://localhost:46809/jars/org.apache.hadoop_hadoop-client-runtime-3.3.4.jar with timestamp 1719514810455
24/06/27 19:00:10 INFO SparkContext: Added JAR file:///opt/bitnami/spark/.ivy2/jars/org.lz4_lz4-java-1.8.0.jar at spark://localhost:46809/jars/org.lz4_lz4-java-1.8.0.jar with timestamp 1719514810455
[2024-06-27T19:00:10.813+0000] {docker.py:413} INFO - 24/06/27 19:00:10 INFO SparkContext: Added JAR file:///opt/bitnami/spark/.ivy2/jars/org.xerial.snappy_snappy-java-1.1.10.3.jar at spark://localhost:46809/jars/org.xerial.snappy_snappy-java-1.1.10.3.jar with timestamp 1719514810455
24/06/27 19:00:10 INFO SparkContext: Added JAR file:///opt/bitnami/spark/.ivy2/jars/org.slf4j_slf4j-api-2.0.7.jar at spark://localhost:46809/jars/org.slf4j_slf4j-api-2.0.7.jar with timestamp 1719514810455
[2024-06-27T19:00:10.813+0000] {docker.py:413} INFO - 24/06/27 19:00:10 INFO SparkContext: Added JAR file:///opt/bitnami/spark/.ivy2/jars/org.apache.hadoop_hadoop-client-api-3.3.4.jar at spark://localhost:46809/jars/org.apache.hadoop_hadoop-client-api-3.3.4.jar with timestamp 1719514810455
[2024-06-27T19:00:10.813+0000] {docker.py:413} INFO - 24/06/27 19:00:10 INFO SparkContext: Added JAR file:///opt/bitnami/spark/.ivy2/jars/commons-logging_commons-logging-1.1.3.jar at spark://localhost:46809/jars/commons-logging_commons-logging-1.1.3.jar with timestamp 1719514810455
[2024-06-27T19:00:10.814+0000] {docker.py:413} INFO - 24/06/27 19:00:10 INFO SparkContext: Added file file:///opt/bitnami/spark/.ivy2/jars/org.postgresql_postgresql-42.5.4.jar at file:///opt/bitnami/spark/.ivy2/jars/org.postgresql_postgresql-42.5.4.jar with timestamp 1719514810455
[2024-06-27T19:00:10.814+0000] {docker.py:413} INFO - 24/06/27 19:00:10 INFO Utils: Copying /opt/bitnami/spark/.ivy2/jars/org.postgresql_postgresql-42.5.4.jar to /tmp/spark-6e8a385e-7c3a-46da-ba45-79e8c176d923/userFiles-ac28fea0-307c-4cad-9f42-c412a790648b/org.postgresql_postgresql-42.5.4.jar
[2024-06-27T19:00:10.817+0000] {docker.py:413} INFO - 24/06/27 19:00:10 INFO SparkContext: Added file file:///opt/bitnami/spark/.ivy2/jars/org.apache.spark_spark-sql-kafka-0-10_2.12-3.5.0.jar at file:///opt/bitnami/spark/.ivy2/jars/org.apache.spark_spark-sql-kafka-0-10_2.12-3.5.0.jar with timestamp 1719514810455
24/06/27 19:00:10 INFO Utils: Copying /opt/bitnami/spark/.ivy2/jars/org.apache.spark_spark-sql-kafka-0-10_2.12-3.5.0.jar to /tmp/spark-6e8a385e-7c3a-46da-ba45-79e8c176d923/userFiles-ac28fea0-307c-4cad-9f42-c412a790648b/org.apache.spark_spark-sql-kafka-0-10_2.12-3.5.0.jar
[2024-06-27T19:00:10.819+0000] {docker.py:413} INFO - 24/06/27 19:00:10 INFO SparkContext: Added file file:///opt/bitnami/spark/.ivy2/jars/org.checkerframework_checker-qual-3.5.0.jar at file:///opt/bitnami/spark/.ivy2/jars/org.checkerframework_checker-qual-3.5.0.jar with timestamp 1719514810455
24/06/27 19:00:10 INFO Utils: Copying /opt/bitnami/spark/.ivy2/jars/org.checkerframework_checker-qual-3.5.0.jar to /tmp/spark-6e8a385e-7c3a-46da-ba45-79e8c176d923/userFiles-ac28fea0-307c-4cad-9f42-c412a790648b/org.checkerframework_checker-qual-3.5.0.jar
[2024-06-27T19:00:10.821+0000] {docker.py:413} INFO - 24/06/27 19:00:10 INFO SparkContext: Added file file:///opt/bitnami/spark/.ivy2/jars/org.apache.spark_spark-token-provider-kafka-0-10_2.12-3.5.0.jar at file:///opt/bitnami/spark/.ivy2/jars/org.apache.spark_spark-token-provider-kafka-0-10_2.12-3.5.0.jar with timestamp 1719514810455
[2024-06-27T19:00:10.822+0000] {docker.py:413} INFO - 24/06/27 19:00:10 INFO Utils: Copying /opt/bitnami/spark/.ivy2/jars/org.apache.spark_spark-token-provider-kafka-0-10_2.12-3.5.0.jar to /tmp/spark-6e8a385e-7c3a-46da-ba45-79e8c176d923/userFiles-ac28fea0-307c-4cad-9f42-c412a790648b/org.apache.spark_spark-token-provider-kafka-0-10_2.12-3.5.0.jar
[2024-06-27T19:00:10.827+0000] {docker.py:413} INFO - 24/06/27 19:00:10 INFO SparkContext: Added file file:///opt/bitnami/spark/.ivy2/jars/org.apache.kafka_kafka-clients-3.4.1.jar at file:///opt/bitnami/spark/.ivy2/jars/org.apache.kafka_kafka-clients-3.4.1.jar with timestamp 1719514810455
[2024-06-27T19:00:10.827+0000] {docker.py:413} INFO - 24/06/27 19:00:10 INFO Utils: Copying /opt/bitnami/spark/.ivy2/jars/org.apache.kafka_kafka-clients-3.4.1.jar to /tmp/spark-6e8a385e-7c3a-46da-ba45-79e8c176d923/userFiles-ac28fea0-307c-4cad-9f42-c412a790648b/org.apache.kafka_kafka-clients-3.4.1.jar
[2024-06-27T19:00:10.832+0000] {docker.py:413} INFO - 24/06/27 19:00:10 INFO SparkContext: Added file file:///opt/bitnami/spark/.ivy2/jars/com.google.code.findbugs_jsr305-3.0.0.jar at file:///opt/bitnami/spark/.ivy2/jars/com.google.code.findbugs_jsr305-3.0.0.jar with timestamp 1719514810455
[2024-06-27T19:00:10.833+0000] {docker.py:413} INFO - 24/06/27 19:00:10 INFO Utils: Copying /opt/bitnami/spark/.ivy2/jars/com.google.code.findbugs_jsr305-3.0.0.jar to /tmp/spark-6e8a385e-7c3a-46da-ba45-79e8c176d923/userFiles-ac28fea0-307c-4cad-9f42-c412a790648b/com.google.code.findbugs_jsr305-3.0.0.jar
[2024-06-27T19:00:10.835+0000] {docker.py:413} INFO - 24/06/27 19:00:10 INFO SparkContext: Added file file:///opt/bitnami/spark/.ivy2/jars/org.apache.commons_commons-pool2-2.11.1.jar at file:///opt/bitnami/spark/.ivy2/jars/org.apache.commons_commons-pool2-2.11.1.jar with timestamp 1719514810455
[2024-06-27T19:00:10.835+0000] {docker.py:413} INFO - 24/06/27 19:00:10 INFO Utils: Copying /opt/bitnami/spark/.ivy2/jars/org.apache.commons_commons-pool2-2.11.1.jar to /tmp/spark-6e8a385e-7c3a-46da-ba45-79e8c176d923/userFiles-ac28fea0-307c-4cad-9f42-c412a790648b/org.apache.commons_commons-pool2-2.11.1.jar
[2024-06-27T19:00:10.840+0000] {docker.py:413} INFO - 24/06/27 19:00:10 INFO SparkContext: Added file file:///opt/bitnami/spark/.ivy2/jars/org.apache.hadoop_hadoop-client-runtime-3.3.4.jar at file:///opt/bitnami/spark/.ivy2/jars/org.apache.hadoop_hadoop-client-runtime-3.3.4.jar with timestamp 1719514810455
[2024-06-27T19:00:10.840+0000] {docker.py:413} INFO - 24/06/27 19:00:10 INFO Utils: Copying /opt/bitnami/spark/.ivy2/jars/org.apache.hadoop_hadoop-client-runtime-3.3.4.jar to /tmp/spark-6e8a385e-7c3a-46da-ba45-79e8c176d923/userFiles-ac28fea0-307c-4cad-9f42-c412a790648b/org.apache.hadoop_hadoop-client-runtime-3.3.4.jar
[2024-06-27T19:00:10.872+0000] {docker.py:413} INFO - 24/06/27 19:00:10 INFO SparkContext: Added file file:///opt/bitnami/spark/.ivy2/jars/org.lz4_lz4-java-1.8.0.jar at file:///opt/bitnami/spark/.ivy2/jars/org.lz4_lz4-java-1.8.0.jar with timestamp 1719514810455
[2024-06-27T19:00:10.873+0000] {docker.py:413} INFO - 24/06/27 19:00:10 INFO Utils: Copying /opt/bitnami/spark/.ivy2/jars/org.lz4_lz4-java-1.8.0.jar to /tmp/spark-6e8a385e-7c3a-46da-ba45-79e8c176d923/userFiles-ac28fea0-307c-4cad-9f42-c412a790648b/org.lz4_lz4-java-1.8.0.jar
[2024-06-27T19:00:10.874+0000] {docker.py:413} INFO - 24/06/27 19:00:10 INFO SparkContext: Added file file:///opt/bitnami/spark/.ivy2/jars/org.xerial.snappy_snappy-java-1.1.10.3.jar at file:///opt/bitnami/spark/.ivy2/jars/org.xerial.snappy_snappy-java-1.1.10.3.jar with timestamp 1719514810455
[2024-06-27T19:00:10.875+0000] {docker.py:413} INFO - 24/06/27 19:00:10 INFO Utils: Copying /opt/bitnami/spark/.ivy2/jars/org.xerial.snappy_snappy-java-1.1.10.3.jar to /tmp/spark-6e8a385e-7c3a-46da-ba45-79e8c176d923/userFiles-ac28fea0-307c-4cad-9f42-c412a790648b/org.xerial.snappy_snappy-java-1.1.10.3.jar
[2024-06-27T19:00:10.877+0000] {docker.py:413} INFO - 24/06/27 19:00:10 INFO SparkContext: Added file file:///opt/bitnami/spark/.ivy2/jars/org.slf4j_slf4j-api-2.0.7.jar at file:///opt/bitnami/spark/.ivy2/jars/org.slf4j_slf4j-api-2.0.7.jar with timestamp 1719514810455
[2024-06-27T19:00:10.878+0000] {docker.py:413} INFO - 24/06/27 19:00:10 INFO Utils: Copying /opt/bitnami/spark/.ivy2/jars/org.slf4j_slf4j-api-2.0.7.jar to /tmp/spark-6e8a385e-7c3a-46da-ba45-79e8c176d923/userFiles-ac28fea0-307c-4cad-9f42-c412a790648b/org.slf4j_slf4j-api-2.0.7.jar
[2024-06-27T19:00:10.880+0000] {docker.py:413} INFO - 24/06/27 19:00:10 INFO SparkContext: Added file file:///opt/bitnami/spark/.ivy2/jars/org.apache.hadoop_hadoop-client-api-3.3.4.jar at file:///opt/bitnami/spark/.ivy2/jars/org.apache.hadoop_hadoop-client-api-3.3.4.jar with timestamp 1719514810455
[2024-06-27T19:00:10.881+0000] {docker.py:413} INFO - 24/06/27 19:00:10 INFO Utils: Copying /opt/bitnami/spark/.ivy2/jars/org.apache.hadoop_hadoop-client-api-3.3.4.jar to /tmp/spark-6e8a385e-7c3a-46da-ba45-79e8c176d923/userFiles-ac28fea0-307c-4cad-9f42-c412a790648b/org.apache.hadoop_hadoop-client-api-3.3.4.jar
[2024-06-27T19:00:10.890+0000] {docker.py:413} INFO - 24/06/27 19:00:10 INFO SparkContext: Added file file:///opt/bitnami/spark/.ivy2/jars/commons-logging_commons-logging-1.1.3.jar at file:///opt/bitnami/spark/.ivy2/jars/commons-logging_commons-logging-1.1.3.jar with timestamp 1719514810455
24/06/27 19:00:10 INFO Utils: Copying /opt/bitnami/spark/.ivy2/jars/commons-logging_commons-logging-1.1.3.jar to /tmp/spark-6e8a385e-7c3a-46da-ba45-79e8c176d923/userFiles-ac28fea0-307c-4cad-9f42-c412a790648b/commons-logging_commons-logging-1.1.3.jar
[2024-06-27T19:00:10.925+0000] {docker.py:413} INFO - 24/06/27 19:00:10 INFO Executor: Starting executor ID driver on host localhost
[2024-06-27T19:00:10.926+0000] {docker.py:413} INFO - 24/06/27 19:00:10 INFO Executor: OS info Linux, 6.6.12-linuxkit, aarch64
[2024-06-27T19:00:10.926+0000] {docker.py:413} INFO - 24/06/27 19:00:10 INFO Executor: Java version 17.0.10
[2024-06-27T19:00:10.928+0000] {docker.py:413} INFO - 24/06/27 19:00:10 INFO Executor: Starting executor with user classpath (userClassPathFirst = false): ''
[2024-06-27T19:00:10.929+0000] {docker.py:413} INFO - 24/06/27 19:00:10 INFO Executor: Created or updated repl class loader org.apache.spark.util.MutableURLClassLoader@5e624ef9 for default.
[2024-06-27T19:00:10.937+0000] {docker.py:413} INFO - 24/06/27 19:00:10 INFO Executor: Fetching file:///opt/bitnami/spark/.ivy2/jars/org.apache.spark_spark-token-provider-kafka-0-10_2.12-3.5.0.jar with timestamp 1719514810455
[2024-06-27T19:00:10.945+0000] {docker.py:413} INFO - 24/06/27 19:00:10 INFO Utils: /opt/bitnami/spark/.ivy2/jars/org.apache.spark_spark-token-provider-kafka-0-10_2.12-3.5.0.jar has been previously copied to /tmp/spark-6e8a385e-7c3a-46da-ba45-79e8c176d923/userFiles-ac28fea0-307c-4cad-9f42-c412a790648b/org.apache.spark_spark-token-provider-kafka-0-10_2.12-3.5.0.jar
[2024-06-27T19:00:10.946+0000] {docker.py:413} INFO - 24/06/27 19:00:10 INFO Executor: Fetching file:///opt/bitnami/spark/.ivy2/jars/org.apache.hadoop_hadoop-client-runtime-3.3.4.jar with timestamp 1719514810455
[2024-06-27T19:00:10.969+0000] {docker.py:413} INFO - 24/06/27 19:00:10 INFO Utils: /opt/bitnami/spark/.ivy2/jars/org.apache.hadoop_hadoop-client-runtime-3.3.4.jar has been previously copied to /tmp/spark-6e8a385e-7c3a-46da-ba45-79e8c176d923/userFiles-ac28fea0-307c-4cad-9f42-c412a790648b/org.apache.hadoop_hadoop-client-runtime-3.3.4.jar
[2024-06-27T19:00:10.970+0000] {docker.py:413} INFO - 24/06/27 19:00:10 INFO Executor: Fetching file:///opt/bitnami/spark/.ivy2/jars/org.apache.commons_commons-pool2-2.11.1.jar with timestamp 1719514810455
[2024-06-27T19:00:10.971+0000] {docker.py:413} INFO - 24/06/27 19:00:10 INFO Utils: /opt/bitnami/spark/.ivy2/jars/org.apache.commons_commons-pool2-2.11.1.jar has been previously copied to /tmp/spark-6e8a385e-7c3a-46da-ba45-79e8c176d923/userFiles-ac28fea0-307c-4cad-9f42-c412a790648b/org.apache.commons_commons-pool2-2.11.1.jar
[2024-06-27T19:00:10.972+0000] {docker.py:413} INFO - 24/06/27 19:00:10 INFO Executor: Fetching file:///opt/bitnami/spark/.ivy2/jars/org.postgresql_postgresql-42.5.4.jar with timestamp 1719514810455
[2024-06-27T19:00:10.973+0000] {docker.py:413} INFO - 24/06/27 19:00:10 INFO Utils: /opt/bitnami/spark/.ivy2/jars/org.postgresql_postgresql-42.5.4.jar has been previously copied to /tmp/spark-6e8a385e-7c3a-46da-ba45-79e8c176d923/userFiles-ac28fea0-307c-4cad-9f42-c412a790648b/org.postgresql_postgresql-42.5.4.jar
[2024-06-27T19:00:10.975+0000] {docker.py:413} INFO - 24/06/27 19:00:10 INFO Executor: Fetching file:///opt/bitnami/spark/.ivy2/jars/org.slf4j_slf4j-api-2.0.7.jar with timestamp 1719514810455
[2024-06-27T19:00:10.976+0000] {docker.py:413} INFO - 24/06/27 19:00:10 INFO Utils: /opt/bitnami/spark/.ivy2/jars/org.slf4j_slf4j-api-2.0.7.jar has been previously copied to /tmp/spark-6e8a385e-7c3a-46da-ba45-79e8c176d923/userFiles-ac28fea0-307c-4cad-9f42-c412a790648b/org.slf4j_slf4j-api-2.0.7.jar
[2024-06-27T19:00:10.977+0000] {docker.py:413} INFO - 24/06/27 19:00:10 INFO Executor: Fetching file:///opt/bitnami/spark/.ivy2/jars/org.apache.kafka_kafka-clients-3.4.1.jar with timestamp 1719514810455
[2024-06-27T19:00:10.981+0000] {docker.py:413} INFO - 24/06/27 19:00:10 INFO Utils: /opt/bitnami/spark/.ivy2/jars/org.apache.kafka_kafka-clients-3.4.1.jar has been previously copied to /tmp/spark-6e8a385e-7c3a-46da-ba45-79e8c176d923/userFiles-ac28fea0-307c-4cad-9f42-c412a790648b/org.apache.kafka_kafka-clients-3.4.1.jar
[2024-06-27T19:00:10.982+0000] {docker.py:413} INFO - 24/06/27 19:00:10 INFO Executor: Fetching file:///opt/bitnami/spark/.ivy2/jars/com.google.code.findbugs_jsr305-3.0.0.jar with timestamp 1719514810455
[2024-06-27T19:00:10.982+0000] {docker.py:413} INFO - 24/06/27 19:00:10 INFO Utils: /opt/bitnami/spark/.ivy2/jars/com.google.code.findbugs_jsr305-3.0.0.jar has been previously copied to /tmp/spark-6e8a385e-7c3a-46da-ba45-79e8c176d923/userFiles-ac28fea0-307c-4cad-9f42-c412a790648b/com.google.code.findbugs_jsr305-3.0.0.jar
[2024-06-27T19:00:10.984+0000] {docker.py:413} INFO - 24/06/27 19:00:10 INFO Executor: Fetching file:///opt/bitnami/spark/.ivy2/jars/org.lz4_lz4-java-1.8.0.jar with timestamp 1719514810455
[2024-06-27T19:00:10.985+0000] {docker.py:413} INFO - 24/06/27 19:00:10 INFO Utils: /opt/bitnami/spark/.ivy2/jars/org.lz4_lz4-java-1.8.0.jar has been previously copied to /tmp/spark-6e8a385e-7c3a-46da-ba45-79e8c176d923/userFiles-ac28fea0-307c-4cad-9f42-c412a790648b/org.lz4_lz4-java-1.8.0.jar
[2024-06-27T19:00:10.986+0000] {docker.py:413} INFO - 24/06/27 19:00:10 INFO Executor: Fetching file:///opt/bitnami/spark/.ivy2/jars/org.apache.spark_spark-sql-kafka-0-10_2.12-3.5.0.jar with timestamp 1719514810455
[2024-06-27T19:00:10.987+0000] {docker.py:413} INFO - 24/06/27 19:00:10 INFO Utils: /opt/bitnami/spark/.ivy2/jars/org.apache.spark_spark-sql-kafka-0-10_2.12-3.5.0.jar has been previously copied to /tmp/spark-6e8a385e-7c3a-46da-ba45-79e8c176d923/userFiles-ac28fea0-307c-4cad-9f42-c412a790648b/org.apache.spark_spark-sql-kafka-0-10_2.12-3.5.0.jar
[2024-06-27T19:00:10.988+0000] {docker.py:413} INFO - 24/06/27 19:00:10 INFO Executor: Fetching file:///opt/bitnami/spark/.ivy2/jars/org.apache.hadoop_hadoop-client-api-3.3.4.jar with timestamp 1719514810455
[2024-06-27T19:00:11.001+0000] {docker.py:413} INFO - 24/06/27 19:00:11 INFO Utils: /opt/bitnami/spark/.ivy2/jars/org.apache.hadoop_hadoop-client-api-3.3.4.jar has been previously copied to /tmp/spark-6e8a385e-7c3a-46da-ba45-79e8c176d923/userFiles-ac28fea0-307c-4cad-9f42-c412a790648b/org.apache.hadoop_hadoop-client-api-3.3.4.jar
[2024-06-27T19:00:11.005+0000] {docker.py:413} INFO - 24/06/27 19:00:11 INFO Executor: Fetching file:///opt/bitnami/spark/.ivy2/jars/commons-logging_commons-logging-1.1.3.jar with timestamp 1719514810455
[2024-06-27T19:00:11.005+0000] {docker.py:413} INFO - 24/06/27 19:00:11 INFO Utils: /opt/bitnami/spark/.ivy2/jars/commons-logging_commons-logging-1.1.3.jar has been previously copied to /tmp/spark-6e8a385e-7c3a-46da-ba45-79e8c176d923/userFiles-ac28fea0-307c-4cad-9f42-c412a790648b/commons-logging_commons-logging-1.1.3.jar
[2024-06-27T19:00:11.006+0000] {docker.py:413} INFO - 24/06/27 19:00:11 INFO Executor: Fetching file:///opt/bitnami/spark/.ivy2/jars/org.checkerframework_checker-qual-3.5.0.jar with timestamp 1719514810455
[2024-06-27T19:00:11.006+0000] {docker.py:413} INFO - 24/06/27 19:00:11 INFO Utils: /opt/bitnami/spark/.ivy2/jars/org.checkerframework_checker-qual-3.5.0.jar has been previously copied to /tmp/spark-6e8a385e-7c3a-46da-ba45-79e8c176d923/userFiles-ac28fea0-307c-4cad-9f42-c412a790648b/org.checkerframework_checker-qual-3.5.0.jar
[2024-06-27T19:00:11.006+0000] {docker.py:413} INFO - 24/06/27 19:00:11 INFO Executor: Fetching file:///opt/bitnami/spark/.ivy2/jars/org.xerial.snappy_snappy-java-1.1.10.3.jar with timestamp 1719514810455
[2024-06-27T19:00:11.007+0000] {docker.py:413} INFO - 24/06/27 19:00:11 INFO Utils: /opt/bitnami/spark/.ivy2/jars/org.xerial.snappy_snappy-java-1.1.10.3.jar has been previously copied to /tmp/spark-6e8a385e-7c3a-46da-ba45-79e8c176d923/userFiles-ac28fea0-307c-4cad-9f42-c412a790648b/org.xerial.snappy_snappy-java-1.1.10.3.jar
[2024-06-27T19:00:11.009+0000] {docker.py:413} INFO - 24/06/27 19:00:11 INFO Executor: Fetching spark://localhost:46809/jars/org.apache.spark_spark-sql-kafka-0-10_2.12-3.5.0.jar with timestamp 1719514810455
[2024-06-27T19:00:11.037+0000] {docker.py:413} INFO - 24/06/27 19:00:11 INFO TransportClientFactory: Successfully created connection to localhost/127.0.0.1:46809 after 21 ms (0 ms spent in bootstraps)
[2024-06-27T19:00:11.044+0000] {docker.py:413} INFO - 24/06/27 19:00:11 INFO Utils: Fetching spark://localhost:46809/jars/org.apache.spark_spark-sql-kafka-0-10_2.12-3.5.0.jar to /tmp/spark-6e8a385e-7c3a-46da-ba45-79e8c176d923/userFiles-ac28fea0-307c-4cad-9f42-c412a790648b/fetchFileTemp17661859481628077217.tmp
[2024-06-27T19:00:11.059+0000] {docker.py:413} INFO - 24/06/27 19:00:11 INFO Utils: /tmp/spark-6e8a385e-7c3a-46da-ba45-79e8c176d923/userFiles-ac28fea0-307c-4cad-9f42-c412a790648b/fetchFileTemp17661859481628077217.tmp has been previously copied to /tmp/spark-6e8a385e-7c3a-46da-ba45-79e8c176d923/userFiles-ac28fea0-307c-4cad-9f42-c412a790648b/org.apache.spark_spark-sql-kafka-0-10_2.12-3.5.0.jar
[2024-06-27T19:00:11.061+0000] {docker.py:413} INFO - 24/06/27 19:00:11 INFO Executor: Adding file:/tmp/spark-6e8a385e-7c3a-46da-ba45-79e8c176d923/userFiles-ac28fea0-307c-4cad-9f42-c412a790648b/org.apache.spark_spark-sql-kafka-0-10_2.12-3.5.0.jar to class loader default
[2024-06-27T19:00:11.064+0000] {docker.py:413} INFO - 24/06/27 19:00:11 INFO Executor: Fetching spark://localhost:46809/jars/commons-logging_commons-logging-1.1.3.jar with timestamp 1719514810455
[2024-06-27T19:00:11.065+0000] {docker.py:413} INFO - 24/06/27 19:00:11 INFO Utils: Fetching spark://localhost:46809/jars/commons-logging_commons-logging-1.1.3.jar to /tmp/spark-6e8a385e-7c3a-46da-ba45-79e8c176d923/userFiles-ac28fea0-307c-4cad-9f42-c412a790648b/fetchFileTemp17272133377590258421.tmp
[2024-06-27T19:00:11.065+0000] {docker.py:413} INFO - 24/06/27 19:00:11 INFO Utils: /tmp/spark-6e8a385e-7c3a-46da-ba45-79e8c176d923/userFiles-ac28fea0-307c-4cad-9f42-c412a790648b/fetchFileTemp17272133377590258421.tmp has been previously copied to /tmp/spark-6e8a385e-7c3a-46da-ba45-79e8c176d923/userFiles-ac28fea0-307c-4cad-9f42-c412a790648b/commons-logging_commons-logging-1.1.3.jar
[2024-06-27T19:00:11.066+0000] {docker.py:413} INFO - 24/06/27 19:00:11 INFO Executor: Adding file:/tmp/spark-6e8a385e-7c3a-46da-ba45-79e8c176d923/userFiles-ac28fea0-307c-4cad-9f42-c412a790648b/commons-logging_commons-logging-1.1.3.jar to class loader default
[2024-06-27T19:00:11.066+0000] {docker.py:413} INFO - 24/06/27 19:00:11 INFO Executor: Fetching spark://localhost:46809/jars/com.google.code.findbugs_jsr305-3.0.0.jar with timestamp 1719514810455
[2024-06-27T19:00:11.066+0000] {docker.py:413} INFO - 24/06/27 19:00:11 INFO Utils: Fetching spark://localhost:46809/jars/com.google.code.findbugs_jsr305-3.0.0.jar to /tmp/spark-6e8a385e-7c3a-46da-ba45-79e8c176d923/userFiles-ac28fea0-307c-4cad-9f42-c412a790648b/fetchFileTemp4078256626969578446.tmp
[2024-06-27T19:00:11.067+0000] {docker.py:413} INFO - 24/06/27 19:00:11 INFO Utils: /tmp/spark-6e8a385e-7c3a-46da-ba45-79e8c176d923/userFiles-ac28fea0-307c-4cad-9f42-c412a790648b/fetchFileTemp4078256626969578446.tmp has been previously copied to /tmp/spark-6e8a385e-7c3a-46da-ba45-79e8c176d923/userFiles-ac28fea0-307c-4cad-9f42-c412a790648b/com.google.code.findbugs_jsr305-3.0.0.jar
[2024-06-27T19:00:11.069+0000] {docker.py:413} INFO - 24/06/27 19:00:11 INFO Executor: Adding file:/tmp/spark-6e8a385e-7c3a-46da-ba45-79e8c176d923/userFiles-ac28fea0-307c-4cad-9f42-c412a790648b/com.google.code.findbugs_jsr305-3.0.0.jar to class loader default
24/06/27 19:00:11 INFO Executor: Fetching spark://localhost:46809/jars/org.checkerframework_checker-qual-3.5.0.jar with timestamp 1719514810455
[2024-06-27T19:00:11.069+0000] {docker.py:413} INFO - 24/06/27 19:00:11 INFO Utils: Fetching spark://localhost:46809/jars/org.checkerframework_checker-qual-3.5.0.jar to /tmp/spark-6e8a385e-7c3a-46da-ba45-79e8c176d923/userFiles-ac28fea0-307c-4cad-9f42-c412a790648b/fetchFileTemp186769594058054137.tmp
[2024-06-27T19:00:11.071+0000] {docker.py:413} INFO - 24/06/27 19:00:11 INFO Utils: /tmp/spark-6e8a385e-7c3a-46da-ba45-79e8c176d923/userFiles-ac28fea0-307c-4cad-9f42-c412a790648b/fetchFileTemp186769594058054137.tmp has been previously copied to /tmp/spark-6e8a385e-7c3a-46da-ba45-79e8c176d923/userFiles-ac28fea0-307c-4cad-9f42-c412a790648b/org.checkerframework_checker-qual-3.5.0.jar
[2024-06-27T19:00:11.073+0000] {docker.py:413} INFO - 24/06/27 19:00:11 INFO Executor: Adding file:/tmp/spark-6e8a385e-7c3a-46da-ba45-79e8c176d923/userFiles-ac28fea0-307c-4cad-9f42-c412a790648b/org.checkerframework_checker-qual-3.5.0.jar to class loader default
[2024-06-27T19:00:11.074+0000] {docker.py:413} INFO - 24/06/27 19:00:11 INFO Executor: Fetching spark://localhost:46809/jars/org.slf4j_slf4j-api-2.0.7.jar with timestamp 1719514810455
24/06/27 19:00:11 INFO Utils: Fetching spark://localhost:46809/jars/org.slf4j_slf4j-api-2.0.7.jar to /tmp/spark-6e8a385e-7c3a-46da-ba45-79e8c176d923/userFiles-ac28fea0-307c-4cad-9f42-c412a790648b/fetchFileTemp11169786394813760616.tmp
[2024-06-27T19:00:11.074+0000] {docker.py:413} INFO - 24/06/27 19:00:11 INFO Utils: /tmp/spark-6e8a385e-7c3a-46da-ba45-79e8c176d923/userFiles-ac28fea0-307c-4cad-9f42-c412a790648b/fetchFileTemp11169786394813760616.tmp has been previously copied to /tmp/spark-6e8a385e-7c3a-46da-ba45-79e8c176d923/userFiles-ac28fea0-307c-4cad-9f42-c412a790648b/org.slf4j_slf4j-api-2.0.7.jar
[2024-06-27T19:00:11.076+0000] {docker.py:413} INFO - 24/06/27 19:00:11 INFO Executor: Adding file:/tmp/spark-6e8a385e-7c3a-46da-ba45-79e8c176d923/userFiles-ac28fea0-307c-4cad-9f42-c412a790648b/org.slf4j_slf4j-api-2.0.7.jar to class loader default
[2024-06-27T19:00:11.076+0000] {docker.py:413} INFO - 24/06/27 19:00:11 INFO Executor: Fetching spark://localhost:46809/jars/org.apache.hadoop_hadoop-client-runtime-3.3.4.jar with timestamp 1719514810455
[2024-06-27T19:00:11.077+0000] {docker.py:413} INFO - 24/06/27 19:00:11 INFO Utils: Fetching spark://localhost:46809/jars/org.apache.hadoop_hadoop-client-runtime-3.3.4.jar to /tmp/spark-6e8a385e-7c3a-46da-ba45-79e8c176d923/userFiles-ac28fea0-307c-4cad-9f42-c412a790648b/fetchFileTemp12440312398980985426.tmp
[2024-06-27T19:00:11.138+0000] {docker.py:413} INFO - 24/06/27 19:00:11 INFO Utils: /tmp/spark-6e8a385e-7c3a-46da-ba45-79e8c176d923/userFiles-ac28fea0-307c-4cad-9f42-c412a790648b/fetchFileTemp12440312398980985426.tmp has been previously copied to /tmp/spark-6e8a385e-7c3a-46da-ba45-79e8c176d923/userFiles-ac28fea0-307c-4cad-9f42-c412a790648b/org.apache.hadoop_hadoop-client-runtime-3.3.4.jar
[2024-06-27T19:00:11.143+0000] {docker.py:413} INFO - 24/06/27 19:00:11 INFO Executor: Adding file:/tmp/spark-6e8a385e-7c3a-46da-ba45-79e8c176d923/userFiles-ac28fea0-307c-4cad-9f42-c412a790648b/org.apache.hadoop_hadoop-client-runtime-3.3.4.jar to class loader default
24/06/27 19:00:11 INFO Executor: Fetching spark://localhost:46809/jars/org.lz4_lz4-java-1.8.0.jar with timestamp 1719514810455
[2024-06-27T19:00:11.145+0000] {docker.py:413} INFO - 24/06/27 19:00:11 INFO Utils: Fetching spark://localhost:46809/jars/org.lz4_lz4-java-1.8.0.jar to /tmp/spark-6e8a385e-7c3a-46da-ba45-79e8c176d923/userFiles-ac28fea0-307c-4cad-9f42-c412a790648b/fetchFileTemp6809330941198249476.tmp
[2024-06-27T19:00:11.146+0000] {docker.py:413} INFO - 24/06/27 19:00:11 INFO Utils: /tmp/spark-6e8a385e-7c3a-46da-ba45-79e8c176d923/userFiles-ac28fea0-307c-4cad-9f42-c412a790648b/fetchFileTemp6809330941198249476.tmp has been previously copied to /tmp/spark-6e8a385e-7c3a-46da-ba45-79e8c176d923/userFiles-ac28fea0-307c-4cad-9f42-c412a790648b/org.lz4_lz4-java-1.8.0.jar
[2024-06-27T19:00:11.149+0000] {docker.py:413} INFO - 24/06/27 19:00:11 INFO Executor: Adding file:/tmp/spark-6e8a385e-7c3a-46da-ba45-79e8c176d923/userFiles-ac28fea0-307c-4cad-9f42-c412a790648b/org.lz4_lz4-java-1.8.0.jar to class loader default
[2024-06-27T19:00:11.149+0000] {docker.py:413} INFO - 24/06/27 19:00:11 INFO Executor: Fetching spark://localhost:46809/jars/org.apache.hadoop_hadoop-client-api-3.3.4.jar with timestamp 1719514810455
[2024-06-27T19:00:11.150+0000] {docker.py:413} INFO - 24/06/27 19:00:11 INFO Utils: Fetching spark://localhost:46809/jars/org.apache.hadoop_hadoop-client-api-3.3.4.jar to /tmp/spark-6e8a385e-7c3a-46da-ba45-79e8c176d923/userFiles-ac28fea0-307c-4cad-9f42-c412a790648b/fetchFileTemp1346539378390557552.tmp
[2024-06-27T19:00:11.189+0000] {docker.py:413} INFO - 24/06/27 19:00:11 INFO Utils: /tmp/spark-6e8a385e-7c3a-46da-ba45-79e8c176d923/userFiles-ac28fea0-307c-4cad-9f42-c412a790648b/fetchFileTemp1346539378390557552.tmp has been previously copied to /tmp/spark-6e8a385e-7c3a-46da-ba45-79e8c176d923/userFiles-ac28fea0-307c-4cad-9f42-c412a790648b/org.apache.hadoop_hadoop-client-api-3.3.4.jar
[2024-06-27T19:00:11.193+0000] {docker.py:413} INFO - 24/06/27 19:00:11 INFO Executor: Adding file:/tmp/spark-6e8a385e-7c3a-46da-ba45-79e8c176d923/userFiles-ac28fea0-307c-4cad-9f42-c412a790648b/org.apache.hadoop_hadoop-client-api-3.3.4.jar to class loader default
[2024-06-27T19:00:11.194+0000] {docker.py:413} INFO - 24/06/27 19:00:11 INFO Executor: Fetching spark://localhost:46809/jars/org.apache.spark_spark-token-provider-kafka-0-10_2.12-3.5.0.jar with timestamp 1719514810455
[2024-06-27T19:00:11.194+0000] {docker.py:413} INFO - 24/06/27 19:00:11 INFO Utils: Fetching spark://localhost:46809/jars/org.apache.spark_spark-token-provider-kafka-0-10_2.12-3.5.0.jar to /tmp/spark-6e8a385e-7c3a-46da-ba45-79e8c176d923/userFiles-ac28fea0-307c-4cad-9f42-c412a790648b/fetchFileTemp6808091753727045803.tmp
[2024-06-27T19:00:11.194+0000] {docker.py:413} INFO - 24/06/27 19:00:11 INFO Utils: /tmp/spark-6e8a385e-7c3a-46da-ba45-79e8c176d923/userFiles-ac28fea0-307c-4cad-9f42-c412a790648b/fetchFileTemp6808091753727045803.tmp has been previously copied to /tmp/spark-6e8a385e-7c3a-46da-ba45-79e8c176d923/userFiles-ac28fea0-307c-4cad-9f42-c412a790648b/org.apache.spark_spark-token-provider-kafka-0-10_2.12-3.5.0.jar
[2024-06-27T19:00:11.195+0000] {docker.py:413} INFO - 24/06/27 19:00:11 INFO Executor: Adding file:/tmp/spark-6e8a385e-7c3a-46da-ba45-79e8c176d923/userFiles-ac28fea0-307c-4cad-9f42-c412a790648b/org.apache.spark_spark-token-provider-kafka-0-10_2.12-3.5.0.jar to class loader default
[2024-06-27T19:00:11.195+0000] {docker.py:413} INFO - 24/06/27 19:00:11 INFO Executor: Fetching spark://localhost:46809/jars/org.postgresql_postgresql-42.5.4.jar with timestamp 1719514810455
[2024-06-27T19:00:11.196+0000] {docker.py:413} INFO - 24/06/27 19:00:11 INFO Utils: Fetching spark://localhost:46809/jars/org.postgresql_postgresql-42.5.4.jar to /tmp/spark-6e8a385e-7c3a-46da-ba45-79e8c176d923/userFiles-ac28fea0-307c-4cad-9f42-c412a790648b/fetchFileTemp8714014609629370191.tmp
[2024-06-27T19:00:11.198+0000] {docker.py:413} INFO - 24/06/27 19:00:11 INFO Utils: /tmp/spark-6e8a385e-7c3a-46da-ba45-79e8c176d923/userFiles-ac28fea0-307c-4cad-9f42-c412a790648b/fetchFileTemp8714014609629370191.tmp has been previously copied to /tmp/spark-6e8a385e-7c3a-46da-ba45-79e8c176d923/userFiles-ac28fea0-307c-4cad-9f42-c412a790648b/org.postgresql_postgresql-42.5.4.jar
[2024-06-27T19:00:11.199+0000] {docker.py:413} INFO - 24/06/27 19:00:11 INFO Executor: Adding file:/tmp/spark-6e8a385e-7c3a-46da-ba45-79e8c176d923/userFiles-ac28fea0-307c-4cad-9f42-c412a790648b/org.postgresql_postgresql-42.5.4.jar to class loader default
[2024-06-27T19:00:11.199+0000] {docker.py:413} INFO - 24/06/27 19:00:11 INFO Executor: Fetching spark://localhost:46809/jars/org.apache.kafka_kafka-clients-3.4.1.jar with timestamp 1719514810455
[2024-06-27T19:00:11.200+0000] {docker.py:413} INFO - 24/06/27 19:00:11 INFO Utils: Fetching spark://localhost:46809/jars/org.apache.kafka_kafka-clients-3.4.1.jar to /tmp/spark-6e8a385e-7c3a-46da-ba45-79e8c176d923/userFiles-ac28fea0-307c-4cad-9f42-c412a790648b/fetchFileTemp13726828911862324392.tmp
[2024-06-27T19:00:11.206+0000] {docker.py:413} INFO - 24/06/27 19:00:11 INFO Utils: /tmp/spark-6e8a385e-7c3a-46da-ba45-79e8c176d923/userFiles-ac28fea0-307c-4cad-9f42-c412a790648b/fetchFileTemp13726828911862324392.tmp has been previously copied to /tmp/spark-6e8a385e-7c3a-46da-ba45-79e8c176d923/userFiles-ac28fea0-307c-4cad-9f42-c412a790648b/org.apache.kafka_kafka-clients-3.4.1.jar
[2024-06-27T19:00:11.207+0000] {docker.py:413} INFO - 24/06/27 19:00:11 INFO Executor: Adding file:/tmp/spark-6e8a385e-7c3a-46da-ba45-79e8c176d923/userFiles-ac28fea0-307c-4cad-9f42-c412a790648b/org.apache.kafka_kafka-clients-3.4.1.jar to class loader default
[2024-06-27T19:00:11.208+0000] {docker.py:413} INFO - 24/06/27 19:00:11 INFO Executor: Fetching spark://localhost:46809/jars/org.xerial.snappy_snappy-java-1.1.10.3.jar with timestamp 1719514810455
[2024-06-27T19:00:11.208+0000] {docker.py:413} INFO - 24/06/27 19:00:11 INFO Utils: Fetching spark://localhost:46809/jars/org.xerial.snappy_snappy-java-1.1.10.3.jar to /tmp/spark-6e8a385e-7c3a-46da-ba45-79e8c176d923/userFiles-ac28fea0-307c-4cad-9f42-c412a790648b/fetchFileTemp616098319684701806.tmp
[2024-06-27T19:00:11.211+0000] {docker.py:413} INFO - 24/06/27 19:00:11 INFO Utils: /tmp/spark-6e8a385e-7c3a-46da-ba45-79e8c176d923/userFiles-ac28fea0-307c-4cad-9f42-c412a790648b/fetchFileTemp616098319684701806.tmp has been previously copied to /tmp/spark-6e8a385e-7c3a-46da-ba45-79e8c176d923/userFiles-ac28fea0-307c-4cad-9f42-c412a790648b/org.xerial.snappy_snappy-java-1.1.10.3.jar
[2024-06-27T19:00:11.213+0000] {docker.py:413} INFO - 24/06/27 19:00:11 INFO Executor: Adding file:/tmp/spark-6e8a385e-7c3a-46da-ba45-79e8c176d923/userFiles-ac28fea0-307c-4cad-9f42-c412a790648b/org.xerial.snappy_snappy-java-1.1.10.3.jar to class loader default
[2024-06-27T19:00:11.213+0000] {docker.py:413} INFO - 24/06/27 19:00:11 INFO Executor: Fetching spark://localhost:46809/jars/org.apache.commons_commons-pool2-2.11.1.jar with timestamp 1719514810455
[2024-06-27T19:00:11.214+0000] {docker.py:413} INFO - 24/06/27 19:00:11 INFO Utils: Fetching spark://localhost:46809/jars/org.apache.commons_commons-pool2-2.11.1.jar to /tmp/spark-6e8a385e-7c3a-46da-ba45-79e8c176d923/userFiles-ac28fea0-307c-4cad-9f42-c412a790648b/fetchFileTemp5701555019090779899.tmp
[2024-06-27T19:00:11.215+0000] {docker.py:413} INFO - 24/06/27 19:00:11 INFO Utils: /tmp/spark-6e8a385e-7c3a-46da-ba45-79e8c176d923/userFiles-ac28fea0-307c-4cad-9f42-c412a790648b/fetchFileTemp5701555019090779899.tmp has been previously copied to /tmp/spark-6e8a385e-7c3a-46da-ba45-79e8c176d923/userFiles-ac28fea0-307c-4cad-9f42-c412a790648b/org.apache.commons_commons-pool2-2.11.1.jar
[2024-06-27T19:00:11.216+0000] {docker.py:413} INFO - 24/06/27 19:00:11 INFO Executor: Adding file:/tmp/spark-6e8a385e-7c3a-46da-ba45-79e8c176d923/userFiles-ac28fea0-307c-4cad-9f42-c412a790648b/org.apache.commons_commons-pool2-2.11.1.jar to class loader default
[2024-06-27T19:00:11.221+0000] {docker.py:413} INFO - 24/06/27 19:00:11 INFO Utils: Successfully started service 'org.apache.spark.network.netty.NettyBlockTransferService' on port 41281.
[2024-06-27T19:00:11.221+0000] {docker.py:413} INFO - 24/06/27 19:00:11 INFO NettyBlockTransferService: Server created on localhost:41281
[2024-06-27T19:00:11.222+0000] {docker.py:413} INFO - 24/06/27 19:00:11 INFO BlockManager: Using org.apache.spark.storage.RandomBlockReplicationPolicy for block replication policy
[2024-06-27T19:00:11.226+0000] {docker.py:413} INFO - 24/06/27 19:00:11 INFO BlockManagerMaster: Registering BlockManager BlockManagerId(driver, localhost, 41281, None)
[2024-06-27T19:00:11.228+0000] {docker.py:413} INFO - 24/06/27 19:00:11 INFO BlockManagerMasterEndpoint: Registering block manager localhost:41281 with 434.4 MiB RAM, BlockManagerId(driver, localhost, 41281, None)
[2024-06-27T19:00:11.232+0000] {docker.py:413} INFO - 24/06/27 19:00:11 INFO BlockManagerMaster: Registered BlockManager BlockManagerId(driver, localhost, 41281, None)
[2024-06-27T19:00:11.232+0000] {docker.py:413} INFO - 24/06/27 19:00:11 INFO BlockManager: Initialized BlockManager: BlockManagerId(driver, localhost, 41281, None)
[2024-06-27T19:00:11.441+0000] {docker.py:413} INFO - 2024-06-27 19:00:11,440:create_spark_session:INFO:Spark session created successfully
[2024-06-27T19:00:11.444+0000] {docker.py:413} INFO - 24/06/27 19:00:11 INFO SharedState: Setting hive.metastore.warehouse.dir ('null') to the value of spark.sql.warehouse.dir.
[2024-06-27T19:00:11.445+0000] {docker.py:413} INFO - 24/06/27 19:00:11 INFO SharedState: Warehouse path is 'file:/opt/bitnami/spark/spark-warehouse'.
[2024-06-27T19:00:12.245+0000] {docker.py:413} INFO - 2024-06-27 19:00:12,244:create_initial_dataframe:INFO:Initial dataframe created successfully
[2024-06-27T19:00:12.505+0000] {docker.py:413} INFO - Traceback (most recent call last):
  File "/opt/bitnami/spark/spark_streaming.py", line 103, in <module>
[2024-06-27T19:00:12.506+0000] {docker.py:413} INFO - write_to_postgres()
  File "/opt/bitnami/spark/spark_streaming.py", line 99, in write_to_postgres
    start_streaming(df_final, spark=spark)
  File "/opt/bitnami/spark/spark_streaming.py", line 71, in start_streaming
    existing_data_df = spark.read.jdbc(
                       ^^^^^^^^^^^^^^^^
  File "/opt/bitnami/spark/python/lib/pyspark.zip/pyspark/sql/readwriter.py", line 946, in jdbc
  File "/opt/bitnami/spark/python/lib/py4j-0.10.9.7-src.zip/py4j/java_gateway.py", line 1322, in __call__
  File "/opt/bitnami/spark/python/lib/pyspark.zip/pyspark/errors/exceptions/captured.py", line 179, in deco
  File "/opt/bitnami/spark/python/lib/py4j-0.10.9.7-src.zip/py4j/protocol.py", line 326, in get_return_value
py4j.protocol.Py4JJavaError
[2024-06-27T19:00:12.506+0000] {docker.py:413} INFO - : An error occurred while calling o50.jdbc.
: org.postgresql.util.PSQLException: Connection to host.docker.internal:5432 refused. Check that the hostname and port are correct and that the postmaster is accepting TCP/IP connections.
	at org.postgresql.core.v3.ConnectionFactoryImpl.openConnectionImpl(ConnectionFactoryImpl.java:342)
	at org.postgresql.core.ConnectionFactory.openConnection(ConnectionFactory.java:54)
	at org.postgresql.jdbc.PgConnection.<init>(PgConnection.java:253)
	at org.postgresql.Driver.makeConnection(Driver.java:434)
	at org.postgresql.Driver.connect(Driver.java:291)
	at org.apache.spark.sql.execution.datasources.jdbc.connection.BasicConnectionProvider.getConnection(BasicConnectionProvider.scala:49)
	at org.apache.spark.sql.execution.datasources.jdbc.connection.ConnectionProviderBase.create(ConnectionProvider.scala:102)
	at org.apache.spark.sql.jdbc.JdbcDialect.$anonfun$createConnectionFactory$1(JdbcDialects.scala:160)
	at org.apache.spark.sql.jdbc.JdbcDialect.$anonfun$createConnectionFactory$1$adapted(JdbcDialects.scala:156)
	at org.apache.spark.sql.execution.datasources.jdbc.JDBCRDD$.getQueryOutputSchema(JDBCRDD.scala:63)
	at org.apache.spark.sql.execution.datasources.jdbc.JDBCRDD$.resolveTable(JDBCRDD.scala:58)
	at org.apache.spark.sql.execution.datasources.jdbc.JDBCRelation$.getSchema(JDBCRelation.scala:241)
	at org.apache.spark.sql.execution.datasources.jdbc.JdbcRelationProvider.createRelation(JdbcRelationProvider.scala:37)
	at org.apache.spark.sql.execution.datasources.DataSource.resolveRelation(DataSource.scala:346)
	at org.apache.spark.sql.DataFrameReader.loadV1Source(DataFrameReader.scala:229)
	at org.apache.spark.sql.DataFrameReader.$anonfun$load$2(DataFrameReader.scala:211)
	at scala.Option.getOrElse(Option.scala:189)
	at org.apache.spark.sql.DataFrameReader.load(DataFrameReader.scala:211)
	at org.apache.spark.sql.DataFrameReader.load(DataFrameReader.scala:172)
	at org.apache.spark.sql.DataFrameReader.jdbc(DataFrameReader.scala:249)
	at java.base/jdk.internal.reflect.NativeMethodAccessorImpl.invoke0(Native Method)
	at java.base/jdk.internal.reflect.NativeMethodAccessorImpl.invoke(NativeMethodAccessorImpl.java:77)
	at java.base/jdk.internal.reflect.DelegatingMethodAccessorImpl.invoke(DelegatingMethodAccessorImpl.java:43)
	at java.base/java.lang.reflect.Method.invoke(Method.java:568)
	at py4j.reflection.MethodInvoker.invoke(MethodInvoker.java:244)
	at py4j.reflection.ReflectionEngine.invoke(ReflectionEngine.java:374)
	at py4j.Gateway.invoke(Gateway.java:282)
	at py4j.commands.AbstractCommand.invokeMethod(AbstractCommand.java:132)
	at py4j.commands.CallCommand.execute(CallCommand.java:79)
	at py4j.ClientServerConnection.waitForCommands(ClientServerConnection.java:182)
	at py4j.ClientServerConnection.run(ClientServerConnection.java:106)
	at java.base/java.lang.Thread.run(Thread.java:840)
Caused by: java.net.ConnectException: Connection refused
	at java.base/sun.nio.ch.Net.pollConnect(Native Method)
	at java.base/sun.nio.ch.Net.pollConnectNow(Net.java:672)
	at java.base/sun.nio.ch.NioSocketImpl.timedFinishConnect(NioSocketImpl.java:554)
	at java.base/sun.nio.ch.NioSocketImpl.connect(NioSocketImpl.java:602)
	at java.base/java.net.SocksSocketImpl.connect(SocksSocketImpl.java:327)
	at java.base/java.net.Socket.connect(Socket.java:633)
	at org.postgresql.core.PGStream.createSocket(PGStream.java:243)
	at org.postgresql.core.PGStream.<init>(PGStream.java:98)
	at org.postgresql.core.v3.ConnectionFactoryImpl.tryConnect(ConnectionFactoryImpl.java:132)
	at org.postgresql.core.v3.ConnectionFactoryImpl.openConnectionImpl(ConnectionFactoryImpl.java:258)
	... 31 more
[2024-06-27T19:00:12.507+0000] {docker.py:413} INFO - 2024-06-27 19:00:12,505:close:INFO:Closing down clientserver connection
[2024-06-27T19:00:12.530+0000] {docker.py:413} INFO - 24/06/27 19:00:12 INFO SparkContext: Invoking stop() from shutdown hook
[2024-06-27T19:00:12.531+0000] {docker.py:413} INFO - 24/06/27 19:00:12 INFO SparkContext: SparkContext is stopping with exitCode 0.
[2024-06-27T19:00:12.537+0000] {docker.py:413} INFO - 24/06/27 19:00:12 INFO SparkUI: Stopped Spark web UI at http://localhost:4040
[2024-06-27T19:00:12.544+0000] {docker.py:413} INFO - 24/06/27 19:00:12 INFO MapOutputTrackerMasterEndpoint: MapOutputTrackerMasterEndpoint stopped!
[2024-06-27T19:00:12.551+0000] {docker.py:413} INFO - 24/06/27 19:00:12 INFO MemoryStore: MemoryStore cleared
[2024-06-27T19:00:12.551+0000] {docker.py:413} INFO - 24/06/27 19:00:12 INFO BlockManager: BlockManager stopped
[2024-06-27T19:00:12.554+0000] {docker.py:413} INFO - 24/06/27 19:00:12 INFO BlockManagerMaster: BlockManagerMaster stopped
[2024-06-27T19:00:12.556+0000] {docker.py:413} INFO - 24/06/27 19:00:12 INFO OutputCommitCoordinator$OutputCommitCoordinatorEndpoint: OutputCommitCoordinator stopped!
[2024-06-27T19:00:12.564+0000] {docker.py:413} INFO - 24/06/27 19:00:12 INFO SparkContext: Successfully stopped SparkContext
[2024-06-27T19:00:12.564+0000] {docker.py:413} INFO - 24/06/27 19:00:12 INFO ShutdownHookManager: Shutdown hook called
[2024-06-27T19:00:12.565+0000] {docker.py:413} INFO - 24/06/27 19:00:12 INFO ShutdownHookManager: Deleting directory /tmp/spark-824b83f5-42d2-4d1d-bfba-469e967cea79
[2024-06-27T19:00:12.566+0000] {docker.py:413} INFO - 24/06/27 19:00:12 INFO ShutdownHookManager: Deleting directory /tmp/spark-6e8a385e-7c3a-46da-ba45-79e8c176d923/pyspark-b1b2be57-120d-4b97-831c-1366079464f7
[2024-06-27T19:00:12.568+0000] {docker.py:413} INFO - 24/06/27 19:00:12 INFO ShutdownHookManager: Deleting directory /tmp/spark-6e8a385e-7c3a-46da-ba45-79e8c176d923
[2024-06-27T19:00:12.828+0000] {taskinstance.py:1937} ERROR - Task failed with exception
Traceback (most recent call last):
  File "/home/airflow/.local/lib/python3.8/site-packages/docker/api/client.py", line 268, in _raise_for_status
    response.raise_for_status()
  File "/home/airflow/.local/lib/python3.8/site-packages/requests/models.py", line 1021, in raise_for_status
    raise HTTPError(http_error_msg, response=self)
requests.exceptions.HTTPError: 400 Client Error: Bad Request for url: http://docker-proxy:2375/v1.44/containers/create

The above exception was the direct cause of the following exception:

Traceback (most recent call last):
  File "/home/airflow/.local/lib/python3.8/site-packages/airflow/providers/docker/operators/docker.py", line 348, in _run_image
    return self._run_image_with_mounts([*self.mounts, tmp_mount], add_tmp_variable=True)
  File "/home/airflow/.local/lib/python3.8/site-packages/airflow/providers/docker/operators/docker.py", line 375, in _run_image_with_mounts
    self.container = self.cli.create_container(
  File "/home/airflow/.local/lib/python3.8/site-packages/docker/api/container.py", line 431, in create_container
    return self.create_container_from_config(config, name, platform)
  File "/home/airflow/.local/lib/python3.8/site-packages/docker/api/container.py", line 448, in create_container_from_config
    return self._result(res, True)
  File "/home/airflow/.local/lib/python3.8/site-packages/docker/api/client.py", line 274, in _result
    self._raise_for_status(response)
  File "/home/airflow/.local/lib/python3.8/site-packages/docker/api/client.py", line 270, in _raise_for_status
    raise create_api_error_from_http_exception(e) from e
  File "/home/airflow/.local/lib/python3.8/site-packages/docker/errors.py", line 39, in create_api_error_from_http_exception
    raise cls(e, response=response, explanation=explanation) from e
docker.errors.APIError: 400 Client Error for http://docker-proxy:2375/v1.44/containers/create: Bad Request ("invalid mount config for type "bind": bind source path does not exist: /host_mnt/private/tmp/airflowtmpkrlv98wl")

During handling of the above exception, another exception occurred:

Traceback (most recent call last):
  File "/home/airflow/.local/lib/python3.8/site-packages/airflow/providers/docker/operators/docker.py", line 486, in execute
    return self._run_image()
  File "/home/airflow/.local/lib/python3.8/site-packages/airflow/providers/docker/operators/docker.py", line 357, in _run_image
    return self._run_image_with_mounts(self.mounts, add_tmp_variable=False)
  File "/home/airflow/.local/lib/python3.8/site-packages/airflow/providers/docker/operators/docker.py", line 421, in _run_image_with_mounts
    raise DockerContainerFailedException(f"Docker container failed: {result!r}", logs=log_lines)
airflow.providers.docker.exceptions.DockerContainerFailedException: Docker container failed: {'StatusCode': 1}
[2024-06-27T19:00:12.831+0000] {taskinstance.py:1400} INFO - Marking task as UP_FOR_RETRY. dag_id=kafka_spark_dag, task_id=pyspark_consumer, execution_date=20240626T185921, start_date=20240627T185945, end_date=20240627T190012
[2024-06-27T19:00:12.844+0000] {standard_task_runner.py:104} ERROR - Failed to execute job 143 for task pyspark_consumer (Docker container failed: {'StatusCode': 1}; 1397)
[2024-06-27T19:00:12.868+0000] {local_task_job_runner.py:228} INFO - Task exited with return code 1
[2024-06-27T19:00:12.877+0000] {taskinstance.py:2778} INFO - 0 downstream tasks scheduled from follow-on schedule check
