[2024-06-27T20:28:47.081+0000] {taskinstance.py:1159} INFO - Dependencies all met for dep_context=non-requeueable deps ti=<TaskInstance: kafka_spark_dag.pyspark_consumer scheduled__2024-06-26T18:59:21.091507+00:00 [queued]>
[2024-06-27T20:28:47.085+0000] {taskinstance.py:1159} INFO - Dependencies all met for dep_context=requeueable deps ti=<TaskInstance: kafka_spark_dag.pyspark_consumer scheduled__2024-06-26T18:59:21.091507+00:00 [queued]>
[2024-06-27T20:28:47.085+0000] {taskinstance.py:1361} INFO - Starting attempt 3 of 4
[2024-06-27T20:28:47.091+0000] {taskinstance.py:1382} INFO - Executing <Task(DockerOperator): pyspark_consumer> on 2024-06-26 18:59:21.091507+00:00
[2024-06-27T20:28:47.094+0000] {standard_task_runner.py:57} INFO - Started process 32287 to run task
[2024-06-27T20:28:47.095+0000] {standard_task_runner.py:84} INFO - Running: ['***', 'tasks', 'run', 'kafka_spark_dag', 'pyspark_consumer', 'scheduled__2024-06-26T18:59:21.091507+00:00', '--job-id', '150', '--raw', '--subdir', 'DAGS_FOLDER/dag_kafka_spark.py', '--cfg-path', '/tmp/tmpjmw73mkk']
[2024-06-27T20:28:47.097+0000] {standard_task_runner.py:85} INFO - Job 150: Subtask pyspark_consumer
[2024-06-27T20:28:47.123+0000] {task_command.py:416} INFO - Running <TaskInstance: kafka_spark_dag.pyspark_consumer scheduled__2024-06-26T18:59:21.091507+00:00 [running]> on host cd176cdca805
[2024-06-27T20:28:47.158+0000] {taskinstance.py:1662} INFO - Exporting env vars: AIRFLOW_CTX_DAG_OWNER='***' AIRFLOW_CTX_DAG_ID='kafka_spark_dag' AIRFLOW_CTX_TASK_ID='pyspark_consumer' AIRFLOW_CTX_EXECUTION_DATE='2024-06-26T18:59:21.091507+00:00' AIRFLOW_CTX_TRY_NUMBER='3' AIRFLOW_CTX_DAG_RUN_ID='scheduled__2024-06-26T18:59:21.091507+00:00'
[2024-06-27T20:28:47.176+0000] {docker.py:343} INFO - Starting docker container from image current-headlines/spark:latest
[2024-06-27T20:28:47.181+0000] {docker.py:351} WARNING - Using remote engine or docker-in-docker and mounting temporary volume from host is not supported. Falling back to `mount_tmp_dir=False` mode. You can set `mount_tmp_dir` parameter to False to disable mounting and remove the warning
[2024-06-27T20:28:47.354+0000] {docker.py:413} INFO - [38;5;6mspark [38;5;5m20:28:47.35 [0m[38;5;2mINFO [0m ==>
[2024-06-27T20:28:47.355+0000] {docker.py:413} INFO - [38;5;6mspark [38;5;5m20:28:47.35 [0m[38;5;2mINFO [0m ==> [1mWelcome to the Bitnami spark container[0m
[2024-06-27T20:28:47.356+0000] {docker.py:413} INFO - [38;5;6mspark [38;5;5m20:28:47.35 [0m[38;5;2mINFO [0m ==> Subscribe to project updates by watching [1mhttps://github.com/bitnami/containers[0m
[2024-06-27T20:28:47.356+0000] {docker.py:413} INFO - [38;5;6mspark [38;5;5m20:28:47.35 [0m[38;5;2mINFO [0m ==> Submit issues and feature requests at [1mhttps://github.com/bitnami/containers/issues[0m
[2024-06-27T20:28:47.357+0000] {docker.py:413} INFO - [38;5;6mspark [38;5;5m20:28:47.35 [0m[38;5;2mINFO [0m ==>
[2024-06-27T20:28:47.361+0000] {docker.py:413} INFO - 
[2024-06-27T20:28:48.258+0000] {docker.py:413} INFO - :: loading settings :: url = jar:file:/opt/bitnami/spark/jars/ivy-2.5.1.jar!/org/apache/ivy/core/settings/ivysettings.xml
[2024-06-27T20:28:48.293+0000] {docker.py:413} INFO - Ivy Default Cache set to: /opt/bitnami/spark/.ivy2/cache
The jars for the packages stored in: /opt/bitnami/spark/.ivy2/jars
[2024-06-27T20:28:48.295+0000] {docker.py:413} INFO - org.postgresql#postgresql added as a dependency
org.apache.spark#spark-sql-kafka-0-10_2.12 added as a dependency
[2024-06-27T20:28:48.296+0000] {docker.py:413} INFO - :: resolving dependencies :: org.apache.spark#spark-submit-parent-eaf2c34d-76b3-4a70-bddf-2e05ee8394d9;1.0
	confs: [default]
[2024-06-27T20:28:49.196+0000] {docker.py:413} INFO - found org.postgresql#postgresql;42.5.4 in central
[2024-06-27T20:28:49.616+0000] {docker.py:413} INFO - found org.checkerframework#checker-qual;3.5.0 in central
[2024-06-27T20:28:55.453+0000] {docker.py:413} INFO - found org.apache.spark#spark-sql-kafka-0-10_2.12;3.5.0 in central
[2024-06-27T20:28:55.619+0000] {docker.py:413} INFO - found org.apache.spark#spark-token-provider-kafka-0-10_2.12;3.5.0 in central
[2024-06-27T20:28:55.742+0000] {docker.py:413} INFO - found org.apache.kafka#kafka-clients;3.4.1 in central
[2024-06-27T20:28:55.836+0000] {docker.py:413} INFO - found org.lz4#lz4-java;1.8.0 in central
[2024-06-27T20:28:55.922+0000] {docker.py:413} INFO - found org.xerial.snappy#snappy-java;1.1.10.3 in central
[2024-06-27T20:28:56.339+0000] {docker.py:413} INFO - found org.slf4j#slf4j-api;2.0.7 in central
[2024-06-27T20:28:57.056+0000] {docker.py:413} INFO - found org.apache.hadoop#hadoop-client-runtime;3.3.4 in central
[2024-06-27T20:28:57.205+0000] {docker.py:413} INFO - found org.apache.hadoop#hadoop-client-api;3.3.4 in central
[2024-06-27T20:28:57.895+0000] {docker.py:413} INFO - found commons-logging#commons-logging;1.1.3 in central
[2024-06-27T20:28:58.022+0000] {docker.py:413} INFO - found com.google.code.findbugs#jsr305;3.0.0 in central
[2024-06-27T20:28:58.621+0000] {docker.py:413} INFO - found org.apache.commons#commons-pool2;2.11.1 in central
[2024-06-27T20:28:58.641+0000] {docker.py:413} INFO - downloading https://repo1.maven.org/maven2/org/postgresql/postgresql/42.5.4/postgresql-42.5.4.jar ...
[2024-06-27T20:28:58.959+0000] {docker.py:413} INFO - [SUCCESSFUL ] org.postgresql#postgresql;42.5.4!postgresql.jar (333ms)
[2024-06-27T20:28:58.976+0000] {docker.py:413} INFO - downloading https://repo1.maven.org/maven2/org/apache/spark/spark-sql-kafka-0-10_2.12/3.5.0/spark-sql-kafka-0-10_2.12-3.5.0.jar ...
[2024-06-27T20:28:59.091+0000] {docker.py:413} INFO - [SUCCESSFUL ] org.apache.spark#spark-sql-kafka-0-10_2.12;3.5.0!spark-sql-kafka-0-10_2.12.jar (131ms)
[2024-06-27T20:28:59.102+0000] {docker.py:413} INFO - downloading https://repo1.maven.org/maven2/org/checkerframework/checker-qual/3.5.0/checker-qual-3.5.0.jar ...
[2024-06-27T20:28:59.156+0000] {docker.py:413} INFO - [SUCCESSFUL ] org.checkerframework#checker-qual;3.5.0!checker-qual.jar (64ms)
[2024-06-27T20:28:59.166+0000] {docker.py:413} INFO - downloading https://repo1.maven.org/maven2/org/apache/spark/spark-token-provider-kafka-0-10_2.12/3.5.0/spark-token-provider-kafka-0-10_2.12-3.5.0.jar ...
[2024-06-27T20:28:59.188+0000] {docker.py:413} INFO - [SUCCESSFUL ] org.apache.spark#spark-token-provider-kafka-0-10_2.12;3.5.0!spark-token-provider-kafka-0-10_2.12.jar (32ms)
[2024-06-27T20:28:59.211+0000] {docker.py:413} INFO - downloading https://repo1.maven.org/maven2/org/apache/kafka/kafka-clients/3.4.1/kafka-clients-3.4.1.jar ...
[2024-06-27T20:29:00.078+0000] {docker.py:413} INFO - [SUCCESSFUL ] org.apache.kafka#kafka-clients;3.4.1!kafka-clients.jar (890ms)
[2024-06-27T20:29:00.088+0000] {docker.py:413} INFO - downloading https://repo1.maven.org/maven2/com/google/code/findbugs/jsr305/3.0.0/jsr305-3.0.0.jar ...
[2024-06-27T20:29:00.104+0000] {docker.py:413} INFO - [SUCCESSFUL ] com.google.code.findbugs#jsr305;3.0.0!jsr305.jar (26ms)
[2024-06-27T20:29:00.116+0000] {docker.py:413} INFO - downloading https://repo1.maven.org/maven2/org/apache/commons/commons-pool2/2.11.1/commons-pool2-2.11.1.jar ...
[2024-06-27T20:29:00.150+0000] {docker.py:413} INFO - [SUCCESSFUL ] org.apache.commons#commons-pool2;2.11.1!commons-pool2.jar (46ms)
[2024-06-27T20:29:00.161+0000] {docker.py:413} INFO - downloading https://repo1.maven.org/maven2/org/apache/hadoop/hadoop-client-runtime/3.3.4/hadoop-client-runtime-3.3.4.jar ...
[2024-06-27T20:29:03.272+0000] {docker.py:413} INFO - [SUCCESSFUL ] org.apache.hadoop#hadoop-client-runtime;3.3.4!hadoop-client-runtime.jar (3122ms)
[2024-06-27T20:29:03.287+0000] {docker.py:413} INFO - downloading https://repo1.maven.org/maven2/org/lz4/lz4-java/1.8.0/lz4-java-1.8.0.jar ...
[2024-06-27T20:29:03.347+0000] {docker.py:413} INFO - [SUCCESSFUL ] org.lz4#lz4-java;1.8.0!lz4-java.jar (73ms)
[2024-06-27T20:29:03.360+0000] {docker.py:413} INFO - downloading https://repo1.maven.org/maven2/org/xerial/snappy/snappy-java/1.1.10.3/snappy-java-1.1.10.3.jar ...
[2024-06-27T20:29:03.524+0000] {docker.py:413} INFO - [SUCCESSFUL ] org.xerial.snappy#snappy-java;1.1.10.3!snappy-java.jar(bundle) (177ms)
[2024-06-27T20:29:03.534+0000] {docker.py:413} INFO - downloading https://repo1.maven.org/maven2/org/slf4j/slf4j-api/2.0.7/slf4j-api-2.0.7.jar ...
[2024-06-27T20:29:03.552+0000] {docker.py:413} INFO - [SUCCESSFUL ] org.slf4j#slf4j-api;2.0.7!slf4j-api.jar (28ms)
[2024-06-27T20:29:03.567+0000] {docker.py:413} INFO - downloading https://repo1.maven.org/maven2/org/apache/hadoop/hadoop-client-api/3.3.4/hadoop-client-api-3.3.4.jar ...
[2024-06-27T20:29:05.090+0000] {docker.py:413} INFO - [SUCCESSFUL ] org.apache.hadoop#hadoop-client-api;3.3.4!hadoop-client-api.jar (1514ms)
[2024-06-27T20:29:05.099+0000] {docker.py:413} INFO - downloading https://repo1.maven.org/maven2/commons-logging/commons-logging/1.1.3/commons-logging-1.1.3.jar ...
[2024-06-27T20:29:05.116+0000] {docker.py:413} INFO - [SUCCESSFUL ] commons-logging#commons-logging;1.1.3!commons-logging.jar (32ms)
[2024-06-27T20:29:05.117+0000] {docker.py:413} INFO - :: resolution report :: resolve 10330ms :: artifacts dl 6491ms
	:: modules in use:
[2024-06-27T20:29:05.117+0000] {docker.py:413} INFO - com.google.code.findbugs#jsr305;3.0.0 from central in [default]
[2024-06-27T20:29:05.117+0000] {docker.py:413} INFO - commons-logging#commons-logging;1.1.3 from central in [default]
	org.apache.commons#commons-pool2;2.11.1 from central in [default]
	org.apache.hadoop#hadoop-client-api;3.3.4 from central in [default]
[2024-06-27T20:29:05.117+0000] {docker.py:413} INFO - org.apache.hadoop#hadoop-client-runtime;3.3.4 from central in [default]
	org.apache.kafka#kafka-clients;3.4.1 from central in [default]
	org.apache.spark#spark-sql-kafka-0-10_2.12;3.5.0 from central in [default]
	org.apache.spark#spark-token-provider-kafka-0-10_2.12;3.5.0 from central in [default]
	org.checkerframework#checker-qual;3.5.0 from central in [default]
[2024-06-27T20:29:05.117+0000] {docker.py:413} INFO - org.lz4#lz4-java;1.8.0 from central in [default]
	org.postgresql#postgresql;42.5.4 from central in [default]
	org.slf4j#slf4j-api;2.0.7 from central in [default]
	org.xerial.snappy#snappy-java;1.1.10.3 from central in [default]
[2024-06-27T20:29:05.118+0000] {docker.py:413} INFO - ---------------------------------------------------------------------
	|                  |            modules            ||   artifacts   |
[2024-06-27T20:29:05.118+0000] {docker.py:413} INFO - |       conf       | number| search|dwnlded|evicted|| number|dwnlded|
	---------------------------------------------------------------------
	|      default     |   13  |   13  |   13  |   0   ||   13  |   13  |
	---------------------------------------------------------------------
[2024-06-27T20:29:05.120+0000] {docker.py:413} INFO - :: retrieving :: org.apache.spark#spark-submit-parent-eaf2c34d-76b3-4a70-bddf-2e05ee8394d9
	confs: [default]
[2024-06-27T20:29:05.153+0000] {docker.py:413} INFO - 13 artifacts copied, 0 already retrieved (58001kB/33ms)
[2024-06-27T20:29:05.241+0000] {docker.py:413} INFO - 24/06/27 20:29:05 WARN NativeCodeLoader: Unable to load native-hadoop library for your platform... using builtin-java classes where applicable
[2024-06-27T20:29:05.814+0000] {docker.py:413} INFO - 24/06/27 20:29:05 INFO SparkContext: Running Spark version 3.5.0
[2024-06-27T20:29:05.815+0000] {docker.py:413} INFO - 24/06/27 20:29:05 INFO SparkContext: OS info Linux, 6.6.12-linuxkit, aarch64
[2024-06-27T20:29:05.815+0000] {docker.py:413} INFO - 24/06/27 20:29:05 INFO SparkContext: Java version 17.0.10
[2024-06-27T20:29:05.829+0000] {docker.py:413} INFO - 24/06/27 20:29:05 INFO ResourceUtils: ==============================================================
[2024-06-27T20:29:05.829+0000] {docker.py:413} INFO - 24/06/27 20:29:05 INFO ResourceUtils: No custom resources configured for spark.driver.
[2024-06-27T20:29:05.830+0000] {docker.py:413} INFO - 24/06/27 20:29:05 INFO ResourceUtils: ==============================================================
[2024-06-27T20:29:05.830+0000] {docker.py:413} INFO - 24/06/27 20:29:05 INFO SparkContext: Submitted application: PostgreSQL Connection with PySpark
[2024-06-27T20:29:05.838+0000] {docker.py:413} INFO - 24/06/27 20:29:05 INFO ResourceProfile: Default ResourceProfile created, executor resources: Map(cores -> name: cores, amount: 1, script: , vendor: , memory -> name: memory, amount: 1024, script: , vendor: , offHeap -> name: offHeap, amount: 0, script: , vendor: ), task resources: Map(cpus -> name: cpus, amount: 1.0)
[2024-06-27T20:29:05.842+0000] {docker.py:413} INFO - 24/06/27 20:29:05 INFO ResourceProfile: Limiting resource is cpu
[2024-06-27T20:29:05.843+0000] {docker.py:413} INFO - 24/06/27 20:29:05 INFO ResourceProfileManager: Added ResourceProfile id: 0
[2024-06-27T20:29:05.870+0000] {docker.py:413} INFO - 24/06/27 20:29:05 INFO SecurityManager: Changing view acls to: spark
[2024-06-27T20:29:05.871+0000] {docker.py:413} INFO - 24/06/27 20:29:05 INFO SecurityManager: Changing modify acls to: spark
[2024-06-27T20:29:05.872+0000] {docker.py:413} INFO - 24/06/27 20:29:05 INFO SecurityManager: Changing view acls groups to:
[2024-06-27T20:29:05.872+0000] {docker.py:413} INFO - 24/06/27 20:29:05 INFO SecurityManager: Changing modify acls groups to:
[2024-06-27T20:29:05.872+0000] {docker.py:413} INFO - 24/06/27 20:29:05 INFO SecurityManager: SecurityManager: authentication disabled; ui acls disabled; users with view permissions: spark; groups with view permissions: EMPTY; users with modify permissions: spark; groups with modify permissions: EMPTY
[2024-06-27T20:29:05.979+0000] {docker.py:413} INFO - 24/06/27 20:29:05 INFO Utils: Successfully started service 'sparkDriver' on port 37949.
[2024-06-27T20:29:05.994+0000] {docker.py:413} INFO - 24/06/27 20:29:05 INFO SparkEnv: Registering MapOutputTracker
[2024-06-27T20:29:06.010+0000] {docker.py:413} INFO - 24/06/27 20:29:06 INFO SparkEnv: Registering BlockManagerMaster
[2024-06-27T20:29:06.020+0000] {docker.py:413} INFO - 24/06/27 20:29:06 INFO BlockManagerMasterEndpoint: Using org.apache.spark.storage.DefaultTopologyMapper for getting topology information
[2024-06-27T20:29:06.021+0000] {docker.py:413} INFO - 24/06/27 20:29:06 INFO BlockManagerMasterEndpoint: BlockManagerMasterEndpoint up
[2024-06-27T20:29:06.022+0000] {docker.py:413} INFO - 24/06/27 20:29:06 INFO SparkEnv: Registering BlockManagerMasterHeartbeat
[2024-06-27T20:29:06.033+0000] {docker.py:413} INFO - 24/06/27 20:29:06 INFO DiskBlockManager: Created local directory at /tmp/blockmgr-6bfa6223-3c95-4d71-afc5-e2a419a0e042
[2024-06-27T20:29:06.041+0000] {docker.py:413} INFO - 24/06/27 20:29:06 INFO MemoryStore: MemoryStore started with capacity 434.4 MiB
[2024-06-27T20:29:06.049+0000] {docker.py:413} INFO - 24/06/27 20:29:06 INFO SparkEnv: Registering OutputCommitCoordinator
[2024-06-27T20:29:06.118+0000] {docker.py:413} INFO - 24/06/27 20:29:06 INFO JettyUtils: Start Jetty 0.0.0.0:4040 for SparkUI
[2024-06-27T20:29:06.151+0000] {docker.py:413} INFO - 24/06/27 20:29:06 INFO Utils: Successfully started service 'SparkUI' on port 4040.
[2024-06-27T20:29:06.172+0000] {docker.py:413} INFO - 24/06/27 20:29:06 INFO SparkContext: Added JAR file:///opt/bitnami/spark/.ivy2/jars/org.postgresql_postgresql-42.5.4.jar at spark://localhost:37949/jars/org.postgresql_postgresql-42.5.4.jar with timestamp 1719520145809
[2024-06-27T20:29:06.173+0000] {docker.py:413} INFO - 24/06/27 20:29:06 INFO SparkContext: Added JAR file:///opt/bitnami/spark/.ivy2/jars/org.apache.spark_spark-sql-kafka-0-10_2.12-3.5.0.jar at spark://localhost:37949/jars/org.apache.spark_spark-sql-kafka-0-10_2.12-3.5.0.jar with timestamp 1719520145809
[2024-06-27T20:29:06.173+0000] {docker.py:413} INFO - 24/06/27 20:29:06 INFO SparkContext: Added JAR file:///opt/bitnami/spark/.ivy2/jars/org.checkerframework_checker-qual-3.5.0.jar at spark://localhost:37949/jars/org.checkerframework_checker-qual-3.5.0.jar with timestamp 1719520145809
24/06/27 20:29:06 INFO SparkContext: Added JAR file:///opt/bitnami/spark/.ivy2/jars/org.apache.spark_spark-token-provider-kafka-0-10_2.12-3.5.0.jar at spark://localhost:37949/jars/org.apache.spark_spark-token-provider-kafka-0-10_2.12-3.5.0.jar with timestamp 1719520145809
[2024-06-27T20:29:06.173+0000] {docker.py:413} INFO - 24/06/27 20:29:06 INFO SparkContext: Added JAR file:///opt/bitnami/spark/.ivy2/jars/org.apache.kafka_kafka-clients-3.4.1.jar at spark://localhost:37949/jars/org.apache.kafka_kafka-clients-3.4.1.jar with timestamp 1719520145809
[2024-06-27T20:29:06.173+0000] {docker.py:413} INFO - 24/06/27 20:29:06 INFO SparkContext: Added JAR file:///opt/bitnami/spark/.ivy2/jars/com.google.code.findbugs_jsr305-3.0.0.jar at spark://localhost:37949/jars/com.google.code.findbugs_jsr305-3.0.0.jar with timestamp 1719520145809
[2024-06-27T20:29:06.174+0000] {docker.py:413} INFO - 24/06/27 20:29:06 INFO SparkContext: Added JAR file:///opt/bitnami/spark/.ivy2/jars/org.apache.commons_commons-pool2-2.11.1.jar at spark://localhost:37949/jars/org.apache.commons_commons-pool2-2.11.1.jar with timestamp 1719520145809
[2024-06-27T20:29:06.174+0000] {docker.py:413} INFO - 24/06/27 20:29:06 INFO SparkContext: Added JAR file:///opt/bitnami/spark/.ivy2/jars/org.apache.hadoop_hadoop-client-runtime-3.3.4.jar at spark://localhost:37949/jars/org.apache.hadoop_hadoop-client-runtime-3.3.4.jar with timestamp 1719520145809
[2024-06-27T20:29:06.174+0000] {docker.py:413} INFO - 24/06/27 20:29:06 INFO SparkContext: Added JAR file:///opt/bitnami/spark/.ivy2/jars/org.lz4_lz4-java-1.8.0.jar at spark://localhost:37949/jars/org.lz4_lz4-java-1.8.0.jar with timestamp 1719520145809
[2024-06-27T20:29:06.174+0000] {docker.py:413} INFO - 24/06/27 20:29:06 INFO SparkContext: Added JAR file:///opt/bitnami/spark/.ivy2/jars/org.xerial.snappy_snappy-java-1.1.10.3.jar at spark://localhost:37949/jars/org.xerial.snappy_snappy-java-1.1.10.3.jar with timestamp 1719520145809
[2024-06-27T20:29:06.175+0000] {docker.py:413} INFO - 24/06/27 20:29:06 INFO SparkContext: Added JAR file:///opt/bitnami/spark/.ivy2/jars/org.slf4j_slf4j-api-2.0.7.jar at spark://localhost:37949/jars/org.slf4j_slf4j-api-2.0.7.jar with timestamp 1719520145809
[2024-06-27T20:29:06.175+0000] {docker.py:413} INFO - 24/06/27 20:29:06 INFO SparkContext: Added JAR file:///opt/bitnami/spark/.ivy2/jars/org.apache.hadoop_hadoop-client-api-3.3.4.jar at spark://localhost:37949/jars/org.apache.hadoop_hadoop-client-api-3.3.4.jar with timestamp 1719520145809
[2024-06-27T20:29:06.175+0000] {docker.py:413} INFO - 24/06/27 20:29:06 INFO SparkContext: Added JAR file:///opt/bitnami/spark/.ivy2/jars/commons-logging_commons-logging-1.1.3.jar at spark://localhost:37949/jars/commons-logging_commons-logging-1.1.3.jar with timestamp 1719520145809
[2024-06-27T20:29:06.175+0000] {docker.py:413} INFO - 24/06/27 20:29:06 INFO SparkContext: Added file file:///opt/bitnami/spark/.ivy2/jars/org.postgresql_postgresql-42.5.4.jar at file:///opt/bitnami/spark/.ivy2/jars/org.postgresql_postgresql-42.5.4.jar with timestamp 1719520145809
[2024-06-27T20:29:06.175+0000] {docker.py:413} INFO - 24/06/27 20:29:06 INFO Utils: Copying /opt/bitnami/spark/.ivy2/jars/org.postgresql_postgresql-42.5.4.jar to /tmp/spark-9dbe671e-c6cf-46b8-b4df-cd1aefd8b2a5/userFiles-1e2d3d6d-9dba-4fdb-bc85-6a0a37962270/org.postgresql_postgresql-42.5.4.jar
[2024-06-27T20:29:06.180+0000] {docker.py:413} INFO - 24/06/27 20:29:06 INFO SparkContext: Added file file:///opt/bitnami/spark/.ivy2/jars/org.apache.spark_spark-sql-kafka-0-10_2.12-3.5.0.jar at file:///opt/bitnami/spark/.ivy2/jars/org.apache.spark_spark-sql-kafka-0-10_2.12-3.5.0.jar with timestamp 1719520145809
[2024-06-27T20:29:06.181+0000] {docker.py:413} INFO - 24/06/27 20:29:06 INFO Utils: Copying /opt/bitnami/spark/.ivy2/jars/org.apache.spark_spark-sql-kafka-0-10_2.12-3.5.0.jar to /tmp/spark-9dbe671e-c6cf-46b8-b4df-cd1aefd8b2a5/userFiles-1e2d3d6d-9dba-4fdb-bc85-6a0a37962270/org.apache.spark_spark-sql-kafka-0-10_2.12-3.5.0.jar
[2024-06-27T20:29:06.182+0000] {docker.py:413} INFO - 24/06/27 20:29:06 INFO SparkContext: Added file file:///opt/bitnami/spark/.ivy2/jars/org.checkerframework_checker-qual-3.5.0.jar at file:///opt/bitnami/spark/.ivy2/jars/org.checkerframework_checker-qual-3.5.0.jar with timestamp 1719520145809
24/06/27 20:29:06 INFO Utils: Copying /opt/bitnami/spark/.ivy2/jars/org.checkerframework_checker-qual-3.5.0.jar to /tmp/spark-9dbe671e-c6cf-46b8-b4df-cd1aefd8b2a5/userFiles-1e2d3d6d-9dba-4fdb-bc85-6a0a37962270/org.checkerframework_checker-qual-3.5.0.jar
[2024-06-27T20:29:06.184+0000] {docker.py:413} INFO - 24/06/27 20:29:06 INFO SparkContext: Added file file:///opt/bitnami/spark/.ivy2/jars/org.apache.spark_spark-token-provider-kafka-0-10_2.12-3.5.0.jar at file:///opt/bitnami/spark/.ivy2/jars/org.apache.spark_spark-token-provider-kafka-0-10_2.12-3.5.0.jar with timestamp 1719520145809
[2024-06-27T20:29:06.184+0000] {docker.py:413} INFO - 24/06/27 20:29:06 INFO Utils: Copying /opt/bitnami/spark/.ivy2/jars/org.apache.spark_spark-token-provider-kafka-0-10_2.12-3.5.0.jar to /tmp/spark-9dbe671e-c6cf-46b8-b4df-cd1aefd8b2a5/userFiles-1e2d3d6d-9dba-4fdb-bc85-6a0a37962270/org.apache.spark_spark-token-provider-kafka-0-10_2.12-3.5.0.jar
[2024-06-27T20:29:06.185+0000] {docker.py:413} INFO - 24/06/27 20:29:06 INFO SparkContext: Added file file:///opt/bitnami/spark/.ivy2/jars/org.apache.kafka_kafka-clients-3.4.1.jar at file:///opt/bitnami/spark/.ivy2/jars/org.apache.kafka_kafka-clients-3.4.1.jar with timestamp 1719520145809
[2024-06-27T20:29:06.186+0000] {docker.py:413} INFO - 24/06/27 20:29:06 INFO Utils: Copying /opt/bitnami/spark/.ivy2/jars/org.apache.kafka_kafka-clients-3.4.1.jar to /tmp/spark-9dbe671e-c6cf-46b8-b4df-cd1aefd8b2a5/userFiles-1e2d3d6d-9dba-4fdb-bc85-6a0a37962270/org.apache.kafka_kafka-clients-3.4.1.jar
[2024-06-27T20:29:06.188+0000] {docker.py:413} INFO - 24/06/27 20:29:06 INFO SparkContext: Added file file:///opt/bitnami/spark/.ivy2/jars/com.google.code.findbugs_jsr305-3.0.0.jar at file:///opt/bitnami/spark/.ivy2/jars/com.google.code.findbugs_jsr305-3.0.0.jar with timestamp 1719520145809
[2024-06-27T20:29:06.188+0000] {docker.py:413} INFO - 24/06/27 20:29:06 INFO Utils: Copying /opt/bitnami/spark/.ivy2/jars/com.google.code.findbugs_jsr305-3.0.0.jar to /tmp/spark-9dbe671e-c6cf-46b8-b4df-cd1aefd8b2a5/userFiles-1e2d3d6d-9dba-4fdb-bc85-6a0a37962270/com.google.code.findbugs_jsr305-3.0.0.jar
[2024-06-27T20:29:06.190+0000] {docker.py:413} INFO - 24/06/27 20:29:06 INFO SparkContext: Added file file:///opt/bitnami/spark/.ivy2/jars/org.apache.commons_commons-pool2-2.11.1.jar at file:///opt/bitnami/spark/.ivy2/jars/org.apache.commons_commons-pool2-2.11.1.jar with timestamp 1719520145809
[2024-06-27T20:29:06.190+0000] {docker.py:413} INFO - 24/06/27 20:29:06 INFO Utils: Copying /opt/bitnami/spark/.ivy2/jars/org.apache.commons_commons-pool2-2.11.1.jar to /tmp/spark-9dbe671e-c6cf-46b8-b4df-cd1aefd8b2a5/userFiles-1e2d3d6d-9dba-4fdb-bc85-6a0a37962270/org.apache.commons_commons-pool2-2.11.1.jar
[2024-06-27T20:29:06.191+0000] {docker.py:413} INFO - 24/06/27 20:29:06 INFO SparkContext: Added file file:///opt/bitnami/spark/.ivy2/jars/org.apache.hadoop_hadoop-client-runtime-3.3.4.jar at file:///opt/bitnami/spark/.ivy2/jars/org.apache.hadoop_hadoop-client-runtime-3.3.4.jar with timestamp 1719520145809
[2024-06-27T20:29:06.192+0000] {docker.py:413} INFO - 24/06/27 20:29:06 INFO Utils: Copying /opt/bitnami/spark/.ivy2/jars/org.apache.hadoop_hadoop-client-runtime-3.3.4.jar to /tmp/spark-9dbe671e-c6cf-46b8-b4df-cd1aefd8b2a5/userFiles-1e2d3d6d-9dba-4fdb-bc85-6a0a37962270/org.apache.hadoop_hadoop-client-runtime-3.3.4.jar
[2024-06-27T20:29:06.201+0000] {docker.py:413} INFO - 24/06/27 20:29:06 INFO SparkContext: Added file file:///opt/bitnami/spark/.ivy2/jars/org.lz4_lz4-java-1.8.0.jar at file:///opt/bitnami/spark/.ivy2/jars/org.lz4_lz4-java-1.8.0.jar with timestamp 1719520145809
24/06/27 20:29:06 INFO Utils: Copying /opt/bitnami/spark/.ivy2/jars/org.lz4_lz4-java-1.8.0.jar to /tmp/spark-9dbe671e-c6cf-46b8-b4df-cd1aefd8b2a5/userFiles-1e2d3d6d-9dba-4fdb-bc85-6a0a37962270/org.lz4_lz4-java-1.8.0.jar
[2024-06-27T20:29:06.203+0000] {docker.py:413} INFO - 24/06/27 20:29:06 INFO SparkContext: Added file file:///opt/bitnami/spark/.ivy2/jars/org.xerial.snappy_snappy-java-1.1.10.3.jar at file:///opt/bitnami/spark/.ivy2/jars/org.xerial.snappy_snappy-java-1.1.10.3.jar with timestamp 1719520145809
24/06/27 20:29:06 INFO Utils: Copying /opt/bitnami/spark/.ivy2/jars/org.xerial.snappy_snappy-java-1.1.10.3.jar to /tmp/spark-9dbe671e-c6cf-46b8-b4df-cd1aefd8b2a5/userFiles-1e2d3d6d-9dba-4fdb-bc85-6a0a37962270/org.xerial.snappy_snappy-java-1.1.10.3.jar
[2024-06-27T20:29:06.205+0000] {docker.py:413} INFO - 24/06/27 20:29:06 INFO SparkContext: Added file file:///opt/bitnami/spark/.ivy2/jars/org.slf4j_slf4j-api-2.0.7.jar at file:///opt/bitnami/spark/.ivy2/jars/org.slf4j_slf4j-api-2.0.7.jar with timestamp 1719520145809
[2024-06-27T20:29:06.205+0000] {docker.py:413} INFO - 24/06/27 20:29:06 INFO Utils: Copying /opt/bitnami/spark/.ivy2/jars/org.slf4j_slf4j-api-2.0.7.jar to /tmp/spark-9dbe671e-c6cf-46b8-b4df-cd1aefd8b2a5/userFiles-1e2d3d6d-9dba-4fdb-bc85-6a0a37962270/org.slf4j_slf4j-api-2.0.7.jar
[2024-06-27T20:29:06.207+0000] {docker.py:413} INFO - 24/06/27 20:29:06 INFO SparkContext: Added file file:///opt/bitnami/spark/.ivy2/jars/org.apache.hadoop_hadoop-client-api-3.3.4.jar at file:///opt/bitnami/spark/.ivy2/jars/org.apache.hadoop_hadoop-client-api-3.3.4.jar with timestamp 1719520145809
[2024-06-27T20:29:06.207+0000] {docker.py:413} INFO - 24/06/27 20:29:06 INFO Utils: Copying /opt/bitnami/spark/.ivy2/jars/org.apache.hadoop_hadoop-client-api-3.3.4.jar to /tmp/spark-9dbe671e-c6cf-46b8-b4df-cd1aefd8b2a5/userFiles-1e2d3d6d-9dba-4fdb-bc85-6a0a37962270/org.apache.hadoop_hadoop-client-api-3.3.4.jar
[2024-06-27T20:29:06.213+0000] {docker.py:413} INFO - 24/06/27 20:29:06 INFO SparkContext: Added file file:///opt/bitnami/spark/.ivy2/jars/commons-logging_commons-logging-1.1.3.jar at file:///opt/bitnami/spark/.ivy2/jars/commons-logging_commons-logging-1.1.3.jar with timestamp 1719520145809
[2024-06-27T20:29:06.213+0000] {docker.py:413} INFO - 24/06/27 20:29:06 INFO Utils: Copying /opt/bitnami/spark/.ivy2/jars/commons-logging_commons-logging-1.1.3.jar to /tmp/spark-9dbe671e-c6cf-46b8-b4df-cd1aefd8b2a5/userFiles-1e2d3d6d-9dba-4fdb-bc85-6a0a37962270/commons-logging_commons-logging-1.1.3.jar
[2024-06-27T20:29:06.246+0000] {docker.py:413} INFO - 24/06/27 20:29:06 INFO Executor: Starting executor ID driver on host localhost
[2024-06-27T20:29:06.247+0000] {docker.py:413} INFO - 24/06/27 20:29:06 INFO Executor: OS info Linux, 6.6.12-linuxkit, aarch64
[2024-06-27T20:29:06.247+0000] {docker.py:413} INFO - 24/06/27 20:29:06 INFO Executor: Java version 17.0.10
[2024-06-27T20:29:06.250+0000] {docker.py:413} INFO - 24/06/27 20:29:06 INFO Executor: Starting executor with user classpath (userClassPathFirst = false): ''
[2024-06-27T20:29:06.250+0000] {docker.py:413} INFO - 24/06/27 20:29:06 INFO Executor: Created or updated repl class loader org.apache.spark.util.MutableURLClassLoader@b745849 for default.
[2024-06-27T20:29:06.255+0000] {docker.py:413} INFO - 24/06/27 20:29:06 INFO Executor: Fetching file:///opt/bitnami/spark/.ivy2/jars/org.apache.spark_spark-token-provider-kafka-0-10_2.12-3.5.0.jar with timestamp 1719520145809
[2024-06-27T20:29:06.263+0000] {docker.py:413} INFO - 24/06/27 20:29:06 INFO Utils: /opt/bitnami/spark/.ivy2/jars/org.apache.spark_spark-token-provider-kafka-0-10_2.12-3.5.0.jar has been previously copied to /tmp/spark-9dbe671e-c6cf-46b8-b4df-cd1aefd8b2a5/userFiles-1e2d3d6d-9dba-4fdb-bc85-6a0a37962270/org.apache.spark_spark-token-provider-kafka-0-10_2.12-3.5.0.jar
[2024-06-27T20:29:06.265+0000] {docker.py:413} INFO - 24/06/27 20:29:06 INFO Executor: Fetching file:///opt/bitnami/spark/.ivy2/jars/org.apache.hadoop_hadoop-client-runtime-3.3.4.jar with timestamp 1719520145809
[2024-06-27T20:29:06.279+0000] {docker.py:413} INFO - 24/06/27 20:29:06 INFO Utils: /opt/bitnami/spark/.ivy2/jars/org.apache.hadoop_hadoop-client-runtime-3.3.4.jar has been previously copied to /tmp/spark-9dbe671e-c6cf-46b8-b4df-cd1aefd8b2a5/userFiles-1e2d3d6d-9dba-4fdb-bc85-6a0a37962270/org.apache.hadoop_hadoop-client-runtime-3.3.4.jar
[2024-06-27T20:29:06.281+0000] {docker.py:413} INFO - 24/06/27 20:29:06 INFO Executor: Fetching file:///opt/bitnami/spark/.ivy2/jars/org.apache.commons_commons-pool2-2.11.1.jar with timestamp 1719520145809
[2024-06-27T20:29:06.281+0000] {docker.py:413} INFO - 24/06/27 20:29:06 INFO Utils: /opt/bitnami/spark/.ivy2/jars/org.apache.commons_commons-pool2-2.11.1.jar has been previously copied to /tmp/spark-9dbe671e-c6cf-46b8-b4df-cd1aefd8b2a5/userFiles-1e2d3d6d-9dba-4fdb-bc85-6a0a37962270/org.apache.commons_commons-pool2-2.11.1.jar
[2024-06-27T20:29:06.282+0000] {docker.py:413} INFO - 24/06/27 20:29:06 INFO Executor: Fetching file:///opt/bitnami/spark/.ivy2/jars/org.postgresql_postgresql-42.5.4.jar with timestamp 1719520145809
[2024-06-27T20:29:06.283+0000] {docker.py:413} INFO - 24/06/27 20:29:06 INFO Utils: /opt/bitnami/spark/.ivy2/jars/org.postgresql_postgresql-42.5.4.jar has been previously copied to /tmp/spark-9dbe671e-c6cf-46b8-b4df-cd1aefd8b2a5/userFiles-1e2d3d6d-9dba-4fdb-bc85-6a0a37962270/org.postgresql_postgresql-42.5.4.jar
[2024-06-27T20:29:06.284+0000] {docker.py:413} INFO - 24/06/27 20:29:06 INFO Executor: Fetching file:///opt/bitnami/spark/.ivy2/jars/org.slf4j_slf4j-api-2.0.7.jar with timestamp 1719520145809
[2024-06-27T20:29:06.285+0000] {docker.py:413} INFO - 24/06/27 20:29:06 INFO Utils: /opt/bitnami/spark/.ivy2/jars/org.slf4j_slf4j-api-2.0.7.jar has been previously copied to /tmp/spark-9dbe671e-c6cf-46b8-b4df-cd1aefd8b2a5/userFiles-1e2d3d6d-9dba-4fdb-bc85-6a0a37962270/org.slf4j_slf4j-api-2.0.7.jar
[2024-06-27T20:29:06.286+0000] {docker.py:413} INFO - 24/06/27 20:29:06 INFO Executor: Fetching file:///opt/bitnami/spark/.ivy2/jars/org.apache.kafka_kafka-clients-3.4.1.jar with timestamp 1719520145809
[2024-06-27T20:29:06.289+0000] {docker.py:413} INFO - 24/06/27 20:29:06 INFO Utils: /opt/bitnami/spark/.ivy2/jars/org.apache.kafka_kafka-clients-3.4.1.jar has been previously copied to /tmp/spark-9dbe671e-c6cf-46b8-b4df-cd1aefd8b2a5/userFiles-1e2d3d6d-9dba-4fdb-bc85-6a0a37962270/org.apache.kafka_kafka-clients-3.4.1.jar
[2024-06-27T20:29:06.290+0000] {docker.py:413} INFO - 24/06/27 20:29:06 INFO Executor: Fetching file:///opt/bitnami/spark/.ivy2/jars/com.google.code.findbugs_jsr305-3.0.0.jar with timestamp 1719520145809
[2024-06-27T20:29:06.290+0000] {docker.py:413} INFO - 24/06/27 20:29:06 INFO Utils: /opt/bitnami/spark/.ivy2/jars/com.google.code.findbugs_jsr305-3.0.0.jar has been previously copied to /tmp/spark-9dbe671e-c6cf-46b8-b4df-cd1aefd8b2a5/userFiles-1e2d3d6d-9dba-4fdb-bc85-6a0a37962270/com.google.code.findbugs_jsr305-3.0.0.jar
[2024-06-27T20:29:06.291+0000] {docker.py:413} INFO - 24/06/27 20:29:06 INFO Executor: Fetching file:///opt/bitnami/spark/.ivy2/jars/org.lz4_lz4-java-1.8.0.jar with timestamp 1719520145809
[2024-06-27T20:29:06.292+0000] {docker.py:413} INFO - 24/06/27 20:29:06 INFO Utils: /opt/bitnami/spark/.ivy2/jars/org.lz4_lz4-java-1.8.0.jar has been previously copied to /tmp/spark-9dbe671e-c6cf-46b8-b4df-cd1aefd8b2a5/userFiles-1e2d3d6d-9dba-4fdb-bc85-6a0a37962270/org.lz4_lz4-java-1.8.0.jar
[2024-06-27T20:29:06.293+0000] {docker.py:413} INFO - 24/06/27 20:29:06 INFO Executor: Fetching file:///opt/bitnami/spark/.ivy2/jars/org.apache.spark_spark-sql-kafka-0-10_2.12-3.5.0.jar with timestamp 1719520145809
[2024-06-27T20:29:06.294+0000] {docker.py:413} INFO - 24/06/27 20:29:06 INFO Utils: /opt/bitnami/spark/.ivy2/jars/org.apache.spark_spark-sql-kafka-0-10_2.12-3.5.0.jar has been previously copied to /tmp/spark-9dbe671e-c6cf-46b8-b4df-cd1aefd8b2a5/userFiles-1e2d3d6d-9dba-4fdb-bc85-6a0a37962270/org.apache.spark_spark-sql-kafka-0-10_2.12-3.5.0.jar
[2024-06-27T20:29:06.295+0000] {docker.py:413} INFO - 24/06/27 20:29:06 INFO Executor: Fetching file:///opt/bitnami/spark/.ivy2/jars/org.apache.hadoop_hadoop-client-api-3.3.4.jar with timestamp 1719520145809
[2024-06-27T20:29:06.303+0000] {docker.py:413} INFO - 24/06/27 20:29:06 INFO Utils: /opt/bitnami/spark/.ivy2/jars/org.apache.hadoop_hadoop-client-api-3.3.4.jar has been previously copied to /tmp/spark-9dbe671e-c6cf-46b8-b4df-cd1aefd8b2a5/userFiles-1e2d3d6d-9dba-4fdb-bc85-6a0a37962270/org.apache.hadoop_hadoop-client-api-3.3.4.jar
[2024-06-27T20:29:06.305+0000] {docker.py:413} INFO - 24/06/27 20:29:06 INFO Executor: Fetching file:///opt/bitnami/spark/.ivy2/jars/commons-logging_commons-logging-1.1.3.jar with timestamp 1719520145809
[2024-06-27T20:29:06.305+0000] {docker.py:413} INFO - 24/06/27 20:29:06 INFO Utils: /opt/bitnami/spark/.ivy2/jars/commons-logging_commons-logging-1.1.3.jar has been previously copied to /tmp/spark-9dbe671e-c6cf-46b8-b4df-cd1aefd8b2a5/userFiles-1e2d3d6d-9dba-4fdb-bc85-6a0a37962270/commons-logging_commons-logging-1.1.3.jar
[2024-06-27T20:29:06.306+0000] {docker.py:413} INFO - 24/06/27 20:29:06 INFO Executor: Fetching file:///opt/bitnami/spark/.ivy2/jars/org.checkerframework_checker-qual-3.5.0.jar with timestamp 1719520145809
[2024-06-27T20:29:06.307+0000] {docker.py:413} INFO - 24/06/27 20:29:06 INFO Utils: /opt/bitnami/spark/.ivy2/jars/org.checkerframework_checker-qual-3.5.0.jar has been previously copied to /tmp/spark-9dbe671e-c6cf-46b8-b4df-cd1aefd8b2a5/userFiles-1e2d3d6d-9dba-4fdb-bc85-6a0a37962270/org.checkerframework_checker-qual-3.5.0.jar
[2024-06-27T20:29:06.308+0000] {docker.py:413} INFO - 24/06/27 20:29:06 INFO Executor: Fetching file:///opt/bitnami/spark/.ivy2/jars/org.xerial.snappy_snappy-java-1.1.10.3.jar with timestamp 1719520145809
[2024-06-27T20:29:06.309+0000] {docker.py:413} INFO - 24/06/27 20:29:06 INFO Utils: /opt/bitnami/spark/.ivy2/jars/org.xerial.snappy_snappy-java-1.1.10.3.jar has been previously copied to /tmp/spark-9dbe671e-c6cf-46b8-b4df-cd1aefd8b2a5/userFiles-1e2d3d6d-9dba-4fdb-bc85-6a0a37962270/org.xerial.snappy_snappy-java-1.1.10.3.jar
[2024-06-27T20:29:06.311+0000] {docker.py:413} INFO - 24/06/27 20:29:06 INFO Executor: Fetching spark://localhost:37949/jars/org.apache.hadoop_hadoop-client-api-3.3.4.jar with timestamp 1719520145809
[2024-06-27T20:29:06.336+0000] {docker.py:413} INFO - 24/06/27 20:29:06 INFO TransportClientFactory: Successfully created connection to localhost/127.0.0.1:37949 after 16 ms (0 ms spent in bootstraps)
[2024-06-27T20:29:06.339+0000] {docker.py:413} INFO - 24/06/27 20:29:06 INFO Utils: Fetching spark://localhost:37949/jars/org.apache.hadoop_hadoop-client-api-3.3.4.jar to /tmp/spark-9dbe671e-c6cf-46b8-b4df-cd1aefd8b2a5/userFiles-1e2d3d6d-9dba-4fdb-bc85-6a0a37962270/fetchFileTemp6793836659156687341.tmp
[2024-06-27T20:29:06.387+0000] {docker.py:413} INFO - 24/06/27 20:29:06 INFO Utils: /tmp/spark-9dbe671e-c6cf-46b8-b4df-cd1aefd8b2a5/userFiles-1e2d3d6d-9dba-4fdb-bc85-6a0a37962270/fetchFileTemp6793836659156687341.tmp has been previously copied to /tmp/spark-9dbe671e-c6cf-46b8-b4df-cd1aefd8b2a5/userFiles-1e2d3d6d-9dba-4fdb-bc85-6a0a37962270/org.apache.hadoop_hadoop-client-api-3.3.4.jar
[2024-06-27T20:29:06.390+0000] {docker.py:413} INFO - 24/06/27 20:29:06 INFO Executor: Adding file:/tmp/spark-9dbe671e-c6cf-46b8-b4df-cd1aefd8b2a5/userFiles-1e2d3d6d-9dba-4fdb-bc85-6a0a37962270/org.apache.hadoop_hadoop-client-api-3.3.4.jar to class loader default
[2024-06-27T20:29:06.391+0000] {docker.py:413} INFO - 24/06/27 20:29:06 INFO Executor: Fetching spark://localhost:37949/jars/org.slf4j_slf4j-api-2.0.7.jar with timestamp 1719520145809
[2024-06-27T20:29:06.391+0000] {docker.py:413} INFO - 24/06/27 20:29:06 INFO Utils: Fetching spark://localhost:37949/jars/org.slf4j_slf4j-api-2.0.7.jar to /tmp/spark-9dbe671e-c6cf-46b8-b4df-cd1aefd8b2a5/userFiles-1e2d3d6d-9dba-4fdb-bc85-6a0a37962270/fetchFileTemp3117939299699675326.tmp
[2024-06-27T20:29:06.392+0000] {docker.py:413} INFO - 24/06/27 20:29:06 INFO Utils: /tmp/spark-9dbe671e-c6cf-46b8-b4df-cd1aefd8b2a5/userFiles-1e2d3d6d-9dba-4fdb-bc85-6a0a37962270/fetchFileTemp3117939299699675326.tmp has been previously copied to /tmp/spark-9dbe671e-c6cf-46b8-b4df-cd1aefd8b2a5/userFiles-1e2d3d6d-9dba-4fdb-bc85-6a0a37962270/org.slf4j_slf4j-api-2.0.7.jar
[2024-06-27T20:29:06.400+0000] {docker.py:413} INFO - 24/06/27 20:29:06 INFO Executor: Adding file:/tmp/spark-9dbe671e-c6cf-46b8-b4df-cd1aefd8b2a5/userFiles-1e2d3d6d-9dba-4fdb-bc85-6a0a37962270/org.slf4j_slf4j-api-2.0.7.jar to class loader default
[2024-06-27T20:29:06.401+0000] {docker.py:413} INFO - 24/06/27 20:29:06 INFO Executor: Fetching spark://localhost:37949/jars/org.apache.commons_commons-pool2-2.11.1.jar with timestamp 1719520145809
[2024-06-27T20:29:06.401+0000] {docker.py:413} INFO - 24/06/27 20:29:06 INFO Utils: Fetching spark://localhost:37949/jars/org.apache.commons_commons-pool2-2.11.1.jar to /tmp/spark-9dbe671e-c6cf-46b8-b4df-cd1aefd8b2a5/userFiles-1e2d3d6d-9dba-4fdb-bc85-6a0a37962270/fetchFileTemp2493115128320917140.tmp
[2024-06-27T20:29:06.402+0000] {docker.py:413} INFO - 24/06/27 20:29:06 INFO Utils: /tmp/spark-9dbe671e-c6cf-46b8-b4df-cd1aefd8b2a5/userFiles-1e2d3d6d-9dba-4fdb-bc85-6a0a37962270/fetchFileTemp2493115128320917140.tmp has been previously copied to /tmp/spark-9dbe671e-c6cf-46b8-b4df-cd1aefd8b2a5/userFiles-1e2d3d6d-9dba-4fdb-bc85-6a0a37962270/org.apache.commons_commons-pool2-2.11.1.jar
[2024-06-27T20:29:06.403+0000] {docker.py:413} INFO - 24/06/27 20:29:06 INFO Executor: Adding file:/tmp/spark-9dbe671e-c6cf-46b8-b4df-cd1aefd8b2a5/userFiles-1e2d3d6d-9dba-4fdb-bc85-6a0a37962270/org.apache.commons_commons-pool2-2.11.1.jar to class loader default
[2024-06-27T20:29:06.404+0000] {docker.py:413} INFO - 24/06/27 20:29:06 INFO Executor: Fetching spark://localhost:37949/jars/org.apache.hadoop_hadoop-client-runtime-3.3.4.jar with timestamp 1719520145809
[2024-06-27T20:29:06.404+0000] {docker.py:413} INFO - 24/06/27 20:29:06 INFO Utils: Fetching spark://localhost:37949/jars/org.apache.hadoop_hadoop-client-runtime-3.3.4.jar to /tmp/spark-9dbe671e-c6cf-46b8-b4df-cd1aefd8b2a5/userFiles-1e2d3d6d-9dba-4fdb-bc85-6a0a37962270/fetchFileTemp14971414345885487007.tmp
[2024-06-27T20:29:06.445+0000] {docker.py:413} INFO - 24/06/27 20:29:06 INFO Utils: /tmp/spark-9dbe671e-c6cf-46b8-b4df-cd1aefd8b2a5/userFiles-1e2d3d6d-9dba-4fdb-bc85-6a0a37962270/fetchFileTemp14971414345885487007.tmp has been previously copied to /tmp/spark-9dbe671e-c6cf-46b8-b4df-cd1aefd8b2a5/userFiles-1e2d3d6d-9dba-4fdb-bc85-6a0a37962270/org.apache.hadoop_hadoop-client-runtime-3.3.4.jar
[2024-06-27T20:29:06.448+0000] {docker.py:413} INFO - 24/06/27 20:29:06 INFO Executor: Adding file:/tmp/spark-9dbe671e-c6cf-46b8-b4df-cd1aefd8b2a5/userFiles-1e2d3d6d-9dba-4fdb-bc85-6a0a37962270/org.apache.hadoop_hadoop-client-runtime-3.3.4.jar to class loader default
24/06/27 20:29:06 INFO Executor: Fetching spark://localhost:37949/jars/org.xerial.snappy_snappy-java-1.1.10.3.jar with timestamp 1719520145809
[2024-06-27T20:29:06.448+0000] {docker.py:413} INFO - 24/06/27 20:29:06 INFO Utils: Fetching spark://localhost:37949/jars/org.xerial.snappy_snappy-java-1.1.10.3.jar to /tmp/spark-9dbe671e-c6cf-46b8-b4df-cd1aefd8b2a5/userFiles-1e2d3d6d-9dba-4fdb-bc85-6a0a37962270/fetchFileTemp5047232118149920460.tmp
[2024-06-27T20:29:06.453+0000] {docker.py:413} INFO - 24/06/27 20:29:06 INFO Utils: /tmp/spark-9dbe671e-c6cf-46b8-b4df-cd1aefd8b2a5/userFiles-1e2d3d6d-9dba-4fdb-bc85-6a0a37962270/fetchFileTemp5047232118149920460.tmp has been previously copied to /tmp/spark-9dbe671e-c6cf-46b8-b4df-cd1aefd8b2a5/userFiles-1e2d3d6d-9dba-4fdb-bc85-6a0a37962270/org.xerial.snappy_snappy-java-1.1.10.3.jar
[2024-06-27T20:29:06.454+0000] {docker.py:413} INFO - 24/06/27 20:29:06 INFO Executor: Adding file:/tmp/spark-9dbe671e-c6cf-46b8-b4df-cd1aefd8b2a5/userFiles-1e2d3d6d-9dba-4fdb-bc85-6a0a37962270/org.xerial.snappy_snappy-java-1.1.10.3.jar to class loader default
[2024-06-27T20:29:06.455+0000] {docker.py:413} INFO - 24/06/27 20:29:06 INFO Executor: Fetching spark://localhost:37949/jars/org.apache.spark_spark-sql-kafka-0-10_2.12-3.5.0.jar with timestamp 1719520145809
[2024-06-27T20:29:06.455+0000] {docker.py:413} INFO - 24/06/27 20:29:06 INFO Utils: Fetching spark://localhost:37949/jars/org.apache.spark_spark-sql-kafka-0-10_2.12-3.5.0.jar to /tmp/spark-9dbe671e-c6cf-46b8-b4df-cd1aefd8b2a5/userFiles-1e2d3d6d-9dba-4fdb-bc85-6a0a37962270/fetchFileTemp9701297914500574119.tmp
[2024-06-27T20:29:06.456+0000] {docker.py:413} INFO - 24/06/27 20:29:06 INFO Utils: /tmp/spark-9dbe671e-c6cf-46b8-b4df-cd1aefd8b2a5/userFiles-1e2d3d6d-9dba-4fdb-bc85-6a0a37962270/fetchFileTemp9701297914500574119.tmp has been previously copied to /tmp/spark-9dbe671e-c6cf-46b8-b4df-cd1aefd8b2a5/userFiles-1e2d3d6d-9dba-4fdb-bc85-6a0a37962270/org.apache.spark_spark-sql-kafka-0-10_2.12-3.5.0.jar
[2024-06-27T20:29:06.458+0000] {docker.py:413} INFO - 24/06/27 20:29:06 INFO Executor: Adding file:/tmp/spark-9dbe671e-c6cf-46b8-b4df-cd1aefd8b2a5/userFiles-1e2d3d6d-9dba-4fdb-bc85-6a0a37962270/org.apache.spark_spark-sql-kafka-0-10_2.12-3.5.0.jar to class loader default
[2024-06-27T20:29:06.458+0000] {docker.py:413} INFO - 24/06/27 20:29:06 INFO Executor: Fetching spark://localhost:37949/jars/org.lz4_lz4-java-1.8.0.jar with timestamp 1719520145809
[2024-06-27T20:29:06.458+0000] {docker.py:413} INFO - 24/06/27 20:29:06 INFO Utils: Fetching spark://localhost:37949/jars/org.lz4_lz4-java-1.8.0.jar to /tmp/spark-9dbe671e-c6cf-46b8-b4df-cd1aefd8b2a5/userFiles-1e2d3d6d-9dba-4fdb-bc85-6a0a37962270/fetchFileTemp12462977634914351187.tmp
[2024-06-27T20:29:06.460+0000] {docker.py:413} INFO - 24/06/27 20:29:06 INFO Utils: /tmp/spark-9dbe671e-c6cf-46b8-b4df-cd1aefd8b2a5/userFiles-1e2d3d6d-9dba-4fdb-bc85-6a0a37962270/fetchFileTemp12462977634914351187.tmp has been previously copied to /tmp/spark-9dbe671e-c6cf-46b8-b4df-cd1aefd8b2a5/userFiles-1e2d3d6d-9dba-4fdb-bc85-6a0a37962270/org.lz4_lz4-java-1.8.0.jar
[2024-06-27T20:29:06.461+0000] {docker.py:413} INFO - 24/06/27 20:29:06 INFO Executor: Adding file:/tmp/spark-9dbe671e-c6cf-46b8-b4df-cd1aefd8b2a5/userFiles-1e2d3d6d-9dba-4fdb-bc85-6a0a37962270/org.lz4_lz4-java-1.8.0.jar to class loader default
[2024-06-27T20:29:06.462+0000] {docker.py:413} INFO - 24/06/27 20:29:06 INFO Executor: Fetching spark://localhost:37949/jars/commons-logging_commons-logging-1.1.3.jar with timestamp 1719520145809
[2024-06-27T20:29:06.462+0000] {docker.py:413} INFO - 24/06/27 20:29:06 INFO Utils: Fetching spark://localhost:37949/jars/commons-logging_commons-logging-1.1.3.jar to /tmp/spark-9dbe671e-c6cf-46b8-b4df-cd1aefd8b2a5/userFiles-1e2d3d6d-9dba-4fdb-bc85-6a0a37962270/fetchFileTemp13250453662107467443.tmp
[2024-06-27T20:29:06.463+0000] {docker.py:413} INFO - 24/06/27 20:29:06 INFO Utils: /tmp/spark-9dbe671e-c6cf-46b8-b4df-cd1aefd8b2a5/userFiles-1e2d3d6d-9dba-4fdb-bc85-6a0a37962270/fetchFileTemp13250453662107467443.tmp has been previously copied to /tmp/spark-9dbe671e-c6cf-46b8-b4df-cd1aefd8b2a5/userFiles-1e2d3d6d-9dba-4fdb-bc85-6a0a37962270/commons-logging_commons-logging-1.1.3.jar
[2024-06-27T20:29:06.464+0000] {docker.py:413} INFO - 24/06/27 20:29:06 INFO Executor: Adding file:/tmp/spark-9dbe671e-c6cf-46b8-b4df-cd1aefd8b2a5/userFiles-1e2d3d6d-9dba-4fdb-bc85-6a0a37962270/commons-logging_commons-logging-1.1.3.jar to class loader default
[2024-06-27T20:29:06.465+0000] {docker.py:413} INFO - 24/06/27 20:29:06 INFO Executor: Fetching spark://localhost:37949/jars/org.checkerframework_checker-qual-3.5.0.jar with timestamp 1719520145809
[2024-06-27T20:29:06.465+0000] {docker.py:413} INFO - 24/06/27 20:29:06 INFO Utils: Fetching spark://localhost:37949/jars/org.checkerframework_checker-qual-3.5.0.jar to /tmp/spark-9dbe671e-c6cf-46b8-b4df-cd1aefd8b2a5/userFiles-1e2d3d6d-9dba-4fdb-bc85-6a0a37962270/fetchFileTemp12015834538604849917.tmp
[2024-06-27T20:29:06.466+0000] {docker.py:413} INFO - 24/06/27 20:29:06 INFO Utils: /tmp/spark-9dbe671e-c6cf-46b8-b4df-cd1aefd8b2a5/userFiles-1e2d3d6d-9dba-4fdb-bc85-6a0a37962270/fetchFileTemp12015834538604849917.tmp has been previously copied to /tmp/spark-9dbe671e-c6cf-46b8-b4df-cd1aefd8b2a5/userFiles-1e2d3d6d-9dba-4fdb-bc85-6a0a37962270/org.checkerframework_checker-qual-3.5.0.jar
[2024-06-27T20:29:06.467+0000] {docker.py:413} INFO - 24/06/27 20:29:06 INFO Executor: Adding file:/tmp/spark-9dbe671e-c6cf-46b8-b4df-cd1aefd8b2a5/userFiles-1e2d3d6d-9dba-4fdb-bc85-6a0a37962270/org.checkerframework_checker-qual-3.5.0.jar to class loader default
[2024-06-27T20:29:06.467+0000] {docker.py:413} INFO - 24/06/27 20:29:06 INFO Executor: Fetching spark://localhost:37949/jars/org.apache.spark_spark-token-provider-kafka-0-10_2.12-3.5.0.jar with timestamp 1719520145809
[2024-06-27T20:29:06.468+0000] {docker.py:413} INFO - 24/06/27 20:29:06 INFO Utils: Fetching spark://localhost:37949/jars/org.apache.spark_spark-token-provider-kafka-0-10_2.12-3.5.0.jar to /tmp/spark-9dbe671e-c6cf-46b8-b4df-cd1aefd8b2a5/userFiles-1e2d3d6d-9dba-4fdb-bc85-6a0a37962270/fetchFileTemp6117528006395586468.tmp
[2024-06-27T20:29:06.468+0000] {docker.py:413} INFO - 24/06/27 20:29:06 INFO Utils: /tmp/spark-9dbe671e-c6cf-46b8-b4df-cd1aefd8b2a5/userFiles-1e2d3d6d-9dba-4fdb-bc85-6a0a37962270/fetchFileTemp6117528006395586468.tmp has been previously copied to /tmp/spark-9dbe671e-c6cf-46b8-b4df-cd1aefd8b2a5/userFiles-1e2d3d6d-9dba-4fdb-bc85-6a0a37962270/org.apache.spark_spark-token-provider-kafka-0-10_2.12-3.5.0.jar
[2024-06-27T20:29:06.469+0000] {docker.py:413} INFO - 24/06/27 20:29:06 INFO Executor: Adding file:/tmp/spark-9dbe671e-c6cf-46b8-b4df-cd1aefd8b2a5/userFiles-1e2d3d6d-9dba-4fdb-bc85-6a0a37962270/org.apache.spark_spark-token-provider-kafka-0-10_2.12-3.5.0.jar to class loader default
[2024-06-27T20:29:06.470+0000] {docker.py:413} INFO - 24/06/27 20:29:06 INFO Executor: Fetching spark://localhost:37949/jars/com.google.code.findbugs_jsr305-3.0.0.jar with timestamp 1719520145809
[2024-06-27T20:29:06.470+0000] {docker.py:413} INFO - 24/06/27 20:29:06 INFO Utils: Fetching spark://localhost:37949/jars/com.google.code.findbugs_jsr305-3.0.0.jar to /tmp/spark-9dbe671e-c6cf-46b8-b4df-cd1aefd8b2a5/userFiles-1e2d3d6d-9dba-4fdb-bc85-6a0a37962270/fetchFileTemp4542577103652881853.tmp
[2024-06-27T20:29:06.470+0000] {docker.py:413} INFO - 24/06/27 20:29:06 INFO Utils: /tmp/spark-9dbe671e-c6cf-46b8-b4df-cd1aefd8b2a5/userFiles-1e2d3d6d-9dba-4fdb-bc85-6a0a37962270/fetchFileTemp4542577103652881853.tmp has been previously copied to /tmp/spark-9dbe671e-c6cf-46b8-b4df-cd1aefd8b2a5/userFiles-1e2d3d6d-9dba-4fdb-bc85-6a0a37962270/com.google.code.findbugs_jsr305-3.0.0.jar
[2024-06-27T20:29:06.472+0000] {docker.py:413} INFO - 24/06/27 20:29:06 INFO Executor: Adding file:/tmp/spark-9dbe671e-c6cf-46b8-b4df-cd1aefd8b2a5/userFiles-1e2d3d6d-9dba-4fdb-bc85-6a0a37962270/com.google.code.findbugs_jsr305-3.0.0.jar to class loader default
[2024-06-27T20:29:06.472+0000] {docker.py:413} INFO - 24/06/27 20:29:06 INFO Executor: Fetching spark://localhost:37949/jars/org.postgresql_postgresql-42.5.4.jar with timestamp 1719520145809
[2024-06-27T20:29:06.473+0000] {docker.py:413} INFO - 24/06/27 20:29:06 INFO Utils: Fetching spark://localhost:37949/jars/org.postgresql_postgresql-42.5.4.jar to /tmp/spark-9dbe671e-c6cf-46b8-b4df-cd1aefd8b2a5/userFiles-1e2d3d6d-9dba-4fdb-bc85-6a0a37962270/fetchFileTemp9943186078580016374.tmp
[2024-06-27T20:29:06.475+0000] {docker.py:413} INFO - 24/06/27 20:29:06 INFO Utils: /tmp/spark-9dbe671e-c6cf-46b8-b4df-cd1aefd8b2a5/userFiles-1e2d3d6d-9dba-4fdb-bc85-6a0a37962270/fetchFileTemp9943186078580016374.tmp has been previously copied to /tmp/spark-9dbe671e-c6cf-46b8-b4df-cd1aefd8b2a5/userFiles-1e2d3d6d-9dba-4fdb-bc85-6a0a37962270/org.postgresql_postgresql-42.5.4.jar
[2024-06-27T20:29:06.476+0000] {docker.py:413} INFO - 24/06/27 20:29:06 INFO Executor: Adding file:/tmp/spark-9dbe671e-c6cf-46b8-b4df-cd1aefd8b2a5/userFiles-1e2d3d6d-9dba-4fdb-bc85-6a0a37962270/org.postgresql_postgresql-42.5.4.jar to class loader default
[2024-06-27T20:29:06.477+0000] {docker.py:413} INFO - 24/06/27 20:29:06 INFO Executor: Fetching spark://localhost:37949/jars/org.apache.kafka_kafka-clients-3.4.1.jar with timestamp 1719520145809
[2024-06-27T20:29:06.477+0000] {docker.py:413} INFO - 24/06/27 20:29:06 INFO Utils: Fetching spark://localhost:37949/jars/org.apache.kafka_kafka-clients-3.4.1.jar to /tmp/spark-9dbe671e-c6cf-46b8-b4df-cd1aefd8b2a5/userFiles-1e2d3d6d-9dba-4fdb-bc85-6a0a37962270/fetchFileTemp2364696588215721985.tmp
[2024-06-27T20:29:06.484+0000] {docker.py:413} INFO - 24/06/27 20:29:06 INFO Utils: /tmp/spark-9dbe671e-c6cf-46b8-b4df-cd1aefd8b2a5/userFiles-1e2d3d6d-9dba-4fdb-bc85-6a0a37962270/fetchFileTemp2364696588215721985.tmp has been previously copied to /tmp/spark-9dbe671e-c6cf-46b8-b4df-cd1aefd8b2a5/userFiles-1e2d3d6d-9dba-4fdb-bc85-6a0a37962270/org.apache.kafka_kafka-clients-3.4.1.jar
[2024-06-27T20:29:06.485+0000] {docker.py:413} INFO - 24/06/27 20:29:06 INFO Executor: Adding file:/tmp/spark-9dbe671e-c6cf-46b8-b4df-cd1aefd8b2a5/userFiles-1e2d3d6d-9dba-4fdb-bc85-6a0a37962270/org.apache.kafka_kafka-clients-3.4.1.jar to class loader default
[2024-06-27T20:29:06.490+0000] {docker.py:413} INFO - 24/06/27 20:29:06 INFO Utils: Successfully started service 'org.apache.spark.network.netty.NettyBlockTransferService' on port 33921.
[2024-06-27T20:29:06.490+0000] {docker.py:413} INFO - 24/06/27 20:29:06 INFO NettyBlockTransferService: Server created on localhost:33921
[2024-06-27T20:29:06.491+0000] {docker.py:413} INFO - 24/06/27 20:29:06 INFO BlockManager: Using org.apache.spark.storage.RandomBlockReplicationPolicy for block replication policy
[2024-06-27T20:29:06.494+0000] {docker.py:413} INFO - 24/06/27 20:29:06 INFO BlockManagerMaster: Registering BlockManager BlockManagerId(driver, localhost, 33921, None)
[2024-06-27T20:29:06.496+0000] {docker.py:413} INFO - 24/06/27 20:29:06 INFO BlockManagerMasterEndpoint: Registering block manager localhost:33921 with 434.4 MiB RAM, BlockManagerId(driver, localhost, 33921, None)
[2024-06-27T20:29:06.497+0000] {docker.py:413} INFO - 24/06/27 20:29:06 INFO BlockManagerMaster: Registered BlockManager BlockManagerId(driver, localhost, 33921, None)
[2024-06-27T20:29:06.498+0000] {docker.py:413} INFO - 24/06/27 20:29:06 INFO BlockManager: Initialized BlockManager: BlockManagerId(driver, localhost, 33921, None)
[2024-06-27T20:29:06.691+0000] {docker.py:413} INFO - 2024-06-27 20:29:06,690:create_spark_session:INFO:Spark session created successfully
[2024-06-27T20:29:06.695+0000] {docker.py:413} INFO - 24/06/27 20:29:06 INFO SharedState: Setting hive.metastore.warehouse.dir ('null') to the value of spark.sql.warehouse.dir.
[2024-06-27T20:29:06.696+0000] {docker.py:413} INFO - 24/06/27 20:29:06 INFO SharedState: Warehouse path is 'file:/opt/bitnami/spark/spark-warehouse'.
[2024-06-27T20:29:07.471+0000] {docker.py:413} INFO - 2024-06-27 20:29:07,470:create_initial_dataframe:INFO:Initial dataframe created successfully
[2024-06-27T20:29:07.691+0000] {docker.py:413} INFO - Traceback (most recent call last):
  File "/opt/bitnami/spark/spark_streaming.py", line 103, in <module>
[2024-06-27T20:29:07.692+0000] {docker.py:413} INFO - write_to_postgres()
  File "/opt/bitnami/spark/spark_streaming.py", line 99, in write_to_postgres
[2024-06-27T20:29:07.692+0000] {docker.py:413} INFO - start_streaming(df_final, spark=spark)
  File "/opt/bitnami/spark/spark_streaming.py", line 71, in start_streaming
    existing_data_df = spark.read.jdbc(
                       ^^^^^^^^^^^^^^^^
  File "/opt/bitnami/spark/python/lib/pyspark.zip/pyspark/sql/readwriter.py", line 946, in jdbc
  File "/opt/bitnami/spark/python/lib/py4j-0.10.9.7-src.zip/py4j/java_gateway.py", line 1322, in __call__
  File "/opt/bitnami/spark/python/lib/pyspark.zip/pyspark/errors/exceptions/captured.py", line 179, in deco
  File "/opt/bitnami/spark/python/lib/py4j-0.10.9.7-src.zip/py4j/protocol.py", line 326, in get_return_value
py4j.protocol.Py4JJavaError
[2024-06-27T20:29:07.692+0000] {docker.py:413} INFO - : An error occurred while calling o50.jdbc.
: org.postgresql.util.PSQLException: Connection to host.docker.internal:5432 refused. Check that the hostname and port are correct and that the postmaster is accepting TCP/IP connections.
	at org.postgresql.core.v3.ConnectionFactoryImpl.openConnectionImpl(ConnectionFactoryImpl.java:342)
	at org.postgresql.core.ConnectionFactory.openConnection(ConnectionFactory.java:54)
	at org.postgresql.jdbc.PgConnection.<init>(PgConnection.java:253)
	at org.postgresql.Driver.makeConnection(Driver.java:434)
	at org.postgresql.Driver.connect(Driver.java:291)
	at org.apache.spark.sql.execution.datasources.jdbc.connection.BasicConnectionProvider.getConnection(BasicConnectionProvider.scala:49)
	at org.apache.spark.sql.execution.datasources.jdbc.connection.ConnectionProviderBase.create(ConnectionProvider.scala:102)
	at org.apache.spark.sql.jdbc.JdbcDialect.$anonfun$createConnectionFactory$1(JdbcDialects.scala:160)
	at org.apache.spark.sql.jdbc.JdbcDialect.$anonfun$createConnectionFactory$1$adapted(JdbcDialects.scala:156)
	at org.apache.spark.sql.execution.datasources.jdbc.JDBCRDD$.getQueryOutputSchema(JDBCRDD.scala:63)
	at org.apache.spark.sql.execution.datasources.jdbc.JDBCRDD$.resolveTable(JDBCRDD.scala:58)
	at org.apache.spark.sql.execution.datasources.jdbc.JDBCRelation$.getSchema(JDBCRelation.scala:241)
	at org.apache.spark.sql.execution.datasources.jdbc.JdbcRelationProvider.createRelation(JdbcRelationProvider.scala:37)
	at org.apache.spark.sql.execution.datasources.DataSource.resolveRelation(DataSource.scala:346)
	at org.apache.spark.sql.DataFrameReader.loadV1Source(DataFrameReader.scala:229)
	at org.apache.spark.sql.DataFrameReader.$anonfun$load$2(DataFrameReader.scala:211)
	at scala.Option.getOrElse(Option.scala:189)
	at org.apache.spark.sql.DataFrameReader.load(DataFrameReader.scala:211)
	at org.apache.spark.sql.DataFrameReader.load(DataFrameReader.scala:172)
	at org.apache.spark.sql.DataFrameReader.jdbc(DataFrameReader.scala:249)
	at java.base/jdk.internal.reflect.NativeMethodAccessorImpl.invoke0(Native Method)
	at java.base/jdk.internal.reflect.NativeMethodAccessorImpl.invoke(NativeMethodAccessorImpl.java:77)
	at java.base/jdk.internal.reflect.DelegatingMethodAccessorImpl.invoke(DelegatingMethodAccessorImpl.java:43)
	at java.base/java.lang.reflect.Method.invoke(Method.java:568)
	at py4j.reflection.MethodInvoker.invoke(MethodInvoker.java:244)
	at py4j.reflection.ReflectionEngine.invoke(ReflectionEngine.java:374)
	at py4j.Gateway.invoke(Gateway.java:282)
	at py4j.commands.AbstractCommand.invokeMethod(AbstractCommand.java:132)
	at py4j.commands.CallCommand.execute(CallCommand.java:79)
	at py4j.ClientServerConnection.waitForCommands(ClientServerConnection.java:182)
	at py4j.ClientServerConnection.run(ClientServerConnection.java:106)
	at java.base/java.lang.Thread.run(Thread.java:840)
Caused by: java.net.ConnectException: Connection refused
	at java.base/sun.nio.ch.Net.pollConnect(Native Method)
	at java.base/sun.nio.ch.Net.pollConnectNow(Net.java:672)
	at java.base/sun.nio.ch.NioSocketImpl.timedFinishConnect(NioSocketImpl.java:554)
	at java.base/sun.nio.ch.NioSocketImpl.connect(NioSocketImpl.java:602)
	at java.base/java.net.SocksSocketImpl.connect(SocksSocketImpl.java:327)
	at java.base/java.net.Socket.connect(Socket.java:633)
	at org.postgresql.core.PGStream.createSocket(PGStream.java:243)
	at org.postgresql.core.PGStream.<init>(PGStream.java:98)
	at org.postgresql.core.v3.ConnectionFactoryImpl.tryConnect(ConnectionFactoryImpl.java:132)
	at org.postgresql.core.v3.ConnectionFactoryImpl.openConnectionImpl(ConnectionFactoryImpl.java:258)
	... 31 more
[2024-06-27T20:29:07.695+0000] {docker.py:413} INFO - 2024-06-27 20:29:07,691:close:INFO:Closing down clientserver connection
[2024-06-27T20:29:07.719+0000] {docker.py:413} INFO - 24/06/27 20:29:07 INFO SparkContext: Invoking stop() from shutdown hook
[2024-06-27T20:29:07.721+0000] {docker.py:413} INFO - 24/06/27 20:29:07 INFO SparkContext: SparkContext is stopping with exitCode 0.
[2024-06-27T20:29:07.726+0000] {docker.py:413} INFO - 24/06/27 20:29:07 INFO SparkUI: Stopped Spark web UI at http://localhost:4040
[2024-06-27T20:29:07.733+0000] {docker.py:413} INFO - 24/06/27 20:29:07 INFO MapOutputTrackerMasterEndpoint: MapOutputTrackerMasterEndpoint stopped!
[2024-06-27T20:29:07.740+0000] {docker.py:413} INFO - 24/06/27 20:29:07 INFO MemoryStore: MemoryStore cleared
[2024-06-27T20:29:07.740+0000] {docker.py:413} INFO - 24/06/27 20:29:07 INFO BlockManager: BlockManager stopped
[2024-06-27T20:29:07.744+0000] {docker.py:413} INFO - 24/06/27 20:29:07 INFO BlockManagerMaster: BlockManagerMaster stopped
[2024-06-27T20:29:07.746+0000] {docker.py:413} INFO - 24/06/27 20:29:07 INFO OutputCommitCoordinator$OutputCommitCoordinatorEndpoint: OutputCommitCoordinator stopped!
[2024-06-27T20:29:07.760+0000] {docker.py:413} INFO - 24/06/27 20:29:07 INFO SparkContext: Successfully stopped SparkContext
[2024-06-27T20:29:07.760+0000] {docker.py:413} INFO - 24/06/27 20:29:07 INFO ShutdownHookManager: Shutdown hook called
[2024-06-27T20:29:07.760+0000] {docker.py:413} INFO - 24/06/27 20:29:07 INFO ShutdownHookManager: Deleting directory /tmp/spark-9dbe671e-c6cf-46b8-b4df-cd1aefd8b2a5
[2024-06-27T20:29:07.762+0000] {docker.py:413} INFO - 24/06/27 20:29:07 INFO ShutdownHookManager: Deleting directory /tmp/spark-9dbe671e-c6cf-46b8-b4df-cd1aefd8b2a5/pyspark-893e18e3-1e85-49c0-b5b1-7787d7a96056
[2024-06-27T20:29:07.763+0000] {docker.py:413} INFO - 24/06/27 20:29:07 INFO ShutdownHookManager: Deleting directory /tmp/spark-f4cb8e4b-31db-422b-8774-17f9e1302843
[2024-06-27T20:29:07.916+0000] {taskinstance.py:1937} ERROR - Task failed with exception
Traceback (most recent call last):
  File "/home/airflow/.local/lib/python3.8/site-packages/docker/api/client.py", line 268, in _raise_for_status
    response.raise_for_status()
  File "/home/airflow/.local/lib/python3.8/site-packages/requests/models.py", line 1021, in raise_for_status
    raise HTTPError(http_error_msg, response=self)
requests.exceptions.HTTPError: 400 Client Error: Bad Request for url: http://docker-proxy:2375/v1.44/containers/create

The above exception was the direct cause of the following exception:

Traceback (most recent call last):
  File "/home/airflow/.local/lib/python3.8/site-packages/airflow/providers/docker/operators/docker.py", line 348, in _run_image
    return self._run_image_with_mounts([*self.mounts, tmp_mount], add_tmp_variable=True)
  File "/home/airflow/.local/lib/python3.8/site-packages/airflow/providers/docker/operators/docker.py", line 375, in _run_image_with_mounts
    self.container = self.cli.create_container(
  File "/home/airflow/.local/lib/python3.8/site-packages/docker/api/container.py", line 431, in create_container
    return self.create_container_from_config(config, name, platform)
  File "/home/airflow/.local/lib/python3.8/site-packages/docker/api/container.py", line 448, in create_container_from_config
    return self._result(res, True)
  File "/home/airflow/.local/lib/python3.8/site-packages/docker/api/client.py", line 274, in _result
    self._raise_for_status(response)
  File "/home/airflow/.local/lib/python3.8/site-packages/docker/api/client.py", line 270, in _raise_for_status
    raise create_api_error_from_http_exception(e) from e
  File "/home/airflow/.local/lib/python3.8/site-packages/docker/errors.py", line 39, in create_api_error_from_http_exception
    raise cls(e, response=response, explanation=explanation) from e
docker.errors.APIError: 400 Client Error for http://docker-proxy:2375/v1.44/containers/create: Bad Request ("invalid mount config for type "bind": bind source path does not exist: /host_mnt/private/tmp/airflowtmpojiwuuat")

During handling of the above exception, another exception occurred:

Traceback (most recent call last):
  File "/home/airflow/.local/lib/python3.8/site-packages/airflow/providers/docker/operators/docker.py", line 486, in execute
    return self._run_image()
  File "/home/airflow/.local/lib/python3.8/site-packages/airflow/providers/docker/operators/docker.py", line 357, in _run_image
    return self._run_image_with_mounts(self.mounts, add_tmp_variable=False)
  File "/home/airflow/.local/lib/python3.8/site-packages/airflow/providers/docker/operators/docker.py", line 421, in _run_image_with_mounts
    raise DockerContainerFailedException(f"Docker container failed: {result!r}", logs=log_lines)
airflow.providers.docker.exceptions.DockerContainerFailedException: Docker container failed: {'StatusCode': 1}
[2024-06-27T20:29:07.919+0000] {taskinstance.py:1400} INFO - Marking task as UP_FOR_RETRY. dag_id=kafka_spark_dag, task_id=pyspark_consumer, execution_date=20240626T185921, start_date=20240627T202847, end_date=20240627T202907
[2024-06-27T20:29:07.927+0000] {standard_task_runner.py:104} ERROR - Failed to execute job 150 for task pyspark_consumer (Docker container failed: {'StatusCode': 1}; 32287)
[2024-06-27T20:29:07.936+0000] {local_task_job_runner.py:228} INFO - Task exited with return code 1
[2024-06-27T20:29:07.944+0000] {taskinstance.py:2778} INFO - 0 downstream tasks scheduled from follow-on schedule check
