[2024-06-27T20:29:13.601+0000] {taskinstance.py:1159} INFO - Dependencies all met for dep_context=non-requeueable deps ti=<TaskInstance: kafka_spark_dag.pyspark_consumer scheduled__2024-06-26T18:59:21.091507+00:00 [queued]>
[2024-06-27T20:29:13.605+0000] {taskinstance.py:1159} INFO - Dependencies all met for dep_context=requeueable deps ti=<TaskInstance: kafka_spark_dag.pyspark_consumer scheduled__2024-06-26T18:59:21.091507+00:00 [queued]>
[2024-06-27T20:29:13.605+0000] {taskinstance.py:1361} INFO - Starting attempt 4 of 4
[2024-06-27T20:29:13.611+0000] {taskinstance.py:1382} INFO - Executing <Task(DockerOperator): pyspark_consumer> on 2024-06-26 18:59:21.091507+00:00
[2024-06-27T20:29:13.614+0000] {standard_task_runner.py:57} INFO - Started process 32529 to run task
[2024-06-27T20:29:13.616+0000] {standard_task_runner.py:84} INFO - Running: ['***', 'tasks', 'run', 'kafka_spark_dag', 'pyspark_consumer', 'scheduled__2024-06-26T18:59:21.091507+00:00', '--job-id', '152', '--raw', '--subdir', 'DAGS_FOLDER/dag_kafka_spark.py', '--cfg-path', '/tmp/tmprntkhzix']
[2024-06-27T20:29:13.618+0000] {standard_task_runner.py:85} INFO - Job 152: Subtask pyspark_consumer
[2024-06-27T20:29:13.642+0000] {task_command.py:416} INFO - Running <TaskInstance: kafka_spark_dag.pyspark_consumer scheduled__2024-06-26T18:59:21.091507+00:00 [running]> on host cd176cdca805
[2024-06-27T20:29:13.677+0000] {taskinstance.py:1662} INFO - Exporting env vars: AIRFLOW_CTX_DAG_OWNER='***' AIRFLOW_CTX_DAG_ID='kafka_spark_dag' AIRFLOW_CTX_TASK_ID='pyspark_consumer' AIRFLOW_CTX_EXECUTION_DATE='2024-06-26T18:59:21.091507+00:00' AIRFLOW_CTX_TRY_NUMBER='4' AIRFLOW_CTX_DAG_RUN_ID='scheduled__2024-06-26T18:59:21.091507+00:00'
[2024-06-27T20:29:13.736+0000] {docker.py:343} INFO - Starting docker container from image current-headlines/spark:latest
[2024-06-27T20:29:13.783+0000] {docker.py:351} WARNING - Using remote engine or docker-in-docker and mounting temporary volume from host is not supported. Falling back to `mount_tmp_dir=False` mode. You can set `mount_tmp_dir` parameter to False to disable mounting and remove the warning
[2024-06-27T20:29:13.960+0000] {docker.py:413} INFO - [38;5;6mspark [38;5;5m20:29:13.95 [0m[38;5;2mINFO [0m ==>
[2024-06-27T20:29:13.961+0000] {docker.py:413} INFO - [38;5;6mspark [38;5;5m20:29:13.96 [0m[38;5;2mINFO [0m ==> [1mWelcome to the Bitnami spark container[0m
[2024-06-27T20:29:13.961+0000] {docker.py:413} INFO - [38;5;6mspark [38;5;5m20:29:13.96 [0m[38;5;2mINFO [0m ==> Subscribe to project updates by watching [1mhttps://github.com/bitnami/containers[0m
[2024-06-27T20:29:13.962+0000] {docker.py:413} INFO - [38;5;6mspark [38;5;5m20:29:13.96 [0m[38;5;2mINFO [0m ==> Submit issues and feature requests at [1mhttps://github.com/bitnami/containers/issues[0m
[2024-06-27T20:29:13.963+0000] {docker.py:413} INFO - [38;5;6mspark [38;5;5m20:29:13.96 [0m[38;5;2mINFO [0m ==>
[2024-06-27T20:29:13.966+0000] {docker.py:413} INFO - 
[2024-06-27T20:29:14.717+0000] {docker.py:413} INFO - :: loading settings :: url = jar:file:/opt/bitnami/spark/jars/ivy-2.5.1.jar!/org/apache/ivy/core/settings/ivysettings.xml
[2024-06-27T20:29:14.747+0000] {docker.py:413} INFO - Ivy Default Cache set to: /opt/bitnami/spark/.ivy2/cache
The jars for the packages stored in: /opt/bitnami/spark/.ivy2/jars
[2024-06-27T20:29:14.749+0000] {docker.py:413} INFO - org.postgresql#postgresql added as a dependency
org.apache.spark#spark-sql-kafka-0-10_2.12 added as a dependency
[2024-06-27T20:29:14.750+0000] {docker.py:413} INFO - :: resolving dependencies :: org.apache.spark#spark-submit-parent-ad67c4ec-ef95-4003-b96f-2c0944365d98;1.0
	confs: [default]
[2024-06-27T20:29:15.060+0000] {docker.py:413} INFO - found org.postgresql#postgresql;42.5.4 in central
[2024-06-27T20:29:15.097+0000] {docker.py:413} INFO - found org.checkerframework#checker-qual;3.5.0 in central
[2024-06-27T20:29:15.460+0000] {docker.py:413} INFO - found org.apache.spark#spark-sql-kafka-0-10_2.12;3.5.0 in central
[2024-06-27T20:29:15.576+0000] {docker.py:413} INFO - found org.apache.spark#spark-token-provider-kafka-0-10_2.12;3.5.0 in central
[2024-06-27T20:29:15.611+0000] {docker.py:413} INFO - found org.apache.kafka#kafka-clients;3.4.1 in central
[2024-06-27T20:29:15.642+0000] {docker.py:413} INFO - found org.lz4#lz4-java;1.8.0 in central
[2024-06-27T20:29:15.682+0000] {docker.py:413} INFO - found org.xerial.snappy#snappy-java;1.1.10.3 in central
[2024-06-27T20:29:15.764+0000] {docker.py:413} INFO - found org.slf4j#slf4j-api;2.0.7 in central
[2024-06-27T20:29:15.919+0000] {docker.py:413} INFO - found org.apache.hadoop#hadoop-client-runtime;3.3.4 in central
[2024-06-27T20:29:15.971+0000] {docker.py:413} INFO - found org.apache.hadoop#hadoop-client-api;3.3.4 in central
[2024-06-27T20:29:16.356+0000] {docker.py:413} INFO - found commons-logging#commons-logging;1.1.3 in central
[2024-06-27T20:29:16.384+0000] {docker.py:413} INFO - found com.google.code.findbugs#jsr305;3.0.0 in central
[2024-06-27T20:29:16.699+0000] {docker.py:413} INFO - found org.apache.commons#commons-pool2;2.11.1 in central
[2024-06-27T20:29:16.718+0000] {docker.py:413} INFO - downloading https://repo1.maven.org/maven2/org/postgresql/postgresql/42.5.4/postgresql-42.5.4.jar ...
[2024-06-27T20:29:16.784+0000] {docker.py:413} INFO - [SUCCESSFUL ] org.postgresql#postgresql;42.5.4!postgresql.jar (80ms)
[2024-06-27T20:29:16.800+0000] {docker.py:413} INFO - downloading https://repo1.maven.org/maven2/org/apache/spark/spark-sql-kafka-0-10_2.12/3.5.0/spark-sql-kafka-0-10_2.12-3.5.0.jar ...
[2024-06-27T20:29:16.834+0000] {docker.py:413} INFO - [SUCCESSFUL ] org.apache.spark#spark-sql-kafka-0-10_2.12;3.5.0!spark-sql-kafka-0-10_2.12.jar (50ms)
[2024-06-27T20:29:16.851+0000] {docker.py:413} INFO - downloading https://repo1.maven.org/maven2/org/checkerframework/checker-qual/3.5.0/checker-qual-3.5.0.jar ...
[2024-06-27T20:29:16.874+0000] {docker.py:413} INFO - [SUCCESSFUL ] org.checkerframework#checker-qual;3.5.0!checker-qual.jar (39ms)
[2024-06-27T20:29:16.886+0000] {docker.py:413} INFO - downloading https://repo1.maven.org/maven2/org/apache/spark/spark-token-provider-kafka-0-10_2.12/3.5.0/spark-token-provider-kafka-0-10_2.12-3.5.0.jar ...
[2024-06-27T20:29:16.900+0000] {docker.py:413} INFO - [SUCCESSFUL ] org.apache.spark#spark-token-provider-kafka-0-10_2.12;3.5.0!spark-token-provider-kafka-0-10_2.12.jar (25ms)
[2024-06-27T20:29:16.917+0000] {docker.py:413} INFO - downloading https://repo1.maven.org/maven2/org/apache/kafka/kafka-clients/3.4.1/kafka-clients-3.4.1.jar ...
[2024-06-27T20:29:17.197+0000] {docker.py:413} INFO - [SUCCESSFUL ] org.apache.kafka#kafka-clients;3.4.1!kafka-clients.jar (296ms)
[2024-06-27T20:29:17.210+0000] {docker.py:413} INFO - downloading https://repo1.maven.org/maven2/com/google/code/findbugs/jsr305/3.0.0/jsr305-3.0.0.jar ...
[2024-06-27T20:29:17.223+0000] {docker.py:413} INFO - [SUCCESSFUL ] com.google.code.findbugs#jsr305;3.0.0!jsr305.jar (26ms)
[2024-06-27T20:29:17.235+0000] {docker.py:413} INFO - downloading https://repo1.maven.org/maven2/org/apache/commons/commons-pool2/2.11.1/commons-pool2-2.11.1.jar ...
[2024-06-27T20:29:17.252+0000] {docker.py:413} INFO - [SUCCESSFUL ] org.apache.commons#commons-pool2;2.11.1!commons-pool2.jar (28ms)
[2024-06-27T20:29:17.263+0000] {docker.py:413} INFO - downloading https://repo1.maven.org/maven2/org/apache/hadoop/hadoop-client-runtime/3.3.4/hadoop-client-runtime-3.3.4.jar ...
[2024-06-27T20:29:18.727+0000] {docker.py:413} INFO - [SUCCESSFUL ] org.apache.hadoop#hadoop-client-runtime;3.3.4!hadoop-client-runtime.jar (1473ms)
[2024-06-27T20:29:18.751+0000] {docker.py:413} INFO - downloading https://repo1.maven.org/maven2/org/lz4/lz4-java/1.8.0/lz4-java-1.8.0.jar ...
[2024-06-27T20:29:18.794+0000] {docker.py:413} INFO - [SUCCESSFUL ] org.lz4#lz4-java;1.8.0!lz4-java.jar (67ms)
[2024-06-27T20:29:18.811+0000] {docker.py:413} INFO - downloading https://repo1.maven.org/maven2/org/xerial/snappy/snappy-java/1.1.10.3/snappy-java-1.1.10.3.jar ...
[2024-06-27T20:29:18.927+0000] {docker.py:413} INFO - [SUCCESSFUL ] org.xerial.snappy#snappy-java;1.1.10.3!snappy-java.jar(bundle) (133ms)
[2024-06-27T20:29:18.938+0000] {docker.py:413} INFO - downloading https://repo1.maven.org/maven2/org/slf4j/slf4j-api/2.0.7/slf4j-api-2.0.7.jar ...
[2024-06-27T20:29:18.955+0000] {docker.py:413} INFO - [SUCCESSFUL ] org.slf4j#slf4j-api;2.0.7!slf4j-api.jar (29ms)
[2024-06-27T20:29:18.968+0000] {docker.py:413} INFO - downloading https://repo1.maven.org/maven2/org/apache/hadoop/hadoop-client-api/3.3.4/hadoop-client-api-3.3.4.jar ...
[2024-06-27T20:29:19.921+0000] {docker.py:413} INFO - [SUCCESSFUL ] org.apache.hadoop#hadoop-client-api;3.3.4!hadoop-client-api.jar (964ms)
[2024-06-27T20:29:19.932+0000] {docker.py:413} INFO - downloading https://repo1.maven.org/maven2/commons-logging/commons-logging/1.1.3/commons-logging-1.1.3.jar ...
[2024-06-27T20:29:19.947+0000] {docker.py:413} INFO - [SUCCESSFUL ] commons-logging#commons-logging;1.1.3!commons-logging.jar (26ms)
[2024-06-27T20:29:19.948+0000] {docker.py:413} INFO - :: resolution report :: resolve 1953ms :: artifacts dl 3245ms
[2024-06-27T20:29:19.949+0000] {docker.py:413} INFO - :: modules in use:
[2024-06-27T20:29:19.950+0000] {docker.py:413} INFO - com.google.code.findbugs#jsr305;3.0.0 from central in [default]
	commons-logging#commons-logging;1.1.3 from central in [default]
	org.apache.commons#commons-pool2;2.11.1 from central in [default]
[2024-06-27T20:29:19.950+0000] {docker.py:413} INFO - org.apache.hadoop#hadoop-client-api;3.3.4 from central in [default]
[2024-06-27T20:29:19.950+0000] {docker.py:413} INFO - org.apache.hadoop#hadoop-client-runtime;3.3.4 from central in [default]
	org.apache.kafka#kafka-clients;3.4.1 from central in [default]
	org.apache.spark#spark-sql-kafka-0-10_2.12;3.5.0 from central in [default]
	org.apache.spark#spark-token-provider-kafka-0-10_2.12;3.5.0 from central in [default]
	org.checkerframework#checker-qual;3.5.0 from central in [default]
	org.lz4#lz4-java;1.8.0 from central in [default]
	org.postgresql#postgresql;42.5.4 from central in [default]
	org.slf4j#slf4j-api;2.0.7 from central in [default]
	org.xerial.snappy#snappy-java;1.1.10.3 from central in [default]
[2024-06-27T20:29:19.951+0000] {docker.py:413} INFO - ---------------------------------------------------------------------
	|                  |            modules            ||   artifacts   |
	|       conf       | number| search|dwnlded|evicted|| number|dwnlded|
	---------------------------------------------------------------------
[2024-06-27T20:29:19.951+0000] {docker.py:413} INFO - |      default     |   13  |   13  |   13  |   0   ||   13  |   13  |
	---------------------------------------------------------------------
[2024-06-27T20:29:19.951+0000] {docker.py:413} INFO - :: retrieving :: org.apache.spark#spark-submit-parent-ad67c4ec-ef95-4003-b96f-2c0944365d98
	confs: [default]
[2024-06-27T20:29:19.993+0000] {docker.py:413} INFO - 13 artifacts copied, 0 already retrieved (58001kB/41ms)
[2024-06-27T20:29:20.084+0000] {docker.py:413} INFO - 24/06/27 20:29:20 WARN NativeCodeLoader: Unable to load native-hadoop library for your platform... using builtin-java classes where applicable
[2024-06-27T20:29:20.615+0000] {docker.py:413} INFO - 24/06/27 20:29:20 INFO SparkContext: Running Spark version 3.5.0
[2024-06-27T20:29:20.616+0000] {docker.py:413} INFO - 24/06/27 20:29:20 INFO SparkContext: OS info Linux, 6.6.12-linuxkit, aarch64
[2024-06-27T20:29:20.616+0000] {docker.py:413} INFO - 24/06/27 20:29:20 INFO SparkContext: Java version 17.0.10
[2024-06-27T20:29:20.627+0000] {docker.py:413} INFO - 24/06/27 20:29:20 INFO ResourceUtils: ==============================================================
[2024-06-27T20:29:20.628+0000] {docker.py:413} INFO - 24/06/27 20:29:20 INFO ResourceUtils: No custom resources configured for spark.driver.
[2024-06-27T20:29:20.628+0000] {docker.py:413} INFO - 24/06/27 20:29:20 INFO ResourceUtils: ==============================================================
[2024-06-27T20:29:20.628+0000] {docker.py:413} INFO - 24/06/27 20:29:20 INFO SparkContext: Submitted application: PostgreSQL Connection with PySpark
[2024-06-27T20:29:20.636+0000] {docker.py:413} INFO - 24/06/27 20:29:20 INFO ResourceProfile: Default ResourceProfile created, executor resources: Map(cores -> name: cores, amount: 1, script: , vendor: , memory -> name: memory, amount: 1024, script: , vendor: , offHeap -> name: offHeap, amount: 0, script: , vendor: ), task resources: Map(cpus -> name: cpus, amount: 1.0)
[2024-06-27T20:29:20.640+0000] {docker.py:413} INFO - 24/06/27 20:29:20 INFO ResourceProfile: Limiting resource is cpu
[2024-06-27T20:29:20.640+0000] {docker.py:413} INFO - 24/06/27 20:29:20 INFO ResourceProfileManager: Added ResourceProfile id: 0
[2024-06-27T20:29:20.665+0000] {docker.py:413} INFO - 24/06/27 20:29:20 INFO SecurityManager: Changing view acls to: spark
[2024-06-27T20:29:20.665+0000] {docker.py:413} INFO - 24/06/27 20:29:20 INFO SecurityManager: Changing modify acls to: spark
[2024-06-27T20:29:20.666+0000] {docker.py:413} INFO - 24/06/27 20:29:20 INFO SecurityManager: Changing view acls groups to:
[2024-06-27T20:29:20.666+0000] {docker.py:413} INFO - 24/06/27 20:29:20 INFO SecurityManager: Changing modify acls groups to:
[2024-06-27T20:29:20.666+0000] {docker.py:413} INFO - 24/06/27 20:29:20 INFO SecurityManager: SecurityManager: authentication disabled; ui acls disabled; users with view permissions: spark; groups with view permissions: EMPTY; users with modify permissions: spark; groups with modify permissions: EMPTY
[2024-06-27T20:29:20.766+0000] {docker.py:413} INFO - 24/06/27 20:29:20 INFO Utils: Successfully started service 'sparkDriver' on port 36965.
[2024-06-27T20:29:20.779+0000] {docker.py:413} INFO - 24/06/27 20:29:20 INFO SparkEnv: Registering MapOutputTracker
[2024-06-27T20:29:20.796+0000] {docker.py:413} INFO - 24/06/27 20:29:20 INFO SparkEnv: Registering BlockManagerMaster
[2024-06-27T20:29:20.804+0000] {docker.py:413} INFO - 24/06/27 20:29:20 INFO BlockManagerMasterEndpoint: Using org.apache.spark.storage.DefaultTopologyMapper for getting topology information
[2024-06-27T20:29:20.804+0000] {docker.py:413} INFO - 24/06/27 20:29:20 INFO BlockManagerMasterEndpoint: BlockManagerMasterEndpoint up
[2024-06-27T20:29:20.806+0000] {docker.py:413} INFO - 24/06/27 20:29:20 INFO SparkEnv: Registering BlockManagerMasterHeartbeat
[2024-06-27T20:29:20.816+0000] {docker.py:413} INFO - 24/06/27 20:29:20 INFO DiskBlockManager: Created local directory at /tmp/blockmgr-27f5d5e5-9e59-40da-93ec-24207dcf6d2a
[2024-06-27T20:29:20.823+0000] {docker.py:413} INFO - 24/06/27 20:29:20 INFO MemoryStore: MemoryStore started with capacity 434.4 MiB
[2024-06-27T20:29:20.833+0000] {docker.py:413} INFO - 24/06/27 20:29:20 INFO SparkEnv: Registering OutputCommitCoordinator
[2024-06-27T20:29:20.896+0000] {docker.py:413} INFO - 24/06/27 20:29:20 INFO JettyUtils: Start Jetty 0.0.0.0:4040 for SparkUI
[2024-06-27T20:29:20.929+0000] {docker.py:413} INFO - 24/06/27 20:29:20 INFO Utils: Successfully started service 'SparkUI' on port 4040.
[2024-06-27T20:29:20.947+0000] {docker.py:413} INFO - 24/06/27 20:29:20 INFO SparkContext: Added JAR file:///opt/bitnami/spark/.ivy2/jars/org.postgresql_postgresql-42.5.4.jar at spark://localhost:36965/jars/org.postgresql_postgresql-42.5.4.jar with timestamp 1719520160610
[2024-06-27T20:29:20.947+0000] {docker.py:413} INFO - 24/06/27 20:29:20 INFO SparkContext: Added JAR file:///opt/bitnami/spark/.ivy2/jars/org.apache.spark_spark-sql-kafka-0-10_2.12-3.5.0.jar at spark://localhost:36965/jars/org.apache.spark_spark-sql-kafka-0-10_2.12-3.5.0.jar with timestamp 1719520160610
[2024-06-27T20:29:20.948+0000] {docker.py:413} INFO - 24/06/27 20:29:20 INFO SparkContext: Added JAR file:///opt/bitnami/spark/.ivy2/jars/org.checkerframework_checker-qual-3.5.0.jar at spark://localhost:36965/jars/org.checkerframework_checker-qual-3.5.0.jar with timestamp 1719520160610
24/06/27 20:29:20 INFO SparkContext: Added JAR file:///opt/bitnami/spark/.ivy2/jars/org.apache.spark_spark-token-provider-kafka-0-10_2.12-3.5.0.jar at spark://localhost:36965/jars/org.apache.spark_spark-token-provider-kafka-0-10_2.12-3.5.0.jar with timestamp 1719520160610
[2024-06-27T20:29:20.948+0000] {docker.py:413} INFO - 24/06/27 20:29:20 INFO SparkContext: Added JAR file:///opt/bitnami/spark/.ivy2/jars/org.apache.kafka_kafka-clients-3.4.1.jar at spark://localhost:36965/jars/org.apache.kafka_kafka-clients-3.4.1.jar with timestamp 1719520160610
[2024-06-27T20:29:20.948+0000] {docker.py:413} INFO - 24/06/27 20:29:20 INFO SparkContext: Added JAR file:///opt/bitnami/spark/.ivy2/jars/com.google.code.findbugs_jsr305-3.0.0.jar at spark://localhost:36965/jars/com.google.code.findbugs_jsr305-3.0.0.jar with timestamp 1719520160610
[2024-06-27T20:29:20.948+0000] {docker.py:413} INFO - 24/06/27 20:29:20 INFO SparkContext: Added JAR file:///opt/bitnami/spark/.ivy2/jars/org.apache.commons_commons-pool2-2.11.1.jar at spark://localhost:36965/jars/org.apache.commons_commons-pool2-2.11.1.jar with timestamp 1719520160610
[2024-06-27T20:29:20.949+0000] {docker.py:413} INFO - 24/06/27 20:29:20 INFO SparkContext: Added JAR file:///opt/bitnami/spark/.ivy2/jars/org.apache.hadoop_hadoop-client-runtime-3.3.4.jar at spark://localhost:36965/jars/org.apache.hadoop_hadoop-client-runtime-3.3.4.jar with timestamp 1719520160610
[2024-06-27T20:29:20.949+0000] {docker.py:413} INFO - 24/06/27 20:29:20 INFO SparkContext: Added JAR file:///opt/bitnami/spark/.ivy2/jars/org.lz4_lz4-java-1.8.0.jar at spark://localhost:36965/jars/org.lz4_lz4-java-1.8.0.jar with timestamp 1719520160610
[2024-06-27T20:29:20.949+0000] {docker.py:413} INFO - 24/06/27 20:29:20 INFO SparkContext: Added JAR file:///opt/bitnami/spark/.ivy2/jars/org.xerial.snappy_snappy-java-1.1.10.3.jar at spark://localhost:36965/jars/org.xerial.snappy_snappy-java-1.1.10.3.jar with timestamp 1719520160610
[2024-06-27T20:29:20.949+0000] {docker.py:413} INFO - 24/06/27 20:29:20 INFO SparkContext: Added JAR file:///opt/bitnami/spark/.ivy2/jars/org.slf4j_slf4j-api-2.0.7.jar at spark://localhost:36965/jars/org.slf4j_slf4j-api-2.0.7.jar with timestamp 1719520160610
[2024-06-27T20:29:20.950+0000] {docker.py:413} INFO - 24/06/27 20:29:20 INFO SparkContext: Added JAR file:///opt/bitnami/spark/.ivy2/jars/org.apache.hadoop_hadoop-client-api-3.3.4.jar at spark://localhost:36965/jars/org.apache.hadoop_hadoop-client-api-3.3.4.jar with timestamp 1719520160610
[2024-06-27T20:29:20.950+0000] {docker.py:413} INFO - 24/06/27 20:29:20 INFO SparkContext: Added JAR file:///opt/bitnami/spark/.ivy2/jars/commons-logging_commons-logging-1.1.3.jar at spark://localhost:36965/jars/commons-logging_commons-logging-1.1.3.jar with timestamp 1719520160610
[2024-06-27T20:29:20.950+0000] {docker.py:413} INFO - 24/06/27 20:29:20 INFO SparkContext: Added file file:///opt/bitnami/spark/.ivy2/jars/org.postgresql_postgresql-42.5.4.jar at file:///opt/bitnami/spark/.ivy2/jars/org.postgresql_postgresql-42.5.4.jar with timestamp 1719520160610
[2024-06-27T20:29:20.950+0000] {docker.py:413} INFO - 24/06/27 20:29:20 INFO Utils: Copying /opt/bitnami/spark/.ivy2/jars/org.postgresql_postgresql-42.5.4.jar to /tmp/spark-d5d04551-528e-46e8-bf4e-ccc1d0316839/userFiles-061db636-1594-4b02-a7e1-185c856bc239/org.postgresql_postgresql-42.5.4.jar
[2024-06-27T20:29:20.955+0000] {docker.py:413} INFO - 24/06/27 20:29:20 INFO SparkContext: Added file file:///opt/bitnami/spark/.ivy2/jars/org.apache.spark_spark-sql-kafka-0-10_2.12-3.5.0.jar at file:///opt/bitnami/spark/.ivy2/jars/org.apache.spark_spark-sql-kafka-0-10_2.12-3.5.0.jar with timestamp 1719520160610
[2024-06-27T20:29:20.955+0000] {docker.py:413} INFO - 24/06/27 20:29:20 INFO Utils: Copying /opt/bitnami/spark/.ivy2/jars/org.apache.spark_spark-sql-kafka-0-10_2.12-3.5.0.jar to /tmp/spark-d5d04551-528e-46e8-bf4e-ccc1d0316839/userFiles-061db636-1594-4b02-a7e1-185c856bc239/org.apache.spark_spark-sql-kafka-0-10_2.12-3.5.0.jar
[2024-06-27T20:29:20.957+0000] {docker.py:413} INFO - 24/06/27 20:29:20 INFO SparkContext: Added file file:///opt/bitnami/spark/.ivy2/jars/org.checkerframework_checker-qual-3.5.0.jar at file:///opt/bitnami/spark/.ivy2/jars/org.checkerframework_checker-qual-3.5.0.jar with timestamp 1719520160610
[2024-06-27T20:29:20.957+0000] {docker.py:413} INFO - 24/06/27 20:29:20 INFO Utils: Copying /opt/bitnami/spark/.ivy2/jars/org.checkerframework_checker-qual-3.5.0.jar to /tmp/spark-d5d04551-528e-46e8-bf4e-ccc1d0316839/userFiles-061db636-1594-4b02-a7e1-185c856bc239/org.checkerframework_checker-qual-3.5.0.jar
[2024-06-27T20:29:20.958+0000] {docker.py:413} INFO - 24/06/27 20:29:20 INFO SparkContext: Added file file:///opt/bitnami/spark/.ivy2/jars/org.apache.spark_spark-token-provider-kafka-0-10_2.12-3.5.0.jar at file:///opt/bitnami/spark/.ivy2/jars/org.apache.spark_spark-token-provider-kafka-0-10_2.12-3.5.0.jar with timestamp 1719520160610
[2024-06-27T20:29:20.959+0000] {docker.py:413} INFO - 24/06/27 20:29:20 INFO Utils: Copying /opt/bitnami/spark/.ivy2/jars/org.apache.spark_spark-token-provider-kafka-0-10_2.12-3.5.0.jar to /tmp/spark-d5d04551-528e-46e8-bf4e-ccc1d0316839/userFiles-061db636-1594-4b02-a7e1-185c856bc239/org.apache.spark_spark-token-provider-kafka-0-10_2.12-3.5.0.jar
[2024-06-27T20:29:20.960+0000] {docker.py:413} INFO - 24/06/27 20:29:20 INFO SparkContext: Added file file:///opt/bitnami/spark/.ivy2/jars/org.apache.kafka_kafka-clients-3.4.1.jar at file:///opt/bitnami/spark/.ivy2/jars/org.apache.kafka_kafka-clients-3.4.1.jar with timestamp 1719520160610
[2024-06-27T20:29:20.960+0000] {docker.py:413} INFO - 24/06/27 20:29:20 INFO Utils: Copying /opt/bitnami/spark/.ivy2/jars/org.apache.kafka_kafka-clients-3.4.1.jar to /tmp/spark-d5d04551-528e-46e8-bf4e-ccc1d0316839/userFiles-061db636-1594-4b02-a7e1-185c856bc239/org.apache.kafka_kafka-clients-3.4.1.jar
[2024-06-27T20:29:20.963+0000] {docker.py:413} INFO - 24/06/27 20:29:20 INFO SparkContext: Added file file:///opt/bitnami/spark/.ivy2/jars/com.google.code.findbugs_jsr305-3.0.0.jar at file:///opt/bitnami/spark/.ivy2/jars/com.google.code.findbugs_jsr305-3.0.0.jar with timestamp 1719520160610
24/06/27 20:29:20 INFO Utils: Copying /opt/bitnami/spark/.ivy2/jars/com.google.code.findbugs_jsr305-3.0.0.jar to /tmp/spark-d5d04551-528e-46e8-bf4e-ccc1d0316839/userFiles-061db636-1594-4b02-a7e1-185c856bc239/com.google.code.findbugs_jsr305-3.0.0.jar
[2024-06-27T20:29:20.964+0000] {docker.py:413} INFO - 24/06/27 20:29:20 INFO SparkContext: Added file file:///opt/bitnami/spark/.ivy2/jars/org.apache.commons_commons-pool2-2.11.1.jar at file:///opt/bitnami/spark/.ivy2/jars/org.apache.commons_commons-pool2-2.11.1.jar with timestamp 1719520160610
[2024-06-27T20:29:20.965+0000] {docker.py:413} INFO - 24/06/27 20:29:20 INFO Utils: Copying /opt/bitnami/spark/.ivy2/jars/org.apache.commons_commons-pool2-2.11.1.jar to /tmp/spark-d5d04551-528e-46e8-bf4e-ccc1d0316839/userFiles-061db636-1594-4b02-a7e1-185c856bc239/org.apache.commons_commons-pool2-2.11.1.jar
[2024-06-27T20:29:20.967+0000] {docker.py:413} INFO - 24/06/27 20:29:20 INFO SparkContext: Added file file:///opt/bitnami/spark/.ivy2/jars/org.apache.hadoop_hadoop-client-runtime-3.3.4.jar at file:///opt/bitnami/spark/.ivy2/jars/org.apache.hadoop_hadoop-client-runtime-3.3.4.jar with timestamp 1719520160610
[2024-06-27T20:29:20.967+0000] {docker.py:413} INFO - 24/06/27 20:29:20 INFO Utils: Copying /opt/bitnami/spark/.ivy2/jars/org.apache.hadoop_hadoop-client-runtime-3.3.4.jar to /tmp/spark-d5d04551-528e-46e8-bf4e-ccc1d0316839/userFiles-061db636-1594-4b02-a7e1-185c856bc239/org.apache.hadoop_hadoop-client-runtime-3.3.4.jar
[2024-06-27T20:29:20.975+0000] {docker.py:413} INFO - 24/06/27 20:29:20 INFO SparkContext: Added file file:///opt/bitnami/spark/.ivy2/jars/org.lz4_lz4-java-1.8.0.jar at file:///opt/bitnami/spark/.ivy2/jars/org.lz4_lz4-java-1.8.0.jar with timestamp 1719520160610
[2024-06-27T20:29:20.976+0000] {docker.py:413} INFO - 24/06/27 20:29:20 INFO Utils: Copying /opt/bitnami/spark/.ivy2/jars/org.lz4_lz4-java-1.8.0.jar to /tmp/spark-d5d04551-528e-46e8-bf4e-ccc1d0316839/userFiles-061db636-1594-4b02-a7e1-185c856bc239/org.lz4_lz4-java-1.8.0.jar
[2024-06-27T20:29:20.977+0000] {docker.py:413} INFO - 24/06/27 20:29:20 INFO SparkContext: Added file file:///opt/bitnami/spark/.ivy2/jars/org.xerial.snappy_snappy-java-1.1.10.3.jar at file:///opt/bitnami/spark/.ivy2/jars/org.xerial.snappy_snappy-java-1.1.10.3.jar with timestamp 1719520160610
[2024-06-27T20:29:20.977+0000] {docker.py:413} INFO - 24/06/27 20:29:20 INFO Utils: Copying /opt/bitnami/spark/.ivy2/jars/org.xerial.snappy_snappy-java-1.1.10.3.jar to /tmp/spark-d5d04551-528e-46e8-bf4e-ccc1d0316839/userFiles-061db636-1594-4b02-a7e1-185c856bc239/org.xerial.snappy_snappy-java-1.1.10.3.jar
[2024-06-27T20:29:20.979+0000] {docker.py:413} INFO - 24/06/27 20:29:20 INFO SparkContext: Added file file:///opt/bitnami/spark/.ivy2/jars/org.slf4j_slf4j-api-2.0.7.jar at file:///opt/bitnami/spark/.ivy2/jars/org.slf4j_slf4j-api-2.0.7.jar with timestamp 1719520160610
[2024-06-27T20:29:20.980+0000] {docker.py:413} INFO - 24/06/27 20:29:20 INFO Utils: Copying /opt/bitnami/spark/.ivy2/jars/org.slf4j_slf4j-api-2.0.7.jar to /tmp/spark-d5d04551-528e-46e8-bf4e-ccc1d0316839/userFiles-061db636-1594-4b02-a7e1-185c856bc239/org.slf4j_slf4j-api-2.0.7.jar
[2024-06-27T20:29:20.981+0000] {docker.py:413} INFO - 24/06/27 20:29:20 INFO SparkContext: Added file file:///opt/bitnami/spark/.ivy2/jars/org.apache.hadoop_hadoop-client-api-3.3.4.jar at file:///opt/bitnami/spark/.ivy2/jars/org.apache.hadoop_hadoop-client-api-3.3.4.jar with timestamp 1719520160610
[2024-06-27T20:29:20.981+0000] {docker.py:413} INFO - 24/06/27 20:29:20 INFO Utils: Copying /opt/bitnami/spark/.ivy2/jars/org.apache.hadoop_hadoop-client-api-3.3.4.jar to /tmp/spark-d5d04551-528e-46e8-bf4e-ccc1d0316839/userFiles-061db636-1594-4b02-a7e1-185c856bc239/org.apache.hadoop_hadoop-client-api-3.3.4.jar
[2024-06-27T20:29:20.987+0000] {docker.py:413} INFO - 24/06/27 20:29:20 INFO SparkContext: Added file file:///opt/bitnami/spark/.ivy2/jars/commons-logging_commons-logging-1.1.3.jar at file:///opt/bitnami/spark/.ivy2/jars/commons-logging_commons-logging-1.1.3.jar with timestamp 1719520160610
[2024-06-27T20:29:20.987+0000] {docker.py:413} INFO - 24/06/27 20:29:20 INFO Utils: Copying /opt/bitnami/spark/.ivy2/jars/commons-logging_commons-logging-1.1.3.jar to /tmp/spark-d5d04551-528e-46e8-bf4e-ccc1d0316839/userFiles-061db636-1594-4b02-a7e1-185c856bc239/commons-logging_commons-logging-1.1.3.jar
[2024-06-27T20:29:21.026+0000] {docker.py:413} INFO - 24/06/27 20:29:21 INFO Executor: Starting executor ID driver on host localhost
[2024-06-27T20:29:21.026+0000] {docker.py:413} INFO - 24/06/27 20:29:21 INFO Executor: OS info Linux, 6.6.12-linuxkit, aarch64
[2024-06-27T20:29:21.027+0000] {docker.py:413} INFO - 24/06/27 20:29:21 INFO Executor: Java version 17.0.10
[2024-06-27T20:29:21.030+0000] {docker.py:413} INFO - 24/06/27 20:29:21 INFO Executor: Starting executor with user classpath (userClassPathFirst = false): ''
[2024-06-27T20:29:21.031+0000] {docker.py:413} INFO - 24/06/27 20:29:21 INFO Executor: Created or updated repl class loader org.apache.spark.util.MutableURLClassLoader@29e90754 for default.
[2024-06-27T20:29:21.037+0000] {docker.py:413} INFO - 24/06/27 20:29:21 INFO Executor: Fetching file:///opt/bitnami/spark/.ivy2/jars/org.apache.spark_spark-token-provider-kafka-0-10_2.12-3.5.0.jar with timestamp 1719520160610
[2024-06-27T20:29:21.046+0000] {docker.py:413} INFO - 24/06/27 20:29:21 INFO Utils: /opt/bitnami/spark/.ivy2/jars/org.apache.spark_spark-token-provider-kafka-0-10_2.12-3.5.0.jar has been previously copied to /tmp/spark-d5d04551-528e-46e8-bf4e-ccc1d0316839/userFiles-061db636-1594-4b02-a7e1-185c856bc239/org.apache.spark_spark-token-provider-kafka-0-10_2.12-3.5.0.jar
[2024-06-27T20:29:21.048+0000] {docker.py:413} INFO - 24/06/27 20:29:21 INFO Executor: Fetching file:///opt/bitnami/spark/.ivy2/jars/org.apache.hadoop_hadoop-client-runtime-3.3.4.jar with timestamp 1719520160610
[2024-06-27T20:29:21.063+0000] {docker.py:413} INFO - 24/06/27 20:29:21 INFO Utils: /opt/bitnami/spark/.ivy2/jars/org.apache.hadoop_hadoop-client-runtime-3.3.4.jar has been previously copied to /tmp/spark-d5d04551-528e-46e8-bf4e-ccc1d0316839/userFiles-061db636-1594-4b02-a7e1-185c856bc239/org.apache.hadoop_hadoop-client-runtime-3.3.4.jar
[2024-06-27T20:29:21.064+0000] {docker.py:413} INFO - 24/06/27 20:29:21 INFO Executor: Fetching file:///opt/bitnami/spark/.ivy2/jars/org.apache.commons_commons-pool2-2.11.1.jar with timestamp 1719520160610
[2024-06-27T20:29:21.064+0000] {docker.py:413} INFO - 24/06/27 20:29:21 INFO Utils: /opt/bitnami/spark/.ivy2/jars/org.apache.commons_commons-pool2-2.11.1.jar has been previously copied to /tmp/spark-d5d04551-528e-46e8-bf4e-ccc1d0316839/userFiles-061db636-1594-4b02-a7e1-185c856bc239/org.apache.commons_commons-pool2-2.11.1.jar
[2024-06-27T20:29:21.066+0000] {docker.py:413} INFO - 24/06/27 20:29:21 INFO Executor: Fetching file:///opt/bitnami/spark/.ivy2/jars/org.postgresql_postgresql-42.5.4.jar with timestamp 1719520160610
[2024-06-27T20:29:21.066+0000] {docker.py:413} INFO - 24/06/27 20:29:21 INFO Utils: /opt/bitnami/spark/.ivy2/jars/org.postgresql_postgresql-42.5.4.jar has been previously copied to /tmp/spark-d5d04551-528e-46e8-bf4e-ccc1d0316839/userFiles-061db636-1594-4b02-a7e1-185c856bc239/org.postgresql_postgresql-42.5.4.jar
[2024-06-27T20:29:21.068+0000] {docker.py:413} INFO - 24/06/27 20:29:21 INFO Executor: Fetching file:///opt/bitnami/spark/.ivy2/jars/org.slf4j_slf4j-api-2.0.7.jar with timestamp 1719520160610
[2024-06-27T20:29:21.068+0000] {docker.py:413} INFO - 24/06/27 20:29:21 INFO Utils: /opt/bitnami/spark/.ivy2/jars/org.slf4j_slf4j-api-2.0.7.jar has been previously copied to /tmp/spark-d5d04551-528e-46e8-bf4e-ccc1d0316839/userFiles-061db636-1594-4b02-a7e1-185c856bc239/org.slf4j_slf4j-api-2.0.7.jar
[2024-06-27T20:29:21.069+0000] {docker.py:413} INFO - 24/06/27 20:29:21 INFO Executor: Fetching file:///opt/bitnami/spark/.ivy2/jars/org.apache.kafka_kafka-clients-3.4.1.jar with timestamp 1719520160610
[2024-06-27T20:29:21.071+0000] {docker.py:413} INFO - 24/06/27 20:29:21 INFO Utils: /opt/bitnami/spark/.ivy2/jars/org.apache.kafka_kafka-clients-3.4.1.jar has been previously copied to /tmp/spark-d5d04551-528e-46e8-bf4e-ccc1d0316839/userFiles-061db636-1594-4b02-a7e1-185c856bc239/org.apache.kafka_kafka-clients-3.4.1.jar
[2024-06-27T20:29:21.073+0000] {docker.py:413} INFO - 24/06/27 20:29:21 INFO Executor: Fetching file:///opt/bitnami/spark/.ivy2/jars/com.google.code.findbugs_jsr305-3.0.0.jar with timestamp 1719520160610
[2024-06-27T20:29:21.073+0000] {docker.py:413} INFO - 24/06/27 20:29:21 INFO Utils: /opt/bitnami/spark/.ivy2/jars/com.google.code.findbugs_jsr305-3.0.0.jar has been previously copied to /tmp/spark-d5d04551-528e-46e8-bf4e-ccc1d0316839/userFiles-061db636-1594-4b02-a7e1-185c856bc239/com.google.code.findbugs_jsr305-3.0.0.jar
[2024-06-27T20:29:21.074+0000] {docker.py:413} INFO - 24/06/27 20:29:21 INFO Executor: Fetching file:///opt/bitnami/spark/.ivy2/jars/org.lz4_lz4-java-1.8.0.jar with timestamp 1719520160610
[2024-06-27T20:29:21.075+0000] {docker.py:413} INFO - 24/06/27 20:29:21 INFO Utils: /opt/bitnami/spark/.ivy2/jars/org.lz4_lz4-java-1.8.0.jar has been previously copied to /tmp/spark-d5d04551-528e-46e8-bf4e-ccc1d0316839/userFiles-061db636-1594-4b02-a7e1-185c856bc239/org.lz4_lz4-java-1.8.0.jar
[2024-06-27T20:29:21.076+0000] {docker.py:413} INFO - 24/06/27 20:29:21 INFO Executor: Fetching file:///opt/bitnami/spark/.ivy2/jars/org.apache.spark_spark-sql-kafka-0-10_2.12-3.5.0.jar with timestamp 1719520160610
[2024-06-27T20:29:21.076+0000] {docker.py:413} INFO - 24/06/27 20:29:21 INFO Utils: /opt/bitnami/spark/.ivy2/jars/org.apache.spark_spark-sql-kafka-0-10_2.12-3.5.0.jar has been previously copied to /tmp/spark-d5d04551-528e-46e8-bf4e-ccc1d0316839/userFiles-061db636-1594-4b02-a7e1-185c856bc239/org.apache.spark_spark-sql-kafka-0-10_2.12-3.5.0.jar
[2024-06-27T20:29:21.078+0000] {docker.py:413} INFO - 24/06/27 20:29:21 INFO Executor: Fetching file:///opt/bitnami/spark/.ivy2/jars/org.apache.hadoop_hadoop-client-api-3.3.4.jar with timestamp 1719520160610
[2024-06-27T20:29:21.085+0000] {docker.py:413} INFO - 24/06/27 20:29:21 INFO Utils: /opt/bitnami/spark/.ivy2/jars/org.apache.hadoop_hadoop-client-api-3.3.4.jar has been previously copied to /tmp/spark-d5d04551-528e-46e8-bf4e-ccc1d0316839/userFiles-061db636-1594-4b02-a7e1-185c856bc239/org.apache.hadoop_hadoop-client-api-3.3.4.jar
[2024-06-27T20:29:21.086+0000] {docker.py:413} INFO - 24/06/27 20:29:21 INFO Executor: Fetching file:///opt/bitnami/spark/.ivy2/jars/commons-logging_commons-logging-1.1.3.jar with timestamp 1719520160610
[2024-06-27T20:29:21.086+0000] {docker.py:413} INFO - 24/06/27 20:29:21 INFO Utils: /opt/bitnami/spark/.ivy2/jars/commons-logging_commons-logging-1.1.3.jar has been previously copied to /tmp/spark-d5d04551-528e-46e8-bf4e-ccc1d0316839/userFiles-061db636-1594-4b02-a7e1-185c856bc239/commons-logging_commons-logging-1.1.3.jar
[2024-06-27T20:29:21.088+0000] {docker.py:413} INFO - 24/06/27 20:29:21 INFO Executor: Fetching file:///opt/bitnami/spark/.ivy2/jars/org.checkerframework_checker-qual-3.5.0.jar with timestamp 1719520160610
[2024-06-27T20:29:21.088+0000] {docker.py:413} INFO - 24/06/27 20:29:21 INFO Utils: /opt/bitnami/spark/.ivy2/jars/org.checkerframework_checker-qual-3.5.0.jar has been previously copied to /tmp/spark-d5d04551-528e-46e8-bf4e-ccc1d0316839/userFiles-061db636-1594-4b02-a7e1-185c856bc239/org.checkerframework_checker-qual-3.5.0.jar
[2024-06-27T20:29:21.089+0000] {docker.py:413} INFO - 24/06/27 20:29:21 INFO Executor: Fetching file:///opt/bitnami/spark/.ivy2/jars/org.xerial.snappy_snappy-java-1.1.10.3.jar with timestamp 1719520160610
[2024-06-27T20:29:21.090+0000] {docker.py:413} INFO - 24/06/27 20:29:21 INFO Utils: /opt/bitnami/spark/.ivy2/jars/org.xerial.snappy_snappy-java-1.1.10.3.jar has been previously copied to /tmp/spark-d5d04551-528e-46e8-bf4e-ccc1d0316839/userFiles-061db636-1594-4b02-a7e1-185c856bc239/org.xerial.snappy_snappy-java-1.1.10.3.jar
[2024-06-27T20:29:21.092+0000] {docker.py:413} INFO - 24/06/27 20:29:21 INFO Executor: Fetching spark://localhost:36965/jars/commons-logging_commons-logging-1.1.3.jar with timestamp 1719520160610
[2024-06-27T20:29:21.115+0000] {docker.py:413} INFO - 24/06/27 20:29:21 INFO TransportClientFactory: Successfully created connection to localhost/127.0.0.1:36965 after 16 ms (0 ms spent in bootstraps)
[2024-06-27T20:29:21.117+0000] {docker.py:413} INFO - 24/06/27 20:29:21 INFO Utils: Fetching spark://localhost:36965/jars/commons-logging_commons-logging-1.1.3.jar to /tmp/spark-d5d04551-528e-46e8-bf4e-ccc1d0316839/userFiles-061db636-1594-4b02-a7e1-185c856bc239/fetchFileTemp14482197395603849625.tmp
[2024-06-27T20:29:21.131+0000] {docker.py:413} INFO - 24/06/27 20:29:21 INFO Utils: /tmp/spark-d5d04551-528e-46e8-bf4e-ccc1d0316839/userFiles-061db636-1594-4b02-a7e1-185c856bc239/fetchFileTemp14482197395603849625.tmp has been previously copied to /tmp/spark-d5d04551-528e-46e8-bf4e-ccc1d0316839/userFiles-061db636-1594-4b02-a7e1-185c856bc239/commons-logging_commons-logging-1.1.3.jar
[2024-06-27T20:29:21.133+0000] {docker.py:413} INFO - 24/06/27 20:29:21 INFO Executor: Adding file:/tmp/spark-d5d04551-528e-46e8-bf4e-ccc1d0316839/userFiles-061db636-1594-4b02-a7e1-185c856bc239/commons-logging_commons-logging-1.1.3.jar to class loader default
[2024-06-27T20:29:21.133+0000] {docker.py:413} INFO - 24/06/27 20:29:21 INFO Executor: Fetching spark://localhost:36965/jars/org.lz4_lz4-java-1.8.0.jar with timestamp 1719520160610
[2024-06-27T20:29:21.134+0000] {docker.py:413} INFO - 24/06/27 20:29:21 INFO Utils: Fetching spark://localhost:36965/jars/org.lz4_lz4-java-1.8.0.jar to /tmp/spark-d5d04551-528e-46e8-bf4e-ccc1d0316839/userFiles-061db636-1594-4b02-a7e1-185c856bc239/fetchFileTemp9980675010330334268.tmp
[2024-06-27T20:29:21.146+0000] {docker.py:413} INFO - 24/06/27 20:29:21 INFO Utils: /tmp/spark-d5d04551-528e-46e8-bf4e-ccc1d0316839/userFiles-061db636-1594-4b02-a7e1-185c856bc239/fetchFileTemp9980675010330334268.tmp has been previously copied to /tmp/spark-d5d04551-528e-46e8-bf4e-ccc1d0316839/userFiles-061db636-1594-4b02-a7e1-185c856bc239/org.lz4_lz4-java-1.8.0.jar
[2024-06-27T20:29:21.148+0000] {docker.py:413} INFO - 24/06/27 20:29:21 INFO Executor: Adding file:/tmp/spark-d5d04551-528e-46e8-bf4e-ccc1d0316839/userFiles-061db636-1594-4b02-a7e1-185c856bc239/org.lz4_lz4-java-1.8.0.jar to class loader default
[2024-06-27T20:29:21.148+0000] {docker.py:413} INFO - 24/06/27 20:29:21 INFO Executor: Fetching spark://localhost:36965/jars/org.postgresql_postgresql-42.5.4.jar with timestamp 1719520160610
[2024-06-27T20:29:21.149+0000] {docker.py:413} INFO - 24/06/27 20:29:21 INFO Utils: Fetching spark://localhost:36965/jars/org.postgresql_postgresql-42.5.4.jar to /tmp/spark-d5d04551-528e-46e8-bf4e-ccc1d0316839/userFiles-061db636-1594-4b02-a7e1-185c856bc239/fetchFileTemp10998621122664225470.tmp
[2024-06-27T20:29:21.151+0000] {docker.py:413} INFO - 24/06/27 20:29:21 INFO Utils: /tmp/spark-d5d04551-528e-46e8-bf4e-ccc1d0316839/userFiles-061db636-1594-4b02-a7e1-185c856bc239/fetchFileTemp10998621122664225470.tmp has been previously copied to /tmp/spark-d5d04551-528e-46e8-bf4e-ccc1d0316839/userFiles-061db636-1594-4b02-a7e1-185c856bc239/org.postgresql_postgresql-42.5.4.jar
[2024-06-27T20:29:21.153+0000] {docker.py:413} INFO - 24/06/27 20:29:21 INFO Executor: Adding file:/tmp/spark-d5d04551-528e-46e8-bf4e-ccc1d0316839/userFiles-061db636-1594-4b02-a7e1-185c856bc239/org.postgresql_postgresql-42.5.4.jar to class loader default
[2024-06-27T20:29:21.153+0000] {docker.py:413} INFO - 24/06/27 20:29:21 INFO Executor: Fetching spark://localhost:36965/jars/org.apache.commons_commons-pool2-2.11.1.jar with timestamp 1719520160610
[2024-06-27T20:29:21.153+0000] {docker.py:413} INFO - 24/06/27 20:29:21 INFO Utils: Fetching spark://localhost:36965/jars/org.apache.commons_commons-pool2-2.11.1.jar to /tmp/spark-d5d04551-528e-46e8-bf4e-ccc1d0316839/userFiles-061db636-1594-4b02-a7e1-185c856bc239/fetchFileTemp10226843598029247412.tmp
[2024-06-27T20:29:21.154+0000] {docker.py:413} INFO - 24/06/27 20:29:21 INFO Utils: /tmp/spark-d5d04551-528e-46e8-bf4e-ccc1d0316839/userFiles-061db636-1594-4b02-a7e1-185c856bc239/fetchFileTemp10226843598029247412.tmp has been previously copied to /tmp/spark-d5d04551-528e-46e8-bf4e-ccc1d0316839/userFiles-061db636-1594-4b02-a7e1-185c856bc239/org.apache.commons_commons-pool2-2.11.1.jar
[2024-06-27T20:29:21.156+0000] {docker.py:413} INFO - 24/06/27 20:29:21 INFO Executor: Adding file:/tmp/spark-d5d04551-528e-46e8-bf4e-ccc1d0316839/userFiles-061db636-1594-4b02-a7e1-185c856bc239/org.apache.commons_commons-pool2-2.11.1.jar to class loader default
[2024-06-27T20:29:21.156+0000] {docker.py:413} INFO - 24/06/27 20:29:21 INFO Executor: Fetching spark://localhost:36965/jars/org.slf4j_slf4j-api-2.0.7.jar with timestamp 1719520160610
[2024-06-27T20:29:21.157+0000] {docker.py:413} INFO - 24/06/27 20:29:21 INFO Utils: Fetching spark://localhost:36965/jars/org.slf4j_slf4j-api-2.0.7.jar to /tmp/spark-d5d04551-528e-46e8-bf4e-ccc1d0316839/userFiles-061db636-1594-4b02-a7e1-185c856bc239/fetchFileTemp4070186517922882100.tmp
[2024-06-27T20:29:21.157+0000] {docker.py:413} INFO - 24/06/27 20:29:21 INFO Utils: /tmp/spark-d5d04551-528e-46e8-bf4e-ccc1d0316839/userFiles-061db636-1594-4b02-a7e1-185c856bc239/fetchFileTemp4070186517922882100.tmp has been previously copied to /tmp/spark-d5d04551-528e-46e8-bf4e-ccc1d0316839/userFiles-061db636-1594-4b02-a7e1-185c856bc239/org.slf4j_slf4j-api-2.0.7.jar
[2024-06-27T20:29:21.159+0000] {docker.py:413} INFO - 24/06/27 20:29:21 INFO Executor: Adding file:/tmp/spark-d5d04551-528e-46e8-bf4e-ccc1d0316839/userFiles-061db636-1594-4b02-a7e1-185c856bc239/org.slf4j_slf4j-api-2.0.7.jar to class loader default
[2024-06-27T20:29:21.159+0000] {docker.py:413} INFO - 24/06/27 20:29:21 INFO Executor: Fetching spark://localhost:36965/jars/org.apache.hadoop_hadoop-client-runtime-3.3.4.jar with timestamp 1719520160610
[2024-06-27T20:29:21.160+0000] {docker.py:413} INFO - 24/06/27 20:29:21 INFO Utils: Fetching spark://localhost:36965/jars/org.apache.hadoop_hadoop-client-runtime-3.3.4.jar to /tmp/spark-d5d04551-528e-46e8-bf4e-ccc1d0316839/userFiles-061db636-1594-4b02-a7e1-185c856bc239/fetchFileTemp8057667591550411709.tmp
[2024-06-27T20:29:21.210+0000] {docker.py:413} INFO - 24/06/27 20:29:21 INFO Utils: /tmp/spark-d5d04551-528e-46e8-bf4e-ccc1d0316839/userFiles-061db636-1594-4b02-a7e1-185c856bc239/fetchFileTemp8057667591550411709.tmp has been previously copied to /tmp/spark-d5d04551-528e-46e8-bf4e-ccc1d0316839/userFiles-061db636-1594-4b02-a7e1-185c856bc239/org.apache.hadoop_hadoop-client-runtime-3.3.4.jar
[2024-06-27T20:29:21.214+0000] {docker.py:413} INFO - 24/06/27 20:29:21 INFO Executor: Adding file:/tmp/spark-d5d04551-528e-46e8-bf4e-ccc1d0316839/userFiles-061db636-1594-4b02-a7e1-185c856bc239/org.apache.hadoop_hadoop-client-runtime-3.3.4.jar to class loader default
[2024-06-27T20:29:21.214+0000] {docker.py:413} INFO - 24/06/27 20:29:21 INFO Executor: Fetching spark://localhost:36965/jars/org.xerial.snappy_snappy-java-1.1.10.3.jar with timestamp 1719520160610
[2024-06-27T20:29:21.214+0000] {docker.py:413} INFO - 24/06/27 20:29:21 INFO Utils: Fetching spark://localhost:36965/jars/org.xerial.snappy_snappy-java-1.1.10.3.jar to /tmp/spark-d5d04551-528e-46e8-bf4e-ccc1d0316839/userFiles-061db636-1594-4b02-a7e1-185c856bc239/fetchFileTemp13850429534697678754.tmp
[2024-06-27T20:29:21.219+0000] {docker.py:413} INFO - 24/06/27 20:29:21 INFO Utils: /tmp/spark-d5d04551-528e-46e8-bf4e-ccc1d0316839/userFiles-061db636-1594-4b02-a7e1-185c856bc239/fetchFileTemp13850429534697678754.tmp has been previously copied to /tmp/spark-d5d04551-528e-46e8-bf4e-ccc1d0316839/userFiles-061db636-1594-4b02-a7e1-185c856bc239/org.xerial.snappy_snappy-java-1.1.10.3.jar
[2024-06-27T20:29:21.220+0000] {docker.py:413} INFO - 24/06/27 20:29:21 INFO Executor: Adding file:/tmp/spark-d5d04551-528e-46e8-bf4e-ccc1d0316839/userFiles-061db636-1594-4b02-a7e1-185c856bc239/org.xerial.snappy_snappy-java-1.1.10.3.jar to class loader default
[2024-06-27T20:29:21.221+0000] {docker.py:413} INFO - 24/06/27 20:29:21 INFO Executor: Fetching spark://localhost:36965/jars/com.google.code.findbugs_jsr305-3.0.0.jar with timestamp 1719520160610
[2024-06-27T20:29:21.221+0000] {docker.py:413} INFO - 24/06/27 20:29:21 INFO Utils: Fetching spark://localhost:36965/jars/com.google.code.findbugs_jsr305-3.0.0.jar to /tmp/spark-d5d04551-528e-46e8-bf4e-ccc1d0316839/userFiles-061db636-1594-4b02-a7e1-185c856bc239/fetchFileTemp16365393255596424223.tmp
[2024-06-27T20:29:21.221+0000] {docker.py:413} INFO - 24/06/27 20:29:21 INFO Utils: /tmp/spark-d5d04551-528e-46e8-bf4e-ccc1d0316839/userFiles-061db636-1594-4b02-a7e1-185c856bc239/fetchFileTemp16365393255596424223.tmp has been previously copied to /tmp/spark-d5d04551-528e-46e8-bf4e-ccc1d0316839/userFiles-061db636-1594-4b02-a7e1-185c856bc239/com.google.code.findbugs_jsr305-3.0.0.jar
[2024-06-27T20:29:21.223+0000] {docker.py:413} INFO - 24/06/27 20:29:21 INFO Executor: Adding file:/tmp/spark-d5d04551-528e-46e8-bf4e-ccc1d0316839/userFiles-061db636-1594-4b02-a7e1-185c856bc239/com.google.code.findbugs_jsr305-3.0.0.jar to class loader default
[2024-06-27T20:29:21.223+0000] {docker.py:413} INFO - 24/06/27 20:29:21 INFO Executor: Fetching spark://localhost:36965/jars/org.apache.spark_spark-sql-kafka-0-10_2.12-3.5.0.jar with timestamp 1719520160610
[2024-06-27T20:29:21.224+0000] {docker.py:413} INFO - 24/06/27 20:29:21 INFO Utils: Fetching spark://localhost:36965/jars/org.apache.spark_spark-sql-kafka-0-10_2.12-3.5.0.jar to /tmp/spark-d5d04551-528e-46e8-bf4e-ccc1d0316839/userFiles-061db636-1594-4b02-a7e1-185c856bc239/fetchFileTemp17357482978610484249.tmp
[2024-06-27T20:29:21.224+0000] {docker.py:413} INFO - 24/06/27 20:29:21 INFO Utils: /tmp/spark-d5d04551-528e-46e8-bf4e-ccc1d0316839/userFiles-061db636-1594-4b02-a7e1-185c856bc239/fetchFileTemp17357482978610484249.tmp has been previously copied to /tmp/spark-d5d04551-528e-46e8-bf4e-ccc1d0316839/userFiles-061db636-1594-4b02-a7e1-185c856bc239/org.apache.spark_spark-sql-kafka-0-10_2.12-3.5.0.jar
[2024-06-27T20:29:21.225+0000] {docker.py:413} INFO - 24/06/27 20:29:21 INFO Executor: Adding file:/tmp/spark-d5d04551-528e-46e8-bf4e-ccc1d0316839/userFiles-061db636-1594-4b02-a7e1-185c856bc239/org.apache.spark_spark-sql-kafka-0-10_2.12-3.5.0.jar to class loader default
24/06/27 20:29:21 INFO Executor: Fetching spark://localhost:36965/jars/org.apache.spark_spark-token-provider-kafka-0-10_2.12-3.5.0.jar with timestamp 1719520160610
[2024-06-27T20:29:21.226+0000] {docker.py:413} INFO - 24/06/27 20:29:21 INFO Utils: Fetching spark://localhost:36965/jars/org.apache.spark_spark-token-provider-kafka-0-10_2.12-3.5.0.jar to /tmp/spark-d5d04551-528e-46e8-bf4e-ccc1d0316839/userFiles-061db636-1594-4b02-a7e1-185c856bc239/fetchFileTemp2456545973634251313.tmp
[2024-06-27T20:29:21.227+0000] {docker.py:413} INFO - 24/06/27 20:29:21 INFO Utils: /tmp/spark-d5d04551-528e-46e8-bf4e-ccc1d0316839/userFiles-061db636-1594-4b02-a7e1-185c856bc239/fetchFileTemp2456545973634251313.tmp has been previously copied to /tmp/spark-d5d04551-528e-46e8-bf4e-ccc1d0316839/userFiles-061db636-1594-4b02-a7e1-185c856bc239/org.apache.spark_spark-token-provider-kafka-0-10_2.12-3.5.0.jar
[2024-06-27T20:29:21.228+0000] {docker.py:413} INFO - 24/06/27 20:29:21 INFO Executor: Adding file:/tmp/spark-d5d04551-528e-46e8-bf4e-ccc1d0316839/userFiles-061db636-1594-4b02-a7e1-185c856bc239/org.apache.spark_spark-token-provider-kafka-0-10_2.12-3.5.0.jar to class loader default
[2024-06-27T20:29:21.228+0000] {docker.py:413} INFO - 24/06/27 20:29:21 INFO Executor: Fetching spark://localhost:36965/jars/org.checkerframework_checker-qual-3.5.0.jar with timestamp 1719520160610
[2024-06-27T20:29:21.228+0000] {docker.py:413} INFO - 24/06/27 20:29:21 INFO Utils: Fetching spark://localhost:36965/jars/org.checkerframework_checker-qual-3.5.0.jar to /tmp/spark-d5d04551-528e-46e8-bf4e-ccc1d0316839/userFiles-061db636-1594-4b02-a7e1-185c856bc239/fetchFileTemp14311482080257359384.tmp
[2024-06-27T20:29:21.230+0000] {docker.py:413} INFO - 24/06/27 20:29:21 INFO Utils: /tmp/spark-d5d04551-528e-46e8-bf4e-ccc1d0316839/userFiles-061db636-1594-4b02-a7e1-185c856bc239/fetchFileTemp14311482080257359384.tmp has been previously copied to /tmp/spark-d5d04551-528e-46e8-bf4e-ccc1d0316839/userFiles-061db636-1594-4b02-a7e1-185c856bc239/org.checkerframework_checker-qual-3.5.0.jar
[2024-06-27T20:29:21.231+0000] {docker.py:413} INFO - 24/06/27 20:29:21 INFO Executor: Adding file:/tmp/spark-d5d04551-528e-46e8-bf4e-ccc1d0316839/userFiles-061db636-1594-4b02-a7e1-185c856bc239/org.checkerframework_checker-qual-3.5.0.jar to class loader default
[2024-06-27T20:29:21.231+0000] {docker.py:413} INFO - 24/06/27 20:29:21 INFO Executor: Fetching spark://localhost:36965/jars/org.apache.kafka_kafka-clients-3.4.1.jar with timestamp 1719520160610
[2024-06-27T20:29:21.232+0000] {docker.py:413} INFO - 24/06/27 20:29:21 INFO Utils: Fetching spark://localhost:36965/jars/org.apache.kafka_kafka-clients-3.4.1.jar to /tmp/spark-d5d04551-528e-46e8-bf4e-ccc1d0316839/userFiles-061db636-1594-4b02-a7e1-185c856bc239/fetchFileTemp11733373569647036661.tmp
[2024-06-27T20:29:21.239+0000] {docker.py:413} INFO - 24/06/27 20:29:21 INFO Utils: /tmp/spark-d5d04551-528e-46e8-bf4e-ccc1d0316839/userFiles-061db636-1594-4b02-a7e1-185c856bc239/fetchFileTemp11733373569647036661.tmp has been previously copied to /tmp/spark-d5d04551-528e-46e8-bf4e-ccc1d0316839/userFiles-061db636-1594-4b02-a7e1-185c856bc239/org.apache.kafka_kafka-clients-3.4.1.jar
[2024-06-27T20:29:21.241+0000] {docker.py:413} INFO - 24/06/27 20:29:21 INFO Executor: Adding file:/tmp/spark-d5d04551-528e-46e8-bf4e-ccc1d0316839/userFiles-061db636-1594-4b02-a7e1-185c856bc239/org.apache.kafka_kafka-clients-3.4.1.jar to class loader default
[2024-06-27T20:29:21.241+0000] {docker.py:413} INFO - 24/06/27 20:29:21 INFO Executor: Fetching spark://localhost:36965/jars/org.apache.hadoop_hadoop-client-api-3.3.4.jar with timestamp 1719520160610
[2024-06-27T20:29:21.242+0000] {docker.py:413} INFO - 24/06/27 20:29:21 INFO Utils: Fetching spark://localhost:36965/jars/org.apache.hadoop_hadoop-client-api-3.3.4.jar to /tmp/spark-d5d04551-528e-46e8-bf4e-ccc1d0316839/userFiles-061db636-1594-4b02-a7e1-185c856bc239/fetchFileTemp9685955583094506229.tmp
[2024-06-27T20:29:21.270+0000] {docker.py:413} INFO - 24/06/27 20:29:21 INFO Utils: /tmp/spark-d5d04551-528e-46e8-bf4e-ccc1d0316839/userFiles-061db636-1594-4b02-a7e1-185c856bc239/fetchFileTemp9685955583094506229.tmp has been previously copied to /tmp/spark-d5d04551-528e-46e8-bf4e-ccc1d0316839/userFiles-061db636-1594-4b02-a7e1-185c856bc239/org.apache.hadoop_hadoop-client-api-3.3.4.jar
[2024-06-27T20:29:21.272+0000] {docker.py:413} INFO - 24/06/27 20:29:21 INFO Executor: Adding file:/tmp/spark-d5d04551-528e-46e8-bf4e-ccc1d0316839/userFiles-061db636-1594-4b02-a7e1-185c856bc239/org.apache.hadoop_hadoop-client-api-3.3.4.jar to class loader default
[2024-06-27T20:29:21.276+0000] {docker.py:413} INFO - 24/06/27 20:29:21 INFO Utils: Successfully started service 'org.apache.spark.network.netty.NettyBlockTransferService' on port 41409.
24/06/27 20:29:21 INFO NettyBlockTransferService: Server created on localhost:41409
[2024-06-27T20:29:21.278+0000] {docker.py:413} INFO - 24/06/27 20:29:21 INFO BlockManager: Using org.apache.spark.storage.RandomBlockReplicationPolicy for block replication policy
[2024-06-27T20:29:21.281+0000] {docker.py:413} INFO - 24/06/27 20:29:21 INFO BlockManagerMaster: Registering BlockManager BlockManagerId(driver, localhost, 41409, None)
[2024-06-27T20:29:21.283+0000] {docker.py:413} INFO - 24/06/27 20:29:21 INFO BlockManagerMasterEndpoint: Registering block manager localhost:41409 with 434.4 MiB RAM, BlockManagerId(driver, localhost, 41409, None)
[2024-06-27T20:29:21.287+0000] {docker.py:413} INFO - 24/06/27 20:29:21 INFO BlockManagerMaster: Registered BlockManager BlockManagerId(driver, localhost, 41409, None)
[2024-06-27T20:29:21.287+0000] {docker.py:413} INFO - 24/06/27 20:29:21 INFO BlockManager: Initialized BlockManager: BlockManagerId(driver, localhost, 41409, None)
[2024-06-27T20:29:21.478+0000] {docker.py:413} INFO - 2024-06-27 20:29:21,477:create_spark_session:INFO:Spark session created successfully
[2024-06-27T20:29:21.482+0000] {docker.py:413} INFO - 24/06/27 20:29:21 INFO SharedState: Setting hive.metastore.warehouse.dir ('null') to the value of spark.sql.warehouse.dir.
[2024-06-27T20:29:21.483+0000] {docker.py:413} INFO - 24/06/27 20:29:21 INFO SharedState: Warehouse path is 'file:/opt/bitnami/spark/spark-warehouse'.
[2024-06-27T20:29:22.204+0000] {docker.py:413} INFO - 2024-06-27 20:29:22,203:create_initial_dataframe:INFO:Initial dataframe created successfully
[2024-06-27T20:29:22.466+0000] {docker.py:413} INFO - Traceback (most recent call last):
  File "/opt/bitnami/spark/spark_streaming.py", line 103, in <module>
[2024-06-27T20:29:22.466+0000] {docker.py:413} INFO - write_to_postgres()
  File "/opt/bitnami/spark/spark_streaming.py", line 99, in write_to_postgres
[2024-06-27T20:29:22.466+0000] {docker.py:413} INFO - start_streaming(df_final, spark=spark)
  File "/opt/bitnami/spark/spark_streaming.py", line 71, in start_streaming
    existing_data_df = spark.read.jdbc(
                       ^^^^^^^^^^^^^^^^
  File "/opt/bitnami/spark/python/lib/pyspark.zip/pyspark/sql/readwriter.py", line 946, in jdbc
[2024-06-27T20:29:22.467+0000] {docker.py:413} INFO - File "/opt/bitnami/spark/python/lib/py4j-0.10.9.7-src.zip/py4j/java_gateway.py", line 1322, in __call__
[2024-06-27T20:29:22.467+0000] {docker.py:413} INFO - File "/opt/bitnami/spark/python/lib/pyspark.zip/pyspark/errors/exceptions/captured.py", line 179, in deco
[2024-06-27T20:29:22.467+0000] {docker.py:413} INFO - File "/opt/bitnami/spark/python/lib/py4j-0.10.9.7-src.zip/py4j/protocol.py", line 326, in get_return_value
[2024-06-27T20:29:22.468+0000] {docker.py:413} INFO - py4j.protocol.Py4JJavaError
[2024-06-27T20:29:22.468+0000] {docker.py:413} INFO - : An error occurred while calling o50.jdbc.
: org.postgresql.util.PSQLException: Connection to host.docker.internal:5432 refused. Check that the hostname and port are correct and that the postmaster is accepting TCP/IP connections.
	at org.postgresql.core.v3.ConnectionFactoryImpl.openConnectionImpl(ConnectionFactoryImpl.java:342)
	at org.postgresql.core.ConnectionFactory.openConnection(ConnectionFactory.java:54)
	at org.postgresql.jdbc.PgConnection.<init>(PgConnection.java:253)
	at org.postgresql.Driver.makeConnection(Driver.java:434)
	at org.postgresql.Driver.connect(Driver.java:291)
	at org.apache.spark.sql.execution.datasources.jdbc.connection.BasicConnectionProvider.getConnection(BasicConnectionProvider.scala:49)
	at org.apache.spark.sql.execution.datasources.jdbc.connection.ConnectionProviderBase.create(ConnectionProvider.scala:102)
	at org.apache.spark.sql.jdbc.JdbcDialect.$anonfun$createConnectionFactory$1(JdbcDialects.scala:160)
	at org.apache.spark.sql.jdbc.JdbcDialect.$anonfun$createConnectionFactory$1$adapted(JdbcDialects.scala:156)
	at org.apache.spark.sql.execution.datasources.jdbc.JDBCRDD$.getQueryOutputSchema(JDBCRDD.scala:63)
	at org.apache.spark.sql.execution.datasources.jdbc.JDBCRDD$.resolveTable(JDBCRDD.scala:58)
	at org.apache.spark.sql.execution.datasources.jdbc.JDBCRelation$.getSchema(JDBCRelation.scala:241)
	at org.apache.spark.sql.execution.datasources.jdbc.JdbcRelationProvider.createRelation(JdbcRelationProvider.scala:37)
	at org.apache.spark.sql.execution.datasources.DataSource.resolveRelation(DataSource.scala:346)
	at org.apache.spark.sql.DataFrameReader.loadV1Source(DataFrameReader.scala:229)
	at org.apache.spark.sql.DataFrameReader.$anonfun$load$2(DataFrameReader.scala:211)
	at scala.Option.getOrElse(Option.scala:189)
	at org.apache.spark.sql.DataFrameReader.load(DataFrameReader.scala:211)
	at org.apache.spark.sql.DataFrameReader.load(DataFrameReader.scala:172)
	at org.apache.spark.sql.DataFrameReader.jdbc(DataFrameReader.scala:249)
	at java.base/jdk.internal.reflect.NativeMethodAccessorImpl.invoke0(Native Method)
	at java.base/jdk.internal.reflect.NativeMethodAccessorImpl.invoke(NativeMethodAccessorImpl.java:77)
	at java.base/jdk.internal.reflect.DelegatingMethodAccessorImpl.invoke(DelegatingMethodAccessorImpl.java:43)
	at java.base/java.lang.reflect.Method.invoke(Method.java:568)
	at py4j.reflection.MethodInvoker.invoke(MethodInvoker.java:244)
	at py4j.reflection.ReflectionEngine.invoke(ReflectionEngine.java:374)
	at py4j.Gateway.invoke(Gateway.java:282)
	at py4j.commands.AbstractCommand.invokeMethod(AbstractCommand.java:132)
	at py4j.commands.CallCommand.execute(CallCommand.java:79)
	at py4j.ClientServerConnection.waitForCommands(ClientServerConnection.java:182)
	at py4j.ClientServerConnection.run(ClientServerConnection.java:106)
	at java.base/java.lang.Thread.run(Thread.java:840)
Caused by: java.net.ConnectException: Connection refused
	at java.base/sun.nio.ch.Net.pollConnect(Native Method)
	at java.base/sun.nio.ch.Net.pollConnectNow(Net.java:672)
	at java.base/sun.nio.ch.NioSocketImpl.timedFinishConnect(NioSocketImpl.java:554)
	at java.base/sun.nio.ch.NioSocketImpl.connect(NioSocketImpl.java:602)
	at java.base/java.net.SocksSocketImpl.connect(SocksSocketImpl.java:327)
	at java.base/java.net.Socket.connect(Socket.java:633)
	at org.postgresql.core.PGStream.createSocket(PGStream.java:243)
	at org.postgresql.core.PGStream.<init>(PGStream.java:98)
	at org.postgresql.core.v3.ConnectionFactoryImpl.tryConnect(ConnectionFactoryImpl.java:132)
	at org.postgresql.core.v3.ConnectionFactoryImpl.openConnectionImpl(ConnectionFactoryImpl.java:258)
	... 31 more
[2024-06-27T20:29:22.468+0000] {docker.py:413} INFO - 2024-06-27 20:29:22,466:close:INFO:Closing down clientserver connection
[2024-06-27T20:29:22.488+0000] {docker.py:413} INFO - 24/06/27 20:29:22 INFO SparkContext: Invoking stop() from shutdown hook
[2024-06-27T20:29:22.488+0000] {docker.py:413} INFO - 24/06/27 20:29:22 INFO SparkContext: SparkContext is stopping with exitCode 0.
[2024-06-27T20:29:22.494+0000] {docker.py:413} INFO - 24/06/27 20:29:22 INFO SparkUI: Stopped Spark web UI at http://localhost:4040
[2024-06-27T20:29:22.500+0000] {docker.py:413} INFO - 24/06/27 20:29:22 INFO MapOutputTrackerMasterEndpoint: MapOutputTrackerMasterEndpoint stopped!
[2024-06-27T20:29:22.507+0000] {docker.py:413} INFO - 24/06/27 20:29:22 INFO MemoryStore: MemoryStore cleared
[2024-06-27T20:29:22.507+0000] {docker.py:413} INFO - 24/06/27 20:29:22 INFO BlockManager: BlockManager stopped
[2024-06-27T20:29:22.510+0000] {docker.py:413} INFO - 24/06/27 20:29:22 INFO BlockManagerMaster: BlockManagerMaster stopped
[2024-06-27T20:29:22.512+0000] {docker.py:413} INFO - 24/06/27 20:29:22 INFO OutputCommitCoordinator$OutputCommitCoordinatorEndpoint: OutputCommitCoordinator stopped!
[2024-06-27T20:29:22.521+0000] {docker.py:413} INFO - 24/06/27 20:29:22 INFO SparkContext: Successfully stopped SparkContext
[2024-06-27T20:29:22.521+0000] {docker.py:413} INFO - 24/06/27 20:29:22 INFO ShutdownHookManager: Shutdown hook called
[2024-06-27T20:29:22.522+0000] {docker.py:413} INFO - 24/06/27 20:29:22 INFO ShutdownHookManager: Deleting directory /tmp/spark-56d60099-f23c-4407-8b67-52a0267a229d
[2024-06-27T20:29:22.524+0000] {docker.py:413} INFO - 24/06/27 20:29:22 INFO ShutdownHookManager: Deleting directory /tmp/spark-d5d04551-528e-46e8-bf4e-ccc1d0316839
[2024-06-27T20:29:22.525+0000] {docker.py:413} INFO - 24/06/27 20:29:22 INFO ShutdownHookManager: Deleting directory /tmp/spark-d5d04551-528e-46e8-bf4e-ccc1d0316839/pyspark-d9b0b8c6-e784-44b5-9be9-980d4e613b1c
[2024-06-27T20:29:22.794+0000] {taskinstance.py:1937} ERROR - Task failed with exception
Traceback (most recent call last):
  File "/home/airflow/.local/lib/python3.8/site-packages/docker/api/client.py", line 268, in _raise_for_status
    response.raise_for_status()
  File "/home/airflow/.local/lib/python3.8/site-packages/requests/models.py", line 1021, in raise_for_status
    raise HTTPError(http_error_msg, response=self)
requests.exceptions.HTTPError: 400 Client Error: Bad Request for url: http://docker-proxy:2375/v1.44/containers/create

The above exception was the direct cause of the following exception:

Traceback (most recent call last):
  File "/home/airflow/.local/lib/python3.8/site-packages/airflow/providers/docker/operators/docker.py", line 348, in _run_image
    return self._run_image_with_mounts([*self.mounts, tmp_mount], add_tmp_variable=True)
  File "/home/airflow/.local/lib/python3.8/site-packages/airflow/providers/docker/operators/docker.py", line 375, in _run_image_with_mounts
    self.container = self.cli.create_container(
  File "/home/airflow/.local/lib/python3.8/site-packages/docker/api/container.py", line 431, in create_container
    return self.create_container_from_config(config, name, platform)
  File "/home/airflow/.local/lib/python3.8/site-packages/docker/api/container.py", line 448, in create_container_from_config
    return self._result(res, True)
  File "/home/airflow/.local/lib/python3.8/site-packages/docker/api/client.py", line 274, in _result
    self._raise_for_status(response)
  File "/home/airflow/.local/lib/python3.8/site-packages/docker/api/client.py", line 270, in _raise_for_status
    raise create_api_error_from_http_exception(e) from e
  File "/home/airflow/.local/lib/python3.8/site-packages/docker/errors.py", line 39, in create_api_error_from_http_exception
    raise cls(e, response=response, explanation=explanation) from e
docker.errors.APIError: 400 Client Error for http://docker-proxy:2375/v1.44/containers/create: Bad Request ("invalid mount config for type "bind": bind source path does not exist: /host_mnt/private/tmp/airflowtmps9qlx_er")

During handling of the above exception, another exception occurred:

Traceback (most recent call last):
  File "/home/airflow/.local/lib/python3.8/site-packages/airflow/providers/docker/operators/docker.py", line 486, in execute
    return self._run_image()
  File "/home/airflow/.local/lib/python3.8/site-packages/airflow/providers/docker/operators/docker.py", line 357, in _run_image
    return self._run_image_with_mounts(self.mounts, add_tmp_variable=False)
  File "/home/airflow/.local/lib/python3.8/site-packages/airflow/providers/docker/operators/docker.py", line 421, in _run_image_with_mounts
    raise DockerContainerFailedException(f"Docker container failed: {result!r}", logs=log_lines)
airflow.providers.docker.exceptions.DockerContainerFailedException: Docker container failed: {'StatusCode': 1}
[2024-06-27T20:29:22.801+0000] {taskinstance.py:1400} INFO - Marking task as FAILED. dag_id=kafka_spark_dag, task_id=pyspark_consumer, execution_date=20240626T185921, start_date=20240627T202913, end_date=20240627T202922
[2024-06-27T20:29:22.818+0000] {standard_task_runner.py:104} ERROR - Failed to execute job 152 for task pyspark_consumer (Docker container failed: {'StatusCode': 1}; 32529)
[2024-06-27T20:29:22.825+0000] {local_task_job_runner.py:228} INFO - Task exited with return code 1
[2024-06-27T20:29:22.838+0000] {taskinstance.py:2778} INFO - 0 downstream tasks scheduled from follow-on schedule check
