[2024-06-27T19:00:18.538+0000] {taskinstance.py:1159} INFO - Dependencies all met for dep_context=non-requeueable deps ti=<TaskInstance: kafka_spark_dag.pyspark_consumer scheduled__2024-06-26T18:59:21.091507+00:00 [queued]>
[2024-06-27T19:00:18.542+0000] {taskinstance.py:1159} INFO - Dependencies all met for dep_context=requeueable deps ti=<TaskInstance: kafka_spark_dag.pyspark_consumer scheduled__2024-06-26T18:59:21.091507+00:00 [queued]>
[2024-06-27T19:00:18.542+0000] {taskinstance.py:1361} INFO - Starting attempt 2 of 2
[2024-06-27T19:00:18.548+0000] {taskinstance.py:1382} INFO - Executing <Task(DockerOperator): pyspark_consumer> on 2024-06-26 18:59:21.091507+00:00
[2024-06-27T19:00:18.551+0000] {standard_task_runner.py:57} INFO - Started process 1644 to run task
[2024-06-27T19:00:18.554+0000] {standard_task_runner.py:84} INFO - Running: ['***', 'tasks', 'run', 'kafka_spark_dag', 'pyspark_consumer', 'scheduled__2024-06-26T18:59:21.091507+00:00', '--job-id', '145', '--raw', '--subdir', 'DAGS_FOLDER/dag_kafka_spark.py', '--cfg-path', '/tmp/tmp_9mwy9yu']
[2024-06-27T19:00:18.555+0000] {standard_task_runner.py:85} INFO - Job 145: Subtask pyspark_consumer
[2024-06-27T19:00:18.578+0000] {task_command.py:416} INFO - Running <TaskInstance: kafka_spark_dag.pyspark_consumer scheduled__2024-06-26T18:59:21.091507+00:00 [running]> on host cd176cdca805
[2024-06-27T19:00:18.610+0000] {taskinstance.py:1662} INFO - Exporting env vars: AIRFLOW_CTX_DAG_OWNER='***' AIRFLOW_CTX_DAG_ID='kafka_spark_dag' AIRFLOW_CTX_TASK_ID='pyspark_consumer' AIRFLOW_CTX_EXECUTION_DATE='2024-06-26T18:59:21.091507+00:00' AIRFLOW_CTX_TRY_NUMBER='2' AIRFLOW_CTX_DAG_RUN_ID='scheduled__2024-06-26T18:59:21.091507+00:00'
[2024-06-27T19:00:18.666+0000] {docker.py:343} INFO - Starting docker container from image current-headlines/spark:latest
[2024-06-27T19:00:18.713+0000] {docker.py:351} WARNING - Using remote engine or docker-in-docker and mounting temporary volume from host is not supported. Falling back to `mount_tmp_dir=False` mode. You can set `mount_tmp_dir` parameter to False to disable mounting and remove the warning
[2024-06-27T19:00:18.897+0000] {docker.py:413} INFO - [38;5;6mspark [38;5;5m19:00:18.89 [0m[38;5;2mINFO [0m ==>
[2024-06-27T19:00:18.897+0000] {docker.py:413} INFO - [38;5;6mspark [38;5;5m19:00:18.89 [0m[38;5;2mINFO [0m ==> [1mWelcome to the Bitnami spark container[0m
[2024-06-27T19:00:18.898+0000] {docker.py:413} INFO - [38;5;6mspark [38;5;5m19:00:18.89 [0m[38;5;2mINFO [0m ==> Subscribe to project updates by watching [1mhttps://github.com/bitnami/containers[0m
[2024-06-27T19:00:18.899+0000] {docker.py:413} INFO - [38;5;6mspark [38;5;5m19:00:18.89 [0m[38;5;2mINFO [0m ==> Submit issues and feature requests at [1mhttps://github.com/bitnami/containers/issues[0m
[2024-06-27T19:00:18.899+0000] {docker.py:413} INFO - [38;5;6mspark [38;5;5m19:00:18.89 [0m[38;5;2mINFO [0m ==>
[2024-06-27T19:00:18.902+0000] {docker.py:413} INFO - 
[2024-06-27T19:00:19.956+0000] {docker.py:413} INFO - :: loading settings :: url = jar:file:/opt/bitnami/spark/jars/ivy-2.5.1.jar!/org/apache/ivy/core/settings/ivysettings.xml
[2024-06-27T19:00:19.992+0000] {docker.py:413} INFO - Ivy Default Cache set to: /opt/bitnami/spark/.ivy2/cache
The jars for the packages stored in: /opt/bitnami/spark/.ivy2/jars
[2024-06-27T19:00:19.995+0000] {docker.py:413} INFO - org.postgresql#postgresql added as a dependency
org.apache.spark#spark-sql-kafka-0-10_2.12 added as a dependency
[2024-06-27T19:00:19.996+0000] {docker.py:413} INFO - :: resolving dependencies :: org.apache.spark#spark-submit-parent-abd4fa9c-b827-433e-b461-37a66c7fe428;1.0
	confs: [default]
[2024-06-27T19:00:20.354+0000] {docker.py:413} INFO - found org.postgresql#postgresql;42.5.4 in central
[2024-06-27T19:00:20.422+0000] {docker.py:413} INFO - found org.checkerframework#checker-qual;3.5.0 in central
[2024-06-27T19:00:21.059+0000] {docker.py:413} INFO - found org.apache.spark#spark-sql-kafka-0-10_2.12;3.5.0 in central
[2024-06-27T19:00:21.247+0000] {docker.py:413} INFO - found org.apache.spark#spark-token-provider-kafka-0-10_2.12;3.5.0 in central
[2024-06-27T19:00:21.304+0000] {docker.py:413} INFO - found org.apache.kafka#kafka-clients;3.4.1 in central
[2024-06-27T19:00:21.361+0000] {docker.py:413} INFO - found org.lz4#lz4-java;1.8.0 in central
[2024-06-27T19:00:21.414+0000] {docker.py:413} INFO - found org.xerial.snappy#snappy-java;1.1.10.3 in central
[2024-06-27T19:00:21.667+0000] {docker.py:413} INFO - found org.slf4j#slf4j-api;2.0.7 in central
[2024-06-27T19:00:22.038+0000] {docker.py:413} INFO - found org.apache.hadoop#hadoop-client-runtime;3.3.4 in central
[2024-06-27T19:00:22.121+0000] {docker.py:413} INFO - found org.apache.hadoop#hadoop-client-api;3.3.4 in central
[2024-06-27T19:00:22.456+0000] {docker.py:413} INFO - found commons-logging#commons-logging;1.1.3 in central
[2024-06-27T19:00:22.509+0000] {docker.py:413} INFO - found com.google.code.findbugs#jsr305;3.0.0 in central
[2024-06-27T19:00:23.042+0000] {docker.py:413} INFO - found org.apache.commons#commons-pool2;2.11.1 in central
[2024-06-27T19:00:23.076+0000] {docker.py:413} INFO - downloading https://repo1.maven.org/maven2/org/postgresql/postgresql/42.5.4/postgresql-42.5.4.jar ...
[2024-06-27T19:00:23.313+0000] {docker.py:413} INFO - [SUCCESSFUL ] org.postgresql#postgresql;42.5.4!postgresql.jar (265ms)
[2024-06-27T19:00:23.334+0000] {docker.py:413} INFO - downloading https://repo1.maven.org/maven2/org/apache/spark/spark-sql-kafka-0-10_2.12/3.5.0/spark-sql-kafka-0-10_2.12-3.5.0.jar ...
[2024-06-27T19:00:23.420+0000] {docker.py:413} INFO - [SUCCESSFUL ] org.apache.spark#spark-sql-kafka-0-10_2.12;3.5.0!spark-sql-kafka-0-10_2.12.jar (105ms)
[2024-06-27T19:00:23.449+0000] {docker.py:413} INFO - downloading https://repo1.maven.org/maven2/org/checkerframework/checker-qual/3.5.0/checker-qual-3.5.0.jar ...
[2024-06-27T19:00:23.498+0000] {docker.py:413} INFO - [SUCCESSFUL ] org.checkerframework#checker-qual;3.5.0!checker-qual.jar (79ms)
[2024-06-27T19:00:23.527+0000] {docker.py:413} INFO - downloading https://repo1.maven.org/maven2/org/apache/spark/spark-token-provider-kafka-0-10_2.12/3.5.0/spark-token-provider-kafka-0-10_2.12-3.5.0.jar ...
[2024-06-27T19:00:23.560+0000] {docker.py:413} INFO - [SUCCESSFUL ] org.apache.spark#spark-token-provider-kafka-0-10_2.12;3.5.0!spark-token-provider-kafka-0-10_2.12.jar (61ms)
[2024-06-27T19:00:23.594+0000] {docker.py:413} INFO - downloading https://repo1.maven.org/maven2/org/apache/kafka/kafka-clients/3.4.1/kafka-clients-3.4.1.jar ...
[2024-06-27T19:00:24.334+0000] {docker.py:413} INFO - [SUCCESSFUL ] org.apache.kafka#kafka-clients;3.4.1!kafka-clients.jar (772ms)
[2024-06-27T19:00:24.359+0000] {docker.py:413} INFO - downloading https://repo1.maven.org/maven2/com/google/code/findbugs/jsr305/3.0.0/jsr305-3.0.0.jar ...
[2024-06-27T19:00:24.386+0000] {docker.py:413} INFO - [SUCCESSFUL ] com.google.code.findbugs#jsr305;3.0.0!jsr305.jar (53ms)
[2024-06-27T19:00:24.408+0000] {docker.py:413} INFO - downloading https://repo1.maven.org/maven2/org/apache/commons/commons-pool2/2.11.1/commons-pool2-2.11.1.jar ...
[2024-06-27T19:00:24.470+0000] {docker.py:413} INFO - [SUCCESSFUL ] org.apache.commons#commons-pool2;2.11.1!commons-pool2.jar (81ms)
[2024-06-27T19:00:24.496+0000] {docker.py:413} INFO - downloading https://repo1.maven.org/maven2/org/apache/hadoop/hadoop-client-runtime/3.3.4/hadoop-client-runtime-3.3.4.jar ...
[2024-06-27T19:00:32.075+0000] {docker.py:413} INFO - [SUCCESSFUL ] org.apache.hadoop#hadoop-client-runtime;3.3.4!hadoop-client-runtime.jar (7605ms)
[2024-06-27T19:00:32.101+0000] {docker.py:413} INFO - downloading https://repo1.maven.org/maven2/org/lz4/lz4-java/1.8.0/lz4-java-1.8.0.jar ...
[2024-06-27T19:00:32.326+0000] {docker.py:413} INFO - [SUCCESSFUL ] org.lz4#lz4-java;1.8.0!lz4-java.jar (251ms)
[2024-06-27T19:00:32.359+0000] {docker.py:413} INFO - downloading https://repo1.maven.org/maven2/org/xerial/snappy/snappy-java/1.1.10.3/snappy-java-1.1.10.3.jar ...
[2024-06-27T19:00:33.060+0000] {docker.py:413} INFO - [SUCCESSFUL ] org.xerial.snappy#snappy-java;1.1.10.3!snappy-java.jar(bundle) (726ms)
[2024-06-27T19:00:33.097+0000] {docker.py:413} INFO - downloading https://repo1.maven.org/maven2/org/slf4j/slf4j-api/2.0.7/slf4j-api-2.0.7.jar ...
[2024-06-27T19:00:33.157+0000] {docker.py:413} INFO - [SUCCESSFUL ] org.slf4j#slf4j-api;2.0.7!slf4j-api.jar (101ms)
[2024-06-27T19:00:33.193+0000] {docker.py:413} INFO - downloading https://repo1.maven.org/maven2/org/apache/hadoop/hadoop-client-api/3.3.4/hadoop-client-api-3.3.4.jar ...
[2024-06-27T19:00:40.210+0000] {docker.py:413} INFO - [SUCCESSFUL ] org.apache.hadoop#hadoop-client-api;3.3.4!hadoop-client-api.jar (7052ms)
[2024-06-27T19:00:40.243+0000] {docker.py:413} INFO - downloading https://repo1.maven.org/maven2/commons-logging/commons-logging/1.1.3/commons-logging-1.1.3.jar ...
[2024-06-27T19:00:40.295+0000] {docker.py:413} INFO - [SUCCESSFUL ] commons-logging#commons-logging;1.1.3!commons-logging.jar (85ms)
[2024-06-27T19:00:40.296+0000] {docker.py:413} INFO - :: resolution report :: resolve 3052ms :: artifacts dl 17247ms
	:: modules in use:
[2024-06-27T19:00:40.296+0000] {docker.py:413} INFO - com.google.code.findbugs#jsr305;3.0.0 from central in [default]
	commons-logging#commons-logging;1.1.3 from central in [default]
	org.apache.commons#commons-pool2;2.11.1 from central in [default]
	org.apache.hadoop#hadoop-client-api;3.3.4 from central in [default]
	org.apache.hadoop#hadoop-client-runtime;3.3.4 from central in [default]
[2024-06-27T19:00:40.297+0000] {docker.py:413} INFO - org.apache.kafka#kafka-clients;3.4.1 from central in [default]
	org.apache.spark#spark-sql-kafka-0-10_2.12;3.5.0 from central in [default]
	org.apache.spark#spark-token-provider-kafka-0-10_2.12;3.5.0 from central in [default]
	org.checkerframework#checker-qual;3.5.0 from central in [default]
	org.lz4#lz4-java;1.8.0 from central in [default]
	org.postgresql#postgresql;42.5.4 from central in [default]
	org.slf4j#slf4j-api;2.0.7 from central in [default]
	org.xerial.snappy#snappy-java;1.1.10.3 from central in [default]
	---------------------------------------------------------------------
	|                  |            modules            ||   artifacts   |
[2024-06-27T19:00:40.297+0000] {docker.py:413} INFO - |       conf       | number| search|dwnlded|evicted|| number|dwnlded|
	---------------------------------------------------------------------
	|      default     |   13  |   13  |   13  |   0   ||   13  |   13  |
	---------------------------------------------------------------------
[2024-06-27T19:00:40.300+0000] {docker.py:413} INFO - :: retrieving :: org.apache.spark#spark-submit-parent-abd4fa9c-b827-433e-b461-37a66c7fe428
	confs: [default]
[2024-06-27T19:00:40.338+0000] {docker.py:413} INFO - 13 artifacts copied, 0 already retrieved (58001kB/39ms)
[2024-06-27T19:00:40.442+0000] {docker.py:413} INFO - 24/06/27 19:00:40 WARN NativeCodeLoader: Unable to load native-hadoop library for your platform... using builtin-java classes where applicable
[2024-06-27T19:00:41.414+0000] {docker.py:413} INFO - 24/06/27 19:00:41 INFO SparkContext: Running Spark version 3.5.0
[2024-06-27T19:00:41.415+0000] {docker.py:413} INFO - 24/06/27 19:00:41 INFO SparkContext: OS info Linux, 6.6.12-linuxkit, aarch64
24/06/27 19:00:41 INFO SparkContext: Java version 17.0.10
[2024-06-27T19:00:41.448+0000] {docker.py:413} INFO - 24/06/27 19:00:41 INFO ResourceUtils: ==============================================================
[2024-06-27T19:00:41.449+0000] {docker.py:413} INFO - 24/06/27 19:00:41 INFO ResourceUtils: No custom resources configured for spark.driver.
[2024-06-27T19:00:41.451+0000] {docker.py:413} INFO - 24/06/27 19:00:41 INFO ResourceUtils: ==============================================================
[2024-06-27T19:00:41.456+0000] {docker.py:413} INFO - 24/06/27 19:00:41 INFO SparkContext: Submitted application: PostgreSQL Connection with PySpark
[2024-06-27T19:00:41.477+0000] {docker.py:413} INFO - 24/06/27 19:00:41 INFO ResourceProfile: Default ResourceProfile created, executor resources: Map(cores -> name: cores, amount: 1, script: , vendor: , memory -> name: memory, amount: 1024, script: , vendor: , offHeap -> name: offHeap, amount: 0, script: , vendor: ), task resources: Map(cpus -> name: cpus, amount: 1.0)
[2024-06-27T19:00:41.482+0000] {docker.py:413} INFO - 24/06/27 19:00:41 INFO ResourceProfile: Limiting resource is cpu
[2024-06-27T19:00:41.483+0000] {docker.py:413} INFO - 24/06/27 19:00:41 INFO ResourceProfileManager: Added ResourceProfile id: 0
[2024-06-27T19:00:41.515+0000] {docker.py:413} INFO - 24/06/27 19:00:41 INFO SecurityManager: Changing view acls to: spark
[2024-06-27T19:00:41.516+0000] {docker.py:413} INFO - 24/06/27 19:00:41 INFO SecurityManager: Changing modify acls to: spark
[2024-06-27T19:00:41.516+0000] {docker.py:413} INFO - 24/06/27 19:00:41 INFO SecurityManager: Changing view acls groups to:
[2024-06-27T19:00:41.517+0000] {docker.py:413} INFO - 24/06/27 19:00:41 INFO SecurityManager: Changing modify acls groups to:
[2024-06-27T19:00:41.517+0000] {docker.py:413} INFO - 24/06/27 19:00:41 INFO SecurityManager: SecurityManager: authentication disabled; ui acls disabled; users with view permissions: spark; groups with view permissions: EMPTY; users with modify permissions: spark; groups with modify permissions: EMPTY
[2024-06-27T19:00:41.650+0000] {docker.py:413} INFO - 24/06/27 19:00:41 INFO Utils: Successfully started service 'sparkDriver' on port 34459.
[2024-06-27T19:00:41.665+0000] {docker.py:413} INFO - 24/06/27 19:00:41 INFO SparkEnv: Registering MapOutputTracker
[2024-06-27T19:00:41.686+0000] {docker.py:413} INFO - 24/06/27 19:00:41 INFO SparkEnv: Registering BlockManagerMaster
[2024-06-27T19:00:41.696+0000] {docker.py:413} INFO - 24/06/27 19:00:41 INFO BlockManagerMasterEndpoint: Using org.apache.spark.storage.DefaultTopologyMapper for getting topology information
[2024-06-27T19:00:41.696+0000] {docker.py:413} INFO - 24/06/27 19:00:41 INFO BlockManagerMasterEndpoint: BlockManagerMasterEndpoint up
[2024-06-27T19:00:41.698+0000] {docker.py:413} INFO - 24/06/27 19:00:41 INFO SparkEnv: Registering BlockManagerMasterHeartbeat
[2024-06-27T19:00:41.712+0000] {docker.py:413} INFO - 24/06/27 19:00:41 INFO DiskBlockManager: Created local directory at /tmp/blockmgr-8d95d450-8ccc-41c4-bad6-3ce343c76e68
[2024-06-27T19:00:41.725+0000] {docker.py:413} INFO - 24/06/27 19:00:41 INFO MemoryStore: MemoryStore started with capacity 434.4 MiB
[2024-06-27T19:00:41.734+0000] {docker.py:413} INFO - 24/06/27 19:00:41 INFO SparkEnv: Registering OutputCommitCoordinator
[2024-06-27T19:00:41.804+0000] {docker.py:413} INFO - 24/06/27 19:00:41 INFO JettyUtils: Start Jetty 0.0.0.0:4040 for SparkUI
[2024-06-27T19:00:41.838+0000] {docker.py:413} INFO - 24/06/27 19:00:41 INFO Utils: Successfully started service 'SparkUI' on port 4040.
[2024-06-27T19:00:41.861+0000] {docker.py:413} INFO - 24/06/27 19:00:41 INFO SparkContext: Added JAR file:///opt/bitnami/spark/.ivy2/jars/org.postgresql_postgresql-42.5.4.jar at spark://localhost:34459/jars/org.postgresql_postgresql-42.5.4.jar with timestamp 1719514841407
[2024-06-27T19:00:41.862+0000] {docker.py:413} INFO - 24/06/27 19:00:41 INFO SparkContext: Added JAR file:///opt/bitnami/spark/.ivy2/jars/org.apache.spark_spark-sql-kafka-0-10_2.12-3.5.0.jar at spark://localhost:34459/jars/org.apache.spark_spark-sql-kafka-0-10_2.12-3.5.0.jar with timestamp 1719514841407
24/06/27 19:00:41 INFO SparkContext: Added JAR file:///opt/bitnami/spark/.ivy2/jars/org.checkerframework_checker-qual-3.5.0.jar at spark://localhost:34459/jars/org.checkerframework_checker-qual-3.5.0.jar with timestamp 1719514841407
24/06/27 19:00:41 INFO SparkContext: Added JAR file:///opt/bitnami/spark/.ivy2/jars/org.apache.spark_spark-token-provider-kafka-0-10_2.12-3.5.0.jar at spark://localhost:34459/jars/org.apache.spark_spark-token-provider-kafka-0-10_2.12-3.5.0.jar with timestamp 1719514841407
[2024-06-27T19:00:41.862+0000] {docker.py:413} INFO - 24/06/27 19:00:41 INFO SparkContext: Added JAR file:///opt/bitnami/spark/.ivy2/jars/org.apache.kafka_kafka-clients-3.4.1.jar at spark://localhost:34459/jars/org.apache.kafka_kafka-clients-3.4.1.jar with timestamp 1719514841407
24/06/27 19:00:41 INFO SparkContext: Added JAR file:///opt/bitnami/spark/.ivy2/jars/com.google.code.findbugs_jsr305-3.0.0.jar at spark://localhost:34459/jars/com.google.code.findbugs_jsr305-3.0.0.jar with timestamp 1719514841407
[2024-06-27T19:00:41.863+0000] {docker.py:413} INFO - 24/06/27 19:00:41 INFO SparkContext: Added JAR file:///opt/bitnami/spark/.ivy2/jars/org.apache.commons_commons-pool2-2.11.1.jar at spark://localhost:34459/jars/org.apache.commons_commons-pool2-2.11.1.jar with timestamp 1719514841407
24/06/27 19:00:41 INFO SparkContext: Added JAR file:///opt/bitnami/spark/.ivy2/jars/org.apache.hadoop_hadoop-client-runtime-3.3.4.jar at spark://localhost:34459/jars/org.apache.hadoop_hadoop-client-runtime-3.3.4.jar with timestamp 1719514841407
24/06/27 19:00:41 INFO SparkContext: Added JAR file:///opt/bitnami/spark/.ivy2/jars/org.lz4_lz4-java-1.8.0.jar at spark://localhost:34459/jars/org.lz4_lz4-java-1.8.0.jar with timestamp 1719514841407
24/06/27 19:00:41 INFO SparkContext: Added JAR file:///opt/bitnami/spark/.ivy2/jars/org.xerial.snappy_snappy-java-1.1.10.3.jar at spark://localhost:34459/jars/org.xerial.snappy_snappy-java-1.1.10.3.jar with timestamp 1719514841407
[2024-06-27T19:00:41.863+0000] {docker.py:413} INFO - 24/06/27 19:00:41 INFO SparkContext: Added JAR file:///opt/bitnami/spark/.ivy2/jars/org.slf4j_slf4j-api-2.0.7.jar at spark://localhost:34459/jars/org.slf4j_slf4j-api-2.0.7.jar with timestamp 1719514841407
24/06/27 19:00:41 INFO SparkContext: Added JAR file:///opt/bitnami/spark/.ivy2/jars/org.apache.hadoop_hadoop-client-api-3.3.4.jar at spark://localhost:34459/jars/org.apache.hadoop_hadoop-client-api-3.3.4.jar with timestamp 1719514841407
[2024-06-27T19:00:41.863+0000] {docker.py:413} INFO - 24/06/27 19:00:41 INFO SparkContext: Added JAR file:///opt/bitnami/spark/.ivy2/jars/commons-logging_commons-logging-1.1.3.jar at spark://localhost:34459/jars/commons-logging_commons-logging-1.1.3.jar with timestamp 1719514841407
[2024-06-27T19:00:41.864+0000] {docker.py:413} INFO - 24/06/27 19:00:41 INFO SparkContext: Added file file:///opt/bitnami/spark/.ivy2/jars/org.postgresql_postgresql-42.5.4.jar at file:///opt/bitnami/spark/.ivy2/jars/org.postgresql_postgresql-42.5.4.jar with timestamp 1719514841407
[2024-06-27T19:00:41.864+0000] {docker.py:413} INFO - 24/06/27 19:00:41 INFO Utils: Copying /opt/bitnami/spark/.ivy2/jars/org.postgresql_postgresql-42.5.4.jar to /tmp/spark-bad27c58-50ce-4995-81ad-7daf89b8b259/userFiles-6c7f9536-dd57-4ed4-a357-b7176ec6da10/org.postgresql_postgresql-42.5.4.jar
[2024-06-27T19:00:41.870+0000] {docker.py:413} INFO - 24/06/27 19:00:41 INFO SparkContext: Added file file:///opt/bitnami/spark/.ivy2/jars/org.apache.spark_spark-sql-kafka-0-10_2.12-3.5.0.jar at file:///opt/bitnami/spark/.ivy2/jars/org.apache.spark_spark-sql-kafka-0-10_2.12-3.5.0.jar with timestamp 1719514841407
[2024-06-27T19:00:41.871+0000] {docker.py:413} INFO - 24/06/27 19:00:41 INFO Utils: Copying /opt/bitnami/spark/.ivy2/jars/org.apache.spark_spark-sql-kafka-0-10_2.12-3.5.0.jar to /tmp/spark-bad27c58-50ce-4995-81ad-7daf89b8b259/userFiles-6c7f9536-dd57-4ed4-a357-b7176ec6da10/org.apache.spark_spark-sql-kafka-0-10_2.12-3.5.0.jar
[2024-06-27T19:00:41.872+0000] {docker.py:413} INFO - 24/06/27 19:00:41 INFO SparkContext: Added file file:///opt/bitnami/spark/.ivy2/jars/org.checkerframework_checker-qual-3.5.0.jar at file:///opt/bitnami/spark/.ivy2/jars/org.checkerframework_checker-qual-3.5.0.jar with timestamp 1719514841407
[2024-06-27T19:00:41.872+0000] {docker.py:413} INFO - 24/06/27 19:00:41 INFO Utils: Copying /opt/bitnami/spark/.ivy2/jars/org.checkerframework_checker-qual-3.5.0.jar to /tmp/spark-bad27c58-50ce-4995-81ad-7daf89b8b259/userFiles-6c7f9536-dd57-4ed4-a357-b7176ec6da10/org.checkerframework_checker-qual-3.5.0.jar
[2024-06-27T19:00:41.874+0000] {docker.py:413} INFO - 24/06/27 19:00:41 INFO SparkContext: Added file file:///opt/bitnami/spark/.ivy2/jars/org.apache.spark_spark-token-provider-kafka-0-10_2.12-3.5.0.jar at file:///opt/bitnami/spark/.ivy2/jars/org.apache.spark_spark-token-provider-kafka-0-10_2.12-3.5.0.jar with timestamp 1719514841407
[2024-06-27T19:00:41.874+0000] {docker.py:413} INFO - 24/06/27 19:00:41 INFO Utils: Copying /opt/bitnami/spark/.ivy2/jars/org.apache.spark_spark-token-provider-kafka-0-10_2.12-3.5.0.jar to /tmp/spark-bad27c58-50ce-4995-81ad-7daf89b8b259/userFiles-6c7f9536-dd57-4ed4-a357-b7176ec6da10/org.apache.spark_spark-token-provider-kafka-0-10_2.12-3.5.0.jar
[2024-06-27T19:00:41.877+0000] {docker.py:413} INFO - 24/06/27 19:00:41 INFO SparkContext: Added file file:///opt/bitnami/spark/.ivy2/jars/org.apache.kafka_kafka-clients-3.4.1.jar at file:///opt/bitnami/spark/.ivy2/jars/org.apache.kafka_kafka-clients-3.4.1.jar with timestamp 1719514841407
[2024-06-27T19:00:41.878+0000] {docker.py:413} INFO - 24/06/27 19:00:41 INFO Utils: Copying /opt/bitnami/spark/.ivy2/jars/org.apache.kafka_kafka-clients-3.4.1.jar to /tmp/spark-bad27c58-50ce-4995-81ad-7daf89b8b259/userFiles-6c7f9536-dd57-4ed4-a357-b7176ec6da10/org.apache.kafka_kafka-clients-3.4.1.jar
[2024-06-27T19:00:41.880+0000] {docker.py:413} INFO - 24/06/27 19:00:41 INFO SparkContext: Added file file:///opt/bitnami/spark/.ivy2/jars/com.google.code.findbugs_jsr305-3.0.0.jar at file:///opt/bitnami/spark/.ivy2/jars/com.google.code.findbugs_jsr305-3.0.0.jar with timestamp 1719514841407
24/06/27 19:00:41 INFO Utils: Copying /opt/bitnami/spark/.ivy2/jars/com.google.code.findbugs_jsr305-3.0.0.jar to /tmp/spark-bad27c58-50ce-4995-81ad-7daf89b8b259/userFiles-6c7f9536-dd57-4ed4-a357-b7176ec6da10/com.google.code.findbugs_jsr305-3.0.0.jar
[2024-06-27T19:00:41.882+0000] {docker.py:413} INFO - 24/06/27 19:00:41 INFO SparkContext: Added file file:///opt/bitnami/spark/.ivy2/jars/org.apache.commons_commons-pool2-2.11.1.jar at file:///opt/bitnami/spark/.ivy2/jars/org.apache.commons_commons-pool2-2.11.1.jar with timestamp 1719514841407
[2024-06-27T19:00:41.882+0000] {docker.py:413} INFO - 24/06/27 19:00:41 INFO Utils: Copying /opt/bitnami/spark/.ivy2/jars/org.apache.commons_commons-pool2-2.11.1.jar to /tmp/spark-bad27c58-50ce-4995-81ad-7daf89b8b259/userFiles-6c7f9536-dd57-4ed4-a357-b7176ec6da10/org.apache.commons_commons-pool2-2.11.1.jar
[2024-06-27T19:00:41.884+0000] {docker.py:413} INFO - 24/06/27 19:00:41 INFO SparkContext: Added file file:///opt/bitnami/spark/.ivy2/jars/org.apache.hadoop_hadoop-client-runtime-3.3.4.jar at file:///opt/bitnami/spark/.ivy2/jars/org.apache.hadoop_hadoop-client-runtime-3.3.4.jar with timestamp 1719514841407
24/06/27 19:00:41 INFO Utils: Copying /opt/bitnami/spark/.ivy2/jars/org.apache.hadoop_hadoop-client-runtime-3.3.4.jar to /tmp/spark-bad27c58-50ce-4995-81ad-7daf89b8b259/userFiles-6c7f9536-dd57-4ed4-a357-b7176ec6da10/org.apache.hadoop_hadoop-client-runtime-3.3.4.jar
[2024-06-27T19:00:41.893+0000] {docker.py:413} INFO - 24/06/27 19:00:41 INFO SparkContext: Added file file:///opt/bitnami/spark/.ivy2/jars/org.lz4_lz4-java-1.8.0.jar at file:///opt/bitnami/spark/.ivy2/jars/org.lz4_lz4-java-1.8.0.jar with timestamp 1719514841407
[2024-06-27T19:00:41.893+0000] {docker.py:413} INFO - 24/06/27 19:00:41 INFO Utils: Copying /opt/bitnami/spark/.ivy2/jars/org.lz4_lz4-java-1.8.0.jar to /tmp/spark-bad27c58-50ce-4995-81ad-7daf89b8b259/userFiles-6c7f9536-dd57-4ed4-a357-b7176ec6da10/org.lz4_lz4-java-1.8.0.jar
[2024-06-27T19:00:41.895+0000] {docker.py:413} INFO - 24/06/27 19:00:41 INFO SparkContext: Added file file:///opt/bitnami/spark/.ivy2/jars/org.xerial.snappy_snappy-java-1.1.10.3.jar at file:///opt/bitnami/spark/.ivy2/jars/org.xerial.snappy_snappy-java-1.1.10.3.jar with timestamp 1719514841407
24/06/27 19:00:41 INFO Utils: Copying /opt/bitnami/spark/.ivy2/jars/org.xerial.snappy_snappy-java-1.1.10.3.jar to /tmp/spark-bad27c58-50ce-4995-81ad-7daf89b8b259/userFiles-6c7f9536-dd57-4ed4-a357-b7176ec6da10/org.xerial.snappy_snappy-java-1.1.10.3.jar
[2024-06-27T19:00:41.898+0000] {docker.py:413} INFO - 24/06/27 19:00:41 INFO SparkContext: Added file file:///opt/bitnami/spark/.ivy2/jars/org.slf4j_slf4j-api-2.0.7.jar at file:///opt/bitnami/spark/.ivy2/jars/org.slf4j_slf4j-api-2.0.7.jar with timestamp 1719514841407
[2024-06-27T19:00:41.898+0000] {docker.py:413} INFO - 24/06/27 19:00:41 INFO Utils: Copying /opt/bitnami/spark/.ivy2/jars/org.slf4j_slf4j-api-2.0.7.jar to /tmp/spark-bad27c58-50ce-4995-81ad-7daf89b8b259/userFiles-6c7f9536-dd57-4ed4-a357-b7176ec6da10/org.slf4j_slf4j-api-2.0.7.jar
[2024-06-27T19:00:41.903+0000] {docker.py:413} INFO - 24/06/27 19:00:41 INFO SparkContext: Added file file:///opt/bitnami/spark/.ivy2/jars/org.apache.hadoop_hadoop-client-api-3.3.4.jar at file:///opt/bitnami/spark/.ivy2/jars/org.apache.hadoop_hadoop-client-api-3.3.4.jar with timestamp 1719514841407
[2024-06-27T19:00:41.904+0000] {docker.py:413} INFO - 24/06/27 19:00:41 INFO Utils: Copying /opt/bitnami/spark/.ivy2/jars/org.apache.hadoop_hadoop-client-api-3.3.4.jar to /tmp/spark-bad27c58-50ce-4995-81ad-7daf89b8b259/userFiles-6c7f9536-dd57-4ed4-a357-b7176ec6da10/org.apache.hadoop_hadoop-client-api-3.3.4.jar
[2024-06-27T19:00:41.906+0000] {docker.py:413} INFO - 24/06/27 19:00:41 INFO SparkContext: Added file file:///opt/bitnami/spark/.ivy2/jars/commons-logging_commons-logging-1.1.3.jar at file:///opt/bitnami/spark/.ivy2/jars/commons-logging_commons-logging-1.1.3.jar with timestamp 1719514841407
[2024-06-27T19:00:41.907+0000] {docker.py:413} INFO - 24/06/27 19:00:41 INFO Utils: Copying /opt/bitnami/spark/.ivy2/jars/commons-logging_commons-logging-1.1.3.jar to /tmp/spark-bad27c58-50ce-4995-81ad-7daf89b8b259/userFiles-6c7f9536-dd57-4ed4-a357-b7176ec6da10/commons-logging_commons-logging-1.1.3.jar
[2024-06-27T19:00:41.943+0000] {docker.py:413} INFO - 24/06/27 19:00:41 INFO Executor: Starting executor ID driver on host localhost
[2024-06-27T19:00:41.944+0000] {docker.py:413} INFO - 24/06/27 19:00:41 INFO Executor: OS info Linux, 6.6.12-linuxkit, aarch64
[2024-06-27T19:00:41.944+0000] {docker.py:413} INFO - 24/06/27 19:00:41 INFO Executor: Java version 17.0.10
[2024-06-27T19:00:41.946+0000] {docker.py:413} INFO - 24/06/27 19:00:41 INFO Executor: Starting executor with user classpath (userClassPathFirst = false): ''
[2024-06-27T19:00:41.947+0000] {docker.py:413} INFO - 24/06/27 19:00:41 INFO Executor: Created or updated repl class loader org.apache.spark.util.MutableURLClassLoader@3a2f2c38 for default.
[2024-06-27T19:00:41.952+0000] {docker.py:413} INFO - 24/06/27 19:00:41 INFO Executor: Fetching file:///opt/bitnami/spark/.ivy2/jars/org.apache.spark_spark-token-provider-kafka-0-10_2.12-3.5.0.jar with timestamp 1719514841407
[2024-06-27T19:00:41.961+0000] {docker.py:413} INFO - 24/06/27 19:00:41 INFO Utils: /opt/bitnami/spark/.ivy2/jars/org.apache.spark_spark-token-provider-kafka-0-10_2.12-3.5.0.jar has been previously copied to /tmp/spark-bad27c58-50ce-4995-81ad-7daf89b8b259/userFiles-6c7f9536-dd57-4ed4-a357-b7176ec6da10/org.apache.spark_spark-token-provider-kafka-0-10_2.12-3.5.0.jar
[2024-06-27T19:00:41.963+0000] {docker.py:413} INFO - 24/06/27 19:00:41 INFO Executor: Fetching file:///opt/bitnami/spark/.ivy2/jars/org.apache.hadoop_hadoop-client-runtime-3.3.4.jar with timestamp 1719514841407
[2024-06-27T19:00:41.974+0000] {docker.py:413} INFO - 24/06/27 19:00:41 INFO Utils: /opt/bitnami/spark/.ivy2/jars/org.apache.hadoop_hadoop-client-runtime-3.3.4.jar has been previously copied to /tmp/spark-bad27c58-50ce-4995-81ad-7daf89b8b259/userFiles-6c7f9536-dd57-4ed4-a357-b7176ec6da10/org.apache.hadoop_hadoop-client-runtime-3.3.4.jar
[2024-06-27T19:00:41.977+0000] {docker.py:413} INFO - 24/06/27 19:00:41 INFO Executor: Fetching file:///opt/bitnami/spark/.ivy2/jars/org.apache.commons_commons-pool2-2.11.1.jar with timestamp 1719514841407
[2024-06-27T19:00:41.977+0000] {docker.py:413} INFO - 24/06/27 19:00:41 INFO Utils: /opt/bitnami/spark/.ivy2/jars/org.apache.commons_commons-pool2-2.11.1.jar has been previously copied to /tmp/spark-bad27c58-50ce-4995-81ad-7daf89b8b259/userFiles-6c7f9536-dd57-4ed4-a357-b7176ec6da10/org.apache.commons_commons-pool2-2.11.1.jar
[2024-06-27T19:00:41.979+0000] {docker.py:413} INFO - 24/06/27 19:00:41 INFO Executor: Fetching file:///opt/bitnami/spark/.ivy2/jars/org.postgresql_postgresql-42.5.4.jar with timestamp 1719514841407
[2024-06-27T19:00:41.979+0000] {docker.py:413} INFO - 24/06/27 19:00:41 INFO Utils: /opt/bitnami/spark/.ivy2/jars/org.postgresql_postgresql-42.5.4.jar has been previously copied to /tmp/spark-bad27c58-50ce-4995-81ad-7daf89b8b259/userFiles-6c7f9536-dd57-4ed4-a357-b7176ec6da10/org.postgresql_postgresql-42.5.4.jar
[2024-06-27T19:00:41.981+0000] {docker.py:413} INFO - 24/06/27 19:00:41 INFO Executor: Fetching file:///opt/bitnami/spark/.ivy2/jars/org.slf4j_slf4j-api-2.0.7.jar with timestamp 1719514841407
[2024-06-27T19:00:41.981+0000] {docker.py:413} INFO - 24/06/27 19:00:41 INFO Utils: /opt/bitnami/spark/.ivy2/jars/org.slf4j_slf4j-api-2.0.7.jar has been previously copied to /tmp/spark-bad27c58-50ce-4995-81ad-7daf89b8b259/userFiles-6c7f9536-dd57-4ed4-a357-b7176ec6da10/org.slf4j_slf4j-api-2.0.7.jar
[2024-06-27T19:00:41.982+0000] {docker.py:413} INFO - 24/06/27 19:00:41 INFO Executor: Fetching file:///opt/bitnami/spark/.ivy2/jars/org.apache.kafka_kafka-clients-3.4.1.jar with timestamp 1719514841407
[2024-06-27T19:00:41.984+0000] {docker.py:413} INFO - 24/06/27 19:00:41 INFO Utils: /opt/bitnami/spark/.ivy2/jars/org.apache.kafka_kafka-clients-3.4.1.jar has been previously copied to /tmp/spark-bad27c58-50ce-4995-81ad-7daf89b8b259/userFiles-6c7f9536-dd57-4ed4-a357-b7176ec6da10/org.apache.kafka_kafka-clients-3.4.1.jar
[2024-06-27T19:00:41.986+0000] {docker.py:413} INFO - 24/06/27 19:00:41 INFO Executor: Fetching file:///opt/bitnami/spark/.ivy2/jars/com.google.code.findbugs_jsr305-3.0.0.jar with timestamp 1719514841407
[2024-06-27T19:00:41.987+0000] {docker.py:413} INFO - 24/06/27 19:00:41 INFO Utils: /opt/bitnami/spark/.ivy2/jars/com.google.code.findbugs_jsr305-3.0.0.jar has been previously copied to /tmp/spark-bad27c58-50ce-4995-81ad-7daf89b8b259/userFiles-6c7f9536-dd57-4ed4-a357-b7176ec6da10/com.google.code.findbugs_jsr305-3.0.0.jar
[2024-06-27T19:00:41.988+0000] {docker.py:413} INFO - 24/06/27 19:00:41 INFO Executor: Fetching file:///opt/bitnami/spark/.ivy2/jars/org.lz4_lz4-java-1.8.0.jar with timestamp 1719514841407
[2024-06-27T19:00:41.988+0000] {docker.py:413} INFO - 24/06/27 19:00:41 INFO Utils: /opt/bitnami/spark/.ivy2/jars/org.lz4_lz4-java-1.8.0.jar has been previously copied to /tmp/spark-bad27c58-50ce-4995-81ad-7daf89b8b259/userFiles-6c7f9536-dd57-4ed4-a357-b7176ec6da10/org.lz4_lz4-java-1.8.0.jar
[2024-06-27T19:00:41.990+0000] {docker.py:413} INFO - 24/06/27 19:00:41 INFO Executor: Fetching file:///opt/bitnami/spark/.ivy2/jars/org.apache.spark_spark-sql-kafka-0-10_2.12-3.5.0.jar with timestamp 1719514841407
[2024-06-27T19:00:41.991+0000] {docker.py:413} INFO - 24/06/27 19:00:41 INFO Utils: /opt/bitnami/spark/.ivy2/jars/org.apache.spark_spark-sql-kafka-0-10_2.12-3.5.0.jar has been previously copied to /tmp/spark-bad27c58-50ce-4995-81ad-7daf89b8b259/userFiles-6c7f9536-dd57-4ed4-a357-b7176ec6da10/org.apache.spark_spark-sql-kafka-0-10_2.12-3.5.0.jar
[2024-06-27T19:00:41.992+0000] {docker.py:413} INFO - 24/06/27 19:00:41 INFO Executor: Fetching file:///opt/bitnami/spark/.ivy2/jars/org.apache.hadoop_hadoop-client-api-3.3.4.jar with timestamp 1719514841407
[2024-06-27T19:00:41.999+0000] {docker.py:413} INFO - 24/06/27 19:00:41 INFO Utils: /opt/bitnami/spark/.ivy2/jars/org.apache.hadoop_hadoop-client-api-3.3.4.jar has been previously copied to /tmp/spark-bad27c58-50ce-4995-81ad-7daf89b8b259/userFiles-6c7f9536-dd57-4ed4-a357-b7176ec6da10/org.apache.hadoop_hadoop-client-api-3.3.4.jar
[2024-06-27T19:00:42.000+0000] {docker.py:413} INFO - 24/06/27 19:00:41 INFO Executor: Fetching file:///opt/bitnami/spark/.ivy2/jars/commons-logging_commons-logging-1.1.3.jar with timestamp 1719514841407
[2024-06-27T19:00:42.000+0000] {docker.py:413} INFO - 24/06/27 19:00:41 INFO Utils: /opt/bitnami/spark/.ivy2/jars/commons-logging_commons-logging-1.1.3.jar has been previously copied to /tmp/spark-bad27c58-50ce-4995-81ad-7daf89b8b259/userFiles-6c7f9536-dd57-4ed4-a357-b7176ec6da10/commons-logging_commons-logging-1.1.3.jar
[2024-06-27T19:00:42.002+0000] {docker.py:413} INFO - 24/06/27 19:00:42 INFO Executor: Fetching file:///opt/bitnami/spark/.ivy2/jars/org.checkerframework_checker-qual-3.5.0.jar with timestamp 1719514841407
[2024-06-27T19:00:42.002+0000] {docker.py:413} INFO - 24/06/27 19:00:42 INFO Utils: /opt/bitnami/spark/.ivy2/jars/org.checkerframework_checker-qual-3.5.0.jar has been previously copied to /tmp/spark-bad27c58-50ce-4995-81ad-7daf89b8b259/userFiles-6c7f9536-dd57-4ed4-a357-b7176ec6da10/org.checkerframework_checker-qual-3.5.0.jar
[2024-06-27T19:00:42.003+0000] {docker.py:413} INFO - 24/06/27 19:00:42 INFO Executor: Fetching file:///opt/bitnami/spark/.ivy2/jars/org.xerial.snappy_snappy-java-1.1.10.3.jar with timestamp 1719514841407
[2024-06-27T19:00:42.004+0000] {docker.py:413} INFO - 24/06/27 19:00:42 INFO Utils: /opt/bitnami/spark/.ivy2/jars/org.xerial.snappy_snappy-java-1.1.10.3.jar has been previously copied to /tmp/spark-bad27c58-50ce-4995-81ad-7daf89b8b259/userFiles-6c7f9536-dd57-4ed4-a357-b7176ec6da10/org.xerial.snappy_snappy-java-1.1.10.3.jar
[2024-06-27T19:00:42.007+0000] {docker.py:413} INFO - 24/06/27 19:00:42 INFO Executor: Fetching spark://localhost:34459/jars/org.lz4_lz4-java-1.8.0.jar with timestamp 1719514841407
[2024-06-27T19:00:42.030+0000] {docker.py:413} INFO - 24/06/27 19:00:42 INFO TransportClientFactory: Successfully created connection to localhost/127.0.0.1:34459 after 17 ms (0 ms spent in bootstraps)
[2024-06-27T19:00:42.035+0000] {docker.py:413} INFO - 24/06/27 19:00:42 INFO Utils: Fetching spark://localhost:34459/jars/org.lz4_lz4-java-1.8.0.jar to /tmp/spark-bad27c58-50ce-4995-81ad-7daf89b8b259/userFiles-6c7f9536-dd57-4ed4-a357-b7176ec6da10/fetchFileTemp15751596652253680159.tmp
[2024-06-27T19:00:42.050+0000] {docker.py:413} INFO - 24/06/27 19:00:42 INFO Utils: /tmp/spark-bad27c58-50ce-4995-81ad-7daf89b8b259/userFiles-6c7f9536-dd57-4ed4-a357-b7176ec6da10/fetchFileTemp15751596652253680159.tmp has been previously copied to /tmp/spark-bad27c58-50ce-4995-81ad-7daf89b8b259/userFiles-6c7f9536-dd57-4ed4-a357-b7176ec6da10/org.lz4_lz4-java-1.8.0.jar
[2024-06-27T19:00:42.051+0000] {docker.py:413} INFO - 24/06/27 19:00:42 INFO Executor: Adding file:/tmp/spark-bad27c58-50ce-4995-81ad-7daf89b8b259/userFiles-6c7f9536-dd57-4ed4-a357-b7176ec6da10/org.lz4_lz4-java-1.8.0.jar to class loader default
[2024-06-27T19:00:42.052+0000] {docker.py:413} INFO - 24/06/27 19:00:42 INFO Executor: Fetching spark://localhost:34459/jars/org.slf4j_slf4j-api-2.0.7.jar with timestamp 1719514841407
[2024-06-27T19:00:42.052+0000] {docker.py:413} INFO - 24/06/27 19:00:42 INFO Utils: Fetching spark://localhost:34459/jars/org.slf4j_slf4j-api-2.0.7.jar to /tmp/spark-bad27c58-50ce-4995-81ad-7daf89b8b259/userFiles-6c7f9536-dd57-4ed4-a357-b7176ec6da10/fetchFileTemp18206941540594819245.tmp
[2024-06-27T19:00:42.053+0000] {docker.py:413} INFO - 24/06/27 19:00:42 INFO Utils: /tmp/spark-bad27c58-50ce-4995-81ad-7daf89b8b259/userFiles-6c7f9536-dd57-4ed4-a357-b7176ec6da10/fetchFileTemp18206941540594819245.tmp has been previously copied to /tmp/spark-bad27c58-50ce-4995-81ad-7daf89b8b259/userFiles-6c7f9536-dd57-4ed4-a357-b7176ec6da10/org.slf4j_slf4j-api-2.0.7.jar
[2024-06-27T19:00:42.054+0000] {docker.py:413} INFO - 24/06/27 19:00:42 INFO Executor: Adding file:/tmp/spark-bad27c58-50ce-4995-81ad-7daf89b8b259/userFiles-6c7f9536-dd57-4ed4-a357-b7176ec6da10/org.slf4j_slf4j-api-2.0.7.jar to class loader default
[2024-06-27T19:00:42.055+0000] {docker.py:413} INFO - 24/06/27 19:00:42 INFO Executor: Fetching spark://localhost:34459/jars/org.postgresql_postgresql-42.5.4.jar with timestamp 1719514841407
[2024-06-27T19:00:42.055+0000] {docker.py:413} INFO - 24/06/27 19:00:42 INFO Utils: Fetching spark://localhost:34459/jars/org.postgresql_postgresql-42.5.4.jar to /tmp/spark-bad27c58-50ce-4995-81ad-7daf89b8b259/userFiles-6c7f9536-dd57-4ed4-a357-b7176ec6da10/fetchFileTemp8380254330935503748.tmp
[2024-06-27T19:00:42.058+0000] {docker.py:413} INFO - 24/06/27 19:00:42 INFO Utils: /tmp/spark-bad27c58-50ce-4995-81ad-7daf89b8b259/userFiles-6c7f9536-dd57-4ed4-a357-b7176ec6da10/fetchFileTemp8380254330935503748.tmp has been previously copied to /tmp/spark-bad27c58-50ce-4995-81ad-7daf89b8b259/userFiles-6c7f9536-dd57-4ed4-a357-b7176ec6da10/org.postgresql_postgresql-42.5.4.jar
[2024-06-27T19:00:42.060+0000] {docker.py:413} INFO - 24/06/27 19:00:42 INFO Executor: Adding file:/tmp/spark-bad27c58-50ce-4995-81ad-7daf89b8b259/userFiles-6c7f9536-dd57-4ed4-a357-b7176ec6da10/org.postgresql_postgresql-42.5.4.jar to class loader default
24/06/27 19:00:42 INFO Executor: Fetching spark://localhost:34459/jars/org.apache.hadoop_hadoop-client-api-3.3.4.jar with timestamp 1719514841407
[2024-06-27T19:00:42.061+0000] {docker.py:413} INFO - 24/06/27 19:00:42 INFO Utils: Fetching spark://localhost:34459/jars/org.apache.hadoop_hadoop-client-api-3.3.4.jar to /tmp/spark-bad27c58-50ce-4995-81ad-7daf89b8b259/userFiles-6c7f9536-dd57-4ed4-a357-b7176ec6da10/fetchFileTemp15988625930478820675.tmp
[2024-06-27T19:00:42.099+0000] {docker.py:413} INFO - 24/06/27 19:00:42 INFO Utils: /tmp/spark-bad27c58-50ce-4995-81ad-7daf89b8b259/userFiles-6c7f9536-dd57-4ed4-a357-b7176ec6da10/fetchFileTemp15988625930478820675.tmp has been previously copied to /tmp/spark-bad27c58-50ce-4995-81ad-7daf89b8b259/userFiles-6c7f9536-dd57-4ed4-a357-b7176ec6da10/org.apache.hadoop_hadoop-client-api-3.3.4.jar
[2024-06-27T19:00:42.102+0000] {docker.py:413} INFO - 24/06/27 19:00:42 INFO Executor: Adding file:/tmp/spark-bad27c58-50ce-4995-81ad-7daf89b8b259/userFiles-6c7f9536-dd57-4ed4-a357-b7176ec6da10/org.apache.hadoop_hadoop-client-api-3.3.4.jar to class loader default
[2024-06-27T19:00:42.102+0000] {docker.py:413} INFO - 24/06/27 19:00:42 INFO Executor: Fetching spark://localhost:34459/jars/org.apache.kafka_kafka-clients-3.4.1.jar with timestamp 1719514841407
[2024-06-27T19:00:42.103+0000] {docker.py:413} INFO - 24/06/27 19:00:42 INFO Utils: Fetching spark://localhost:34459/jars/org.apache.kafka_kafka-clients-3.4.1.jar to /tmp/spark-bad27c58-50ce-4995-81ad-7daf89b8b259/userFiles-6c7f9536-dd57-4ed4-a357-b7176ec6da10/fetchFileTemp17751083337243131281.tmp
[2024-06-27T19:00:42.113+0000] {docker.py:413} INFO - 24/06/27 19:00:42 INFO Utils: /tmp/spark-bad27c58-50ce-4995-81ad-7daf89b8b259/userFiles-6c7f9536-dd57-4ed4-a357-b7176ec6da10/fetchFileTemp17751083337243131281.tmp has been previously copied to /tmp/spark-bad27c58-50ce-4995-81ad-7daf89b8b259/userFiles-6c7f9536-dd57-4ed4-a357-b7176ec6da10/org.apache.kafka_kafka-clients-3.4.1.jar
[2024-06-27T19:00:42.115+0000] {docker.py:413} INFO - 24/06/27 19:00:42 INFO Executor: Adding file:/tmp/spark-bad27c58-50ce-4995-81ad-7daf89b8b259/userFiles-6c7f9536-dd57-4ed4-a357-b7176ec6da10/org.apache.kafka_kafka-clients-3.4.1.jar to class loader default
[2024-06-27T19:00:42.115+0000] {docker.py:413} INFO - 24/06/27 19:00:42 INFO Executor: Fetching spark://localhost:34459/jars/org.checkerframework_checker-qual-3.5.0.jar with timestamp 1719514841407
[2024-06-27T19:00:42.116+0000] {docker.py:413} INFO - 24/06/27 19:00:42 INFO Utils: Fetching spark://localhost:34459/jars/org.checkerframework_checker-qual-3.5.0.jar to /tmp/spark-bad27c58-50ce-4995-81ad-7daf89b8b259/userFiles-6c7f9536-dd57-4ed4-a357-b7176ec6da10/fetchFileTemp4928276887999234152.tmp
[2024-06-27T19:00:42.116+0000] {docker.py:413} INFO - 24/06/27 19:00:42 INFO Utils: /tmp/spark-bad27c58-50ce-4995-81ad-7daf89b8b259/userFiles-6c7f9536-dd57-4ed4-a357-b7176ec6da10/fetchFileTemp4928276887999234152.tmp has been previously copied to /tmp/spark-bad27c58-50ce-4995-81ad-7daf89b8b259/userFiles-6c7f9536-dd57-4ed4-a357-b7176ec6da10/org.checkerframework_checker-qual-3.5.0.jar
[2024-06-27T19:00:42.118+0000] {docker.py:413} INFO - 24/06/27 19:00:42 INFO Executor: Adding file:/tmp/spark-bad27c58-50ce-4995-81ad-7daf89b8b259/userFiles-6c7f9536-dd57-4ed4-a357-b7176ec6da10/org.checkerframework_checker-qual-3.5.0.jar to class loader default
[2024-06-27T19:00:42.119+0000] {docker.py:413} INFO - 24/06/27 19:00:42 INFO Executor: Fetching spark://localhost:34459/jars/org.apache.hadoop_hadoop-client-runtime-3.3.4.jar with timestamp 1719514841407
[2024-06-27T19:00:42.119+0000] {docker.py:413} INFO - 24/06/27 19:00:42 INFO Utils: Fetching spark://localhost:34459/jars/org.apache.hadoop_hadoop-client-runtime-3.3.4.jar to /tmp/spark-bad27c58-50ce-4995-81ad-7daf89b8b259/userFiles-6c7f9536-dd57-4ed4-a357-b7176ec6da10/fetchFileTemp4428402655293150008.tmp
[2024-06-27T19:00:42.196+0000] {docker.py:413} INFO - 24/06/27 19:00:42 INFO Utils: /tmp/spark-bad27c58-50ce-4995-81ad-7daf89b8b259/userFiles-6c7f9536-dd57-4ed4-a357-b7176ec6da10/fetchFileTemp4428402655293150008.tmp has been previously copied to /tmp/spark-bad27c58-50ce-4995-81ad-7daf89b8b259/userFiles-6c7f9536-dd57-4ed4-a357-b7176ec6da10/org.apache.hadoop_hadoop-client-runtime-3.3.4.jar
[2024-06-27T19:00:42.201+0000] {docker.py:413} INFO - 24/06/27 19:00:42 INFO Executor: Adding file:/tmp/spark-bad27c58-50ce-4995-81ad-7daf89b8b259/userFiles-6c7f9536-dd57-4ed4-a357-b7176ec6da10/org.apache.hadoop_hadoop-client-runtime-3.3.4.jar to class loader default
[2024-06-27T19:00:42.201+0000] {docker.py:413} INFO - 24/06/27 19:00:42 INFO Executor: Fetching spark://localhost:34459/jars/org.apache.spark_spark-token-provider-kafka-0-10_2.12-3.5.0.jar with timestamp 1719514841407
24/06/27 19:00:42 INFO Utils: Fetching spark://localhost:34459/jars/org.apache.spark_spark-token-provider-kafka-0-10_2.12-3.5.0.jar to /tmp/spark-bad27c58-50ce-4995-81ad-7daf89b8b259/userFiles-6c7f9536-dd57-4ed4-a357-b7176ec6da10/fetchFileTemp6107875149468585432.tmp
[2024-06-27T19:00:42.202+0000] {docker.py:413} INFO - 24/06/27 19:00:42 INFO Utils: /tmp/spark-bad27c58-50ce-4995-81ad-7daf89b8b259/userFiles-6c7f9536-dd57-4ed4-a357-b7176ec6da10/fetchFileTemp6107875149468585432.tmp has been previously copied to /tmp/spark-bad27c58-50ce-4995-81ad-7daf89b8b259/userFiles-6c7f9536-dd57-4ed4-a357-b7176ec6da10/org.apache.spark_spark-token-provider-kafka-0-10_2.12-3.5.0.jar
[2024-06-27T19:00:42.203+0000] {docker.py:413} INFO - 24/06/27 19:00:42 INFO Executor: Adding file:/tmp/spark-bad27c58-50ce-4995-81ad-7daf89b8b259/userFiles-6c7f9536-dd57-4ed4-a357-b7176ec6da10/org.apache.spark_spark-token-provider-kafka-0-10_2.12-3.5.0.jar to class loader default
24/06/27 19:00:42 INFO Executor: Fetching spark://localhost:34459/jars/com.google.code.findbugs_jsr305-3.0.0.jar with timestamp 1719514841407
[2024-06-27T19:00:42.204+0000] {docker.py:413} INFO - 24/06/27 19:00:42 INFO Utils: Fetching spark://localhost:34459/jars/com.google.code.findbugs_jsr305-3.0.0.jar to /tmp/spark-bad27c58-50ce-4995-81ad-7daf89b8b259/userFiles-6c7f9536-dd57-4ed4-a357-b7176ec6da10/fetchFileTemp11068070702448072757.tmp
[2024-06-27T19:00:42.205+0000] {docker.py:413} INFO - 24/06/27 19:00:42 INFO Utils: /tmp/spark-bad27c58-50ce-4995-81ad-7daf89b8b259/userFiles-6c7f9536-dd57-4ed4-a357-b7176ec6da10/fetchFileTemp11068070702448072757.tmp has been previously copied to /tmp/spark-bad27c58-50ce-4995-81ad-7daf89b8b259/userFiles-6c7f9536-dd57-4ed4-a357-b7176ec6da10/com.google.code.findbugs_jsr305-3.0.0.jar
[2024-06-27T19:00:42.206+0000] {docker.py:413} INFO - 24/06/27 19:00:42 INFO Executor: Adding file:/tmp/spark-bad27c58-50ce-4995-81ad-7daf89b8b259/userFiles-6c7f9536-dd57-4ed4-a357-b7176ec6da10/com.google.code.findbugs_jsr305-3.0.0.jar to class loader default
24/06/27 19:00:42 INFO Executor: Fetching spark://localhost:34459/jars/commons-logging_commons-logging-1.1.3.jar with timestamp 1719514841407
[2024-06-27T19:00:42.207+0000] {docker.py:413} INFO - 24/06/27 19:00:42 INFO Utils: Fetching spark://localhost:34459/jars/commons-logging_commons-logging-1.1.3.jar to /tmp/spark-bad27c58-50ce-4995-81ad-7daf89b8b259/userFiles-6c7f9536-dd57-4ed4-a357-b7176ec6da10/fetchFileTemp6202093544211798684.tmp
[2024-06-27T19:00:42.208+0000] {docker.py:413} INFO - 24/06/27 19:00:42 INFO Utils: /tmp/spark-bad27c58-50ce-4995-81ad-7daf89b8b259/userFiles-6c7f9536-dd57-4ed4-a357-b7176ec6da10/fetchFileTemp6202093544211798684.tmp has been previously copied to /tmp/spark-bad27c58-50ce-4995-81ad-7daf89b8b259/userFiles-6c7f9536-dd57-4ed4-a357-b7176ec6da10/commons-logging_commons-logging-1.1.3.jar
[2024-06-27T19:00:42.209+0000] {docker.py:413} INFO - 24/06/27 19:00:42 INFO Executor: Adding file:/tmp/spark-bad27c58-50ce-4995-81ad-7daf89b8b259/userFiles-6c7f9536-dd57-4ed4-a357-b7176ec6da10/commons-logging_commons-logging-1.1.3.jar to class loader default
[2024-06-27T19:00:42.210+0000] {docker.py:413} INFO - 24/06/27 19:00:42 INFO Executor: Fetching spark://localhost:34459/jars/org.xerial.snappy_snappy-java-1.1.10.3.jar with timestamp 1719514841407
[2024-06-27T19:00:42.210+0000] {docker.py:413} INFO - 24/06/27 19:00:42 INFO Utils: Fetching spark://localhost:34459/jars/org.xerial.snappy_snappy-java-1.1.10.3.jar to /tmp/spark-bad27c58-50ce-4995-81ad-7daf89b8b259/userFiles-6c7f9536-dd57-4ed4-a357-b7176ec6da10/fetchFileTemp6288326540068802837.tmp
[2024-06-27T19:00:42.214+0000] {docker.py:413} INFO - 24/06/27 19:00:42 INFO Utils: /tmp/spark-bad27c58-50ce-4995-81ad-7daf89b8b259/userFiles-6c7f9536-dd57-4ed4-a357-b7176ec6da10/fetchFileTemp6288326540068802837.tmp has been previously copied to /tmp/spark-bad27c58-50ce-4995-81ad-7daf89b8b259/userFiles-6c7f9536-dd57-4ed4-a357-b7176ec6da10/org.xerial.snappy_snappy-java-1.1.10.3.jar
[2024-06-27T19:00:42.215+0000] {docker.py:413} INFO - 24/06/27 19:00:42 INFO Executor: Adding file:/tmp/spark-bad27c58-50ce-4995-81ad-7daf89b8b259/userFiles-6c7f9536-dd57-4ed4-a357-b7176ec6da10/org.xerial.snappy_snappy-java-1.1.10.3.jar to class loader default
[2024-06-27T19:00:42.216+0000] {docker.py:413} INFO - 24/06/27 19:00:42 INFO Executor: Fetching spark://localhost:34459/jars/org.apache.spark_spark-sql-kafka-0-10_2.12-3.5.0.jar with timestamp 1719514841407
[2024-06-27T19:00:42.217+0000] {docker.py:413} INFO - 24/06/27 19:00:42 INFO Utils: Fetching spark://localhost:34459/jars/org.apache.spark_spark-sql-kafka-0-10_2.12-3.5.0.jar to /tmp/spark-bad27c58-50ce-4995-81ad-7daf89b8b259/userFiles-6c7f9536-dd57-4ed4-a357-b7176ec6da10/fetchFileTemp1115158331480405331.tmp
[2024-06-27T19:00:42.218+0000] {docker.py:413} INFO - 24/06/27 19:00:42 INFO Utils: /tmp/spark-bad27c58-50ce-4995-81ad-7daf89b8b259/userFiles-6c7f9536-dd57-4ed4-a357-b7176ec6da10/fetchFileTemp1115158331480405331.tmp has been previously copied to /tmp/spark-bad27c58-50ce-4995-81ad-7daf89b8b259/userFiles-6c7f9536-dd57-4ed4-a357-b7176ec6da10/org.apache.spark_spark-sql-kafka-0-10_2.12-3.5.0.jar
[2024-06-27T19:00:42.219+0000] {docker.py:413} INFO - 24/06/27 19:00:42 INFO Executor: Adding file:/tmp/spark-bad27c58-50ce-4995-81ad-7daf89b8b259/userFiles-6c7f9536-dd57-4ed4-a357-b7176ec6da10/org.apache.spark_spark-sql-kafka-0-10_2.12-3.5.0.jar to class loader default
[2024-06-27T19:00:42.220+0000] {docker.py:413} INFO - 24/06/27 19:00:42 INFO Executor: Fetching spark://localhost:34459/jars/org.apache.commons_commons-pool2-2.11.1.jar with timestamp 1719514841407
[2024-06-27T19:00:42.220+0000] {docker.py:413} INFO - 24/06/27 19:00:42 INFO Utils: Fetching spark://localhost:34459/jars/org.apache.commons_commons-pool2-2.11.1.jar to /tmp/spark-bad27c58-50ce-4995-81ad-7daf89b8b259/userFiles-6c7f9536-dd57-4ed4-a357-b7176ec6da10/fetchFileTemp6434218544736999569.tmp
[2024-06-27T19:00:42.221+0000] {docker.py:413} INFO - 24/06/27 19:00:42 INFO Utils: /tmp/spark-bad27c58-50ce-4995-81ad-7daf89b8b259/userFiles-6c7f9536-dd57-4ed4-a357-b7176ec6da10/fetchFileTemp6434218544736999569.tmp has been previously copied to /tmp/spark-bad27c58-50ce-4995-81ad-7daf89b8b259/userFiles-6c7f9536-dd57-4ed4-a357-b7176ec6da10/org.apache.commons_commons-pool2-2.11.1.jar
[2024-06-27T19:00:42.222+0000] {docker.py:413} INFO - 24/06/27 19:00:42 INFO Executor: Adding file:/tmp/spark-bad27c58-50ce-4995-81ad-7daf89b8b259/userFiles-6c7f9536-dd57-4ed4-a357-b7176ec6da10/org.apache.commons_commons-pool2-2.11.1.jar to class loader default
[2024-06-27T19:00:42.227+0000] {docker.py:413} INFO - 24/06/27 19:00:42 INFO Utils: Successfully started service 'org.apache.spark.network.netty.NettyBlockTransferService' on port 35849.
[2024-06-27T19:00:42.228+0000] {docker.py:413} INFO - 24/06/27 19:00:42 INFO NettyBlockTransferService: Server created on localhost:35849
[2024-06-27T19:00:42.229+0000] {docker.py:413} INFO - 24/06/27 19:00:42 INFO BlockManager: Using org.apache.spark.storage.RandomBlockReplicationPolicy for block replication policy
[2024-06-27T19:00:42.233+0000] {docker.py:413} INFO - 24/06/27 19:00:42 INFO BlockManagerMaster: Registering BlockManager BlockManagerId(driver, localhost, 35849, None)
[2024-06-27T19:00:42.235+0000] {docker.py:413} INFO - 24/06/27 19:00:42 INFO BlockManagerMasterEndpoint: Registering block manager localhost:35849 with 434.4 MiB RAM, BlockManagerId(driver, localhost, 35849, None)
[2024-06-27T19:00:42.236+0000] {docker.py:413} INFO - 24/06/27 19:00:42 INFO BlockManagerMaster: Registered BlockManager BlockManagerId(driver, localhost, 35849, None)
[2024-06-27T19:00:42.237+0000] {docker.py:413} INFO - 24/06/27 19:00:42 INFO BlockManager: Initialized BlockManager: BlockManagerId(driver, localhost, 35849, None)
[2024-06-27T19:00:42.509+0000] {docker.py:413} INFO - 2024-06-27 19:00:42,508:create_spark_session:INFO:Spark session created successfully
[2024-06-27T19:00:42.512+0000] {docker.py:413} INFO - 24/06/27 19:00:42 INFO SharedState: Setting hive.metastore.warehouse.dir ('null') to the value of spark.sql.warehouse.dir.
[2024-06-27T19:00:42.513+0000] {docker.py:413} INFO - 24/06/27 19:00:42 INFO SharedState: Warehouse path is 'file:/opt/bitnami/spark/spark-warehouse'.
[2024-06-27T19:00:43.337+0000] {docker.py:413} INFO - 2024-06-27 19:00:43,336:create_initial_dataframe:INFO:Initial dataframe created successfully
[2024-06-27T19:00:43.588+0000] {docker.py:413} INFO - Traceback (most recent call last):
  File "/opt/bitnami/spark/spark_streaming.py", line 103, in <module>
    write_to_postgres()
  File "/opt/bitnami/spark/spark_streaming.py", line 99, in write_to_postgres
    start_streaming(df_final, spark=spark)
  File "/opt/bitnami/spark/spark_streaming.py", line 71, in start_streaming
[2024-06-27T19:00:43.588+0000] {docker.py:413} INFO - existing_data_df = spark.read.jdbc(
                       ^^^^^^^^^^^^^^^^
  File "/opt/bitnami/spark/python/lib/pyspark.zip/pyspark/sql/readwriter.py", line 946, in jdbc
[2024-06-27T19:00:43.591+0000] {docker.py:413} INFO - File "/opt/bitnami/spark/python/lib/py4j-0.10.9.7-src.zip/py4j/java_gateway.py", line 1322, in __call__
  File "/opt/bitnami/spark/python/lib/pyspark.zip/pyspark/errors/exceptions/captured.py", line 179, in deco
[2024-06-27T19:00:43.591+0000] {docker.py:413} INFO - File "/opt/bitnami/spark/python/lib/py4j-0.10.9.7-src.zip/py4j/protocol.py", line 326, in get_return_value
[2024-06-27T19:00:43.592+0000] {docker.py:413} INFO - py4j.protocol.Py4JJavaError
[2024-06-27T19:00:43.592+0000] {docker.py:413} INFO - : An error occurred while calling o50.jdbc.
: org.postgresql.util.PSQLException: Connection to host.docker.internal:5432 refused. Check that the hostname and port are correct and that the postmaster is accepting TCP/IP connections.
	at org.postgresql.core.v3.ConnectionFactoryImpl.openConnectionImpl(ConnectionFactoryImpl.java:342)
	at org.postgresql.core.ConnectionFactory.openConnection(ConnectionFactory.java:54)
	at org.postgresql.jdbc.PgConnection.<init>(PgConnection.java:253)
	at org.postgresql.Driver.makeConnection(Driver.java:434)
	at org.postgresql.Driver.connect(Driver.java:291)
	at org.apache.spark.sql.execution.datasources.jdbc.connection.BasicConnectionProvider.getConnection(BasicConnectionProvider.scala:49)
	at org.apache.spark.sql.execution.datasources.jdbc.connection.ConnectionProviderBase.create(ConnectionProvider.scala:102)
	at org.apache.spark.sql.jdbc.JdbcDialect.$anonfun$createConnectionFactory$1(JdbcDialects.scala:160)
	at org.apache.spark.sql.jdbc.JdbcDialect.$anonfun$createConnectionFactory$1$adapted(JdbcDialects.scala:156)
	at org.apache.spark.sql.execution.datasources.jdbc.JDBCRDD$.getQueryOutputSchema(JDBCRDD.scala:63)
	at org.apache.spark.sql.execution.datasources.jdbc.JDBCRDD$.resolveTable(JDBCRDD.scala:58)
	at org.apache.spark.sql.execution.datasources.jdbc.JDBCRelation$.getSchema(JDBCRelation.scala:241)
	at org.apache.spark.sql.execution.datasources.jdbc.JdbcRelationProvider.createRelation(JdbcRelationProvider.scala:37)
	at org.apache.spark.sql.execution.datasources.DataSource.resolveRelation(DataSource.scala:346)
	at org.apache.spark.sql.DataFrameReader.loadV1Source(DataFrameReader.scala:229)
	at org.apache.spark.sql.DataFrameReader.$anonfun$load$2(DataFrameReader.scala:211)
	at scala.Option.getOrElse(Option.scala:189)
	at org.apache.spark.sql.DataFrameReader.load(DataFrameReader.scala:211)
	at org.apache.spark.sql.DataFrameReader.load(DataFrameReader.scala:172)
	at org.apache.spark.sql.DataFrameReader.jdbc(DataFrameReader.scala:249)
	at java.base/jdk.internal.reflect.NativeMethodAccessorImpl.invoke0(Native Method)
	at java.base/jdk.internal.reflect.NativeMethodAccessorImpl.invoke(NativeMethodAccessorImpl.java:77)
	at java.base/jdk.internal.reflect.DelegatingMethodAccessorImpl.invoke(DelegatingMethodAccessorImpl.java:43)
	at java.base/java.lang.reflect.Method.invoke(Method.java:568)
	at py4j.reflection.MethodInvoker.invoke(MethodInvoker.java:244)
	at py4j.reflection.ReflectionEngine.invoke(ReflectionEngine.java:374)
	at py4j.Gateway.invoke(Gateway.java:282)
	at py4j.commands.AbstractCommand.invokeMethod(AbstractCommand.java:132)
	at py4j.commands.CallCommand.execute(CallCommand.java:79)
	at py4j.ClientServerConnection.waitForCommands(ClientServerConnection.java:182)
	at py4j.ClientServerConnection.run(ClientServerConnection.java:106)
	at java.base/java.lang.Thread.run(Thread.java:840)
Caused by: java.net.ConnectException: Connection refused
	at java.base/sun.nio.ch.Net.pollConnect(Native Method)
	at java.base/sun.nio.ch.Net.pollConnectNow(Net.java:672)
	at java.base/sun.nio.ch.NioSocketImpl.timedFinishConnect(NioSocketImpl.java:554)
	at java.base/sun.nio.ch.NioSocketImpl.connect(NioSocketImpl.java:602)
	at java.base/java.net.SocksSocketImpl.connect(SocksSocketImpl.java:327)
	at java.base/java.net.Socket.connect(Socket.java:633)
	at org.postgresql.core.PGStream.createSocket(PGStream.java:243)
	at org.postgresql.core.PGStream.<init>(PGStream.java:98)
	at org.postgresql.core.v3.ConnectionFactoryImpl.tryConnect(ConnectionFactoryImpl.java:132)
	at org.postgresql.core.v3.ConnectionFactoryImpl.openConnectionImpl(ConnectionFactoryImpl.java:258)
	... 31 more

2024-06-27 19:00:43,588:close:INFO:Closing down clientserver connection
[2024-06-27T19:00:43.612+0000] {docker.py:413} INFO - 24/06/27 19:00:43 INFO SparkContext: Invoking stop() from shutdown hook
[2024-06-27T19:00:43.613+0000] {docker.py:413} INFO - 24/06/27 19:00:43 INFO SparkContext: SparkContext is stopping with exitCode 0.
[2024-06-27T19:00:43.620+0000] {docker.py:413} INFO - 24/06/27 19:00:43 INFO SparkUI: Stopped Spark web UI at http://localhost:4040
[2024-06-27T19:00:43.627+0000] {docker.py:413} INFO - 24/06/27 19:00:43 INFO MapOutputTrackerMasterEndpoint: MapOutputTrackerMasterEndpoint stopped!
[2024-06-27T19:00:43.635+0000] {docker.py:413} INFO - 24/06/27 19:00:43 INFO MemoryStore: MemoryStore cleared
[2024-06-27T19:00:43.637+0000] {docker.py:413} INFO - 24/06/27 19:00:43 INFO BlockManager: BlockManager stopped
[2024-06-27T19:00:43.639+0000] {docker.py:413} INFO - 24/06/27 19:00:43 INFO BlockManagerMaster: BlockManagerMaster stopped
[2024-06-27T19:00:43.640+0000] {docker.py:413} INFO - 24/06/27 19:00:43 INFO OutputCommitCoordinator$OutputCommitCoordinatorEndpoint: OutputCommitCoordinator stopped!
[2024-06-27T19:00:43.647+0000] {docker.py:413} INFO - 24/06/27 19:00:43 INFO SparkContext: Successfully stopped SparkContext
[2024-06-27T19:00:43.647+0000] {docker.py:413} INFO - 24/06/27 19:00:43 INFO ShutdownHookManager: Shutdown hook called
[2024-06-27T19:00:43.648+0000] {docker.py:413} INFO - 24/06/27 19:00:43 INFO ShutdownHookManager: Deleting directory /tmp/spark-bad27c58-50ce-4995-81ad-7daf89b8b259
[2024-06-27T19:00:43.649+0000] {docker.py:413} INFO - 24/06/27 19:00:43 INFO ShutdownHookManager: Deleting directory /tmp/spark-560a9b80-4303-4acd-b9de-ab78377952cc
[2024-06-27T19:00:43.650+0000] {docker.py:413} INFO - 24/06/27 19:00:43 INFO ShutdownHookManager: Deleting directory /tmp/spark-bad27c58-50ce-4995-81ad-7daf89b8b259/pyspark-1c99d60b-04f7-47b9-8187-13a92bfd4f5b
[2024-06-27T19:00:43.883+0000] {taskinstance.py:1937} ERROR - Task failed with exception
Traceback (most recent call last):
  File "/home/airflow/.local/lib/python3.8/site-packages/docker/api/client.py", line 268, in _raise_for_status
    response.raise_for_status()
  File "/home/airflow/.local/lib/python3.8/site-packages/requests/models.py", line 1021, in raise_for_status
    raise HTTPError(http_error_msg, response=self)
requests.exceptions.HTTPError: 400 Client Error: Bad Request for url: http://docker-proxy:2375/v1.44/containers/create

The above exception was the direct cause of the following exception:

Traceback (most recent call last):
  File "/home/airflow/.local/lib/python3.8/site-packages/airflow/providers/docker/operators/docker.py", line 348, in _run_image
    return self._run_image_with_mounts([*self.mounts, tmp_mount], add_tmp_variable=True)
  File "/home/airflow/.local/lib/python3.8/site-packages/airflow/providers/docker/operators/docker.py", line 375, in _run_image_with_mounts
    self.container = self.cli.create_container(
  File "/home/airflow/.local/lib/python3.8/site-packages/docker/api/container.py", line 431, in create_container
    return self.create_container_from_config(config, name, platform)
  File "/home/airflow/.local/lib/python3.8/site-packages/docker/api/container.py", line 448, in create_container_from_config
    return self._result(res, True)
  File "/home/airflow/.local/lib/python3.8/site-packages/docker/api/client.py", line 274, in _result
    self._raise_for_status(response)
  File "/home/airflow/.local/lib/python3.8/site-packages/docker/api/client.py", line 270, in _raise_for_status
    raise create_api_error_from_http_exception(e) from e
  File "/home/airflow/.local/lib/python3.8/site-packages/docker/errors.py", line 39, in create_api_error_from_http_exception
    raise cls(e, response=response, explanation=explanation) from e
docker.errors.APIError: 400 Client Error for http://docker-proxy:2375/v1.44/containers/create: Bad Request ("invalid mount config for type "bind": bind source path does not exist: /host_mnt/private/tmp/airflowtmpvg12xunm")

During handling of the above exception, another exception occurred:

Traceback (most recent call last):
  File "/home/airflow/.local/lib/python3.8/site-packages/airflow/providers/docker/operators/docker.py", line 486, in execute
    return self._run_image()
  File "/home/airflow/.local/lib/python3.8/site-packages/airflow/providers/docker/operators/docker.py", line 357, in _run_image
    return self._run_image_with_mounts(self.mounts, add_tmp_variable=False)
  File "/home/airflow/.local/lib/python3.8/site-packages/airflow/providers/docker/operators/docker.py", line 421, in _run_image_with_mounts
    raise DockerContainerFailedException(f"Docker container failed: {result!r}", logs=log_lines)
airflow.providers.docker.exceptions.DockerContainerFailedException: Docker container failed: {'StatusCode': 1}
[2024-06-27T19:00:43.893+0000] {taskinstance.py:1400} INFO - Marking task as FAILED. dag_id=kafka_spark_dag, task_id=pyspark_consumer, execution_date=20240626T185921, start_date=20240627T190018, end_date=20240627T190043
[2024-06-27T19:00:43.903+0000] {standard_task_runner.py:104} ERROR - Failed to execute job 145 for task pyspark_consumer (Docker container failed: {'StatusCode': 1}; 1644)
[2024-06-27T19:00:43.939+0000] {local_task_job_runner.py:228} INFO - Task exited with return code 1
[2024-06-27T19:00:43.950+0000] {taskinstance.py:2778} INFO - 0 downstream tasks scheduled from follow-on schedule check
