[2024-06-27T20:54:43.669+0000] {taskinstance.py:1159} INFO - Dependencies all met for dep_context=non-requeueable deps ti=<TaskInstance: kafka_spark_dag.pyspark_consumer manual__2024-06-27T20:54:40.945791+00:00 [queued]>
[2024-06-27T20:54:43.673+0000] {taskinstance.py:1159} INFO - Dependencies all met for dep_context=requeueable deps ti=<TaskInstance: kafka_spark_dag.pyspark_consumer manual__2024-06-27T20:54:40.945791+00:00 [queued]>
[2024-06-27T20:54:43.673+0000] {taskinstance.py:1361} INFO - Starting attempt 1 of 2
[2024-06-27T20:54:43.678+0000] {taskinstance.py:1382} INFO - Executing <Task(DockerOperator): pyspark_consumer> on 2024-06-27 20:54:40.945791+00:00
[2024-06-27T20:54:43.681+0000] {standard_task_runner.py:57} INFO - Started process 904 to run task
[2024-06-27T20:54:43.683+0000] {standard_task_runner.py:84} INFO - Running: ['***', 'tasks', 'run', 'kafka_spark_dag', 'pyspark_consumer', 'manual__2024-06-27T20:54:40.945791+00:00', '--job-id', '155', '--raw', '--subdir', 'DAGS_FOLDER/dag_kafka_spark.py', '--cfg-path', '/tmp/tmpxcd3c9k7']
[2024-06-27T20:54:43.684+0000] {standard_task_runner.py:85} INFO - Job 155: Subtask pyspark_consumer
[2024-06-27T20:54:43.706+0000] {task_command.py:416} INFO - Running <TaskInstance: kafka_spark_dag.pyspark_consumer manual__2024-06-27T20:54:40.945791+00:00 [running]> on host cd176cdca805
[2024-06-27T20:54:43.737+0000] {taskinstance.py:1662} INFO - Exporting env vars: AIRFLOW_CTX_DAG_OWNER='***' AIRFLOW_CTX_DAG_ID='kafka_spark_dag' AIRFLOW_CTX_TASK_ID='pyspark_consumer' AIRFLOW_CTX_EXECUTION_DATE='2024-06-27T20:54:40.945791+00:00' AIRFLOW_CTX_TRY_NUMBER='1' AIRFLOW_CTX_DAG_RUN_ID='manual__2024-06-27T20:54:40.945791+00:00'
[2024-06-27T20:54:43.793+0000] {docker.py:343} INFO - Starting docker container from image current-headlines/spark:latest
[2024-06-27T20:54:43.841+0000] {docker.py:351} WARNING - Using remote engine or docker-in-docker and mounting temporary volume from host is not supported. Falling back to `mount_tmp_dir=False` mode. You can set `mount_tmp_dir` parameter to False to disable mounting and remove the warning
[2024-06-27T20:54:43.995+0000] {docker.py:413} INFO - [38;5;6mspark [38;5;5m20:54:43.99 [0m[38;5;2mINFO [0m ==>
[2024-06-27T20:54:43.996+0000] {docker.py:413} INFO - [38;5;6mspark [38;5;5m20:54:43.99 [0m[38;5;2mINFO [0m ==> [1mWelcome to the Bitnami spark container[0m
[2024-06-27T20:54:43.996+0000] {docker.py:413} INFO - [38;5;6mspark [38;5;5m20:54:43.99 [0m[38;5;2mINFO [0m ==> Subscribe to project updates by watching [1mhttps://github.com/bitnami/containers[0m
[2024-06-27T20:54:43.997+0000] {docker.py:413} INFO - [38;5;6mspark [38;5;5m20:54:43.99 [0m[38;5;2mINFO [0m ==> Submit issues and feature requests at [1mhttps://github.com/bitnami/containers/issues[0m
[2024-06-27T20:54:43.998+0000] {docker.py:413} INFO - [38;5;6mspark [38;5;5m20:54:43.99 [0m[38;5;2mINFO [0m ==>
[2024-06-27T20:54:44.008+0000] {docker.py:413} INFO - 
[2024-06-27T20:54:44.843+0000] {docker.py:413} INFO - :: loading settings :: url = jar:file:/opt/bitnami/spark/jars/ivy-2.5.1.jar!/org/apache/ivy/core/settings/ivysettings.xml
[2024-06-27T20:54:44.877+0000] {docker.py:413} INFO - Ivy Default Cache set to: /opt/bitnami/spark/.ivy2/cache
The jars for the packages stored in: /opt/bitnami/spark/.ivy2/jars
[2024-06-27T20:54:44.879+0000] {docker.py:413} INFO - org.postgresql#postgresql added as a dependency
org.apache.spark#spark-sql-kafka-0-10_2.12 added as a dependency
[2024-06-27T20:54:44.880+0000] {docker.py:413} INFO - :: resolving dependencies :: org.apache.spark#spark-submit-parent-46ecf11b-4bf8-43cf-96b9-b31ad52a4bbd;1.0
	confs: [default]
[2024-06-27T20:54:45.211+0000] {docker.py:413} INFO - found org.postgresql#postgresql;42.5.4 in central
[2024-06-27T20:54:45.243+0000] {docker.py:413} INFO - found org.checkerframework#checker-qual;3.5.0 in central
[2024-06-27T20:54:45.933+0000] {docker.py:413} INFO - found org.apache.spark#spark-sql-kafka-0-10_2.12;3.5.0 in central
[2024-06-27T20:54:46.069+0000] {docker.py:413} INFO - found org.apache.spark#spark-token-provider-kafka-0-10_2.12;3.5.0 in central
[2024-06-27T20:54:46.101+0000] {docker.py:413} INFO - found org.apache.kafka#kafka-clients;3.4.1 in central
[2024-06-27T20:54:46.136+0000] {docker.py:413} INFO - found org.lz4#lz4-java;1.8.0 in central
[2024-06-27T20:54:46.173+0000] {docker.py:413} INFO - found org.xerial.snappy#snappy-java;1.1.10.3 in central
[2024-06-27T20:54:46.378+0000] {docker.py:413} INFO - found org.slf4j#slf4j-api;2.0.7 in central
[2024-06-27T20:54:46.773+0000] {docker.py:413} INFO - found org.apache.hadoop#hadoop-client-runtime;3.3.4 in central
[2024-06-27T20:54:46.825+0000] {docker.py:413} INFO - found org.apache.hadoop#hadoop-client-api;3.3.4 in central
[2024-06-27T20:54:47.099+0000] {docker.py:413} INFO - found commons-logging#commons-logging;1.1.3 in central
[2024-06-27T20:54:47.128+0000] {docker.py:413} INFO - found com.google.code.findbugs#jsr305;3.0.0 in central
[2024-06-27T20:54:47.496+0000] {docker.py:413} INFO - found org.apache.commons#commons-pool2;2.11.1 in central
[2024-06-27T20:54:47.511+0000] {docker.py:413} INFO - downloading https://repo1.maven.org/maven2/org/postgresql/postgresql/42.5.4/postgresql-42.5.4.jar ...
[2024-06-27T20:54:47.571+0000] {docker.py:413} INFO - [SUCCESSFUL ] org.postgresql#postgresql;42.5.4!postgresql.jar (71ms)
[2024-06-27T20:54:47.584+0000] {docker.py:413} INFO - downloading https://repo1.maven.org/maven2/org/apache/spark/spark-sql-kafka-0-10_2.12/3.5.0/spark-sql-kafka-0-10_2.12-3.5.0.jar ...
[2024-06-27T20:54:47.612+0000] {docker.py:413} INFO - [SUCCESSFUL ] org.apache.spark#spark-sql-kafka-0-10_2.12;3.5.0!spark-sql-kafka-0-10_2.12.jar (40ms)
[2024-06-27T20:54:47.621+0000] {docker.py:413} INFO - downloading https://repo1.maven.org/maven2/org/checkerframework/checker-qual/3.5.0/checker-qual-3.5.0.jar ...
[2024-06-27T20:54:47.639+0000] {docker.py:413} INFO - [SUCCESSFUL ] org.checkerframework#checker-qual;3.5.0!checker-qual.jar (27ms)
[2024-06-27T20:54:47.649+0000] {docker.py:413} INFO - downloading https://repo1.maven.org/maven2/org/apache/spark/spark-token-provider-kafka-0-10_2.12/3.5.0/spark-token-provider-kafka-0-10_2.12-3.5.0.jar ...
[2024-06-27T20:54:47.664+0000] {docker.py:413} INFO - [SUCCESSFUL ] org.apache.spark#spark-token-provider-kafka-0-10_2.12;3.5.0!spark-token-provider-kafka-0-10_2.12.jar (25ms)
[2024-06-27T20:54:47.675+0000] {docker.py:413} INFO - downloading https://repo1.maven.org/maven2/org/apache/kafka/kafka-clients/3.4.1/kafka-clients-3.4.1.jar ...
[2024-06-27T20:54:47.908+0000] {docker.py:413} INFO - [SUCCESSFUL ] org.apache.kafka#kafka-clients;3.4.1!kafka-clients.jar (243ms)
[2024-06-27T20:54:47.919+0000] {docker.py:413} INFO - downloading https://repo1.maven.org/maven2/com/google/code/findbugs/jsr305/3.0.0/jsr305-3.0.0.jar ...
[2024-06-27T20:54:47.933+0000] {docker.py:413} INFO - [SUCCESSFUL ] com.google.code.findbugs#jsr305;3.0.0!jsr305.jar (24ms)
[2024-06-27T20:54:47.945+0000] {docker.py:413} INFO - downloading https://repo1.maven.org/maven2/org/apache/commons/commons-pool2/2.11.1/commons-pool2-2.11.1.jar ...
[2024-06-27T20:54:47.962+0000] {docker.py:413} INFO - [SUCCESSFUL ] org.apache.commons#commons-pool2;2.11.1!commons-pool2.jar (28ms)
[2024-06-27T20:54:47.975+0000] {docker.py:413} INFO - downloading https://repo1.maven.org/maven2/org/apache/hadoop/hadoop-client-runtime/3.3.4/hadoop-client-runtime-3.3.4.jar ...
[2024-06-27T20:54:49.175+0000] {docker.py:413} INFO - [SUCCESSFUL ] org.apache.hadoop#hadoop-client-runtime;3.3.4!hadoop-client-runtime.jar (1207ms)
[2024-06-27T20:54:49.187+0000] {docker.py:413} INFO - downloading https://repo1.maven.org/maven2/org/lz4/lz4-java/1.8.0/lz4-java-1.8.0.jar ...
[2024-06-27T20:54:49.228+0000] {docker.py:413} INFO - [SUCCESSFUL ] org.lz4#lz4-java;1.8.0!lz4-java.jar (57ms)
[2024-06-27T20:54:49.243+0000] {docker.py:413} INFO - downloading https://repo1.maven.org/maven2/org/xerial/snappy/snappy-java/1.1.10.3/snappy-java-1.1.10.3.jar ...
[2024-06-27T20:54:49.318+0000] {docker.py:413} INFO - [SUCCESSFUL ] org.xerial.snappy#snappy-java;1.1.10.3!snappy-java.jar(bundle) (90ms)
[2024-06-27T20:54:49.331+0000] {docker.py:413} INFO - downloading https://repo1.maven.org/maven2/org/slf4j/slf4j-api/2.0.7/slf4j-api-2.0.7.jar ...
[2024-06-27T20:54:49.348+0000] {docker.py:413} INFO - [SUCCESSFUL ] org.slf4j#slf4j-api;2.0.7!slf4j-api.jar (29ms)
[2024-06-27T20:54:49.360+0000] {docker.py:413} INFO - downloading https://repo1.maven.org/maven2/org/apache/hadoop/hadoop-client-api/3.3.4/hadoop-client-api-3.3.4.jar ...
[2024-06-27T20:54:50.083+0000] {docker.py:413} INFO - [SUCCESSFUL ] org.apache.hadoop#hadoop-client-api;3.3.4!hadoop-client-api.jar (734ms)
[2024-06-27T20:54:50.094+0000] {docker.py:413} INFO - downloading https://repo1.maven.org/maven2/commons-logging/commons-logging/1.1.3/commons-logging-1.1.3.jar ...
[2024-06-27T20:54:50.113+0000] {docker.py:413} INFO - [SUCCESSFUL ] commons-logging#commons-logging;1.1.3!commons-logging.jar (29ms)
[2024-06-27T20:54:50.113+0000] {docker.py:413} INFO - :: resolution report :: resolve 2620ms :: artifacts dl 2613ms
[2024-06-27T20:54:50.114+0000] {docker.py:413} INFO - :: modules in use:
[2024-06-27T20:54:50.114+0000] {docker.py:413} INFO - com.google.code.findbugs#jsr305;3.0.0 from central in [default]
	commons-logging#commons-logging;1.1.3 from central in [default]
[2024-06-27T20:54:50.115+0000] {docker.py:413} INFO - org.apache.commons#commons-pool2;2.11.1 from central in [default]
	org.apache.hadoop#hadoop-client-api;3.3.4 from central in [default]
	org.apache.hadoop#hadoop-client-runtime;3.3.4 from central in [default]
	org.apache.kafka#kafka-clients;3.4.1 from central in [default]
	org.apache.spark#spark-sql-kafka-0-10_2.12;3.5.0 from central in [default]
	org.apache.spark#spark-token-provider-kafka-0-10_2.12;3.5.0 from central in [default]
	org.checkerframework#checker-qual;3.5.0 from central in [default]
[2024-06-27T20:54:50.115+0000] {docker.py:413} INFO - org.lz4#lz4-java;1.8.0 from central in [default]
	org.postgresql#postgresql;42.5.4 from central in [default]
	org.slf4j#slf4j-api;2.0.7 from central in [default]
	org.xerial.snappy#snappy-java;1.1.10.3 from central in [default]
	---------------------------------------------------------------------
	|                  |            modules            ||   artifacts   |
	|       conf       | number| search|dwnlded|evicted|| number|dwnlded|
	---------------------------------------------------------------------
[2024-06-27T20:54:50.115+0000] {docker.py:413} INFO - |      default     |   13  |   13  |   13  |   0   ||   13  |   13  |
	---------------------------------------------------------------------
[2024-06-27T20:54:50.117+0000] {docker.py:413} INFO - :: retrieving :: org.apache.spark#spark-submit-parent-46ecf11b-4bf8-43cf-96b9-b31ad52a4bbd
	confs: [default]
[2024-06-27T20:54:50.154+0000] {docker.py:413} INFO - 13 artifacts copied, 0 already retrieved (58001kB/36ms)
[2024-06-27T20:54:50.256+0000] {docker.py:413} INFO - 24/06/27 20:54:50 WARN NativeCodeLoader: Unable to load native-hadoop library for your platform... using builtin-java classes where applicable
[2024-06-27T20:54:50.805+0000] {docker.py:413} INFO - 24/06/27 20:54:50 INFO SparkContext: Running Spark version 3.5.0
[2024-06-27T20:54:50.806+0000] {docker.py:413} INFO - 24/06/27 20:54:50 INFO SparkContext: OS info Linux, 6.6.12-linuxkit, aarch64
[2024-06-27T20:54:50.806+0000] {docker.py:413} INFO - 24/06/27 20:54:50 INFO SparkContext: Java version 17.0.10
[2024-06-27T20:54:50.818+0000] {docker.py:413} INFO - 24/06/27 20:54:50 INFO ResourceUtils: ==============================================================
[2024-06-27T20:54:50.818+0000] {docker.py:413} INFO - 24/06/27 20:54:50 INFO ResourceUtils: No custom resources configured for spark.driver.
[2024-06-27T20:54:50.818+0000] {docker.py:413} INFO - 24/06/27 20:54:50 INFO ResourceUtils: ==============================================================
[2024-06-27T20:54:50.818+0000] {docker.py:413} INFO - 24/06/27 20:54:50 INFO SparkContext: Submitted application: PostgreSQL Connection with PySpark
[2024-06-27T20:54:50.828+0000] {docker.py:413} INFO - 24/06/27 20:54:50 INFO ResourceProfile: Default ResourceProfile created, executor resources: Map(cores -> name: cores, amount: 1, script: , vendor: , memory -> name: memory, amount: 1024, script: , vendor: , offHeap -> name: offHeap, amount: 0, script: , vendor: ), task resources: Map(cpus -> name: cpus, amount: 1.0)
[2024-06-27T20:54:50.832+0000] {docker.py:413} INFO - 24/06/27 20:54:50 INFO ResourceProfile: Limiting resource is cpu
[2024-06-27T20:54:50.832+0000] {docker.py:413} INFO - 24/06/27 20:54:50 INFO ResourceProfileManager: Added ResourceProfile id: 0
[2024-06-27T20:54:50.858+0000] {docker.py:413} INFO - 24/06/27 20:54:50 INFO SecurityManager: Changing view acls to: spark
[2024-06-27T20:54:50.858+0000] {docker.py:413} INFO - 24/06/27 20:54:50 INFO SecurityManager: Changing modify acls to: spark
[2024-06-27T20:54:50.859+0000] {docker.py:413} INFO - 24/06/27 20:54:50 INFO SecurityManager: Changing view acls groups to:
[2024-06-27T20:54:50.859+0000] {docker.py:413} INFO - 24/06/27 20:54:50 INFO SecurityManager: Changing modify acls groups to:
[2024-06-27T20:54:50.859+0000] {docker.py:413} INFO - 24/06/27 20:54:50 INFO SecurityManager: SecurityManager: authentication disabled; ui acls disabled; users with view permissions: spark; groups with view permissions: EMPTY; users with modify permissions: spark; groups with modify permissions: EMPTY
[2024-06-27T20:54:50.964+0000] {docker.py:413} INFO - 24/06/27 20:54:50 INFO Utils: Successfully started service 'sparkDriver' on port 38981.
[2024-06-27T20:54:50.979+0000] {docker.py:413} INFO - 24/06/27 20:54:50 INFO SparkEnv: Registering MapOutputTracker
[2024-06-27T20:54:50.995+0000] {docker.py:413} INFO - 24/06/27 20:54:50 INFO SparkEnv: Registering BlockManagerMaster
[2024-06-27T20:54:51.004+0000] {docker.py:413} INFO - 24/06/27 20:54:51 INFO BlockManagerMasterEndpoint: Using org.apache.spark.storage.DefaultTopologyMapper for getting topology information
[2024-06-27T20:54:51.004+0000] {docker.py:413} INFO - 24/06/27 20:54:51 INFO BlockManagerMasterEndpoint: BlockManagerMasterEndpoint up
[2024-06-27T20:54:51.006+0000] {docker.py:413} INFO - 24/06/27 20:54:51 INFO SparkEnv: Registering BlockManagerMasterHeartbeat
[2024-06-27T20:54:51.017+0000] {docker.py:413} INFO - 24/06/27 20:54:51 INFO DiskBlockManager: Created local directory at /tmp/blockmgr-74386d41-0ae1-48bb-93ef-fe2d321bac2c
[2024-06-27T20:54:51.029+0000] {docker.py:413} INFO - 24/06/27 20:54:51 INFO MemoryStore: MemoryStore started with capacity 434.4 MiB
[2024-06-27T20:54:51.037+0000] {docker.py:413} INFO - 24/06/27 20:54:51 INFO SparkEnv: Registering OutputCommitCoordinator
[2024-06-27T20:54:51.100+0000] {docker.py:413} INFO - 24/06/27 20:54:51 INFO JettyUtils: Start Jetty 0.0.0.0:4040 for SparkUI
[2024-06-27T20:54:51.134+0000] {docker.py:413} INFO - 24/06/27 20:54:51 INFO Utils: Successfully started service 'SparkUI' on port 4040.
[2024-06-27T20:54:51.154+0000] {docker.py:413} INFO - 24/06/27 20:54:51 INFO SparkContext: Added JAR file:///opt/bitnami/spark/.ivy2/jars/org.postgresql_postgresql-42.5.4.jar at spark://localhost:38981/jars/org.postgresql_postgresql-42.5.4.jar with timestamp 1719521690801
[2024-06-27T20:54:51.154+0000] {docker.py:413} INFO - 24/06/27 20:54:51 INFO SparkContext: Added JAR file:///opt/bitnami/spark/.ivy2/jars/org.apache.spark_spark-sql-kafka-0-10_2.12-3.5.0.jar at spark://localhost:38981/jars/org.apache.spark_spark-sql-kafka-0-10_2.12-3.5.0.jar with timestamp 1719521690801
[2024-06-27T20:54:51.155+0000] {docker.py:413} INFO - 24/06/27 20:54:51 INFO SparkContext: Added JAR file:///opt/bitnami/spark/.ivy2/jars/org.checkerframework_checker-qual-3.5.0.jar at spark://localhost:38981/jars/org.checkerframework_checker-qual-3.5.0.jar with timestamp 1719521690801
[2024-06-27T20:54:51.155+0000] {docker.py:413} INFO - 24/06/27 20:54:51 INFO SparkContext: Added JAR file:///opt/bitnami/spark/.ivy2/jars/org.apache.spark_spark-token-provider-kafka-0-10_2.12-3.5.0.jar at spark://localhost:38981/jars/org.apache.spark_spark-token-provider-kafka-0-10_2.12-3.5.0.jar with timestamp 1719521690801
[2024-06-27T20:54:51.155+0000] {docker.py:413} INFO - 24/06/27 20:54:51 INFO SparkContext: Added JAR file:///opt/bitnami/spark/.ivy2/jars/org.apache.kafka_kafka-clients-3.4.1.jar at spark://localhost:38981/jars/org.apache.kafka_kafka-clients-3.4.1.jar with timestamp 1719521690801
24/06/27 20:54:51 INFO SparkContext: Added JAR file:///opt/bitnami/spark/.ivy2/jars/com.google.code.findbugs_jsr305-3.0.0.jar at spark://localhost:38981/jars/com.google.code.findbugs_jsr305-3.0.0.jar with timestamp 1719521690801
[2024-06-27T20:54:51.155+0000] {docker.py:413} INFO - 24/06/27 20:54:51 INFO SparkContext: Added JAR file:///opt/bitnami/spark/.ivy2/jars/org.apache.commons_commons-pool2-2.11.1.jar at spark://localhost:38981/jars/org.apache.commons_commons-pool2-2.11.1.jar with timestamp 1719521690801
[2024-06-27T20:54:51.156+0000] {docker.py:413} INFO - 24/06/27 20:54:51 INFO SparkContext: Added JAR file:///opt/bitnami/spark/.ivy2/jars/org.apache.hadoop_hadoop-client-runtime-3.3.4.jar at spark://localhost:38981/jars/org.apache.hadoop_hadoop-client-runtime-3.3.4.jar with timestamp 1719521690801
24/06/27 20:54:51 INFO SparkContext: Added JAR file:///opt/bitnami/spark/.ivy2/jars/org.lz4_lz4-java-1.8.0.jar at spark://localhost:38981/jars/org.lz4_lz4-java-1.8.0.jar with timestamp 1719521690801
[2024-06-27T20:54:51.156+0000] {docker.py:413} INFO - 24/06/27 20:54:51 INFO SparkContext: Added JAR file:///opt/bitnami/spark/.ivy2/jars/org.xerial.snappy_snappy-java-1.1.10.3.jar at spark://localhost:38981/jars/org.xerial.snappy_snappy-java-1.1.10.3.jar with timestamp 1719521690801
[2024-06-27T20:54:51.156+0000] {docker.py:413} INFO - 24/06/27 20:54:51 INFO SparkContext: Added JAR file:///opt/bitnami/spark/.ivy2/jars/org.slf4j_slf4j-api-2.0.7.jar at spark://localhost:38981/jars/org.slf4j_slf4j-api-2.0.7.jar with timestamp 1719521690801
[2024-06-27T20:54:51.156+0000] {docker.py:413} INFO - 24/06/27 20:54:51 INFO SparkContext: Added JAR file:///opt/bitnami/spark/.ivy2/jars/org.apache.hadoop_hadoop-client-api-3.3.4.jar at spark://localhost:38981/jars/org.apache.hadoop_hadoop-client-api-3.3.4.jar with timestamp 1719521690801
[2024-06-27T20:54:51.157+0000] {docker.py:413} INFO - 24/06/27 20:54:51 INFO SparkContext: Added JAR file:///opt/bitnami/spark/.ivy2/jars/commons-logging_commons-logging-1.1.3.jar at spark://localhost:38981/jars/commons-logging_commons-logging-1.1.3.jar with timestamp 1719521690801
[2024-06-27T20:54:51.157+0000] {docker.py:413} INFO - 24/06/27 20:54:51 INFO SparkContext: Added file file:///opt/bitnami/spark/.ivy2/jars/org.postgresql_postgresql-42.5.4.jar at file:///opt/bitnami/spark/.ivy2/jars/org.postgresql_postgresql-42.5.4.jar with timestamp 1719521690801
[2024-06-27T20:54:51.157+0000] {docker.py:413} INFO - 24/06/27 20:54:51 INFO Utils: Copying /opt/bitnami/spark/.ivy2/jars/org.postgresql_postgresql-42.5.4.jar to /tmp/spark-8dca11c1-0fff-4476-af9f-4831df93d030/userFiles-60fd96f5-5163-41df-b2f9-a62bc2bed6b7/org.postgresql_postgresql-42.5.4.jar
[2024-06-27T20:54:51.162+0000] {docker.py:413} INFO - 24/06/27 20:54:51 INFO SparkContext: Added file file:///opt/bitnami/spark/.ivy2/jars/org.apache.spark_spark-sql-kafka-0-10_2.12-3.5.0.jar at file:///opt/bitnami/spark/.ivy2/jars/org.apache.spark_spark-sql-kafka-0-10_2.12-3.5.0.jar with timestamp 1719521690801
[2024-06-27T20:54:51.163+0000] {docker.py:413} INFO - 24/06/27 20:54:51 INFO Utils: Copying /opt/bitnami/spark/.ivy2/jars/org.apache.spark_spark-sql-kafka-0-10_2.12-3.5.0.jar to /tmp/spark-8dca11c1-0fff-4476-af9f-4831df93d030/userFiles-60fd96f5-5163-41df-b2f9-a62bc2bed6b7/org.apache.spark_spark-sql-kafka-0-10_2.12-3.5.0.jar
[2024-06-27T20:54:51.164+0000] {docker.py:413} INFO - 24/06/27 20:54:51 INFO SparkContext: Added file file:///opt/bitnami/spark/.ivy2/jars/org.checkerframework_checker-qual-3.5.0.jar at file:///opt/bitnami/spark/.ivy2/jars/org.checkerframework_checker-qual-3.5.0.jar with timestamp 1719521690801
[2024-06-27T20:54:51.165+0000] {docker.py:413} INFO - 24/06/27 20:54:51 INFO Utils: Copying /opt/bitnami/spark/.ivy2/jars/org.checkerframework_checker-qual-3.5.0.jar to /tmp/spark-8dca11c1-0fff-4476-af9f-4831df93d030/userFiles-60fd96f5-5163-41df-b2f9-a62bc2bed6b7/org.checkerframework_checker-qual-3.5.0.jar
[2024-06-27T20:54:51.166+0000] {docker.py:413} INFO - 24/06/27 20:54:51 INFO SparkContext: Added file file:///opt/bitnami/spark/.ivy2/jars/org.apache.spark_spark-token-provider-kafka-0-10_2.12-3.5.0.jar at file:///opt/bitnami/spark/.ivy2/jars/org.apache.spark_spark-token-provider-kafka-0-10_2.12-3.5.0.jar with timestamp 1719521690801
[2024-06-27T20:54:51.166+0000] {docker.py:413} INFO - 24/06/27 20:54:51 INFO Utils: Copying /opt/bitnami/spark/.ivy2/jars/org.apache.spark_spark-token-provider-kafka-0-10_2.12-3.5.0.jar to /tmp/spark-8dca11c1-0fff-4476-af9f-4831df93d030/userFiles-60fd96f5-5163-41df-b2f9-a62bc2bed6b7/org.apache.spark_spark-token-provider-kafka-0-10_2.12-3.5.0.jar
[2024-06-27T20:54:51.168+0000] {docker.py:413} INFO - 24/06/27 20:54:51 INFO SparkContext: Added file file:///opt/bitnami/spark/.ivy2/jars/org.apache.kafka_kafka-clients-3.4.1.jar at file:///opt/bitnami/spark/.ivy2/jars/org.apache.kafka_kafka-clients-3.4.1.jar with timestamp 1719521690801
[2024-06-27T20:54:51.168+0000] {docker.py:413} INFO - 24/06/27 20:54:51 INFO Utils: Copying /opt/bitnami/spark/.ivy2/jars/org.apache.kafka_kafka-clients-3.4.1.jar to /tmp/spark-8dca11c1-0fff-4476-af9f-4831df93d030/userFiles-60fd96f5-5163-41df-b2f9-a62bc2bed6b7/org.apache.kafka_kafka-clients-3.4.1.jar
[2024-06-27T20:54:51.173+0000] {docker.py:413} INFO - 24/06/27 20:54:51 INFO SparkContext: Added file file:///opt/bitnami/spark/.ivy2/jars/com.google.code.findbugs_jsr305-3.0.0.jar at file:///opt/bitnami/spark/.ivy2/jars/com.google.code.findbugs_jsr305-3.0.0.jar with timestamp 1719521690801
[2024-06-27T20:54:51.173+0000] {docker.py:413} INFO - 24/06/27 20:54:51 INFO Utils: Copying /opt/bitnami/spark/.ivy2/jars/com.google.code.findbugs_jsr305-3.0.0.jar to /tmp/spark-8dca11c1-0fff-4476-af9f-4831df93d030/userFiles-60fd96f5-5163-41df-b2f9-a62bc2bed6b7/com.google.code.findbugs_jsr305-3.0.0.jar
[2024-06-27T20:54:51.175+0000] {docker.py:413} INFO - 24/06/27 20:54:51 INFO SparkContext: Added file file:///opt/bitnami/spark/.ivy2/jars/org.apache.commons_commons-pool2-2.11.1.jar at file:///opt/bitnami/spark/.ivy2/jars/org.apache.commons_commons-pool2-2.11.1.jar with timestamp 1719521690801
[2024-06-27T20:54:51.175+0000] {docker.py:413} INFO - 24/06/27 20:54:51 INFO Utils: Copying /opt/bitnami/spark/.ivy2/jars/org.apache.commons_commons-pool2-2.11.1.jar to /tmp/spark-8dca11c1-0fff-4476-af9f-4831df93d030/userFiles-60fd96f5-5163-41df-b2f9-a62bc2bed6b7/org.apache.commons_commons-pool2-2.11.1.jar
[2024-06-27T20:54:51.176+0000] {docker.py:413} INFO - 24/06/27 20:54:51 INFO SparkContext: Added file file:///opt/bitnami/spark/.ivy2/jars/org.apache.hadoop_hadoop-client-runtime-3.3.4.jar at file:///opt/bitnami/spark/.ivy2/jars/org.apache.hadoop_hadoop-client-runtime-3.3.4.jar with timestamp 1719521690801
[2024-06-27T20:54:51.177+0000] {docker.py:413} INFO - 24/06/27 20:54:51 INFO Utils: Copying /opt/bitnami/spark/.ivy2/jars/org.apache.hadoop_hadoop-client-runtime-3.3.4.jar to /tmp/spark-8dca11c1-0fff-4476-af9f-4831df93d030/userFiles-60fd96f5-5163-41df-b2f9-a62bc2bed6b7/org.apache.hadoop_hadoop-client-runtime-3.3.4.jar
[2024-06-27T20:54:51.203+0000] {docker.py:413} INFO - 24/06/27 20:54:51 INFO SparkContext: Added file file:///opt/bitnami/spark/.ivy2/jars/org.lz4_lz4-java-1.8.0.jar at file:///opt/bitnami/spark/.ivy2/jars/org.lz4_lz4-java-1.8.0.jar with timestamp 1719521690801
[2024-06-27T20:54:51.204+0000] {docker.py:413} INFO - 24/06/27 20:54:51 INFO Utils: Copying /opt/bitnami/spark/.ivy2/jars/org.lz4_lz4-java-1.8.0.jar to /tmp/spark-8dca11c1-0fff-4476-af9f-4831df93d030/userFiles-60fd96f5-5163-41df-b2f9-a62bc2bed6b7/org.lz4_lz4-java-1.8.0.jar
[2024-06-27T20:54:51.205+0000] {docker.py:413} INFO - 24/06/27 20:54:51 INFO SparkContext: Added file file:///opt/bitnami/spark/.ivy2/jars/org.xerial.snappy_snappy-java-1.1.10.3.jar at file:///opt/bitnami/spark/.ivy2/jars/org.xerial.snappy_snappy-java-1.1.10.3.jar with timestamp 1719521690801
24/06/27 20:54:51 INFO Utils: Copying /opt/bitnami/spark/.ivy2/jars/org.xerial.snappy_snappy-java-1.1.10.3.jar to /tmp/spark-8dca11c1-0fff-4476-af9f-4831df93d030/userFiles-60fd96f5-5163-41df-b2f9-a62bc2bed6b7/org.xerial.snappy_snappy-java-1.1.10.3.jar
[2024-06-27T20:54:51.208+0000] {docker.py:413} INFO - 24/06/27 20:54:51 INFO SparkContext: Added file file:///opt/bitnami/spark/.ivy2/jars/org.slf4j_slf4j-api-2.0.7.jar at file:///opt/bitnami/spark/.ivy2/jars/org.slf4j_slf4j-api-2.0.7.jar with timestamp 1719521690801
[2024-06-27T20:54:51.209+0000] {docker.py:413} INFO - 24/06/27 20:54:51 INFO Utils: Copying /opt/bitnami/spark/.ivy2/jars/org.slf4j_slf4j-api-2.0.7.jar to /tmp/spark-8dca11c1-0fff-4476-af9f-4831df93d030/userFiles-60fd96f5-5163-41df-b2f9-a62bc2bed6b7/org.slf4j_slf4j-api-2.0.7.jar
[2024-06-27T20:54:51.210+0000] {docker.py:413} INFO - 24/06/27 20:54:51 INFO SparkContext: Added file file:///opt/bitnami/spark/.ivy2/jars/org.apache.hadoop_hadoop-client-api-3.3.4.jar at file:///opt/bitnami/spark/.ivy2/jars/org.apache.hadoop_hadoop-client-api-3.3.4.jar with timestamp 1719521690801
[2024-06-27T20:54:51.210+0000] {docker.py:413} INFO - 24/06/27 20:54:51 INFO Utils: Copying /opt/bitnami/spark/.ivy2/jars/org.apache.hadoop_hadoop-client-api-3.3.4.jar to /tmp/spark-8dca11c1-0fff-4476-af9f-4831df93d030/userFiles-60fd96f5-5163-41df-b2f9-a62bc2bed6b7/org.apache.hadoop_hadoop-client-api-3.3.4.jar
[2024-06-27T20:54:51.227+0000] {docker.py:413} INFO - 24/06/27 20:54:51 INFO SparkContext: Added file file:///opt/bitnami/spark/.ivy2/jars/commons-logging_commons-logging-1.1.3.jar at file:///opt/bitnami/spark/.ivy2/jars/commons-logging_commons-logging-1.1.3.jar with timestamp 1719521690801
[2024-06-27T20:54:51.227+0000] {docker.py:413} INFO - 24/06/27 20:54:51 INFO Utils: Copying /opt/bitnami/spark/.ivy2/jars/commons-logging_commons-logging-1.1.3.jar to /tmp/spark-8dca11c1-0fff-4476-af9f-4831df93d030/userFiles-60fd96f5-5163-41df-b2f9-a62bc2bed6b7/commons-logging_commons-logging-1.1.3.jar
[2024-06-27T20:54:51.261+0000] {docker.py:413} INFO - 24/06/27 20:54:51 INFO Executor: Starting executor ID driver on host localhost
[2024-06-27T20:54:51.261+0000] {docker.py:413} INFO - 24/06/27 20:54:51 INFO Executor: OS info Linux, 6.6.12-linuxkit, aarch64
[2024-06-27T20:54:51.261+0000] {docker.py:413} INFO - 24/06/27 20:54:51 INFO Executor: Java version 17.0.10
[2024-06-27T20:54:51.264+0000] {docker.py:413} INFO - 24/06/27 20:54:51 INFO Executor: Starting executor with user classpath (userClassPathFirst = false): ''
[2024-06-27T20:54:51.265+0000] {docker.py:413} INFO - 24/06/27 20:54:51 INFO Executor: Created or updated repl class loader org.apache.spark.util.MutableURLClassLoader@35140877 for default.
[2024-06-27T20:54:51.271+0000] {docker.py:413} INFO - 24/06/27 20:54:51 INFO Executor: Fetching file:///opt/bitnami/spark/.ivy2/jars/org.apache.spark_spark-token-provider-kafka-0-10_2.12-3.5.0.jar with timestamp 1719521690801
[2024-06-27T20:54:51.279+0000] {docker.py:413} INFO - 24/06/27 20:54:51 INFO Utils: /opt/bitnami/spark/.ivy2/jars/org.apache.spark_spark-token-provider-kafka-0-10_2.12-3.5.0.jar has been previously copied to /tmp/spark-8dca11c1-0fff-4476-af9f-4831df93d030/userFiles-60fd96f5-5163-41df-b2f9-a62bc2bed6b7/org.apache.spark_spark-token-provider-kafka-0-10_2.12-3.5.0.jar
[2024-06-27T20:54:51.280+0000] {docker.py:413} INFO - 24/06/27 20:54:51 INFO Executor: Fetching file:///opt/bitnami/spark/.ivy2/jars/org.apache.hadoop_hadoop-client-runtime-3.3.4.jar with timestamp 1719521690801
[2024-06-27T20:54:51.300+0000] {docker.py:413} INFO - 24/06/27 20:54:51 INFO Utils: /opt/bitnami/spark/.ivy2/jars/org.apache.hadoop_hadoop-client-runtime-3.3.4.jar has been previously copied to /tmp/spark-8dca11c1-0fff-4476-af9f-4831df93d030/userFiles-60fd96f5-5163-41df-b2f9-a62bc2bed6b7/org.apache.hadoop_hadoop-client-runtime-3.3.4.jar
[2024-06-27T20:54:51.302+0000] {docker.py:413} INFO - 24/06/27 20:54:51 INFO Executor: Fetching file:///opt/bitnami/spark/.ivy2/jars/org.apache.commons_commons-pool2-2.11.1.jar with timestamp 1719521690801
[2024-06-27T20:54:51.302+0000] {docker.py:413} INFO - 24/06/27 20:54:51 INFO Utils: /opt/bitnami/spark/.ivy2/jars/org.apache.commons_commons-pool2-2.11.1.jar has been previously copied to /tmp/spark-8dca11c1-0fff-4476-af9f-4831df93d030/userFiles-60fd96f5-5163-41df-b2f9-a62bc2bed6b7/org.apache.commons_commons-pool2-2.11.1.jar
[2024-06-27T20:54:51.303+0000] {docker.py:413} INFO - 24/06/27 20:54:51 INFO Executor: Fetching file:///opt/bitnami/spark/.ivy2/jars/org.postgresql_postgresql-42.5.4.jar with timestamp 1719521690801
[2024-06-27T20:54:51.304+0000] {docker.py:413} INFO - 24/06/27 20:54:51 INFO Utils: /opt/bitnami/spark/.ivy2/jars/org.postgresql_postgresql-42.5.4.jar has been previously copied to /tmp/spark-8dca11c1-0fff-4476-af9f-4831df93d030/userFiles-60fd96f5-5163-41df-b2f9-a62bc2bed6b7/org.postgresql_postgresql-42.5.4.jar
[2024-06-27T20:54:51.306+0000] {docker.py:413} INFO - 24/06/27 20:54:51 INFO Executor: Fetching file:///opt/bitnami/spark/.ivy2/jars/org.slf4j_slf4j-api-2.0.7.jar with timestamp 1719521690801
[2024-06-27T20:54:51.306+0000] {docker.py:413} INFO - 24/06/27 20:54:51 INFO Utils: /opt/bitnami/spark/.ivy2/jars/org.slf4j_slf4j-api-2.0.7.jar has been previously copied to /tmp/spark-8dca11c1-0fff-4476-af9f-4831df93d030/userFiles-60fd96f5-5163-41df-b2f9-a62bc2bed6b7/org.slf4j_slf4j-api-2.0.7.jar
[2024-06-27T20:54:51.307+0000] {docker.py:413} INFO - 24/06/27 20:54:51 INFO Executor: Fetching file:///opt/bitnami/spark/.ivy2/jars/org.apache.kafka_kafka-clients-3.4.1.jar with timestamp 1719521690801
[2024-06-27T20:54:51.310+0000] {docker.py:413} INFO - 24/06/27 20:54:51 INFO Utils: /opt/bitnami/spark/.ivy2/jars/org.apache.kafka_kafka-clients-3.4.1.jar has been previously copied to /tmp/spark-8dca11c1-0fff-4476-af9f-4831df93d030/userFiles-60fd96f5-5163-41df-b2f9-a62bc2bed6b7/org.apache.kafka_kafka-clients-3.4.1.jar
[2024-06-27T20:54:51.312+0000] {docker.py:413} INFO - 24/06/27 20:54:51 INFO Executor: Fetching file:///opt/bitnami/spark/.ivy2/jars/com.google.code.findbugs_jsr305-3.0.0.jar with timestamp 1719521690801
[2024-06-27T20:54:51.312+0000] {docker.py:413} INFO - 24/06/27 20:54:51 INFO Utils: /opt/bitnami/spark/.ivy2/jars/com.google.code.findbugs_jsr305-3.0.0.jar has been previously copied to /tmp/spark-8dca11c1-0fff-4476-af9f-4831df93d030/userFiles-60fd96f5-5163-41df-b2f9-a62bc2bed6b7/com.google.code.findbugs_jsr305-3.0.0.jar
[2024-06-27T20:54:51.313+0000] {docker.py:413} INFO - 24/06/27 20:54:51 INFO Executor: Fetching file:///opt/bitnami/spark/.ivy2/jars/org.lz4_lz4-java-1.8.0.jar with timestamp 1719521690801
[2024-06-27T20:54:51.314+0000] {docker.py:413} INFO - 24/06/27 20:54:51 INFO Utils: /opt/bitnami/spark/.ivy2/jars/org.lz4_lz4-java-1.8.0.jar has been previously copied to /tmp/spark-8dca11c1-0fff-4476-af9f-4831df93d030/userFiles-60fd96f5-5163-41df-b2f9-a62bc2bed6b7/org.lz4_lz4-java-1.8.0.jar
[2024-06-27T20:54:51.315+0000] {docker.py:413} INFO - 24/06/27 20:54:51 INFO Executor: Fetching file:///opt/bitnami/spark/.ivy2/jars/org.apache.spark_spark-sql-kafka-0-10_2.12-3.5.0.jar with timestamp 1719521690801
[2024-06-27T20:54:51.315+0000] {docker.py:413} INFO - 24/06/27 20:54:51 INFO Utils: /opt/bitnami/spark/.ivy2/jars/org.apache.spark_spark-sql-kafka-0-10_2.12-3.5.0.jar has been previously copied to /tmp/spark-8dca11c1-0fff-4476-af9f-4831df93d030/userFiles-60fd96f5-5163-41df-b2f9-a62bc2bed6b7/org.apache.spark_spark-sql-kafka-0-10_2.12-3.5.0.jar
[2024-06-27T20:54:51.317+0000] {docker.py:413} INFO - 24/06/27 20:54:51 INFO Executor: Fetching file:///opt/bitnami/spark/.ivy2/jars/org.apache.hadoop_hadoop-client-api-3.3.4.jar with timestamp 1719521690801
[2024-06-27T20:54:51.325+0000] {docker.py:413} INFO - 24/06/27 20:54:51 INFO Utils: /opt/bitnami/spark/.ivy2/jars/org.apache.hadoop_hadoop-client-api-3.3.4.jar has been previously copied to /tmp/spark-8dca11c1-0fff-4476-af9f-4831df93d030/userFiles-60fd96f5-5163-41df-b2f9-a62bc2bed6b7/org.apache.hadoop_hadoop-client-api-3.3.4.jar
[2024-06-27T20:54:51.327+0000] {docker.py:413} INFO - 24/06/27 20:54:51 INFO Executor: Fetching file:///opt/bitnami/spark/.ivy2/jars/commons-logging_commons-logging-1.1.3.jar with timestamp 1719521690801
[2024-06-27T20:54:51.327+0000] {docker.py:413} INFO - 24/06/27 20:54:51 INFO Utils: /opt/bitnami/spark/.ivy2/jars/commons-logging_commons-logging-1.1.3.jar has been previously copied to /tmp/spark-8dca11c1-0fff-4476-af9f-4831df93d030/userFiles-60fd96f5-5163-41df-b2f9-a62bc2bed6b7/commons-logging_commons-logging-1.1.3.jar
[2024-06-27T20:54:51.328+0000] {docker.py:413} INFO - 24/06/27 20:54:51 INFO Executor: Fetching file:///opt/bitnami/spark/.ivy2/jars/org.checkerframework_checker-qual-3.5.0.jar with timestamp 1719521690801
[2024-06-27T20:54:51.329+0000] {docker.py:413} INFO - 24/06/27 20:54:51 INFO Utils: /opt/bitnami/spark/.ivy2/jars/org.checkerframework_checker-qual-3.5.0.jar has been previously copied to /tmp/spark-8dca11c1-0fff-4476-af9f-4831df93d030/userFiles-60fd96f5-5163-41df-b2f9-a62bc2bed6b7/org.checkerframework_checker-qual-3.5.0.jar
[2024-06-27T20:54:51.330+0000] {docker.py:413} INFO - 24/06/27 20:54:51 INFO Executor: Fetching file:///opt/bitnami/spark/.ivy2/jars/org.xerial.snappy_snappy-java-1.1.10.3.jar with timestamp 1719521690801
[2024-06-27T20:54:51.331+0000] {docker.py:413} INFO - 24/06/27 20:54:51 INFO Utils: /opt/bitnami/spark/.ivy2/jars/org.xerial.snappy_snappy-java-1.1.10.3.jar has been previously copied to /tmp/spark-8dca11c1-0fff-4476-af9f-4831df93d030/userFiles-60fd96f5-5163-41df-b2f9-a62bc2bed6b7/org.xerial.snappy_snappy-java-1.1.10.3.jar
[2024-06-27T20:54:51.334+0000] {docker.py:413} INFO - 24/06/27 20:54:51 INFO Executor: Fetching spark://localhost:38981/jars/commons-logging_commons-logging-1.1.3.jar with timestamp 1719521690801
[2024-06-27T20:54:51.357+0000] {docker.py:413} INFO - 24/06/27 20:54:51 INFO TransportClientFactory: Successfully created connection to localhost/127.0.0.1:38981 after 16 ms (0 ms spent in bootstraps)
[2024-06-27T20:54:51.362+0000] {docker.py:413} INFO - 24/06/27 20:54:51 INFO Utils: Fetching spark://localhost:38981/jars/commons-logging_commons-logging-1.1.3.jar to /tmp/spark-8dca11c1-0fff-4476-af9f-4831df93d030/userFiles-60fd96f5-5163-41df-b2f9-a62bc2bed6b7/fetchFileTemp12010920683511973940.tmp
[2024-06-27T20:54:51.375+0000] {docker.py:413} INFO - 24/06/27 20:54:51 INFO Utils: /tmp/spark-8dca11c1-0fff-4476-af9f-4831df93d030/userFiles-60fd96f5-5163-41df-b2f9-a62bc2bed6b7/fetchFileTemp12010920683511973940.tmp has been previously copied to /tmp/spark-8dca11c1-0fff-4476-af9f-4831df93d030/userFiles-60fd96f5-5163-41df-b2f9-a62bc2bed6b7/commons-logging_commons-logging-1.1.3.jar
[2024-06-27T20:54:51.379+0000] {docker.py:413} INFO - 24/06/27 20:54:51 INFO Executor: Adding file:/tmp/spark-8dca11c1-0fff-4476-af9f-4831df93d030/userFiles-60fd96f5-5163-41df-b2f9-a62bc2bed6b7/commons-logging_commons-logging-1.1.3.jar to class loader default
24/06/27 20:54:51 INFO Executor: Fetching spark://localhost:38981/jars/org.xerial.snappy_snappy-java-1.1.10.3.jar with timestamp 1719521690801
[2024-06-27T20:54:51.379+0000] {docker.py:413} INFO - 24/06/27 20:54:51 INFO Utils: Fetching spark://localhost:38981/jars/org.xerial.snappy_snappy-java-1.1.10.3.jar to /tmp/spark-8dca11c1-0fff-4476-af9f-4831df93d030/userFiles-60fd96f5-5163-41df-b2f9-a62bc2bed6b7/fetchFileTemp4676486532198549610.tmp
[2024-06-27T20:54:51.384+0000] {docker.py:413} INFO - 24/06/27 20:54:51 INFO Utils: /tmp/spark-8dca11c1-0fff-4476-af9f-4831df93d030/userFiles-60fd96f5-5163-41df-b2f9-a62bc2bed6b7/fetchFileTemp4676486532198549610.tmp has been previously copied to /tmp/spark-8dca11c1-0fff-4476-af9f-4831df93d030/userFiles-60fd96f5-5163-41df-b2f9-a62bc2bed6b7/org.xerial.snappy_snappy-java-1.1.10.3.jar
[2024-06-27T20:54:51.386+0000] {docker.py:413} INFO - 24/06/27 20:54:51 INFO Executor: Adding file:/tmp/spark-8dca11c1-0fff-4476-af9f-4831df93d030/userFiles-60fd96f5-5163-41df-b2f9-a62bc2bed6b7/org.xerial.snappy_snappy-java-1.1.10.3.jar to class loader default
[2024-06-27T20:54:51.387+0000] {docker.py:413} INFO - 24/06/27 20:54:51 INFO Executor: Fetching spark://localhost:38981/jars/org.apache.hadoop_hadoop-client-runtime-3.3.4.jar with timestamp 1719521690801
[2024-06-27T20:54:51.387+0000] {docker.py:413} INFO - 24/06/27 20:54:51 INFO Utils: Fetching spark://localhost:38981/jars/org.apache.hadoop_hadoop-client-runtime-3.3.4.jar to /tmp/spark-8dca11c1-0fff-4476-af9f-4831df93d030/userFiles-60fd96f5-5163-41df-b2f9-a62bc2bed6b7/fetchFileTemp8748777662982589454.tmp
[2024-06-27T20:54:51.453+0000] {docker.py:413} INFO - 24/06/27 20:54:51 INFO Utils: /tmp/spark-8dca11c1-0fff-4476-af9f-4831df93d030/userFiles-60fd96f5-5163-41df-b2f9-a62bc2bed6b7/fetchFileTemp8748777662982589454.tmp has been previously copied to /tmp/spark-8dca11c1-0fff-4476-af9f-4831df93d030/userFiles-60fd96f5-5163-41df-b2f9-a62bc2bed6b7/org.apache.hadoop_hadoop-client-runtime-3.3.4.jar
[2024-06-27T20:54:51.456+0000] {docker.py:413} INFO - 24/06/27 20:54:51 INFO Executor: Adding file:/tmp/spark-8dca11c1-0fff-4476-af9f-4831df93d030/userFiles-60fd96f5-5163-41df-b2f9-a62bc2bed6b7/org.apache.hadoop_hadoop-client-runtime-3.3.4.jar to class loader default
[2024-06-27T20:54:51.457+0000] {docker.py:413} INFO - 24/06/27 20:54:51 INFO Executor: Fetching spark://localhost:38981/jars/com.google.code.findbugs_jsr305-3.0.0.jar with timestamp 1719521690801
[2024-06-27T20:54:51.457+0000] {docker.py:413} INFO - 24/06/27 20:54:51 INFO Utils: Fetching spark://localhost:38981/jars/com.google.code.findbugs_jsr305-3.0.0.jar to /tmp/spark-8dca11c1-0fff-4476-af9f-4831df93d030/userFiles-60fd96f5-5163-41df-b2f9-a62bc2bed6b7/fetchFileTemp16600031851427394772.tmp
[2024-06-27T20:54:51.458+0000] {docker.py:413} INFO - 24/06/27 20:54:51 INFO Utils: /tmp/spark-8dca11c1-0fff-4476-af9f-4831df93d030/userFiles-60fd96f5-5163-41df-b2f9-a62bc2bed6b7/fetchFileTemp16600031851427394772.tmp has been previously copied to /tmp/spark-8dca11c1-0fff-4476-af9f-4831df93d030/userFiles-60fd96f5-5163-41df-b2f9-a62bc2bed6b7/com.google.code.findbugs_jsr305-3.0.0.jar
[2024-06-27T20:54:51.460+0000] {docker.py:413} INFO - 24/06/27 20:54:51 INFO Executor: Adding file:/tmp/spark-8dca11c1-0fff-4476-af9f-4831df93d030/userFiles-60fd96f5-5163-41df-b2f9-a62bc2bed6b7/com.google.code.findbugs_jsr305-3.0.0.jar to class loader default
[2024-06-27T20:54:51.460+0000] {docker.py:413} INFO - 24/06/27 20:54:51 INFO Executor: Fetching spark://localhost:38981/jars/org.apache.commons_commons-pool2-2.11.1.jar with timestamp 1719521690801
[2024-06-27T20:54:51.460+0000] {docker.py:413} INFO - 24/06/27 20:54:51 INFO Utils: Fetching spark://localhost:38981/jars/org.apache.commons_commons-pool2-2.11.1.jar to /tmp/spark-8dca11c1-0fff-4476-af9f-4831df93d030/userFiles-60fd96f5-5163-41df-b2f9-a62bc2bed6b7/fetchFileTemp5785488088501561951.tmp
[2024-06-27T20:54:51.461+0000] {docker.py:413} INFO - 24/06/27 20:54:51 INFO Utils: /tmp/spark-8dca11c1-0fff-4476-af9f-4831df93d030/userFiles-60fd96f5-5163-41df-b2f9-a62bc2bed6b7/fetchFileTemp5785488088501561951.tmp has been previously copied to /tmp/spark-8dca11c1-0fff-4476-af9f-4831df93d030/userFiles-60fd96f5-5163-41df-b2f9-a62bc2bed6b7/org.apache.commons_commons-pool2-2.11.1.jar
[2024-06-27T20:54:51.462+0000] {docker.py:413} INFO - 24/06/27 20:54:51 INFO Executor: Adding file:/tmp/spark-8dca11c1-0fff-4476-af9f-4831df93d030/userFiles-60fd96f5-5163-41df-b2f9-a62bc2bed6b7/org.apache.commons_commons-pool2-2.11.1.jar to class loader default
[2024-06-27T20:54:51.463+0000] {docker.py:413} INFO - 24/06/27 20:54:51 INFO Executor: Fetching spark://localhost:38981/jars/org.apache.kafka_kafka-clients-3.4.1.jar with timestamp 1719521690801
[2024-06-27T20:54:51.463+0000] {docker.py:413} INFO - 24/06/27 20:54:51 INFO Utils: Fetching spark://localhost:38981/jars/org.apache.kafka_kafka-clients-3.4.1.jar to /tmp/spark-8dca11c1-0fff-4476-af9f-4831df93d030/userFiles-60fd96f5-5163-41df-b2f9-a62bc2bed6b7/fetchFileTemp2802196009941358876.tmp
[2024-06-27T20:54:51.473+0000] {docker.py:413} INFO - 24/06/27 20:54:51 INFO Utils: /tmp/spark-8dca11c1-0fff-4476-af9f-4831df93d030/userFiles-60fd96f5-5163-41df-b2f9-a62bc2bed6b7/fetchFileTemp2802196009941358876.tmp has been previously copied to /tmp/spark-8dca11c1-0fff-4476-af9f-4831df93d030/userFiles-60fd96f5-5163-41df-b2f9-a62bc2bed6b7/org.apache.kafka_kafka-clients-3.4.1.jar
[2024-06-27T20:54:51.476+0000] {docker.py:413} INFO - 24/06/27 20:54:51 INFO Executor: Adding file:/tmp/spark-8dca11c1-0fff-4476-af9f-4831df93d030/userFiles-60fd96f5-5163-41df-b2f9-a62bc2bed6b7/org.apache.kafka_kafka-clients-3.4.1.jar to class loader default
[2024-06-27T20:54:51.476+0000] {docker.py:413} INFO - 24/06/27 20:54:51 INFO Executor: Fetching spark://localhost:38981/jars/org.apache.hadoop_hadoop-client-api-3.3.4.jar with timestamp 1719521690801
[2024-06-27T20:54:51.476+0000] {docker.py:413} INFO - 24/06/27 20:54:51 INFO Utils: Fetching spark://localhost:38981/jars/org.apache.hadoop_hadoop-client-api-3.3.4.jar to /tmp/spark-8dca11c1-0fff-4476-af9f-4831df93d030/userFiles-60fd96f5-5163-41df-b2f9-a62bc2bed6b7/fetchFileTemp10660149804404540659.tmp
[2024-06-27T20:54:51.510+0000] {docker.py:413} INFO - 24/06/27 20:54:51 INFO Utils: /tmp/spark-8dca11c1-0fff-4476-af9f-4831df93d030/userFiles-60fd96f5-5163-41df-b2f9-a62bc2bed6b7/fetchFileTemp10660149804404540659.tmp has been previously copied to /tmp/spark-8dca11c1-0fff-4476-af9f-4831df93d030/userFiles-60fd96f5-5163-41df-b2f9-a62bc2bed6b7/org.apache.hadoop_hadoop-client-api-3.3.4.jar
[2024-06-27T20:54:51.512+0000] {docker.py:413} INFO - 24/06/27 20:54:51 INFO Executor: Adding file:/tmp/spark-8dca11c1-0fff-4476-af9f-4831df93d030/userFiles-60fd96f5-5163-41df-b2f9-a62bc2bed6b7/org.apache.hadoop_hadoop-client-api-3.3.4.jar to class loader default
[2024-06-27T20:54:51.513+0000] {docker.py:413} INFO - 24/06/27 20:54:51 INFO Executor: Fetching spark://localhost:38981/jars/org.slf4j_slf4j-api-2.0.7.jar with timestamp 1719521690801
[2024-06-27T20:54:51.513+0000] {docker.py:413} INFO - 24/06/27 20:54:51 INFO Utils: Fetching spark://localhost:38981/jars/org.slf4j_slf4j-api-2.0.7.jar to /tmp/spark-8dca11c1-0fff-4476-af9f-4831df93d030/userFiles-60fd96f5-5163-41df-b2f9-a62bc2bed6b7/fetchFileTemp10540297357798867305.tmp
[2024-06-27T20:54:51.514+0000] {docker.py:413} INFO - 24/06/27 20:54:51 INFO Utils: /tmp/spark-8dca11c1-0fff-4476-af9f-4831df93d030/userFiles-60fd96f5-5163-41df-b2f9-a62bc2bed6b7/fetchFileTemp10540297357798867305.tmp has been previously copied to /tmp/spark-8dca11c1-0fff-4476-af9f-4831df93d030/userFiles-60fd96f5-5163-41df-b2f9-a62bc2bed6b7/org.slf4j_slf4j-api-2.0.7.jar
[2024-06-27T20:54:51.516+0000] {docker.py:413} INFO - 24/06/27 20:54:51 INFO Executor: Adding file:/tmp/spark-8dca11c1-0fff-4476-af9f-4831df93d030/userFiles-60fd96f5-5163-41df-b2f9-a62bc2bed6b7/org.slf4j_slf4j-api-2.0.7.jar to class loader default
[2024-06-27T20:54:51.516+0000] {docker.py:413} INFO - 24/06/27 20:54:51 INFO Executor: Fetching spark://localhost:38981/jars/org.lz4_lz4-java-1.8.0.jar with timestamp 1719521690801
[2024-06-27T20:54:51.516+0000] {docker.py:413} INFO - 24/06/27 20:54:51 INFO Utils: Fetching spark://localhost:38981/jars/org.lz4_lz4-java-1.8.0.jar to /tmp/spark-8dca11c1-0fff-4476-af9f-4831df93d030/userFiles-60fd96f5-5163-41df-b2f9-a62bc2bed6b7/fetchFileTemp5853398477581612987.tmp
[2024-06-27T20:54:51.517+0000] {docker.py:413} INFO - 24/06/27 20:54:51 INFO Utils: /tmp/spark-8dca11c1-0fff-4476-af9f-4831df93d030/userFiles-60fd96f5-5163-41df-b2f9-a62bc2bed6b7/fetchFileTemp5853398477581612987.tmp has been previously copied to /tmp/spark-8dca11c1-0fff-4476-af9f-4831df93d030/userFiles-60fd96f5-5163-41df-b2f9-a62bc2bed6b7/org.lz4_lz4-java-1.8.0.jar
[2024-06-27T20:54:51.519+0000] {docker.py:413} INFO - 24/06/27 20:54:51 INFO Executor: Adding file:/tmp/spark-8dca11c1-0fff-4476-af9f-4831df93d030/userFiles-60fd96f5-5163-41df-b2f9-a62bc2bed6b7/org.lz4_lz4-java-1.8.0.jar to class loader default
[2024-06-27T20:54:51.519+0000] {docker.py:413} INFO - 24/06/27 20:54:51 INFO Executor: Fetching spark://localhost:38981/jars/org.apache.spark_spark-token-provider-kafka-0-10_2.12-3.5.0.jar with timestamp 1719521690801
[2024-06-27T20:54:51.519+0000] {docker.py:413} INFO - 24/06/27 20:54:51 INFO Utils: Fetching spark://localhost:38981/jars/org.apache.spark_spark-token-provider-kafka-0-10_2.12-3.5.0.jar to /tmp/spark-8dca11c1-0fff-4476-af9f-4831df93d030/userFiles-60fd96f5-5163-41df-b2f9-a62bc2bed6b7/fetchFileTemp11985242232908068104.tmp
[2024-06-27T20:54:51.520+0000] {docker.py:413} INFO - 24/06/27 20:54:51 INFO Utils: /tmp/spark-8dca11c1-0fff-4476-af9f-4831df93d030/userFiles-60fd96f5-5163-41df-b2f9-a62bc2bed6b7/fetchFileTemp11985242232908068104.tmp has been previously copied to /tmp/spark-8dca11c1-0fff-4476-af9f-4831df93d030/userFiles-60fd96f5-5163-41df-b2f9-a62bc2bed6b7/org.apache.spark_spark-token-provider-kafka-0-10_2.12-3.5.0.jar
[2024-06-27T20:54:51.521+0000] {docker.py:413} INFO - 24/06/27 20:54:51 INFO Executor: Adding file:/tmp/spark-8dca11c1-0fff-4476-af9f-4831df93d030/userFiles-60fd96f5-5163-41df-b2f9-a62bc2bed6b7/org.apache.spark_spark-token-provider-kafka-0-10_2.12-3.5.0.jar to class loader default
[2024-06-27T20:54:51.522+0000] {docker.py:413} INFO - 24/06/27 20:54:51 INFO Executor: Fetching spark://localhost:38981/jars/org.apache.spark_spark-sql-kafka-0-10_2.12-3.5.0.jar with timestamp 1719521690801
[2024-06-27T20:54:51.522+0000] {docker.py:413} INFO - 24/06/27 20:54:51 INFO Utils: Fetching spark://localhost:38981/jars/org.apache.spark_spark-sql-kafka-0-10_2.12-3.5.0.jar to /tmp/spark-8dca11c1-0fff-4476-af9f-4831df93d030/userFiles-60fd96f5-5163-41df-b2f9-a62bc2bed6b7/fetchFileTemp9000862328183007264.tmp
[2024-06-27T20:54:51.523+0000] {docker.py:413} INFO - 24/06/27 20:54:51 INFO Utils: /tmp/spark-8dca11c1-0fff-4476-af9f-4831df93d030/userFiles-60fd96f5-5163-41df-b2f9-a62bc2bed6b7/fetchFileTemp9000862328183007264.tmp has been previously copied to /tmp/spark-8dca11c1-0fff-4476-af9f-4831df93d030/userFiles-60fd96f5-5163-41df-b2f9-a62bc2bed6b7/org.apache.spark_spark-sql-kafka-0-10_2.12-3.5.0.jar
[2024-06-27T20:54:51.524+0000] {docker.py:413} INFO - 24/06/27 20:54:51 INFO Executor: Adding file:/tmp/spark-8dca11c1-0fff-4476-af9f-4831df93d030/userFiles-60fd96f5-5163-41df-b2f9-a62bc2bed6b7/org.apache.spark_spark-sql-kafka-0-10_2.12-3.5.0.jar to class loader default
[2024-06-27T20:54:51.525+0000] {docker.py:413} INFO - 24/06/27 20:54:51 INFO Executor: Fetching spark://localhost:38981/jars/org.checkerframework_checker-qual-3.5.0.jar with timestamp 1719521690801
[2024-06-27T20:54:51.525+0000] {docker.py:413} INFO - 24/06/27 20:54:51 INFO Utils: Fetching spark://localhost:38981/jars/org.checkerframework_checker-qual-3.5.0.jar to /tmp/spark-8dca11c1-0fff-4476-af9f-4831df93d030/userFiles-60fd96f5-5163-41df-b2f9-a62bc2bed6b7/fetchFileTemp8808376750088309576.tmp
[2024-06-27T20:54:51.526+0000] {docker.py:413} INFO - 24/06/27 20:54:51 INFO Utils: /tmp/spark-8dca11c1-0fff-4476-af9f-4831df93d030/userFiles-60fd96f5-5163-41df-b2f9-a62bc2bed6b7/fetchFileTemp8808376750088309576.tmp has been previously copied to /tmp/spark-8dca11c1-0fff-4476-af9f-4831df93d030/userFiles-60fd96f5-5163-41df-b2f9-a62bc2bed6b7/org.checkerframework_checker-qual-3.5.0.jar
[2024-06-27T20:54:51.527+0000] {docker.py:413} INFO - 24/06/27 20:54:51 INFO Executor: Adding file:/tmp/spark-8dca11c1-0fff-4476-af9f-4831df93d030/userFiles-60fd96f5-5163-41df-b2f9-a62bc2bed6b7/org.checkerframework_checker-qual-3.5.0.jar to class loader default
[2024-06-27T20:54:51.528+0000] {docker.py:413} INFO - 24/06/27 20:54:51 INFO Executor: Fetching spark://localhost:38981/jars/org.postgresql_postgresql-42.5.4.jar with timestamp 1719521690801
[2024-06-27T20:54:51.528+0000] {docker.py:413} INFO - 24/06/27 20:54:51 INFO Utils: Fetching spark://localhost:38981/jars/org.postgresql_postgresql-42.5.4.jar to /tmp/spark-8dca11c1-0fff-4476-af9f-4831df93d030/userFiles-60fd96f5-5163-41df-b2f9-a62bc2bed6b7/fetchFileTemp9170814488201421856.tmp
[2024-06-27T20:54:51.530+0000] {docker.py:413} INFO - 24/06/27 20:54:51 INFO Utils: /tmp/spark-8dca11c1-0fff-4476-af9f-4831df93d030/userFiles-60fd96f5-5163-41df-b2f9-a62bc2bed6b7/fetchFileTemp9170814488201421856.tmp has been previously copied to /tmp/spark-8dca11c1-0fff-4476-af9f-4831df93d030/userFiles-60fd96f5-5163-41df-b2f9-a62bc2bed6b7/org.postgresql_postgresql-42.5.4.jar
[2024-06-27T20:54:51.531+0000] {docker.py:413} INFO - 24/06/27 20:54:51 INFO Executor: Adding file:/tmp/spark-8dca11c1-0fff-4476-af9f-4831df93d030/userFiles-60fd96f5-5163-41df-b2f9-a62bc2bed6b7/org.postgresql_postgresql-42.5.4.jar to class loader default
[2024-06-27T20:54:51.536+0000] {docker.py:413} INFO - 24/06/27 20:54:51 INFO Utils: Successfully started service 'org.apache.spark.network.netty.NettyBlockTransferService' on port 37601.
[2024-06-27T20:54:51.536+0000] {docker.py:413} INFO - 24/06/27 20:54:51 INFO NettyBlockTransferService: Server created on localhost:37601
[2024-06-27T20:54:51.537+0000] {docker.py:413} INFO - 24/06/27 20:54:51 INFO BlockManager: Using org.apache.spark.storage.RandomBlockReplicationPolicy for block replication policy
[2024-06-27T20:54:51.540+0000] {docker.py:413} INFO - 24/06/27 20:54:51 INFO BlockManagerMaster: Registering BlockManager BlockManagerId(driver, localhost, 37601, None)
[2024-06-27T20:54:51.541+0000] {docker.py:413} INFO - 24/06/27 20:54:51 INFO BlockManagerMasterEndpoint: Registering block manager localhost:37601 with 434.4 MiB RAM, BlockManagerId(driver, localhost, 37601, None)
[2024-06-27T20:54:51.543+0000] {docker.py:413} INFO - 24/06/27 20:54:51 INFO BlockManagerMaster: Registered BlockManager BlockManagerId(driver, localhost, 37601, None)
[2024-06-27T20:54:51.543+0000] {docker.py:413} INFO - 24/06/27 20:54:51 INFO BlockManager: Initialized BlockManager: BlockManagerId(driver, localhost, 37601, None)
[2024-06-27T20:54:51.744+0000] {docker.py:413} INFO - 2024-06-27 20:54:51,743:create_spark_session:INFO:Spark session created successfully
[2024-06-27T20:54:51.747+0000] {docker.py:413} INFO - 24/06/27 20:54:51 INFO SharedState: Setting hive.metastore.warehouse.dir ('null') to the value of spark.sql.warehouse.dir.
[2024-06-27T20:54:51.748+0000] {docker.py:413} INFO - 24/06/27 20:54:51 INFO SharedState: Warehouse path is 'file:/opt/bitnami/spark/spark-warehouse'.
[2024-06-27T20:54:52.468+0000] {docker.py:413} INFO - 2024-06-27 20:54:52,467:create_initial_dataframe:INFO:Initial dataframe created successfully
[2024-06-27T20:54:57.741+0000] {docker.py:413} INFO - Traceback (most recent call last):
  File "/opt/bitnami/spark/spark_streaming.py", line 103, in <module>
[2024-06-27T20:54:57.742+0000] {docker.py:413} INFO - write_to_postgres()
  File "/opt/bitnami/spark/spark_streaming.py", line 99, in write_to_postgres
[2024-06-27T20:54:57.742+0000] {docker.py:413} INFO - start_streaming(df_final, spark=spark)
  File "/opt/bitnami/spark/spark_streaming.py", line 71, in start_streaming
[2024-06-27T20:54:57.743+0000] {docker.py:413} INFO - existing_data_df = spark.read.jdbc(
                       ^^^^^^^^^^^^^^^^
  File "/opt/bitnami/spark/python/lib/pyspark.zip/pyspark/sql/readwriter.py", line 946, in jdbc
[2024-06-27T20:54:57.743+0000] {docker.py:413} INFO - File "/opt/bitnami/spark/python/lib/py4j-0.10.9.7-src.zip/py4j/java_gateway.py", line 1322, in __call__
[2024-06-27T20:54:57.743+0000] {docker.py:413} INFO - File "/opt/bitnami/spark/python/lib/pyspark.zip/pyspark/errors/exceptions/captured.py", line 179, in deco
[2024-06-27T20:54:57.744+0000] {docker.py:413} INFO - File "/opt/bitnami/spark/python/lib/py4j-0.10.9.7-src.zip/py4j/protocol.py", line 326, in get_return_value
[2024-06-27T20:54:57.744+0000] {docker.py:413} INFO - py4j.protocol.Py4JJavaError
[2024-06-27T20:54:57.744+0000] {docker.py:413} INFO - : An error occurred while calling o50.jdbc.
: org.postgresql.util.PSQLException: The connection attempt failed.
	at org.postgresql.core.v3.ConnectionFactoryImpl.openConnectionImpl(ConnectionFactoryImpl.java:354)
	at org.postgresql.core.ConnectionFactory.openConnection(ConnectionFactory.java:54)
	at org.postgresql.jdbc.PgConnection.<init>(PgConnection.java:253)
	at org.postgresql.Driver.makeConnection(Driver.java:434)
	at org.postgresql.Driver.connect(Driver.java:291)
	at org.apache.spark.sql.execution.datasources.jdbc.connection.BasicConnectionProvider.getConnection(BasicConnectionProvider.scala:49)
	at org.apache.spark.sql.execution.datasources.jdbc.connection.ConnectionProviderBase.create(ConnectionProvider.scala:102)
	at org.apache.spark.sql.jdbc.JdbcDialect.$anonfun$createConnectionFactory$1(JdbcDialects.scala:160)
	at org.apache.spark.sql.jdbc.JdbcDialect.$anonfun$createConnectionFactory$1$adapted(JdbcDialects.scala:156)
	at org.apache.spark.sql.execution.datasources.jdbc.JDBCRDD$.getQueryOutputSchema(JDBCRDD.scala:63)
	at org.apache.spark.sql.execution.datasources.jdbc.JDBCRDD$.resolveTable(JDBCRDD.scala:58)
	at org.apache.spark.sql.execution.datasources.jdbc.JDBCRelation$.getSchema(JDBCRelation.scala:241)
	at org.apache.spark.sql.execution.datasources.jdbc.JdbcRelationProvider.createRelation(JdbcRelationProvider.scala:37)
	at org.apache.spark.sql.execution.datasources.DataSource.resolveRelation(DataSource.scala:346)
	at org.apache.spark.sql.DataFrameReader.loadV1Source(DataFrameReader.scala:229)
	at org.apache.spark.sql.DataFrameReader.$anonfun$load$2(DataFrameReader.scala:211)
	at scala.Option.getOrElse(Option.scala:189)
	at org.apache.spark.sql.DataFrameReader.load(DataFrameReader.scala:211)
	at org.apache.spark.sql.DataFrameReader.load(DataFrameReader.scala:172)
	at org.apache.spark.sql.DataFrameReader.jdbc(DataFrameReader.scala:249)
	at java.base/jdk.internal.reflect.NativeMethodAccessorImpl.invoke0(Native Method)
	at java.base/jdk.internal.reflect.NativeMethodAccessorImpl.invoke(NativeMethodAccessorImpl.java:77)
	at java.base/jdk.internal.reflect.DelegatingMethodAccessorImpl.invoke(DelegatingMethodAccessorImpl.java:43)
	at java.base/java.lang.reflect.Method.invoke(Method.java:568)
	at py4j.reflection.MethodInvoker.invoke(MethodInvoker.java:244)
	at py4j.reflection.ReflectionEngine.invoke(ReflectionEngine.java:374)
	at py4j.Gateway.invoke(Gateway.java:282)
	at py4j.commands.AbstractCommand.invokeMethod(AbstractCommand.java:132)
	at py4j.commands.CallCommand.execute(CallCommand.java:79)
	at py4j.ClientServerConnection.waitForCommands(ClientServerConnection.java:182)
	at py4j.ClientServerConnection.run(ClientServerConnection.java:106)
	at java.base/java.lang.Thread.run(Thread.java:840)
Caused by: java.net.SocketTimeoutException: Read timed out
	at java.base/sun.nio.ch.NioSocketImpl.timedRead(NioSocketImpl.java:288)
	at java.base/sun.nio.ch.NioSocketImpl.implRead(NioSocketImpl.java:314)
	at java.base/sun.nio.ch.NioSocketImpl.read(NioSocketImpl.java:355)
	at java.base/sun.nio.ch.NioSocketImpl$1.read(NioSocketImpl.java:808)
	at java.base/java.net.Socket$SocketInputStream.read(Socket.java:966)
	at org.postgresql.core.VisibleBufferedInputStream.readMore(VisibleBufferedInputStream.java:161)
	at org.postgresql.core.VisibleBufferedInputStream.ensureBytes(VisibleBufferedInputStream.java:128)
	at org.postgresql.core.VisibleBufferedInputStream.ensureBytes(VisibleBufferedInputStream.java:113)
	at org.postgresql.core.VisibleBufferedInputStream.read(VisibleBufferedInputStream.java:73)
	at org.postgresql.core.PGStream.receiveChar(PGStream.java:465)
	at org.postgresql.core.v3.ConnectionFactoryImpl.enableSSL(ConnectionFactoryImpl.java:589)
	at org.postgresql.core.v3.ConnectionFactoryImpl.tryConnect(ConnectionFactoryImpl.java:191)
	at org.postgresql.core.v3.ConnectionFactoryImpl.openConnectionImpl(ConnectionFactoryImpl.java:258)
	... 31 more
[2024-06-27T20:54:57.744+0000] {docker.py:413} INFO - 2024-06-27 20:54:57,741:close:INFO:Closing down clientserver connection
[2024-06-27T20:54:57.766+0000] {docker.py:413} INFO - 24/06/27 20:54:57 INFO SparkContext: Invoking stop() from shutdown hook
[2024-06-27T20:54:57.767+0000] {docker.py:413} INFO - 24/06/27 20:54:57 INFO SparkContext: SparkContext is stopping with exitCode 0.
[2024-06-27T20:54:57.773+0000] {docker.py:413} INFO - 24/06/27 20:54:57 INFO SparkUI: Stopped Spark web UI at http://localhost:4040
[2024-06-27T20:54:57.778+0000] {docker.py:413} INFO - 24/06/27 20:54:57 INFO MapOutputTrackerMasterEndpoint: MapOutputTrackerMasterEndpoint stopped!
[2024-06-27T20:54:57.785+0000] {docker.py:413} INFO - 24/06/27 20:54:57 INFO MemoryStore: MemoryStore cleared
[2024-06-27T20:54:57.787+0000] {docker.py:413} INFO - 24/06/27 20:54:57 INFO BlockManager: BlockManager stopped
[2024-06-27T20:54:57.788+0000] {docker.py:413} INFO - 24/06/27 20:54:57 INFO BlockManagerMaster: BlockManagerMaster stopped
[2024-06-27T20:54:57.789+0000] {docker.py:413} INFO - 24/06/27 20:54:57 INFO OutputCommitCoordinator$OutputCommitCoordinatorEndpoint: OutputCommitCoordinator stopped!
[2024-06-27T20:54:57.797+0000] {docker.py:413} INFO - 24/06/27 20:54:57 INFO SparkContext: Successfully stopped SparkContext
[2024-06-27T20:54:57.797+0000] {docker.py:413} INFO - 24/06/27 20:54:57 INFO ShutdownHookManager: Shutdown hook called
[2024-06-27T20:54:57.797+0000] {docker.py:413} INFO - 24/06/27 20:54:57 INFO ShutdownHookManager: Deleting directory /tmp/spark-8dca11c1-0fff-4476-af9f-4831df93d030/pyspark-b0f5e7a3-8e15-4358-8d7f-3338a8a2e4d8
[2024-06-27T20:54:57.798+0000] {docker.py:413} INFO - 24/06/27 20:54:57 INFO ShutdownHookManager: Deleting directory /tmp/spark-8dca11c1-0fff-4476-af9f-4831df93d030
[2024-06-27T20:54:57.799+0000] {docker.py:413} INFO - 24/06/27 20:54:57 INFO ShutdownHookManager: Deleting directory /tmp/spark-9601a782-f410-43d3-a97b-0cd878dafb82
[2024-06-27T20:54:57.931+0000] {taskinstance.py:1937} ERROR - Task failed with exception
Traceback (most recent call last):
  File "/home/airflow/.local/lib/python3.8/site-packages/docker/api/client.py", line 268, in _raise_for_status
    response.raise_for_status()
  File "/home/airflow/.local/lib/python3.8/site-packages/requests/models.py", line 1021, in raise_for_status
    raise HTTPError(http_error_msg, response=self)
requests.exceptions.HTTPError: 400 Client Error: Bad Request for url: http://docker-proxy:2375/v1.44/containers/create

The above exception was the direct cause of the following exception:

Traceback (most recent call last):
  File "/home/airflow/.local/lib/python3.8/site-packages/airflow/providers/docker/operators/docker.py", line 348, in _run_image
    return self._run_image_with_mounts([*self.mounts, tmp_mount], add_tmp_variable=True)
  File "/home/airflow/.local/lib/python3.8/site-packages/airflow/providers/docker/operators/docker.py", line 375, in _run_image_with_mounts
    self.container = self.cli.create_container(
  File "/home/airflow/.local/lib/python3.8/site-packages/docker/api/container.py", line 431, in create_container
    return self.create_container_from_config(config, name, platform)
  File "/home/airflow/.local/lib/python3.8/site-packages/docker/api/container.py", line 448, in create_container_from_config
    return self._result(res, True)
  File "/home/airflow/.local/lib/python3.8/site-packages/docker/api/client.py", line 274, in _result
    self._raise_for_status(response)
  File "/home/airflow/.local/lib/python3.8/site-packages/docker/api/client.py", line 270, in _raise_for_status
    raise create_api_error_from_http_exception(e) from e
  File "/home/airflow/.local/lib/python3.8/site-packages/docker/errors.py", line 39, in create_api_error_from_http_exception
    raise cls(e, response=response, explanation=explanation) from e
docker.errors.APIError: 400 Client Error for http://docker-proxy:2375/v1.44/containers/create: Bad Request ("invalid mount config for type "bind": bind source path does not exist: /host_mnt/private/tmp/airflowtmpqmztagfy")

During handling of the above exception, another exception occurred:

Traceback (most recent call last):
  File "/home/airflow/.local/lib/python3.8/site-packages/airflow/providers/docker/operators/docker.py", line 486, in execute
    return self._run_image()
  File "/home/airflow/.local/lib/python3.8/site-packages/airflow/providers/docker/operators/docker.py", line 357, in _run_image
    return self._run_image_with_mounts(self.mounts, add_tmp_variable=False)
  File "/home/airflow/.local/lib/python3.8/site-packages/airflow/providers/docker/operators/docker.py", line 421, in _run_image_with_mounts
    raise DockerContainerFailedException(f"Docker container failed: {result!r}", logs=log_lines)
airflow.providers.docker.exceptions.DockerContainerFailedException: Docker container failed: {'StatusCode': 1}
[2024-06-27T20:54:57.935+0000] {taskinstance.py:1400} INFO - Marking task as UP_FOR_RETRY. dag_id=kafka_spark_dag, task_id=pyspark_consumer, execution_date=20240627T205440, start_date=20240627T205443, end_date=20240627T205457
[2024-06-27T20:54:57.948+0000] {standard_task_runner.py:104} ERROR - Failed to execute job 155 for task pyspark_consumer (Docker container failed: {'StatusCode': 1}; 904)
[2024-06-27T20:54:57.988+0000] {local_task_job_runner.py:228} INFO - Task exited with return code 1
[2024-06-27T20:54:57.995+0000] {taskinstance.py:2778} INFO - 0 downstream tasks scheduled from follow-on schedule check
