[2024-06-27T20:55:03.908+0000] {taskinstance.py:1159} INFO - Dependencies all met for dep_context=non-requeueable deps ti=<TaskInstance: kafka_spark_dag.pyspark_consumer manual__2024-06-27T20:54:40.945791+00:00 [queued]>
[2024-06-27T20:55:03.913+0000] {taskinstance.py:1159} INFO - Dependencies all met for dep_context=requeueable deps ti=<TaskInstance: kafka_spark_dag.pyspark_consumer manual__2024-06-27T20:54:40.945791+00:00 [queued]>
[2024-06-27T20:55:03.913+0000] {taskinstance.py:1361} INFO - Starting attempt 2 of 2
[2024-06-27T20:55:03.921+0000] {taskinstance.py:1382} INFO - Executing <Task(DockerOperator): pyspark_consumer> on 2024-06-27 20:54:40.945791+00:00
[2024-06-27T20:55:03.924+0000] {standard_task_runner.py:57} INFO - Started process 1143 to run task
[2024-06-27T20:55:03.926+0000] {standard_task_runner.py:84} INFO - Running: ['***', 'tasks', 'run', 'kafka_spark_dag', 'pyspark_consumer', 'manual__2024-06-27T20:54:40.945791+00:00', '--job-id', '156', '--raw', '--subdir', 'DAGS_FOLDER/dag_kafka_spark.py', '--cfg-path', '/tmp/tmpa_qv55o0']
[2024-06-27T20:55:03.928+0000] {standard_task_runner.py:85} INFO - Job 156: Subtask pyspark_consumer
[2024-06-27T20:55:03.954+0000] {task_command.py:416} INFO - Running <TaskInstance: kafka_spark_dag.pyspark_consumer manual__2024-06-27T20:54:40.945791+00:00 [running]> on host cd176cdca805
[2024-06-27T20:55:03.989+0000] {taskinstance.py:1662} INFO - Exporting env vars: AIRFLOW_CTX_DAG_OWNER='***' AIRFLOW_CTX_DAG_ID='kafka_spark_dag' AIRFLOW_CTX_TASK_ID='pyspark_consumer' AIRFLOW_CTX_EXECUTION_DATE='2024-06-27T20:54:40.945791+00:00' AIRFLOW_CTX_TRY_NUMBER='2' AIRFLOW_CTX_DAG_RUN_ID='manual__2024-06-27T20:54:40.945791+00:00'
[2024-06-27T20:55:04.046+0000] {docker.py:343} INFO - Starting docker container from image current-headlines/spark:latest
[2024-06-27T20:55:04.060+0000] {docker.py:351} WARNING - Using remote engine or docker-in-docker and mounting temporary volume from host is not supported. Falling back to `mount_tmp_dir=False` mode. You can set `mount_tmp_dir` parameter to False to disable mounting and remove the warning
[2024-06-27T20:55:04.215+0000] {docker.py:413} INFO - [38;5;6mspark [38;5;5m20:55:04.21 [0m[38;5;2mINFO [0m ==>
[2024-06-27T20:55:04.215+0000] {docker.py:413} INFO - [38;5;6mspark [38;5;5m20:55:04.21 [0m[38;5;2mINFO [0m ==> [1mWelcome to the Bitnami spark container[0m
[2024-06-27T20:55:04.216+0000] {docker.py:413} INFO - [38;5;6mspark [38;5;5m20:55:04.21 [0m[38;5;2mINFO [0m ==> Subscribe to project updates by watching [1mhttps://github.com/bitnami/containers[0m
[2024-06-27T20:55:04.217+0000] {docker.py:413} INFO - [38;5;6mspark [38;5;5m20:55:04.21 [0m[38;5;2mINFO [0m ==> Submit issues and feature requests at [1mhttps://github.com/bitnami/containers/issues[0m
[2024-06-27T20:55:04.218+0000] {docker.py:413} INFO - [38;5;6mspark [38;5;5m20:55:04.21 [0m[38;5;2mINFO [0m ==>
[2024-06-27T20:55:04.222+0000] {docker.py:413} INFO - 
[2024-06-27T20:55:05.021+0000] {docker.py:413} INFO - :: loading settings :: url = jar:file:/opt/bitnami/spark/jars/ivy-2.5.1.jar!/org/apache/ivy/core/settings/ivysettings.xml
[2024-06-27T20:55:05.052+0000] {docker.py:413} INFO - Ivy Default Cache set to: /opt/bitnami/spark/.ivy2/cache
The jars for the packages stored in: /opt/bitnami/spark/.ivy2/jars
[2024-06-27T20:55:05.054+0000] {docker.py:413} INFO - org.postgresql#postgresql added as a dependency
org.apache.spark#spark-sql-kafka-0-10_2.12 added as a dependency
[2024-06-27T20:55:05.055+0000] {docker.py:413} INFO - :: resolving dependencies :: org.apache.spark#spark-submit-parent-69bd221e-9938-44e4-b8c0-fb0c76fb58fa;1.0
	confs: [default]
[2024-06-27T20:55:05.317+0000] {docker.py:413} INFO - found org.postgresql#postgresql;42.5.4 in central
[2024-06-27T20:55:05.350+0000] {docker.py:413} INFO - found org.checkerframework#checker-qual;3.5.0 in central
[2024-06-27T20:55:05.737+0000] {docker.py:413} INFO - found org.apache.spark#spark-sql-kafka-0-10_2.12;3.5.0 in central
[2024-06-27T20:55:05.856+0000] {docker.py:413} INFO - found org.apache.spark#spark-token-provider-kafka-0-10_2.12;3.5.0 in central
[2024-06-27T20:55:05.887+0000] {docker.py:413} INFO - found org.apache.kafka#kafka-clients;3.4.1 in central
[2024-06-27T20:55:05.921+0000] {docker.py:413} INFO - found org.lz4#lz4-java;1.8.0 in central
[2024-06-27T20:55:05.959+0000] {docker.py:413} INFO - found org.xerial.snappy#snappy-java;1.1.10.3 in central
[2024-06-27T20:55:06.159+0000] {docker.py:413} INFO - found org.slf4j#slf4j-api;2.0.7 in central
[2024-06-27T20:55:06.593+0000] {docker.py:413} INFO - found org.apache.hadoop#hadoop-client-runtime;3.3.4 in central
[2024-06-27T20:55:06.644+0000] {docker.py:413} INFO - found org.apache.hadoop#hadoop-client-api;3.3.4 in central
[2024-06-27T20:55:06.847+0000] {docker.py:413} INFO - found commons-logging#commons-logging;1.1.3 in central
[2024-06-27T20:55:06.871+0000] {docker.py:413} INFO - found com.google.code.findbugs#jsr305;3.0.0 in central
[2024-06-27T20:55:07.168+0000] {docker.py:413} INFO - found org.apache.commons#commons-pool2;2.11.1 in central
[2024-06-27T20:55:07.184+0000] {docker.py:413} INFO - downloading https://repo1.maven.org/maven2/org/postgresql/postgresql/42.5.4/postgresql-42.5.4.jar ...
[2024-06-27T20:55:07.649+0000] {docker.py:413} INFO - [SUCCESSFUL ] org.postgresql#postgresql;42.5.4!postgresql.jar (477ms)
[2024-06-27T20:55:07.660+0000] {docker.py:413} INFO - downloading https://repo1.maven.org/maven2/org/apache/spark/spark-sql-kafka-0-10_2.12/3.5.0/spark-sql-kafka-0-10_2.12-3.5.0.jar ...
[2024-06-27T20:55:07.904+0000] {docker.py:413} INFO - [SUCCESSFUL ] org.apache.spark#spark-sql-kafka-0-10_2.12;3.5.0!spark-sql-kafka-0-10_2.12.jar (254ms)
[2024-06-27T20:55:07.920+0000] {docker.py:413} INFO - downloading https://repo1.maven.org/maven2/org/checkerframework/checker-qual/3.5.0/checker-qual-3.5.0.jar ...
[2024-06-27T20:55:08.001+0000] {docker.py:413} INFO - [SUCCESSFUL ] org.checkerframework#checker-qual;3.5.0!checker-qual.jar (96ms)
[2024-06-27T20:55:08.013+0000] {docker.py:413} INFO - downloading https://repo1.maven.org/maven2/org/apache/spark/spark-token-provider-kafka-0-10_2.12/3.5.0/spark-token-provider-kafka-0-10_2.12-3.5.0.jar ...
[2024-06-27T20:55:08.041+0000] {docker.py:413} INFO - [SUCCESSFUL ] org.apache.spark#spark-token-provider-kafka-0-10_2.12;3.5.0!spark-token-provider-kafka-0-10_2.12.jar (39ms)
[2024-06-27T20:55:08.076+0000] {docker.py:413} INFO - downloading https://repo1.maven.org/maven2/org/apache/kafka/kafka-clients/3.4.1/kafka-clients-3.4.1.jar ...
[2024-06-27T20:55:10.535+0000] {docker.py:413} INFO - [SUCCESSFUL ] org.apache.kafka#kafka-clients;3.4.1!kafka-clients.jar (2493ms)
[2024-06-27T20:55:10.544+0000] {docker.py:413} INFO - downloading https://repo1.maven.org/maven2/com/google/code/findbugs/jsr305/3.0.0/jsr305-3.0.0.jar ...
[2024-06-27T20:55:10.567+0000] {docker.py:413} INFO - [SUCCESSFUL ] com.google.code.findbugs#jsr305;3.0.0!jsr305.jar (32ms)
[2024-06-27T20:55:10.577+0000] {docker.py:413} INFO - downloading https://repo1.maven.org/maven2/org/apache/commons/commons-pool2/2.11.1/commons-pool2-2.11.1.jar ...
[2024-06-27T20:55:10.629+0000] {docker.py:413} INFO - [SUCCESSFUL ] org.apache.commons#commons-pool2;2.11.1!commons-pool2.jar (61ms)
[2024-06-27T20:55:10.638+0000] {docker.py:413} INFO - downloading https://repo1.maven.org/maven2/org/apache/hadoop/hadoop-client-runtime/3.3.4/hadoop-client-runtime-3.3.4.jar ...
[2024-06-27T20:55:20.675+0000] {docker.py:413} INFO - [SUCCESSFUL ] org.apache.hadoop#hadoop-client-runtime;3.3.4!hadoop-client-runtime.jar (10045ms)
[2024-06-27T20:55:20.686+0000] {docker.py:413} INFO - downloading https://repo1.maven.org/maven2/org/lz4/lz4-java/1.8.0/lz4-java-1.8.0.jar ...
[2024-06-27T20:55:21.082+0000] {docker.py:413} INFO - [SUCCESSFUL ] org.lz4#lz4-java;1.8.0!lz4-java.jar (407ms)
[2024-06-27T20:55:21.096+0000] {docker.py:413} INFO - downloading https://repo1.maven.org/maven2/org/xerial/snappy/snappy-java/1.1.10.3/snappy-java-1.1.10.3.jar ...
[2024-06-27T20:55:21.987+0000] {docker.py:413} INFO - [SUCCESSFUL ] org.xerial.snappy#snappy-java;1.1.10.3!snappy-java.jar(bundle) (898ms)
[2024-06-27T20:55:21.994+0000] {docker.py:413} INFO - downloading https://repo1.maven.org/maven2/org/slf4j/slf4j-api/2.0.7/slf4j-api-2.0.7.jar ...
[2024-06-27T20:55:22.028+0000] {docker.py:413} INFO - [SUCCESSFUL ] org.slf4j#slf4j-api;2.0.7!slf4j-api.jar (46ms)
[2024-06-27T20:55:22.038+0000] {docker.py:413} INFO - downloading https://repo1.maven.org/maven2/org/apache/hadoop/hadoop-client-api/3.3.4/hadoop-client-api-3.3.4.jar ...
[2024-06-27T20:55:29.481+0000] {docker.py:413} INFO - [SUCCESSFUL ] org.apache.hadoop#hadoop-client-api;3.3.4!hadoop-client-api.jar (7452ms)
[2024-06-27T20:55:29.491+0000] {docker.py:413} INFO - downloading https://repo1.maven.org/maven2/commons-logging/commons-logging/1.1.3/commons-logging-1.1.3.jar ...
[2024-06-27T20:55:29.530+0000] {docker.py:413} INFO - [SUCCESSFUL ] commons-logging#commons-logging;1.1.3!commons-logging.jar (49ms)
[2024-06-27T20:55:29.531+0000] {docker.py:413} INFO - :: resolution report :: resolve 2118ms :: artifacts dl 22358ms
	:: modules in use:
[2024-06-27T20:55:29.532+0000] {docker.py:413} INFO - com.google.code.findbugs#jsr305;3.0.0 from central in [default]
[2024-06-27T20:55:29.532+0000] {docker.py:413} INFO - commons-logging#commons-logging;1.1.3 from central in [default]
	org.apache.commons#commons-pool2;2.11.1 from central in [default]
[2024-06-27T20:55:29.533+0000] {docker.py:413} INFO - org.apache.hadoop#hadoop-client-api;3.3.4 from central in [default]
	org.apache.hadoop#hadoop-client-runtime;3.3.4 from central in [default]
[2024-06-27T20:55:29.533+0000] {docker.py:413} INFO - org.apache.kafka#kafka-clients;3.4.1 from central in [default]
	org.apache.spark#spark-sql-kafka-0-10_2.12;3.5.0 from central in [default]
	org.apache.spark#spark-token-provider-kafka-0-10_2.12;3.5.0 from central in [default]
	org.checkerframework#checker-qual;3.5.0 from central in [default]
	org.lz4#lz4-java;1.8.0 from central in [default]
	org.postgresql#postgresql;42.5.4 from central in [default]
	org.slf4j#slf4j-api;2.0.7 from central in [default]
	org.xerial.snappy#snappy-java;1.1.10.3 from central in [default]
[2024-06-27T20:55:29.533+0000] {docker.py:413} INFO - ---------------------------------------------------------------------
	|                  |            modules            ||   artifacts   |
	|       conf       | number| search|dwnlded|evicted|| number|dwnlded|
	---------------------------------------------------------------------
[2024-06-27T20:55:29.534+0000] {docker.py:413} INFO - |      default     |   13  |   13  |   13  |   0   ||   13  |   13  |
	---------------------------------------------------------------------
[2024-06-27T20:55:29.536+0000] {docker.py:413} INFO - :: retrieving :: org.apache.spark#spark-submit-parent-69bd221e-9938-44e4-b8c0-fb0c76fb58fa
	confs: [default]
[2024-06-27T20:55:29.571+0000] {docker.py:413} INFO - 13 artifacts copied, 0 already retrieved (58001kB/34ms)
[2024-06-27T20:55:29.659+0000] {docker.py:413} INFO - 24/06/27 20:55:29 WARN NativeCodeLoader: Unable to load native-hadoop library for your platform... using builtin-java classes where applicable
[2024-06-27T20:55:30.181+0000] {docker.py:413} INFO - 24/06/27 20:55:30 INFO SparkContext: Running Spark version 3.5.0
[2024-06-27T20:55:30.181+0000] {docker.py:413} INFO - 24/06/27 20:55:30 INFO SparkContext: OS info Linux, 6.6.12-linuxkit, aarch64
[2024-06-27T20:55:30.182+0000] {docker.py:413} INFO - 24/06/27 20:55:30 INFO SparkContext: Java version 17.0.10
[2024-06-27T20:55:30.192+0000] {docker.py:413} INFO - 24/06/27 20:55:30 INFO ResourceUtils: ==============================================================
[2024-06-27T20:55:30.192+0000] {docker.py:413} INFO - 24/06/27 20:55:30 INFO ResourceUtils: No custom resources configured for spark.driver.
[2024-06-27T20:55:30.193+0000] {docker.py:413} INFO - 24/06/27 20:55:30 INFO ResourceUtils: ==============================================================
[2024-06-27T20:55:30.193+0000] {docker.py:413} INFO - 24/06/27 20:55:30 INFO SparkContext: Submitted application: PostgreSQL Connection with PySpark
[2024-06-27T20:55:30.204+0000] {docker.py:413} INFO - 24/06/27 20:55:30 INFO ResourceProfile: Default ResourceProfile created, executor resources: Map(cores -> name: cores, amount: 1, script: , vendor: , memory -> name: memory, amount: 1024, script: , vendor: , offHeap -> name: offHeap, amount: 0, script: , vendor: ), task resources: Map(cpus -> name: cpus, amount: 1.0)
[2024-06-27T20:55:30.208+0000] {docker.py:413} INFO - 24/06/27 20:55:30 INFO ResourceProfile: Limiting resource is cpu
[2024-06-27T20:55:30.208+0000] {docker.py:413} INFO - 24/06/27 20:55:30 INFO ResourceProfileManager: Added ResourceProfile id: 0
[2024-06-27T20:55:30.232+0000] {docker.py:413} INFO - 24/06/27 20:55:30 INFO SecurityManager: Changing view acls to: spark
[2024-06-27T20:55:30.233+0000] {docker.py:413} INFO - 24/06/27 20:55:30 INFO SecurityManager: Changing modify acls to: spark
[2024-06-27T20:55:30.234+0000] {docker.py:413} INFO - 24/06/27 20:55:30 INFO SecurityManager: Changing view acls groups to:
[2024-06-27T20:55:30.234+0000] {docker.py:413} INFO - 24/06/27 20:55:30 INFO SecurityManager: Changing modify acls groups to:
[2024-06-27T20:55:30.234+0000] {docker.py:413} INFO - 24/06/27 20:55:30 INFO SecurityManager: SecurityManager: authentication disabled; ui acls disabled; users with view permissions: spark; groups with view permissions: EMPTY; users with modify permissions: spark; groups with modify permissions: EMPTY
[2024-06-27T20:55:30.328+0000] {docker.py:413} INFO - 24/06/27 20:55:30 INFO Utils: Successfully started service 'sparkDriver' on port 37379.
[2024-06-27T20:55:30.341+0000] {docker.py:413} INFO - 24/06/27 20:55:30 INFO SparkEnv: Registering MapOutputTracker
[2024-06-27T20:55:30.360+0000] {docker.py:413} INFO - 24/06/27 20:55:30 INFO SparkEnv: Registering BlockManagerMaster
[2024-06-27T20:55:30.372+0000] {docker.py:413} INFO - 24/06/27 20:55:30 INFO BlockManagerMasterEndpoint: Using org.apache.spark.storage.DefaultTopologyMapper for getting topology information
[2024-06-27T20:55:30.373+0000] {docker.py:413} INFO - 24/06/27 20:55:30 INFO BlockManagerMasterEndpoint: BlockManagerMasterEndpoint up
[2024-06-27T20:55:30.375+0000] {docker.py:413} INFO - 24/06/27 20:55:30 INFO SparkEnv: Registering BlockManagerMasterHeartbeat
[2024-06-27T20:55:30.385+0000] {docker.py:413} INFO - 24/06/27 20:55:30 INFO DiskBlockManager: Created local directory at /tmp/blockmgr-18ed4c2a-bd70-4ebe-885a-2f31942815cb
[2024-06-27T20:55:30.392+0000] {docker.py:413} INFO - 24/06/27 20:55:30 INFO MemoryStore: MemoryStore started with capacity 434.4 MiB
[2024-06-27T20:55:30.400+0000] {docker.py:413} INFO - 24/06/27 20:55:30 INFO SparkEnv: Registering OutputCommitCoordinator
[2024-06-27T20:55:30.461+0000] {docker.py:413} INFO - 24/06/27 20:55:30 INFO JettyUtils: Start Jetty 0.0.0.0:4040 for SparkUI
[2024-06-27T20:55:30.491+0000] {docker.py:413} INFO - 24/06/27 20:55:30 INFO Utils: Successfully started service 'SparkUI' on port 4040.
[2024-06-27T20:55:30.509+0000] {docker.py:413} INFO - 24/06/27 20:55:30 INFO SparkContext: Added JAR file:///opt/bitnami/spark/.ivy2/jars/org.postgresql_postgresql-42.5.4.jar at spark://localhost:37379/jars/org.postgresql_postgresql-42.5.4.jar with timestamp 1719521730176
[2024-06-27T20:55:30.510+0000] {docker.py:413} INFO - 24/06/27 20:55:30 INFO SparkContext: Added JAR file:///opt/bitnami/spark/.ivy2/jars/org.apache.spark_spark-sql-kafka-0-10_2.12-3.5.0.jar at spark://localhost:37379/jars/org.apache.spark_spark-sql-kafka-0-10_2.12-3.5.0.jar with timestamp 1719521730176
24/06/27 20:55:30 INFO SparkContext: Added JAR file:///opt/bitnami/spark/.ivy2/jars/org.checkerframework_checker-qual-3.5.0.jar at spark://localhost:37379/jars/org.checkerframework_checker-qual-3.5.0.jar with timestamp 1719521730176
[2024-06-27T20:55:30.510+0000] {docker.py:413} INFO - 24/06/27 20:55:30 INFO SparkContext: Added JAR file:///opt/bitnami/spark/.ivy2/jars/org.apache.spark_spark-token-provider-kafka-0-10_2.12-3.5.0.jar at spark://localhost:37379/jars/org.apache.spark_spark-token-provider-kafka-0-10_2.12-3.5.0.jar with timestamp 1719521730176
[2024-06-27T20:55:30.510+0000] {docker.py:413} INFO - 24/06/27 20:55:30 INFO SparkContext: Added JAR file:///opt/bitnami/spark/.ivy2/jars/org.apache.kafka_kafka-clients-3.4.1.jar at spark://localhost:37379/jars/org.apache.kafka_kafka-clients-3.4.1.jar with timestamp 1719521730176
[2024-06-27T20:55:30.511+0000] {docker.py:413} INFO - 24/06/27 20:55:30 INFO SparkContext: Added JAR file:///opt/bitnami/spark/.ivy2/jars/com.google.code.findbugs_jsr305-3.0.0.jar at spark://localhost:37379/jars/com.google.code.findbugs_jsr305-3.0.0.jar with timestamp 1719521730176
[2024-06-27T20:55:30.511+0000] {docker.py:413} INFO - 24/06/27 20:55:30 INFO SparkContext: Added JAR file:///opt/bitnami/spark/.ivy2/jars/org.apache.commons_commons-pool2-2.11.1.jar at spark://localhost:37379/jars/org.apache.commons_commons-pool2-2.11.1.jar with timestamp 1719521730176
[2024-06-27T20:55:30.511+0000] {docker.py:413} INFO - 24/06/27 20:55:30 INFO SparkContext: Added JAR file:///opt/bitnami/spark/.ivy2/jars/org.apache.hadoop_hadoop-client-runtime-3.3.4.jar at spark://localhost:37379/jars/org.apache.hadoop_hadoop-client-runtime-3.3.4.jar with timestamp 1719521730176
[2024-06-27T20:55:30.512+0000] {docker.py:413} INFO - 24/06/27 20:55:30 INFO SparkContext: Added JAR file:///opt/bitnami/spark/.ivy2/jars/org.lz4_lz4-java-1.8.0.jar at spark://localhost:37379/jars/org.lz4_lz4-java-1.8.0.jar with timestamp 1719521730176
[2024-06-27T20:55:30.512+0000] {docker.py:413} INFO - 24/06/27 20:55:30 INFO SparkContext: Added JAR file:///opt/bitnami/spark/.ivy2/jars/org.xerial.snappy_snappy-java-1.1.10.3.jar at spark://localhost:37379/jars/org.xerial.snappy_snappy-java-1.1.10.3.jar with timestamp 1719521730176
[2024-06-27T20:55:30.512+0000] {docker.py:413} INFO - 24/06/27 20:55:30 INFO SparkContext: Added JAR file:///opt/bitnami/spark/.ivy2/jars/org.slf4j_slf4j-api-2.0.7.jar at spark://localhost:37379/jars/org.slf4j_slf4j-api-2.0.7.jar with timestamp 1719521730176
[2024-06-27T20:55:30.512+0000] {docker.py:413} INFO - 24/06/27 20:55:30 INFO SparkContext: Added JAR file:///opt/bitnami/spark/.ivy2/jars/org.apache.hadoop_hadoop-client-api-3.3.4.jar at spark://localhost:37379/jars/org.apache.hadoop_hadoop-client-api-3.3.4.jar with timestamp 1719521730176
[2024-06-27T20:55:30.513+0000] {docker.py:413} INFO - 24/06/27 20:55:30 INFO SparkContext: Added JAR file:///opt/bitnami/spark/.ivy2/jars/commons-logging_commons-logging-1.1.3.jar at spark://localhost:37379/jars/commons-logging_commons-logging-1.1.3.jar with timestamp 1719521730176
[2024-06-27T20:55:30.513+0000] {docker.py:413} INFO - 24/06/27 20:55:30 INFO SparkContext: Added file file:///opt/bitnami/spark/.ivy2/jars/org.postgresql_postgresql-42.5.4.jar at file:///opt/bitnami/spark/.ivy2/jars/org.postgresql_postgresql-42.5.4.jar with timestamp 1719521730176
[2024-06-27T20:55:30.513+0000] {docker.py:413} INFO - 24/06/27 20:55:30 INFO Utils: Copying /opt/bitnami/spark/.ivy2/jars/org.postgresql_postgresql-42.5.4.jar to /tmp/spark-a721713c-9b63-4445-a672-48f5805acb53/userFiles-785510ea-2d94-4c38-ad92-fc7ba7637064/org.postgresql_postgresql-42.5.4.jar
[2024-06-27T20:55:30.517+0000] {docker.py:413} INFO - 24/06/27 20:55:30 INFO SparkContext: Added file file:///opt/bitnami/spark/.ivy2/jars/org.apache.spark_spark-sql-kafka-0-10_2.12-3.5.0.jar at file:///opt/bitnami/spark/.ivy2/jars/org.apache.spark_spark-sql-kafka-0-10_2.12-3.5.0.jar with timestamp 1719521730176
[2024-06-27T20:55:30.518+0000] {docker.py:413} INFO - 24/06/27 20:55:30 INFO Utils: Copying /opt/bitnami/spark/.ivy2/jars/org.apache.spark_spark-sql-kafka-0-10_2.12-3.5.0.jar to /tmp/spark-a721713c-9b63-4445-a672-48f5805acb53/userFiles-785510ea-2d94-4c38-ad92-fc7ba7637064/org.apache.spark_spark-sql-kafka-0-10_2.12-3.5.0.jar
[2024-06-27T20:55:30.520+0000] {docker.py:413} INFO - 24/06/27 20:55:30 INFO SparkContext: Added file file:///opt/bitnami/spark/.ivy2/jars/org.checkerframework_checker-qual-3.5.0.jar at file:///opt/bitnami/spark/.ivy2/jars/org.checkerframework_checker-qual-3.5.0.jar with timestamp 1719521730176
[2024-06-27T20:55:30.520+0000] {docker.py:413} INFO - 24/06/27 20:55:30 INFO Utils: Copying /opt/bitnami/spark/.ivy2/jars/org.checkerframework_checker-qual-3.5.0.jar to /tmp/spark-a721713c-9b63-4445-a672-48f5805acb53/userFiles-785510ea-2d94-4c38-ad92-fc7ba7637064/org.checkerframework_checker-qual-3.5.0.jar
[2024-06-27T20:55:30.521+0000] {docker.py:413} INFO - 24/06/27 20:55:30 INFO SparkContext: Added file file:///opt/bitnami/spark/.ivy2/jars/org.apache.spark_spark-token-provider-kafka-0-10_2.12-3.5.0.jar at file:///opt/bitnami/spark/.ivy2/jars/org.apache.spark_spark-token-provider-kafka-0-10_2.12-3.5.0.jar with timestamp 1719521730176
[2024-06-27T20:55:30.521+0000] {docker.py:413} INFO - 24/06/27 20:55:30 INFO Utils: Copying /opt/bitnami/spark/.ivy2/jars/org.apache.spark_spark-token-provider-kafka-0-10_2.12-3.5.0.jar to /tmp/spark-a721713c-9b63-4445-a672-48f5805acb53/userFiles-785510ea-2d94-4c38-ad92-fc7ba7637064/org.apache.spark_spark-token-provider-kafka-0-10_2.12-3.5.0.jar
[2024-06-27T20:55:30.522+0000] {docker.py:413} INFO - 24/06/27 20:55:30 INFO SparkContext: Added file file:///opt/bitnami/spark/.ivy2/jars/org.apache.kafka_kafka-clients-3.4.1.jar at file:///opt/bitnami/spark/.ivy2/jars/org.apache.kafka_kafka-clients-3.4.1.jar with timestamp 1719521730176
[2024-06-27T20:55:30.523+0000] {docker.py:413} INFO - 24/06/27 20:55:30 INFO Utils: Copying /opt/bitnami/spark/.ivy2/jars/org.apache.kafka_kafka-clients-3.4.1.jar to /tmp/spark-a721713c-9b63-4445-a672-48f5805acb53/userFiles-785510ea-2d94-4c38-ad92-fc7ba7637064/org.apache.kafka_kafka-clients-3.4.1.jar
[2024-06-27T20:55:30.526+0000] {docker.py:413} INFO - 24/06/27 20:55:30 INFO SparkContext: Added file file:///opt/bitnami/spark/.ivy2/jars/com.google.code.findbugs_jsr305-3.0.0.jar at file:///opt/bitnami/spark/.ivy2/jars/com.google.code.findbugs_jsr305-3.0.0.jar with timestamp 1719521730176
[2024-06-27T20:55:30.526+0000] {docker.py:413} INFO - 24/06/27 20:55:30 INFO Utils: Copying /opt/bitnami/spark/.ivy2/jars/com.google.code.findbugs_jsr305-3.0.0.jar to /tmp/spark-a721713c-9b63-4445-a672-48f5805acb53/userFiles-785510ea-2d94-4c38-ad92-fc7ba7637064/com.google.code.findbugs_jsr305-3.0.0.jar
[2024-06-27T20:55:30.527+0000] {docker.py:413} INFO - 24/06/27 20:55:30 INFO SparkContext: Added file file:///opt/bitnami/spark/.ivy2/jars/org.apache.commons_commons-pool2-2.11.1.jar at file:///opt/bitnami/spark/.ivy2/jars/org.apache.commons_commons-pool2-2.11.1.jar with timestamp 1719521730176
[2024-06-27T20:55:30.527+0000] {docker.py:413} INFO - 24/06/27 20:55:30 INFO Utils: Copying /opt/bitnami/spark/.ivy2/jars/org.apache.commons_commons-pool2-2.11.1.jar to /tmp/spark-a721713c-9b63-4445-a672-48f5805acb53/userFiles-785510ea-2d94-4c38-ad92-fc7ba7637064/org.apache.commons_commons-pool2-2.11.1.jar
[2024-06-27T20:55:30.529+0000] {docker.py:413} INFO - 24/06/27 20:55:30 INFO SparkContext: Added file file:///opt/bitnami/spark/.ivy2/jars/org.apache.hadoop_hadoop-client-runtime-3.3.4.jar at file:///opt/bitnami/spark/.ivy2/jars/org.apache.hadoop_hadoop-client-runtime-3.3.4.jar with timestamp 1719521730176
[2024-06-27T20:55:30.529+0000] {docker.py:413} INFO - 24/06/27 20:55:30 INFO Utils: Copying /opt/bitnami/spark/.ivy2/jars/org.apache.hadoop_hadoop-client-runtime-3.3.4.jar to /tmp/spark-a721713c-9b63-4445-a672-48f5805acb53/userFiles-785510ea-2d94-4c38-ad92-fc7ba7637064/org.apache.hadoop_hadoop-client-runtime-3.3.4.jar
[2024-06-27T20:55:30.547+0000] {docker.py:413} INFO - 24/06/27 20:55:30 INFO SparkContext: Added file file:///opt/bitnami/spark/.ivy2/jars/org.lz4_lz4-java-1.8.0.jar at file:///opt/bitnami/spark/.ivy2/jars/org.lz4_lz4-java-1.8.0.jar with timestamp 1719521730176
24/06/27 20:55:30 INFO Utils: Copying /opt/bitnami/spark/.ivy2/jars/org.lz4_lz4-java-1.8.0.jar to /tmp/spark-a721713c-9b63-4445-a672-48f5805acb53/userFiles-785510ea-2d94-4c38-ad92-fc7ba7637064/org.lz4_lz4-java-1.8.0.jar
[2024-06-27T20:55:30.549+0000] {docker.py:413} INFO - 24/06/27 20:55:30 INFO SparkContext: Added file file:///opt/bitnami/spark/.ivy2/jars/org.xerial.snappy_snappy-java-1.1.10.3.jar at file:///opt/bitnami/spark/.ivy2/jars/org.xerial.snappy_snappy-java-1.1.10.3.jar with timestamp 1719521730176
[2024-06-27T20:55:30.550+0000] {docker.py:413} INFO - 24/06/27 20:55:30 INFO Utils: Copying /opt/bitnami/spark/.ivy2/jars/org.xerial.snappy_snappy-java-1.1.10.3.jar to /tmp/spark-a721713c-9b63-4445-a672-48f5805acb53/userFiles-785510ea-2d94-4c38-ad92-fc7ba7637064/org.xerial.snappy_snappy-java-1.1.10.3.jar
[2024-06-27T20:55:30.552+0000] {docker.py:413} INFO - 24/06/27 20:55:30 INFO SparkContext: Added file file:///opt/bitnami/spark/.ivy2/jars/org.slf4j_slf4j-api-2.0.7.jar at file:///opt/bitnami/spark/.ivy2/jars/org.slf4j_slf4j-api-2.0.7.jar with timestamp 1719521730176
[2024-06-27T20:55:30.552+0000] {docker.py:413} INFO - 24/06/27 20:55:30 INFO Utils: Copying /opt/bitnami/spark/.ivy2/jars/org.slf4j_slf4j-api-2.0.7.jar to /tmp/spark-a721713c-9b63-4445-a672-48f5805acb53/userFiles-785510ea-2d94-4c38-ad92-fc7ba7637064/org.slf4j_slf4j-api-2.0.7.jar
[2024-06-27T20:55:30.553+0000] {docker.py:413} INFO - 24/06/27 20:55:30 INFO SparkContext: Added file file:///opt/bitnami/spark/.ivy2/jars/org.apache.hadoop_hadoop-client-api-3.3.4.jar at file:///opt/bitnami/spark/.ivy2/jars/org.apache.hadoop_hadoop-client-api-3.3.4.jar with timestamp 1719521730176
[2024-06-27T20:55:30.554+0000] {docker.py:413} INFO - 24/06/27 20:55:30 INFO Utils: Copying /opt/bitnami/spark/.ivy2/jars/org.apache.hadoop_hadoop-client-api-3.3.4.jar to /tmp/spark-a721713c-9b63-4445-a672-48f5805acb53/userFiles-785510ea-2d94-4c38-ad92-fc7ba7637064/org.apache.hadoop_hadoop-client-api-3.3.4.jar
[2024-06-27T20:55:30.564+0000] {docker.py:413} INFO - 24/06/27 20:55:30 INFO SparkContext: Added file file:///opt/bitnami/spark/.ivy2/jars/commons-logging_commons-logging-1.1.3.jar at file:///opt/bitnami/spark/.ivy2/jars/commons-logging_commons-logging-1.1.3.jar with timestamp 1719521730176
[2024-06-27T20:55:30.565+0000] {docker.py:413} INFO - 24/06/27 20:55:30 INFO Utils: Copying /opt/bitnami/spark/.ivy2/jars/commons-logging_commons-logging-1.1.3.jar to /tmp/spark-a721713c-9b63-4445-a672-48f5805acb53/userFiles-785510ea-2d94-4c38-ad92-fc7ba7637064/commons-logging_commons-logging-1.1.3.jar
[2024-06-27T20:55:30.597+0000] {docker.py:413} INFO - 24/06/27 20:55:30 INFO Executor: Starting executor ID driver on host localhost
[2024-06-27T20:55:30.597+0000] {docker.py:413} INFO - 24/06/27 20:55:30 INFO Executor: OS info Linux, 6.6.12-linuxkit, aarch64
[2024-06-27T20:55:30.597+0000] {docker.py:413} INFO - 24/06/27 20:55:30 INFO Executor: Java version 17.0.10
[2024-06-27T20:55:30.599+0000] {docker.py:413} INFO - 24/06/27 20:55:30 INFO Executor: Starting executor with user classpath (userClassPathFirst = false): ''
[2024-06-27T20:55:30.600+0000] {docker.py:413} INFO - 24/06/27 20:55:30 INFO Executor: Created or updated repl class loader org.apache.spark.util.MutableURLClassLoader@18a8ddfc for default.
[2024-06-27T20:55:30.605+0000] {docker.py:413} INFO - 24/06/27 20:55:30 INFO Executor: Fetching file:///opt/bitnami/spark/.ivy2/jars/org.apache.spark_spark-token-provider-kafka-0-10_2.12-3.5.0.jar with timestamp 1719521730176
[2024-06-27T20:55:30.613+0000] {docker.py:413} INFO - 24/06/27 20:55:30 INFO Utils: /opt/bitnami/spark/.ivy2/jars/org.apache.spark_spark-token-provider-kafka-0-10_2.12-3.5.0.jar has been previously copied to /tmp/spark-a721713c-9b63-4445-a672-48f5805acb53/userFiles-785510ea-2d94-4c38-ad92-fc7ba7637064/org.apache.spark_spark-token-provider-kafka-0-10_2.12-3.5.0.jar
[2024-06-27T20:55:30.615+0000] {docker.py:413} INFO - 24/06/27 20:55:30 INFO Executor: Fetching file:///opt/bitnami/spark/.ivy2/jars/org.apache.hadoop_hadoop-client-runtime-3.3.4.jar with timestamp 1719521730176
[2024-06-27T20:55:30.637+0000] {docker.py:413} INFO - 24/06/27 20:55:30 INFO Utils: /opt/bitnami/spark/.ivy2/jars/org.apache.hadoop_hadoop-client-runtime-3.3.4.jar has been previously copied to /tmp/spark-a721713c-9b63-4445-a672-48f5805acb53/userFiles-785510ea-2d94-4c38-ad92-fc7ba7637064/org.apache.hadoop_hadoop-client-runtime-3.3.4.jar
[2024-06-27T20:55:30.638+0000] {docker.py:413} INFO - 24/06/27 20:55:30 INFO Executor: Fetching file:///opt/bitnami/spark/.ivy2/jars/org.apache.commons_commons-pool2-2.11.1.jar with timestamp 1719521730176
[2024-06-27T20:55:30.638+0000] {docker.py:413} INFO - 24/06/27 20:55:30 INFO Utils: /opt/bitnami/spark/.ivy2/jars/org.apache.commons_commons-pool2-2.11.1.jar has been previously copied to /tmp/spark-a721713c-9b63-4445-a672-48f5805acb53/userFiles-785510ea-2d94-4c38-ad92-fc7ba7637064/org.apache.commons_commons-pool2-2.11.1.jar
[2024-06-27T20:55:30.640+0000] {docker.py:413} INFO - 24/06/27 20:55:30 INFO Executor: Fetching file:///opt/bitnami/spark/.ivy2/jars/org.postgresql_postgresql-42.5.4.jar with timestamp 1719521730176
[2024-06-27T20:55:30.641+0000] {docker.py:413} INFO - 24/06/27 20:55:30 INFO Utils: /opt/bitnami/spark/.ivy2/jars/org.postgresql_postgresql-42.5.4.jar has been previously copied to /tmp/spark-a721713c-9b63-4445-a672-48f5805acb53/userFiles-785510ea-2d94-4c38-ad92-fc7ba7637064/org.postgresql_postgresql-42.5.4.jar
[2024-06-27T20:55:30.642+0000] {docker.py:413} INFO - 24/06/27 20:55:30 INFO Executor: Fetching file:///opt/bitnami/spark/.ivy2/jars/org.slf4j_slf4j-api-2.0.7.jar with timestamp 1719521730176
[2024-06-27T20:55:30.642+0000] {docker.py:413} INFO - 24/06/27 20:55:30 INFO Utils: /opt/bitnami/spark/.ivy2/jars/org.slf4j_slf4j-api-2.0.7.jar has been previously copied to /tmp/spark-a721713c-9b63-4445-a672-48f5805acb53/userFiles-785510ea-2d94-4c38-ad92-fc7ba7637064/org.slf4j_slf4j-api-2.0.7.jar
[2024-06-27T20:55:30.643+0000] {docker.py:413} INFO - 24/06/27 20:55:30 INFO Executor: Fetching file:///opt/bitnami/spark/.ivy2/jars/org.apache.kafka_kafka-clients-3.4.1.jar with timestamp 1719521730176
[2024-06-27T20:55:30.646+0000] {docker.py:413} INFO - 24/06/27 20:55:30 INFO Utils: /opt/bitnami/spark/.ivy2/jars/org.apache.kafka_kafka-clients-3.4.1.jar has been previously copied to /tmp/spark-a721713c-9b63-4445-a672-48f5805acb53/userFiles-785510ea-2d94-4c38-ad92-fc7ba7637064/org.apache.kafka_kafka-clients-3.4.1.jar
[2024-06-27T20:55:30.647+0000] {docker.py:413} INFO - 24/06/27 20:55:30 INFO Executor: Fetching file:///opt/bitnami/spark/.ivy2/jars/com.google.code.findbugs_jsr305-3.0.0.jar with timestamp 1719521730176
[2024-06-27T20:55:30.647+0000] {docker.py:413} INFO - 24/06/27 20:55:30 INFO Utils: /opt/bitnami/spark/.ivy2/jars/com.google.code.findbugs_jsr305-3.0.0.jar has been previously copied to /tmp/spark-a721713c-9b63-4445-a672-48f5805acb53/userFiles-785510ea-2d94-4c38-ad92-fc7ba7637064/com.google.code.findbugs_jsr305-3.0.0.jar
[2024-06-27T20:55:30.648+0000] {docker.py:413} INFO - 24/06/27 20:55:30 INFO Executor: Fetching file:///opt/bitnami/spark/.ivy2/jars/org.lz4_lz4-java-1.8.0.jar with timestamp 1719521730176
[2024-06-27T20:55:30.649+0000] {docker.py:413} INFO - 24/06/27 20:55:30 INFO Utils: /opt/bitnami/spark/.ivy2/jars/org.lz4_lz4-java-1.8.0.jar has been previously copied to /tmp/spark-a721713c-9b63-4445-a672-48f5805acb53/userFiles-785510ea-2d94-4c38-ad92-fc7ba7637064/org.lz4_lz4-java-1.8.0.jar
[2024-06-27T20:55:30.650+0000] {docker.py:413} INFO - 24/06/27 20:55:30 INFO Executor: Fetching file:///opt/bitnami/spark/.ivy2/jars/org.apache.spark_spark-sql-kafka-0-10_2.12-3.5.0.jar with timestamp 1719521730176
[2024-06-27T20:55:30.650+0000] {docker.py:413} INFO - 24/06/27 20:55:30 INFO Utils: /opt/bitnami/spark/.ivy2/jars/org.apache.spark_spark-sql-kafka-0-10_2.12-3.5.0.jar has been previously copied to /tmp/spark-a721713c-9b63-4445-a672-48f5805acb53/userFiles-785510ea-2d94-4c38-ad92-fc7ba7637064/org.apache.spark_spark-sql-kafka-0-10_2.12-3.5.0.jar
[2024-06-27T20:55:30.652+0000] {docker.py:413} INFO - 24/06/27 20:55:30 INFO Executor: Fetching file:///opt/bitnami/spark/.ivy2/jars/org.apache.hadoop_hadoop-client-api-3.3.4.jar with timestamp 1719521730176
[2024-06-27T20:55:30.660+0000] {docker.py:413} INFO - 24/06/27 20:55:30 INFO Utils: /opt/bitnami/spark/.ivy2/jars/org.apache.hadoop_hadoop-client-api-3.3.4.jar has been previously copied to /tmp/spark-a721713c-9b63-4445-a672-48f5805acb53/userFiles-785510ea-2d94-4c38-ad92-fc7ba7637064/org.apache.hadoop_hadoop-client-api-3.3.4.jar
[2024-06-27T20:55:30.662+0000] {docker.py:413} INFO - 24/06/27 20:55:30 INFO Executor: Fetching file:///opt/bitnami/spark/.ivy2/jars/commons-logging_commons-logging-1.1.3.jar with timestamp 1719521730176
[2024-06-27T20:55:30.662+0000] {docker.py:413} INFO - 24/06/27 20:55:30 INFO Utils: /opt/bitnami/spark/.ivy2/jars/commons-logging_commons-logging-1.1.3.jar has been previously copied to /tmp/spark-a721713c-9b63-4445-a672-48f5805acb53/userFiles-785510ea-2d94-4c38-ad92-fc7ba7637064/commons-logging_commons-logging-1.1.3.jar
[2024-06-27T20:55:30.663+0000] {docker.py:413} INFO - 24/06/27 20:55:30 INFO Executor: Fetching file:///opt/bitnami/spark/.ivy2/jars/org.checkerframework_checker-qual-3.5.0.jar with timestamp 1719521730176
[2024-06-27T20:55:30.664+0000] {docker.py:413} INFO - 24/06/27 20:55:30 INFO Utils: /opt/bitnami/spark/.ivy2/jars/org.checkerframework_checker-qual-3.5.0.jar has been previously copied to /tmp/spark-a721713c-9b63-4445-a672-48f5805acb53/userFiles-785510ea-2d94-4c38-ad92-fc7ba7637064/org.checkerframework_checker-qual-3.5.0.jar
[2024-06-27T20:55:30.665+0000] {docker.py:413} INFO - 24/06/27 20:55:30 INFO Executor: Fetching file:///opt/bitnami/spark/.ivy2/jars/org.xerial.snappy_snappy-java-1.1.10.3.jar with timestamp 1719521730176
[2024-06-27T20:55:30.666+0000] {docker.py:413} INFO - 24/06/27 20:55:30 INFO Utils: /opt/bitnami/spark/.ivy2/jars/org.xerial.snappy_snappy-java-1.1.10.3.jar has been previously copied to /tmp/spark-a721713c-9b63-4445-a672-48f5805acb53/userFiles-785510ea-2d94-4c38-ad92-fc7ba7637064/org.xerial.snappy_snappy-java-1.1.10.3.jar
[2024-06-27T20:55:30.668+0000] {docker.py:413} INFO - 24/06/27 20:55:30 INFO Executor: Fetching spark://localhost:37379/jars/org.apache.kafka_kafka-clients-3.4.1.jar with timestamp 1719521730176
[2024-06-27T20:55:30.691+0000] {docker.py:413} INFO - 24/06/27 20:55:30 INFO TransportClientFactory: Successfully created connection to localhost/127.0.0.1:37379 after 16 ms (0 ms spent in bootstraps)
[2024-06-27T20:55:30.696+0000] {docker.py:413} INFO - 24/06/27 20:55:30 INFO Utils: Fetching spark://localhost:37379/jars/org.apache.kafka_kafka-clients-3.4.1.jar to /tmp/spark-a721713c-9b63-4445-a672-48f5805acb53/userFiles-785510ea-2d94-4c38-ad92-fc7ba7637064/fetchFileTemp10357749516806405028.tmp
[2024-06-27T20:55:30.722+0000] {docker.py:413} INFO - 24/06/27 20:55:30 INFO Utils: /tmp/spark-a721713c-9b63-4445-a672-48f5805acb53/userFiles-785510ea-2d94-4c38-ad92-fc7ba7637064/fetchFileTemp10357749516806405028.tmp has been previously copied to /tmp/spark-a721713c-9b63-4445-a672-48f5805acb53/userFiles-785510ea-2d94-4c38-ad92-fc7ba7637064/org.apache.kafka_kafka-clients-3.4.1.jar
[2024-06-27T20:55:30.724+0000] {docker.py:413} INFO - 24/06/27 20:55:30 INFO Executor: Adding file:/tmp/spark-a721713c-9b63-4445-a672-48f5805acb53/userFiles-785510ea-2d94-4c38-ad92-fc7ba7637064/org.apache.kafka_kafka-clients-3.4.1.jar to class loader default
[2024-06-27T20:55:30.724+0000] {docker.py:413} INFO - 24/06/27 20:55:30 INFO Executor: Fetching spark://localhost:37379/jars/org.lz4_lz4-java-1.8.0.jar with timestamp 1719521730176
[2024-06-27T20:55:30.724+0000] {docker.py:413} INFO - 24/06/27 20:55:30 INFO Utils: Fetching spark://localhost:37379/jars/org.lz4_lz4-java-1.8.0.jar to /tmp/spark-a721713c-9b63-4445-a672-48f5805acb53/userFiles-785510ea-2d94-4c38-ad92-fc7ba7637064/fetchFileTemp14449450973633247534.tmp
[2024-06-27T20:55:30.727+0000] {docker.py:413} INFO - 24/06/27 20:55:30 INFO Utils: /tmp/spark-a721713c-9b63-4445-a672-48f5805acb53/userFiles-785510ea-2d94-4c38-ad92-fc7ba7637064/fetchFileTemp14449450973633247534.tmp has been previously copied to /tmp/spark-a721713c-9b63-4445-a672-48f5805acb53/userFiles-785510ea-2d94-4c38-ad92-fc7ba7637064/org.lz4_lz4-java-1.8.0.jar
[2024-06-27T20:55:30.728+0000] {docker.py:413} INFO - 24/06/27 20:55:30 INFO Executor: Adding file:/tmp/spark-a721713c-9b63-4445-a672-48f5805acb53/userFiles-785510ea-2d94-4c38-ad92-fc7ba7637064/org.lz4_lz4-java-1.8.0.jar to class loader default
[2024-06-27T20:55:30.729+0000] {docker.py:413} INFO - 24/06/27 20:55:30 INFO Executor: Fetching spark://localhost:37379/jars/org.postgresql_postgresql-42.5.4.jar with timestamp 1719521730176
[2024-06-27T20:55:30.729+0000] {docker.py:413} INFO - 24/06/27 20:55:30 INFO Utils: Fetching spark://localhost:37379/jars/org.postgresql_postgresql-42.5.4.jar to /tmp/spark-a721713c-9b63-4445-a672-48f5805acb53/userFiles-785510ea-2d94-4c38-ad92-fc7ba7637064/fetchFileTemp12999398077588183597.tmp
[2024-06-27T20:55:30.732+0000] {docker.py:413} INFO - 24/06/27 20:55:30 INFO Utils: /tmp/spark-a721713c-9b63-4445-a672-48f5805acb53/userFiles-785510ea-2d94-4c38-ad92-fc7ba7637064/fetchFileTemp12999398077588183597.tmp has been previously copied to /tmp/spark-a721713c-9b63-4445-a672-48f5805acb53/userFiles-785510ea-2d94-4c38-ad92-fc7ba7637064/org.postgresql_postgresql-42.5.4.jar
[2024-06-27T20:55:30.733+0000] {docker.py:413} INFO - 24/06/27 20:55:30 INFO Executor: Adding file:/tmp/spark-a721713c-9b63-4445-a672-48f5805acb53/userFiles-785510ea-2d94-4c38-ad92-fc7ba7637064/org.postgresql_postgresql-42.5.4.jar to class loader default
[2024-06-27T20:55:30.734+0000] {docker.py:413} INFO - 24/06/27 20:55:30 INFO Executor: Fetching spark://localhost:37379/jars/org.apache.hadoop_hadoop-client-api-3.3.4.jar with timestamp 1719521730176
[2024-06-27T20:55:30.734+0000] {docker.py:413} INFO - 24/06/27 20:55:30 INFO Utils: Fetching spark://localhost:37379/jars/org.apache.hadoop_hadoop-client-api-3.3.4.jar to /tmp/spark-a721713c-9b63-4445-a672-48f5805acb53/userFiles-785510ea-2d94-4c38-ad92-fc7ba7637064/fetchFileTemp2214014343609335918.tmp
[2024-06-27T20:55:30.772+0000] {docker.py:413} INFO - 24/06/27 20:55:30 INFO Utils: /tmp/spark-a721713c-9b63-4445-a672-48f5805acb53/userFiles-785510ea-2d94-4c38-ad92-fc7ba7637064/fetchFileTemp2214014343609335918.tmp has been previously copied to /tmp/spark-a721713c-9b63-4445-a672-48f5805acb53/userFiles-785510ea-2d94-4c38-ad92-fc7ba7637064/org.apache.hadoop_hadoop-client-api-3.3.4.jar
[2024-06-27T20:55:30.774+0000] {docker.py:413} INFO - 24/06/27 20:55:30 INFO Executor: Adding file:/tmp/spark-a721713c-9b63-4445-a672-48f5805acb53/userFiles-785510ea-2d94-4c38-ad92-fc7ba7637064/org.apache.hadoop_hadoop-client-api-3.3.4.jar to class loader default
[2024-06-27T20:55:30.774+0000] {docker.py:413} INFO - 24/06/27 20:55:30 INFO Executor: Fetching spark://localhost:37379/jars/org.apache.spark_spark-sql-kafka-0-10_2.12-3.5.0.jar with timestamp 1719521730176
[2024-06-27T20:55:30.775+0000] {docker.py:413} INFO - 24/06/27 20:55:30 INFO Utils: Fetching spark://localhost:37379/jars/org.apache.spark_spark-sql-kafka-0-10_2.12-3.5.0.jar to /tmp/spark-a721713c-9b63-4445-a672-48f5805acb53/userFiles-785510ea-2d94-4c38-ad92-fc7ba7637064/fetchFileTemp798972625958376379.tmp
[2024-06-27T20:55:30.776+0000] {docker.py:413} INFO - 24/06/27 20:55:30 INFO Utils: /tmp/spark-a721713c-9b63-4445-a672-48f5805acb53/userFiles-785510ea-2d94-4c38-ad92-fc7ba7637064/fetchFileTemp798972625958376379.tmp has been previously copied to /tmp/spark-a721713c-9b63-4445-a672-48f5805acb53/userFiles-785510ea-2d94-4c38-ad92-fc7ba7637064/org.apache.spark_spark-sql-kafka-0-10_2.12-3.5.0.jar
[2024-06-27T20:55:30.777+0000] {docker.py:413} INFO - 24/06/27 20:55:30 INFO Executor: Adding file:/tmp/spark-a721713c-9b63-4445-a672-48f5805acb53/userFiles-785510ea-2d94-4c38-ad92-fc7ba7637064/org.apache.spark_spark-sql-kafka-0-10_2.12-3.5.0.jar to class loader default
[2024-06-27T20:55:30.777+0000] {docker.py:413} INFO - 24/06/27 20:55:30 INFO Executor: Fetching spark://localhost:37379/jars/org.apache.hadoop_hadoop-client-runtime-3.3.4.jar with timestamp 1719521730176
[2024-06-27T20:55:30.778+0000] {docker.py:413} INFO - 24/06/27 20:55:30 INFO Utils: Fetching spark://localhost:37379/jars/org.apache.hadoop_hadoop-client-runtime-3.3.4.jar to /tmp/spark-a721713c-9b63-4445-a672-48f5805acb53/userFiles-785510ea-2d94-4c38-ad92-fc7ba7637064/fetchFileTemp15636761079383639793.tmp
[2024-06-27T20:55:30.828+0000] {docker.py:413} INFO - 24/06/27 20:55:30 INFO Utils: /tmp/spark-a721713c-9b63-4445-a672-48f5805acb53/userFiles-785510ea-2d94-4c38-ad92-fc7ba7637064/fetchFileTemp15636761079383639793.tmp has been previously copied to /tmp/spark-a721713c-9b63-4445-a672-48f5805acb53/userFiles-785510ea-2d94-4c38-ad92-fc7ba7637064/org.apache.hadoop_hadoop-client-runtime-3.3.4.jar
[2024-06-27T20:55:30.831+0000] {docker.py:413} INFO - 24/06/27 20:55:30 INFO Executor: Adding file:/tmp/spark-a721713c-9b63-4445-a672-48f5805acb53/userFiles-785510ea-2d94-4c38-ad92-fc7ba7637064/org.apache.hadoop_hadoop-client-runtime-3.3.4.jar to class loader default
[2024-06-27T20:55:30.831+0000] {docker.py:413} INFO - 24/06/27 20:55:30 INFO Executor: Fetching spark://localhost:37379/jars/org.apache.commons_commons-pool2-2.11.1.jar with timestamp 1719521730176
[2024-06-27T20:55:30.832+0000] {docker.py:413} INFO - 24/06/27 20:55:30 INFO Utils: Fetching spark://localhost:37379/jars/org.apache.commons_commons-pool2-2.11.1.jar to /tmp/spark-a721713c-9b63-4445-a672-48f5805acb53/userFiles-785510ea-2d94-4c38-ad92-fc7ba7637064/fetchFileTemp5773097111883113440.tmp
[2024-06-27T20:55:30.832+0000] {docker.py:413} INFO - 24/06/27 20:55:30 INFO Utils: /tmp/spark-a721713c-9b63-4445-a672-48f5805acb53/userFiles-785510ea-2d94-4c38-ad92-fc7ba7637064/fetchFileTemp5773097111883113440.tmp has been previously copied to /tmp/spark-a721713c-9b63-4445-a672-48f5805acb53/userFiles-785510ea-2d94-4c38-ad92-fc7ba7637064/org.apache.commons_commons-pool2-2.11.1.jar
[2024-06-27T20:55:30.834+0000] {docker.py:413} INFO - 24/06/27 20:55:30 INFO Executor: Adding file:/tmp/spark-a721713c-9b63-4445-a672-48f5805acb53/userFiles-785510ea-2d94-4c38-ad92-fc7ba7637064/org.apache.commons_commons-pool2-2.11.1.jar to class loader default
[2024-06-27T20:55:30.834+0000] {docker.py:413} INFO - 24/06/27 20:55:30 INFO Executor: Fetching spark://localhost:37379/jars/org.apache.spark_spark-token-provider-kafka-0-10_2.12-3.5.0.jar with timestamp 1719521730176
[2024-06-27T20:55:30.835+0000] {docker.py:413} INFO - 24/06/27 20:55:30 INFO Utils: Fetching spark://localhost:37379/jars/org.apache.spark_spark-token-provider-kafka-0-10_2.12-3.5.0.jar to /tmp/spark-a721713c-9b63-4445-a672-48f5805acb53/userFiles-785510ea-2d94-4c38-ad92-fc7ba7637064/fetchFileTemp9984806640824641946.tmp
[2024-06-27T20:55:30.835+0000] {docker.py:413} INFO - 24/06/27 20:55:30 INFO Utils: /tmp/spark-a721713c-9b63-4445-a672-48f5805acb53/userFiles-785510ea-2d94-4c38-ad92-fc7ba7637064/fetchFileTemp9984806640824641946.tmp has been previously copied to /tmp/spark-a721713c-9b63-4445-a672-48f5805acb53/userFiles-785510ea-2d94-4c38-ad92-fc7ba7637064/org.apache.spark_spark-token-provider-kafka-0-10_2.12-3.5.0.jar
[2024-06-27T20:55:30.837+0000] {docker.py:413} INFO - 24/06/27 20:55:30 INFO Executor: Adding file:/tmp/spark-a721713c-9b63-4445-a672-48f5805acb53/userFiles-785510ea-2d94-4c38-ad92-fc7ba7637064/org.apache.spark_spark-token-provider-kafka-0-10_2.12-3.5.0.jar to class loader default
[2024-06-27T20:55:30.837+0000] {docker.py:413} INFO - 24/06/27 20:55:30 INFO Executor: Fetching spark://localhost:37379/jars/com.google.code.findbugs_jsr305-3.0.0.jar with timestamp 1719521730176
[2024-06-27T20:55:30.837+0000] {docker.py:413} INFO - 24/06/27 20:55:30 INFO Utils: Fetching spark://localhost:37379/jars/com.google.code.findbugs_jsr305-3.0.0.jar to /tmp/spark-a721713c-9b63-4445-a672-48f5805acb53/userFiles-785510ea-2d94-4c38-ad92-fc7ba7637064/fetchFileTemp11965021580267212672.tmp
[2024-06-27T20:55:30.838+0000] {docker.py:413} INFO - 24/06/27 20:55:30 INFO Utils: /tmp/spark-a721713c-9b63-4445-a672-48f5805acb53/userFiles-785510ea-2d94-4c38-ad92-fc7ba7637064/fetchFileTemp11965021580267212672.tmp has been previously copied to /tmp/spark-a721713c-9b63-4445-a672-48f5805acb53/userFiles-785510ea-2d94-4c38-ad92-fc7ba7637064/com.google.code.findbugs_jsr305-3.0.0.jar
[2024-06-27T20:55:30.839+0000] {docker.py:413} INFO - 24/06/27 20:55:30 INFO Executor: Adding file:/tmp/spark-a721713c-9b63-4445-a672-48f5805acb53/userFiles-785510ea-2d94-4c38-ad92-fc7ba7637064/com.google.code.findbugs_jsr305-3.0.0.jar to class loader default
24/06/27 20:55:30 INFO Executor: Fetching spark://localhost:37379/jars/org.xerial.snappy_snappy-java-1.1.10.3.jar with timestamp 1719521730176
[2024-06-27T20:55:30.839+0000] {docker.py:413} INFO - 24/06/27 20:55:30 INFO Utils: Fetching spark://localhost:37379/jars/org.xerial.snappy_snappy-java-1.1.10.3.jar to /tmp/spark-a721713c-9b63-4445-a672-48f5805acb53/userFiles-785510ea-2d94-4c38-ad92-fc7ba7637064/fetchFileTemp5136843796352446625.tmp
[2024-06-27T20:55:30.843+0000] {docker.py:413} INFO - 24/06/27 20:55:30 INFO Utils: /tmp/spark-a721713c-9b63-4445-a672-48f5805acb53/userFiles-785510ea-2d94-4c38-ad92-fc7ba7637064/fetchFileTemp5136843796352446625.tmp has been previously copied to /tmp/spark-a721713c-9b63-4445-a672-48f5805acb53/userFiles-785510ea-2d94-4c38-ad92-fc7ba7637064/org.xerial.snappy_snappy-java-1.1.10.3.jar
[2024-06-27T20:55:30.845+0000] {docker.py:413} INFO - 24/06/27 20:55:30 INFO Executor: Adding file:/tmp/spark-a721713c-9b63-4445-a672-48f5805acb53/userFiles-785510ea-2d94-4c38-ad92-fc7ba7637064/org.xerial.snappy_snappy-java-1.1.10.3.jar to class loader default
24/06/27 20:55:30 INFO Executor: Fetching spark://localhost:37379/jars/org.slf4j_slf4j-api-2.0.7.jar with timestamp 1719521730176
[2024-06-27T20:55:30.845+0000] {docker.py:413} INFO - 24/06/27 20:55:30 INFO Utils: Fetching spark://localhost:37379/jars/org.slf4j_slf4j-api-2.0.7.jar to /tmp/spark-a721713c-9b63-4445-a672-48f5805acb53/userFiles-785510ea-2d94-4c38-ad92-fc7ba7637064/fetchFileTemp15233444604698528619.tmp
[2024-06-27T20:55:30.846+0000] {docker.py:413} INFO - 24/06/27 20:55:30 INFO Utils: /tmp/spark-a721713c-9b63-4445-a672-48f5805acb53/userFiles-785510ea-2d94-4c38-ad92-fc7ba7637064/fetchFileTemp15233444604698528619.tmp has been previously copied to /tmp/spark-a721713c-9b63-4445-a672-48f5805acb53/userFiles-785510ea-2d94-4c38-ad92-fc7ba7637064/org.slf4j_slf4j-api-2.0.7.jar
[2024-06-27T20:55:30.847+0000] {docker.py:413} INFO - 24/06/27 20:55:30 INFO Executor: Adding file:/tmp/spark-a721713c-9b63-4445-a672-48f5805acb53/userFiles-785510ea-2d94-4c38-ad92-fc7ba7637064/org.slf4j_slf4j-api-2.0.7.jar to class loader default
[2024-06-27T20:55:30.848+0000] {docker.py:413} INFO - 24/06/27 20:55:30 INFO Executor: Fetching spark://localhost:37379/jars/org.checkerframework_checker-qual-3.5.0.jar with timestamp 1719521730176
[2024-06-27T20:55:30.848+0000] {docker.py:413} INFO - 24/06/27 20:55:30 INFO Utils: Fetching spark://localhost:37379/jars/org.checkerframework_checker-qual-3.5.0.jar to /tmp/spark-a721713c-9b63-4445-a672-48f5805acb53/userFiles-785510ea-2d94-4c38-ad92-fc7ba7637064/fetchFileTemp18376104651334061942.tmp
[2024-06-27T20:55:30.849+0000] {docker.py:413} INFO - 24/06/27 20:55:30 INFO Utils: /tmp/spark-a721713c-9b63-4445-a672-48f5805acb53/userFiles-785510ea-2d94-4c38-ad92-fc7ba7637064/fetchFileTemp18376104651334061942.tmp has been previously copied to /tmp/spark-a721713c-9b63-4445-a672-48f5805acb53/userFiles-785510ea-2d94-4c38-ad92-fc7ba7637064/org.checkerframework_checker-qual-3.5.0.jar
[2024-06-27T20:55:30.850+0000] {docker.py:413} INFO - 24/06/27 20:55:30 INFO Executor: Adding file:/tmp/spark-a721713c-9b63-4445-a672-48f5805acb53/userFiles-785510ea-2d94-4c38-ad92-fc7ba7637064/org.checkerframework_checker-qual-3.5.0.jar to class loader default
[2024-06-27T20:55:30.850+0000] {docker.py:413} INFO - 24/06/27 20:55:30 INFO Executor: Fetching spark://localhost:37379/jars/commons-logging_commons-logging-1.1.3.jar with timestamp 1719521730176
[2024-06-27T20:55:30.851+0000] {docker.py:413} INFO - 24/06/27 20:55:30 INFO Utils: Fetching spark://localhost:37379/jars/commons-logging_commons-logging-1.1.3.jar to /tmp/spark-a721713c-9b63-4445-a672-48f5805acb53/userFiles-785510ea-2d94-4c38-ad92-fc7ba7637064/fetchFileTemp13034387092034499855.tmp
[2024-06-27T20:55:30.851+0000] {docker.py:413} INFO - 24/06/27 20:55:30 INFO Utils: /tmp/spark-a721713c-9b63-4445-a672-48f5805acb53/userFiles-785510ea-2d94-4c38-ad92-fc7ba7637064/fetchFileTemp13034387092034499855.tmp has been previously copied to /tmp/spark-a721713c-9b63-4445-a672-48f5805acb53/userFiles-785510ea-2d94-4c38-ad92-fc7ba7637064/commons-logging_commons-logging-1.1.3.jar
[2024-06-27T20:55:30.852+0000] {docker.py:413} INFO - 24/06/27 20:55:30 INFO Executor: Adding file:/tmp/spark-a721713c-9b63-4445-a672-48f5805acb53/userFiles-785510ea-2d94-4c38-ad92-fc7ba7637064/commons-logging_commons-logging-1.1.3.jar to class loader default
[2024-06-27T20:55:30.857+0000] {docker.py:413} INFO - 24/06/27 20:55:30 INFO Utils: Successfully started service 'org.apache.spark.network.netty.NettyBlockTransferService' on port 33113.
[2024-06-27T20:55:30.857+0000] {docker.py:413} INFO - 24/06/27 20:55:30 INFO NettyBlockTransferService: Server created on localhost:33113
[2024-06-27T20:55:30.858+0000] {docker.py:413} INFO - 24/06/27 20:55:30 INFO BlockManager: Using org.apache.spark.storage.RandomBlockReplicationPolicy for block replication policy
[2024-06-27T20:55:30.861+0000] {docker.py:413} INFO - 24/06/27 20:55:30 INFO BlockManagerMaster: Registering BlockManager BlockManagerId(driver, localhost, 33113, None)
[2024-06-27T20:55:30.863+0000] {docker.py:413} INFO - 24/06/27 20:55:30 INFO BlockManagerMasterEndpoint: Registering block manager localhost:33113 with 434.4 MiB RAM, BlockManagerId(driver, localhost, 33113, None)
[2024-06-27T20:55:30.864+0000] {docker.py:413} INFO - 24/06/27 20:55:30 INFO BlockManagerMaster: Registered BlockManager BlockManagerId(driver, localhost, 33113, None)
[2024-06-27T20:55:30.865+0000] {docker.py:413} INFO - 24/06/27 20:55:30 INFO BlockManager: Initialized BlockManager: BlockManagerId(driver, localhost, 33113, None)
[2024-06-27T20:55:31.057+0000] {docker.py:413} INFO - 2024-06-27 20:55:31,056:create_spark_session:INFO:Spark session created successfully
[2024-06-27T20:55:31.060+0000] {docker.py:413} INFO - 24/06/27 20:55:31 INFO SharedState: Setting hive.metastore.warehouse.dir ('null') to the value of spark.sql.warehouse.dir.
[2024-06-27T20:55:31.061+0000] {docker.py:413} INFO - 24/06/27 20:55:31 INFO SharedState: Warehouse path is 'file:/opt/bitnami/spark/spark-warehouse'.
[2024-06-27T20:55:31.744+0000] {docker.py:413} INFO - 2024-06-27 20:55:31,743:create_initial_dataframe:INFO:Initial dataframe created successfully
[2024-06-27T20:55:36.988+0000] {docker.py:413} INFO - Traceback (most recent call last):
  File "/opt/bitnami/spark/spark_streaming.py", line 103, in <module>
[2024-06-27T20:55:36.988+0000] {docker.py:413} INFO - write_to_postgres()
  File "/opt/bitnami/spark/spark_streaming.py", line 99, in write_to_postgres
[2024-06-27T20:55:36.989+0000] {docker.py:413} INFO - start_streaming(df_final, spark=spark)
  File "/opt/bitnami/spark/spark_streaming.py", line 71, in start_streaming
[2024-06-27T20:55:36.989+0000] {docker.py:413} INFO - existing_data_df = spark.read.jdbc(
                       ^^^^^^^^^^^^^^^^
  File "/opt/bitnami/spark/python/lib/pyspark.zip/pyspark/sql/readwriter.py", line 946, in jdbc
[2024-06-27T20:55:36.989+0000] {docker.py:413} INFO - File "/opt/bitnami/spark/python/lib/py4j-0.10.9.7-src.zip/py4j/java_gateway.py", line 1322, in __call__
[2024-06-27T20:55:36.989+0000] {docker.py:413} INFO - File "/opt/bitnami/spark/python/lib/pyspark.zip/pyspark/errors/exceptions/captured.py", line 179, in deco
[2024-06-27T20:55:36.990+0000] {docker.py:413} INFO - File "/opt/bitnami/spark/python/lib/py4j-0.10.9.7-src.zip/py4j/protocol.py", line 326, in get_return_value
[2024-06-27T20:55:36.990+0000] {docker.py:413} INFO - py4j.protocol.Py4JJavaError
[2024-06-27T20:55:36.990+0000] {docker.py:413} INFO - : An error occurred while calling o50.jdbc.
: org.postgresql.util.PSQLException: The connection attempt failed.
	at org.postgresql.core.v3.ConnectionFactoryImpl.openConnectionImpl(ConnectionFactoryImpl.java:354)
	at org.postgresql.core.ConnectionFactory.openConnection(ConnectionFactory.java:54)
	at org.postgresql.jdbc.PgConnection.<init>(PgConnection.java:253)
	at org.postgresql.Driver.makeConnection(Driver.java:434)
	at org.postgresql.Driver.connect(Driver.java:291)
	at org.apache.spark.sql.execution.datasources.jdbc.connection.BasicConnectionProvider.getConnection(BasicConnectionProvider.scala:49)
	at org.apache.spark.sql.execution.datasources.jdbc.connection.ConnectionProviderBase.create(ConnectionProvider.scala:102)
	at org.apache.spark.sql.jdbc.JdbcDialect.$anonfun$createConnectionFactory$1(JdbcDialects.scala:160)
	at org.apache.spark.sql.jdbc.JdbcDialect.$anonfun$createConnectionFactory$1$adapted(JdbcDialects.scala:156)
	at org.apache.spark.sql.execution.datasources.jdbc.JDBCRDD$.getQueryOutputSchema(JDBCRDD.scala:63)
	at org.apache.spark.sql.execution.datasources.jdbc.JDBCRDD$.resolveTable(JDBCRDD.scala:58)
	at org.apache.spark.sql.execution.datasources.jdbc.JDBCRelation$.getSchema(JDBCRelation.scala:241)
	at org.apache.spark.sql.execution.datasources.jdbc.JdbcRelationProvider.createRelation(JdbcRelationProvider.scala:37)
	at org.apache.spark.sql.execution.datasources.DataSource.resolveRelation(DataSource.scala:346)
	at org.apache.spark.sql.DataFrameReader.loadV1Source(DataFrameReader.scala:229)
	at org.apache.spark.sql.DataFrameReader.$anonfun$load$2(DataFrameReader.scala:211)
	at scala.Option.getOrElse(Option.scala:189)
	at org.apache.spark.sql.DataFrameReader.load(DataFrameReader.scala:211)
	at org.apache.spark.sql.DataFrameReader.load(DataFrameReader.scala:172)
	at org.apache.spark.sql.DataFrameReader.jdbc(DataFrameReader.scala:249)
	at java.base/jdk.internal.reflect.NativeMethodAccessorImpl.invoke0(Native Method)
	at java.base/jdk.internal.reflect.NativeMethodAccessorImpl.invoke(NativeMethodAccessorImpl.java:77)
	at java.base/jdk.internal.reflect.DelegatingMethodAccessorImpl.invoke(DelegatingMethodAccessorImpl.java:43)
	at java.base/java.lang.reflect.Method.invoke(Method.java:568)
	at py4j.reflection.MethodInvoker.invoke(MethodInvoker.java:244)
	at py4j.reflection.ReflectionEngine.invoke(ReflectionEngine.java:374)
	at py4j.Gateway.invoke(Gateway.java:282)
	at py4j.commands.AbstractCommand.invokeMethod(AbstractCommand.java:132)
	at py4j.commands.CallCommand.execute(CallCommand.java:79)
	at py4j.ClientServerConnection.waitForCommands(ClientServerConnection.java:182)
	at py4j.ClientServerConnection.run(ClientServerConnection.java:106)
	at java.base/java.lang.Thread.run(Thread.java:840)
Caused by: java.net.SocketTimeoutException: Read timed out
	at java.base/sun.nio.ch.NioSocketImpl.timedRead(NioSocketImpl.java:288)
	at java.base/sun.nio.ch.NioSocketImpl.implRead(NioSocketImpl.java:314)
	at java.base/sun.nio.ch.NioSocketImpl.read(NioSocketImpl.java:355)
	at java.base/sun.nio.ch.NioSocketImpl$1.read(NioSocketImpl.java:808)
	at java.base/java.net.Socket$SocketInputStream.read(Socket.java:966)
	at org.postgresql.core.VisibleBufferedInputStream.readMore(VisibleBufferedInputStream.java:161)
	at org.postgresql.core.VisibleBufferedInputStream.ensureBytes(VisibleBufferedInputStream.java:128)
	at org.postgresql.core.VisibleBufferedInputStream.ensureBytes(VisibleBufferedInputStream.java:113)
	at org.postgresql.core.VisibleBufferedInputStream.read(VisibleBufferedInputStream.java:73)
	at org.postgresql.core.PGStream.receiveChar(PGStream.java:465)
	at org.postgresql.core.v3.ConnectionFactoryImpl.enableSSL(ConnectionFactoryImpl.java:589)
	at org.postgresql.core.v3.ConnectionFactoryImpl.tryConnect(ConnectionFactoryImpl.java:191)
	at org.postgresql.core.v3.ConnectionFactoryImpl.openConnectionImpl(ConnectionFactoryImpl.java:258)
	... 31 more
[2024-06-27T20:55:36.990+0000] {docker.py:413} INFO - 2024-06-27 20:55:36,988:close:INFO:Closing down clientserver connection
[2024-06-27T20:55:37.009+0000] {docker.py:413} INFO - 24/06/27 20:55:37 INFO SparkContext: Invoking stop() from shutdown hook
[2024-06-27T20:55:37.009+0000] {docker.py:413} INFO - 24/06/27 20:55:37 INFO SparkContext: SparkContext is stopping with exitCode 0.
[2024-06-27T20:55:37.015+0000] {docker.py:413} INFO - 24/06/27 20:55:37 INFO SparkUI: Stopped Spark web UI at http://localhost:4040
[2024-06-27T20:55:37.020+0000] {docker.py:413} INFO - 24/06/27 20:55:37 INFO MapOutputTrackerMasterEndpoint: MapOutputTrackerMasterEndpoint stopped!
[2024-06-27T20:55:37.026+0000] {docker.py:413} INFO - 24/06/27 20:55:37 INFO MemoryStore: MemoryStore cleared
[2024-06-27T20:55:37.027+0000] {docker.py:413} INFO - 24/06/27 20:55:37 INFO BlockManager: BlockManager stopped
[2024-06-27T20:55:37.030+0000] {docker.py:413} INFO - 24/06/27 20:55:37 INFO BlockManagerMaster: BlockManagerMaster stopped
[2024-06-27T20:55:37.031+0000] {docker.py:413} INFO - 24/06/27 20:55:37 INFO OutputCommitCoordinator$OutputCommitCoordinatorEndpoint: OutputCommitCoordinator stopped!
[2024-06-27T20:55:37.042+0000] {docker.py:413} INFO - 24/06/27 20:55:37 INFO SparkContext: Successfully stopped SparkContext
[2024-06-27T20:55:37.042+0000] {docker.py:413} INFO - 24/06/27 20:55:37 INFO ShutdownHookManager: Shutdown hook called
[2024-06-27T20:55:37.043+0000] {docker.py:413} INFO - 24/06/27 20:55:37 INFO ShutdownHookManager: Deleting directory /tmp/spark-a721713c-9b63-4445-a672-48f5805acb53
[2024-06-27T20:55:37.043+0000] {docker.py:413} INFO - 24/06/27 20:55:37 INFO ShutdownHookManager: Deleting directory /tmp/spark-a721713c-9b63-4445-a672-48f5805acb53/pyspark-8312f6e9-b24e-4f55-ba1a-abc8819d0e4d
[2024-06-27T20:55:37.045+0000] {docker.py:413} INFO - 24/06/27 20:55:37 INFO ShutdownHookManager: Deleting directory /tmp/spark-104b14b1-2a80-49d4-8ee9-e247111d39d4
[2024-06-27T20:55:37.244+0000] {taskinstance.py:1937} ERROR - Task failed with exception
Traceback (most recent call last):
  File "/home/airflow/.local/lib/python3.8/site-packages/docker/api/client.py", line 268, in _raise_for_status
    response.raise_for_status()
  File "/home/airflow/.local/lib/python3.8/site-packages/requests/models.py", line 1021, in raise_for_status
    raise HTTPError(http_error_msg, response=self)
requests.exceptions.HTTPError: 400 Client Error: Bad Request for url: http://docker-proxy:2375/v1.44/containers/create

The above exception was the direct cause of the following exception:

Traceback (most recent call last):
  File "/home/airflow/.local/lib/python3.8/site-packages/airflow/providers/docker/operators/docker.py", line 348, in _run_image
    return self._run_image_with_mounts([*self.mounts, tmp_mount], add_tmp_variable=True)
  File "/home/airflow/.local/lib/python3.8/site-packages/airflow/providers/docker/operators/docker.py", line 375, in _run_image_with_mounts
    self.container = self.cli.create_container(
  File "/home/airflow/.local/lib/python3.8/site-packages/docker/api/container.py", line 431, in create_container
    return self.create_container_from_config(config, name, platform)
  File "/home/airflow/.local/lib/python3.8/site-packages/docker/api/container.py", line 448, in create_container_from_config
    return self._result(res, True)
  File "/home/airflow/.local/lib/python3.8/site-packages/docker/api/client.py", line 274, in _result
    self._raise_for_status(response)
  File "/home/airflow/.local/lib/python3.8/site-packages/docker/api/client.py", line 270, in _raise_for_status
    raise create_api_error_from_http_exception(e) from e
  File "/home/airflow/.local/lib/python3.8/site-packages/docker/errors.py", line 39, in create_api_error_from_http_exception
    raise cls(e, response=response, explanation=explanation) from e
docker.errors.APIError: 400 Client Error for http://docker-proxy:2375/v1.44/containers/create: Bad Request ("invalid mount config for type "bind": bind source path does not exist: /host_mnt/private/tmp/airflowtmpag_dvznm")

During handling of the above exception, another exception occurred:

Traceback (most recent call last):
  File "/home/airflow/.local/lib/python3.8/site-packages/airflow/providers/docker/operators/docker.py", line 486, in execute
    return self._run_image()
  File "/home/airflow/.local/lib/python3.8/site-packages/airflow/providers/docker/operators/docker.py", line 357, in _run_image
    return self._run_image_with_mounts(self.mounts, add_tmp_variable=False)
  File "/home/airflow/.local/lib/python3.8/site-packages/airflow/providers/docker/operators/docker.py", line 421, in _run_image_with_mounts
    raise DockerContainerFailedException(f"Docker container failed: {result!r}", logs=log_lines)
airflow.providers.docker.exceptions.DockerContainerFailedException: Docker container failed: {'StatusCode': 1}
[2024-06-27T20:55:37.247+0000] {taskinstance.py:1400} INFO - Marking task as FAILED. dag_id=kafka_spark_dag, task_id=pyspark_consumer, execution_date=20240627T205440, start_date=20240627T205503, end_date=20240627T205537
[2024-06-27T20:55:37.254+0000] {standard_task_runner.py:104} ERROR - Failed to execute job 156 for task pyspark_consumer (Docker container failed: {'StatusCode': 1}; 1143)
[2024-06-27T20:55:37.291+0000] {local_task_job_runner.py:228} INFO - Task exited with return code 1
[2024-06-27T20:55:37.299+0000] {taskinstance.py:2778} INFO - 0 downstream tasks scheduled from follow-on schedule check
