[2024-06-27T21:25:06.147+0000] {taskinstance.py:1159} INFO - Dependencies all met for dep_context=non-requeueable deps ti=<TaskInstance: kafka_spark_dag.pyspark_consumer manual__2024-06-27T21:25:03.112919+00:00 [queued]>
[2024-06-27T21:25:06.151+0000] {taskinstance.py:1159} INFO - Dependencies all met for dep_context=requeueable deps ti=<TaskInstance: kafka_spark_dag.pyspark_consumer manual__2024-06-27T21:25:03.112919+00:00 [queued]>
[2024-06-27T21:25:06.151+0000] {taskinstance.py:1361} INFO - Starting attempt 1 of 2
[2024-06-27T21:25:06.157+0000] {taskinstance.py:1382} INFO - Executing <Task(DockerOperator): pyspark_consumer> on 2024-06-27 21:25:03.112919+00:00
[2024-06-27T21:25:06.161+0000] {standard_task_runner.py:57} INFO - Started process 904 to run task
[2024-06-27T21:25:06.162+0000] {standard_task_runner.py:84} INFO - Running: ['***', 'tasks', 'run', 'kafka_spark_dag', 'pyspark_consumer', 'manual__2024-06-27T21:25:03.112919+00:00', '--job-id', '160', '--raw', '--subdir', 'DAGS_FOLDER/dag_kafka_spark.py', '--cfg-path', '/tmp/tmpirto7ug8']
[2024-06-27T21:25:06.164+0000] {standard_task_runner.py:85} INFO - Job 160: Subtask pyspark_consumer
[2024-06-27T21:25:06.187+0000] {task_command.py:416} INFO - Running <TaskInstance: kafka_spark_dag.pyspark_consumer manual__2024-06-27T21:25:03.112919+00:00 [running]> on host cd176cdca805
[2024-06-27T21:25:06.222+0000] {taskinstance.py:1662} INFO - Exporting env vars: AIRFLOW_CTX_DAG_OWNER='***' AIRFLOW_CTX_DAG_ID='kafka_spark_dag' AIRFLOW_CTX_TASK_ID='pyspark_consumer' AIRFLOW_CTX_EXECUTION_DATE='2024-06-27T21:25:03.112919+00:00' AIRFLOW_CTX_TRY_NUMBER='1' AIRFLOW_CTX_DAG_RUN_ID='manual__2024-06-27T21:25:03.112919+00:00'
[2024-06-27T21:25:06.286+0000] {docker.py:343} INFO - Starting docker container from image current-headlines/spark:latest
[2024-06-27T21:25:06.296+0000] {docker.py:351} WARNING - Using remote engine or docker-in-docker and mounting temporary volume from host is not supported. Falling back to `mount_tmp_dir=False` mode. You can set `mount_tmp_dir` parameter to False to disable mounting and remove the warning
[2024-06-27T21:25:06.573+0000] {docker.py:413} INFO - [38;5;6mspark [38;5;5m21:25:06.57 [0m[38;5;2mINFO [0m ==>
[2024-06-27T21:25:06.575+0000] {docker.py:413} INFO - [38;5;6mspark [38;5;5m21:25:06.57 [0m[38;5;2mINFO [0m ==> [1mWelcome to the Bitnami spark container[0m
[2024-06-27T21:25:06.575+0000] {docker.py:413} INFO - [38;5;6mspark [38;5;5m21:25:06.57 [0m[38;5;2mINFO [0m ==> Subscribe to project updates by watching [1mhttps://github.com/bitnami/containers[0m
[2024-06-27T21:25:06.576+0000] {docker.py:413} INFO - [38;5;6mspark [38;5;5m21:25:06.57 [0m[38;5;2mINFO [0m ==> Submit issues and feature requests at [1mhttps://github.com/bitnami/containers/issues[0m
[2024-06-27T21:25:06.576+0000] {docker.py:413} INFO - [38;5;6mspark [38;5;5m21:25:06.57 [0m[38;5;2mINFO [0m ==>
[2024-06-27T21:25:06.582+0000] {docker.py:413} INFO - 
[2024-06-27T21:25:07.549+0000] {docker.py:413} INFO - :: loading settings :: url = jar:file:/opt/bitnami/spark/jars/ivy-2.5.1.jar!/org/apache/ivy/core/settings/ivysettings.xml
[2024-06-27T21:25:07.589+0000] {docker.py:413} INFO - Ivy Default Cache set to: /opt/bitnami/spark/.ivy2/cache
The jars for the packages stored in: /opt/bitnami/spark/.ivy2/jars
[2024-06-27T21:25:07.591+0000] {docker.py:413} INFO - org.postgresql#postgresql added as a dependency
org.apache.spark#spark-sql-kafka-0-10_2.12 added as a dependency
[2024-06-27T21:25:07.591+0000] {docker.py:413} INFO - :: resolving dependencies :: org.apache.spark#spark-submit-parent-f9df7e4f-4711-4816-acba-d21e3ff496ea;1.0
	confs: [default]
[2024-06-27T21:25:07.928+0000] {docker.py:413} INFO - found org.postgresql#postgresql;42.5.4 in central
[2024-06-27T21:25:07.962+0000] {docker.py:413} INFO - found org.checkerframework#checker-qual;3.5.0 in central
[2024-06-27T21:25:08.548+0000] {docker.py:413} INFO - found org.apache.spark#spark-sql-kafka-0-10_2.12;3.5.0 in central
[2024-06-27T21:25:08.687+0000] {docker.py:413} INFO - found org.apache.spark#spark-token-provider-kafka-0-10_2.12;3.5.0 in central
[2024-06-27T21:25:08.722+0000] {docker.py:413} INFO - found org.apache.kafka#kafka-clients;3.4.1 in central
[2024-06-27T21:25:08.757+0000] {docker.py:413} INFO - found org.lz4#lz4-java;1.8.0 in central
[2024-06-27T21:25:08.797+0000] {docker.py:413} INFO - found org.xerial.snappy#snappy-java;1.1.10.3 in central
[2024-06-27T21:25:08.998+0000] {docker.py:413} INFO - found org.slf4j#slf4j-api;2.0.7 in central
[2024-06-27T21:25:09.339+0000] {docker.py:413} INFO - found org.apache.hadoop#hadoop-client-runtime;3.3.4 in central
[2024-06-27T21:25:09.386+0000] {docker.py:413} INFO - found org.apache.hadoop#hadoop-client-api;3.3.4 in central
[2024-06-27T21:25:09.634+0000] {docker.py:413} INFO - found commons-logging#commons-logging;1.1.3 in central
[2024-06-27T21:25:09.666+0000] {docker.py:413} INFO - found com.google.code.findbugs#jsr305;3.0.0 in central
[2024-06-27T21:25:10.056+0000] {docker.py:413} INFO - found org.apache.commons#commons-pool2;2.11.1 in central
[2024-06-27T21:25:10.075+0000] {docker.py:413} INFO - downloading https://repo1.maven.org/maven2/org/postgresql/postgresql/42.5.4/postgresql-42.5.4.jar ...
[2024-06-27T21:25:10.330+0000] {docker.py:413} INFO - [SUCCESSFUL ] org.postgresql#postgresql;42.5.4!postgresql.jar (269ms)
[2024-06-27T21:25:10.346+0000] {docker.py:413} INFO - downloading https://repo1.maven.org/maven2/org/apache/spark/spark-sql-kafka-0-10_2.12/3.5.0/spark-sql-kafka-0-10_2.12-3.5.0.jar ...
[2024-06-27T21:25:10.377+0000] {docker.py:413} INFO - [SUCCESSFUL ] org.apache.spark#spark-sql-kafka-0-10_2.12;3.5.0!spark-sql-kafka-0-10_2.12.jar (46ms)
[2024-06-27T21:25:10.390+0000] {docker.py:413} INFO - downloading https://repo1.maven.org/maven2/org/checkerframework/checker-qual/3.5.0/checker-qual-3.5.0.jar ...
[2024-06-27T21:25:10.410+0000] {docker.py:413} INFO - [SUCCESSFUL ] org.checkerframework#checker-qual;3.5.0!checker-qual.jar (33ms)
[2024-06-27T21:25:10.424+0000] {docker.py:413} INFO - downloading https://repo1.maven.org/maven2/org/apache/spark/spark-token-provider-kafka-0-10_2.12/3.5.0/spark-token-provider-kafka-0-10_2.12-3.5.0.jar ...
[2024-06-27T21:25:10.446+0000] {docker.py:413} INFO - [SUCCESSFUL ] org.apache.spark#spark-token-provider-kafka-0-10_2.12;3.5.0!spark-token-provider-kafka-0-10_2.12.jar (36ms)
[2024-06-27T21:25:10.467+0000] {docker.py:413} INFO - downloading https://repo1.maven.org/maven2/org/apache/kafka/kafka-clients/3.4.1/kafka-clients-3.4.1.jar ...
[2024-06-27T21:25:10.838+0000] {docker.py:413} INFO - [SUCCESSFUL ] org.apache.kafka#kafka-clients;3.4.1!kafka-clients.jar (391ms)
[2024-06-27T21:25:10.851+0000] {docker.py:413} INFO - downloading https://repo1.maven.org/maven2/com/google/code/findbugs/jsr305/3.0.0/jsr305-3.0.0.jar ...
[2024-06-27T21:25:10.868+0000] {docker.py:413} INFO - [SUCCESSFUL ] com.google.code.findbugs#jsr305;3.0.0!jsr305.jar (31ms)
[2024-06-27T21:25:10.882+0000] {docker.py:413} INFO - downloading https://repo1.maven.org/maven2/org/apache/commons/commons-pool2/2.11.1/commons-pool2-2.11.1.jar ...
[2024-06-27T21:25:10.904+0000] {docker.py:413} INFO - [SUCCESSFUL ] org.apache.commons#commons-pool2;2.11.1!commons-pool2.jar (35ms)
[2024-06-27T21:25:10.919+0000] {docker.py:413} INFO - downloading https://repo1.maven.org/maven2/org/apache/hadoop/hadoop-client-runtime/3.3.4/hadoop-client-runtime-3.3.4.jar ...
[2024-06-27T21:25:12.406+0000] {docker.py:413} INFO - [SUCCESSFUL ] org.apache.hadoop#hadoop-client-runtime;3.3.4!hadoop-client-runtime.jar (1497ms)
[2024-06-27T21:25:12.414+0000] {docker.py:413} INFO - downloading https://repo1.maven.org/maven2/org/lz4/lz4-java/1.8.0/lz4-java-1.8.0.jar ...
[2024-06-27T21:25:12.458+0000] {docker.py:413} INFO - [SUCCESSFUL ] org.lz4#lz4-java;1.8.0!lz4-java.jar (55ms)
[2024-06-27T21:25:12.471+0000] {docker.py:413} INFO - downloading https://repo1.maven.org/maven2/org/xerial/snappy/snappy-java/1.1.10.3/snappy-java-1.1.10.3.jar ...
[2024-06-27T21:25:12.573+0000] {docker.py:413} INFO - [SUCCESSFUL ] org.xerial.snappy#snappy-java;1.1.10.3!snappy-java.jar(bundle) (114ms)
[2024-06-27T21:25:12.585+0000] {docker.py:413} INFO - downloading https://repo1.maven.org/maven2/org/slf4j/slf4j-api/2.0.7/slf4j-api-2.0.7.jar ...
[2024-06-27T21:25:12.623+0000] {docker.py:413} INFO - [SUCCESSFUL ] org.slf4j#slf4j-api;2.0.7!slf4j-api.jar (49ms)
[2024-06-27T21:25:12.635+0000] {docker.py:413} INFO - downloading https://repo1.maven.org/maven2/org/apache/hadoop/hadoop-client-api/3.3.4/hadoop-client-api-3.3.4.jar ...
[2024-06-27T21:25:13.703+0000] {docker.py:413} INFO - [SUCCESSFUL ] org.apache.hadoop#hadoop-client-api;3.3.4!hadoop-client-api.jar (1080ms)
[2024-06-27T21:25:13.714+0000] {docker.py:413} INFO - downloading https://repo1.maven.org/maven2/commons-logging/commons-logging/1.1.3/commons-logging-1.1.3.jar ...
[2024-06-27T21:25:13.728+0000] {docker.py:413} INFO - [SUCCESSFUL ] commons-logging#commons-logging;1.1.3!commons-logging.jar (24ms)
[2024-06-27T21:25:13.728+0000] {docker.py:413} INFO - :: resolution report :: resolve 2469ms :: artifacts dl 3668ms
	:: modules in use:
[2024-06-27T21:25:13.729+0000] {docker.py:413} INFO - com.google.code.findbugs#jsr305;3.0.0 from central in [default]
	commons-logging#commons-logging;1.1.3 from central in [default]
	org.apache.commons#commons-pool2;2.11.1 from central in [default]
	org.apache.hadoop#hadoop-client-api;3.3.4 from central in [default]
	org.apache.hadoop#hadoop-client-runtime;3.3.4 from central in [default]
[2024-06-27T21:25:13.729+0000] {docker.py:413} INFO - org.apache.kafka#kafka-clients;3.4.1 from central in [default]
	org.apache.spark#spark-sql-kafka-0-10_2.12;3.5.0 from central in [default]
	org.apache.spark#spark-token-provider-kafka-0-10_2.12;3.5.0 from central in [default]
	org.checkerframework#checker-qual;3.5.0 from central in [default]
	org.lz4#lz4-java;1.8.0 from central in [default]
	org.postgresql#postgresql;42.5.4 from central in [default]
	org.slf4j#slf4j-api;2.0.7 from central in [default]
[2024-06-27T21:25:13.729+0000] {docker.py:413} INFO - org.xerial.snappy#snappy-java;1.1.10.3 from central in [default]
[2024-06-27T21:25:13.729+0000] {docker.py:413} INFO - ---------------------------------------------------------------------
	|                  |            modules            ||   artifacts   |
	|       conf       | number| search|dwnlded|evicted|| number|dwnlded|
	---------------------------------------------------------------------
	|      default     |   13  |   13  |   13  |   0   ||   13  |   13  |
[2024-06-27T21:25:13.730+0000] {docker.py:413} INFO - ---------------------------------------------------------------------
[2024-06-27T21:25:13.731+0000] {docker.py:413} INFO - :: retrieving :: org.apache.spark#spark-submit-parent-f9df7e4f-4711-4816-acba-d21e3ff496ea
	confs: [default]
[2024-06-27T21:25:13.779+0000] {docker.py:413} INFO - 13 artifacts copied, 0 already retrieved (58001kB/47ms)
[2024-06-27T21:25:13.893+0000] {docker.py:413} INFO - 24/06/27 21:25:13 WARN NativeCodeLoader: Unable to load native-hadoop library for your platform... using builtin-java classes where applicable
[2024-06-27T21:25:14.490+0000] {docker.py:413} INFO - 24/06/27 21:25:14 INFO SparkContext: Running Spark version 3.5.0
[2024-06-27T21:25:14.490+0000] {docker.py:413} INFO - 24/06/27 21:25:14 INFO SparkContext: OS info Linux, 6.6.12-linuxkit, aarch64
24/06/27 21:25:14 INFO SparkContext: Java version 17.0.10
[2024-06-27T21:25:14.504+0000] {docker.py:413} INFO - 24/06/27 21:25:14 INFO ResourceUtils: ==============================================================
[2024-06-27T21:25:14.504+0000] {docker.py:413} INFO - 24/06/27 21:25:14 INFO ResourceUtils: No custom resources configured for spark.driver.
[2024-06-27T21:25:14.504+0000] {docker.py:413} INFO - 24/06/27 21:25:14 INFO ResourceUtils: ==============================================================
[2024-06-27T21:25:14.504+0000] {docker.py:413} INFO - 24/06/27 21:25:14 INFO SparkContext: Submitted application: PostgreSQL Connection with PySpark
[2024-06-27T21:25:14.517+0000] {docker.py:413} INFO - 24/06/27 21:25:14 INFO ResourceProfile: Default ResourceProfile created, executor resources: Map(cores -> name: cores, amount: 1, script: , vendor: , memory -> name: memory, amount: 1024, script: , vendor: , offHeap -> name: offHeap, amount: 0, script: , vendor: ), task resources: Map(cpus -> name: cpus, amount: 1.0)
[2024-06-27T21:25:14.522+0000] {docker.py:413} INFO - 24/06/27 21:25:14 INFO ResourceProfile: Limiting resource is cpu
[2024-06-27T21:25:14.522+0000] {docker.py:413} INFO - 24/06/27 21:25:14 INFO ResourceProfileManager: Added ResourceProfile id: 0
[2024-06-27T21:25:14.554+0000] {docker.py:413} INFO - 24/06/27 21:25:14 INFO SecurityManager: Changing view acls to: spark
[2024-06-27T21:25:14.555+0000] {docker.py:413} INFO - 24/06/27 21:25:14 INFO SecurityManager: Changing modify acls to: spark
[2024-06-27T21:25:14.557+0000] {docker.py:413} INFO - 24/06/27 21:25:14 INFO SecurityManager: Changing view acls groups to:
[2024-06-27T21:25:14.573+0000] {docker.py:413} INFO - 24/06/27 21:25:14 INFO SecurityManager: Changing modify acls groups to:
[2024-06-27T21:25:14.577+0000] {docker.py:413} INFO - 24/06/27 21:25:14 INFO SecurityManager: SecurityManager: authentication disabled; ui acls disabled; users with view permissions: spark; groups with view permissions: EMPTY; users with modify permissions: spark; groups with modify permissions: EMPTY
[2024-06-27T21:25:14.683+0000] {docker.py:413} INFO - 24/06/27 21:25:14 INFO Utils: Successfully started service 'sparkDriver' on port 43099.
[2024-06-27T21:25:14.698+0000] {docker.py:413} INFO - 24/06/27 21:25:14 INFO SparkEnv: Registering MapOutputTracker
[2024-06-27T21:25:14.721+0000] {docker.py:413} INFO - 24/06/27 21:25:14 INFO SparkEnv: Registering BlockManagerMaster
[2024-06-27T21:25:14.733+0000] {docker.py:413} INFO - 24/06/27 21:25:14 INFO BlockManagerMasterEndpoint: Using org.apache.spark.storage.DefaultTopologyMapper for getting topology information
[2024-06-27T21:25:14.734+0000] {docker.py:413} INFO - 24/06/27 21:25:14 INFO BlockManagerMasterEndpoint: BlockManagerMasterEndpoint up
[2024-06-27T21:25:14.734+0000] {docker.py:413} INFO - 24/06/27 21:25:14 INFO SparkEnv: Registering BlockManagerMasterHeartbeat
[2024-06-27T21:25:14.746+0000] {docker.py:413} INFO - 24/06/27 21:25:14 INFO DiskBlockManager: Created local directory at /tmp/blockmgr-2d116f1a-a835-4ae9-b589-92b8f555e972
[2024-06-27T21:25:14.759+0000] {docker.py:413} INFO - 24/06/27 21:25:14 INFO MemoryStore: MemoryStore started with capacity 434.4 MiB
[2024-06-27T21:25:14.769+0000] {docker.py:413} INFO - 24/06/27 21:25:14 INFO SparkEnv: Registering OutputCommitCoordinator
[2024-06-27T21:25:14.842+0000] {docker.py:413} INFO - 24/06/27 21:25:14 INFO JettyUtils: Start Jetty 0.0.0.0:4040 for SparkUI
[2024-06-27T21:25:14.881+0000] {docker.py:413} INFO - 24/06/27 21:25:14 INFO Utils: Successfully started service 'SparkUI' on port 4040.
[2024-06-27T21:25:14.903+0000] {docker.py:413} INFO - 24/06/27 21:25:14 INFO SparkContext: Added JAR file:///opt/bitnami/spark/.ivy2/jars/org.postgresql_postgresql-42.5.4.jar at spark://localhost:43099/jars/org.postgresql_postgresql-42.5.4.jar with timestamp 1719523514485
[2024-06-27T21:25:14.904+0000] {docker.py:413} INFO - 24/06/27 21:25:14 INFO SparkContext: Added JAR file:///opt/bitnami/spark/.ivy2/jars/org.apache.spark_spark-sql-kafka-0-10_2.12-3.5.0.jar at spark://localhost:43099/jars/org.apache.spark_spark-sql-kafka-0-10_2.12-3.5.0.jar with timestamp 1719523514485
[2024-06-27T21:25:14.904+0000] {docker.py:413} INFO - 24/06/27 21:25:14 INFO SparkContext: Added JAR file:///opt/bitnami/spark/.ivy2/jars/org.checkerframework_checker-qual-3.5.0.jar at spark://localhost:43099/jars/org.checkerframework_checker-qual-3.5.0.jar with timestamp 1719523514485
[2024-06-27T21:25:14.905+0000] {docker.py:413} INFO - 24/06/27 21:25:14 INFO SparkContext: Added JAR file:///opt/bitnami/spark/.ivy2/jars/org.apache.spark_spark-token-provider-kafka-0-10_2.12-3.5.0.jar at spark://localhost:43099/jars/org.apache.spark_spark-token-provider-kafka-0-10_2.12-3.5.0.jar with timestamp 1719523514485
24/06/27 21:25:14 INFO SparkContext: Added JAR file:///opt/bitnami/spark/.ivy2/jars/org.apache.kafka_kafka-clients-3.4.1.jar at spark://localhost:43099/jars/org.apache.kafka_kafka-clients-3.4.1.jar with timestamp 1719523514485
24/06/27 21:25:14 INFO SparkContext: Added JAR file:///opt/bitnami/spark/.ivy2/jars/com.google.code.findbugs_jsr305-3.0.0.jar at spark://localhost:43099/jars/com.google.code.findbugs_jsr305-3.0.0.jar with timestamp 1719523514485
[2024-06-27T21:25:14.905+0000] {docker.py:413} INFO - 24/06/27 21:25:14 INFO SparkContext: Added JAR file:///opt/bitnami/spark/.ivy2/jars/org.apache.commons_commons-pool2-2.11.1.jar at spark://localhost:43099/jars/org.apache.commons_commons-pool2-2.11.1.jar with timestamp 1719523514485
24/06/27 21:25:14 INFO SparkContext: Added JAR file:///opt/bitnami/spark/.ivy2/jars/org.apache.hadoop_hadoop-client-runtime-3.3.4.jar at spark://localhost:43099/jars/org.apache.hadoop_hadoop-client-runtime-3.3.4.jar with timestamp 1719523514485
[2024-06-27T21:25:14.905+0000] {docker.py:413} INFO - 24/06/27 21:25:14 INFO SparkContext: Added JAR file:///opt/bitnami/spark/.ivy2/jars/org.lz4_lz4-java-1.8.0.jar at spark://localhost:43099/jars/org.lz4_lz4-java-1.8.0.jar with timestamp 1719523514485
[2024-06-27T21:25:14.906+0000] {docker.py:413} INFO - 24/06/27 21:25:14 INFO SparkContext: Added JAR file:///opt/bitnami/spark/.ivy2/jars/org.xerial.snappy_snappy-java-1.1.10.3.jar at spark://localhost:43099/jars/org.xerial.snappy_snappy-java-1.1.10.3.jar with timestamp 1719523514485
[2024-06-27T21:25:14.906+0000] {docker.py:413} INFO - 24/06/27 21:25:14 INFO SparkContext: Added JAR file:///opt/bitnami/spark/.ivy2/jars/org.slf4j_slf4j-api-2.0.7.jar at spark://localhost:43099/jars/org.slf4j_slf4j-api-2.0.7.jar with timestamp 1719523514485
[2024-06-27T21:25:14.906+0000] {docker.py:413} INFO - 24/06/27 21:25:14 INFO SparkContext: Added JAR file:///opt/bitnami/spark/.ivy2/jars/org.apache.hadoop_hadoop-client-api-3.3.4.jar at spark://localhost:43099/jars/org.apache.hadoop_hadoop-client-api-3.3.4.jar with timestamp 1719523514485
[2024-06-27T21:25:14.907+0000] {docker.py:413} INFO - 24/06/27 21:25:14 INFO SparkContext: Added JAR file:///opt/bitnami/spark/.ivy2/jars/commons-logging_commons-logging-1.1.3.jar at spark://localhost:43099/jars/commons-logging_commons-logging-1.1.3.jar with timestamp 1719523514485
[2024-06-27T21:25:14.907+0000] {docker.py:413} INFO - 24/06/27 21:25:14 INFO SparkContext: Added file file:///opt/bitnami/spark/.ivy2/jars/org.postgresql_postgresql-42.5.4.jar at file:///opt/bitnami/spark/.ivy2/jars/org.postgresql_postgresql-42.5.4.jar with timestamp 1719523514485
[2024-06-27T21:25:14.907+0000] {docker.py:413} INFO - 24/06/27 21:25:14 INFO Utils: Copying /opt/bitnami/spark/.ivy2/jars/org.postgresql_postgresql-42.5.4.jar to /tmp/spark-19a4c562-cd8d-4f5b-8d2d-08888bcf3b20/userFiles-fad1ec36-eec4-473b-b4cd-4b7ea6ab06dc/org.postgresql_postgresql-42.5.4.jar
[2024-06-27T21:25:14.912+0000] {docker.py:413} INFO - 24/06/27 21:25:14 INFO SparkContext: Added file file:///opt/bitnami/spark/.ivy2/jars/org.apache.spark_spark-sql-kafka-0-10_2.12-3.5.0.jar at file:///opt/bitnami/spark/.ivy2/jars/org.apache.spark_spark-sql-kafka-0-10_2.12-3.5.0.jar with timestamp 1719523514485
[2024-06-27T21:25:14.913+0000] {docker.py:413} INFO - 24/06/27 21:25:14 INFO Utils: Copying /opt/bitnami/spark/.ivy2/jars/org.apache.spark_spark-sql-kafka-0-10_2.12-3.5.0.jar to /tmp/spark-19a4c562-cd8d-4f5b-8d2d-08888bcf3b20/userFiles-fad1ec36-eec4-473b-b4cd-4b7ea6ab06dc/org.apache.spark_spark-sql-kafka-0-10_2.12-3.5.0.jar
[2024-06-27T21:25:14.915+0000] {docker.py:413} INFO - 24/06/27 21:25:14 INFO SparkContext: Added file file:///opt/bitnami/spark/.ivy2/jars/org.checkerframework_checker-qual-3.5.0.jar at file:///opt/bitnami/spark/.ivy2/jars/org.checkerframework_checker-qual-3.5.0.jar with timestamp 1719523514485
[2024-06-27T21:25:14.915+0000] {docker.py:413} INFO - 24/06/27 21:25:14 INFO Utils: Copying /opt/bitnami/spark/.ivy2/jars/org.checkerframework_checker-qual-3.5.0.jar to /tmp/spark-19a4c562-cd8d-4f5b-8d2d-08888bcf3b20/userFiles-fad1ec36-eec4-473b-b4cd-4b7ea6ab06dc/org.checkerframework_checker-qual-3.5.0.jar
[2024-06-27T21:25:14.917+0000] {docker.py:413} INFO - 24/06/27 21:25:14 INFO SparkContext: Added file file:///opt/bitnami/spark/.ivy2/jars/org.apache.spark_spark-token-provider-kafka-0-10_2.12-3.5.0.jar at file:///opt/bitnami/spark/.ivy2/jars/org.apache.spark_spark-token-provider-kafka-0-10_2.12-3.5.0.jar with timestamp 1719523514485
[2024-06-27T21:25:14.917+0000] {docker.py:413} INFO - 24/06/27 21:25:14 INFO Utils: Copying /opt/bitnami/spark/.ivy2/jars/org.apache.spark_spark-token-provider-kafka-0-10_2.12-3.5.0.jar to /tmp/spark-19a4c562-cd8d-4f5b-8d2d-08888bcf3b20/userFiles-fad1ec36-eec4-473b-b4cd-4b7ea6ab06dc/org.apache.spark_spark-token-provider-kafka-0-10_2.12-3.5.0.jar
[2024-06-27T21:25:14.918+0000] {docker.py:413} INFO - 24/06/27 21:25:14 INFO SparkContext: Added file file:///opt/bitnami/spark/.ivy2/jars/org.apache.kafka_kafka-clients-3.4.1.jar at file:///opt/bitnami/spark/.ivy2/jars/org.apache.kafka_kafka-clients-3.4.1.jar with timestamp 1719523514485
[2024-06-27T21:25:14.919+0000] {docker.py:413} INFO - 24/06/27 21:25:14 INFO Utils: Copying /opt/bitnami/spark/.ivy2/jars/org.apache.kafka_kafka-clients-3.4.1.jar to /tmp/spark-19a4c562-cd8d-4f5b-8d2d-08888bcf3b20/userFiles-fad1ec36-eec4-473b-b4cd-4b7ea6ab06dc/org.apache.kafka_kafka-clients-3.4.1.jar
[2024-06-27T21:25:14.922+0000] {docker.py:413} INFO - 24/06/27 21:25:14 INFO SparkContext: Added file file:///opt/bitnami/spark/.ivy2/jars/com.google.code.findbugs_jsr305-3.0.0.jar at file:///opt/bitnami/spark/.ivy2/jars/com.google.code.findbugs_jsr305-3.0.0.jar with timestamp 1719523514485
[2024-06-27T21:25:14.922+0000] {docker.py:413} INFO - 24/06/27 21:25:14 INFO Utils: Copying /opt/bitnami/spark/.ivy2/jars/com.google.code.findbugs_jsr305-3.0.0.jar to /tmp/spark-19a4c562-cd8d-4f5b-8d2d-08888bcf3b20/userFiles-fad1ec36-eec4-473b-b4cd-4b7ea6ab06dc/com.google.code.findbugs_jsr305-3.0.0.jar
[2024-06-27T21:25:14.924+0000] {docker.py:413} INFO - 24/06/27 21:25:14 INFO SparkContext: Added file file:///opt/bitnami/spark/.ivy2/jars/org.apache.commons_commons-pool2-2.11.1.jar at file:///opt/bitnami/spark/.ivy2/jars/org.apache.commons_commons-pool2-2.11.1.jar with timestamp 1719523514485
[2024-06-27T21:25:14.924+0000] {docker.py:413} INFO - 24/06/27 21:25:14 INFO Utils: Copying /opt/bitnami/spark/.ivy2/jars/org.apache.commons_commons-pool2-2.11.1.jar to /tmp/spark-19a4c562-cd8d-4f5b-8d2d-08888bcf3b20/userFiles-fad1ec36-eec4-473b-b4cd-4b7ea6ab06dc/org.apache.commons_commons-pool2-2.11.1.jar
[2024-06-27T21:25:14.927+0000] {docker.py:413} INFO - 24/06/27 21:25:14 INFO SparkContext: Added file file:///opt/bitnami/spark/.ivy2/jars/org.apache.hadoop_hadoop-client-runtime-3.3.4.jar at file:///opt/bitnami/spark/.ivy2/jars/org.apache.hadoop_hadoop-client-runtime-3.3.4.jar with timestamp 1719523514485
[2024-06-27T21:25:14.928+0000] {docker.py:413} INFO - 24/06/27 21:25:14 INFO Utils: Copying /opt/bitnami/spark/.ivy2/jars/org.apache.hadoop_hadoop-client-runtime-3.3.4.jar to /tmp/spark-19a4c562-cd8d-4f5b-8d2d-08888bcf3b20/userFiles-fad1ec36-eec4-473b-b4cd-4b7ea6ab06dc/org.apache.hadoop_hadoop-client-runtime-3.3.4.jar
[2024-06-27T21:25:14.941+0000] {docker.py:413} INFO - 24/06/27 21:25:14 INFO SparkContext: Added file file:///opt/bitnami/spark/.ivy2/jars/org.lz4_lz4-java-1.8.0.jar at file:///opt/bitnami/spark/.ivy2/jars/org.lz4_lz4-java-1.8.0.jar with timestamp 1719523514485
[2024-06-27T21:25:14.942+0000] {docker.py:413} INFO - 24/06/27 21:25:14 INFO Utils: Copying /opt/bitnami/spark/.ivy2/jars/org.lz4_lz4-java-1.8.0.jar to /tmp/spark-19a4c562-cd8d-4f5b-8d2d-08888bcf3b20/userFiles-fad1ec36-eec4-473b-b4cd-4b7ea6ab06dc/org.lz4_lz4-java-1.8.0.jar
[2024-06-27T21:25:14.943+0000] {docker.py:413} INFO - 24/06/27 21:25:14 INFO SparkContext: Added file file:///opt/bitnami/spark/.ivy2/jars/org.xerial.snappy_snappy-java-1.1.10.3.jar at file:///opt/bitnami/spark/.ivy2/jars/org.xerial.snappy_snappy-java-1.1.10.3.jar with timestamp 1719523514485
[2024-06-27T21:25:14.944+0000] {docker.py:413} INFO - 24/06/27 21:25:14 INFO Utils: Copying /opt/bitnami/spark/.ivy2/jars/org.xerial.snappy_snappy-java-1.1.10.3.jar to /tmp/spark-19a4c562-cd8d-4f5b-8d2d-08888bcf3b20/userFiles-fad1ec36-eec4-473b-b4cd-4b7ea6ab06dc/org.xerial.snappy_snappy-java-1.1.10.3.jar
[2024-06-27T21:25:14.947+0000] {docker.py:413} INFO - 24/06/27 21:25:14 INFO SparkContext: Added file file:///opt/bitnami/spark/.ivy2/jars/org.slf4j_slf4j-api-2.0.7.jar at file:///opt/bitnami/spark/.ivy2/jars/org.slf4j_slf4j-api-2.0.7.jar with timestamp 1719523514485
[2024-06-27T21:25:14.947+0000] {docker.py:413} INFO - 24/06/27 21:25:14 INFO Utils: Copying /opt/bitnami/spark/.ivy2/jars/org.slf4j_slf4j-api-2.0.7.jar to /tmp/spark-19a4c562-cd8d-4f5b-8d2d-08888bcf3b20/userFiles-fad1ec36-eec4-473b-b4cd-4b7ea6ab06dc/org.slf4j_slf4j-api-2.0.7.jar
[2024-06-27T21:25:14.948+0000] {docker.py:413} INFO - 24/06/27 21:25:14 INFO SparkContext: Added file file:///opt/bitnami/spark/.ivy2/jars/org.apache.hadoop_hadoop-client-api-3.3.4.jar at file:///opt/bitnami/spark/.ivy2/jars/org.apache.hadoop_hadoop-client-api-3.3.4.jar with timestamp 1719523514485
[2024-06-27T21:25:14.949+0000] {docker.py:413} INFO - 24/06/27 21:25:14 INFO Utils: Copying /opt/bitnami/spark/.ivy2/jars/org.apache.hadoop_hadoop-client-api-3.3.4.jar to /tmp/spark-19a4c562-cd8d-4f5b-8d2d-08888bcf3b20/userFiles-fad1ec36-eec4-473b-b4cd-4b7ea6ab06dc/org.apache.hadoop_hadoop-client-api-3.3.4.jar
[2024-06-27T21:25:14.962+0000] {docker.py:413} INFO - 24/06/27 21:25:14 INFO SparkContext: Added file file:///opt/bitnami/spark/.ivy2/jars/commons-logging_commons-logging-1.1.3.jar at file:///opt/bitnami/spark/.ivy2/jars/commons-logging_commons-logging-1.1.3.jar with timestamp 1719523514485
24/06/27 21:25:14 INFO Utils: Copying /opt/bitnami/spark/.ivy2/jars/commons-logging_commons-logging-1.1.3.jar to /tmp/spark-19a4c562-cd8d-4f5b-8d2d-08888bcf3b20/userFiles-fad1ec36-eec4-473b-b4cd-4b7ea6ab06dc/commons-logging_commons-logging-1.1.3.jar
[2024-06-27T21:25:15.008+0000] {docker.py:413} INFO - 24/06/27 21:25:15 INFO Executor: Starting executor ID driver on host localhost
[2024-06-27T21:25:15.008+0000] {docker.py:413} INFO - 24/06/27 21:25:15 INFO Executor: OS info Linux, 6.6.12-linuxkit, aarch64
[2024-06-27T21:25:15.009+0000] {docker.py:413} INFO - 24/06/27 21:25:15 INFO Executor: Java version 17.0.10
[2024-06-27T21:25:15.009+0000] {docker.py:413} INFO - 24/06/27 21:25:15 INFO Executor: Starting executor with user classpath (userClassPathFirst = false): ''
[2024-06-27T21:25:15.009+0000] {docker.py:413} INFO - 24/06/27 21:25:15 INFO Executor: Created or updated repl class loader org.apache.spark.util.MutableURLClassLoader@2082bafd for default.
[2024-06-27T21:25:15.018+0000] {docker.py:413} INFO - 24/06/27 21:25:15 INFO Executor: Fetching file:///opt/bitnami/spark/.ivy2/jars/org.apache.spark_spark-token-provider-kafka-0-10_2.12-3.5.0.jar with timestamp 1719523514485
[2024-06-27T21:25:15.025+0000] {docker.py:413} INFO - 24/06/27 21:25:15 INFO Utils: /opt/bitnami/spark/.ivy2/jars/org.apache.spark_spark-token-provider-kafka-0-10_2.12-3.5.0.jar has been previously copied to /tmp/spark-19a4c562-cd8d-4f5b-8d2d-08888bcf3b20/userFiles-fad1ec36-eec4-473b-b4cd-4b7ea6ab06dc/org.apache.spark_spark-token-provider-kafka-0-10_2.12-3.5.0.jar
[2024-06-27T21:25:15.027+0000] {docker.py:413} INFO - 24/06/27 21:25:15 INFO Executor: Fetching file:///opt/bitnami/spark/.ivy2/jars/org.apache.hadoop_hadoop-client-runtime-3.3.4.jar with timestamp 1719523514485
[2024-06-27T21:25:15.042+0000] {docker.py:413} INFO - 24/06/27 21:25:15 INFO Utils: /opt/bitnami/spark/.ivy2/jars/org.apache.hadoop_hadoop-client-runtime-3.3.4.jar has been previously copied to /tmp/spark-19a4c562-cd8d-4f5b-8d2d-08888bcf3b20/userFiles-fad1ec36-eec4-473b-b4cd-4b7ea6ab06dc/org.apache.hadoop_hadoop-client-runtime-3.3.4.jar
[2024-06-27T21:25:15.044+0000] {docker.py:413} INFO - 24/06/27 21:25:15 INFO Executor: Fetching file:///opt/bitnami/spark/.ivy2/jars/org.apache.commons_commons-pool2-2.11.1.jar with timestamp 1719523514485
[2024-06-27T21:25:15.044+0000] {docker.py:413} INFO - 24/06/27 21:25:15 INFO Utils: /opt/bitnami/spark/.ivy2/jars/org.apache.commons_commons-pool2-2.11.1.jar has been previously copied to /tmp/spark-19a4c562-cd8d-4f5b-8d2d-08888bcf3b20/userFiles-fad1ec36-eec4-473b-b4cd-4b7ea6ab06dc/org.apache.commons_commons-pool2-2.11.1.jar
[2024-06-27T21:25:15.045+0000] {docker.py:413} INFO - 24/06/27 21:25:15 INFO Executor: Fetching file:///opt/bitnami/spark/.ivy2/jars/org.postgresql_postgresql-42.5.4.jar with timestamp 1719523514485
[2024-06-27T21:25:15.046+0000] {docker.py:413} INFO - 24/06/27 21:25:15 INFO Utils: /opt/bitnami/spark/.ivy2/jars/org.postgresql_postgresql-42.5.4.jar has been previously copied to /tmp/spark-19a4c562-cd8d-4f5b-8d2d-08888bcf3b20/userFiles-fad1ec36-eec4-473b-b4cd-4b7ea6ab06dc/org.postgresql_postgresql-42.5.4.jar
[2024-06-27T21:25:15.048+0000] {docker.py:413} INFO - 24/06/27 21:25:15 INFO Executor: Fetching file:///opt/bitnami/spark/.ivy2/jars/org.slf4j_slf4j-api-2.0.7.jar with timestamp 1719523514485
[2024-06-27T21:25:15.048+0000] {docker.py:413} INFO - 24/06/27 21:25:15 INFO Utils: /opt/bitnami/spark/.ivy2/jars/org.slf4j_slf4j-api-2.0.7.jar has been previously copied to /tmp/spark-19a4c562-cd8d-4f5b-8d2d-08888bcf3b20/userFiles-fad1ec36-eec4-473b-b4cd-4b7ea6ab06dc/org.slf4j_slf4j-api-2.0.7.jar
[2024-06-27T21:25:15.049+0000] {docker.py:413} INFO - 24/06/27 21:25:15 INFO Executor: Fetching file:///opt/bitnami/spark/.ivy2/jars/org.apache.kafka_kafka-clients-3.4.1.jar with timestamp 1719523514485
[2024-06-27T21:25:15.051+0000] {docker.py:413} INFO - 24/06/27 21:25:15 INFO Utils: /opt/bitnami/spark/.ivy2/jars/org.apache.kafka_kafka-clients-3.4.1.jar has been previously copied to /tmp/spark-19a4c562-cd8d-4f5b-8d2d-08888bcf3b20/userFiles-fad1ec36-eec4-473b-b4cd-4b7ea6ab06dc/org.apache.kafka_kafka-clients-3.4.1.jar
[2024-06-27T21:25:15.053+0000] {docker.py:413} INFO - 24/06/27 21:25:15 INFO Executor: Fetching file:///opt/bitnami/spark/.ivy2/jars/com.google.code.findbugs_jsr305-3.0.0.jar with timestamp 1719523514485
[2024-06-27T21:25:15.054+0000] {docker.py:413} INFO - 24/06/27 21:25:15 INFO Utils: /opt/bitnami/spark/.ivy2/jars/com.google.code.findbugs_jsr305-3.0.0.jar has been previously copied to /tmp/spark-19a4c562-cd8d-4f5b-8d2d-08888bcf3b20/userFiles-fad1ec36-eec4-473b-b4cd-4b7ea6ab06dc/com.google.code.findbugs_jsr305-3.0.0.jar
[2024-06-27T21:25:15.055+0000] {docker.py:413} INFO - 24/06/27 21:25:15 INFO Executor: Fetching file:///opt/bitnami/spark/.ivy2/jars/org.lz4_lz4-java-1.8.0.jar with timestamp 1719523514485
[2024-06-27T21:25:15.056+0000] {docker.py:413} INFO - 24/06/27 21:25:15 INFO Utils: /opt/bitnami/spark/.ivy2/jars/org.lz4_lz4-java-1.8.0.jar has been previously copied to /tmp/spark-19a4c562-cd8d-4f5b-8d2d-08888bcf3b20/userFiles-fad1ec36-eec4-473b-b4cd-4b7ea6ab06dc/org.lz4_lz4-java-1.8.0.jar
[2024-06-27T21:25:15.057+0000] {docker.py:413} INFO - 24/06/27 21:25:15 INFO Executor: Fetching file:///opt/bitnami/spark/.ivy2/jars/org.apache.spark_spark-sql-kafka-0-10_2.12-3.5.0.jar with timestamp 1719523514485
[2024-06-27T21:25:15.058+0000] {docker.py:413} INFO - 24/06/27 21:25:15 INFO Utils: /opt/bitnami/spark/.ivy2/jars/org.apache.spark_spark-sql-kafka-0-10_2.12-3.5.0.jar has been previously copied to /tmp/spark-19a4c562-cd8d-4f5b-8d2d-08888bcf3b20/userFiles-fad1ec36-eec4-473b-b4cd-4b7ea6ab06dc/org.apache.spark_spark-sql-kafka-0-10_2.12-3.5.0.jar
[2024-06-27T21:25:15.059+0000] {docker.py:413} INFO - 24/06/27 21:25:15 INFO Executor: Fetching file:///opt/bitnami/spark/.ivy2/jars/org.apache.hadoop_hadoop-client-api-3.3.4.jar with timestamp 1719523514485
[2024-06-27T21:25:15.066+0000] {docker.py:413} INFO - 24/06/27 21:25:15 INFO Utils: /opt/bitnami/spark/.ivy2/jars/org.apache.hadoop_hadoop-client-api-3.3.4.jar has been previously copied to /tmp/spark-19a4c562-cd8d-4f5b-8d2d-08888bcf3b20/userFiles-fad1ec36-eec4-473b-b4cd-4b7ea6ab06dc/org.apache.hadoop_hadoop-client-api-3.3.4.jar
[2024-06-27T21:25:15.068+0000] {docker.py:413} INFO - 24/06/27 21:25:15 INFO Executor: Fetching file:///opt/bitnami/spark/.ivy2/jars/commons-logging_commons-logging-1.1.3.jar with timestamp 1719523514485
[2024-06-27T21:25:15.069+0000] {docker.py:413} INFO - 24/06/27 21:25:15 INFO Utils: /opt/bitnami/spark/.ivy2/jars/commons-logging_commons-logging-1.1.3.jar has been previously copied to /tmp/spark-19a4c562-cd8d-4f5b-8d2d-08888bcf3b20/userFiles-fad1ec36-eec4-473b-b4cd-4b7ea6ab06dc/commons-logging_commons-logging-1.1.3.jar
[2024-06-27T21:25:15.070+0000] {docker.py:413} INFO - 24/06/27 21:25:15 INFO Executor: Fetching file:///opt/bitnami/spark/.ivy2/jars/org.checkerframework_checker-qual-3.5.0.jar with timestamp 1719523514485
[2024-06-27T21:25:15.070+0000] {docker.py:413} INFO - 24/06/27 21:25:15 INFO Utils: /opt/bitnami/spark/.ivy2/jars/org.checkerframework_checker-qual-3.5.0.jar has been previously copied to /tmp/spark-19a4c562-cd8d-4f5b-8d2d-08888bcf3b20/userFiles-fad1ec36-eec4-473b-b4cd-4b7ea6ab06dc/org.checkerframework_checker-qual-3.5.0.jar
[2024-06-27T21:25:15.072+0000] {docker.py:413} INFO - 24/06/27 21:25:15 INFO Executor: Fetching file:///opt/bitnami/spark/.ivy2/jars/org.xerial.snappy_snappy-java-1.1.10.3.jar with timestamp 1719523514485
[2024-06-27T21:25:15.073+0000] {docker.py:413} INFO - 24/06/27 21:25:15 INFO Utils: /opt/bitnami/spark/.ivy2/jars/org.xerial.snappy_snappy-java-1.1.10.3.jar has been previously copied to /tmp/spark-19a4c562-cd8d-4f5b-8d2d-08888bcf3b20/userFiles-fad1ec36-eec4-473b-b4cd-4b7ea6ab06dc/org.xerial.snappy_snappy-java-1.1.10.3.jar
[2024-06-27T21:25:15.076+0000] {docker.py:413} INFO - 24/06/27 21:25:15 INFO Executor: Fetching spark://localhost:43099/jars/org.checkerframework_checker-qual-3.5.0.jar with timestamp 1719523514485
[2024-06-27T21:25:15.104+0000] {docker.py:413} INFO - 24/06/27 21:25:15 INFO TransportClientFactory: Successfully created connection to localhost/127.0.0.1:43099 after 14 ms (0 ms spent in bootstraps)
[2024-06-27T21:25:15.108+0000] {docker.py:413} INFO - 24/06/27 21:25:15 INFO Utils: Fetching spark://localhost:43099/jars/org.checkerframework_checker-qual-3.5.0.jar to /tmp/spark-19a4c562-cd8d-4f5b-8d2d-08888bcf3b20/userFiles-fad1ec36-eec4-473b-b4cd-4b7ea6ab06dc/fetchFileTemp5566690492426276367.tmp
[2024-06-27T21:25:15.123+0000] {docker.py:413} INFO - 24/06/27 21:25:15 INFO Utils: /tmp/spark-19a4c562-cd8d-4f5b-8d2d-08888bcf3b20/userFiles-fad1ec36-eec4-473b-b4cd-4b7ea6ab06dc/fetchFileTemp5566690492426276367.tmp has been previously copied to /tmp/spark-19a4c562-cd8d-4f5b-8d2d-08888bcf3b20/userFiles-fad1ec36-eec4-473b-b4cd-4b7ea6ab06dc/org.checkerframework_checker-qual-3.5.0.jar
[2024-06-27T21:25:15.126+0000] {docker.py:413} INFO - 24/06/27 21:25:15 INFO Executor: Adding file:/tmp/spark-19a4c562-cd8d-4f5b-8d2d-08888bcf3b20/userFiles-fad1ec36-eec4-473b-b4cd-4b7ea6ab06dc/org.checkerframework_checker-qual-3.5.0.jar to class loader default
[2024-06-27T21:25:15.127+0000] {docker.py:413} INFO - 24/06/27 21:25:15 INFO Executor: Fetching spark://localhost:43099/jars/org.apache.hadoop_hadoop-client-runtime-3.3.4.jar with timestamp 1719523514485
[2024-06-27T21:25:15.128+0000] {docker.py:413} INFO - 24/06/27 21:25:15 INFO Utils: Fetching spark://localhost:43099/jars/org.apache.hadoop_hadoop-client-runtime-3.3.4.jar to /tmp/spark-19a4c562-cd8d-4f5b-8d2d-08888bcf3b20/userFiles-fad1ec36-eec4-473b-b4cd-4b7ea6ab06dc/fetchFileTemp13058932453277292634.tmp
[2024-06-27T21:25:15.191+0000] {docker.py:413} INFO - 24/06/27 21:25:15 INFO Utils: /tmp/spark-19a4c562-cd8d-4f5b-8d2d-08888bcf3b20/userFiles-fad1ec36-eec4-473b-b4cd-4b7ea6ab06dc/fetchFileTemp13058932453277292634.tmp has been previously copied to /tmp/spark-19a4c562-cd8d-4f5b-8d2d-08888bcf3b20/userFiles-fad1ec36-eec4-473b-b4cd-4b7ea6ab06dc/org.apache.hadoop_hadoop-client-runtime-3.3.4.jar
[2024-06-27T21:25:15.195+0000] {docker.py:413} INFO - 24/06/27 21:25:15 INFO Executor: Adding file:/tmp/spark-19a4c562-cd8d-4f5b-8d2d-08888bcf3b20/userFiles-fad1ec36-eec4-473b-b4cd-4b7ea6ab06dc/org.apache.hadoop_hadoop-client-runtime-3.3.4.jar to class loader default
[2024-06-27T21:25:15.195+0000] {docker.py:413} INFO - 24/06/27 21:25:15 INFO Executor: Fetching spark://localhost:43099/jars/com.google.code.findbugs_jsr305-3.0.0.jar with timestamp 1719523514485
[2024-06-27T21:25:15.196+0000] {docker.py:413} INFO - 24/06/27 21:25:15 INFO Utils: Fetching spark://localhost:43099/jars/com.google.code.findbugs_jsr305-3.0.0.jar to /tmp/spark-19a4c562-cd8d-4f5b-8d2d-08888bcf3b20/userFiles-fad1ec36-eec4-473b-b4cd-4b7ea6ab06dc/fetchFileTemp2405287896013618397.tmp
[2024-06-27T21:25:15.196+0000] {docker.py:413} INFO - 24/06/27 21:25:15 INFO Utils: /tmp/spark-19a4c562-cd8d-4f5b-8d2d-08888bcf3b20/userFiles-fad1ec36-eec4-473b-b4cd-4b7ea6ab06dc/fetchFileTemp2405287896013618397.tmp has been previously copied to /tmp/spark-19a4c562-cd8d-4f5b-8d2d-08888bcf3b20/userFiles-fad1ec36-eec4-473b-b4cd-4b7ea6ab06dc/com.google.code.findbugs_jsr305-3.0.0.jar
[2024-06-27T21:25:15.198+0000] {docker.py:413} INFO - 24/06/27 21:25:15 INFO Executor: Adding file:/tmp/spark-19a4c562-cd8d-4f5b-8d2d-08888bcf3b20/userFiles-fad1ec36-eec4-473b-b4cd-4b7ea6ab06dc/com.google.code.findbugs_jsr305-3.0.0.jar to class loader default
[2024-06-27T21:25:15.198+0000] {docker.py:413} INFO - 24/06/27 21:25:15 INFO Executor: Fetching spark://localhost:43099/jars/org.apache.spark_spark-sql-kafka-0-10_2.12-3.5.0.jar with timestamp 1719523514485
[2024-06-27T21:25:15.199+0000] {docker.py:413} INFO - 24/06/27 21:25:15 INFO Utils: Fetching spark://localhost:43099/jars/org.apache.spark_spark-sql-kafka-0-10_2.12-3.5.0.jar to /tmp/spark-19a4c562-cd8d-4f5b-8d2d-08888bcf3b20/userFiles-fad1ec36-eec4-473b-b4cd-4b7ea6ab06dc/fetchFileTemp1505368933953975765.tmp
[2024-06-27T21:25:15.200+0000] {docker.py:413} INFO - 24/06/27 21:25:15 INFO Utils: /tmp/spark-19a4c562-cd8d-4f5b-8d2d-08888bcf3b20/userFiles-fad1ec36-eec4-473b-b4cd-4b7ea6ab06dc/fetchFileTemp1505368933953975765.tmp has been previously copied to /tmp/spark-19a4c562-cd8d-4f5b-8d2d-08888bcf3b20/userFiles-fad1ec36-eec4-473b-b4cd-4b7ea6ab06dc/org.apache.spark_spark-sql-kafka-0-10_2.12-3.5.0.jar
[2024-06-27T21:25:15.202+0000] {docker.py:413} INFO - 24/06/27 21:25:15 INFO Executor: Adding file:/tmp/spark-19a4c562-cd8d-4f5b-8d2d-08888bcf3b20/userFiles-fad1ec36-eec4-473b-b4cd-4b7ea6ab06dc/org.apache.spark_spark-sql-kafka-0-10_2.12-3.5.0.jar to class loader default
24/06/27 21:25:15 INFO Executor: Fetching spark://localhost:43099/jars/org.apache.kafka_kafka-clients-3.4.1.jar with timestamp 1719523514485
[2024-06-27T21:25:15.202+0000] {docker.py:413} INFO - 24/06/27 21:25:15 INFO Utils: Fetching spark://localhost:43099/jars/org.apache.kafka_kafka-clients-3.4.1.jar to /tmp/spark-19a4c562-cd8d-4f5b-8d2d-08888bcf3b20/userFiles-fad1ec36-eec4-473b-b4cd-4b7ea6ab06dc/fetchFileTemp18277534647419990377.tmp
[2024-06-27T21:25:15.213+0000] {docker.py:413} INFO - 24/06/27 21:25:15 INFO Utils: /tmp/spark-19a4c562-cd8d-4f5b-8d2d-08888bcf3b20/userFiles-fad1ec36-eec4-473b-b4cd-4b7ea6ab06dc/fetchFileTemp18277534647419990377.tmp has been previously copied to /tmp/spark-19a4c562-cd8d-4f5b-8d2d-08888bcf3b20/userFiles-fad1ec36-eec4-473b-b4cd-4b7ea6ab06dc/org.apache.kafka_kafka-clients-3.4.1.jar
[2024-06-27T21:25:15.214+0000] {docker.py:413} INFO - 24/06/27 21:25:15 INFO Executor: Adding file:/tmp/spark-19a4c562-cd8d-4f5b-8d2d-08888bcf3b20/userFiles-fad1ec36-eec4-473b-b4cd-4b7ea6ab06dc/org.apache.kafka_kafka-clients-3.4.1.jar to class loader default
[2024-06-27T21:25:15.214+0000] {docker.py:413} INFO - 24/06/27 21:25:15 INFO Executor: Fetching spark://localhost:43099/jars/org.apache.hadoop_hadoop-client-api-3.3.4.jar with timestamp 1719523514485
[2024-06-27T21:25:15.215+0000] {docker.py:413} INFO - 24/06/27 21:25:15 INFO Utils: Fetching spark://localhost:43099/jars/org.apache.hadoop_hadoop-client-api-3.3.4.jar to /tmp/spark-19a4c562-cd8d-4f5b-8d2d-08888bcf3b20/userFiles-fad1ec36-eec4-473b-b4cd-4b7ea6ab06dc/fetchFileTemp14347674779096195483.tmp
[2024-06-27T21:25:15.249+0000] {docker.py:413} INFO - 24/06/27 21:25:15 INFO Utils: /tmp/spark-19a4c562-cd8d-4f5b-8d2d-08888bcf3b20/userFiles-fad1ec36-eec4-473b-b4cd-4b7ea6ab06dc/fetchFileTemp14347674779096195483.tmp has been previously copied to /tmp/spark-19a4c562-cd8d-4f5b-8d2d-08888bcf3b20/userFiles-fad1ec36-eec4-473b-b4cd-4b7ea6ab06dc/org.apache.hadoop_hadoop-client-api-3.3.4.jar
[2024-06-27T21:25:15.251+0000] {docker.py:413} INFO - 24/06/27 21:25:15 INFO Executor: Adding file:/tmp/spark-19a4c562-cd8d-4f5b-8d2d-08888bcf3b20/userFiles-fad1ec36-eec4-473b-b4cd-4b7ea6ab06dc/org.apache.hadoop_hadoop-client-api-3.3.4.jar to class loader default
[2024-06-27T21:25:15.251+0000] {docker.py:413} INFO - 24/06/27 21:25:15 INFO Executor: Fetching spark://localhost:43099/jars/org.xerial.snappy_snappy-java-1.1.10.3.jar with timestamp 1719523514485
[2024-06-27T21:25:15.251+0000] {docker.py:413} INFO - 24/06/27 21:25:15 INFO Utils: Fetching spark://localhost:43099/jars/org.xerial.snappy_snappy-java-1.1.10.3.jar to /tmp/spark-19a4c562-cd8d-4f5b-8d2d-08888bcf3b20/userFiles-fad1ec36-eec4-473b-b4cd-4b7ea6ab06dc/fetchFileTemp1057606491530018343.tmp
[2024-06-27T21:25:15.255+0000] {docker.py:413} INFO - 24/06/27 21:25:15 INFO Utils: /tmp/spark-19a4c562-cd8d-4f5b-8d2d-08888bcf3b20/userFiles-fad1ec36-eec4-473b-b4cd-4b7ea6ab06dc/fetchFileTemp1057606491530018343.tmp has been previously copied to /tmp/spark-19a4c562-cd8d-4f5b-8d2d-08888bcf3b20/userFiles-fad1ec36-eec4-473b-b4cd-4b7ea6ab06dc/org.xerial.snappy_snappy-java-1.1.10.3.jar
[2024-06-27T21:25:15.256+0000] {docker.py:413} INFO - 24/06/27 21:25:15 INFO Executor: Adding file:/tmp/spark-19a4c562-cd8d-4f5b-8d2d-08888bcf3b20/userFiles-fad1ec36-eec4-473b-b4cd-4b7ea6ab06dc/org.xerial.snappy_snappy-java-1.1.10.3.jar to class loader default
[2024-06-27T21:25:15.257+0000] {docker.py:413} INFO - 24/06/27 21:25:15 INFO Executor: Fetching spark://localhost:43099/jars/commons-logging_commons-logging-1.1.3.jar with timestamp 1719523514485
[2024-06-27T21:25:15.257+0000] {docker.py:413} INFO - 24/06/27 21:25:15 INFO Utils: Fetching spark://localhost:43099/jars/commons-logging_commons-logging-1.1.3.jar to /tmp/spark-19a4c562-cd8d-4f5b-8d2d-08888bcf3b20/userFiles-fad1ec36-eec4-473b-b4cd-4b7ea6ab06dc/fetchFileTemp5048975058364852435.tmp
[2024-06-27T21:25:15.258+0000] {docker.py:413} INFO - 24/06/27 21:25:15 INFO Utils: /tmp/spark-19a4c562-cd8d-4f5b-8d2d-08888bcf3b20/userFiles-fad1ec36-eec4-473b-b4cd-4b7ea6ab06dc/fetchFileTemp5048975058364852435.tmp has been previously copied to /tmp/spark-19a4c562-cd8d-4f5b-8d2d-08888bcf3b20/userFiles-fad1ec36-eec4-473b-b4cd-4b7ea6ab06dc/commons-logging_commons-logging-1.1.3.jar
[2024-06-27T21:25:15.260+0000] {docker.py:413} INFO - 24/06/27 21:25:15 INFO Executor: Adding file:/tmp/spark-19a4c562-cd8d-4f5b-8d2d-08888bcf3b20/userFiles-fad1ec36-eec4-473b-b4cd-4b7ea6ab06dc/commons-logging_commons-logging-1.1.3.jar to class loader default
[2024-06-27T21:25:15.260+0000] {docker.py:413} INFO - 24/06/27 21:25:15 INFO Executor: Fetching spark://localhost:43099/jars/org.postgresql_postgresql-42.5.4.jar with timestamp 1719523514485
[2024-06-27T21:25:15.261+0000] {docker.py:413} INFO - 24/06/27 21:25:15 INFO Utils: Fetching spark://localhost:43099/jars/org.postgresql_postgresql-42.5.4.jar to /tmp/spark-19a4c562-cd8d-4f5b-8d2d-08888bcf3b20/userFiles-fad1ec36-eec4-473b-b4cd-4b7ea6ab06dc/fetchFileTemp6792207492495933348.tmp
[2024-06-27T21:25:15.264+0000] {docker.py:413} INFO - 24/06/27 21:25:15 INFO Utils: /tmp/spark-19a4c562-cd8d-4f5b-8d2d-08888bcf3b20/userFiles-fad1ec36-eec4-473b-b4cd-4b7ea6ab06dc/fetchFileTemp6792207492495933348.tmp has been previously copied to /tmp/spark-19a4c562-cd8d-4f5b-8d2d-08888bcf3b20/userFiles-fad1ec36-eec4-473b-b4cd-4b7ea6ab06dc/org.postgresql_postgresql-42.5.4.jar
[2024-06-27T21:25:15.266+0000] {docker.py:413} INFO - 24/06/27 21:25:15 INFO Executor: Adding file:/tmp/spark-19a4c562-cd8d-4f5b-8d2d-08888bcf3b20/userFiles-fad1ec36-eec4-473b-b4cd-4b7ea6ab06dc/org.postgresql_postgresql-42.5.4.jar to class loader default
[2024-06-27T21:25:15.267+0000] {docker.py:413} INFO - 24/06/27 21:25:15 INFO Executor: Fetching spark://localhost:43099/jars/org.lz4_lz4-java-1.8.0.jar with timestamp 1719523514485
24/06/27 21:25:15 INFO Utils: Fetching spark://localhost:43099/jars/org.lz4_lz4-java-1.8.0.jar to /tmp/spark-19a4c562-cd8d-4f5b-8d2d-08888bcf3b20/userFiles-fad1ec36-eec4-473b-b4cd-4b7ea6ab06dc/fetchFileTemp1217969088513811525.tmp
[2024-06-27T21:25:15.269+0000] {docker.py:413} INFO - 24/06/27 21:25:15 INFO Utils: /tmp/spark-19a4c562-cd8d-4f5b-8d2d-08888bcf3b20/userFiles-fad1ec36-eec4-473b-b4cd-4b7ea6ab06dc/fetchFileTemp1217969088513811525.tmp has been previously copied to /tmp/spark-19a4c562-cd8d-4f5b-8d2d-08888bcf3b20/userFiles-fad1ec36-eec4-473b-b4cd-4b7ea6ab06dc/org.lz4_lz4-java-1.8.0.jar
[2024-06-27T21:25:15.271+0000] {docker.py:413} INFO - 24/06/27 21:25:15 INFO Executor: Adding file:/tmp/spark-19a4c562-cd8d-4f5b-8d2d-08888bcf3b20/userFiles-fad1ec36-eec4-473b-b4cd-4b7ea6ab06dc/org.lz4_lz4-java-1.8.0.jar to class loader default
[2024-06-27T21:25:15.272+0000] {docker.py:413} INFO - 24/06/27 21:25:15 INFO Executor: Fetching spark://localhost:43099/jars/org.apache.commons_commons-pool2-2.11.1.jar with timestamp 1719523514485
[2024-06-27T21:25:15.273+0000] {docker.py:413} INFO - 24/06/27 21:25:15 INFO Utils: Fetching spark://localhost:43099/jars/org.apache.commons_commons-pool2-2.11.1.jar to /tmp/spark-19a4c562-cd8d-4f5b-8d2d-08888bcf3b20/userFiles-fad1ec36-eec4-473b-b4cd-4b7ea6ab06dc/fetchFileTemp7582930960111658940.tmp
[2024-06-27T21:25:15.273+0000] {docker.py:413} INFO - 24/06/27 21:25:15 INFO Utils: /tmp/spark-19a4c562-cd8d-4f5b-8d2d-08888bcf3b20/userFiles-fad1ec36-eec4-473b-b4cd-4b7ea6ab06dc/fetchFileTemp7582930960111658940.tmp has been previously copied to /tmp/spark-19a4c562-cd8d-4f5b-8d2d-08888bcf3b20/userFiles-fad1ec36-eec4-473b-b4cd-4b7ea6ab06dc/org.apache.commons_commons-pool2-2.11.1.jar
[2024-06-27T21:25:15.276+0000] {docker.py:413} INFO - 24/06/27 21:25:15 INFO Executor: Adding file:/tmp/spark-19a4c562-cd8d-4f5b-8d2d-08888bcf3b20/userFiles-fad1ec36-eec4-473b-b4cd-4b7ea6ab06dc/org.apache.commons_commons-pool2-2.11.1.jar to class loader default
[2024-06-27T21:25:15.277+0000] {docker.py:413} INFO - 24/06/27 21:25:15 INFO Executor: Fetching spark://localhost:43099/jars/org.slf4j_slf4j-api-2.0.7.jar with timestamp 1719523514485
[2024-06-27T21:25:15.277+0000] {docker.py:413} INFO - 24/06/27 21:25:15 INFO Utils: Fetching spark://localhost:43099/jars/org.slf4j_slf4j-api-2.0.7.jar to /tmp/spark-19a4c562-cd8d-4f5b-8d2d-08888bcf3b20/userFiles-fad1ec36-eec4-473b-b4cd-4b7ea6ab06dc/fetchFileTemp18034318142062193991.tmp
[2024-06-27T21:25:15.277+0000] {docker.py:413} INFO - 24/06/27 21:25:15 INFO Utils: /tmp/spark-19a4c562-cd8d-4f5b-8d2d-08888bcf3b20/userFiles-fad1ec36-eec4-473b-b4cd-4b7ea6ab06dc/fetchFileTemp18034318142062193991.tmp has been previously copied to /tmp/spark-19a4c562-cd8d-4f5b-8d2d-08888bcf3b20/userFiles-fad1ec36-eec4-473b-b4cd-4b7ea6ab06dc/org.slf4j_slf4j-api-2.0.7.jar
[2024-06-27T21:25:15.279+0000] {docker.py:413} INFO - 24/06/27 21:25:15 INFO Executor: Adding file:/tmp/spark-19a4c562-cd8d-4f5b-8d2d-08888bcf3b20/userFiles-fad1ec36-eec4-473b-b4cd-4b7ea6ab06dc/org.slf4j_slf4j-api-2.0.7.jar to class loader default
[2024-06-27T21:25:15.279+0000] {docker.py:413} INFO - 24/06/27 21:25:15 INFO Executor: Fetching spark://localhost:43099/jars/org.apache.spark_spark-token-provider-kafka-0-10_2.12-3.5.0.jar with timestamp 1719523514485
[2024-06-27T21:25:15.280+0000] {docker.py:413} INFO - 24/06/27 21:25:15 INFO Utils: Fetching spark://localhost:43099/jars/org.apache.spark_spark-token-provider-kafka-0-10_2.12-3.5.0.jar to /tmp/spark-19a4c562-cd8d-4f5b-8d2d-08888bcf3b20/userFiles-fad1ec36-eec4-473b-b4cd-4b7ea6ab06dc/fetchFileTemp16020219134020170705.tmp
[2024-06-27T21:25:15.281+0000] {docker.py:413} INFO - 24/06/27 21:25:15 INFO Utils: /tmp/spark-19a4c562-cd8d-4f5b-8d2d-08888bcf3b20/userFiles-fad1ec36-eec4-473b-b4cd-4b7ea6ab06dc/fetchFileTemp16020219134020170705.tmp has been previously copied to /tmp/spark-19a4c562-cd8d-4f5b-8d2d-08888bcf3b20/userFiles-fad1ec36-eec4-473b-b4cd-4b7ea6ab06dc/org.apache.spark_spark-token-provider-kafka-0-10_2.12-3.5.0.jar
[2024-06-27T21:25:15.283+0000] {docker.py:413} INFO - 24/06/27 21:25:15 INFO Executor: Adding file:/tmp/spark-19a4c562-cd8d-4f5b-8d2d-08888bcf3b20/userFiles-fad1ec36-eec4-473b-b4cd-4b7ea6ab06dc/org.apache.spark_spark-token-provider-kafka-0-10_2.12-3.5.0.jar to class loader default
[2024-06-27T21:25:15.288+0000] {docker.py:413} INFO - 24/06/27 21:25:15 INFO Utils: Successfully started service 'org.apache.spark.network.netty.NettyBlockTransferService' on port 34735.
[2024-06-27T21:25:15.289+0000] {docker.py:413} INFO - 24/06/27 21:25:15 INFO NettyBlockTransferService: Server created on localhost:34735
[2024-06-27T21:25:15.290+0000] {docker.py:413} INFO - 24/06/27 21:25:15 INFO BlockManager: Using org.apache.spark.storage.RandomBlockReplicationPolicy for block replication policy
[2024-06-27T21:25:15.293+0000] {docker.py:413} INFO - 24/06/27 21:25:15 INFO BlockManagerMaster: Registering BlockManager BlockManagerId(driver, localhost, 34735, None)
[2024-06-27T21:25:15.296+0000] {docker.py:413} INFO - 24/06/27 21:25:15 INFO BlockManagerMasterEndpoint: Registering block manager localhost:34735 with 434.4 MiB RAM, BlockManagerId(driver, localhost, 34735, None)
[2024-06-27T21:25:15.297+0000] {docker.py:413} INFO - 24/06/27 21:25:15 INFO BlockManagerMaster: Registered BlockManager BlockManagerId(driver, localhost, 34735, None)
[2024-06-27T21:25:15.298+0000] {docker.py:413} INFO - 24/06/27 21:25:15 INFO BlockManager: Initialized BlockManager: BlockManagerId(driver, localhost, 34735, None)
[2024-06-27T21:25:15.545+0000] {docker.py:413} INFO - 2024-06-27 21:25:15,544:create_spark_session:INFO:Spark session created successfully
[2024-06-27T21:25:15.552+0000] {docker.py:413} INFO - 24/06/27 21:25:15 INFO SharedState: Setting hive.metastore.warehouse.dir ('null') to the value of spark.sql.warehouse.dir.
[2024-06-27T21:25:15.552+0000] {docker.py:413} INFO - 24/06/27 21:25:15 INFO SharedState: Warehouse path is 'file:/opt/bitnami/spark/spark-warehouse'.
[2024-06-27T21:25:16.350+0000] {docker.py:413} INFO - 2024-06-27 21:25:16,349:create_initial_dataframe:INFO:Initial dataframe created successfully
[2024-06-27T21:25:21.580+0000] {docker.py:413} INFO - Traceback (most recent call last):
  File "/opt/bitnami/spark/spark_streaming.py", line 103, in <module>
    write_to_postgres()
[2024-06-27T21:25:21.580+0000] {docker.py:413} INFO - File "/opt/bitnami/spark/spark_streaming.py", line 99, in write_to_postgres
[2024-06-27T21:25:21.581+0000] {docker.py:413} INFO - start_streaming(df_final, spark=spark)
  File "/opt/bitnami/spark/spark_streaming.py", line 71, in start_streaming
[2024-06-27T21:25:21.581+0000] {docker.py:413} INFO - existing_data_df = spark.read.jdbc(
                       ^^^^^^^^^^^^^^^^
  File "/opt/bitnami/spark/python/lib/pyspark.zip/pyspark/sql/readwriter.py", line 946, in jdbc
[2024-06-27T21:25:21.581+0000] {docker.py:413} INFO - File "/opt/bitnami/spark/python/lib/py4j-0.10.9.7-src.zip/py4j/java_gateway.py", line 1322, in __call__
[2024-06-27T21:25:21.581+0000] {docker.py:413} INFO - File "/opt/bitnami/spark/python/lib/pyspark.zip/pyspark/errors/exceptions/captured.py", line 179, in deco
[2024-06-27T21:25:21.582+0000] {docker.py:413} INFO - File "/opt/bitnami/spark/python/lib/py4j-0.10.9.7-src.zip/py4j/protocol.py", line 326, in get_return_value
[2024-06-27T21:25:21.582+0000] {docker.py:413} INFO - py4j.protocol.Py4JJavaError
[2024-06-27T21:25:21.582+0000] {docker.py:413} INFO - : An error occurred while calling o50.jdbc.
: org.postgresql.util.PSQLException: The connection attempt failed.
	at org.postgresql.core.v3.ConnectionFactoryImpl.openConnectionImpl(ConnectionFactoryImpl.java:354)
	at org.postgresql.core.ConnectionFactory.openConnection(ConnectionFactory.java:54)
	at org.postgresql.jdbc.PgConnection.<init>(PgConnection.java:253)
	at org.postgresql.Driver.makeConnection(Driver.java:434)
	at org.postgresql.Driver.connect(Driver.java:291)
	at org.apache.spark.sql.execution.datasources.jdbc.connection.BasicConnectionProvider.getConnection(BasicConnectionProvider.scala:49)
	at org.apache.spark.sql.execution.datasources.jdbc.connection.ConnectionProviderBase.create(ConnectionProvider.scala:102)
	at org.apache.spark.sql.jdbc.JdbcDialect.$anonfun$createConnectionFactory$1(JdbcDialects.scala:160)
	at org.apache.spark.sql.jdbc.JdbcDialect.$anonfun$createConnectionFactory$1$adapted(JdbcDialects.scala:156)
	at org.apache.spark.sql.execution.datasources.jdbc.JDBCRDD$.getQueryOutputSchema(JDBCRDD.scala:63)
	at org.apache.spark.sql.execution.datasources.jdbc.JDBCRDD$.resolveTable(JDBCRDD.scala:58)
	at org.apache.spark.sql.execution.datasources.jdbc.JDBCRelation$.getSchema(JDBCRelation.scala:241)
	at org.apache.spark.sql.execution.datasources.jdbc.JdbcRelationProvider.createRelation(JdbcRelationProvider.scala:37)
	at org.apache.spark.sql.execution.datasources.DataSource.resolveRelation(DataSource.scala:346)
	at org.apache.spark.sql.DataFrameReader.loadV1Source(DataFrameReader.scala:229)
	at org.apache.spark.sql.DataFrameReader.$anonfun$load$2(DataFrameReader.scala:211)
	at scala.Option.getOrElse(Option.scala:189)
	at org.apache.spark.sql.DataFrameReader.load(DataFrameReader.scala:211)
	at org.apache.spark.sql.DataFrameReader.load(DataFrameReader.scala:172)
	at org.apache.spark.sql.DataFrameReader.jdbc(DataFrameReader.scala:249)
	at java.base/jdk.internal.reflect.NativeMethodAccessorImpl.invoke0(Native Method)
	at java.base/jdk.internal.reflect.NativeMethodAccessorImpl.invoke(NativeMethodAccessorImpl.java:77)
	at java.base/jdk.internal.reflect.DelegatingMethodAccessorImpl.invoke(DelegatingMethodAccessorImpl.java:43)
	at java.base/java.lang.reflect.Method.invoke(Method.java:568)
	at py4j.reflection.MethodInvoker.invoke(MethodInvoker.java:244)
	at py4j.reflection.ReflectionEngine.invoke(ReflectionEngine.java:374)
	at py4j.Gateway.invoke(Gateway.java:282)
	at py4j.commands.AbstractCommand.invokeMethod(AbstractCommand.java:132)
	at py4j.commands.CallCommand.execute(CallCommand.java:79)
	at py4j.ClientServerConnection.waitForCommands(ClientServerConnection.java:182)
	at py4j.ClientServerConnection.run(ClientServerConnection.java:106)
	at java.base/java.lang.Thread.run(Thread.java:840)
Caused by: java.net.SocketTimeoutException: Read timed out
	at java.base/sun.nio.ch.NioSocketImpl.timedRead(NioSocketImpl.java:288)
	at java.base/sun.nio.ch.NioSocketImpl.implRead(NioSocketImpl.java:314)
	at java.base/sun.nio.ch.NioSocketImpl.read(NioSocketImpl.java:355)
	at java.base/sun.nio.ch.NioSocketImpl$1.read(NioSocketImpl.java:808)
	at java.base/java.net.Socket$SocketInputStream.read(Socket.java:966)
	at org.postgresql.core.VisibleBufferedInputStream.readMore(VisibleBufferedInputStream.java:161)
	at org.postgresql.core.VisibleBufferedInputStream.ensureBytes(VisibleBufferedInputStream.java:128)
	at org.postgresql.core.VisibleBufferedInputStream.ensureBytes(VisibleBufferedInputStream.java:113)
	at org.postgresql.core.VisibleBufferedInputStream.read(VisibleBufferedInputStream.java:73)
	at org.postgresql.core.PGStream.receiveChar(PGStream.java:465)
	at org.postgresql.core.v3.ConnectionFactoryImpl.enableSSL(ConnectionFactoryImpl.java:589)
	at org.postgresql.core.v3.ConnectionFactoryImpl.tryConnect(ConnectionFactoryImpl.java:191)
	at org.postgresql.core.v3.ConnectionFactoryImpl.openConnectionImpl(ConnectionFactoryImpl.java:258)
	... 31 more
[2024-06-27T21:25:21.582+0000] {docker.py:413} INFO - 2024-06-27 21:25:21,580:close:INFO:Closing down clientserver connection
[2024-06-27T21:25:21.602+0000] {docker.py:413} INFO - 24/06/27 21:25:21 INFO SparkContext: Invoking stop() from shutdown hook
[2024-06-27T21:25:21.603+0000] {docker.py:413} INFO - 24/06/27 21:25:21 INFO SparkContext: SparkContext is stopping with exitCode 0.
[2024-06-27T21:25:21.609+0000] {docker.py:413} INFO - 24/06/27 21:25:21 INFO SparkUI: Stopped Spark web UI at http://localhost:4040
[2024-06-27T21:25:21.616+0000] {docker.py:413} INFO - 24/06/27 21:25:21 INFO MapOutputTrackerMasterEndpoint: MapOutputTrackerMasterEndpoint stopped!
[2024-06-27T21:25:21.623+0000] {docker.py:413} INFO - 24/06/27 21:25:21 INFO MemoryStore: MemoryStore cleared
[2024-06-27T21:25:21.623+0000] {docker.py:413} INFO - 24/06/27 21:25:21 INFO BlockManager: BlockManager stopped
[2024-06-27T21:25:21.625+0000] {docker.py:413} INFO - 24/06/27 21:25:21 INFO BlockManagerMaster: BlockManagerMaster stopped
[2024-06-27T21:25:21.627+0000] {docker.py:413} INFO - 24/06/27 21:25:21 INFO OutputCommitCoordinator$OutputCommitCoordinatorEndpoint: OutputCommitCoordinator stopped!
[2024-06-27T21:25:21.635+0000] {docker.py:413} INFO - 24/06/27 21:25:21 INFO SparkContext: Successfully stopped SparkContext
[2024-06-27T21:25:21.635+0000] {docker.py:413} INFO - 24/06/27 21:25:21 INFO ShutdownHookManager: Shutdown hook called
[2024-06-27T21:25:21.636+0000] {docker.py:413} INFO - 24/06/27 21:25:21 INFO ShutdownHookManager: Deleting directory /tmp/spark-73aed0aa-dfcc-41a8-9446-eb86b8e905b9
[2024-06-27T21:25:21.637+0000] {docker.py:413} INFO - 24/06/27 21:25:21 INFO ShutdownHookManager: Deleting directory /tmp/spark-19a4c562-cd8d-4f5b-8d2d-08888bcf3b20
[2024-06-27T21:25:21.638+0000] {docker.py:413} INFO - 24/06/27 21:25:21 INFO ShutdownHookManager: Deleting directory /tmp/spark-19a4c562-cd8d-4f5b-8d2d-08888bcf3b20/pyspark-d7a9e549-2f45-45a6-a969-32029485dda9
[2024-06-27T21:25:21.938+0000] {taskinstance.py:1937} ERROR - Task failed with exception
Traceback (most recent call last):
  File "/home/airflow/.local/lib/python3.8/site-packages/docker/api/client.py", line 268, in _raise_for_status
    response.raise_for_status()
  File "/home/airflow/.local/lib/python3.8/site-packages/requests/models.py", line 1021, in raise_for_status
    raise HTTPError(http_error_msg, response=self)
requests.exceptions.HTTPError: 400 Client Error: Bad Request for url: http://docker-proxy:2375/v1.44/containers/create

The above exception was the direct cause of the following exception:

Traceback (most recent call last):
  File "/home/airflow/.local/lib/python3.8/site-packages/airflow/providers/docker/operators/docker.py", line 348, in _run_image
    return self._run_image_with_mounts([*self.mounts, tmp_mount], add_tmp_variable=True)
  File "/home/airflow/.local/lib/python3.8/site-packages/airflow/providers/docker/operators/docker.py", line 375, in _run_image_with_mounts
    self.container = self.cli.create_container(
  File "/home/airflow/.local/lib/python3.8/site-packages/docker/api/container.py", line 431, in create_container
    return self.create_container_from_config(config, name, platform)
  File "/home/airflow/.local/lib/python3.8/site-packages/docker/api/container.py", line 448, in create_container_from_config
    return self._result(res, True)
  File "/home/airflow/.local/lib/python3.8/site-packages/docker/api/client.py", line 274, in _result
    self._raise_for_status(response)
  File "/home/airflow/.local/lib/python3.8/site-packages/docker/api/client.py", line 270, in _raise_for_status
    raise create_api_error_from_http_exception(e) from e
  File "/home/airflow/.local/lib/python3.8/site-packages/docker/errors.py", line 39, in create_api_error_from_http_exception
    raise cls(e, response=response, explanation=explanation) from e
docker.errors.APIError: 400 Client Error for http://docker-proxy:2375/v1.44/containers/create: Bad Request ("invalid mount config for type "bind": bind source path does not exist: /host_mnt/private/tmp/airflowtmp9vfbwzwu")

During handling of the above exception, another exception occurred:

Traceback (most recent call last):
  File "/home/airflow/.local/lib/python3.8/site-packages/airflow/providers/docker/operators/docker.py", line 486, in execute
    return self._run_image()
  File "/home/airflow/.local/lib/python3.8/site-packages/airflow/providers/docker/operators/docker.py", line 357, in _run_image
    return self._run_image_with_mounts(self.mounts, add_tmp_variable=False)
  File "/home/airflow/.local/lib/python3.8/site-packages/airflow/providers/docker/operators/docker.py", line 421, in _run_image_with_mounts
    raise DockerContainerFailedException(f"Docker container failed: {result!r}", logs=log_lines)
airflow.providers.docker.exceptions.DockerContainerFailedException: Docker container failed: {'StatusCode': 1}
[2024-06-27T21:25:21.944+0000] {taskinstance.py:1400} INFO - Marking task as UP_FOR_RETRY. dag_id=kafka_spark_dag, task_id=pyspark_consumer, execution_date=20240627T212503, start_date=20240627T212506, end_date=20240627T212521
[2024-06-27T21:25:21.963+0000] {standard_task_runner.py:104} ERROR - Failed to execute job 160 for task pyspark_consumer (Docker container failed: {'StatusCode': 1}; 904)
[2024-06-27T21:25:21.989+0000] {local_task_job_runner.py:228} INFO - Task exited with return code 1
[2024-06-27T21:25:22.000+0000] {taskinstance.py:2778} INFO - 0 downstream tasks scheduled from follow-on schedule check
