[2024-06-27T18:44:29.194+0000] {taskinstance.py:1159} INFO - Dependencies all met for dep_context=non-requeueable deps ti=<TaskInstance: kafka_spark_dag.pyspark_consumer manual__2024-06-27T18:43:57.477066+00:00 [queued]>
[2024-06-27T18:44:29.198+0000] {taskinstance.py:1159} INFO - Dependencies all met for dep_context=requeueable deps ti=<TaskInstance: kafka_spark_dag.pyspark_consumer manual__2024-06-27T18:43:57.477066+00:00 [queued]>
[2024-06-27T18:44:29.198+0000] {taskinstance.py:1361} INFO - Starting attempt 2 of 2
[2024-06-27T18:44:29.204+0000] {taskinstance.py:1382} INFO - Executing <Task(DockerOperator): pyspark_consumer> on 2024-06-27 18:43:57.477066+00:00
[2024-06-27T18:44:29.207+0000] {standard_task_runner.py:57} INFO - Started process 1387 to run task
[2024-06-27T18:44:29.209+0000] {standard_task_runner.py:84} INFO - Running: ['***', 'tasks', 'run', 'kafka_spark_dag', 'pyspark_consumer', 'manual__2024-06-27T18:43:57.477066+00:00', '--job-id', '139', '--raw', '--subdir', 'DAGS_FOLDER/dag_kafka_spark.py', '--cfg-path', '/tmp/tmp3hfj690w']
[2024-06-27T18:44:29.211+0000] {standard_task_runner.py:85} INFO - Job 139: Subtask pyspark_consumer
[2024-06-27T18:44:29.233+0000] {task_command.py:416} INFO - Running <TaskInstance: kafka_spark_dag.pyspark_consumer manual__2024-06-27T18:43:57.477066+00:00 [running]> on host cd176cdca805
[2024-06-27T18:44:29.265+0000] {taskinstance.py:1662} INFO - Exporting env vars: AIRFLOW_CTX_DAG_OWNER='***' AIRFLOW_CTX_DAG_ID='kafka_spark_dag' AIRFLOW_CTX_TASK_ID='pyspark_consumer' AIRFLOW_CTX_EXECUTION_DATE='2024-06-27T18:43:57.477066+00:00' AIRFLOW_CTX_TRY_NUMBER='2' AIRFLOW_CTX_DAG_RUN_ID='manual__2024-06-27T18:43:57.477066+00:00'
[2024-06-27T18:44:29.321+0000] {docker.py:343} INFO - Starting docker container from image current-headlines/spark:latest
[2024-06-27T18:44:29.368+0000] {docker.py:351} WARNING - Using remote engine or docker-in-docker and mounting temporary volume from host is not supported. Falling back to `mount_tmp_dir=False` mode. You can set `mount_tmp_dir` parameter to False to disable mounting and remove the warning
[2024-06-27T18:44:29.508+0000] {docker.py:413} INFO - [38;5;6mspark [38;5;5m18:44:29.50 [0m[38;5;2mINFO [0m ==> 
[38;5;6mspark [38;5;5m18:44:29.50 [0m[38;5;2mINFO [0m ==> [1mWelcome to the Bitnami spark container[0m
[38;5;6mspark [38;5;5m18:44:29.50 [0m[38;5;2mINFO [0m ==> Subscribe to project updates by watching [1mhttps://github.com/bitnami/containers[0m
[2024-06-27T18:44:29.509+0000] {docker.py:413} INFO - [38;5;6mspark [38;5;5m18:44:29.50 [0m[38;5;2mINFO [0m ==> Submit issues and feature requests at [1mhttps://github.com/bitnami/containers/issues[0m
[2024-06-27T18:44:29.509+0000] {docker.py:413} INFO - [38;5;6mspark [38;5;5m18:44:29.50 [0m[38;5;2mINFO [0m ==>
[2024-06-27T18:44:29.512+0000] {docker.py:413} INFO - 
[2024-06-27T18:44:30.302+0000] {docker.py:413} INFO - :: loading settings :: url = jar:file:/opt/bitnami/spark/jars/ivy-2.5.1.jar!/org/apache/ivy/core/settings/ivysettings.xml
[2024-06-27T18:44:30.335+0000] {docker.py:413} INFO - Ivy Default Cache set to: /opt/bitnami/spark/.ivy2/cache
The jars for the packages stored in: /opt/bitnami/spark/.ivy2/jars
[2024-06-27T18:44:30.338+0000] {docker.py:413} INFO - org.postgresql#postgresql added as a dependency
org.apache.spark#spark-sql-kafka-0-10_2.12 added as a dependency
[2024-06-27T18:44:30.338+0000] {docker.py:413} INFO - :: resolving dependencies :: org.apache.spark#spark-submit-parent-5a0ed75f-419c-4bab-8d47-dbf030e47d1f;1.0
	confs: [default]
[2024-06-27T18:44:30.710+0000] {docker.py:413} INFO - found org.postgresql#postgresql;42.5.4 in central
[2024-06-27T18:44:30.765+0000] {docker.py:413} INFO - found org.checkerframework#checker-qual;3.5.0 in central
[2024-06-27T18:44:31.312+0000] {docker.py:413} INFO - found org.apache.spark#spark-sql-kafka-0-10_2.12;3.5.0 in central
[2024-06-27T18:44:31.452+0000] {docker.py:413} INFO - found org.apache.spark#spark-token-provider-kafka-0-10_2.12;3.5.0 in central
[2024-06-27T18:44:31.509+0000] {docker.py:413} INFO - found org.apache.kafka#kafka-clients;3.4.1 in central
[2024-06-27T18:44:31.564+0000] {docker.py:413} INFO - found org.lz4#lz4-java;1.8.0 in central
[2024-06-27T18:44:31.619+0000] {docker.py:413} INFO - found org.xerial.snappy#snappy-java;1.1.10.3 in central
[2024-06-27T18:44:31.901+0000] {docker.py:413} INFO - found org.slf4j#slf4j-api;2.0.7 in central
[2024-06-27T18:44:32.278+0000] {docker.py:413} INFO - found org.apache.hadoop#hadoop-client-runtime;3.3.4 in central
[2024-06-27T18:44:32.348+0000] {docker.py:413} INFO - found org.apache.hadoop#hadoop-client-api;3.3.4 in central
[2024-06-27T18:44:32.703+0000] {docker.py:413} INFO - found commons-logging#commons-logging;1.1.3 in central
[2024-06-27T18:44:32.757+0000] {docker.py:413} INFO - found com.google.code.findbugs#jsr305;3.0.0 in central
[2024-06-27T18:44:33.218+0000] {docker.py:413} INFO - found org.apache.commons#commons-pool2;2.11.1 in central
[2024-06-27T18:44:33.250+0000] {docker.py:413} INFO - downloading https://repo1.maven.org/maven2/org/postgresql/postgresql/42.5.4/postgresql-42.5.4.jar ...
[2024-06-27T18:44:33.427+0000] {docker.py:413} INFO - [SUCCESSFUL ] org.postgresql#postgresql;42.5.4!postgresql.jar (204ms)
[2024-06-27T18:44:33.448+0000] {docker.py:413} INFO - downloading https://repo1.maven.org/maven2/org/apache/spark/spark-sql-kafka-0-10_2.12/3.5.0/spark-sql-kafka-0-10_2.12-3.5.0.jar ...
[2024-06-27T18:44:33.533+0000] {docker.py:413} INFO - [SUCCESSFUL ] org.apache.spark#spark-sql-kafka-0-10_2.12;3.5.0!spark-sql-kafka-0-10_2.12.jar (105ms)
[2024-06-27T18:44:33.566+0000] {docker.py:413} INFO - downloading https://repo1.maven.org/maven2/org/checkerframework/checker-qual/3.5.0/checker-qual-3.5.0.jar ...
[2024-06-27T18:44:33.626+0000] {docker.py:413} INFO - [SUCCESSFUL ] org.checkerframework#checker-qual;3.5.0!checker-qual.jar (92ms)
[2024-06-27T18:44:33.655+0000] {docker.py:413} INFO - downloading https://repo1.maven.org/maven2/org/apache/spark/spark-token-provider-kafka-0-10_2.12/3.5.0/spark-token-provider-kafka-0-10_2.12-3.5.0.jar ...
[2024-06-27T18:44:33.688+0000] {docker.py:413} INFO - [SUCCESSFUL ] org.apache.spark#spark-token-provider-kafka-0-10_2.12;3.5.0!spark-token-provider-kafka-0-10_2.12.jar (61ms)
[2024-06-27T18:44:33.721+0000] {docker.py:413} INFO - downloading https://repo1.maven.org/maven2/org/apache/kafka/kafka-clients/3.4.1/kafka-clients-3.4.1.jar ...
[2024-06-27T18:44:34.518+0000] {docker.py:413} INFO - [SUCCESSFUL ] org.apache.kafka#kafka-clients;3.4.1!kafka-clients.jar (830ms)
[2024-06-27T18:44:34.541+0000] {docker.py:413} INFO - downloading https://repo1.maven.org/maven2/com/google/code/findbugs/jsr305/3.0.0/jsr305-3.0.0.jar ...
[2024-06-27T18:44:34.575+0000] {docker.py:413} INFO - [SUCCESSFUL ] com.google.code.findbugs#jsr305;3.0.0!jsr305.jar (57ms)
[2024-06-27T18:44:34.600+0000] {docker.py:413} INFO - downloading https://repo1.maven.org/maven2/org/apache/commons/commons-pool2/2.11.1/commons-pool2-2.11.1.jar ...
[2024-06-27T18:44:34.644+0000] {docker.py:413} INFO - [SUCCESSFUL ] org.apache.commons#commons-pool2;2.11.1!commons-pool2.jar (69ms)
[2024-06-27T18:44:34.671+0000] {docker.py:413} INFO - downloading https://repo1.maven.org/maven2/org/apache/hadoop/hadoop-client-runtime/3.3.4/hadoop-client-runtime-3.3.4.jar ...
[2024-06-27T18:44:39.208+0000] {docker.py:413} INFO - [SUCCESSFUL ] org.apache.hadoop#hadoop-client-runtime;3.3.4!hadoop-client-runtime.jar (4563ms)
[2024-06-27T18:44:39.232+0000] {docker.py:413} INFO - downloading https://repo1.maven.org/maven2/org/lz4/lz4-java/1.8.0/lz4-java-1.8.0.jar ...
[2024-06-27T18:44:39.358+0000] {docker.py:413} INFO - [SUCCESSFUL ] org.lz4#lz4-java;1.8.0!lz4-java.jar (150ms)
[2024-06-27T18:44:39.381+0000] {docker.py:413} INFO - downloading https://repo1.maven.org/maven2/org/xerial/snappy/snappy-java/1.1.10.3/snappy-java-1.1.10.3.jar ...
[2024-06-27T18:44:39.792+0000] {docker.py:413} INFO - [SUCCESSFUL ] org.xerial.snappy#snappy-java;1.1.10.3!snappy-java.jar(bundle) (433ms)
[2024-06-27T18:44:39.818+0000] {docker.py:413} INFO - downloading https://repo1.maven.org/maven2/org/slf4j/slf4j-api/2.0.7/slf4j-api-2.0.7.jar ...
[2024-06-27T18:44:39.848+0000] {docker.py:413} INFO - [SUCCESSFUL ] org.slf4j#slf4j-api;2.0.7!slf4j-api.jar (55ms)
[2024-06-27T18:44:39.874+0000] {docker.py:413} INFO - downloading https://repo1.maven.org/maven2/org/apache/hadoop/hadoop-client-api/3.3.4/hadoop-client-api-3.3.4.jar ...
[2024-06-27T18:44:43.048+0000] {docker.py:413} INFO - [SUCCESSFUL ] org.apache.hadoop#hadoop-client-api;3.3.4!hadoop-client-api.jar (3199ms)
[2024-06-27T18:44:43.070+0000] {docker.py:413} INFO - downloading https://repo1.maven.org/maven2/commons-logging/commons-logging/1.1.3/commons-logging-1.1.3.jar ...
[2024-06-27T18:44:43.102+0000] {docker.py:413} INFO - [SUCCESSFUL ] commons-logging#commons-logging;1.1.3!commons-logging.jar (52ms)
[2024-06-27T18:44:43.104+0000] {docker.py:413} INFO - :: resolution report :: resolve 2885ms :: artifacts dl 9879ms
[2024-06-27T18:44:43.104+0000] {docker.py:413} INFO - :: modules in use:
[2024-06-27T18:44:43.104+0000] {docker.py:413} INFO - com.google.code.findbugs#jsr305;3.0.0 from central in [default]
[2024-06-27T18:44:43.104+0000] {docker.py:413} INFO - commons-logging#commons-logging;1.1.3 from central in [default]
	org.apache.commons#commons-pool2;2.11.1 from central in [default]
	org.apache.hadoop#hadoop-client-api;3.3.4 from central in [default]
[2024-06-27T18:44:43.105+0000] {docker.py:413} INFO - org.apache.hadoop#hadoop-client-runtime;3.3.4 from central in [default]
	org.apache.kafka#kafka-clients;3.4.1 from central in [default]
	org.apache.spark#spark-sql-kafka-0-10_2.12;3.5.0 from central in [default]
	org.apache.spark#spark-token-provider-kafka-0-10_2.12;3.5.0 from central in [default]
	org.checkerframework#checker-qual;3.5.0 from central in [default]
	org.lz4#lz4-java;1.8.0 from central in [default]
	org.postgresql#postgresql;42.5.4 from central in [default]
[2024-06-27T18:44:43.105+0000] {docker.py:413} INFO - org.slf4j#slf4j-api;2.0.7 from central in [default]
	org.xerial.snappy#snappy-java;1.1.10.3 from central in [default]
[2024-06-27T18:44:43.105+0000] {docker.py:413} INFO - ---------------------------------------------------------------------
	|                  |            modules            ||   artifacts   |
	|       conf       | number| search|dwnlded|evicted|| number|dwnlded|
	---------------------------------------------------------------------
[2024-06-27T18:44:43.106+0000] {docker.py:413} INFO - |      default     |   13  |   13  |   13  |   0   ||   13  |   13  |
	---------------------------------------------------------------------
[2024-06-27T18:44:43.109+0000] {docker.py:413} INFO - :: retrieving :: org.apache.spark#spark-submit-parent-5a0ed75f-419c-4bab-8d47-dbf030e47d1f
[2024-06-27T18:44:43.109+0000] {docker.py:413} INFO - confs: [default]
[2024-06-27T18:44:43.155+0000] {docker.py:413} INFO - 13 artifacts copied, 0 already retrieved (58001kB/46ms)
[2024-06-27T18:44:43.250+0000] {docker.py:413} INFO - 24/06/27 18:44:43 WARN NativeCodeLoader: Unable to load native-hadoop library for your platform... using builtin-java classes where applicable
[2024-06-27T18:44:43.766+0000] {docker.py:413} INFO - 24/06/27 18:44:43 INFO SparkContext: Running Spark version 3.5.0
[2024-06-27T18:44:43.766+0000] {docker.py:413} INFO - 24/06/27 18:44:43 INFO SparkContext: OS info Linux, 6.6.12-linuxkit, aarch64
[2024-06-27T18:44:43.767+0000] {docker.py:413} INFO - 24/06/27 18:44:43 INFO SparkContext: Java version 17.0.10
[2024-06-27T18:44:43.776+0000] {docker.py:413} INFO - 24/06/27 18:44:43 INFO ResourceUtils: ==============================================================
[2024-06-27T18:44:43.777+0000] {docker.py:413} INFO - 24/06/27 18:44:43 INFO ResourceUtils: No custom resources configured for spark.driver.
[2024-06-27T18:44:43.777+0000] {docker.py:413} INFO - 24/06/27 18:44:43 INFO ResourceUtils: ==============================================================
[2024-06-27T18:44:43.778+0000] {docker.py:413} INFO - 24/06/27 18:44:43 INFO SparkContext: Submitted application: PostgreSQL Connection with PySpark
[2024-06-27T18:44:43.787+0000] {docker.py:413} INFO - 24/06/27 18:44:43 INFO ResourceProfile: Default ResourceProfile created, executor resources: Map(cores -> name: cores, amount: 1, script: , vendor: , memory -> name: memory, amount: 1024, script: , vendor: , offHeap -> name: offHeap, amount: 0, script: , vendor: ), task resources: Map(cpus -> name: cpus, amount: 1.0)
[2024-06-27T18:44:43.791+0000] {docker.py:413} INFO - 24/06/27 18:44:43 INFO ResourceProfile: Limiting resource is cpu
[2024-06-27T18:44:43.791+0000] {docker.py:413} INFO - 24/06/27 18:44:43 INFO ResourceProfileManager: Added ResourceProfile id: 0
[2024-06-27T18:44:43.815+0000] {docker.py:413} INFO - 24/06/27 18:44:43 INFO SecurityManager: Changing view acls to: spark
[2024-06-27T18:44:43.815+0000] {docker.py:413} INFO - 24/06/27 18:44:43 INFO SecurityManager: Changing modify acls to: spark
[2024-06-27T18:44:43.815+0000] {docker.py:413} INFO - 24/06/27 18:44:43 INFO SecurityManager: Changing view acls groups to:
[2024-06-27T18:44:43.815+0000] {docker.py:413} INFO - 24/06/27 18:44:43 INFO SecurityManager: Changing modify acls groups to:
[2024-06-27T18:44:43.816+0000] {docker.py:413} INFO - 24/06/27 18:44:43 INFO SecurityManager: SecurityManager: authentication disabled; ui acls disabled; users with view permissions: spark; groups with view permissions: EMPTY; users with modify permissions: spark; groups with modify permissions: EMPTY
[2024-06-27T18:44:43.914+0000] {docker.py:413} INFO - 24/06/27 18:44:43 INFO Utils: Successfully started service 'sparkDriver' on port 38391.
[2024-06-27T18:44:43.923+0000] {docker.py:413} INFO - 24/06/27 18:44:43 INFO SparkEnv: Registering MapOutputTracker
[2024-06-27T18:44:43.938+0000] {docker.py:413} INFO - 24/06/27 18:44:43 INFO SparkEnv: Registering BlockManagerMaster
[2024-06-27T18:44:43.946+0000] {docker.py:413} INFO - 24/06/27 18:44:43 INFO BlockManagerMasterEndpoint: Using org.apache.spark.storage.DefaultTopologyMapper for getting topology information
[2024-06-27T18:44:43.946+0000] {docker.py:413} INFO - 24/06/27 18:44:43 INFO BlockManagerMasterEndpoint: BlockManagerMasterEndpoint up
[2024-06-27T18:44:43.948+0000] {docker.py:413} INFO - 24/06/27 18:44:43 INFO SparkEnv: Registering BlockManagerMasterHeartbeat
[2024-06-27T18:44:43.961+0000] {docker.py:413} INFO - 24/06/27 18:44:43 INFO DiskBlockManager: Created local directory at /tmp/blockmgr-b2f3d824-e912-462e-9068-290ca9da1e33
[2024-06-27T18:44:43.968+0000] {docker.py:413} INFO - 24/06/27 18:44:43 INFO MemoryStore: MemoryStore started with capacity 434.4 MiB
[2024-06-27T18:44:43.975+0000] {docker.py:413} INFO - 24/06/27 18:44:43 INFO SparkEnv: Registering OutputCommitCoordinator
[2024-06-27T18:44:44.036+0000] {docker.py:413} INFO - 24/06/27 18:44:44 INFO JettyUtils: Start Jetty 0.0.0.0:4040 for SparkUI
[2024-06-27T18:44:44.068+0000] {docker.py:413} INFO - 24/06/27 18:44:44 INFO Utils: Successfully started service 'SparkUI' on port 4040.
[2024-06-27T18:44:44.086+0000] {docker.py:413} INFO - 24/06/27 18:44:44 INFO SparkContext: Added JAR file:///opt/bitnami/spark/.ivy2/jars/org.postgresql_postgresql-42.5.4.jar at spark://localhost:38391/jars/org.postgresql_postgresql-42.5.4.jar with timestamp 1719513883762
[2024-06-27T18:44:44.087+0000] {docker.py:413} INFO - 24/06/27 18:44:44 INFO SparkContext: Added JAR file:///opt/bitnami/spark/.ivy2/jars/org.apache.spark_spark-sql-kafka-0-10_2.12-3.5.0.jar at spark://localhost:38391/jars/org.apache.spark_spark-sql-kafka-0-10_2.12-3.5.0.jar with timestamp 1719513883762
[2024-06-27T18:44:44.087+0000] {docker.py:413} INFO - 24/06/27 18:44:44 INFO SparkContext: Added JAR file:///opt/bitnami/spark/.ivy2/jars/org.checkerframework_checker-qual-3.5.0.jar at spark://localhost:38391/jars/org.checkerframework_checker-qual-3.5.0.jar with timestamp 1719513883762
[2024-06-27T18:44:44.087+0000] {docker.py:413} INFO - 24/06/27 18:44:44 INFO SparkContext: Added JAR file:///opt/bitnami/spark/.ivy2/jars/org.apache.spark_spark-token-provider-kafka-0-10_2.12-3.5.0.jar at spark://localhost:38391/jars/org.apache.spark_spark-token-provider-kafka-0-10_2.12-3.5.0.jar with timestamp 1719513883762
[2024-06-27T18:44:44.088+0000] {docker.py:413} INFO - 24/06/27 18:44:44 INFO SparkContext: Added JAR file:///opt/bitnami/spark/.ivy2/jars/org.apache.kafka_kafka-clients-3.4.1.jar at spark://localhost:38391/jars/org.apache.kafka_kafka-clients-3.4.1.jar with timestamp 1719513883762
[2024-06-27T18:44:44.088+0000] {docker.py:413} INFO - 24/06/27 18:44:44 INFO SparkContext: Added JAR file:///opt/bitnami/spark/.ivy2/jars/com.google.code.findbugs_jsr305-3.0.0.jar at spark://localhost:38391/jars/com.google.code.findbugs_jsr305-3.0.0.jar with timestamp 1719513883762
[2024-06-27T18:44:44.088+0000] {docker.py:413} INFO - 24/06/27 18:44:44 INFO SparkContext: Added JAR file:///opt/bitnami/spark/.ivy2/jars/org.apache.commons_commons-pool2-2.11.1.jar at spark://localhost:38391/jars/org.apache.commons_commons-pool2-2.11.1.jar with timestamp 1719513883762
[2024-06-27T18:44:44.088+0000] {docker.py:413} INFO - 24/06/27 18:44:44 INFO SparkContext: Added JAR file:///opt/bitnami/spark/.ivy2/jars/org.apache.hadoop_hadoop-client-runtime-3.3.4.jar at spark://localhost:38391/jars/org.apache.hadoop_hadoop-client-runtime-3.3.4.jar with timestamp 1719513883762
[2024-06-27T18:44:44.089+0000] {docker.py:413} INFO - 24/06/27 18:44:44 INFO SparkContext: Added JAR file:///opt/bitnami/spark/.ivy2/jars/org.lz4_lz4-java-1.8.0.jar at spark://localhost:38391/jars/org.lz4_lz4-java-1.8.0.jar with timestamp 1719513883762
24/06/27 18:44:44 INFO SparkContext: Added JAR file:///opt/bitnami/spark/.ivy2/jars/org.xerial.snappy_snappy-java-1.1.10.3.jar at spark://localhost:38391/jars/org.xerial.snappy_snappy-java-1.1.10.3.jar with timestamp 1719513883762
[2024-06-27T18:44:44.089+0000] {docker.py:413} INFO - 24/06/27 18:44:44 INFO SparkContext: Added JAR file:///opt/bitnami/spark/.ivy2/jars/org.slf4j_slf4j-api-2.0.7.jar at spark://localhost:38391/jars/org.slf4j_slf4j-api-2.0.7.jar with timestamp 1719513883762
[2024-06-27T18:44:44.089+0000] {docker.py:413} INFO - 24/06/27 18:44:44 INFO SparkContext: Added JAR file:///opt/bitnami/spark/.ivy2/jars/org.apache.hadoop_hadoop-client-api-3.3.4.jar at spark://localhost:38391/jars/org.apache.hadoop_hadoop-client-api-3.3.4.jar with timestamp 1719513883762
24/06/27 18:44:44 INFO SparkContext: Added JAR file:///opt/bitnami/spark/.ivy2/jars/commons-logging_commons-logging-1.1.3.jar at spark://localhost:38391/jars/commons-logging_commons-logging-1.1.3.jar with timestamp 1719513883762
[2024-06-27T18:44:44.089+0000] {docker.py:413} INFO - 24/06/27 18:44:44 INFO SparkContext: Added file file:///opt/bitnami/spark/.ivy2/jars/org.postgresql_postgresql-42.5.4.jar at file:///opt/bitnami/spark/.ivy2/jars/org.postgresql_postgresql-42.5.4.jar with timestamp 1719513883762
[2024-06-27T18:44:44.090+0000] {docker.py:413} INFO - 24/06/27 18:44:44 INFO Utils: Copying /opt/bitnami/spark/.ivy2/jars/org.postgresql_postgresql-42.5.4.jar to /tmp/spark-213bef8b-bfbe-4e66-aabc-6b6e890b61c6/userFiles-f1888f6f-89cf-44b2-934d-ded3c9d9b08b/org.postgresql_postgresql-42.5.4.jar
[2024-06-27T18:44:44.094+0000] {docker.py:413} INFO - 24/06/27 18:44:44 INFO SparkContext: Added file file:///opt/bitnami/spark/.ivy2/jars/org.apache.spark_spark-sql-kafka-0-10_2.12-3.5.0.jar at file:///opt/bitnami/spark/.ivy2/jars/org.apache.spark_spark-sql-kafka-0-10_2.12-3.5.0.jar with timestamp 1719513883762
[2024-06-27T18:44:44.094+0000] {docker.py:413} INFO - 24/06/27 18:44:44 INFO Utils: Copying /opt/bitnami/spark/.ivy2/jars/org.apache.spark_spark-sql-kafka-0-10_2.12-3.5.0.jar to /tmp/spark-213bef8b-bfbe-4e66-aabc-6b6e890b61c6/userFiles-f1888f6f-89cf-44b2-934d-ded3c9d9b08b/org.apache.spark_spark-sql-kafka-0-10_2.12-3.5.0.jar
[2024-06-27T18:44:44.096+0000] {docker.py:413} INFO - 24/06/27 18:44:44 INFO SparkContext: Added file file:///opt/bitnami/spark/.ivy2/jars/org.checkerframework_checker-qual-3.5.0.jar at file:///opt/bitnami/spark/.ivy2/jars/org.checkerframework_checker-qual-3.5.0.jar with timestamp 1719513883762
[2024-06-27T18:44:44.096+0000] {docker.py:413} INFO - 24/06/27 18:44:44 INFO Utils: Copying /opt/bitnami/spark/.ivy2/jars/org.checkerframework_checker-qual-3.5.0.jar to /tmp/spark-213bef8b-bfbe-4e66-aabc-6b6e890b61c6/userFiles-f1888f6f-89cf-44b2-934d-ded3c9d9b08b/org.checkerframework_checker-qual-3.5.0.jar
[2024-06-27T18:44:44.097+0000] {docker.py:413} INFO - 24/06/27 18:44:44 INFO SparkContext: Added file file:///opt/bitnami/spark/.ivy2/jars/org.apache.spark_spark-token-provider-kafka-0-10_2.12-3.5.0.jar at file:///opt/bitnami/spark/.ivy2/jars/org.apache.spark_spark-token-provider-kafka-0-10_2.12-3.5.0.jar with timestamp 1719513883762
[2024-06-27T18:44:44.098+0000] {docker.py:413} INFO - 24/06/27 18:44:44 INFO Utils: Copying /opt/bitnami/spark/.ivy2/jars/org.apache.spark_spark-token-provider-kafka-0-10_2.12-3.5.0.jar to /tmp/spark-213bef8b-bfbe-4e66-aabc-6b6e890b61c6/userFiles-f1888f6f-89cf-44b2-934d-ded3c9d9b08b/org.apache.spark_spark-token-provider-kafka-0-10_2.12-3.5.0.jar
[2024-06-27T18:44:44.099+0000] {docker.py:413} INFO - 24/06/27 18:44:44 INFO SparkContext: Added file file:///opt/bitnami/spark/.ivy2/jars/org.apache.kafka_kafka-clients-3.4.1.jar at file:///opt/bitnami/spark/.ivy2/jars/org.apache.kafka_kafka-clients-3.4.1.jar with timestamp 1719513883762
[2024-06-27T18:44:44.099+0000] {docker.py:413} INFO - 24/06/27 18:44:44 INFO Utils: Copying /opt/bitnami/spark/.ivy2/jars/org.apache.kafka_kafka-clients-3.4.1.jar to /tmp/spark-213bef8b-bfbe-4e66-aabc-6b6e890b61c6/userFiles-f1888f6f-89cf-44b2-934d-ded3c9d9b08b/org.apache.kafka_kafka-clients-3.4.1.jar
[2024-06-27T18:44:44.102+0000] {docker.py:413} INFO - 24/06/27 18:44:44 INFO SparkContext: Added file file:///opt/bitnami/spark/.ivy2/jars/com.google.code.findbugs_jsr305-3.0.0.jar at file:///opt/bitnami/spark/.ivy2/jars/com.google.code.findbugs_jsr305-3.0.0.jar with timestamp 1719513883762
[2024-06-27T18:44:44.102+0000] {docker.py:413} INFO - 24/06/27 18:44:44 INFO Utils: Copying /opt/bitnami/spark/.ivy2/jars/com.google.code.findbugs_jsr305-3.0.0.jar to /tmp/spark-213bef8b-bfbe-4e66-aabc-6b6e890b61c6/userFiles-f1888f6f-89cf-44b2-934d-ded3c9d9b08b/com.google.code.findbugs_jsr305-3.0.0.jar
[2024-06-27T18:44:44.103+0000] {docker.py:413} INFO - 24/06/27 18:44:44 INFO SparkContext: Added file file:///opt/bitnami/spark/.ivy2/jars/org.apache.commons_commons-pool2-2.11.1.jar at file:///opt/bitnami/spark/.ivy2/jars/org.apache.commons_commons-pool2-2.11.1.jar with timestamp 1719513883762
[2024-06-27T18:44:44.104+0000] {docker.py:413} INFO - 24/06/27 18:44:44 INFO Utils: Copying /opt/bitnami/spark/.ivy2/jars/org.apache.commons_commons-pool2-2.11.1.jar to /tmp/spark-213bef8b-bfbe-4e66-aabc-6b6e890b61c6/userFiles-f1888f6f-89cf-44b2-934d-ded3c9d9b08b/org.apache.commons_commons-pool2-2.11.1.jar
[2024-06-27T18:44:44.105+0000] {docker.py:413} INFO - 24/06/27 18:44:44 INFO SparkContext: Added file file:///opt/bitnami/spark/.ivy2/jars/org.apache.hadoop_hadoop-client-runtime-3.3.4.jar at file:///opt/bitnami/spark/.ivy2/jars/org.apache.hadoop_hadoop-client-runtime-3.3.4.jar with timestamp 1719513883762
[2024-06-27T18:44:44.105+0000] {docker.py:413} INFO - 24/06/27 18:44:44 INFO Utils: Copying /opt/bitnami/spark/.ivy2/jars/org.apache.hadoop_hadoop-client-runtime-3.3.4.jar to /tmp/spark-213bef8b-bfbe-4e66-aabc-6b6e890b61c6/userFiles-f1888f6f-89cf-44b2-934d-ded3c9d9b08b/org.apache.hadoop_hadoop-client-runtime-3.3.4.jar
[2024-06-27T18:44:44.115+0000] {docker.py:413} INFO - 24/06/27 18:44:44 INFO SparkContext: Added file file:///opt/bitnami/spark/.ivy2/jars/org.lz4_lz4-java-1.8.0.jar at file:///opt/bitnami/spark/.ivy2/jars/org.lz4_lz4-java-1.8.0.jar with timestamp 1719513883762
[2024-06-27T18:44:44.116+0000] {docker.py:413} INFO - 24/06/27 18:44:44 INFO Utils: Copying /opt/bitnami/spark/.ivy2/jars/org.lz4_lz4-java-1.8.0.jar to /tmp/spark-213bef8b-bfbe-4e66-aabc-6b6e890b61c6/userFiles-f1888f6f-89cf-44b2-934d-ded3c9d9b08b/org.lz4_lz4-java-1.8.0.jar
[2024-06-27T18:44:44.117+0000] {docker.py:413} INFO - 24/06/27 18:44:44 INFO SparkContext: Added file file:///opt/bitnami/spark/.ivy2/jars/org.xerial.snappy_snappy-java-1.1.10.3.jar at file:///opt/bitnami/spark/.ivy2/jars/org.xerial.snappy_snappy-java-1.1.10.3.jar with timestamp 1719513883762
[2024-06-27T18:44:44.117+0000] {docker.py:413} INFO - 24/06/27 18:44:44 INFO Utils: Copying /opt/bitnami/spark/.ivy2/jars/org.xerial.snappy_snappy-java-1.1.10.3.jar to /tmp/spark-213bef8b-bfbe-4e66-aabc-6b6e890b61c6/userFiles-f1888f6f-89cf-44b2-934d-ded3c9d9b08b/org.xerial.snappy_snappy-java-1.1.10.3.jar
[2024-06-27T18:44:44.119+0000] {docker.py:413} INFO - 24/06/27 18:44:44 INFO SparkContext: Added file file:///opt/bitnami/spark/.ivy2/jars/org.slf4j_slf4j-api-2.0.7.jar at file:///opt/bitnami/spark/.ivy2/jars/org.slf4j_slf4j-api-2.0.7.jar with timestamp 1719513883762
[2024-06-27T18:44:44.119+0000] {docker.py:413} INFO - 24/06/27 18:44:44 INFO Utils: Copying /opt/bitnami/spark/.ivy2/jars/org.slf4j_slf4j-api-2.0.7.jar to /tmp/spark-213bef8b-bfbe-4e66-aabc-6b6e890b61c6/userFiles-f1888f6f-89cf-44b2-934d-ded3c9d9b08b/org.slf4j_slf4j-api-2.0.7.jar
[2024-06-27T18:44:44.120+0000] {docker.py:413} INFO - 24/06/27 18:44:44 INFO SparkContext: Added file file:///opt/bitnami/spark/.ivy2/jars/org.apache.hadoop_hadoop-client-api-3.3.4.jar at file:///opt/bitnami/spark/.ivy2/jars/org.apache.hadoop_hadoop-client-api-3.3.4.jar with timestamp 1719513883762
[2024-06-27T18:44:44.121+0000] {docker.py:413} INFO - 24/06/27 18:44:44 INFO Utils: Copying /opt/bitnami/spark/.ivy2/jars/org.apache.hadoop_hadoop-client-api-3.3.4.jar to /tmp/spark-213bef8b-bfbe-4e66-aabc-6b6e890b61c6/userFiles-f1888f6f-89cf-44b2-934d-ded3c9d9b08b/org.apache.hadoop_hadoop-client-api-3.3.4.jar
[2024-06-27T18:44:44.127+0000] {docker.py:413} INFO - 24/06/27 18:44:44 INFO SparkContext: Added file file:///opt/bitnami/spark/.ivy2/jars/commons-logging_commons-logging-1.1.3.jar at file:///opt/bitnami/spark/.ivy2/jars/commons-logging_commons-logging-1.1.3.jar with timestamp 1719513883762
[2024-06-27T18:44:44.127+0000] {docker.py:413} INFO - 24/06/27 18:44:44 INFO Utils: Copying /opt/bitnami/spark/.ivy2/jars/commons-logging_commons-logging-1.1.3.jar to /tmp/spark-213bef8b-bfbe-4e66-aabc-6b6e890b61c6/userFiles-f1888f6f-89cf-44b2-934d-ded3c9d9b08b/commons-logging_commons-logging-1.1.3.jar
[2024-06-27T18:44:44.158+0000] {docker.py:413} INFO - 24/06/27 18:44:44 INFO Executor: Starting executor ID driver on host localhost
[2024-06-27T18:44:44.159+0000] {docker.py:413} INFO - 24/06/27 18:44:44 INFO Executor: OS info Linux, 6.6.12-linuxkit, aarch64
[2024-06-27T18:44:44.159+0000] {docker.py:413} INFO - 24/06/27 18:44:44 INFO Executor: Java version 17.0.10
[2024-06-27T18:44:44.161+0000] {docker.py:413} INFO - 24/06/27 18:44:44 INFO Executor: Starting executor with user classpath (userClassPathFirst = false): ''
[2024-06-27T18:44:44.162+0000] {docker.py:413} INFO - 24/06/27 18:44:44 INFO Executor: Created or updated repl class loader org.apache.spark.util.MutableURLClassLoader@5e624ef9 for default.
[2024-06-27T18:44:44.167+0000] {docker.py:413} INFO - 24/06/27 18:44:44 INFO Executor: Fetching file:///opt/bitnami/spark/.ivy2/jars/org.apache.spark_spark-token-provider-kafka-0-10_2.12-3.5.0.jar with timestamp 1719513883762
[2024-06-27T18:44:44.174+0000] {docker.py:413} INFO - 24/06/27 18:44:44 INFO Utils: /opt/bitnami/spark/.ivy2/jars/org.apache.spark_spark-token-provider-kafka-0-10_2.12-3.5.0.jar has been previously copied to /tmp/spark-213bef8b-bfbe-4e66-aabc-6b6e890b61c6/userFiles-f1888f6f-89cf-44b2-934d-ded3c9d9b08b/org.apache.spark_spark-token-provider-kafka-0-10_2.12-3.5.0.jar
[2024-06-27T18:44:44.176+0000] {docker.py:413} INFO - 24/06/27 18:44:44 INFO Executor: Fetching file:///opt/bitnami/spark/.ivy2/jars/org.apache.hadoop_hadoop-client-runtime-3.3.4.jar with timestamp 1719513883762
[2024-06-27T18:44:44.190+0000] {docker.py:413} INFO - 24/06/27 18:44:44 INFO Utils: /opt/bitnami/spark/.ivy2/jars/org.apache.hadoop_hadoop-client-runtime-3.3.4.jar has been previously copied to /tmp/spark-213bef8b-bfbe-4e66-aabc-6b6e890b61c6/userFiles-f1888f6f-89cf-44b2-934d-ded3c9d9b08b/org.apache.hadoop_hadoop-client-runtime-3.3.4.jar
[2024-06-27T18:44:44.192+0000] {docker.py:413} INFO - 24/06/27 18:44:44 INFO Executor: Fetching file:///opt/bitnami/spark/.ivy2/jars/org.apache.commons_commons-pool2-2.11.1.jar with timestamp 1719513883762
[2024-06-27T18:44:44.192+0000] {docker.py:413} INFO - 24/06/27 18:44:44 INFO Utils: /opt/bitnami/spark/.ivy2/jars/org.apache.commons_commons-pool2-2.11.1.jar has been previously copied to /tmp/spark-213bef8b-bfbe-4e66-aabc-6b6e890b61c6/userFiles-f1888f6f-89cf-44b2-934d-ded3c9d9b08b/org.apache.commons_commons-pool2-2.11.1.jar
[2024-06-27T18:44:44.193+0000] {docker.py:413} INFO - 24/06/27 18:44:44 INFO Executor: Fetching file:///opt/bitnami/spark/.ivy2/jars/org.postgresql_postgresql-42.5.4.jar with timestamp 1719513883762
[2024-06-27T18:44:44.194+0000] {docker.py:413} INFO - 24/06/27 18:44:44 INFO Utils: /opt/bitnami/spark/.ivy2/jars/org.postgresql_postgresql-42.5.4.jar has been previously copied to /tmp/spark-213bef8b-bfbe-4e66-aabc-6b6e890b61c6/userFiles-f1888f6f-89cf-44b2-934d-ded3c9d9b08b/org.postgresql_postgresql-42.5.4.jar
[2024-06-27T18:44:44.195+0000] {docker.py:413} INFO - 24/06/27 18:44:44 INFO Executor: Fetching file:///opt/bitnami/spark/.ivy2/jars/org.slf4j_slf4j-api-2.0.7.jar with timestamp 1719513883762
[2024-06-27T18:44:44.195+0000] {docker.py:413} INFO - 24/06/27 18:44:44 INFO Utils: /opt/bitnami/spark/.ivy2/jars/org.slf4j_slf4j-api-2.0.7.jar has been previously copied to /tmp/spark-213bef8b-bfbe-4e66-aabc-6b6e890b61c6/userFiles-f1888f6f-89cf-44b2-934d-ded3c9d9b08b/org.slf4j_slf4j-api-2.0.7.jar
[2024-06-27T18:44:44.196+0000] {docker.py:413} INFO - 24/06/27 18:44:44 INFO Executor: Fetching file:///opt/bitnami/spark/.ivy2/jars/org.apache.kafka_kafka-clients-3.4.1.jar with timestamp 1719513883762
[2024-06-27T18:44:44.198+0000] {docker.py:413} INFO - 24/06/27 18:44:44 INFO Utils: /opt/bitnami/spark/.ivy2/jars/org.apache.kafka_kafka-clients-3.4.1.jar has been previously copied to /tmp/spark-213bef8b-bfbe-4e66-aabc-6b6e890b61c6/userFiles-f1888f6f-89cf-44b2-934d-ded3c9d9b08b/org.apache.kafka_kafka-clients-3.4.1.jar
[2024-06-27T18:44:44.200+0000] {docker.py:413} INFO - 24/06/27 18:44:44 INFO Executor: Fetching file:///opt/bitnami/spark/.ivy2/jars/com.google.code.findbugs_jsr305-3.0.0.jar with timestamp 1719513883762
[2024-06-27T18:44:44.200+0000] {docker.py:413} INFO - 24/06/27 18:44:44 INFO Utils: /opt/bitnami/spark/.ivy2/jars/com.google.code.findbugs_jsr305-3.0.0.jar has been previously copied to /tmp/spark-213bef8b-bfbe-4e66-aabc-6b6e890b61c6/userFiles-f1888f6f-89cf-44b2-934d-ded3c9d9b08b/com.google.code.findbugs_jsr305-3.0.0.jar
[2024-06-27T18:44:44.201+0000] {docker.py:413} INFO - 24/06/27 18:44:44 INFO Executor: Fetching file:///opt/bitnami/spark/.ivy2/jars/org.lz4_lz4-java-1.8.0.jar with timestamp 1719513883762
[2024-06-27T18:44:44.202+0000] {docker.py:413} INFO - 24/06/27 18:44:44 INFO Utils: /opt/bitnami/spark/.ivy2/jars/org.lz4_lz4-java-1.8.0.jar has been previously copied to /tmp/spark-213bef8b-bfbe-4e66-aabc-6b6e890b61c6/userFiles-f1888f6f-89cf-44b2-934d-ded3c9d9b08b/org.lz4_lz4-java-1.8.0.jar
[2024-06-27T18:44:44.203+0000] {docker.py:413} INFO - 24/06/27 18:44:44 INFO Executor: Fetching file:///opt/bitnami/spark/.ivy2/jars/org.apache.spark_spark-sql-kafka-0-10_2.12-3.5.0.jar with timestamp 1719513883762
[2024-06-27T18:44:44.203+0000] {docker.py:413} INFO - 24/06/27 18:44:44 INFO Utils: /opt/bitnami/spark/.ivy2/jars/org.apache.spark_spark-sql-kafka-0-10_2.12-3.5.0.jar has been previously copied to /tmp/spark-213bef8b-bfbe-4e66-aabc-6b6e890b61c6/userFiles-f1888f6f-89cf-44b2-934d-ded3c9d9b08b/org.apache.spark_spark-sql-kafka-0-10_2.12-3.5.0.jar
[2024-06-27T18:44:44.205+0000] {docker.py:413} INFO - 24/06/27 18:44:44 INFO Executor: Fetching file:///opt/bitnami/spark/.ivy2/jars/org.apache.hadoop_hadoop-client-api-3.3.4.jar with timestamp 1719513883762
[2024-06-27T18:44:44.212+0000] {docker.py:413} INFO - 24/06/27 18:44:44 INFO Utils: /opt/bitnami/spark/.ivy2/jars/org.apache.hadoop_hadoop-client-api-3.3.4.jar has been previously copied to /tmp/spark-213bef8b-bfbe-4e66-aabc-6b6e890b61c6/userFiles-f1888f6f-89cf-44b2-934d-ded3c9d9b08b/org.apache.hadoop_hadoop-client-api-3.3.4.jar
[2024-06-27T18:44:44.214+0000] {docker.py:413} INFO - 24/06/27 18:44:44 INFO Executor: Fetching file:///opt/bitnami/spark/.ivy2/jars/commons-logging_commons-logging-1.1.3.jar with timestamp 1719513883762
[2024-06-27T18:44:44.214+0000] {docker.py:413} INFO - 24/06/27 18:44:44 INFO Utils: /opt/bitnami/spark/.ivy2/jars/commons-logging_commons-logging-1.1.3.jar has been previously copied to /tmp/spark-213bef8b-bfbe-4e66-aabc-6b6e890b61c6/userFiles-f1888f6f-89cf-44b2-934d-ded3c9d9b08b/commons-logging_commons-logging-1.1.3.jar
[2024-06-27T18:44:44.215+0000] {docker.py:413} INFO - 24/06/27 18:44:44 INFO Executor: Fetching file:///opt/bitnami/spark/.ivy2/jars/org.checkerframework_checker-qual-3.5.0.jar with timestamp 1719513883762
[2024-06-27T18:44:44.215+0000] {docker.py:413} INFO - 24/06/27 18:44:44 INFO Utils: /opt/bitnami/spark/.ivy2/jars/org.checkerframework_checker-qual-3.5.0.jar has been previously copied to /tmp/spark-213bef8b-bfbe-4e66-aabc-6b6e890b61c6/userFiles-f1888f6f-89cf-44b2-934d-ded3c9d9b08b/org.checkerframework_checker-qual-3.5.0.jar
[2024-06-27T18:44:44.216+0000] {docker.py:413} INFO - 24/06/27 18:44:44 INFO Executor: Fetching file:///opt/bitnami/spark/.ivy2/jars/org.xerial.snappy_snappy-java-1.1.10.3.jar with timestamp 1719513883762
[2024-06-27T18:44:44.217+0000] {docker.py:413} INFO - 24/06/27 18:44:44 INFO Utils: /opt/bitnami/spark/.ivy2/jars/org.xerial.snappy_snappy-java-1.1.10.3.jar has been previously copied to /tmp/spark-213bef8b-bfbe-4e66-aabc-6b6e890b61c6/userFiles-f1888f6f-89cf-44b2-934d-ded3c9d9b08b/org.xerial.snappy_snappy-java-1.1.10.3.jar
[2024-06-27T18:44:44.220+0000] {docker.py:413} INFO - 24/06/27 18:44:44 INFO Executor: Fetching spark://localhost:38391/jars/org.postgresql_postgresql-42.5.4.jar with timestamp 1719513883762
[2024-06-27T18:44:44.241+0000] {docker.py:413} INFO - 24/06/27 18:44:44 INFO TransportClientFactory: Successfully created connection to localhost/127.0.0.1:38391 after 14 ms (0 ms spent in bootstraps)
[2024-06-27T18:44:44.246+0000] {docker.py:413} INFO - 24/06/27 18:44:44 INFO Utils: Fetching spark://localhost:38391/jars/org.postgresql_postgresql-42.5.4.jar to /tmp/spark-213bef8b-bfbe-4e66-aabc-6b6e890b61c6/userFiles-f1888f6f-89cf-44b2-934d-ded3c9d9b08b/fetchFileTemp3098341463228051081.tmp
[2024-06-27T18:44:44.259+0000] {docker.py:413} INFO - 24/06/27 18:44:44 INFO Utils: /tmp/spark-213bef8b-bfbe-4e66-aabc-6b6e890b61c6/userFiles-f1888f6f-89cf-44b2-934d-ded3c9d9b08b/fetchFileTemp3098341463228051081.tmp has been previously copied to /tmp/spark-213bef8b-bfbe-4e66-aabc-6b6e890b61c6/userFiles-f1888f6f-89cf-44b2-934d-ded3c9d9b08b/org.postgresql_postgresql-42.5.4.jar
[2024-06-27T18:44:44.260+0000] {docker.py:413} INFO - 24/06/27 18:44:44 INFO Executor: Adding file:/tmp/spark-213bef8b-bfbe-4e66-aabc-6b6e890b61c6/userFiles-f1888f6f-89cf-44b2-934d-ded3c9d9b08b/org.postgresql_postgresql-42.5.4.jar to class loader default
[2024-06-27T18:44:44.261+0000] {docker.py:413} INFO - 24/06/27 18:44:44 INFO Executor: Fetching spark://localhost:38391/jars/org.apache.hadoop_hadoop-client-api-3.3.4.jar with timestamp 1719513883762
[2024-06-27T18:44:44.261+0000] {docker.py:413} INFO - 24/06/27 18:44:44 INFO Utils: Fetching spark://localhost:38391/jars/org.apache.hadoop_hadoop-client-api-3.3.4.jar to /tmp/spark-213bef8b-bfbe-4e66-aabc-6b6e890b61c6/userFiles-f1888f6f-89cf-44b2-934d-ded3c9d9b08b/fetchFileTemp7616953327418040337.tmp
[2024-06-27T18:44:44.295+0000] {docker.py:413} INFO - 24/06/27 18:44:44 INFO Utils: /tmp/spark-213bef8b-bfbe-4e66-aabc-6b6e890b61c6/userFiles-f1888f6f-89cf-44b2-934d-ded3c9d9b08b/fetchFileTemp7616953327418040337.tmp has been previously copied to /tmp/spark-213bef8b-bfbe-4e66-aabc-6b6e890b61c6/userFiles-f1888f6f-89cf-44b2-934d-ded3c9d9b08b/org.apache.hadoop_hadoop-client-api-3.3.4.jar
[2024-06-27T18:44:44.297+0000] {docker.py:413} INFO - 24/06/27 18:44:44 INFO Executor: Adding file:/tmp/spark-213bef8b-bfbe-4e66-aabc-6b6e890b61c6/userFiles-f1888f6f-89cf-44b2-934d-ded3c9d9b08b/org.apache.hadoop_hadoop-client-api-3.3.4.jar to class loader default
[2024-06-27T18:44:44.298+0000] {docker.py:413} INFO - 24/06/27 18:44:44 INFO Executor: Fetching spark://localhost:38391/jars/org.xerial.snappy_snappy-java-1.1.10.3.jar with timestamp 1719513883762
[2024-06-27T18:44:44.298+0000] {docker.py:413} INFO - 24/06/27 18:44:44 INFO Utils: Fetching spark://localhost:38391/jars/org.xerial.snappy_snappy-java-1.1.10.3.jar to /tmp/spark-213bef8b-bfbe-4e66-aabc-6b6e890b61c6/userFiles-f1888f6f-89cf-44b2-934d-ded3c9d9b08b/fetchFileTemp2445531945689542163.tmp
[2024-06-27T18:44:44.302+0000] {docker.py:413} INFO - 24/06/27 18:44:44 INFO Utils: /tmp/spark-213bef8b-bfbe-4e66-aabc-6b6e890b61c6/userFiles-f1888f6f-89cf-44b2-934d-ded3c9d9b08b/fetchFileTemp2445531945689542163.tmp has been previously copied to /tmp/spark-213bef8b-bfbe-4e66-aabc-6b6e890b61c6/userFiles-f1888f6f-89cf-44b2-934d-ded3c9d9b08b/org.xerial.snappy_snappy-java-1.1.10.3.jar
[2024-06-27T18:44:44.304+0000] {docker.py:413} INFO - 24/06/27 18:44:44 INFO Executor: Adding file:/tmp/spark-213bef8b-bfbe-4e66-aabc-6b6e890b61c6/userFiles-f1888f6f-89cf-44b2-934d-ded3c9d9b08b/org.xerial.snappy_snappy-java-1.1.10.3.jar to class loader default
24/06/27 18:44:44 INFO Executor: Fetching spark://localhost:38391/jars/org.apache.spark_spark-token-provider-kafka-0-10_2.12-3.5.0.jar with timestamp 1719513883762
[2024-06-27T18:44:44.304+0000] {docker.py:413} INFO - 24/06/27 18:44:44 INFO Utils: Fetching spark://localhost:38391/jars/org.apache.spark_spark-token-provider-kafka-0-10_2.12-3.5.0.jar to /tmp/spark-213bef8b-bfbe-4e66-aabc-6b6e890b61c6/userFiles-f1888f6f-89cf-44b2-934d-ded3c9d9b08b/fetchFileTemp7219597035107374750.tmp
[2024-06-27T18:44:44.305+0000] {docker.py:413} INFO - 24/06/27 18:44:44 INFO Utils: /tmp/spark-213bef8b-bfbe-4e66-aabc-6b6e890b61c6/userFiles-f1888f6f-89cf-44b2-934d-ded3c9d9b08b/fetchFileTemp7219597035107374750.tmp has been previously copied to /tmp/spark-213bef8b-bfbe-4e66-aabc-6b6e890b61c6/userFiles-f1888f6f-89cf-44b2-934d-ded3c9d9b08b/org.apache.spark_spark-token-provider-kafka-0-10_2.12-3.5.0.jar
[2024-06-27T18:44:44.307+0000] {docker.py:413} INFO - 24/06/27 18:44:44 INFO Executor: Adding file:/tmp/spark-213bef8b-bfbe-4e66-aabc-6b6e890b61c6/userFiles-f1888f6f-89cf-44b2-934d-ded3c9d9b08b/org.apache.spark_spark-token-provider-kafka-0-10_2.12-3.5.0.jar to class loader default
[2024-06-27T18:44:44.307+0000] {docker.py:413} INFO - 24/06/27 18:44:44 INFO Executor: Fetching spark://localhost:38391/jars/org.apache.spark_spark-sql-kafka-0-10_2.12-3.5.0.jar with timestamp 1719513883762
[2024-06-27T18:44:44.307+0000] {docker.py:413} INFO - 24/06/27 18:44:44 INFO Utils: Fetching spark://localhost:38391/jars/org.apache.spark_spark-sql-kafka-0-10_2.12-3.5.0.jar to /tmp/spark-213bef8b-bfbe-4e66-aabc-6b6e890b61c6/userFiles-f1888f6f-89cf-44b2-934d-ded3c9d9b08b/fetchFileTemp16767664184001127996.tmp
[2024-06-27T18:44:44.308+0000] {docker.py:413} INFO - 24/06/27 18:44:44 INFO Utils: /tmp/spark-213bef8b-bfbe-4e66-aabc-6b6e890b61c6/userFiles-f1888f6f-89cf-44b2-934d-ded3c9d9b08b/fetchFileTemp16767664184001127996.tmp has been previously copied to /tmp/spark-213bef8b-bfbe-4e66-aabc-6b6e890b61c6/userFiles-f1888f6f-89cf-44b2-934d-ded3c9d9b08b/org.apache.spark_spark-sql-kafka-0-10_2.12-3.5.0.jar
[2024-06-27T18:44:44.310+0000] {docker.py:413} INFO - 24/06/27 18:44:44 INFO Executor: Adding file:/tmp/spark-213bef8b-bfbe-4e66-aabc-6b6e890b61c6/userFiles-f1888f6f-89cf-44b2-934d-ded3c9d9b08b/org.apache.spark_spark-sql-kafka-0-10_2.12-3.5.0.jar to class loader default
[2024-06-27T18:44:44.310+0000] {docker.py:413} INFO - 24/06/27 18:44:44 INFO Executor: Fetching spark://localhost:38391/jars/org.apache.kafka_kafka-clients-3.4.1.jar with timestamp 1719513883762
[2024-06-27T18:44:44.310+0000] {docker.py:413} INFO - 24/06/27 18:44:44 INFO Utils: Fetching spark://localhost:38391/jars/org.apache.kafka_kafka-clients-3.4.1.jar to /tmp/spark-213bef8b-bfbe-4e66-aabc-6b6e890b61c6/userFiles-f1888f6f-89cf-44b2-934d-ded3c9d9b08b/fetchFileTemp10818860841250283303.tmp
[2024-06-27T18:44:44.340+0000] {docker.py:413} INFO - 24/06/27 18:44:44 INFO Utils: /tmp/spark-213bef8b-bfbe-4e66-aabc-6b6e890b61c6/userFiles-f1888f6f-89cf-44b2-934d-ded3c9d9b08b/fetchFileTemp10818860841250283303.tmp has been previously copied to /tmp/spark-213bef8b-bfbe-4e66-aabc-6b6e890b61c6/userFiles-f1888f6f-89cf-44b2-934d-ded3c9d9b08b/org.apache.kafka_kafka-clients-3.4.1.jar
[2024-06-27T18:44:44.342+0000] {docker.py:413} INFO - 24/06/27 18:44:44 INFO Executor: Adding file:/tmp/spark-213bef8b-bfbe-4e66-aabc-6b6e890b61c6/userFiles-f1888f6f-89cf-44b2-934d-ded3c9d9b08b/org.apache.kafka_kafka-clients-3.4.1.jar to class loader default
[2024-06-27T18:44:44.343+0000] {docker.py:413} INFO - 24/06/27 18:44:44 INFO Executor: Fetching spark://localhost:38391/jars/org.apache.commons_commons-pool2-2.11.1.jar with timestamp 1719513883762
[2024-06-27T18:44:44.343+0000] {docker.py:413} INFO - 24/06/27 18:44:44 INFO Utils: Fetching spark://localhost:38391/jars/org.apache.commons_commons-pool2-2.11.1.jar to /tmp/spark-213bef8b-bfbe-4e66-aabc-6b6e890b61c6/userFiles-f1888f6f-89cf-44b2-934d-ded3c9d9b08b/fetchFileTemp6645136151921200030.tmp
[2024-06-27T18:44:44.344+0000] {docker.py:413} INFO - 24/06/27 18:44:44 INFO Utils: /tmp/spark-213bef8b-bfbe-4e66-aabc-6b6e890b61c6/userFiles-f1888f6f-89cf-44b2-934d-ded3c9d9b08b/fetchFileTemp6645136151921200030.tmp has been previously copied to /tmp/spark-213bef8b-bfbe-4e66-aabc-6b6e890b61c6/userFiles-f1888f6f-89cf-44b2-934d-ded3c9d9b08b/org.apache.commons_commons-pool2-2.11.1.jar
[2024-06-27T18:44:44.345+0000] {docker.py:413} INFO - 24/06/27 18:44:44 INFO Executor: Adding file:/tmp/spark-213bef8b-bfbe-4e66-aabc-6b6e890b61c6/userFiles-f1888f6f-89cf-44b2-934d-ded3c9d9b08b/org.apache.commons_commons-pool2-2.11.1.jar to class loader default
[2024-06-27T18:44:44.346+0000] {docker.py:413} INFO - 24/06/27 18:44:44 INFO Executor: Fetching spark://localhost:38391/jars/org.checkerframework_checker-qual-3.5.0.jar with timestamp 1719513883762
[2024-06-27T18:44:44.346+0000] {docker.py:413} INFO - 24/06/27 18:44:44 INFO Utils: Fetching spark://localhost:38391/jars/org.checkerframework_checker-qual-3.5.0.jar to /tmp/spark-213bef8b-bfbe-4e66-aabc-6b6e890b61c6/userFiles-f1888f6f-89cf-44b2-934d-ded3c9d9b08b/fetchFileTemp15698874019359692534.tmp
[2024-06-27T18:44:44.346+0000] {docker.py:413} INFO - 24/06/27 18:44:44 INFO Utils: /tmp/spark-213bef8b-bfbe-4e66-aabc-6b6e890b61c6/userFiles-f1888f6f-89cf-44b2-934d-ded3c9d9b08b/fetchFileTemp15698874019359692534.tmp has been previously copied to /tmp/spark-213bef8b-bfbe-4e66-aabc-6b6e890b61c6/userFiles-f1888f6f-89cf-44b2-934d-ded3c9d9b08b/org.checkerframework_checker-qual-3.5.0.jar
[2024-06-27T18:44:44.348+0000] {docker.py:413} INFO - 24/06/27 18:44:44 INFO Executor: Adding file:/tmp/spark-213bef8b-bfbe-4e66-aabc-6b6e890b61c6/userFiles-f1888f6f-89cf-44b2-934d-ded3c9d9b08b/org.checkerframework_checker-qual-3.5.0.jar to class loader default
[2024-06-27T18:44:44.348+0000] {docker.py:413} INFO - 24/06/27 18:44:44 INFO Executor: Fetching spark://localhost:38391/jars/org.slf4j_slf4j-api-2.0.7.jar with timestamp 1719513883762
[2024-06-27T18:44:44.349+0000] {docker.py:413} INFO - 24/06/27 18:44:44 INFO Utils: Fetching spark://localhost:38391/jars/org.slf4j_slf4j-api-2.0.7.jar to /tmp/spark-213bef8b-bfbe-4e66-aabc-6b6e890b61c6/userFiles-f1888f6f-89cf-44b2-934d-ded3c9d9b08b/fetchFileTemp9990984550996757618.tmp
[2024-06-27T18:44:44.349+0000] {docker.py:413} INFO - 24/06/27 18:44:44 INFO Utils: /tmp/spark-213bef8b-bfbe-4e66-aabc-6b6e890b61c6/userFiles-f1888f6f-89cf-44b2-934d-ded3c9d9b08b/fetchFileTemp9990984550996757618.tmp has been previously copied to /tmp/spark-213bef8b-bfbe-4e66-aabc-6b6e890b61c6/userFiles-f1888f6f-89cf-44b2-934d-ded3c9d9b08b/org.slf4j_slf4j-api-2.0.7.jar
[2024-06-27T18:44:44.350+0000] {docker.py:413} INFO - 24/06/27 18:44:44 INFO Executor: Adding file:/tmp/spark-213bef8b-bfbe-4e66-aabc-6b6e890b61c6/userFiles-f1888f6f-89cf-44b2-934d-ded3c9d9b08b/org.slf4j_slf4j-api-2.0.7.jar to class loader default
[2024-06-27T18:44:44.351+0000] {docker.py:413} INFO - 24/06/27 18:44:44 INFO Executor: Fetching spark://localhost:38391/jars/commons-logging_commons-logging-1.1.3.jar with timestamp 1719513883762
[2024-06-27T18:44:44.351+0000] {docker.py:413} INFO - 24/06/27 18:44:44 INFO Utils: Fetching spark://localhost:38391/jars/commons-logging_commons-logging-1.1.3.jar to /tmp/spark-213bef8b-bfbe-4e66-aabc-6b6e890b61c6/userFiles-f1888f6f-89cf-44b2-934d-ded3c9d9b08b/fetchFileTemp6689019282634170610.tmp
[2024-06-27T18:44:44.351+0000] {docker.py:413} INFO - 24/06/27 18:44:44 INFO Utils: /tmp/spark-213bef8b-bfbe-4e66-aabc-6b6e890b61c6/userFiles-f1888f6f-89cf-44b2-934d-ded3c9d9b08b/fetchFileTemp6689019282634170610.tmp has been previously copied to /tmp/spark-213bef8b-bfbe-4e66-aabc-6b6e890b61c6/userFiles-f1888f6f-89cf-44b2-934d-ded3c9d9b08b/commons-logging_commons-logging-1.1.3.jar
[2024-06-27T18:44:44.353+0000] {docker.py:413} INFO - 24/06/27 18:44:44 INFO Executor: Adding file:/tmp/spark-213bef8b-bfbe-4e66-aabc-6b6e890b61c6/userFiles-f1888f6f-89cf-44b2-934d-ded3c9d9b08b/commons-logging_commons-logging-1.1.3.jar to class loader default
[2024-06-27T18:44:44.353+0000] {docker.py:413} INFO - 24/06/27 18:44:44 INFO Executor: Fetching spark://localhost:38391/jars/org.lz4_lz4-java-1.8.0.jar with timestamp 1719513883762
[2024-06-27T18:44:44.354+0000] {docker.py:413} INFO - 24/06/27 18:44:44 INFO Utils: Fetching spark://localhost:38391/jars/org.lz4_lz4-java-1.8.0.jar to /tmp/spark-213bef8b-bfbe-4e66-aabc-6b6e890b61c6/userFiles-f1888f6f-89cf-44b2-934d-ded3c9d9b08b/fetchFileTemp13655463690528497695.tmp
[2024-06-27T18:44:44.355+0000] {docker.py:413} INFO - 24/06/27 18:44:44 INFO Utils: /tmp/spark-213bef8b-bfbe-4e66-aabc-6b6e890b61c6/userFiles-f1888f6f-89cf-44b2-934d-ded3c9d9b08b/fetchFileTemp13655463690528497695.tmp has been previously copied to /tmp/spark-213bef8b-bfbe-4e66-aabc-6b6e890b61c6/userFiles-f1888f6f-89cf-44b2-934d-ded3c9d9b08b/org.lz4_lz4-java-1.8.0.jar
[2024-06-27T18:44:44.356+0000] {docker.py:413} INFO - 24/06/27 18:44:44 INFO Executor: Adding file:/tmp/spark-213bef8b-bfbe-4e66-aabc-6b6e890b61c6/userFiles-f1888f6f-89cf-44b2-934d-ded3c9d9b08b/org.lz4_lz4-java-1.8.0.jar to class loader default
[2024-06-27T18:44:44.357+0000] {docker.py:413} INFO - 24/06/27 18:44:44 INFO Executor: Fetching spark://localhost:38391/jars/com.google.code.findbugs_jsr305-3.0.0.jar with timestamp 1719513883762
[2024-06-27T18:44:44.357+0000] {docker.py:413} INFO - 24/06/27 18:44:44 INFO Utils: Fetching spark://localhost:38391/jars/com.google.code.findbugs_jsr305-3.0.0.jar to /tmp/spark-213bef8b-bfbe-4e66-aabc-6b6e890b61c6/userFiles-f1888f6f-89cf-44b2-934d-ded3c9d9b08b/fetchFileTemp3876038502357004241.tmp
[2024-06-27T18:44:44.358+0000] {docker.py:413} INFO - 24/06/27 18:44:44 INFO Utils: /tmp/spark-213bef8b-bfbe-4e66-aabc-6b6e890b61c6/userFiles-f1888f6f-89cf-44b2-934d-ded3c9d9b08b/fetchFileTemp3876038502357004241.tmp has been previously copied to /tmp/spark-213bef8b-bfbe-4e66-aabc-6b6e890b61c6/userFiles-f1888f6f-89cf-44b2-934d-ded3c9d9b08b/com.google.code.findbugs_jsr305-3.0.0.jar
[2024-06-27T18:44:44.359+0000] {docker.py:413} INFO - 24/06/27 18:44:44 INFO Executor: Adding file:/tmp/spark-213bef8b-bfbe-4e66-aabc-6b6e890b61c6/userFiles-f1888f6f-89cf-44b2-934d-ded3c9d9b08b/com.google.code.findbugs_jsr305-3.0.0.jar to class loader default
[2024-06-27T18:44:44.359+0000] {docker.py:413} INFO - 24/06/27 18:44:44 INFO Executor: Fetching spark://localhost:38391/jars/org.apache.hadoop_hadoop-client-runtime-3.3.4.jar with timestamp 1719513883762
[2024-06-27T18:44:44.360+0000] {docker.py:413} INFO - 24/06/27 18:44:44 INFO Utils: Fetching spark://localhost:38391/jars/org.apache.hadoop_hadoop-client-runtime-3.3.4.jar to /tmp/spark-213bef8b-bfbe-4e66-aabc-6b6e890b61c6/userFiles-f1888f6f-89cf-44b2-934d-ded3c9d9b08b/fetchFileTemp10516316787055936831.tmp
[2024-06-27T18:44:44.399+0000] {docker.py:413} INFO - 24/06/27 18:44:44 INFO Utils: /tmp/spark-213bef8b-bfbe-4e66-aabc-6b6e890b61c6/userFiles-f1888f6f-89cf-44b2-934d-ded3c9d9b08b/fetchFileTemp10516316787055936831.tmp has been previously copied to /tmp/spark-213bef8b-bfbe-4e66-aabc-6b6e890b61c6/userFiles-f1888f6f-89cf-44b2-934d-ded3c9d9b08b/org.apache.hadoop_hadoop-client-runtime-3.3.4.jar
[2024-06-27T18:44:44.402+0000] {docker.py:413} INFO - 24/06/27 18:44:44 INFO Executor: Adding file:/tmp/spark-213bef8b-bfbe-4e66-aabc-6b6e890b61c6/userFiles-f1888f6f-89cf-44b2-934d-ded3c9d9b08b/org.apache.hadoop_hadoop-client-runtime-3.3.4.jar to class loader default
[2024-06-27T18:44:44.407+0000] {docker.py:413} INFO - 24/06/27 18:44:44 INFO Utils: Successfully started service 'org.apache.spark.network.netty.NettyBlockTransferService' on port 41317.
[2024-06-27T18:44:44.407+0000] {docker.py:413} INFO - 24/06/27 18:44:44 INFO NettyBlockTransferService: Server created on localhost:41317
[2024-06-27T18:44:44.408+0000] {docker.py:413} INFO - 24/06/27 18:44:44 INFO BlockManager: Using org.apache.spark.storage.RandomBlockReplicationPolicy for block replication policy
[2024-06-27T18:44:44.411+0000] {docker.py:413} INFO - 24/06/27 18:44:44 INFO BlockManagerMaster: Registering BlockManager BlockManagerId(driver, localhost, 41317, None)
[2024-06-27T18:44:44.413+0000] {docker.py:413} INFO - 24/06/27 18:44:44 INFO BlockManagerMasterEndpoint: Registering block manager localhost:41317 with 434.4 MiB RAM, BlockManagerId(driver, localhost, 41317, None)
[2024-06-27T18:44:44.414+0000] {docker.py:413} INFO - 24/06/27 18:44:44 INFO BlockManagerMaster: Registered BlockManager BlockManagerId(driver, localhost, 41317, None)
[2024-06-27T18:44:44.414+0000] {docker.py:413} INFO - 24/06/27 18:44:44 INFO BlockManager: Initialized BlockManager: BlockManagerId(driver, localhost, 41317, None)
[2024-06-27T18:44:44.608+0000] {docker.py:413} INFO - 2024-06-27 18:44:44,607:create_spark_session:INFO:Spark session created successfully
[2024-06-27T18:44:44.611+0000] {docker.py:413} INFO - 24/06/27 18:44:44 INFO SharedState: Setting hive.metastore.warehouse.dir ('null') to the value of spark.sql.warehouse.dir.
[2024-06-27T18:44:44.612+0000] {docker.py:413} INFO - 24/06/27 18:44:44 INFO SharedState: Warehouse path is 'file:/opt/bitnami/spark/spark-warehouse'.
[2024-06-27T18:44:45.265+0000] {docker.py:413} INFO - 2024-06-27 18:44:45,264:create_initial_dataframe:INFO:Initial dataframe created successfully
[2024-06-27T18:44:50.500+0000] {docker.py:413} INFO - Traceback (most recent call last):
  File "/opt/bitnami/spark/spark_streaming.py", line 103, in <module>
    write_to_postgres()
[2024-06-27T18:44:50.501+0000] {docker.py:413} INFO - File "/opt/bitnami/spark/spark_streaming.py", line 99, in write_to_postgres
    start_streaming(df_final, spark=spark)
  File "/opt/bitnami/spark/spark_streaming.py", line 71, in start_streaming
[2024-06-27T18:44:50.501+0000] {docker.py:413} INFO - existing_data_df = spark.read.jdbc(
                       ^^^^^^^^^^^^^^^^
  File "/opt/bitnami/spark/python/lib/pyspark.zip/pyspark/sql/readwriter.py", line 946, in jdbc
[2024-06-27T18:44:50.501+0000] {docker.py:413} INFO - File "/opt/bitnami/spark/python/lib/py4j-0.10.9.7-src.zip/py4j/java_gateway.py", line 1322, in __call__
[2024-06-27T18:44:50.502+0000] {docker.py:413} INFO - File "/opt/bitnami/spark/python/lib/pyspark.zip/pyspark/errors/exceptions/captured.py", line 179, in deco
[2024-06-27T18:44:50.502+0000] {docker.py:413} INFO - File "/opt/bitnami/spark/python/lib/py4j-0.10.9.7-src.zip/py4j/protocol.py", line 326, in get_return_value
[2024-06-27T18:44:50.502+0000] {docker.py:413} INFO - py4j.protocol.Py4JJavaError
[2024-06-27T18:44:50.502+0000] {docker.py:413} INFO - : An error occurred while calling o50.jdbc.
: org.postgresql.util.PSQLException: The connection attempt failed.
	at org.postgresql.core.v3.ConnectionFactoryImpl.openConnectionImpl(ConnectionFactoryImpl.java:354)
	at org.postgresql.core.ConnectionFactory.openConnection(ConnectionFactory.java:54)
	at org.postgresql.jdbc.PgConnection.<init>(PgConnection.java:253)
	at org.postgresql.Driver.makeConnection(Driver.java:434)
	at org.postgresql.Driver.connect(Driver.java:291)
	at org.apache.spark.sql.execution.datasources.jdbc.connection.BasicConnectionProvider.getConnection(BasicConnectionProvider.scala:49)
	at org.apache.spark.sql.execution.datasources.jdbc.connection.ConnectionProviderBase.create(ConnectionProvider.scala:102)
	at org.apache.spark.sql.jdbc.JdbcDialect.$anonfun$createConnectionFactory$1(JdbcDialects.scala:160)
	at org.apache.spark.sql.jdbc.JdbcDialect.$anonfun$createConnectionFactory$1$adapted(JdbcDialects.scala:156)
	at org.apache.spark.sql.execution.datasources.jdbc.JDBCRDD$.getQueryOutputSchema(JDBCRDD.scala:63)
	at org.apache.spark.sql.execution.datasources.jdbc.JDBCRDD$.resolveTable(JDBCRDD.scala:58)
	at org.apache.spark.sql.execution.datasources.jdbc.JDBCRelation$.getSchema(JDBCRelation.scala:241)
	at org.apache.spark.sql.execution.datasources.jdbc.JdbcRelationProvider.createRelation(JdbcRelationProvider.scala:37)
	at org.apache.spark.sql.execution.datasources.DataSource.resolveRelation(DataSource.scala:346)
	at org.apache.spark.sql.DataFrameReader.loadV1Source(DataFrameReader.scala:229)
	at org.apache.spark.sql.DataFrameReader.$anonfun$load$2(DataFrameReader.scala:211)
	at scala.Option.getOrElse(Option.scala:189)
	at org.apache.spark.sql.DataFrameReader.load(DataFrameReader.scala:211)
	at org.apache.spark.sql.DataFrameReader.load(DataFrameReader.scala:172)
	at org.apache.spark.sql.DataFrameReader.jdbc(DataFrameReader.scala:249)
	at java.base/jdk.internal.reflect.NativeMethodAccessorImpl.invoke0(Native Method)
	at java.base/jdk.internal.reflect.NativeMethodAccessorImpl.invoke(NativeMethodAccessorImpl.java:77)
	at java.base/jdk.internal.reflect.DelegatingMethodAccessorImpl.invoke(DelegatingMethodAccessorImpl.java:43)
	at java.base/java.lang.reflect.Method.invoke(Method.java:568)
	at py4j.reflection.MethodInvoker.invoke(MethodInvoker.java:244)
	at py4j.reflection.ReflectionEngine.invoke(ReflectionEngine.java:374)
	at py4j.Gateway.invoke(Gateway.java:282)
	at py4j.commands.AbstractCommand.invokeMethod(AbstractCommand.java:132)
	at py4j.commands.CallCommand.execute(CallCommand.java:79)
	at py4j.ClientServerConnection.waitForCommands(ClientServerConnection.java:182)
	at py4j.ClientServerConnection.run(ClientServerConnection.java:106)
	at java.base/java.lang.Thread.run(Thread.java:840)
Caused by: java.net.SocketTimeoutException: Read timed out
	at java.base/sun.nio.ch.NioSocketImpl.timedRead(NioSocketImpl.java:288)
	at java.base/sun.nio.ch.NioSocketImpl.implRead(NioSocketImpl.java:314)
	at java.base/sun.nio.ch.NioSocketImpl.read(NioSocketImpl.java:355)
	at java.base/sun.nio.ch.NioSocketImpl$1.read(NioSocketImpl.java:808)
	at java.base/java.net.Socket$SocketInputStream.read(Socket.java:966)
	at org.postgresql.core.VisibleBufferedInputStream.readMore(VisibleBufferedInputStream.java:161)
	at org.postgresql.core.VisibleBufferedInputStream.ensureBytes(VisibleBufferedInputStream.java:128)
	at org.postgresql.core.VisibleBufferedInputStream.ensureBytes(VisibleBufferedInputStream.java:113)
	at org.postgresql.core.VisibleBufferedInputStream.read(VisibleBufferedInputStream.java:73)
	at org.postgresql.core.PGStream.receiveChar(PGStream.java:465)
	at org.postgresql.core.v3.ConnectionFactoryImpl.enableSSL(ConnectionFactoryImpl.java:589)
	at org.postgresql.core.v3.ConnectionFactoryImpl.tryConnect(ConnectionFactoryImpl.java:191)
	at org.postgresql.core.v3.ConnectionFactoryImpl.openConnectionImpl(ConnectionFactoryImpl.java:258)
	... 31 more
[2024-06-27T18:44:50.503+0000] {docker.py:413} INFO - 2024-06-27 18:44:50,500:close:INFO:Closing down clientserver connection
[2024-06-27T18:44:50.524+0000] {docker.py:413} INFO - 24/06/27 18:44:50 INFO SparkContext: Invoking stop() from shutdown hook
[2024-06-27T18:44:50.524+0000] {docker.py:413} INFO - 24/06/27 18:44:50 INFO SparkContext: SparkContext is stopping with exitCode 0.
[2024-06-27T18:44:50.532+0000] {docker.py:413} INFO - 24/06/27 18:44:50 INFO SparkUI: Stopped Spark web UI at http://localhost:4040
[2024-06-27T18:44:50.539+0000] {docker.py:413} INFO - 24/06/27 18:44:50 INFO MapOutputTrackerMasterEndpoint: MapOutputTrackerMasterEndpoint stopped!
[2024-06-27T18:44:50.546+0000] {docker.py:413} INFO - 24/06/27 18:44:50 INFO MemoryStore: MemoryStore cleared
[2024-06-27T18:44:50.547+0000] {docker.py:413} INFO - 24/06/27 18:44:50 INFO BlockManager: BlockManager stopped
[2024-06-27T18:44:50.553+0000] {docker.py:413} INFO - 24/06/27 18:44:50 INFO BlockManagerMaster: BlockManagerMaster stopped
[2024-06-27T18:44:50.553+0000] {docker.py:413} INFO - 24/06/27 18:44:50 INFO OutputCommitCoordinator$OutputCommitCoordinatorEndpoint: OutputCommitCoordinator stopped!
[2024-06-27T18:44:50.560+0000] {docker.py:413} INFO - 24/06/27 18:44:50 INFO SparkContext: Successfully stopped SparkContext
[2024-06-27T18:44:50.560+0000] {docker.py:413} INFO - 24/06/27 18:44:50 INFO ShutdownHookManager: Shutdown hook called
[2024-06-27T18:44:50.561+0000] {docker.py:413} INFO - 24/06/27 18:44:50 INFO ShutdownHookManager: Deleting directory /tmp/spark-e13350e8-145a-4afd-a9d5-be1f422134a4
[2024-06-27T18:44:50.561+0000] {docker.py:413} INFO - 24/06/27 18:44:50 INFO ShutdownHookManager: Deleting directory /tmp/spark-213bef8b-bfbe-4e66-aabc-6b6e890b61c6
[2024-06-27T18:44:50.563+0000] {docker.py:413} INFO - 24/06/27 18:44:50 INFO ShutdownHookManager: Deleting directory /tmp/spark-213bef8b-bfbe-4e66-aabc-6b6e890b61c6/pyspark-b51609ba-2dc3-4da7-9846-582ebe9bd94f
[2024-06-27T18:44:50.800+0000] {taskinstance.py:1937} ERROR - Task failed with exception
Traceback (most recent call last):
  File "/home/airflow/.local/lib/python3.8/site-packages/docker/api/client.py", line 268, in _raise_for_status
    response.raise_for_status()
  File "/home/airflow/.local/lib/python3.8/site-packages/requests/models.py", line 1021, in raise_for_status
    raise HTTPError(http_error_msg, response=self)
requests.exceptions.HTTPError: 400 Client Error: Bad Request for url: http://docker-proxy:2375/v1.44/containers/create

The above exception was the direct cause of the following exception:

Traceback (most recent call last):
  File "/home/airflow/.local/lib/python3.8/site-packages/airflow/providers/docker/operators/docker.py", line 348, in _run_image
    return self._run_image_with_mounts([*self.mounts, tmp_mount], add_tmp_variable=True)
  File "/home/airflow/.local/lib/python3.8/site-packages/airflow/providers/docker/operators/docker.py", line 375, in _run_image_with_mounts
    self.container = self.cli.create_container(
  File "/home/airflow/.local/lib/python3.8/site-packages/docker/api/container.py", line 431, in create_container
    return self.create_container_from_config(config, name, platform)
  File "/home/airflow/.local/lib/python3.8/site-packages/docker/api/container.py", line 448, in create_container_from_config
    return self._result(res, True)
  File "/home/airflow/.local/lib/python3.8/site-packages/docker/api/client.py", line 274, in _result
    self._raise_for_status(response)
  File "/home/airflow/.local/lib/python3.8/site-packages/docker/api/client.py", line 270, in _raise_for_status
    raise create_api_error_from_http_exception(e) from e
  File "/home/airflow/.local/lib/python3.8/site-packages/docker/errors.py", line 39, in create_api_error_from_http_exception
    raise cls(e, response=response, explanation=explanation) from e
docker.errors.APIError: 400 Client Error for http://docker-proxy:2375/v1.44/containers/create: Bad Request ("invalid mount config for type "bind": bind source path does not exist: /host_mnt/private/tmp/airflowtmpftsy6_j5")

During handling of the above exception, another exception occurred:

Traceback (most recent call last):
  File "/home/airflow/.local/lib/python3.8/site-packages/airflow/providers/docker/operators/docker.py", line 486, in execute
    return self._run_image()
  File "/home/airflow/.local/lib/python3.8/site-packages/airflow/providers/docker/operators/docker.py", line 357, in _run_image
    return self._run_image_with_mounts(self.mounts, add_tmp_variable=False)
  File "/home/airflow/.local/lib/python3.8/site-packages/airflow/providers/docker/operators/docker.py", line 421, in _run_image_with_mounts
    raise DockerContainerFailedException(f"Docker container failed: {result!r}", logs=log_lines)
airflow.providers.docker.exceptions.DockerContainerFailedException: Docker container failed: {'StatusCode': 1}
[2024-06-27T18:44:50.803+0000] {taskinstance.py:1400} INFO - Marking task as FAILED. dag_id=kafka_spark_dag, task_id=pyspark_consumer, execution_date=20240627T184357, start_date=20240627T184429, end_date=20240627T184450
[2024-06-27T18:44:50.813+0000] {standard_task_runner.py:104} ERROR - Failed to execute job 139 for task pyspark_consumer (Docker container failed: {'StatusCode': 1}; 1387)
[2024-06-27T18:44:50.833+0000] {local_task_job_runner.py:228} INFO - Task exited with return code 1
[2024-06-27T18:44:50.841+0000] {taskinstance.py:2778} INFO - 0 downstream tasks scheduled from follow-on schedule check
