[2024-06-27T18:44:01.149+0000] {taskinstance.py:1159} INFO - Dependencies all met for dep_context=non-requeueable deps ti=<TaskInstance: kafka_spark_dag.pyspark_consumer manual__2024-06-27T18:43:57.477066+00:00 [queued]>
[2024-06-27T18:44:01.153+0000] {taskinstance.py:1159} INFO - Dependencies all met for dep_context=requeueable deps ti=<TaskInstance: kafka_spark_dag.pyspark_consumer manual__2024-06-27T18:43:57.477066+00:00 [queued]>
[2024-06-27T18:44:01.154+0000] {taskinstance.py:1361} INFO - Starting attempt 1 of 2
[2024-06-27T18:44:01.160+0000] {taskinstance.py:1382} INFO - Executing <Task(DockerOperator): pyspark_consumer> on 2024-06-27 18:43:57.477066+00:00
[2024-06-27T18:44:01.163+0000] {standard_task_runner.py:57} INFO - Started process 1141 to run task
[2024-06-27T18:44:01.165+0000] {standard_task_runner.py:84} INFO - Running: ['***', 'tasks', 'run', 'kafka_spark_dag', 'pyspark_consumer', 'manual__2024-06-27T18:43:57.477066+00:00', '--job-id', '138', '--raw', '--subdir', 'DAGS_FOLDER/dag_kafka_spark.py', '--cfg-path', '/tmp/tmpr3333x6a']
[2024-06-27T18:44:01.166+0000] {standard_task_runner.py:85} INFO - Job 138: Subtask pyspark_consumer
[2024-06-27T18:44:01.189+0000] {task_command.py:416} INFO - Running <TaskInstance: kafka_spark_dag.pyspark_consumer manual__2024-06-27T18:43:57.477066+00:00 [running]> on host cd176cdca805
[2024-06-27T18:44:01.220+0000] {taskinstance.py:1662} INFO - Exporting env vars: AIRFLOW_CTX_DAG_OWNER='***' AIRFLOW_CTX_DAG_ID='kafka_spark_dag' AIRFLOW_CTX_TASK_ID='pyspark_consumer' AIRFLOW_CTX_EXECUTION_DATE='2024-06-27T18:43:57.477066+00:00' AIRFLOW_CTX_TRY_NUMBER='1' AIRFLOW_CTX_DAG_RUN_ID='manual__2024-06-27T18:43:57.477066+00:00'
[2024-06-27T18:44:01.237+0000] {docker.py:343} INFO - Starting docker container from image current-headlines/spark:latest
[2024-06-27T18:44:01.284+0000] {docker.py:351} WARNING - Using remote engine or docker-in-docker and mounting temporary volume from host is not supported. Falling back to `mount_tmp_dir=False` mode. You can set `mount_tmp_dir` parameter to False to disable mounting and remove the warning
[2024-06-27T18:44:01.448+0000] {docker.py:413} INFO - [38;5;6mspark [38;5;5m18:44:01.44 [0m[38;5;2mINFO [0m ==>
[2024-06-27T18:44:01.449+0000] {docker.py:413} INFO - [38;5;6mspark [38;5;5m18:44:01.44 [0m[38;5;2mINFO [0m ==> [1mWelcome to the Bitnami spark container[0m
[2024-06-27T18:44:01.449+0000] {docker.py:413} INFO - [38;5;6mspark [38;5;5m18:44:01.44 [0m[38;5;2mINFO [0m ==> Subscribe to project updates by watching [1mhttps://github.com/bitnami/containers[0m
[2024-06-27T18:44:01.450+0000] {docker.py:413} INFO - [38;5;6mspark [38;5;5m18:44:01.45 [0m[38;5;2mINFO [0m ==> Submit issues and feature requests at [1mhttps://github.com/bitnami/containers/issues[0m
[2024-06-27T18:44:01.451+0000] {docker.py:413} INFO - [38;5;6mspark [38;5;5m18:44:01.45 [0m[38;5;2mINFO [0m ==>
[2024-06-27T18:44:01.455+0000] {docker.py:413} INFO - 
[2024-06-27T18:44:02.429+0000] {docker.py:413} INFO - :: loading settings :: url = jar:file:/opt/bitnami/spark/jars/ivy-2.5.1.jar!/org/apache/ivy/core/settings/ivysettings.xml
[2024-06-27T18:44:02.475+0000] {docker.py:413} INFO - Ivy Default Cache set to: /opt/bitnami/spark/.ivy2/cache
The jars for the packages stored in: /opt/bitnami/spark/.ivy2/jars
[2024-06-27T18:44:02.477+0000] {docker.py:413} INFO - org.postgresql#postgresql added as a dependency
org.apache.spark#spark-sql-kafka-0-10_2.12 added as a dependency
[2024-06-27T18:44:02.477+0000] {docker.py:413} INFO - :: resolving dependencies :: org.apache.spark#spark-submit-parent-e714b00d-f3ff-4760-b7e1-be56abe4fa38;1.0
	confs: [default]
[2024-06-27T18:44:02.851+0000] {docker.py:413} INFO - found org.postgresql#postgresql;42.5.4 in central
[2024-06-27T18:44:02.908+0000] {docker.py:413} INFO - found org.checkerframework#checker-qual;3.5.0 in central
[2024-06-27T18:44:03.636+0000] {docker.py:413} INFO - found org.apache.spark#spark-sql-kafka-0-10_2.12;3.5.0 in central
[2024-06-27T18:44:03.806+0000] {docker.py:413} INFO - found org.apache.spark#spark-token-provider-kafka-0-10_2.12;3.5.0 in central
[2024-06-27T18:44:03.866+0000] {docker.py:413} INFO - found org.apache.kafka#kafka-clients;3.4.1 in central
[2024-06-27T18:44:03.917+0000] {docker.py:413} INFO - found org.lz4#lz4-java;1.8.0 in central
[2024-06-27T18:44:03.975+0000] {docker.py:413} INFO - found org.xerial.snappy#snappy-java;1.1.10.3 in central
[2024-06-27T18:44:04.267+0000] {docker.py:413} INFO - found org.slf4j#slf4j-api;2.0.7 in central
[2024-06-27T18:44:04.586+0000] {docker.py:413} INFO - found org.apache.hadoop#hadoop-client-runtime;3.3.4 in central
[2024-06-27T18:44:04.655+0000] {docker.py:413} INFO - found org.apache.hadoop#hadoop-client-api;3.3.4 in central
[2024-06-27T18:44:04.965+0000] {docker.py:413} INFO - found commons-logging#commons-logging;1.1.3 in central
[2024-06-27T18:44:05.016+0000] {docker.py:413} INFO - found com.google.code.findbugs#jsr305;3.0.0 in central
[2024-06-27T18:44:05.551+0000] {docker.py:413} INFO - found org.apache.commons#commons-pool2;2.11.1 in central
[2024-06-27T18:44:05.588+0000] {docker.py:413} INFO - downloading https://repo1.maven.org/maven2/org/postgresql/postgresql/42.5.4/postgresql-42.5.4.jar ...
[2024-06-27T18:44:05.798+0000] {docker.py:413} INFO - [SUCCESSFUL ] org.postgresql#postgresql;42.5.4!postgresql.jar (235ms)
[2024-06-27T18:44:05.819+0000] {docker.py:413} INFO - downloading https://repo1.maven.org/maven2/org/apache/spark/spark-sql-kafka-0-10_2.12/3.5.0/spark-sql-kafka-0-10_2.12-3.5.0.jar ...
[2024-06-27T18:44:05.907+0000] {docker.py:413} INFO - [SUCCESSFUL ] org.apache.spark#spark-sql-kafka-0-10_2.12;3.5.0!spark-sql-kafka-0-10_2.12.jar (108ms)
[2024-06-27T18:44:05.930+0000] {docker.py:413} INFO - downloading https://repo1.maven.org/maven2/org/checkerframework/checker-qual/3.5.0/checker-qual-3.5.0.jar ...
[2024-06-27T18:44:05.985+0000] {docker.py:413} INFO - [SUCCESSFUL ] org.checkerframework#checker-qual;3.5.0!checker-qual.jar (77ms)
[2024-06-27T18:44:06.009+0000] {docker.py:413} INFO - downloading https://repo1.maven.org/maven2/org/apache/spark/spark-token-provider-kafka-0-10_2.12/3.5.0/spark-token-provider-kafka-0-10_2.12-3.5.0.jar ...
[2024-06-27T18:44:06.069+0000] {docker.py:413} INFO - [SUCCESSFUL ] org.apache.spark#spark-token-provider-kafka-0-10_2.12;3.5.0!spark-token-provider-kafka-0-10_2.12.jar (83ms)
[2024-06-27T18:44:06.096+0000] {docker.py:413} INFO - downloading https://repo1.maven.org/maven2/org/apache/kafka/kafka-clients/3.4.1/kafka-clients-3.4.1.jar ...
[2024-06-27T18:44:06.825+0000] {docker.py:413} INFO - [SUCCESSFUL ] org.apache.kafka#kafka-clients;3.4.1!kafka-clients.jar (757ms)
[2024-06-27T18:44:06.852+0000] {docker.py:413} INFO - downloading https://repo1.maven.org/maven2/com/google/code/findbugs/jsr305/3.0.0/jsr305-3.0.0.jar ...
[2024-06-27T18:44:06.877+0000] {docker.py:413} INFO - [SUCCESSFUL ] com.google.code.findbugs#jsr305;3.0.0!jsr305.jar (51ms)
[2024-06-27T18:44:06.903+0000] {docker.py:413} INFO - downloading https://repo1.maven.org/maven2/org/apache/commons/commons-pool2/2.11.1/commons-pool2-2.11.1.jar ...
[2024-06-27T18:44:06.948+0000] {docker.py:413} INFO - [SUCCESSFUL ] org.apache.commons#commons-pool2;2.11.1!commons-pool2.jar (71ms)
[2024-06-27T18:44:06.972+0000] {docker.py:413} INFO - downloading https://repo1.maven.org/maven2/org/apache/hadoop/hadoop-client-runtime/3.3.4/hadoop-client-runtime-3.3.4.jar ...
[2024-06-27T18:44:11.552+0000] {docker.py:413} INFO - [SUCCESSFUL ] org.apache.hadoop#hadoop-client-runtime;3.3.4!hadoop-client-runtime.jar (4603ms)
[2024-06-27T18:44:11.575+0000] {docker.py:413} INFO - downloading https://repo1.maven.org/maven2/org/lz4/lz4-java/1.8.0/lz4-java-1.8.0.jar ...
[2024-06-27T18:44:11.718+0000] {docker.py:413} INFO - [SUCCESSFUL ] org.lz4#lz4-java;1.8.0!lz4-java.jar (166ms)
[2024-06-27T18:44:11.741+0000] {docker.py:413} INFO - downloading https://repo1.maven.org/maven2/org/xerial/snappy/snappy-java/1.1.10.3/snappy-java-1.1.10.3.jar ...
[2024-06-27T18:44:12.129+0000] {docker.py:413} INFO - [SUCCESSFUL ] org.xerial.snappy#snappy-java;1.1.10.3!snappy-java.jar(bundle) (410ms)
[2024-06-27T18:44:12.152+0000] {docker.py:413} INFO - downloading https://repo1.maven.org/maven2/org/slf4j/slf4j-api/2.0.7/slf4j-api-2.0.7.jar ...
[2024-06-27T18:44:12.182+0000] {docker.py:413} INFO - [SUCCESSFUL ] org.slf4j#slf4j-api;2.0.7!slf4j-api.jar (52ms)
[2024-06-27T18:44:12.204+0000] {docker.py:413} INFO - downloading https://repo1.maven.org/maven2/org/apache/hadoop/hadoop-client-api/3.3.4/hadoop-client-api-3.3.4.jar ...
[2024-06-27T18:44:15.047+0000] {docker.py:413} INFO - [SUCCESSFUL ] org.apache.hadoop#hadoop-client-api;3.3.4!hadoop-client-api.jar (2864ms)
[2024-06-27T18:44:15.070+0000] {docker.py:413} INFO - downloading https://repo1.maven.org/maven2/commons-logging/commons-logging/1.1.3/commons-logging-1.1.3.jar ...
[2024-06-27T18:44:15.104+0000] {docker.py:413} INFO - [SUCCESSFUL ] commons-logging#commons-logging;1.1.3!commons-logging.jar (54ms)
[2024-06-27T18:44:15.104+0000] {docker.py:413} INFO - :: resolution report :: resolve 3083ms :: artifacts dl 9540ms
	:: modules in use:
	com.google.code.findbugs#jsr305;3.0.0 from central in [default]
	commons-logging#commons-logging;1.1.3 from central in [default]
	org.apache.commons#commons-pool2;2.11.1 from central in [default]
	org.apache.hadoop#hadoop-client-api;3.3.4 from central in [default]
	org.apache.hadoop#hadoop-client-runtime;3.3.4 from central in [default]
	org.apache.kafka#kafka-clients;3.4.1 from central in [default]
	org.apache.spark#spark-sql-kafka-0-10_2.12;3.5.0 from central in [default]
	org.apache.spark#spark-token-provider-kafka-0-10_2.12;3.5.0 from central in [default]
	org.checkerframework#checker-qual;3.5.0 from central in [default]
	org.lz4#lz4-java;1.8.0 from central in [default]
	org.postgresql#postgresql;42.5.4 from central in [default]
	org.slf4j#slf4j-api;2.0.7 from central in [default]
	org.xerial.snappy#snappy-java;1.1.10.3 from central in [default]
	---------------------------------------------------------------------
	|                  |            modules            ||   artifacts   |
	|       conf       | number| search|dwnlded|evicted|| number|dwnlded|
	---------------------------------------------------------------------
	|      default     |   13  |   13  |   13  |   0   ||   13  |   13  |
	---------------------------------------------------------------------
[2024-06-27T18:44:15.107+0000] {docker.py:413} INFO - :: retrieving :: org.apache.spark#spark-submit-parent-e714b00d-f3ff-4760-b7e1-be56abe4fa38
	confs: [default]
[2024-06-27T18:44:15.141+0000] {docker.py:413} INFO - 13 artifacts copied, 0 already retrieved (58001kB/33ms)
[2024-06-27T18:44:15.235+0000] {docker.py:413} INFO - 24/06/27 18:44:15 WARN NativeCodeLoader: Unable to load native-hadoop library for your platform... using builtin-java classes where applicable
[2024-06-27T18:44:15.768+0000] {docker.py:413} INFO - 24/06/27 18:44:15 INFO SparkContext: Running Spark version 3.5.0
[2024-06-27T18:44:15.768+0000] {docker.py:413} INFO - 24/06/27 18:44:15 INFO SparkContext: OS info Linux, 6.6.12-linuxkit, aarch64
[2024-06-27T18:44:15.768+0000] {docker.py:413} INFO - 24/06/27 18:44:15 INFO SparkContext: Java version 17.0.10
[2024-06-27T18:44:15.779+0000] {docker.py:413} INFO - 24/06/27 18:44:15 INFO ResourceUtils: ==============================================================
[2024-06-27T18:44:15.780+0000] {docker.py:413} INFO - 24/06/27 18:44:15 INFO ResourceUtils: No custom resources configured for spark.driver.
[2024-06-27T18:44:15.780+0000] {docker.py:413} INFO - 24/06/27 18:44:15 INFO ResourceUtils: ==============================================================
[2024-06-27T18:44:15.780+0000] {docker.py:413} INFO - 24/06/27 18:44:15 INFO SparkContext: Submitted application: PostgreSQL Connection with PySpark
[2024-06-27T18:44:15.790+0000] {docker.py:413} INFO - 24/06/27 18:44:15 INFO ResourceProfile: Default ResourceProfile created, executor resources: Map(cores -> name: cores, amount: 1, script: , vendor: , memory -> name: memory, amount: 1024, script: , vendor: , offHeap -> name: offHeap, amount: 0, script: , vendor: ), task resources: Map(cpus -> name: cpus, amount: 1.0)
[2024-06-27T18:44:15.794+0000] {docker.py:413} INFO - 24/06/27 18:44:15 INFO ResourceProfile: Limiting resource is cpu
[2024-06-27T18:44:15.794+0000] {docker.py:413} INFO - 24/06/27 18:44:15 INFO ResourceProfileManager: Added ResourceProfile id: 0
[2024-06-27T18:44:15.818+0000] {docker.py:413} INFO - 24/06/27 18:44:15 INFO SecurityManager: Changing view acls to: spark
[2024-06-27T18:44:15.819+0000] {docker.py:413} INFO - 24/06/27 18:44:15 INFO SecurityManager: Changing modify acls to: spark
[2024-06-27T18:44:15.819+0000] {docker.py:413} INFO - 24/06/27 18:44:15 INFO SecurityManager: Changing view acls groups to:
[2024-06-27T18:44:15.819+0000] {docker.py:413} INFO - 24/06/27 18:44:15 INFO SecurityManager: Changing modify acls groups to:
[2024-06-27T18:44:15.820+0000] {docker.py:413} INFO - 24/06/27 18:44:15 INFO SecurityManager: SecurityManager: authentication disabled; ui acls disabled; users with view permissions: spark; groups with view permissions: EMPTY; users with modify permissions: spark; groups with modify permissions: EMPTY
[2024-06-27T18:44:15.936+0000] {docker.py:413} INFO - 24/06/27 18:44:15 INFO Utils: Successfully started service 'sparkDriver' on port 44565.
[2024-06-27T18:44:15.948+0000] {docker.py:413} INFO - 24/06/27 18:44:15 INFO SparkEnv: Registering MapOutputTracker
[2024-06-27T18:44:15.966+0000] {docker.py:413} INFO - 24/06/27 18:44:15 INFO SparkEnv: Registering BlockManagerMaster
[2024-06-27T18:44:15.976+0000] {docker.py:413} INFO - 24/06/27 18:44:15 INFO BlockManagerMasterEndpoint: Using org.apache.spark.storage.DefaultTopologyMapper for getting topology information
[2024-06-27T18:44:15.976+0000] {docker.py:413} INFO - 24/06/27 18:44:15 INFO BlockManagerMasterEndpoint: BlockManagerMasterEndpoint up
[2024-06-27T18:44:15.977+0000] {docker.py:413} INFO - 24/06/27 18:44:15 INFO SparkEnv: Registering BlockManagerMasterHeartbeat
[2024-06-27T18:44:15.987+0000] {docker.py:413} INFO - 24/06/27 18:44:15 INFO DiskBlockManager: Created local directory at /tmp/blockmgr-8055af65-0a4f-41db-a8aa-e5965d356c9a
[2024-06-27T18:44:15.995+0000] {docker.py:413} INFO - 24/06/27 18:44:15 INFO MemoryStore: MemoryStore started with capacity 434.4 MiB
[2024-06-27T18:44:16.002+0000] {docker.py:413} INFO - 24/06/27 18:44:16 INFO SparkEnv: Registering OutputCommitCoordinator
[2024-06-27T18:44:16.061+0000] {docker.py:413} INFO - 24/06/27 18:44:16 INFO JettyUtils: Start Jetty 0.0.0.0:4040 for SparkUI
[2024-06-27T18:44:16.094+0000] {docker.py:413} INFO - 24/06/27 18:44:16 INFO Utils: Successfully started service 'SparkUI' on port 4040.
[2024-06-27T18:44:16.113+0000] {docker.py:413} INFO - 24/06/27 18:44:16 INFO SparkContext: Added JAR file:///opt/bitnami/spark/.ivy2/jars/org.postgresql_postgresql-42.5.4.jar at spark://localhost:44565/jars/org.postgresql_postgresql-42.5.4.jar with timestamp 1719513855763
[2024-06-27T18:44:16.114+0000] {docker.py:413} INFO - 24/06/27 18:44:16 INFO SparkContext: Added JAR file:///opt/bitnami/spark/.ivy2/jars/org.apache.spark_spark-sql-kafka-0-10_2.12-3.5.0.jar at spark://localhost:44565/jars/org.apache.spark_spark-sql-kafka-0-10_2.12-3.5.0.jar with timestamp 1719513855763
[2024-06-27T18:44:16.114+0000] {docker.py:413} INFO - 24/06/27 18:44:16 INFO SparkContext: Added JAR file:///opt/bitnami/spark/.ivy2/jars/org.checkerframework_checker-qual-3.5.0.jar at spark://localhost:44565/jars/org.checkerframework_checker-qual-3.5.0.jar with timestamp 1719513855763
[2024-06-27T18:44:16.115+0000] {docker.py:413} INFO - 24/06/27 18:44:16 INFO SparkContext: Added JAR file:///opt/bitnami/spark/.ivy2/jars/org.apache.spark_spark-token-provider-kafka-0-10_2.12-3.5.0.jar at spark://localhost:44565/jars/org.apache.spark_spark-token-provider-kafka-0-10_2.12-3.5.0.jar with timestamp 1719513855763
[2024-06-27T18:44:16.115+0000] {docker.py:413} INFO - 24/06/27 18:44:16 INFO SparkContext: Added JAR file:///opt/bitnami/spark/.ivy2/jars/org.apache.kafka_kafka-clients-3.4.1.jar at spark://localhost:44565/jars/org.apache.kafka_kafka-clients-3.4.1.jar with timestamp 1719513855763
[2024-06-27T18:44:16.115+0000] {docker.py:413} INFO - 24/06/27 18:44:16 INFO SparkContext: Added JAR file:///opt/bitnami/spark/.ivy2/jars/com.google.code.findbugs_jsr305-3.0.0.jar at spark://localhost:44565/jars/com.google.code.findbugs_jsr305-3.0.0.jar with timestamp 1719513855763
[2024-06-27T18:44:16.115+0000] {docker.py:413} INFO - 24/06/27 18:44:16 INFO SparkContext: Added JAR file:///opt/bitnami/spark/.ivy2/jars/org.apache.commons_commons-pool2-2.11.1.jar at spark://localhost:44565/jars/org.apache.commons_commons-pool2-2.11.1.jar with timestamp 1719513855763
[2024-06-27T18:44:16.116+0000] {docker.py:413} INFO - 24/06/27 18:44:16 INFO SparkContext: Added JAR file:///opt/bitnami/spark/.ivy2/jars/org.apache.hadoop_hadoop-client-runtime-3.3.4.jar at spark://localhost:44565/jars/org.apache.hadoop_hadoop-client-runtime-3.3.4.jar with timestamp 1719513855763
[2024-06-27T18:44:16.116+0000] {docker.py:413} INFO - 24/06/27 18:44:16 INFO SparkContext: Added JAR file:///opt/bitnami/spark/.ivy2/jars/org.lz4_lz4-java-1.8.0.jar at spark://localhost:44565/jars/org.lz4_lz4-java-1.8.0.jar with timestamp 1719513855763
[2024-06-27T18:44:16.116+0000] {docker.py:413} INFO - 24/06/27 18:44:16 INFO SparkContext: Added JAR file:///opt/bitnami/spark/.ivy2/jars/org.xerial.snappy_snappy-java-1.1.10.3.jar at spark://localhost:44565/jars/org.xerial.snappy_snappy-java-1.1.10.3.jar with timestamp 1719513855763
[2024-06-27T18:44:16.117+0000] {docker.py:413} INFO - 24/06/27 18:44:16 INFO SparkContext: Added JAR file:///opt/bitnami/spark/.ivy2/jars/org.slf4j_slf4j-api-2.0.7.jar at spark://localhost:44565/jars/org.slf4j_slf4j-api-2.0.7.jar with timestamp 1719513855763
[2024-06-27T18:44:16.117+0000] {docker.py:413} INFO - 24/06/27 18:44:16 INFO SparkContext: Added JAR file:///opt/bitnami/spark/.ivy2/jars/org.apache.hadoop_hadoop-client-api-3.3.4.jar at spark://localhost:44565/jars/org.apache.hadoop_hadoop-client-api-3.3.4.jar with timestamp 1719513855763
[2024-06-27T18:44:16.117+0000] {docker.py:413} INFO - 24/06/27 18:44:16 INFO SparkContext: Added JAR file:///opt/bitnami/spark/.ivy2/jars/commons-logging_commons-logging-1.1.3.jar at spark://localhost:44565/jars/commons-logging_commons-logging-1.1.3.jar with timestamp 1719513855763
[2024-06-27T18:44:16.118+0000] {docker.py:413} INFO - 24/06/27 18:44:16 INFO SparkContext: Added file file:///opt/bitnami/spark/.ivy2/jars/org.postgresql_postgresql-42.5.4.jar at file:///opt/bitnami/spark/.ivy2/jars/org.postgresql_postgresql-42.5.4.jar with timestamp 1719513855763
[2024-06-27T18:44:16.118+0000] {docker.py:413} INFO - 24/06/27 18:44:16 INFO Utils: Copying /opt/bitnami/spark/.ivy2/jars/org.postgresql_postgresql-42.5.4.jar to /tmp/spark-c3d7f5b2-2b52-42ce-9dab-cc5396c15476/userFiles-f77ecbb4-dbc5-4b82-887f-ceb4204205d8/org.postgresql_postgresql-42.5.4.jar
[2024-06-27T18:44:16.122+0000] {docker.py:413} INFO - 24/06/27 18:44:16 INFO SparkContext: Added file file:///opt/bitnami/spark/.ivy2/jars/org.apache.spark_spark-sql-kafka-0-10_2.12-3.5.0.jar at file:///opt/bitnami/spark/.ivy2/jars/org.apache.spark_spark-sql-kafka-0-10_2.12-3.5.0.jar with timestamp 1719513855763
[2024-06-27T18:44:16.122+0000] {docker.py:413} INFO - 24/06/27 18:44:16 INFO Utils: Copying /opt/bitnami/spark/.ivy2/jars/org.apache.spark_spark-sql-kafka-0-10_2.12-3.5.0.jar to /tmp/spark-c3d7f5b2-2b52-42ce-9dab-cc5396c15476/userFiles-f77ecbb4-dbc5-4b82-887f-ceb4204205d8/org.apache.spark_spark-sql-kafka-0-10_2.12-3.5.0.jar
[2024-06-27T18:44:16.124+0000] {docker.py:413} INFO - 24/06/27 18:44:16 INFO SparkContext: Added file file:///opt/bitnami/spark/.ivy2/jars/org.checkerframework_checker-qual-3.5.0.jar at file:///opt/bitnami/spark/.ivy2/jars/org.checkerframework_checker-qual-3.5.0.jar with timestamp 1719513855763
24/06/27 18:44:16 INFO Utils: Copying /opt/bitnami/spark/.ivy2/jars/org.checkerframework_checker-qual-3.5.0.jar to /tmp/spark-c3d7f5b2-2b52-42ce-9dab-cc5396c15476/userFiles-f77ecbb4-dbc5-4b82-887f-ceb4204205d8/org.checkerframework_checker-qual-3.5.0.jar
[2024-06-27T18:44:16.126+0000] {docker.py:413} INFO - 24/06/27 18:44:16 INFO SparkContext: Added file file:///opt/bitnami/spark/.ivy2/jars/org.apache.spark_spark-token-provider-kafka-0-10_2.12-3.5.0.jar at file:///opt/bitnami/spark/.ivy2/jars/org.apache.spark_spark-token-provider-kafka-0-10_2.12-3.5.0.jar with timestamp 1719513855763
[2024-06-27T18:44:16.126+0000] {docker.py:413} INFO - 24/06/27 18:44:16 INFO Utils: Copying /opt/bitnami/spark/.ivy2/jars/org.apache.spark_spark-token-provider-kafka-0-10_2.12-3.5.0.jar to /tmp/spark-c3d7f5b2-2b52-42ce-9dab-cc5396c15476/userFiles-f77ecbb4-dbc5-4b82-887f-ceb4204205d8/org.apache.spark_spark-token-provider-kafka-0-10_2.12-3.5.0.jar
[2024-06-27T18:44:16.128+0000] {docker.py:413} INFO - 24/06/27 18:44:16 INFO SparkContext: Added file file:///opt/bitnami/spark/.ivy2/jars/org.apache.kafka_kafka-clients-3.4.1.jar at file:///opt/bitnami/spark/.ivy2/jars/org.apache.kafka_kafka-clients-3.4.1.jar with timestamp 1719513855763
[2024-06-27T18:44:16.128+0000] {docker.py:413} INFO - 24/06/27 18:44:16 INFO Utils: Copying /opt/bitnami/spark/.ivy2/jars/org.apache.kafka_kafka-clients-3.4.1.jar to /tmp/spark-c3d7f5b2-2b52-42ce-9dab-cc5396c15476/userFiles-f77ecbb4-dbc5-4b82-887f-ceb4204205d8/org.apache.kafka_kafka-clients-3.4.1.jar
[2024-06-27T18:44:16.134+0000] {docker.py:413} INFO - 24/06/27 18:44:16 INFO SparkContext: Added file file:///opt/bitnami/spark/.ivy2/jars/com.google.code.findbugs_jsr305-3.0.0.jar at file:///opt/bitnami/spark/.ivy2/jars/com.google.code.findbugs_jsr305-3.0.0.jar with timestamp 1719513855763
[2024-06-27T18:44:16.134+0000] {docker.py:413} INFO - 24/06/27 18:44:16 INFO Utils: Copying /opt/bitnami/spark/.ivy2/jars/com.google.code.findbugs_jsr305-3.0.0.jar to /tmp/spark-c3d7f5b2-2b52-42ce-9dab-cc5396c15476/userFiles-f77ecbb4-dbc5-4b82-887f-ceb4204205d8/com.google.code.findbugs_jsr305-3.0.0.jar
[2024-06-27T18:44:16.135+0000] {docker.py:413} INFO - 24/06/27 18:44:16 INFO SparkContext: Added file file:///opt/bitnami/spark/.ivy2/jars/org.apache.commons_commons-pool2-2.11.1.jar at file:///opt/bitnami/spark/.ivy2/jars/org.apache.commons_commons-pool2-2.11.1.jar with timestamp 1719513855763
[2024-06-27T18:44:16.136+0000] {docker.py:413} INFO - 24/06/27 18:44:16 INFO Utils: Copying /opt/bitnami/spark/.ivy2/jars/org.apache.commons_commons-pool2-2.11.1.jar to /tmp/spark-c3d7f5b2-2b52-42ce-9dab-cc5396c15476/userFiles-f77ecbb4-dbc5-4b82-887f-ceb4204205d8/org.apache.commons_commons-pool2-2.11.1.jar
[2024-06-27T18:44:16.137+0000] {docker.py:413} INFO - 24/06/27 18:44:16 INFO SparkContext: Added file file:///opt/bitnami/spark/.ivy2/jars/org.apache.hadoop_hadoop-client-runtime-3.3.4.jar at file:///opt/bitnami/spark/.ivy2/jars/org.apache.hadoop_hadoop-client-runtime-3.3.4.jar with timestamp 1719513855763
[2024-06-27T18:44:16.138+0000] {docker.py:413} INFO - 24/06/27 18:44:16 INFO Utils: Copying /opt/bitnami/spark/.ivy2/jars/org.apache.hadoop_hadoop-client-runtime-3.3.4.jar to /tmp/spark-c3d7f5b2-2b52-42ce-9dab-cc5396c15476/userFiles-f77ecbb4-dbc5-4b82-887f-ceb4204205d8/org.apache.hadoop_hadoop-client-runtime-3.3.4.jar
[2024-06-27T18:44:16.158+0000] {docker.py:413} INFO - 24/06/27 18:44:16 INFO SparkContext: Added file file:///opt/bitnami/spark/.ivy2/jars/org.lz4_lz4-java-1.8.0.jar at file:///opt/bitnami/spark/.ivy2/jars/org.lz4_lz4-java-1.8.0.jar with timestamp 1719513855763
[2024-06-27T18:44:16.158+0000] {docker.py:413} INFO - 24/06/27 18:44:16 INFO Utils: Copying /opt/bitnami/spark/.ivy2/jars/org.lz4_lz4-java-1.8.0.jar to /tmp/spark-c3d7f5b2-2b52-42ce-9dab-cc5396c15476/userFiles-f77ecbb4-dbc5-4b82-887f-ceb4204205d8/org.lz4_lz4-java-1.8.0.jar
[2024-06-27T18:44:16.160+0000] {docker.py:413} INFO - 24/06/27 18:44:16 INFO SparkContext: Added file file:///opt/bitnami/spark/.ivy2/jars/org.xerial.snappy_snappy-java-1.1.10.3.jar at file:///opt/bitnami/spark/.ivy2/jars/org.xerial.snappy_snappy-java-1.1.10.3.jar with timestamp 1719513855763
[2024-06-27T18:44:16.161+0000] {docker.py:413} INFO - 24/06/27 18:44:16 INFO Utils: Copying /opt/bitnami/spark/.ivy2/jars/org.xerial.snappy_snappy-java-1.1.10.3.jar to /tmp/spark-c3d7f5b2-2b52-42ce-9dab-cc5396c15476/userFiles-f77ecbb4-dbc5-4b82-887f-ceb4204205d8/org.xerial.snappy_snappy-java-1.1.10.3.jar
[2024-06-27T18:44:16.164+0000] {docker.py:413} INFO - 24/06/27 18:44:16 INFO SparkContext: Added file file:///opt/bitnami/spark/.ivy2/jars/org.slf4j_slf4j-api-2.0.7.jar at file:///opt/bitnami/spark/.ivy2/jars/org.slf4j_slf4j-api-2.0.7.jar with timestamp 1719513855763
[2024-06-27T18:44:16.164+0000] {docker.py:413} INFO - 24/06/27 18:44:16 INFO Utils: Copying /opt/bitnami/spark/.ivy2/jars/org.slf4j_slf4j-api-2.0.7.jar to /tmp/spark-c3d7f5b2-2b52-42ce-9dab-cc5396c15476/userFiles-f77ecbb4-dbc5-4b82-887f-ceb4204205d8/org.slf4j_slf4j-api-2.0.7.jar
[2024-06-27T18:44:16.169+0000] {docker.py:413} INFO - 24/06/27 18:44:16 INFO SparkContext: Added file file:///opt/bitnami/spark/.ivy2/jars/org.apache.hadoop_hadoop-client-api-3.3.4.jar at file:///opt/bitnami/spark/.ivy2/jars/org.apache.hadoop_hadoop-client-api-3.3.4.jar with timestamp 1719513855763
[2024-06-27T18:44:16.171+0000] {docker.py:413} INFO - 24/06/27 18:44:16 INFO Utils: Copying /opt/bitnami/spark/.ivy2/jars/org.apache.hadoop_hadoop-client-api-3.3.4.jar to /tmp/spark-c3d7f5b2-2b52-42ce-9dab-cc5396c15476/userFiles-f77ecbb4-dbc5-4b82-887f-ceb4204205d8/org.apache.hadoop_hadoop-client-api-3.3.4.jar
[2024-06-27T18:44:16.197+0000] {docker.py:413} INFO - 24/06/27 18:44:16 INFO SparkContext: Added file file:///opt/bitnami/spark/.ivy2/jars/commons-logging_commons-logging-1.1.3.jar at file:///opt/bitnami/spark/.ivy2/jars/commons-logging_commons-logging-1.1.3.jar with timestamp 1719513855763
[2024-06-27T18:44:16.197+0000] {docker.py:413} INFO - 24/06/27 18:44:16 INFO Utils: Copying /opt/bitnami/spark/.ivy2/jars/commons-logging_commons-logging-1.1.3.jar to /tmp/spark-c3d7f5b2-2b52-42ce-9dab-cc5396c15476/userFiles-f77ecbb4-dbc5-4b82-887f-ceb4204205d8/commons-logging_commons-logging-1.1.3.jar
[2024-06-27T18:44:16.232+0000] {docker.py:413} INFO - 24/06/27 18:44:16 INFO Executor: Starting executor ID driver on host localhost
[2024-06-27T18:44:16.232+0000] {docker.py:413} INFO - 24/06/27 18:44:16 INFO Executor: OS info Linux, 6.6.12-linuxkit, aarch64
[2024-06-27T18:44:16.233+0000] {docker.py:413} INFO - 24/06/27 18:44:16 INFO Executor: Java version 17.0.10
[2024-06-27T18:44:16.235+0000] {docker.py:413} INFO - 24/06/27 18:44:16 INFO Executor: Starting executor with user classpath (userClassPathFirst = false): ''
[2024-06-27T18:44:16.235+0000] {docker.py:413} INFO - 24/06/27 18:44:16 INFO Executor: Created or updated repl class loader org.apache.spark.util.MutableURLClassLoader@6f1ce304 for default.
[2024-06-27T18:44:16.241+0000] {docker.py:413} INFO - 24/06/27 18:44:16 INFO Executor: Fetching file:///opt/bitnami/spark/.ivy2/jars/org.apache.spark_spark-token-provider-kafka-0-10_2.12-3.5.0.jar with timestamp 1719513855763
[2024-06-27T18:44:16.254+0000] {docker.py:413} INFO - 24/06/27 18:44:16 INFO Utils: /opt/bitnami/spark/.ivy2/jars/org.apache.spark_spark-token-provider-kafka-0-10_2.12-3.5.0.jar has been previously copied to /tmp/spark-c3d7f5b2-2b52-42ce-9dab-cc5396c15476/userFiles-f77ecbb4-dbc5-4b82-887f-ceb4204205d8/org.apache.spark_spark-token-provider-kafka-0-10_2.12-3.5.0.jar
[2024-06-27T18:44:16.255+0000] {docker.py:413} INFO - 24/06/27 18:44:16 INFO Executor: Fetching file:///opt/bitnami/spark/.ivy2/jars/org.apache.hadoop_hadoop-client-runtime-3.3.4.jar with timestamp 1719513855763
[2024-06-27T18:44:16.272+0000] {docker.py:413} INFO - 24/06/27 18:44:16 INFO Utils: /opt/bitnami/spark/.ivy2/jars/org.apache.hadoop_hadoop-client-runtime-3.3.4.jar has been previously copied to /tmp/spark-c3d7f5b2-2b52-42ce-9dab-cc5396c15476/userFiles-f77ecbb4-dbc5-4b82-887f-ceb4204205d8/org.apache.hadoop_hadoop-client-runtime-3.3.4.jar
[2024-06-27T18:44:16.273+0000] {docker.py:413} INFO - 24/06/27 18:44:16 INFO Executor: Fetching file:///opt/bitnami/spark/.ivy2/jars/org.apache.commons_commons-pool2-2.11.1.jar with timestamp 1719513855763
[2024-06-27T18:44:16.273+0000] {docker.py:413} INFO - 24/06/27 18:44:16 INFO Utils: /opt/bitnami/spark/.ivy2/jars/org.apache.commons_commons-pool2-2.11.1.jar has been previously copied to /tmp/spark-c3d7f5b2-2b52-42ce-9dab-cc5396c15476/userFiles-f77ecbb4-dbc5-4b82-887f-ceb4204205d8/org.apache.commons_commons-pool2-2.11.1.jar
[2024-06-27T18:44:16.275+0000] {docker.py:413} INFO - 24/06/27 18:44:16 INFO Executor: Fetching file:///opt/bitnami/spark/.ivy2/jars/org.postgresql_postgresql-42.5.4.jar with timestamp 1719513855763
[2024-06-27T18:44:16.275+0000] {docker.py:413} INFO - 24/06/27 18:44:16 INFO Utils: /opt/bitnami/spark/.ivy2/jars/org.postgresql_postgresql-42.5.4.jar has been previously copied to /tmp/spark-c3d7f5b2-2b52-42ce-9dab-cc5396c15476/userFiles-f77ecbb4-dbc5-4b82-887f-ceb4204205d8/org.postgresql_postgresql-42.5.4.jar
[2024-06-27T18:44:16.277+0000] {docker.py:413} INFO - 24/06/27 18:44:16 INFO Executor: Fetching file:///opt/bitnami/spark/.ivy2/jars/org.slf4j_slf4j-api-2.0.7.jar with timestamp 1719513855763
[2024-06-27T18:44:16.278+0000] {docker.py:413} INFO - 24/06/27 18:44:16 INFO Utils: /opt/bitnami/spark/.ivy2/jars/org.slf4j_slf4j-api-2.0.7.jar has been previously copied to /tmp/spark-c3d7f5b2-2b52-42ce-9dab-cc5396c15476/userFiles-f77ecbb4-dbc5-4b82-887f-ceb4204205d8/org.slf4j_slf4j-api-2.0.7.jar
[2024-06-27T18:44:16.279+0000] {docker.py:413} INFO - 24/06/27 18:44:16 INFO Executor: Fetching file:///opt/bitnami/spark/.ivy2/jars/org.apache.kafka_kafka-clients-3.4.1.jar with timestamp 1719513855763
[2024-06-27T18:44:16.281+0000] {docker.py:413} INFO - 24/06/27 18:44:16 INFO Utils: /opt/bitnami/spark/.ivy2/jars/org.apache.kafka_kafka-clients-3.4.1.jar has been previously copied to /tmp/spark-c3d7f5b2-2b52-42ce-9dab-cc5396c15476/userFiles-f77ecbb4-dbc5-4b82-887f-ceb4204205d8/org.apache.kafka_kafka-clients-3.4.1.jar
[2024-06-27T18:44:16.282+0000] {docker.py:413} INFO - 24/06/27 18:44:16 INFO Executor: Fetching file:///opt/bitnami/spark/.ivy2/jars/com.google.code.findbugs_jsr305-3.0.0.jar with timestamp 1719513855763
[2024-06-27T18:44:16.283+0000] {docker.py:413} INFO - 24/06/27 18:44:16 INFO Utils: /opt/bitnami/spark/.ivy2/jars/com.google.code.findbugs_jsr305-3.0.0.jar has been previously copied to /tmp/spark-c3d7f5b2-2b52-42ce-9dab-cc5396c15476/userFiles-f77ecbb4-dbc5-4b82-887f-ceb4204205d8/com.google.code.findbugs_jsr305-3.0.0.jar
[2024-06-27T18:44:16.284+0000] {docker.py:413} INFO - 24/06/27 18:44:16 INFO Executor: Fetching file:///opt/bitnami/spark/.ivy2/jars/org.lz4_lz4-java-1.8.0.jar with timestamp 1719513855763
[2024-06-27T18:44:16.285+0000] {docker.py:413} INFO - 24/06/27 18:44:16 INFO Utils: /opt/bitnami/spark/.ivy2/jars/org.lz4_lz4-java-1.8.0.jar has been previously copied to /tmp/spark-c3d7f5b2-2b52-42ce-9dab-cc5396c15476/userFiles-f77ecbb4-dbc5-4b82-887f-ceb4204205d8/org.lz4_lz4-java-1.8.0.jar
[2024-06-27T18:44:16.286+0000] {docker.py:413} INFO - 24/06/27 18:44:16 INFO Executor: Fetching file:///opt/bitnami/spark/.ivy2/jars/org.apache.spark_spark-sql-kafka-0-10_2.12-3.5.0.jar with timestamp 1719513855763
[2024-06-27T18:44:16.286+0000] {docker.py:413} INFO - 24/06/27 18:44:16 INFO Utils: /opt/bitnami/spark/.ivy2/jars/org.apache.spark_spark-sql-kafka-0-10_2.12-3.5.0.jar has been previously copied to /tmp/spark-c3d7f5b2-2b52-42ce-9dab-cc5396c15476/userFiles-f77ecbb4-dbc5-4b82-887f-ceb4204205d8/org.apache.spark_spark-sql-kafka-0-10_2.12-3.5.0.jar
[2024-06-27T18:44:16.288+0000] {docker.py:413} INFO - 24/06/27 18:44:16 INFO Executor: Fetching file:///opt/bitnami/spark/.ivy2/jars/org.apache.hadoop_hadoop-client-api-3.3.4.jar with timestamp 1719513855763
[2024-06-27T18:44:16.295+0000] {docker.py:413} INFO - 24/06/27 18:44:16 INFO Utils: /opt/bitnami/spark/.ivy2/jars/org.apache.hadoop_hadoop-client-api-3.3.4.jar has been previously copied to /tmp/spark-c3d7f5b2-2b52-42ce-9dab-cc5396c15476/userFiles-f77ecbb4-dbc5-4b82-887f-ceb4204205d8/org.apache.hadoop_hadoop-client-api-3.3.4.jar
[2024-06-27T18:44:16.296+0000] {docker.py:413} INFO - 24/06/27 18:44:16 INFO Executor: Fetching file:///opt/bitnami/spark/.ivy2/jars/commons-logging_commons-logging-1.1.3.jar with timestamp 1719513855763
[2024-06-27T18:44:16.297+0000] {docker.py:413} INFO - 24/06/27 18:44:16 INFO Utils: /opt/bitnami/spark/.ivy2/jars/commons-logging_commons-logging-1.1.3.jar has been previously copied to /tmp/spark-c3d7f5b2-2b52-42ce-9dab-cc5396c15476/userFiles-f77ecbb4-dbc5-4b82-887f-ceb4204205d8/commons-logging_commons-logging-1.1.3.jar
[2024-06-27T18:44:16.298+0000] {docker.py:413} INFO - 24/06/27 18:44:16 INFO Executor: Fetching file:///opt/bitnami/spark/.ivy2/jars/org.checkerframework_checker-qual-3.5.0.jar with timestamp 1719513855763
[2024-06-27T18:44:16.298+0000] {docker.py:413} INFO - 24/06/27 18:44:16 INFO Utils: /opt/bitnami/spark/.ivy2/jars/org.checkerframework_checker-qual-3.5.0.jar has been previously copied to /tmp/spark-c3d7f5b2-2b52-42ce-9dab-cc5396c15476/userFiles-f77ecbb4-dbc5-4b82-887f-ceb4204205d8/org.checkerframework_checker-qual-3.5.0.jar
[2024-06-27T18:44:16.299+0000] {docker.py:413} INFO - 24/06/27 18:44:16 INFO Executor: Fetching file:///opt/bitnami/spark/.ivy2/jars/org.xerial.snappy_snappy-java-1.1.10.3.jar with timestamp 1719513855763
[2024-06-27T18:44:16.300+0000] {docker.py:413} INFO - 24/06/27 18:44:16 INFO Utils: /opt/bitnami/spark/.ivy2/jars/org.xerial.snappy_snappy-java-1.1.10.3.jar has been previously copied to /tmp/spark-c3d7f5b2-2b52-42ce-9dab-cc5396c15476/userFiles-f77ecbb4-dbc5-4b82-887f-ceb4204205d8/org.xerial.snappy_snappy-java-1.1.10.3.jar
[2024-06-27T18:44:16.303+0000] {docker.py:413} INFO - 24/06/27 18:44:16 INFO Executor: Fetching spark://localhost:44565/jars/org.apache.hadoop_hadoop-client-runtime-3.3.4.jar with timestamp 1719513855763
[2024-06-27T18:44:16.321+0000] {docker.py:413} INFO - 24/06/27 18:44:16 INFO TransportClientFactory: Successfully created connection to localhost/127.0.0.1:44565 after 12 ms (0 ms spent in bootstraps)
[2024-06-27T18:44:16.323+0000] {docker.py:413} INFO - 24/06/27 18:44:16 INFO Utils: Fetching spark://localhost:44565/jars/org.apache.hadoop_hadoop-client-runtime-3.3.4.jar to /tmp/spark-c3d7f5b2-2b52-42ce-9dab-cc5396c15476/userFiles-f77ecbb4-dbc5-4b82-887f-ceb4204205d8/fetchFileTemp12317871731135519227.tmp
[2024-06-27T18:44:16.390+0000] {docker.py:413} INFO - 24/06/27 18:44:16 INFO Utils: /tmp/spark-c3d7f5b2-2b52-42ce-9dab-cc5396c15476/userFiles-f77ecbb4-dbc5-4b82-887f-ceb4204205d8/fetchFileTemp12317871731135519227.tmp has been previously copied to /tmp/spark-c3d7f5b2-2b52-42ce-9dab-cc5396c15476/userFiles-f77ecbb4-dbc5-4b82-887f-ceb4204205d8/org.apache.hadoop_hadoop-client-runtime-3.3.4.jar
[2024-06-27T18:44:16.393+0000] {docker.py:413} INFO - 24/06/27 18:44:16 INFO Executor: Adding file:/tmp/spark-c3d7f5b2-2b52-42ce-9dab-cc5396c15476/userFiles-f77ecbb4-dbc5-4b82-887f-ceb4204205d8/org.apache.hadoop_hadoop-client-runtime-3.3.4.jar to class loader default
[2024-06-27T18:44:16.394+0000] {docker.py:413} INFO - 24/06/27 18:44:16 INFO Executor: Fetching spark://localhost:44565/jars/org.apache.commons_commons-pool2-2.11.1.jar with timestamp 1719513855763
[2024-06-27T18:44:16.394+0000] {docker.py:413} INFO - 24/06/27 18:44:16 INFO Utils: Fetching spark://localhost:44565/jars/org.apache.commons_commons-pool2-2.11.1.jar to /tmp/spark-c3d7f5b2-2b52-42ce-9dab-cc5396c15476/userFiles-f77ecbb4-dbc5-4b82-887f-ceb4204205d8/fetchFileTemp10931606082342117676.tmp
[2024-06-27T18:44:16.395+0000] {docker.py:413} INFO - 24/06/27 18:44:16 INFO Utils: /tmp/spark-c3d7f5b2-2b52-42ce-9dab-cc5396c15476/userFiles-f77ecbb4-dbc5-4b82-887f-ceb4204205d8/fetchFileTemp10931606082342117676.tmp has been previously copied to /tmp/spark-c3d7f5b2-2b52-42ce-9dab-cc5396c15476/userFiles-f77ecbb4-dbc5-4b82-887f-ceb4204205d8/org.apache.commons_commons-pool2-2.11.1.jar
[2024-06-27T18:44:16.398+0000] {docker.py:413} INFO - 24/06/27 18:44:16 INFO Executor: Adding file:/tmp/spark-c3d7f5b2-2b52-42ce-9dab-cc5396c15476/userFiles-f77ecbb4-dbc5-4b82-887f-ceb4204205d8/org.apache.commons_commons-pool2-2.11.1.jar to class loader default
[2024-06-27T18:44:16.398+0000] {docker.py:413} INFO - 24/06/27 18:44:16 INFO Executor: Fetching spark://localhost:44565/jars/org.apache.spark_spark-token-provider-kafka-0-10_2.12-3.5.0.jar with timestamp 1719513855763
[2024-06-27T18:44:16.399+0000] {docker.py:413} INFO - 24/06/27 18:44:16 INFO Utils: Fetching spark://localhost:44565/jars/org.apache.spark_spark-token-provider-kafka-0-10_2.12-3.5.0.jar to /tmp/spark-c3d7f5b2-2b52-42ce-9dab-cc5396c15476/userFiles-f77ecbb4-dbc5-4b82-887f-ceb4204205d8/fetchFileTemp5095843764621701521.tmp
[2024-06-27T18:44:16.400+0000] {docker.py:413} INFO - 24/06/27 18:44:16 INFO Utils: /tmp/spark-c3d7f5b2-2b52-42ce-9dab-cc5396c15476/userFiles-f77ecbb4-dbc5-4b82-887f-ceb4204205d8/fetchFileTemp5095843764621701521.tmp has been previously copied to /tmp/spark-c3d7f5b2-2b52-42ce-9dab-cc5396c15476/userFiles-f77ecbb4-dbc5-4b82-887f-ceb4204205d8/org.apache.spark_spark-token-provider-kafka-0-10_2.12-3.5.0.jar
[2024-06-27T18:44:16.401+0000] {docker.py:413} INFO - 24/06/27 18:44:16 INFO Executor: Adding file:/tmp/spark-c3d7f5b2-2b52-42ce-9dab-cc5396c15476/userFiles-f77ecbb4-dbc5-4b82-887f-ceb4204205d8/org.apache.spark_spark-token-provider-kafka-0-10_2.12-3.5.0.jar to class loader default
[2024-06-27T18:44:16.402+0000] {docker.py:413} INFO - 24/06/27 18:44:16 INFO Executor: Fetching spark://localhost:44565/jars/org.apache.kafka_kafka-clients-3.4.1.jar with timestamp 1719513855763
[2024-06-27T18:44:16.402+0000] {docker.py:413} INFO - 24/06/27 18:44:16 INFO Utils: Fetching spark://localhost:44565/jars/org.apache.kafka_kafka-clients-3.4.1.jar to /tmp/spark-c3d7f5b2-2b52-42ce-9dab-cc5396c15476/userFiles-f77ecbb4-dbc5-4b82-887f-ceb4204205d8/fetchFileTemp3975139549064506924.tmp
[2024-06-27T18:44:16.410+0000] {docker.py:413} INFO - 24/06/27 18:44:16 INFO Utils: /tmp/spark-c3d7f5b2-2b52-42ce-9dab-cc5396c15476/userFiles-f77ecbb4-dbc5-4b82-887f-ceb4204205d8/fetchFileTemp3975139549064506924.tmp has been previously copied to /tmp/spark-c3d7f5b2-2b52-42ce-9dab-cc5396c15476/userFiles-f77ecbb4-dbc5-4b82-887f-ceb4204205d8/org.apache.kafka_kafka-clients-3.4.1.jar
[2024-06-27T18:44:16.412+0000] {docker.py:413} INFO - 24/06/27 18:44:16 INFO Executor: Adding file:/tmp/spark-c3d7f5b2-2b52-42ce-9dab-cc5396c15476/userFiles-f77ecbb4-dbc5-4b82-887f-ceb4204205d8/org.apache.kafka_kafka-clients-3.4.1.jar to class loader default
[2024-06-27T18:44:16.413+0000] {docker.py:413} INFO - 24/06/27 18:44:16 INFO Executor: Fetching spark://localhost:44565/jars/org.postgresql_postgresql-42.5.4.jar with timestamp 1719513855763
[2024-06-27T18:44:16.413+0000] {docker.py:413} INFO - 24/06/27 18:44:16 INFO Utils: Fetching spark://localhost:44565/jars/org.postgresql_postgresql-42.5.4.jar to /tmp/spark-c3d7f5b2-2b52-42ce-9dab-cc5396c15476/userFiles-f77ecbb4-dbc5-4b82-887f-ceb4204205d8/fetchFileTemp5642514173889900352.tmp
[2024-06-27T18:44:16.415+0000] {docker.py:413} INFO - 24/06/27 18:44:16 INFO Utils: /tmp/spark-c3d7f5b2-2b52-42ce-9dab-cc5396c15476/userFiles-f77ecbb4-dbc5-4b82-887f-ceb4204205d8/fetchFileTemp5642514173889900352.tmp has been previously copied to /tmp/spark-c3d7f5b2-2b52-42ce-9dab-cc5396c15476/userFiles-f77ecbb4-dbc5-4b82-887f-ceb4204205d8/org.postgresql_postgresql-42.5.4.jar
[2024-06-27T18:44:16.417+0000] {docker.py:413} INFO - 24/06/27 18:44:16 INFO Executor: Adding file:/tmp/spark-c3d7f5b2-2b52-42ce-9dab-cc5396c15476/userFiles-f77ecbb4-dbc5-4b82-887f-ceb4204205d8/org.postgresql_postgresql-42.5.4.jar to class loader default
[2024-06-27T18:44:16.417+0000] {docker.py:413} INFO - 24/06/27 18:44:16 INFO Executor: Fetching spark://localhost:44565/jars/org.checkerframework_checker-qual-3.5.0.jar with timestamp 1719513855763
[2024-06-27T18:44:16.418+0000] {docker.py:413} INFO - 24/06/27 18:44:16 INFO Utils: Fetching spark://localhost:44565/jars/org.checkerframework_checker-qual-3.5.0.jar to /tmp/spark-c3d7f5b2-2b52-42ce-9dab-cc5396c15476/userFiles-f77ecbb4-dbc5-4b82-887f-ceb4204205d8/fetchFileTemp9677726145730029758.tmp
[2024-06-27T18:44:16.418+0000] {docker.py:413} INFO - 24/06/27 18:44:16 INFO Utils: /tmp/spark-c3d7f5b2-2b52-42ce-9dab-cc5396c15476/userFiles-f77ecbb4-dbc5-4b82-887f-ceb4204205d8/fetchFileTemp9677726145730029758.tmp has been previously copied to /tmp/spark-c3d7f5b2-2b52-42ce-9dab-cc5396c15476/userFiles-f77ecbb4-dbc5-4b82-887f-ceb4204205d8/org.checkerframework_checker-qual-3.5.0.jar
[2024-06-27T18:44:16.419+0000] {docker.py:413} INFO - 24/06/27 18:44:16 INFO Executor: Adding file:/tmp/spark-c3d7f5b2-2b52-42ce-9dab-cc5396c15476/userFiles-f77ecbb4-dbc5-4b82-887f-ceb4204205d8/org.checkerframework_checker-qual-3.5.0.jar to class loader default
[2024-06-27T18:44:16.420+0000] {docker.py:413} INFO - 24/06/27 18:44:16 INFO Executor: Fetching spark://localhost:44565/jars/com.google.code.findbugs_jsr305-3.0.0.jar with timestamp 1719513855763
[2024-06-27T18:44:16.420+0000] {docker.py:413} INFO - 24/06/27 18:44:16 INFO Utils: Fetching spark://localhost:44565/jars/com.google.code.findbugs_jsr305-3.0.0.jar to /tmp/spark-c3d7f5b2-2b52-42ce-9dab-cc5396c15476/userFiles-f77ecbb4-dbc5-4b82-887f-ceb4204205d8/fetchFileTemp10646695484507079845.tmp
[2024-06-27T18:44:16.421+0000] {docker.py:413} INFO - 24/06/27 18:44:16 INFO Utils: /tmp/spark-c3d7f5b2-2b52-42ce-9dab-cc5396c15476/userFiles-f77ecbb4-dbc5-4b82-887f-ceb4204205d8/fetchFileTemp10646695484507079845.tmp has been previously copied to /tmp/spark-c3d7f5b2-2b52-42ce-9dab-cc5396c15476/userFiles-f77ecbb4-dbc5-4b82-887f-ceb4204205d8/com.google.code.findbugs_jsr305-3.0.0.jar
[2024-06-27T18:44:16.422+0000] {docker.py:413} INFO - 24/06/27 18:44:16 INFO Executor: Adding file:/tmp/spark-c3d7f5b2-2b52-42ce-9dab-cc5396c15476/userFiles-f77ecbb4-dbc5-4b82-887f-ceb4204205d8/com.google.code.findbugs_jsr305-3.0.0.jar to class loader default
[2024-06-27T18:44:16.423+0000] {docker.py:413} INFO - 24/06/27 18:44:16 INFO Executor: Fetching spark://localhost:44565/jars/commons-logging_commons-logging-1.1.3.jar with timestamp 1719513855763
[2024-06-27T18:44:16.423+0000] {docker.py:413} INFO - 24/06/27 18:44:16 INFO Utils: Fetching spark://localhost:44565/jars/commons-logging_commons-logging-1.1.3.jar to /tmp/spark-c3d7f5b2-2b52-42ce-9dab-cc5396c15476/userFiles-f77ecbb4-dbc5-4b82-887f-ceb4204205d8/fetchFileTemp12206009528640145223.tmp
[2024-06-27T18:44:16.423+0000] {docker.py:413} INFO - 24/06/27 18:44:16 INFO Utils: /tmp/spark-c3d7f5b2-2b52-42ce-9dab-cc5396c15476/userFiles-f77ecbb4-dbc5-4b82-887f-ceb4204205d8/fetchFileTemp12206009528640145223.tmp has been previously copied to /tmp/spark-c3d7f5b2-2b52-42ce-9dab-cc5396c15476/userFiles-f77ecbb4-dbc5-4b82-887f-ceb4204205d8/commons-logging_commons-logging-1.1.3.jar
[2024-06-27T18:44:16.425+0000] {docker.py:413} INFO - 24/06/27 18:44:16 INFO Executor: Adding file:/tmp/spark-c3d7f5b2-2b52-42ce-9dab-cc5396c15476/userFiles-f77ecbb4-dbc5-4b82-887f-ceb4204205d8/commons-logging_commons-logging-1.1.3.jar to class loader default
[2024-06-27T18:44:16.425+0000] {docker.py:413} INFO - 24/06/27 18:44:16 INFO Executor: Fetching spark://localhost:44565/jars/org.apache.spark_spark-sql-kafka-0-10_2.12-3.5.0.jar with timestamp 1719513855763
[2024-06-27T18:44:16.426+0000] {docker.py:413} INFO - 24/06/27 18:44:16 INFO Utils: Fetching spark://localhost:44565/jars/org.apache.spark_spark-sql-kafka-0-10_2.12-3.5.0.jar to /tmp/spark-c3d7f5b2-2b52-42ce-9dab-cc5396c15476/userFiles-f77ecbb4-dbc5-4b82-887f-ceb4204205d8/fetchFileTemp16840048285560910008.tmp
[2024-06-27T18:44:16.427+0000] {docker.py:413} INFO - 24/06/27 18:44:16 INFO Utils: /tmp/spark-c3d7f5b2-2b52-42ce-9dab-cc5396c15476/userFiles-f77ecbb4-dbc5-4b82-887f-ceb4204205d8/fetchFileTemp16840048285560910008.tmp has been previously copied to /tmp/spark-c3d7f5b2-2b52-42ce-9dab-cc5396c15476/userFiles-f77ecbb4-dbc5-4b82-887f-ceb4204205d8/org.apache.spark_spark-sql-kafka-0-10_2.12-3.5.0.jar
[2024-06-27T18:44:16.428+0000] {docker.py:413} INFO - 24/06/27 18:44:16 INFO Executor: Adding file:/tmp/spark-c3d7f5b2-2b52-42ce-9dab-cc5396c15476/userFiles-f77ecbb4-dbc5-4b82-887f-ceb4204205d8/org.apache.spark_spark-sql-kafka-0-10_2.12-3.5.0.jar to class loader default
[2024-06-27T18:44:16.429+0000] {docker.py:413} INFO - 24/06/27 18:44:16 INFO Executor: Fetching spark://localhost:44565/jars/org.lz4_lz4-java-1.8.0.jar with timestamp 1719513855763
[2024-06-27T18:44:16.429+0000] {docker.py:413} INFO - 24/06/27 18:44:16 INFO Utils: Fetching spark://localhost:44565/jars/org.lz4_lz4-java-1.8.0.jar to /tmp/spark-c3d7f5b2-2b52-42ce-9dab-cc5396c15476/userFiles-f77ecbb4-dbc5-4b82-887f-ceb4204205d8/fetchFileTemp7998481069622091382.tmp
[2024-06-27T18:44:16.430+0000] {docker.py:413} INFO - 24/06/27 18:44:16 INFO Utils: /tmp/spark-c3d7f5b2-2b52-42ce-9dab-cc5396c15476/userFiles-f77ecbb4-dbc5-4b82-887f-ceb4204205d8/fetchFileTemp7998481069622091382.tmp has been previously copied to /tmp/spark-c3d7f5b2-2b52-42ce-9dab-cc5396c15476/userFiles-f77ecbb4-dbc5-4b82-887f-ceb4204205d8/org.lz4_lz4-java-1.8.0.jar
[2024-06-27T18:44:16.432+0000] {docker.py:413} INFO - 24/06/27 18:44:16 INFO Executor: Adding file:/tmp/spark-c3d7f5b2-2b52-42ce-9dab-cc5396c15476/userFiles-f77ecbb4-dbc5-4b82-887f-ceb4204205d8/org.lz4_lz4-java-1.8.0.jar to class loader default
[2024-06-27T18:44:16.432+0000] {docker.py:413} INFO - 24/06/27 18:44:16 INFO Executor: Fetching spark://localhost:44565/jars/org.slf4j_slf4j-api-2.0.7.jar with timestamp 1719513855763
[2024-06-27T18:44:16.432+0000] {docker.py:413} INFO - 24/06/27 18:44:16 INFO Utils: Fetching spark://localhost:44565/jars/org.slf4j_slf4j-api-2.0.7.jar to /tmp/spark-c3d7f5b2-2b52-42ce-9dab-cc5396c15476/userFiles-f77ecbb4-dbc5-4b82-887f-ceb4204205d8/fetchFileTemp10019235072068977146.tmp
[2024-06-27T18:44:16.433+0000] {docker.py:413} INFO - 24/06/27 18:44:16 INFO Utils: /tmp/spark-c3d7f5b2-2b52-42ce-9dab-cc5396c15476/userFiles-f77ecbb4-dbc5-4b82-887f-ceb4204205d8/fetchFileTemp10019235072068977146.tmp has been previously copied to /tmp/spark-c3d7f5b2-2b52-42ce-9dab-cc5396c15476/userFiles-f77ecbb4-dbc5-4b82-887f-ceb4204205d8/org.slf4j_slf4j-api-2.0.7.jar
[2024-06-27T18:44:16.434+0000] {docker.py:413} INFO - 24/06/27 18:44:16 INFO Executor: Adding file:/tmp/spark-c3d7f5b2-2b52-42ce-9dab-cc5396c15476/userFiles-f77ecbb4-dbc5-4b82-887f-ceb4204205d8/org.slf4j_slf4j-api-2.0.7.jar to class loader default
[2024-06-27T18:44:16.435+0000] {docker.py:413} INFO - 24/06/27 18:44:16 INFO Executor: Fetching spark://localhost:44565/jars/org.xerial.snappy_snappy-java-1.1.10.3.jar with timestamp 1719513855763
[2024-06-27T18:44:16.435+0000] {docker.py:413} INFO - 24/06/27 18:44:16 INFO Utils: Fetching spark://localhost:44565/jars/org.xerial.snappy_snappy-java-1.1.10.3.jar to /tmp/spark-c3d7f5b2-2b52-42ce-9dab-cc5396c15476/userFiles-f77ecbb4-dbc5-4b82-887f-ceb4204205d8/fetchFileTemp15933263249556605961.tmp
[2024-06-27T18:44:16.439+0000] {docker.py:413} INFO - 24/06/27 18:44:16 INFO Utils: /tmp/spark-c3d7f5b2-2b52-42ce-9dab-cc5396c15476/userFiles-f77ecbb4-dbc5-4b82-887f-ceb4204205d8/fetchFileTemp15933263249556605961.tmp has been previously copied to /tmp/spark-c3d7f5b2-2b52-42ce-9dab-cc5396c15476/userFiles-f77ecbb4-dbc5-4b82-887f-ceb4204205d8/org.xerial.snappy_snappy-java-1.1.10.3.jar
[2024-06-27T18:44:16.441+0000] {docker.py:413} INFO - 24/06/27 18:44:16 INFO Executor: Adding file:/tmp/spark-c3d7f5b2-2b52-42ce-9dab-cc5396c15476/userFiles-f77ecbb4-dbc5-4b82-887f-ceb4204205d8/org.xerial.snappy_snappy-java-1.1.10.3.jar to class loader default
[2024-06-27T18:44:16.442+0000] {docker.py:413} INFO - 24/06/27 18:44:16 INFO Executor: Fetching spark://localhost:44565/jars/org.apache.hadoop_hadoop-client-api-3.3.4.jar with timestamp 1719513855763
[2024-06-27T18:44:16.442+0000] {docker.py:413} INFO - 24/06/27 18:44:16 INFO Utils: Fetching spark://localhost:44565/jars/org.apache.hadoop_hadoop-client-api-3.3.4.jar to /tmp/spark-c3d7f5b2-2b52-42ce-9dab-cc5396c15476/userFiles-f77ecbb4-dbc5-4b82-887f-ceb4204205d8/fetchFileTemp3797422206402565352.tmp
[2024-06-27T18:44:16.466+0000] {docker.py:413} INFO - 24/06/27 18:44:16 INFO Utils: /tmp/spark-c3d7f5b2-2b52-42ce-9dab-cc5396c15476/userFiles-f77ecbb4-dbc5-4b82-887f-ceb4204205d8/fetchFileTemp3797422206402565352.tmp has been previously copied to /tmp/spark-c3d7f5b2-2b52-42ce-9dab-cc5396c15476/userFiles-f77ecbb4-dbc5-4b82-887f-ceb4204205d8/org.apache.hadoop_hadoop-client-api-3.3.4.jar
[2024-06-27T18:44:16.469+0000] {docker.py:413} INFO - 24/06/27 18:44:16 INFO Executor: Adding file:/tmp/spark-c3d7f5b2-2b52-42ce-9dab-cc5396c15476/userFiles-f77ecbb4-dbc5-4b82-887f-ceb4204205d8/org.apache.hadoop_hadoop-client-api-3.3.4.jar to class loader default
[2024-06-27T18:44:16.473+0000] {docker.py:413} INFO - 24/06/27 18:44:16 INFO Utils: Successfully started service 'org.apache.spark.network.netty.NettyBlockTransferService' on port 46331.
[2024-06-27T18:44:16.473+0000] {docker.py:413} INFO - 24/06/27 18:44:16 INFO NettyBlockTransferService: Server created on localhost:46331
[2024-06-27T18:44:16.474+0000] {docker.py:413} INFO - 24/06/27 18:44:16 INFO BlockManager: Using org.apache.spark.storage.RandomBlockReplicationPolicy for block replication policy
[2024-06-27T18:44:16.477+0000] {docker.py:413} INFO - 24/06/27 18:44:16 INFO BlockManagerMaster: Registering BlockManager BlockManagerId(driver, localhost, 46331, None)
[2024-06-27T18:44:16.479+0000] {docker.py:413} INFO - 24/06/27 18:44:16 INFO BlockManagerMasterEndpoint: Registering block manager localhost:46331 with 434.4 MiB RAM, BlockManagerId(driver, localhost, 46331, None)
[2024-06-27T18:44:16.480+0000] {docker.py:413} INFO - 24/06/27 18:44:16 INFO BlockManagerMaster: Registered BlockManager BlockManagerId(driver, localhost, 46331, None)
[2024-06-27T18:44:16.480+0000] {docker.py:413} INFO - 24/06/27 18:44:16 INFO BlockManager: Initialized BlockManager: BlockManagerId(driver, localhost, 46331, None)
[2024-06-27T18:44:16.665+0000] {docker.py:413} INFO - 2024-06-27 18:44:16,664:create_spark_session:INFO:Spark session created successfully
[2024-06-27T18:44:16.668+0000] {docker.py:413} INFO - 24/06/27 18:44:16 INFO SharedState: Setting hive.metastore.warehouse.dir ('null') to the value of spark.sql.warehouse.dir.
[2024-06-27T18:44:16.669+0000] {docker.py:413} INFO - 24/06/27 18:44:16 INFO SharedState: Warehouse path is 'file:/opt/bitnami/spark/spark-warehouse'.
[2024-06-27T18:44:17.369+0000] {docker.py:413} INFO - 2024-06-27 18:44:17,368:create_initial_dataframe:INFO:Initial dataframe created successfully
[2024-06-27T18:44:22.623+0000] {docker.py:413} INFO - Traceback (most recent call last):
  File "/opt/bitnami/spark/spark_streaming.py", line 103, in <module>
[2024-06-27T18:44:22.625+0000] {docker.py:413} INFO - write_to_postgres()
  File "/opt/bitnami/spark/spark_streaming.py", line 99, in write_to_postgres
[2024-06-27T18:44:22.631+0000] {docker.py:413} INFO - start_streaming(df_final, spark=spark)
  File "/opt/bitnami/spark/spark_streaming.py", line 71, in start_streaming
[2024-06-27T18:44:22.635+0000] {docker.py:413} INFO - existing_data_df = spark.read.jdbc(
                       ^^^^^^^^^^^^^^^^
  File "/opt/bitnami/spark/python/lib/pyspark.zip/pyspark/sql/readwriter.py", line 946, in jdbc
[2024-06-27T18:44:22.635+0000] {docker.py:413} INFO - File "/opt/bitnami/spark/python/lib/py4j-0.10.9.7-src.zip/py4j/java_gateway.py", line 1322, in __call__
[2024-06-27T18:44:22.636+0000] {docker.py:413} INFO - File "/opt/bitnami/spark/python/lib/pyspark.zip/pyspark/errors/exceptions/captured.py", line 179, in deco
  File "/opt/bitnami/spark/python/lib/py4j-0.10.9.7-src.zip/py4j/protocol.py", line 326, in get_return_value
py4j.protocol.Py4JJavaError
[2024-06-27T18:44:22.636+0000] {docker.py:413} INFO - : An error occurred while calling o50.jdbc.
: org.postgresql.util.PSQLException: The connection attempt failed.
	at org.postgresql.core.v3.ConnectionFactoryImpl.openConnectionImpl(ConnectionFactoryImpl.java:354)
	at org.postgresql.core.ConnectionFactory.openConnection(ConnectionFactory.java:54)
	at org.postgresql.jdbc.PgConnection.<init>(PgConnection.java:253)
	at org.postgresql.Driver.makeConnection(Driver.java:434)
	at org.postgresql.Driver.connect(Driver.java:291)
	at org.apache.spark.sql.execution.datasources.jdbc.connection.BasicConnectionProvider.getConnection(BasicConnectionProvider.scala:49)
	at org.apache.spark.sql.execution.datasources.jdbc.connection.ConnectionProviderBase.create(ConnectionProvider.scala:102)
	at org.apache.spark.sql.jdbc.JdbcDialect.$anonfun$createConnectionFactory$1(JdbcDialects.scala:160)
	at org.apache.spark.sql.jdbc.JdbcDialect.$anonfun$createConnectionFactory$1$adapted(JdbcDialects.scala:156)
	at org.apache.spark.sql.execution.datasources.jdbc.JDBCRDD$.getQueryOutputSchema(JDBCRDD.scala:63)
	at org.apache.spark.sql.execution.datasources.jdbc.JDBCRDD$.resolveTable(JDBCRDD.scala:58)
	at org.apache.spark.sql.execution.datasources.jdbc.JDBCRelation$.getSchema(JDBCRelation.scala:241)
	at org.apache.spark.sql.execution.datasources.jdbc.JdbcRelationProvider.createRelation(JdbcRelationProvider.scala:37)
	at org.apache.spark.sql.execution.datasources.DataSource.resolveRelation(DataSource.scala:346)
	at org.apache.spark.sql.DataFrameReader.loadV1Source(DataFrameReader.scala:229)
	at org.apache.spark.sql.DataFrameReader.$anonfun$load$2(DataFrameReader.scala:211)
	at scala.Option.getOrElse(Option.scala:189)
	at org.apache.spark.sql.DataFrameReader.load(DataFrameReader.scala:211)
	at org.apache.spark.sql.DataFrameReader.load(DataFrameReader.scala:172)
	at org.apache.spark.sql.DataFrameReader.jdbc(DataFrameReader.scala:249)
	at java.base/jdk.internal.reflect.NativeMethodAccessorImpl.invoke0(Native Method)
	at java.base/jdk.internal.reflect.NativeMethodAccessorImpl.invoke(NativeMethodAccessorImpl.java:77)
	at java.base/jdk.internal.reflect.DelegatingMethodAccessorImpl.invoke(DelegatingMethodAccessorImpl.java:43)
	at java.base/java.lang.reflect.Method.invoke(Method.java:568)
	at py4j.reflection.MethodInvoker.invoke(MethodInvoker.java:244)
	at py4j.reflection.ReflectionEngine.invoke(ReflectionEngine.java:374)
	at py4j.Gateway.invoke(Gateway.java:282)
	at py4j.commands.AbstractCommand.invokeMethod(AbstractCommand.java:132)
	at py4j.commands.CallCommand.execute(CallCommand.java:79)
	at py4j.ClientServerConnection.waitForCommands(ClientServerConnection.java:182)
	at py4j.ClientServerConnection.run(ClientServerConnection.java:106)
	at java.base/java.lang.Thread.run(Thread.java:840)
Caused by: java.net.SocketTimeoutException: Read timed out
	at java.base/sun.nio.ch.NioSocketImpl.timedRead(NioSocketImpl.java:288)
	at java.base/sun.nio.ch.NioSocketImpl.implRead(NioSocketImpl.java:314)
	at java.base/sun.nio.ch.NioSocketImpl.read(NioSocketImpl.java:355)
	at java.base/sun.nio.ch.NioSocketImpl$1.read(NioSocketImpl.java:808)
	at java.base/java.net.Socket$SocketInputStream.read(Socket.java:966)
	at org.postgresql.core.VisibleBufferedInputStream.readMore(VisibleBufferedInputStream.java:161)
	at org.postgresql.core.VisibleBufferedInputStream.ensureBytes(VisibleBufferedInputStream.java:128)
	at org.postgresql.core.VisibleBufferedInputStream.ensureBytes(VisibleBufferedInputStream.java:113)
	at org.postgresql.core.VisibleBufferedInputStream.read(VisibleBufferedInputStream.java:73)
	at org.postgresql.core.PGStream.receiveChar(PGStream.java:465)
	at org.postgresql.core.v3.ConnectionFactoryImpl.enableSSL(ConnectionFactoryImpl.java:589)
	at org.postgresql.core.v3.ConnectionFactoryImpl.tryConnect(ConnectionFactoryImpl.java:191)
	at org.postgresql.core.v3.ConnectionFactoryImpl.openConnectionImpl(ConnectionFactoryImpl.java:258)
	... 31 more

2024-06-27 18:44:22,623:close:INFO:Closing down clientserver connection
[2024-06-27T18:44:22.651+0000] {docker.py:413} INFO - 24/06/27 18:44:22 INFO SparkContext: Invoking stop() from shutdown hook
[2024-06-27T18:44:22.651+0000] {docker.py:413} INFO - 24/06/27 18:44:22 INFO SparkContext: SparkContext is stopping with exitCode 0.
[2024-06-27T18:44:22.657+0000] {docker.py:413} INFO - 24/06/27 18:44:22 INFO SparkUI: Stopped Spark web UI at http://localhost:4040
[2024-06-27T18:44:22.662+0000] {docker.py:413} INFO - 24/06/27 18:44:22 INFO MapOutputTrackerMasterEndpoint: MapOutputTrackerMasterEndpoint stopped!
[2024-06-27T18:44:22.669+0000] {docker.py:413} INFO - 24/06/27 18:44:22 INFO MemoryStore: MemoryStore cleared
[2024-06-27T18:44:22.669+0000] {docker.py:413} INFO - 24/06/27 18:44:22 INFO BlockManager: BlockManager stopped
[2024-06-27T18:44:22.672+0000] {docker.py:413} INFO - 24/06/27 18:44:22 INFO BlockManagerMaster: BlockManagerMaster stopped
[2024-06-27T18:44:22.673+0000] {docker.py:413} INFO - 24/06/27 18:44:22 INFO OutputCommitCoordinator$OutputCommitCoordinatorEndpoint: OutputCommitCoordinator stopped!
[2024-06-27T18:44:22.683+0000] {docker.py:413} INFO - 24/06/27 18:44:22 INFO SparkContext: Successfully stopped SparkContext
[2024-06-27T18:44:22.683+0000] {docker.py:413} INFO - 24/06/27 18:44:22 INFO ShutdownHookManager: Shutdown hook called
[2024-06-27T18:44:22.684+0000] {docker.py:413} INFO - 24/06/27 18:44:22 INFO ShutdownHookManager: Deleting directory /tmp/spark-c3d7f5b2-2b52-42ce-9dab-cc5396c15476
[2024-06-27T18:44:22.684+0000] {docker.py:413} INFO - 24/06/27 18:44:22 INFO ShutdownHookManager: Deleting directory /tmp/spark-c3d7f5b2-2b52-42ce-9dab-cc5396c15476/pyspark-4f981dff-abe2-4a04-9136-682b499beda2
[2024-06-27T18:44:22.685+0000] {docker.py:413} INFO - 24/06/27 18:44:22 INFO ShutdownHookManager: Deleting directory /tmp/spark-fe8c1cef-d31a-466f-b0e8-55a5f6d9bd20
[2024-06-27T18:44:22.898+0000] {taskinstance.py:1937} ERROR - Task failed with exception
Traceback (most recent call last):
  File "/home/airflow/.local/lib/python3.8/site-packages/docker/api/client.py", line 268, in _raise_for_status
    response.raise_for_status()
  File "/home/airflow/.local/lib/python3.8/site-packages/requests/models.py", line 1021, in raise_for_status
    raise HTTPError(http_error_msg, response=self)
requests.exceptions.HTTPError: 400 Client Error: Bad Request for url: http://docker-proxy:2375/v1.44/containers/create

The above exception was the direct cause of the following exception:

Traceback (most recent call last):
  File "/home/airflow/.local/lib/python3.8/site-packages/airflow/providers/docker/operators/docker.py", line 348, in _run_image
    return self._run_image_with_mounts([*self.mounts, tmp_mount], add_tmp_variable=True)
  File "/home/airflow/.local/lib/python3.8/site-packages/airflow/providers/docker/operators/docker.py", line 375, in _run_image_with_mounts
    self.container = self.cli.create_container(
  File "/home/airflow/.local/lib/python3.8/site-packages/docker/api/container.py", line 431, in create_container
    return self.create_container_from_config(config, name, platform)
  File "/home/airflow/.local/lib/python3.8/site-packages/docker/api/container.py", line 448, in create_container_from_config
    return self._result(res, True)
  File "/home/airflow/.local/lib/python3.8/site-packages/docker/api/client.py", line 274, in _result
    self._raise_for_status(response)
  File "/home/airflow/.local/lib/python3.8/site-packages/docker/api/client.py", line 270, in _raise_for_status
    raise create_api_error_from_http_exception(e) from e
  File "/home/airflow/.local/lib/python3.8/site-packages/docker/errors.py", line 39, in create_api_error_from_http_exception
    raise cls(e, response=response, explanation=explanation) from e
docker.errors.APIError: 400 Client Error for http://docker-proxy:2375/v1.44/containers/create: Bad Request ("invalid mount config for type "bind": bind source path does not exist: /host_mnt/private/tmp/airflowtmpzdymim02")

During handling of the above exception, another exception occurred:

Traceback (most recent call last):
  File "/home/airflow/.local/lib/python3.8/site-packages/airflow/providers/docker/operators/docker.py", line 486, in execute
    return self._run_image()
  File "/home/airflow/.local/lib/python3.8/site-packages/airflow/providers/docker/operators/docker.py", line 357, in _run_image
    return self._run_image_with_mounts(self.mounts, add_tmp_variable=False)
  File "/home/airflow/.local/lib/python3.8/site-packages/airflow/providers/docker/operators/docker.py", line 421, in _run_image_with_mounts
    raise DockerContainerFailedException(f"Docker container failed: {result!r}", logs=log_lines)
airflow.providers.docker.exceptions.DockerContainerFailedException: Docker container failed: {'StatusCode': 1}
[2024-06-27T18:44:22.902+0000] {taskinstance.py:1400} INFO - Marking task as UP_FOR_RETRY. dag_id=kafka_spark_dag, task_id=pyspark_consumer, execution_date=20240627T184357, start_date=20240627T184401, end_date=20240627T184422
[2024-06-27T18:44:22.912+0000] {standard_task_runner.py:104} ERROR - Failed to execute job 138 for task pyspark_consumer (Docker container failed: {'StatusCode': 1}; 1141)
[2024-06-27T18:44:22.934+0000] {local_task_job_runner.py:228} INFO - Task exited with return code 1
[2024-06-27T18:44:22.941+0000] {taskinstance.py:2778} INFO - 0 downstream tasks scheduled from follow-on schedule check
