[2024-06-27T17:35:20.029+0000] {taskinstance.py:1159} INFO - Dependencies all met for dep_context=non-requeueable deps ti=<TaskInstance: kafka_spark_dag.pyspark_consumer manual__2024-06-27T17:34:46.577053+00:00 [queued]>
[2024-06-27T17:35:20.034+0000] {taskinstance.py:1159} INFO - Dependencies all met for dep_context=requeueable deps ti=<TaskInstance: kafka_spark_dag.pyspark_consumer manual__2024-06-27T17:34:46.577053+00:00 [queued]>
[2024-06-27T17:35:20.034+0000] {taskinstance.py:1361} INFO - Starting attempt 2 of 2
[2024-06-27T17:35:20.042+0000] {taskinstance.py:1382} INFO - Executing <Task(DockerOperator): pyspark_consumer> on 2024-06-27 17:34:46.577053+00:00
[2024-06-27T17:35:20.045+0000] {standard_task_runner.py:57} INFO - Started process 45930 to run task
[2024-06-27T17:35:20.047+0000] {standard_task_runner.py:84} INFO - Running: ['***', 'tasks', 'run', 'kafka_spark_dag', 'pyspark_consumer', 'manual__2024-06-27T17:34:46.577053+00:00', '--job-id', '135', '--raw', '--subdir', 'DAGS_FOLDER/dag_kafka_spark.py', '--cfg-path', '/tmp/tmp6pzv5gpp']
[2024-06-27T17:35:20.049+0000] {standard_task_runner.py:85} INFO - Job 135: Subtask pyspark_consumer
[2024-06-27T17:35:20.074+0000] {task_command.py:416} INFO - Running <TaskInstance: kafka_spark_dag.pyspark_consumer manual__2024-06-27T17:34:46.577053+00:00 [running]> on host cd176cdca805
[2024-06-27T17:35:20.115+0000] {taskinstance.py:1662} INFO - Exporting env vars: AIRFLOW_CTX_DAG_OWNER='***' AIRFLOW_CTX_DAG_ID='kafka_spark_dag' AIRFLOW_CTX_TASK_ID='pyspark_consumer' AIRFLOW_CTX_EXECUTION_DATE='2024-06-27T17:34:46.577053+00:00' AIRFLOW_CTX_TRY_NUMBER='2' AIRFLOW_CTX_DAG_RUN_ID='manual__2024-06-27T17:34:46.577053+00:00'
[2024-06-27T17:35:20.176+0000] {docker.py:343} INFO - Starting docker container from image current-headlines/spark:latest
[2024-06-27T17:35:20.225+0000] {docker.py:351} WARNING - Using remote engine or docker-in-docker and mounting temporary volume from host is not supported. Falling back to `mount_tmp_dir=False` mode. You can set `mount_tmp_dir` parameter to False to disable mounting and remove the warning
[2024-06-27T17:35:20.416+0000] {docker.py:413} INFO - [38;5;6mspark [38;5;5m17:35:20.41 [0m[38;5;2mINFO [0m ==>
[2024-06-27T17:35:20.418+0000] {docker.py:413} INFO - [38;5;6mspark [38;5;5m17:35:20.41 [0m[38;5;2mINFO [0m ==> [1mWelcome to the Bitnami spark container[0m
[2024-06-27T17:35:20.419+0000] {docker.py:413} INFO - [38;5;6mspark [38;5;5m17:35:20.41 [0m[38;5;2mINFO [0m ==> Subscribe to project updates by watching [1mhttps://github.com/bitnami/containers[0m
[2024-06-27T17:35:20.419+0000] {docker.py:413} INFO - [38;5;6mspark [38;5;5m17:35:20.41 [0m[38;5;2mINFO [0m ==> Submit issues and feature requests at [1mhttps://github.com/bitnami/containers/issues[0m
[2024-06-27T17:35:20.420+0000] {docker.py:413} INFO - [38;5;6mspark [38;5;5m17:35:20.41 [0m[38;5;2mINFO [0m ==>
[2024-06-27T17:35:20.423+0000] {docker.py:413} INFO - 
[2024-06-27T17:35:21.288+0000] {docker.py:413} INFO - :: loading settings :: url = jar:file:/opt/bitnami/spark/jars/ivy-2.5.1.jar!/org/apache/ivy/core/settings/ivysettings.xml
[2024-06-27T17:35:21.320+0000] {docker.py:413} INFO - Ivy Default Cache set to: /opt/bitnami/spark/.ivy2/cache
The jars for the packages stored in: /opt/bitnami/spark/.ivy2/jars
[2024-06-27T17:35:21.322+0000] {docker.py:413} INFO - org.postgresql#postgresql added as a dependency
org.apache.spark#spark-sql-kafka-0-10_2.12 added as a dependency
[2024-06-27T17:35:21.323+0000] {docker.py:413} INFO - :: resolving dependencies :: org.apache.spark#spark-submit-parent-7bb45d85-48cc-4329-bd29-4fcc5bac1182;1.0
	confs: [default]
[2024-06-27T17:35:21.705+0000] {docker.py:413} INFO - found org.postgresql#postgresql;42.5.4 in central
[2024-06-27T17:35:21.782+0000] {docker.py:413} INFO - found org.checkerframework#checker-qual;3.5.0 in central
[2024-06-27T17:35:22.489+0000] {docker.py:413} INFO - found org.apache.spark#spark-sql-kafka-0-10_2.12;3.5.0 in central
[2024-06-27T17:35:22.633+0000] {docker.py:413} INFO - found org.apache.spark#spark-token-provider-kafka-0-10_2.12;3.5.0 in central
[2024-06-27T17:35:22.683+0000] {docker.py:413} INFO - found org.apache.kafka#kafka-clients;3.4.1 in central
[2024-06-27T17:35:22.742+0000] {docker.py:413} INFO - found org.lz4#lz4-java;1.8.0 in central
[2024-06-27T17:35:22.801+0000] {docker.py:413} INFO - found org.xerial.snappy#snappy-java;1.1.10.3 in central
[2024-06-27T17:35:23.096+0000] {docker.py:413} INFO - found org.slf4j#slf4j-api;2.0.7 in central
[2024-06-27T17:35:23.416+0000] {docker.py:413} INFO - found org.apache.hadoop#hadoop-client-runtime;3.3.4 in central
[2024-06-27T17:35:23.490+0000] {docker.py:413} INFO - found org.apache.hadoop#hadoop-client-api;3.3.4 in central
[2024-06-27T17:35:23.943+0000] {docker.py:413} INFO - found commons-logging#commons-logging;1.1.3 in central
[2024-06-27T17:35:24.041+0000] {docker.py:413} INFO - found com.google.code.findbugs#jsr305;3.0.0 in central
[2024-06-27T17:35:24.676+0000] {docker.py:413} INFO - found org.apache.commons#commons-pool2;2.11.1 in central
[2024-06-27T17:35:24.707+0000] {docker.py:413} INFO - downloading https://repo1.maven.org/maven2/org/postgresql/postgresql/42.5.4/postgresql-42.5.4.jar ...
[2024-06-27T17:35:24.894+0000] {docker.py:413} INFO - [SUCCESSFUL ] org.postgresql#postgresql;42.5.4!postgresql.jar (212ms)
[2024-06-27T17:35:24.914+0000] {docker.py:413} INFO - downloading https://repo1.maven.org/maven2/org/apache/spark/spark-sql-kafka-0-10_2.12/3.5.0/spark-sql-kafka-0-10_2.12-3.5.0.jar ...
[2024-06-27T17:35:25.001+0000] {docker.py:413} INFO - [SUCCESSFUL ] org.apache.spark#spark-sql-kafka-0-10_2.12;3.5.0!spark-sql-kafka-0-10_2.12.jar (106ms)
[2024-06-27T17:35:25.028+0000] {docker.py:413} INFO - downloading https://repo1.maven.org/maven2/org/checkerframework/checker-qual/3.5.0/checker-qual-3.5.0.jar ...
[2024-06-27T17:35:25.089+0000] {docker.py:413} INFO - [SUCCESSFUL ] org.checkerframework#checker-qual;3.5.0!checker-qual.jar (88ms)
[2024-06-27T17:35:25.111+0000] {docker.py:413} INFO - downloading https://repo1.maven.org/maven2/org/apache/spark/spark-token-provider-kafka-0-10_2.12/3.5.0/spark-token-provider-kafka-0-10_2.12-3.5.0.jar ...
[2024-06-27T17:35:25.150+0000] {docker.py:413} INFO - [SUCCESSFUL ] org.apache.spark#spark-token-provider-kafka-0-10_2.12;3.5.0!spark-token-provider-kafka-0-10_2.12.jar (60ms)
[2024-06-27T17:35:25.182+0000] {docker.py:413} INFO - downloading https://repo1.maven.org/maven2/org/apache/kafka/kafka-clients/3.4.1/kafka-clients-3.4.1.jar ...
[2024-06-27T17:35:25.955+0000] {docker.py:413} INFO - [SUCCESSFUL ] org.apache.kafka#kafka-clients;3.4.1!kafka-clients.jar (804ms)
[2024-06-27T17:35:25.981+0000] {docker.py:413} INFO - downloading https://repo1.maven.org/maven2/com/google/code/findbugs/jsr305/3.0.0/jsr305-3.0.0.jar ...
[2024-06-27T17:35:26.010+0000] {docker.py:413} INFO - [SUCCESSFUL ] com.google.code.findbugs#jsr305;3.0.0!jsr305.jar (54ms)
[2024-06-27T17:35:26.037+0000] {docker.py:413} INFO - downloading https://repo1.maven.org/maven2/org/apache/commons/commons-pool2/2.11.1/commons-pool2-2.11.1.jar ...
[2024-06-27T17:35:26.077+0000] {docker.py:413} INFO - [SUCCESSFUL ] org.apache.commons#commons-pool2;2.11.1!commons-pool2.jar (66ms)
[2024-06-27T17:35:26.110+0000] {docker.py:413} INFO - downloading https://repo1.maven.org/maven2/org/apache/hadoop/hadoop-client-runtime/3.3.4/hadoop-client-runtime-3.3.4.jar ...
[2024-06-27T17:35:30.553+0000] {docker.py:413} INFO - [SUCCESSFUL ] org.apache.hadoop#hadoop-client-runtime;3.3.4!hadoop-client-runtime.jar (4475ms)
[2024-06-27T17:35:30.576+0000] {docker.py:413} INFO - downloading https://repo1.maven.org/maven2/org/lz4/lz4-java/1.8.0/lz4-java-1.8.0.jar ...
[2024-06-27T17:35:30.720+0000] {docker.py:413} INFO - [SUCCESSFUL ] org.lz4#lz4-java;1.8.0!lz4-java.jar (164ms)
[2024-06-27T17:35:30.745+0000] {docker.py:413} INFO - downloading https://repo1.maven.org/maven2/org/xerial/snappy/snappy-java/1.1.10.3/snappy-java-1.1.10.3.jar ...
[2024-06-27T17:35:31.173+0000] {docker.py:413} INFO - [SUCCESSFUL ] org.xerial.snappy#snappy-java;1.1.10.3!snappy-java.jar(bundle) (454ms)
[2024-06-27T17:35:31.196+0000] {docker.py:413} INFO - downloading https://repo1.maven.org/maven2/org/slf4j/slf4j-api/2.0.7/slf4j-api-2.0.7.jar ...
[2024-06-27T17:35:31.228+0000] {docker.py:413} INFO - [SUCCESSFUL ] org.slf4j#slf4j-api;2.0.7!slf4j-api.jar (54ms)
[2024-06-27T17:35:31.251+0000] {docker.py:413} INFO - downloading https://repo1.maven.org/maven2/org/apache/hadoop/hadoop-client-api/3.3.4/hadoop-client-api-3.3.4.jar ...
[2024-06-27T17:35:34.329+0000] {docker.py:413} INFO - [SUCCESSFUL ] org.apache.hadoop#hadoop-client-api;3.3.4!hadoop-client-api.jar (3100ms)
[2024-06-27T17:35:34.377+0000] {docker.py:413} INFO - downloading https://repo1.maven.org/maven2/commons-logging/commons-logging/1.1.3/commons-logging-1.1.3.jar ...
[2024-06-27T17:35:34.410+0000] {docker.py:413} INFO - [SUCCESSFUL ] commons-logging#commons-logging;1.1.3!commons-logging.jar (81ms)
[2024-06-27T17:35:34.411+0000] {docker.py:413} INFO - :: resolution report :: resolve 3358ms :: artifacts dl 9730ms
[2024-06-27T17:35:34.412+0000] {docker.py:413} INFO - :: modules in use:
[2024-06-27T17:35:34.412+0000] {docker.py:413} INFO - com.google.code.findbugs#jsr305;3.0.0 from central in [default]
	commons-logging#commons-logging;1.1.3 from central in [default]
	org.apache.commons#commons-pool2;2.11.1 from central in [default]
	org.apache.hadoop#hadoop-client-api;3.3.4 from central in [default]
	org.apache.hadoop#hadoop-client-runtime;3.3.4 from central in [default]
[2024-06-27T17:35:34.413+0000] {docker.py:413} INFO - org.apache.kafka#kafka-clients;3.4.1 from central in [default]
	org.apache.spark#spark-sql-kafka-0-10_2.12;3.5.0 from central in [default]
	org.apache.spark#spark-token-provider-kafka-0-10_2.12;3.5.0 from central in [default]
	org.checkerframework#checker-qual;3.5.0 from central in [default]
	org.lz4#lz4-java;1.8.0 from central in [default]
	org.postgresql#postgresql;42.5.4 from central in [default]
	org.slf4j#slf4j-api;2.0.7 from central in [default]
[2024-06-27T17:35:34.413+0000] {docker.py:413} INFO - org.xerial.snappy#snappy-java;1.1.10.3 from central in [default]
[2024-06-27T17:35:34.414+0000] {docker.py:413} INFO - ---------------------------------------------------------------------
	|                  |            modules            ||   artifacts   |
	|       conf       | number| search|dwnlded|evicted|| number|dwnlded|
	---------------------------------------------------------------------
[2024-06-27T17:35:34.416+0000] {docker.py:413} INFO - |      default     |   13  |   13  |   13  |   0   ||   13  |   13  |
	---------------------------------------------------------------------
[2024-06-27T17:35:34.420+0000] {docker.py:413} INFO - :: retrieving :: org.apache.spark#spark-submit-parent-7bb45d85-48cc-4329-bd29-4fcc5bac1182
	confs: [default]
[2024-06-27T17:35:34.458+0000] {docker.py:413} INFO - 13 artifacts copied, 0 already retrieved (58001kB/40ms)
[2024-06-27T17:35:34.561+0000] {docker.py:413} INFO - 24/06/27 17:35:34 WARN NativeCodeLoader: Unable to load native-hadoop library for your platform... using builtin-java classes where applicable
[2024-06-27T17:35:35.092+0000] {docker.py:413} INFO - 24/06/27 17:35:35 INFO SparkContext: Running Spark version 3.5.0
[2024-06-27T17:35:35.092+0000] {docker.py:413} INFO - 24/06/27 17:35:35 INFO SparkContext: OS info Linux, 6.6.12-linuxkit, aarch64
[2024-06-27T17:35:35.093+0000] {docker.py:413} INFO - 24/06/27 17:35:35 INFO SparkContext: Java version 17.0.10
[2024-06-27T17:35:35.102+0000] {docker.py:413} INFO - 24/06/27 17:35:35 INFO ResourceUtils: ==============================================================
[2024-06-27T17:35:35.103+0000] {docker.py:413} INFO - 24/06/27 17:35:35 INFO ResourceUtils: No custom resources configured for spark.driver.
[2024-06-27T17:35:35.103+0000] {docker.py:413} INFO - 24/06/27 17:35:35 INFO ResourceUtils: ==============================================================
[2024-06-27T17:35:35.103+0000] {docker.py:413} INFO - 24/06/27 17:35:35 INFO SparkContext: Submitted application: PostgreSQL Connection with PySpark
[2024-06-27T17:35:35.114+0000] {docker.py:413} INFO - 24/06/27 17:35:35 INFO ResourceProfile: Default ResourceProfile created, executor resources: Map(cores -> name: cores, amount: 1, script: , vendor: , memory -> name: memory, amount: 1024, script: , vendor: , offHeap -> name: offHeap, amount: 0, script: , vendor: ), task resources: Map(cpus -> name: cpus, amount: 1.0)
[2024-06-27T17:35:35.119+0000] {docker.py:413} INFO - 24/06/27 17:35:35 INFO ResourceProfile: Limiting resource is cpu
[2024-06-27T17:35:35.119+0000] {docker.py:413} INFO - 24/06/27 17:35:35 INFO ResourceProfileManager: Added ResourceProfile id: 0
[2024-06-27T17:35:35.144+0000] {docker.py:413} INFO - 24/06/27 17:35:35 INFO SecurityManager: Changing view acls to: spark
[2024-06-27T17:35:35.144+0000] {docker.py:413} INFO - 24/06/27 17:35:35 INFO SecurityManager: Changing modify acls to: spark
[2024-06-27T17:35:35.144+0000] {docker.py:413} INFO - 24/06/27 17:35:35 INFO SecurityManager: Changing view acls groups to:
[2024-06-27T17:35:35.145+0000] {docker.py:413} INFO - 24/06/27 17:35:35 INFO SecurityManager: Changing modify acls groups to:
[2024-06-27T17:35:35.145+0000] {docker.py:413} INFO - 24/06/27 17:35:35 INFO SecurityManager: SecurityManager: authentication disabled; ui acls disabled; users with view permissions: spark; groups with view permissions: EMPTY; users with modify permissions: spark; groups with modify permissions: EMPTY
[2024-06-27T17:35:35.239+0000] {docker.py:413} INFO - 24/06/27 17:35:35 INFO Utils: Successfully started service 'sparkDriver' on port 40937.
[2024-06-27T17:35:35.251+0000] {docker.py:413} INFO - 24/06/27 17:35:35 INFO SparkEnv: Registering MapOutputTracker
[2024-06-27T17:35:35.266+0000] {docker.py:413} INFO - 24/06/27 17:35:35 INFO SparkEnv: Registering BlockManagerMaster
[2024-06-27T17:35:35.274+0000] {docker.py:413} INFO - 24/06/27 17:35:35 INFO BlockManagerMasterEndpoint: Using org.apache.spark.storage.DefaultTopologyMapper for getting topology information
[2024-06-27T17:35:35.275+0000] {docker.py:413} INFO - 24/06/27 17:35:35 INFO BlockManagerMasterEndpoint: BlockManagerMasterEndpoint up
[2024-06-27T17:35:35.276+0000] {docker.py:413} INFO - 24/06/27 17:35:35 INFO SparkEnv: Registering BlockManagerMasterHeartbeat
[2024-06-27T17:35:35.290+0000] {docker.py:413} INFO - 24/06/27 17:35:35 INFO DiskBlockManager: Created local directory at /tmp/blockmgr-d874057d-3a06-420d-bb33-45820cbf7cca
[2024-06-27T17:35:35.297+0000] {docker.py:413} INFO - 24/06/27 17:35:35 INFO MemoryStore: MemoryStore started with capacity 434.4 MiB
[2024-06-27T17:35:35.304+0000] {docker.py:413} INFO - 24/06/27 17:35:35 INFO SparkEnv: Registering OutputCommitCoordinator
[2024-06-27T17:35:35.377+0000] {docker.py:413} INFO - 24/06/27 17:35:35 INFO JettyUtils: Start Jetty 0.0.0.0:4040 for SparkUI
[2024-06-27T17:35:35.406+0000] {docker.py:413} INFO - 24/06/27 17:35:35 INFO Utils: Successfully started service 'SparkUI' on port 4040.
[2024-06-27T17:35:35.425+0000] {docker.py:413} INFO - 24/06/27 17:35:35 INFO SparkContext: Added JAR file:///opt/bitnami/spark/.ivy2/jars/org.postgresql_postgresql-42.5.4.jar at spark://localhost:40937/jars/org.postgresql_postgresql-42.5.4.jar with timestamp 1719509735087
[2024-06-27T17:35:35.425+0000] {docker.py:413} INFO - 24/06/27 17:35:35 INFO SparkContext: Added JAR file:///opt/bitnami/spark/.ivy2/jars/org.apache.spark_spark-sql-kafka-0-10_2.12-3.5.0.jar at spark://localhost:40937/jars/org.apache.spark_spark-sql-kafka-0-10_2.12-3.5.0.jar with timestamp 1719509735087
[2024-06-27T17:35:35.426+0000] {docker.py:413} INFO - 24/06/27 17:35:35 INFO SparkContext: Added JAR file:///opt/bitnami/spark/.ivy2/jars/org.checkerframework_checker-qual-3.5.0.jar at spark://localhost:40937/jars/org.checkerframework_checker-qual-3.5.0.jar with timestamp 1719509735087
[2024-06-27T17:35:35.426+0000] {docker.py:413} INFO - 24/06/27 17:35:35 INFO SparkContext: Added JAR file:///opt/bitnami/spark/.ivy2/jars/org.apache.spark_spark-token-provider-kafka-0-10_2.12-3.5.0.jar at spark://localhost:40937/jars/org.apache.spark_spark-token-provider-kafka-0-10_2.12-3.5.0.jar with timestamp 1719509735087
24/06/27 17:35:35 INFO SparkContext: Added JAR file:///opt/bitnami/spark/.ivy2/jars/org.apache.kafka_kafka-clients-3.4.1.jar at spark://localhost:40937/jars/org.apache.kafka_kafka-clients-3.4.1.jar with timestamp 1719509735087
[2024-06-27T17:35:35.426+0000] {docker.py:413} INFO - 24/06/27 17:35:35 INFO SparkContext: Added JAR file:///opt/bitnami/spark/.ivy2/jars/com.google.code.findbugs_jsr305-3.0.0.jar at spark://localhost:40937/jars/com.google.code.findbugs_jsr305-3.0.0.jar with timestamp 1719509735087
[2024-06-27T17:35:35.426+0000] {docker.py:413} INFO - 24/06/27 17:35:35 INFO SparkContext: Added JAR file:///opt/bitnami/spark/.ivy2/jars/org.apache.commons_commons-pool2-2.11.1.jar at spark://localhost:40937/jars/org.apache.commons_commons-pool2-2.11.1.jar with timestamp 1719509735087
[2024-06-27T17:35:35.427+0000] {docker.py:413} INFO - 24/06/27 17:35:35 INFO SparkContext: Added JAR file:///opt/bitnami/spark/.ivy2/jars/org.apache.hadoop_hadoop-client-runtime-3.3.4.jar at spark://localhost:40937/jars/org.apache.hadoop_hadoop-client-runtime-3.3.4.jar with timestamp 1719509735087
[2024-06-27T17:35:35.427+0000] {docker.py:413} INFO - 24/06/27 17:35:35 INFO SparkContext: Added JAR file:///opt/bitnami/spark/.ivy2/jars/org.lz4_lz4-java-1.8.0.jar at spark://localhost:40937/jars/org.lz4_lz4-java-1.8.0.jar with timestamp 1719509735087
24/06/27 17:35:35 INFO SparkContext: Added JAR file:///opt/bitnami/spark/.ivy2/jars/org.xerial.snappy_snappy-java-1.1.10.3.jar at spark://localhost:40937/jars/org.xerial.snappy_snappy-java-1.1.10.3.jar with timestamp 1719509735087
24/06/27 17:35:35 INFO SparkContext: Added JAR file:///opt/bitnami/spark/.ivy2/jars/org.slf4j_slf4j-api-2.0.7.jar at spark://localhost:40937/jars/org.slf4j_slf4j-api-2.0.7.jar with timestamp 1719509735087
[2024-06-27T17:35:35.427+0000] {docker.py:413} INFO - 24/06/27 17:35:35 INFO SparkContext: Added JAR file:///opt/bitnami/spark/.ivy2/jars/org.apache.hadoop_hadoop-client-api-3.3.4.jar at spark://localhost:40937/jars/org.apache.hadoop_hadoop-client-api-3.3.4.jar with timestamp 1719509735087
24/06/27 17:35:35 INFO SparkContext: Added JAR file:///opt/bitnami/spark/.ivy2/jars/commons-logging_commons-logging-1.1.3.jar at spark://localhost:40937/jars/commons-logging_commons-logging-1.1.3.jar with timestamp 1719509735087
[2024-06-27T17:35:35.427+0000] {docker.py:413} INFO - 24/06/27 17:35:35 INFO SparkContext: Added file file:///opt/bitnami/spark/.ivy2/jars/org.postgresql_postgresql-42.5.4.jar at file:///opt/bitnami/spark/.ivy2/jars/org.postgresql_postgresql-42.5.4.jar with timestamp 1719509735087
[2024-06-27T17:35:35.428+0000] {docker.py:413} INFO - 24/06/27 17:35:35 INFO Utils: Copying /opt/bitnami/spark/.ivy2/jars/org.postgresql_postgresql-42.5.4.jar to /tmp/spark-d9cc0887-ffa8-4942-a01a-d962fd196b2a/userFiles-e8f94b23-ab66-4519-8f1b-2eada9efe673/org.postgresql_postgresql-42.5.4.jar
[2024-06-27T17:35:35.433+0000] {docker.py:413} INFO - 24/06/27 17:35:35 INFO SparkContext: Added file file:///opt/bitnami/spark/.ivy2/jars/org.apache.spark_spark-sql-kafka-0-10_2.12-3.5.0.jar at file:///opt/bitnami/spark/.ivy2/jars/org.apache.spark_spark-sql-kafka-0-10_2.12-3.5.0.jar with timestamp 1719509735087
[2024-06-27T17:35:35.433+0000] {docker.py:413} INFO - 24/06/27 17:35:35 INFO Utils: Copying /opt/bitnami/spark/.ivy2/jars/org.apache.spark_spark-sql-kafka-0-10_2.12-3.5.0.jar to /tmp/spark-d9cc0887-ffa8-4942-a01a-d962fd196b2a/userFiles-e8f94b23-ab66-4519-8f1b-2eada9efe673/org.apache.spark_spark-sql-kafka-0-10_2.12-3.5.0.jar
[2024-06-27T17:35:35.434+0000] {docker.py:413} INFO - 24/06/27 17:35:35 INFO SparkContext: Added file file:///opt/bitnami/spark/.ivy2/jars/org.checkerframework_checker-qual-3.5.0.jar at file:///opt/bitnami/spark/.ivy2/jars/org.checkerframework_checker-qual-3.5.0.jar with timestamp 1719509735087
[2024-06-27T17:35:35.435+0000] {docker.py:413} INFO - 24/06/27 17:35:35 INFO Utils: Copying /opt/bitnami/spark/.ivy2/jars/org.checkerframework_checker-qual-3.5.0.jar to /tmp/spark-d9cc0887-ffa8-4942-a01a-d962fd196b2a/userFiles-e8f94b23-ab66-4519-8f1b-2eada9efe673/org.checkerframework_checker-qual-3.5.0.jar
[2024-06-27T17:35:35.437+0000] {docker.py:413} INFO - 24/06/27 17:35:35 INFO SparkContext: Added file file:///opt/bitnami/spark/.ivy2/jars/org.apache.spark_spark-token-provider-kafka-0-10_2.12-3.5.0.jar at file:///opt/bitnami/spark/.ivy2/jars/org.apache.spark_spark-token-provider-kafka-0-10_2.12-3.5.0.jar with timestamp 1719509735087
24/06/27 17:35:35 INFO Utils: Copying /opt/bitnami/spark/.ivy2/jars/org.apache.spark_spark-token-provider-kafka-0-10_2.12-3.5.0.jar to /tmp/spark-d9cc0887-ffa8-4942-a01a-d962fd196b2a/userFiles-e8f94b23-ab66-4519-8f1b-2eada9efe673/org.apache.spark_spark-token-provider-kafka-0-10_2.12-3.5.0.jar
[2024-06-27T17:35:35.438+0000] {docker.py:413} INFO - 24/06/27 17:35:35 INFO SparkContext: Added file file:///opt/bitnami/spark/.ivy2/jars/org.apache.kafka_kafka-clients-3.4.1.jar at file:///opt/bitnami/spark/.ivy2/jars/org.apache.kafka_kafka-clients-3.4.1.jar with timestamp 1719509735087
[2024-06-27T17:35:35.438+0000] {docker.py:413} INFO - 24/06/27 17:35:35 INFO Utils: Copying /opt/bitnami/spark/.ivy2/jars/org.apache.kafka_kafka-clients-3.4.1.jar to /tmp/spark-d9cc0887-ffa8-4942-a01a-d962fd196b2a/userFiles-e8f94b23-ab66-4519-8f1b-2eada9efe673/org.apache.kafka_kafka-clients-3.4.1.jar
[2024-06-27T17:35:35.440+0000] {docker.py:413} INFO - 24/06/27 17:35:35 INFO SparkContext: Added file file:///opt/bitnami/spark/.ivy2/jars/com.google.code.findbugs_jsr305-3.0.0.jar at file:///opt/bitnami/spark/.ivy2/jars/com.google.code.findbugs_jsr305-3.0.0.jar with timestamp 1719509735087
[2024-06-27T17:35:35.441+0000] {docker.py:413} INFO - 24/06/27 17:35:35 INFO Utils: Copying /opt/bitnami/spark/.ivy2/jars/com.google.code.findbugs_jsr305-3.0.0.jar to /tmp/spark-d9cc0887-ffa8-4942-a01a-d962fd196b2a/userFiles-e8f94b23-ab66-4519-8f1b-2eada9efe673/com.google.code.findbugs_jsr305-3.0.0.jar
[2024-06-27T17:35:35.442+0000] {docker.py:413} INFO - 24/06/27 17:35:35 INFO SparkContext: Added file file:///opt/bitnami/spark/.ivy2/jars/org.apache.commons_commons-pool2-2.11.1.jar at file:///opt/bitnami/spark/.ivy2/jars/org.apache.commons_commons-pool2-2.11.1.jar with timestamp 1719509735087
24/06/27 17:35:35 INFO Utils: Copying /opt/bitnami/spark/.ivy2/jars/org.apache.commons_commons-pool2-2.11.1.jar to /tmp/spark-d9cc0887-ffa8-4942-a01a-d962fd196b2a/userFiles-e8f94b23-ab66-4519-8f1b-2eada9efe673/org.apache.commons_commons-pool2-2.11.1.jar
[2024-06-27T17:35:35.444+0000] {docker.py:413} INFO - 24/06/27 17:35:35 INFO SparkContext: Added file file:///opt/bitnami/spark/.ivy2/jars/org.apache.hadoop_hadoop-client-runtime-3.3.4.jar at file:///opt/bitnami/spark/.ivy2/jars/org.apache.hadoop_hadoop-client-runtime-3.3.4.jar with timestamp 1719509735087
24/06/27 17:35:35 INFO Utils: Copying /opt/bitnami/spark/.ivy2/jars/org.apache.hadoop_hadoop-client-runtime-3.3.4.jar to /tmp/spark-d9cc0887-ffa8-4942-a01a-d962fd196b2a/userFiles-e8f94b23-ab66-4519-8f1b-2eada9efe673/org.apache.hadoop_hadoop-client-runtime-3.3.4.jar
[2024-06-27T17:35:35.451+0000] {docker.py:413} INFO - 24/06/27 17:35:35 INFO SparkContext: Added file file:///opt/bitnami/spark/.ivy2/jars/org.lz4_lz4-java-1.8.0.jar at file:///opt/bitnami/spark/.ivy2/jars/org.lz4_lz4-java-1.8.0.jar with timestamp 1719509735087
24/06/27 17:35:35 INFO Utils: Copying /opt/bitnami/spark/.ivy2/jars/org.lz4_lz4-java-1.8.0.jar to /tmp/spark-d9cc0887-ffa8-4942-a01a-d962fd196b2a/userFiles-e8f94b23-ab66-4519-8f1b-2eada9efe673/org.lz4_lz4-java-1.8.0.jar
[2024-06-27T17:35:35.452+0000] {docker.py:413} INFO - 24/06/27 17:35:35 INFO SparkContext: Added file file:///opt/bitnami/spark/.ivy2/jars/org.xerial.snappy_snappy-java-1.1.10.3.jar at file:///opt/bitnami/spark/.ivy2/jars/org.xerial.snappy_snappy-java-1.1.10.3.jar with timestamp 1719509735087
24/06/27 17:35:35 INFO Utils: Copying /opt/bitnami/spark/.ivy2/jars/org.xerial.snappy_snappy-java-1.1.10.3.jar to /tmp/spark-d9cc0887-ffa8-4942-a01a-d962fd196b2a/userFiles-e8f94b23-ab66-4519-8f1b-2eada9efe673/org.xerial.snappy_snappy-java-1.1.10.3.jar
[2024-06-27T17:35:35.454+0000] {docker.py:413} INFO - 24/06/27 17:35:35 INFO SparkContext: Added file file:///opt/bitnami/spark/.ivy2/jars/org.slf4j_slf4j-api-2.0.7.jar at file:///opt/bitnami/spark/.ivy2/jars/org.slf4j_slf4j-api-2.0.7.jar with timestamp 1719509735087
[2024-06-27T17:35:35.455+0000] {docker.py:413} INFO - 24/06/27 17:35:35 INFO Utils: Copying /opt/bitnami/spark/.ivy2/jars/org.slf4j_slf4j-api-2.0.7.jar to /tmp/spark-d9cc0887-ffa8-4942-a01a-d962fd196b2a/userFiles-e8f94b23-ab66-4519-8f1b-2eada9efe673/org.slf4j_slf4j-api-2.0.7.jar
[2024-06-27T17:35:35.456+0000] {docker.py:413} INFO - 24/06/27 17:35:35 INFO SparkContext: Added file file:///opt/bitnami/spark/.ivy2/jars/org.apache.hadoop_hadoop-client-api-3.3.4.jar at file:///opt/bitnami/spark/.ivy2/jars/org.apache.hadoop_hadoop-client-api-3.3.4.jar with timestamp 1719509735087
[2024-06-27T17:35:35.456+0000] {docker.py:413} INFO - 24/06/27 17:35:35 INFO Utils: Copying /opt/bitnami/spark/.ivy2/jars/org.apache.hadoop_hadoop-client-api-3.3.4.jar to /tmp/spark-d9cc0887-ffa8-4942-a01a-d962fd196b2a/userFiles-e8f94b23-ab66-4519-8f1b-2eada9efe673/org.apache.hadoop_hadoop-client-api-3.3.4.jar
[2024-06-27T17:35:35.463+0000] {docker.py:413} INFO - 24/06/27 17:35:35 INFO SparkContext: Added file file:///opt/bitnami/spark/.ivy2/jars/commons-logging_commons-logging-1.1.3.jar at file:///opt/bitnami/spark/.ivy2/jars/commons-logging_commons-logging-1.1.3.jar with timestamp 1719509735087
[2024-06-27T17:35:35.463+0000] {docker.py:413} INFO - 24/06/27 17:35:35 INFO Utils: Copying /opt/bitnami/spark/.ivy2/jars/commons-logging_commons-logging-1.1.3.jar to /tmp/spark-d9cc0887-ffa8-4942-a01a-d962fd196b2a/userFiles-e8f94b23-ab66-4519-8f1b-2eada9efe673/commons-logging_commons-logging-1.1.3.jar
[2024-06-27T17:35:35.494+0000] {docker.py:413} INFO - 24/06/27 17:35:35 INFO Executor: Starting executor ID driver on host localhost
[2024-06-27T17:35:35.494+0000] {docker.py:413} INFO - 24/06/27 17:35:35 INFO Executor: OS info Linux, 6.6.12-linuxkit, aarch64
[2024-06-27T17:35:35.494+0000] {docker.py:413} INFO - 24/06/27 17:35:35 INFO Executor: Java version 17.0.10
[2024-06-27T17:35:35.497+0000] {docker.py:413} INFO - 24/06/27 17:35:35 INFO Executor: Starting executor with user classpath (userClassPathFirst = false): ''
[2024-06-27T17:35:35.497+0000] {docker.py:413} INFO - 24/06/27 17:35:35 INFO Executor: Created or updated repl class loader org.apache.spark.util.MutableURLClassLoader@47857c9a for default.
[2024-06-27T17:35:35.501+0000] {docker.py:413} INFO - 24/06/27 17:35:35 INFO Executor: Fetching file:///opt/bitnami/spark/.ivy2/jars/org.apache.spark_spark-token-provider-kafka-0-10_2.12-3.5.0.jar with timestamp 1719509735087
[2024-06-27T17:35:35.509+0000] {docker.py:413} INFO - 24/06/27 17:35:35 INFO Utils: /opt/bitnami/spark/.ivy2/jars/org.apache.spark_spark-token-provider-kafka-0-10_2.12-3.5.0.jar has been previously copied to /tmp/spark-d9cc0887-ffa8-4942-a01a-d962fd196b2a/userFiles-e8f94b23-ab66-4519-8f1b-2eada9efe673/org.apache.spark_spark-token-provider-kafka-0-10_2.12-3.5.0.jar
[2024-06-27T17:35:35.510+0000] {docker.py:413} INFO - 24/06/27 17:35:35 INFO Executor: Fetching file:///opt/bitnami/spark/.ivy2/jars/org.apache.hadoop_hadoop-client-runtime-3.3.4.jar with timestamp 1719509735087
[2024-06-27T17:35:35.522+0000] {docker.py:413} INFO - 24/06/27 17:35:35 INFO Utils: /opt/bitnami/spark/.ivy2/jars/org.apache.hadoop_hadoop-client-runtime-3.3.4.jar has been previously copied to /tmp/spark-d9cc0887-ffa8-4942-a01a-d962fd196b2a/userFiles-e8f94b23-ab66-4519-8f1b-2eada9efe673/org.apache.hadoop_hadoop-client-runtime-3.3.4.jar
[2024-06-27T17:35:35.523+0000] {docker.py:413} INFO - 24/06/27 17:35:35 INFO Executor: Fetching file:///opt/bitnami/spark/.ivy2/jars/org.apache.commons_commons-pool2-2.11.1.jar with timestamp 1719509735087
[2024-06-27T17:35:35.523+0000] {docker.py:413} INFO - 24/06/27 17:35:35 INFO Utils: /opt/bitnami/spark/.ivy2/jars/org.apache.commons_commons-pool2-2.11.1.jar has been previously copied to /tmp/spark-d9cc0887-ffa8-4942-a01a-d962fd196b2a/userFiles-e8f94b23-ab66-4519-8f1b-2eada9efe673/org.apache.commons_commons-pool2-2.11.1.jar
[2024-06-27T17:35:35.525+0000] {docker.py:413} INFO - 24/06/27 17:35:35 INFO Executor: Fetching file:///opt/bitnami/spark/.ivy2/jars/org.postgresql_postgresql-42.5.4.jar with timestamp 1719509735087
[2024-06-27T17:35:35.525+0000] {docker.py:413} INFO - 24/06/27 17:35:35 INFO Utils: /opt/bitnami/spark/.ivy2/jars/org.postgresql_postgresql-42.5.4.jar has been previously copied to /tmp/spark-d9cc0887-ffa8-4942-a01a-d962fd196b2a/userFiles-e8f94b23-ab66-4519-8f1b-2eada9efe673/org.postgresql_postgresql-42.5.4.jar
[2024-06-27T17:35:35.526+0000] {docker.py:413} INFO - 24/06/27 17:35:35 INFO Executor: Fetching file:///opt/bitnami/spark/.ivy2/jars/org.slf4j_slf4j-api-2.0.7.jar with timestamp 1719509735087
[2024-06-27T17:35:35.527+0000] {docker.py:413} INFO - 24/06/27 17:35:35 INFO Utils: /opt/bitnami/spark/.ivy2/jars/org.slf4j_slf4j-api-2.0.7.jar has been previously copied to /tmp/spark-d9cc0887-ffa8-4942-a01a-d962fd196b2a/userFiles-e8f94b23-ab66-4519-8f1b-2eada9efe673/org.slf4j_slf4j-api-2.0.7.jar
[2024-06-27T17:35:35.528+0000] {docker.py:413} INFO - 24/06/27 17:35:35 INFO Executor: Fetching file:///opt/bitnami/spark/.ivy2/jars/org.apache.kafka_kafka-clients-3.4.1.jar with timestamp 1719509735087
[2024-06-27T17:35:35.530+0000] {docker.py:413} INFO - 24/06/27 17:35:35 INFO Utils: /opt/bitnami/spark/.ivy2/jars/org.apache.kafka_kafka-clients-3.4.1.jar has been previously copied to /tmp/spark-d9cc0887-ffa8-4942-a01a-d962fd196b2a/userFiles-e8f94b23-ab66-4519-8f1b-2eada9efe673/org.apache.kafka_kafka-clients-3.4.1.jar
[2024-06-27T17:35:35.531+0000] {docker.py:413} INFO - 24/06/27 17:35:35 INFO Executor: Fetching file:///opt/bitnami/spark/.ivy2/jars/com.google.code.findbugs_jsr305-3.0.0.jar with timestamp 1719509735087
[2024-06-27T17:35:35.531+0000] {docker.py:413} INFO - 24/06/27 17:35:35 INFO Utils: /opt/bitnami/spark/.ivy2/jars/com.google.code.findbugs_jsr305-3.0.0.jar has been previously copied to /tmp/spark-d9cc0887-ffa8-4942-a01a-d962fd196b2a/userFiles-e8f94b23-ab66-4519-8f1b-2eada9efe673/com.google.code.findbugs_jsr305-3.0.0.jar
[2024-06-27T17:35:35.532+0000] {docker.py:413} INFO - 24/06/27 17:35:35 INFO Executor: Fetching file:///opt/bitnami/spark/.ivy2/jars/org.lz4_lz4-java-1.8.0.jar with timestamp 1719509735087
[2024-06-27T17:35:35.533+0000] {docker.py:413} INFO - 24/06/27 17:35:35 INFO Utils: /opt/bitnami/spark/.ivy2/jars/org.lz4_lz4-java-1.8.0.jar has been previously copied to /tmp/spark-d9cc0887-ffa8-4942-a01a-d962fd196b2a/userFiles-e8f94b23-ab66-4519-8f1b-2eada9efe673/org.lz4_lz4-java-1.8.0.jar
[2024-06-27T17:35:35.534+0000] {docker.py:413} INFO - 24/06/27 17:35:35 INFO Executor: Fetching file:///opt/bitnami/spark/.ivy2/jars/org.apache.spark_spark-sql-kafka-0-10_2.12-3.5.0.jar with timestamp 1719509735087
[2024-06-27T17:35:35.536+0000] {docker.py:413} INFO - 24/06/27 17:35:35 INFO Utils: /opt/bitnami/spark/.ivy2/jars/org.apache.spark_spark-sql-kafka-0-10_2.12-3.5.0.jar has been previously copied to /tmp/spark-d9cc0887-ffa8-4942-a01a-d962fd196b2a/userFiles-e8f94b23-ab66-4519-8f1b-2eada9efe673/org.apache.spark_spark-sql-kafka-0-10_2.12-3.5.0.jar
24/06/27 17:35:35 INFO Executor: Fetching file:///opt/bitnami/spark/.ivy2/jars/org.apache.hadoop_hadoop-client-api-3.3.4.jar with timestamp 1719509735087
[2024-06-27T17:35:35.542+0000] {docker.py:413} INFO - 24/06/27 17:35:35 INFO Utils: /opt/bitnami/spark/.ivy2/jars/org.apache.hadoop_hadoop-client-api-3.3.4.jar has been previously copied to /tmp/spark-d9cc0887-ffa8-4942-a01a-d962fd196b2a/userFiles-e8f94b23-ab66-4519-8f1b-2eada9efe673/org.apache.hadoop_hadoop-client-api-3.3.4.jar
[2024-06-27T17:35:35.543+0000] {docker.py:413} INFO - 24/06/27 17:35:35 INFO Executor: Fetching file:///opt/bitnami/spark/.ivy2/jars/commons-logging_commons-logging-1.1.3.jar with timestamp 1719509735087
[2024-06-27T17:35:35.544+0000] {docker.py:413} INFO - 24/06/27 17:35:35 INFO Utils: /opt/bitnami/spark/.ivy2/jars/commons-logging_commons-logging-1.1.3.jar has been previously copied to /tmp/spark-d9cc0887-ffa8-4942-a01a-d962fd196b2a/userFiles-e8f94b23-ab66-4519-8f1b-2eada9efe673/commons-logging_commons-logging-1.1.3.jar
[2024-06-27T17:35:35.545+0000] {docker.py:413} INFO - 24/06/27 17:35:35 INFO Executor: Fetching file:///opt/bitnami/spark/.ivy2/jars/org.checkerframework_checker-qual-3.5.0.jar with timestamp 1719509735087
[2024-06-27T17:35:35.546+0000] {docker.py:413} INFO - 24/06/27 17:35:35 INFO Utils: /opt/bitnami/spark/.ivy2/jars/org.checkerframework_checker-qual-3.5.0.jar has been previously copied to /tmp/spark-d9cc0887-ffa8-4942-a01a-d962fd196b2a/userFiles-e8f94b23-ab66-4519-8f1b-2eada9efe673/org.checkerframework_checker-qual-3.5.0.jar
[2024-06-27T17:35:35.547+0000] {docker.py:413} INFO - 24/06/27 17:35:35 INFO Executor: Fetching file:///opt/bitnami/spark/.ivy2/jars/org.xerial.snappy_snappy-java-1.1.10.3.jar with timestamp 1719509735087
[2024-06-27T17:35:35.547+0000] {docker.py:413} INFO - 24/06/27 17:35:35 INFO Utils: /opt/bitnami/spark/.ivy2/jars/org.xerial.snappy_snappy-java-1.1.10.3.jar has been previously copied to /tmp/spark-d9cc0887-ffa8-4942-a01a-d962fd196b2a/userFiles-e8f94b23-ab66-4519-8f1b-2eada9efe673/org.xerial.snappy_snappy-java-1.1.10.3.jar
[2024-06-27T17:35:35.550+0000] {docker.py:413} INFO - 24/06/27 17:35:35 INFO Executor: Fetching spark://localhost:40937/jars/org.apache.spark_spark-token-provider-kafka-0-10_2.12-3.5.0.jar with timestamp 1719509735087
[2024-06-27T17:35:35.573+0000] {docker.py:413} INFO - 24/06/27 17:35:35 INFO TransportClientFactory: Successfully created connection to localhost/127.0.0.1:40937 after 15 ms (0 ms spent in bootstraps)
[2024-06-27T17:35:35.577+0000] {docker.py:413} INFO - 24/06/27 17:35:35 INFO Utils: Fetching spark://localhost:40937/jars/org.apache.spark_spark-token-provider-kafka-0-10_2.12-3.5.0.jar to /tmp/spark-d9cc0887-ffa8-4942-a01a-d962fd196b2a/userFiles-e8f94b23-ab66-4519-8f1b-2eada9efe673/fetchFileTemp7466667950184250281.tmp
[2024-06-27T17:35:35.589+0000] {docker.py:413} INFO - 24/06/27 17:35:35 INFO Utils: /tmp/spark-d9cc0887-ffa8-4942-a01a-d962fd196b2a/userFiles-e8f94b23-ab66-4519-8f1b-2eada9efe673/fetchFileTemp7466667950184250281.tmp has been previously copied to /tmp/spark-d9cc0887-ffa8-4942-a01a-d962fd196b2a/userFiles-e8f94b23-ab66-4519-8f1b-2eada9efe673/org.apache.spark_spark-token-provider-kafka-0-10_2.12-3.5.0.jar
[2024-06-27T17:35:35.593+0000] {docker.py:413} INFO - 24/06/27 17:35:35 INFO Executor: Adding file:/tmp/spark-d9cc0887-ffa8-4942-a01a-d962fd196b2a/userFiles-e8f94b23-ab66-4519-8f1b-2eada9efe673/org.apache.spark_spark-token-provider-kafka-0-10_2.12-3.5.0.jar to class loader default
[2024-06-27T17:35:35.596+0000] {docker.py:413} INFO - 24/06/27 17:35:35 INFO Executor: Fetching spark://localhost:40937/jars/org.apache.hadoop_hadoop-client-api-3.3.4.jar with timestamp 1719509735087
[2024-06-27T17:35:35.596+0000] {docker.py:413} INFO - 24/06/27 17:35:35 INFO Utils: Fetching spark://localhost:40937/jars/org.apache.hadoop_hadoop-client-api-3.3.4.jar to /tmp/spark-d9cc0887-ffa8-4942-a01a-d962fd196b2a/userFiles-e8f94b23-ab66-4519-8f1b-2eada9efe673/fetchFileTemp9141562113264843317.tmp
[2024-06-27T17:35:35.633+0000] {docker.py:413} INFO - 24/06/27 17:35:35 INFO Utils: /tmp/spark-d9cc0887-ffa8-4942-a01a-d962fd196b2a/userFiles-e8f94b23-ab66-4519-8f1b-2eada9efe673/fetchFileTemp9141562113264843317.tmp has been previously copied to /tmp/spark-d9cc0887-ffa8-4942-a01a-d962fd196b2a/userFiles-e8f94b23-ab66-4519-8f1b-2eada9efe673/org.apache.hadoop_hadoop-client-api-3.3.4.jar
[2024-06-27T17:35:35.635+0000] {docker.py:413} INFO - 24/06/27 17:35:35 INFO Executor: Adding file:/tmp/spark-d9cc0887-ffa8-4942-a01a-d962fd196b2a/userFiles-e8f94b23-ab66-4519-8f1b-2eada9efe673/org.apache.hadoop_hadoop-client-api-3.3.4.jar to class loader default
[2024-06-27T17:35:35.635+0000] {docker.py:413} INFO - 24/06/27 17:35:35 INFO Executor: Fetching spark://localhost:40937/jars/org.xerial.snappy_snappy-java-1.1.10.3.jar with timestamp 1719509735087
[2024-06-27T17:35:35.636+0000] {docker.py:413} INFO - 24/06/27 17:35:35 INFO Utils: Fetching spark://localhost:40937/jars/org.xerial.snappy_snappy-java-1.1.10.3.jar to /tmp/spark-d9cc0887-ffa8-4942-a01a-d962fd196b2a/userFiles-e8f94b23-ab66-4519-8f1b-2eada9efe673/fetchFileTemp381165540994238122.tmp
[2024-06-27T17:35:35.639+0000] {docker.py:413} INFO - 24/06/27 17:35:35 INFO Utils: /tmp/spark-d9cc0887-ffa8-4942-a01a-d962fd196b2a/userFiles-e8f94b23-ab66-4519-8f1b-2eada9efe673/fetchFileTemp381165540994238122.tmp has been previously copied to /tmp/spark-d9cc0887-ffa8-4942-a01a-d962fd196b2a/userFiles-e8f94b23-ab66-4519-8f1b-2eada9efe673/org.xerial.snappy_snappy-java-1.1.10.3.jar
[2024-06-27T17:35:35.640+0000] {docker.py:413} INFO - 24/06/27 17:35:35 INFO Executor: Adding file:/tmp/spark-d9cc0887-ffa8-4942-a01a-d962fd196b2a/userFiles-e8f94b23-ab66-4519-8f1b-2eada9efe673/org.xerial.snappy_snappy-java-1.1.10.3.jar to class loader default
[2024-06-27T17:35:35.640+0000] {docker.py:413} INFO - 24/06/27 17:35:35 INFO Executor: Fetching spark://localhost:40937/jars/commons-logging_commons-logging-1.1.3.jar with timestamp 1719509735087
[2024-06-27T17:35:35.641+0000] {docker.py:413} INFO - 24/06/27 17:35:35 INFO Utils: Fetching spark://localhost:40937/jars/commons-logging_commons-logging-1.1.3.jar to /tmp/spark-d9cc0887-ffa8-4942-a01a-d962fd196b2a/userFiles-e8f94b23-ab66-4519-8f1b-2eada9efe673/fetchFileTemp2976675658493807158.tmp
[2024-06-27T17:35:35.643+0000] {docker.py:413} INFO - 24/06/27 17:35:35 INFO Utils: /tmp/spark-d9cc0887-ffa8-4942-a01a-d962fd196b2a/userFiles-e8f94b23-ab66-4519-8f1b-2eada9efe673/fetchFileTemp2976675658493807158.tmp has been previously copied to /tmp/spark-d9cc0887-ffa8-4942-a01a-d962fd196b2a/userFiles-e8f94b23-ab66-4519-8f1b-2eada9efe673/commons-logging_commons-logging-1.1.3.jar
[2024-06-27T17:35:35.643+0000] {docker.py:413} INFO - 24/06/27 17:35:35 INFO Executor: Adding file:/tmp/spark-d9cc0887-ffa8-4942-a01a-d962fd196b2a/userFiles-e8f94b23-ab66-4519-8f1b-2eada9efe673/commons-logging_commons-logging-1.1.3.jar to class loader default
[2024-06-27T17:35:35.644+0000] {docker.py:413} INFO - 24/06/27 17:35:35 INFO Executor: Fetching spark://localhost:40937/jars/org.checkerframework_checker-qual-3.5.0.jar with timestamp 1719509735087
[2024-06-27T17:35:35.644+0000] {docker.py:413} INFO - 24/06/27 17:35:35 INFO Utils: Fetching spark://localhost:40937/jars/org.checkerframework_checker-qual-3.5.0.jar to /tmp/spark-d9cc0887-ffa8-4942-a01a-d962fd196b2a/userFiles-e8f94b23-ab66-4519-8f1b-2eada9efe673/fetchFileTemp13254635735265239809.tmp
[2024-06-27T17:35:35.644+0000] {docker.py:413} INFO - 24/06/27 17:35:35 INFO Utils: /tmp/spark-d9cc0887-ffa8-4942-a01a-d962fd196b2a/userFiles-e8f94b23-ab66-4519-8f1b-2eada9efe673/fetchFileTemp13254635735265239809.tmp has been previously copied to /tmp/spark-d9cc0887-ffa8-4942-a01a-d962fd196b2a/userFiles-e8f94b23-ab66-4519-8f1b-2eada9efe673/org.checkerframework_checker-qual-3.5.0.jar
[2024-06-27T17:35:35.645+0000] {docker.py:413} INFO - 24/06/27 17:35:35 INFO Executor: Adding file:/tmp/spark-d9cc0887-ffa8-4942-a01a-d962fd196b2a/userFiles-e8f94b23-ab66-4519-8f1b-2eada9efe673/org.checkerframework_checker-qual-3.5.0.jar to class loader default
[2024-06-27T17:35:35.646+0000] {docker.py:413} INFO - 24/06/27 17:35:35 INFO Executor: Fetching spark://localhost:40937/jars/com.google.code.findbugs_jsr305-3.0.0.jar with timestamp 1719509735087
[2024-06-27T17:35:35.646+0000] {docker.py:413} INFO - 24/06/27 17:35:35 INFO Utils: Fetching spark://localhost:40937/jars/com.google.code.findbugs_jsr305-3.0.0.jar to /tmp/spark-d9cc0887-ffa8-4942-a01a-d962fd196b2a/userFiles-e8f94b23-ab66-4519-8f1b-2eada9efe673/fetchFileTemp18434752968198089471.tmp
[2024-06-27T17:35:35.646+0000] {docker.py:413} INFO - 24/06/27 17:35:35 INFO Utils: /tmp/spark-d9cc0887-ffa8-4942-a01a-d962fd196b2a/userFiles-e8f94b23-ab66-4519-8f1b-2eada9efe673/fetchFileTemp18434752968198089471.tmp has been previously copied to /tmp/spark-d9cc0887-ffa8-4942-a01a-d962fd196b2a/userFiles-e8f94b23-ab66-4519-8f1b-2eada9efe673/com.google.code.findbugs_jsr305-3.0.0.jar
[2024-06-27T17:35:35.648+0000] {docker.py:413} INFO - 24/06/27 17:35:35 INFO Executor: Adding file:/tmp/spark-d9cc0887-ffa8-4942-a01a-d962fd196b2a/userFiles-e8f94b23-ab66-4519-8f1b-2eada9efe673/com.google.code.findbugs_jsr305-3.0.0.jar to class loader default
[2024-06-27T17:35:35.648+0000] {docker.py:413} INFO - 24/06/27 17:35:35 INFO Executor: Fetching spark://localhost:40937/jars/org.apache.commons_commons-pool2-2.11.1.jar with timestamp 1719509735087
[2024-06-27T17:35:35.649+0000] {docker.py:413} INFO - 24/06/27 17:35:35 INFO Utils: Fetching spark://localhost:40937/jars/org.apache.commons_commons-pool2-2.11.1.jar to /tmp/spark-d9cc0887-ffa8-4942-a01a-d962fd196b2a/userFiles-e8f94b23-ab66-4519-8f1b-2eada9efe673/fetchFileTemp2449406365049866451.tmp
[2024-06-27T17:35:35.649+0000] {docker.py:413} INFO - 24/06/27 17:35:35 INFO Utils: /tmp/spark-d9cc0887-ffa8-4942-a01a-d962fd196b2a/userFiles-e8f94b23-ab66-4519-8f1b-2eada9efe673/fetchFileTemp2449406365049866451.tmp has been previously copied to /tmp/spark-d9cc0887-ffa8-4942-a01a-d962fd196b2a/userFiles-e8f94b23-ab66-4519-8f1b-2eada9efe673/org.apache.commons_commons-pool2-2.11.1.jar
[2024-06-27T17:35:35.651+0000] {docker.py:413} INFO - 24/06/27 17:35:35 INFO Executor: Adding file:/tmp/spark-d9cc0887-ffa8-4942-a01a-d962fd196b2a/userFiles-e8f94b23-ab66-4519-8f1b-2eada9efe673/org.apache.commons_commons-pool2-2.11.1.jar to class loader default
24/06/27 17:35:35 INFO Executor: Fetching spark://localhost:40937/jars/org.postgresql_postgresql-42.5.4.jar with timestamp 1719509735087
[2024-06-27T17:35:35.651+0000] {docker.py:413} INFO - 24/06/27 17:35:35 INFO Utils: Fetching spark://localhost:40937/jars/org.postgresql_postgresql-42.5.4.jar to /tmp/spark-d9cc0887-ffa8-4942-a01a-d962fd196b2a/userFiles-e8f94b23-ab66-4519-8f1b-2eada9efe673/fetchFileTemp1648198736341680448.tmp
[2024-06-27T17:35:35.654+0000] {docker.py:413} INFO - 24/06/27 17:35:35 INFO Utils: /tmp/spark-d9cc0887-ffa8-4942-a01a-d962fd196b2a/userFiles-e8f94b23-ab66-4519-8f1b-2eada9efe673/fetchFileTemp1648198736341680448.tmp has been previously copied to /tmp/spark-d9cc0887-ffa8-4942-a01a-d962fd196b2a/userFiles-e8f94b23-ab66-4519-8f1b-2eada9efe673/org.postgresql_postgresql-42.5.4.jar
[2024-06-27T17:35:35.655+0000] {docker.py:413} INFO - 24/06/27 17:35:35 INFO Executor: Adding file:/tmp/spark-d9cc0887-ffa8-4942-a01a-d962fd196b2a/userFiles-e8f94b23-ab66-4519-8f1b-2eada9efe673/org.postgresql_postgresql-42.5.4.jar to class loader default
[2024-06-27T17:35:35.655+0000] {docker.py:413} INFO - 24/06/27 17:35:35 INFO Executor: Fetching spark://localhost:40937/jars/org.apache.spark_spark-sql-kafka-0-10_2.12-3.5.0.jar with timestamp 1719509735087
[2024-06-27T17:35:35.656+0000] {docker.py:413} INFO - 24/06/27 17:35:35 INFO Utils: Fetching spark://localhost:40937/jars/org.apache.spark_spark-sql-kafka-0-10_2.12-3.5.0.jar to /tmp/spark-d9cc0887-ffa8-4942-a01a-d962fd196b2a/userFiles-e8f94b23-ab66-4519-8f1b-2eada9efe673/fetchFileTemp9579555476033451338.tmp
[2024-06-27T17:35:35.657+0000] {docker.py:413} INFO - 24/06/27 17:35:35 INFO Utils: /tmp/spark-d9cc0887-ffa8-4942-a01a-d962fd196b2a/userFiles-e8f94b23-ab66-4519-8f1b-2eada9efe673/fetchFileTemp9579555476033451338.tmp has been previously copied to /tmp/spark-d9cc0887-ffa8-4942-a01a-d962fd196b2a/userFiles-e8f94b23-ab66-4519-8f1b-2eada9efe673/org.apache.spark_spark-sql-kafka-0-10_2.12-3.5.0.jar
[2024-06-27T17:35:35.658+0000] {docker.py:413} INFO - 24/06/27 17:35:35 INFO Executor: Adding file:/tmp/spark-d9cc0887-ffa8-4942-a01a-d962fd196b2a/userFiles-e8f94b23-ab66-4519-8f1b-2eada9efe673/org.apache.spark_spark-sql-kafka-0-10_2.12-3.5.0.jar to class loader default
24/06/27 17:35:35 INFO Executor: Fetching spark://localhost:40937/jars/org.slf4j_slf4j-api-2.0.7.jar with timestamp 1719509735087
[2024-06-27T17:35:35.658+0000] {docker.py:413} INFO - 24/06/27 17:35:35 INFO Utils: Fetching spark://localhost:40937/jars/org.slf4j_slf4j-api-2.0.7.jar to /tmp/spark-d9cc0887-ffa8-4942-a01a-d962fd196b2a/userFiles-e8f94b23-ab66-4519-8f1b-2eada9efe673/fetchFileTemp3479010004543438790.tmp
[2024-06-27T17:35:35.659+0000] {docker.py:413} INFO - 24/06/27 17:35:35 INFO Utils: /tmp/spark-d9cc0887-ffa8-4942-a01a-d962fd196b2a/userFiles-e8f94b23-ab66-4519-8f1b-2eada9efe673/fetchFileTemp3479010004543438790.tmp has been previously copied to /tmp/spark-d9cc0887-ffa8-4942-a01a-d962fd196b2a/userFiles-e8f94b23-ab66-4519-8f1b-2eada9efe673/org.slf4j_slf4j-api-2.0.7.jar
[2024-06-27T17:35:35.660+0000] {docker.py:413} INFO - 24/06/27 17:35:35 INFO Executor: Adding file:/tmp/spark-d9cc0887-ffa8-4942-a01a-d962fd196b2a/userFiles-e8f94b23-ab66-4519-8f1b-2eada9efe673/org.slf4j_slf4j-api-2.0.7.jar to class loader default
24/06/27 17:35:35 INFO Executor: Fetching spark://localhost:40937/jars/org.apache.hadoop_hadoop-client-runtime-3.3.4.jar with timestamp 1719509735087
[2024-06-27T17:35:35.661+0000] {docker.py:413} INFO - 24/06/27 17:35:35 INFO Utils: Fetching spark://localhost:40937/jars/org.apache.hadoop_hadoop-client-runtime-3.3.4.jar to /tmp/spark-d9cc0887-ffa8-4942-a01a-d962fd196b2a/userFiles-e8f94b23-ab66-4519-8f1b-2eada9efe673/fetchFileTemp3966888297880328547.tmp
[2024-06-27T17:35:35.703+0000] {docker.py:413} INFO - 24/06/27 17:35:35 INFO Utils: /tmp/spark-d9cc0887-ffa8-4942-a01a-d962fd196b2a/userFiles-e8f94b23-ab66-4519-8f1b-2eada9efe673/fetchFileTemp3966888297880328547.tmp has been previously copied to /tmp/spark-d9cc0887-ffa8-4942-a01a-d962fd196b2a/userFiles-e8f94b23-ab66-4519-8f1b-2eada9efe673/org.apache.hadoop_hadoop-client-runtime-3.3.4.jar
[2024-06-27T17:35:35.706+0000] {docker.py:413} INFO - 24/06/27 17:35:35 INFO Executor: Adding file:/tmp/spark-d9cc0887-ffa8-4942-a01a-d962fd196b2a/userFiles-e8f94b23-ab66-4519-8f1b-2eada9efe673/org.apache.hadoop_hadoop-client-runtime-3.3.4.jar to class loader default
[2024-06-27T17:35:35.706+0000] {docker.py:413} INFO - 24/06/27 17:35:35 INFO Executor: Fetching spark://localhost:40937/jars/org.apache.kafka_kafka-clients-3.4.1.jar with timestamp 1719509735087
[2024-06-27T17:35:35.707+0000] {docker.py:413} INFO - 24/06/27 17:35:35 INFO Utils: Fetching spark://localhost:40937/jars/org.apache.kafka_kafka-clients-3.4.1.jar to /tmp/spark-d9cc0887-ffa8-4942-a01a-d962fd196b2a/userFiles-e8f94b23-ab66-4519-8f1b-2eada9efe673/fetchFileTemp17489179318615456868.tmp
[2024-06-27T17:35:35.712+0000] {docker.py:413} INFO - 24/06/27 17:35:35 INFO Utils: /tmp/spark-d9cc0887-ffa8-4942-a01a-d962fd196b2a/userFiles-e8f94b23-ab66-4519-8f1b-2eada9efe673/fetchFileTemp17489179318615456868.tmp has been previously copied to /tmp/spark-d9cc0887-ffa8-4942-a01a-d962fd196b2a/userFiles-e8f94b23-ab66-4519-8f1b-2eada9efe673/org.apache.kafka_kafka-clients-3.4.1.jar
[2024-06-27T17:35:35.714+0000] {docker.py:413} INFO - 24/06/27 17:35:35 INFO Executor: Adding file:/tmp/spark-d9cc0887-ffa8-4942-a01a-d962fd196b2a/userFiles-e8f94b23-ab66-4519-8f1b-2eada9efe673/org.apache.kafka_kafka-clients-3.4.1.jar to class loader default
[2024-06-27T17:35:35.714+0000] {docker.py:413} INFO - 24/06/27 17:35:35 INFO Executor: Fetching spark://localhost:40937/jars/org.lz4_lz4-java-1.8.0.jar with timestamp 1719509735087
[2024-06-27T17:35:35.714+0000] {docker.py:413} INFO - 24/06/27 17:35:35 INFO Utils: Fetching spark://localhost:40937/jars/org.lz4_lz4-java-1.8.0.jar to /tmp/spark-d9cc0887-ffa8-4942-a01a-d962fd196b2a/userFiles-e8f94b23-ab66-4519-8f1b-2eada9efe673/fetchFileTemp5021762636440827832.tmp
[2024-06-27T17:35:35.716+0000] {docker.py:413} INFO - 24/06/27 17:35:35 INFO Utils: /tmp/spark-d9cc0887-ffa8-4942-a01a-d962fd196b2a/userFiles-e8f94b23-ab66-4519-8f1b-2eada9efe673/fetchFileTemp5021762636440827832.tmp has been previously copied to /tmp/spark-d9cc0887-ffa8-4942-a01a-d962fd196b2a/userFiles-e8f94b23-ab66-4519-8f1b-2eada9efe673/org.lz4_lz4-java-1.8.0.jar
[2024-06-27T17:35:35.717+0000] {docker.py:413} INFO - 24/06/27 17:35:35 INFO Executor: Adding file:/tmp/spark-d9cc0887-ffa8-4942-a01a-d962fd196b2a/userFiles-e8f94b23-ab66-4519-8f1b-2eada9efe673/org.lz4_lz4-java-1.8.0.jar to class loader default
[2024-06-27T17:35:35.721+0000] {docker.py:413} INFO - 24/06/27 17:35:35 INFO Utils: Successfully started service 'org.apache.spark.network.netty.NettyBlockTransferService' on port 36233.
24/06/27 17:35:35 INFO NettyBlockTransferService: Server created on localhost:36233
[2024-06-27T17:35:35.723+0000] {docker.py:413} INFO - 24/06/27 17:35:35 INFO BlockManager: Using org.apache.spark.storage.RandomBlockReplicationPolicy for block replication policy
[2024-06-27T17:35:35.727+0000] {docker.py:413} INFO - 24/06/27 17:35:35 INFO BlockManagerMaster: Registering BlockManager BlockManagerId(driver, localhost, 36233, None)
[2024-06-27T17:35:35.728+0000] {docker.py:413} INFO - 24/06/27 17:35:35 INFO BlockManagerMasterEndpoint: Registering block manager localhost:36233 with 434.4 MiB RAM, BlockManagerId(driver, localhost, 36233, None)
[2024-06-27T17:35:35.730+0000] {docker.py:413} INFO - 24/06/27 17:35:35 INFO BlockManagerMaster: Registered BlockManager BlockManagerId(driver, localhost, 36233, None)
[2024-06-27T17:35:35.730+0000] {docker.py:413} INFO - 24/06/27 17:35:35 INFO BlockManager: Initialized BlockManager: BlockManagerId(driver, localhost, 36233, None)
[2024-06-27T17:35:35.924+0000] {docker.py:413} INFO - 2024-06-27 17:35:35,923:create_spark_session:INFO:Spark session created successfully
[2024-06-27T17:35:35.928+0000] {docker.py:413} INFO - 24/06/27 17:35:35 INFO SharedState: Setting hive.metastore.warehouse.dir ('null') to the value of spark.sql.warehouse.dir.
[2024-06-27T17:35:35.929+0000] {docker.py:413} INFO - 24/06/27 17:35:35 INFO SharedState: Warehouse path is 'file:/opt/bitnami/spark/spark-warehouse'.
[2024-06-27T17:35:36.604+0000] {docker.py:413} INFO - 2024-06-27 17:35:36,603:create_initial_dataframe:INFO:Initial dataframe created successfully
[2024-06-27T17:35:41.872+0000] {docker.py:413} INFO - Traceback (most recent call last):
  File "/opt/bitnami/spark/spark_streaming.py", line 103, in <module>
    write_to_postgres()
  File "/opt/bitnami/spark/spark_streaming.py", line 99, in write_to_postgres
[2024-06-27T17:35:41.874+0000] {docker.py:413} INFO - start_streaming(df_final, spark=spark)
  File "/opt/bitnami/spark/spark_streaming.py", line 71, in start_streaming
[2024-06-27T17:35:41.875+0000] {docker.py:413} INFO - existing_data_df = spark.read.jdbc(
                       ^^^^^^^^^^^^^^^^
  File "/opt/bitnami/spark/python/lib/pyspark.zip/pyspark/sql/readwriter.py", line 946, in jdbc
[2024-06-27T17:35:41.875+0000] {docker.py:413} INFO - File "/opt/bitnami/spark/python/lib/py4j-0.10.9.7-src.zip/py4j/java_gateway.py", line 1322, in __call__
[2024-06-27T17:35:41.875+0000] {docker.py:413} INFO - File "/opt/bitnami/spark/python/lib/pyspark.zip/pyspark/errors/exceptions/captured.py", line 179, in deco
[2024-06-27T17:35:41.875+0000] {docker.py:413} INFO - File "/opt/bitnami/spark/python/lib/py4j-0.10.9.7-src.zip/py4j/protocol.py", line 326, in get_return_value
[2024-06-27T17:35:41.876+0000] {docker.py:413} INFO - py4j.protocol.Py4JJavaError
[2024-06-27T17:35:41.876+0000] {docker.py:413} INFO - : An error occurred while calling o50.jdbc.
: org.postgresql.util.PSQLException: The connection attempt failed.
	at org.postgresql.core.v3.ConnectionFactoryImpl.openConnectionImpl(ConnectionFactoryImpl.java:354)
	at org.postgresql.core.ConnectionFactory.openConnection(ConnectionFactory.java:54)
	at org.postgresql.jdbc.PgConnection.<init>(PgConnection.java:253)
	at org.postgresql.Driver.makeConnection(Driver.java:434)
	at org.postgresql.Driver.connect(Driver.java:291)
	at org.apache.spark.sql.execution.datasources.jdbc.connection.BasicConnectionProvider.getConnection(BasicConnectionProvider.scala:49)
	at org.apache.spark.sql.execution.datasources.jdbc.connection.ConnectionProviderBase.create(ConnectionProvider.scala:102)
	at org.apache.spark.sql.jdbc.JdbcDialect.$anonfun$createConnectionFactory$1(JdbcDialects.scala:160)
	at org.apache.spark.sql.jdbc.JdbcDialect.$anonfun$createConnectionFactory$1$adapted(JdbcDialects.scala:156)
	at org.apache.spark.sql.execution.datasources.jdbc.JDBCRDD$.getQueryOutputSchema(JDBCRDD.scala:63)
	at org.apache.spark.sql.execution.datasources.jdbc.JDBCRDD$.resolveTable(JDBCRDD.scala:58)
	at org.apache.spark.sql.execution.datasources.jdbc.JDBCRelation$.getSchema(JDBCRelation.scala:241)
	at org.apache.spark.sql.execution.datasources.jdbc.JdbcRelationProvider.createRelation(JdbcRelationProvider.scala:37)
	at org.apache.spark.sql.execution.datasources.DataSource.resolveRelation(DataSource.scala:346)
	at org.apache.spark.sql.DataFrameReader.loadV1Source(DataFrameReader.scala:229)
	at org.apache.spark.sql.DataFrameReader.$anonfun$load$2(DataFrameReader.scala:211)
	at scala.Option.getOrElse(Option.scala:189)
	at org.apache.spark.sql.DataFrameReader.load(DataFrameReader.scala:211)
	at org.apache.spark.sql.DataFrameReader.load(DataFrameReader.scala:172)
	at org.apache.spark.sql.DataFrameReader.jdbc(DataFrameReader.scala:249)
	at java.base/jdk.internal.reflect.NativeMethodAccessorImpl.invoke0(Native Method)
	at java.base/jdk.internal.reflect.NativeMethodAccessorImpl.invoke(NativeMethodAccessorImpl.java:77)
	at java.base/jdk.internal.reflect.DelegatingMethodAccessorImpl.invoke(DelegatingMethodAccessorImpl.java:43)
	at java.base/java.lang.reflect.Method.invoke(Method.java:568)
	at py4j.reflection.MethodInvoker.invoke(MethodInvoker.java:244)
	at py4j.reflection.ReflectionEngine.invoke(ReflectionEngine.java:374)
	at py4j.Gateway.invoke(Gateway.java:282)
	at py4j.commands.AbstractCommand.invokeMethod(AbstractCommand.java:132)
	at py4j.commands.CallCommand.execute(CallCommand.java:79)
	at py4j.ClientServerConnection.waitForCommands(ClientServerConnection.java:182)
	at py4j.ClientServerConnection.run(ClientServerConnection.java:106)
	at java.base/java.lang.Thread.run(Thread.java:840)
Caused by: java.net.SocketTimeoutException: Read timed out
	at java.base/sun.nio.ch.NioSocketImpl.timedRead(NioSocketImpl.java:288)
	at java.base/sun.nio.ch.NioSocketImpl.implRead(NioSocketImpl.java:314)
	at java.base/sun.nio.ch.NioSocketImpl.read(NioSocketImpl.java:355)
	at java.base/sun.nio.ch.NioSocketImpl$1.read(NioSocketImpl.java:808)
	at java.base/java.net.Socket$SocketInputStream.read(Socket.java:966)
	at org.postgresql.core.VisibleBufferedInputStream.readMore(VisibleBufferedInputStream.java:161)
	at org.postgresql.core.VisibleBufferedInputStream.ensureBytes(VisibleBufferedInputStream.java:128)
	at org.postgresql.core.VisibleBufferedInputStream.ensureBytes(VisibleBufferedInputStream.java:113)
	at org.postgresql.core.VisibleBufferedInputStream.read(VisibleBufferedInputStream.java:73)
	at org.postgresql.core.PGStream.receiveChar(PGStream.java:465)
	at org.postgresql.core.v3.ConnectionFactoryImpl.enableSSL(ConnectionFactoryImpl.java:589)
	at org.postgresql.core.v3.ConnectionFactoryImpl.tryConnect(ConnectionFactoryImpl.java:191)
	at org.postgresql.core.v3.ConnectionFactoryImpl.openConnectionImpl(ConnectionFactoryImpl.java:258)
	... 31 more
[2024-06-27T17:35:41.876+0000] {docker.py:413} INFO - 2024-06-27 17:35:41,873:close:INFO:Closing down clientserver connection
[2024-06-27T17:35:41.897+0000] {docker.py:413} INFO - 24/06/27 17:35:41 INFO SparkContext: Invoking stop() from shutdown hook
[2024-06-27T17:35:41.897+0000] {docker.py:413} INFO - 24/06/27 17:35:41 INFO SparkContext: SparkContext is stopping with exitCode 0.
[2024-06-27T17:35:41.904+0000] {docker.py:413} INFO - 24/06/27 17:35:41 INFO SparkUI: Stopped Spark web UI at http://localhost:4040
[2024-06-27T17:35:41.910+0000] {docker.py:413} INFO - 24/06/27 17:35:41 INFO MapOutputTrackerMasterEndpoint: MapOutputTrackerMasterEndpoint stopped!
[2024-06-27T17:35:41.916+0000] {docker.py:413} INFO - 24/06/27 17:35:41 INFO MemoryStore: MemoryStore cleared
[2024-06-27T17:35:41.916+0000] {docker.py:413} INFO - 24/06/27 17:35:41 INFO BlockManager: BlockManager stopped
[2024-06-27T17:35:41.919+0000] {docker.py:413} INFO - 24/06/27 17:35:41 INFO BlockManagerMaster: BlockManagerMaster stopped
[2024-06-27T17:35:41.920+0000] {docker.py:413} INFO - 24/06/27 17:35:41 INFO OutputCommitCoordinator$OutputCommitCoordinatorEndpoint: OutputCommitCoordinator stopped!
[2024-06-27T17:35:41.927+0000] {docker.py:413} INFO - 24/06/27 17:35:41 INFO SparkContext: Successfully stopped SparkContext
[2024-06-27T17:35:41.927+0000] {docker.py:413} INFO - 24/06/27 17:35:41 INFO ShutdownHookManager: Shutdown hook called
[2024-06-27T17:35:41.928+0000] {docker.py:413} INFO - 24/06/27 17:35:41 INFO ShutdownHookManager: Deleting directory /tmp/spark-fdab1313-aaf0-4b9f-8d5a-3a9ae915a509
[2024-06-27T17:35:41.929+0000] {docker.py:413} INFO - 24/06/27 17:35:41 INFO ShutdownHookManager: Deleting directory /tmp/spark-d9cc0887-ffa8-4942-a01a-d962fd196b2a/pyspark-0e6ff00d-1704-472a-a41e-68cabc516b56
[2024-06-27T17:35:41.930+0000] {docker.py:413} INFO - 24/06/27 17:35:41 INFO ShutdownHookManager: Deleting directory /tmp/spark-d9cc0887-ffa8-4942-a01a-d962fd196b2a
[2024-06-27T17:35:42.147+0000] {taskinstance.py:1937} ERROR - Task failed with exception
Traceback (most recent call last):
  File "/home/airflow/.local/lib/python3.8/site-packages/docker/api/client.py", line 268, in _raise_for_status
    response.raise_for_status()
  File "/home/airflow/.local/lib/python3.8/site-packages/requests/models.py", line 1021, in raise_for_status
    raise HTTPError(http_error_msg, response=self)
requests.exceptions.HTTPError: 400 Client Error: Bad Request for url: http://docker-proxy:2375/v1.44/containers/create

The above exception was the direct cause of the following exception:

Traceback (most recent call last):
  File "/home/airflow/.local/lib/python3.8/site-packages/airflow/providers/docker/operators/docker.py", line 348, in _run_image
    return self._run_image_with_mounts([*self.mounts, tmp_mount], add_tmp_variable=True)
  File "/home/airflow/.local/lib/python3.8/site-packages/airflow/providers/docker/operators/docker.py", line 375, in _run_image_with_mounts
    self.container = self.cli.create_container(
  File "/home/airflow/.local/lib/python3.8/site-packages/docker/api/container.py", line 431, in create_container
    return self.create_container_from_config(config, name, platform)
  File "/home/airflow/.local/lib/python3.8/site-packages/docker/api/container.py", line 448, in create_container_from_config
    return self._result(res, True)
  File "/home/airflow/.local/lib/python3.8/site-packages/docker/api/client.py", line 274, in _result
    self._raise_for_status(response)
  File "/home/airflow/.local/lib/python3.8/site-packages/docker/api/client.py", line 270, in _raise_for_status
    raise create_api_error_from_http_exception(e) from e
  File "/home/airflow/.local/lib/python3.8/site-packages/docker/errors.py", line 39, in create_api_error_from_http_exception
    raise cls(e, response=response, explanation=explanation) from e
docker.errors.APIError: 400 Client Error for http://docker-proxy:2375/v1.44/containers/create: Bad Request ("invalid mount config for type "bind": bind source path does not exist: /host_mnt/private/tmp/airflowtmp95sk30z4")

During handling of the above exception, another exception occurred:

Traceback (most recent call last):
  File "/home/airflow/.local/lib/python3.8/site-packages/airflow/providers/docker/operators/docker.py", line 486, in execute
    return self._run_image()
  File "/home/airflow/.local/lib/python3.8/site-packages/airflow/providers/docker/operators/docker.py", line 357, in _run_image
    return self._run_image_with_mounts(self.mounts, add_tmp_variable=False)
  File "/home/airflow/.local/lib/python3.8/site-packages/airflow/providers/docker/operators/docker.py", line 421, in _run_image_with_mounts
    raise DockerContainerFailedException(f"Docker container failed: {result!r}", logs=log_lines)
airflow.providers.docker.exceptions.DockerContainerFailedException: Docker container failed: {'StatusCode': 1}
[2024-06-27T17:35:42.151+0000] {taskinstance.py:1400} INFO - Marking task as FAILED. dag_id=kafka_spark_dag, task_id=pyspark_consumer, execution_date=20240627T173446, start_date=20240627T173520, end_date=20240627T173542
[2024-06-27T17:35:42.162+0000] {standard_task_runner.py:104} ERROR - Failed to execute job 135 for task pyspark_consumer (Docker container failed: {'StatusCode': 1}; 45930)
[2024-06-27T17:35:42.194+0000] {local_task_job_runner.py:228} INFO - Task exited with return code 1
[2024-06-27T17:35:42.203+0000] {taskinstance.py:2778} INFO - 0 downstream tasks scheduled from follow-on schedule check
