[2024-06-27T06:44:41.577+0000] {taskinstance.py:1159} INFO - Dependencies all met for dep_context=non-requeueable deps ti=<TaskInstance: kafka_spark_dag.pyspark_consumer manual__2024-06-27T06:44:17.248558+00:00 [queued]>
[2024-06-27T06:44:41.581+0000] {taskinstance.py:1159} INFO - Dependencies all met for dep_context=requeueable deps ti=<TaskInstance: kafka_spark_dag.pyspark_consumer manual__2024-06-27T06:44:17.248558+00:00 [queued]>
[2024-06-27T06:44:41.581+0000] {taskinstance.py:1361} INFO - Starting attempt 2 of 2
[2024-06-27T06:44:41.587+0000] {taskinstance.py:1382} INFO - Executing <Task(DockerOperator): pyspark_consumer> on 2024-06-27 06:44:17.248558+00:00
[2024-06-27T06:44:41.590+0000] {standard_task_runner.py:57} INFO - Started process 1145 to run task
[2024-06-27T06:44:41.592+0000] {standard_task_runner.py:84} INFO - Running: ['***', 'tasks', 'run', 'kafka_spark_dag', 'pyspark_consumer', 'manual__2024-06-27T06:44:17.248558+00:00', '--job-id', '103', '--raw', '--subdir', 'DAGS_FOLDER/dag_kafka_spark.py', '--cfg-path', '/tmp/tmppvetyxub']
[2024-06-27T06:44:41.594+0000] {standard_task_runner.py:85} INFO - Job 103: Subtask pyspark_consumer
[2024-06-27T06:44:41.619+0000] {task_command.py:416} INFO - Running <TaskInstance: kafka_spark_dag.pyspark_consumer manual__2024-06-27T06:44:17.248558+00:00 [running]> on host cd176cdca805
[2024-06-27T06:44:41.652+0000] {taskinstance.py:1662} INFO - Exporting env vars: AIRFLOW_CTX_DAG_OWNER='***' AIRFLOW_CTX_DAG_ID='kafka_spark_dag' AIRFLOW_CTX_TASK_ID='pyspark_consumer' AIRFLOW_CTX_EXECUTION_DATE='2024-06-27T06:44:17.248558+00:00' AIRFLOW_CTX_TRY_NUMBER='2' AIRFLOW_CTX_DAG_RUN_ID='manual__2024-06-27T06:44:17.248558+00:00'
[2024-06-27T06:44:41.669+0000] {docker.py:343} INFO - Starting docker container from image current-headlines/spark:latest
[2024-06-27T06:44:41.675+0000] {docker.py:351} WARNING - Using remote engine or docker-in-docker and mounting temporary volume from host is not supported. Falling back to `mount_tmp_dir=False` mode. You can set `mount_tmp_dir` parameter to False to disable mounting and remove the warning
[2024-06-27T06:44:41.837+0000] {docker.py:413} INFO - [38;5;6mspark [38;5;5m06:44:41.83 [0m[38;5;2mINFO [0m ==>
[2024-06-27T06:44:41.838+0000] {docker.py:413} INFO - [38;5;6mspark [38;5;5m06:44:41.83 [0m[38;5;2mINFO [0m ==> [1mWelcome to the Bitnami spark container[0m
[2024-06-27T06:44:41.839+0000] {docker.py:413} INFO - [38;5;6mspark [38;5;5m06:44:41.83 [0m[38;5;2mINFO [0m ==> Subscribe to project updates by watching [1mhttps://github.com/bitnami/containers[0m
[2024-06-27T06:44:41.839+0000] {docker.py:413} INFO - [38;5;6mspark [38;5;5m06:44:41.83 [0m[38;5;2mINFO [0m ==> Submit issues and feature requests at [1mhttps://github.com/bitnami/containers/issues[0m
[2024-06-27T06:44:41.840+0000] {docker.py:413} INFO - [38;5;6mspark [38;5;5m06:44:41.83 [0m[38;5;2mINFO [0m ==>
[2024-06-27T06:44:41.844+0000] {docker.py:413} INFO - 
[2024-06-27T06:44:42.670+0000] {docker.py:413} INFO - :: loading settings :: url = jar:file:/opt/bitnami/spark/jars/ivy-2.5.1.jar!/org/apache/ivy/core/settings/ivysettings.xml
[2024-06-27T06:44:42.702+0000] {docker.py:413} INFO - Ivy Default Cache set to: /opt/bitnami/spark/.ivy2/cache
The jars for the packages stored in: /opt/bitnami/spark/.ivy2/jars
[2024-06-27T06:44:42.705+0000] {docker.py:413} INFO - org.postgresql#postgresql added as a dependency
org.apache.spark#spark-sql-kafka-0-10_2.12 added as a dependency
[2024-06-27T06:44:42.706+0000] {docker.py:413} INFO - :: resolving dependencies :: org.apache.spark#spark-submit-parent-1dd140a0-59ec-4347-8593-364359ef92a6;1.0
	confs: [default]
[2024-06-27T06:44:42.961+0000] {docker.py:413} INFO - found org.postgresql#postgresql;42.5.4 in central
[2024-06-27T06:44:42.994+0000] {docker.py:413} INFO - found org.checkerframework#checker-qual;3.5.0 in central
[2024-06-27T06:44:43.417+0000] {docker.py:413} INFO - found org.apache.spark#spark-sql-kafka-0-10_2.12;3.5.0 in central
[2024-06-27T06:44:43.536+0000] {docker.py:413} INFO - found org.apache.spark#spark-token-provider-kafka-0-10_2.12;3.5.0 in central
[2024-06-27T06:44:43.567+0000] {docker.py:413} INFO - found org.apache.kafka#kafka-clients;3.4.1 in central
[2024-06-27T06:44:43.602+0000] {docker.py:413} INFO - found org.lz4#lz4-java;1.8.0 in central
[2024-06-27T06:44:43.634+0000] {docker.py:413} INFO - found org.xerial.snappy#snappy-java;1.1.10.3 in central
[2024-06-27T06:44:43.896+0000] {docker.py:413} INFO - found org.slf4j#slf4j-api;2.0.7 in central
[2024-06-27T06:44:44.237+0000] {docker.py:413} INFO - found org.apache.hadoop#hadoop-client-runtime;3.3.4 in central
[2024-06-27T06:44:44.283+0000] {docker.py:413} INFO - found org.apache.hadoop#hadoop-client-api;3.3.4 in central
[2024-06-27T06:44:44.462+0000] {docker.py:413} INFO - found commons-logging#commons-logging;1.1.3 in central
[2024-06-27T06:44:44.494+0000] {docker.py:413} INFO - found com.google.code.findbugs#jsr305;3.0.0 in central
[2024-06-27T06:44:44.853+0000] {docker.py:413} INFO - found org.apache.commons#commons-pool2;2.11.1 in central
[2024-06-27T06:44:44.868+0000] {docker.py:413} INFO - downloading https://repo1.maven.org/maven2/org/postgresql/postgresql/42.5.4/postgresql-42.5.4.jar ...
[2024-06-27T06:44:44.914+0000] {docker.py:413} INFO - [SUCCESSFUL ] org.postgresql#postgresql;42.5.4!postgresql.jar (56ms)
[2024-06-27T06:44:44.929+0000] {docker.py:413} INFO - downloading https://repo1.maven.org/maven2/org/apache/spark/spark-sql-kafka-0-10_2.12/3.5.0/spark-sql-kafka-0-10_2.12-3.5.0.jar ...
[2024-06-27T06:44:44.953+0000] {docker.py:413} INFO - [SUCCESSFUL ] org.apache.spark#spark-sql-kafka-0-10_2.12;3.5.0!spark-sql-kafka-0-10_2.12.jar (38ms)
[2024-06-27T06:44:44.964+0000] {docker.py:413} INFO - downloading https://repo1.maven.org/maven2/org/checkerframework/checker-qual/3.5.0/checker-qual-3.5.0.jar ...
[2024-06-27T06:44:44.977+0000] {docker.py:413} INFO - [SUCCESSFUL ] org.checkerframework#checker-qual;3.5.0!checker-qual.jar (23ms)
[2024-06-27T06:44:44.994+0000] {docker.py:413} INFO - downloading https://repo1.maven.org/maven2/org/apache/spark/spark-token-provider-kafka-0-10_2.12/3.5.0/spark-token-provider-kafka-0-10_2.12-3.5.0.jar ...
[2024-06-27T06:44:45.007+0000] {docker.py:413} INFO - [SUCCESSFUL ] org.apache.spark#spark-token-provider-kafka-0-10_2.12;3.5.0!spark-token-provider-kafka-0-10_2.12.jar (29ms)
[2024-06-27T06:44:45.024+0000] {docker.py:413} INFO - downloading https://repo1.maven.org/maven2/org/apache/kafka/kafka-clients/3.4.1/kafka-clients-3.4.1.jar ...
[2024-06-27T06:44:45.225+0000] {docker.py:413} INFO - [SUCCESSFUL ] org.apache.kafka#kafka-clients;3.4.1!kafka-clients.jar (218ms)
[2024-06-27T06:44:45.251+0000] {docker.py:413} INFO - downloading https://repo1.maven.org/maven2/com/google/code/findbugs/jsr305/3.0.0/jsr305-3.0.0.jar ...
[2024-06-27T06:44:45.264+0000] {docker.py:413} INFO - [SUCCESSFUL ] com.google.code.findbugs#jsr305;3.0.0!jsr305.jar (38ms)
[2024-06-27T06:44:45.273+0000] {docker.py:413} INFO - downloading https://repo1.maven.org/maven2/org/apache/commons/commons-pool2/2.11.1/commons-pool2-2.11.1.jar ...
[2024-06-27T06:44:45.288+0000] {docker.py:413} INFO - [SUCCESSFUL ] org.apache.commons#commons-pool2;2.11.1!commons-pool2.jar (25ms)
[2024-06-27T06:44:45.299+0000] {docker.py:413} INFO - downloading https://repo1.maven.org/maven2/org/apache/hadoop/hadoop-client-runtime/3.3.4/hadoop-client-runtime-3.3.4.jar ...
[2024-06-27T06:44:57.591+0000] {docker.py:413} INFO - [SUCCESSFUL ] org.apache.hadoop#hadoop-client-runtime;3.3.4!hadoop-client-runtime.jar (12300ms)
[2024-06-27T06:44:57.604+0000] {docker.py:413} INFO - downloading https://repo1.maven.org/maven2/org/lz4/lz4-java/1.8.0/lz4-java-1.8.0.jar ...
[2024-06-27T06:44:57.840+0000] {docker.py:413} INFO - [SUCCESSFUL ] org.lz4#lz4-java;1.8.0!lz4-java.jar (250ms)
[2024-06-27T06:44:57.854+0000] {docker.py:413} INFO - downloading https://repo1.maven.org/maven2/org/xerial/snappy/snappy-java/1.1.10.3/snappy-java-1.1.10.3.jar ...
[2024-06-27T06:44:58.741+0000] {docker.py:413} INFO - [SUCCESSFUL ] org.xerial.snappy#snappy-java;1.1.10.3!snappy-java.jar(bundle) (901ms)
[2024-06-27T06:44:58.751+0000] {docker.py:413} INFO - downloading https://repo1.maven.org/maven2/org/slf4j/slf4j-api/2.0.7/slf4j-api-2.0.7.jar ...
[2024-06-27T06:44:58.792+0000] {docker.py:413} INFO - [SUCCESSFUL ] org.slf4j#slf4j-api;2.0.7!slf4j-api.jar (47ms)
[2024-06-27T06:44:58.812+0000] {docker.py:413} INFO - downloading https://repo1.maven.org/maven2/org/apache/hadoop/hadoop-client-api/3.3.4/hadoop-client-api-3.3.4.jar ...
[2024-06-27T06:45:07.947+0000] {docker.py:413} INFO - [SUCCESSFUL ] org.apache.hadoop#hadoop-client-api;3.3.4!hadoop-client-api.jar (9156ms)
[2024-06-27T06:45:07.956+0000] {docker.py:413} INFO - downloading https://repo1.maven.org/maven2/commons-logging/commons-logging/1.1.3/commons-logging-1.1.3.jar ...
[2024-06-27T06:45:07.986+0000] {docker.py:413} INFO - [SUCCESSFUL ] commons-logging#commons-logging;1.1.3!commons-logging.jar (39ms)
[2024-06-27T06:45:07.986+0000] {docker.py:413} INFO - :: resolution report :: resolve 2152ms :: artifacts dl 23128ms
[2024-06-27T06:45:07.987+0000] {docker.py:413} INFO - :: modules in use:
[2024-06-27T06:45:07.987+0000] {docker.py:413} INFO - com.google.code.findbugs#jsr305;3.0.0 from central in [default]
	commons-logging#commons-logging;1.1.3 from central in [default]
[2024-06-27T06:45:07.987+0000] {docker.py:413} INFO - org.apache.commons#commons-pool2;2.11.1 from central in [default]
	org.apache.hadoop#hadoop-client-api;3.3.4 from central in [default]
	org.apache.hadoop#hadoop-client-runtime;3.3.4 from central in [default]
[2024-06-27T06:45:07.987+0000] {docker.py:413} INFO - org.apache.kafka#kafka-clients;3.4.1 from central in [default]
	org.apache.spark#spark-sql-kafka-0-10_2.12;3.5.0 from central in [default]
	org.apache.spark#spark-token-provider-kafka-0-10_2.12;3.5.0 from central in [default]
	org.checkerframework#checker-qual;3.5.0 from central in [default]
	org.lz4#lz4-java;1.8.0 from central in [default]
[2024-06-27T06:45:07.988+0000] {docker.py:413} INFO - org.postgresql#postgresql;42.5.4 from central in [default]
	org.slf4j#slf4j-api;2.0.7 from central in [default]
	org.xerial.snappy#snappy-java;1.1.10.3 from central in [default]
[2024-06-27T06:45:07.988+0000] {docker.py:413} INFO - ---------------------------------------------------------------------
	|                  |            modules            ||   artifacts   |
[2024-06-27T06:45:07.988+0000] {docker.py:413} INFO - |       conf       | number| search|dwnlded|evicted|| number|dwnlded|
	---------------------------------------------------------------------
[2024-06-27T06:45:07.988+0000] {docker.py:413} INFO - |      default     |   13  |   13  |   13  |   0   ||   13  |   13  |
	---------------------------------------------------------------------
[2024-06-27T06:45:07.989+0000] {docker.py:413} INFO - :: retrieving :: org.apache.spark#spark-submit-parent-1dd140a0-59ec-4347-8593-364359ef92a6
	confs: [default]
[2024-06-27T06:45:08.019+0000] {docker.py:413} INFO - 13 artifacts copied, 0 already retrieved (58001kB/30ms)
[2024-06-27T06:45:08.112+0000] {docker.py:413} INFO - 24/06/27 06:45:08 WARN NativeCodeLoader: Unable to load native-hadoop library for your platform... using builtin-java classes where applicable
[2024-06-27T06:45:08.635+0000] {docker.py:413} INFO - 24/06/27 06:45:08 INFO SparkContext: Running Spark version 3.5.0
[2024-06-27T06:45:08.636+0000] {docker.py:413} INFO - 24/06/27 06:45:08 INFO SparkContext: OS info Linux, 6.6.12-linuxkit, aarch64
[2024-06-27T06:45:08.636+0000] {docker.py:413} INFO - 24/06/27 06:45:08 INFO SparkContext: Java version 17.0.10
[2024-06-27T06:45:08.646+0000] {docker.py:413} INFO - 24/06/27 06:45:08 INFO ResourceUtils: ==============================================================
[2024-06-27T06:45:08.646+0000] {docker.py:413} INFO - 24/06/27 06:45:08 INFO ResourceUtils: No custom resources configured for spark.driver.
[2024-06-27T06:45:08.646+0000] {docker.py:413} INFO - 24/06/27 06:45:08 INFO ResourceUtils: ==============================================================
[2024-06-27T06:45:08.647+0000] {docker.py:413} INFO - 24/06/27 06:45:08 INFO SparkContext: Submitted application: PostgreSQL Connection with PySpark
[2024-06-27T06:45:08.656+0000] {docker.py:413} INFO - 24/06/27 06:45:08 INFO ResourceProfile: Default ResourceProfile created, executor resources: Map(cores -> name: cores, amount: 1, script: , vendor: , memory -> name: memory, amount: 1024, script: , vendor: , offHeap -> name: offHeap, amount: 0, script: , vendor: ), task resources: Map(cpus -> name: cpus, amount: 1.0)
[2024-06-27T06:45:08.660+0000] {docker.py:413} INFO - 24/06/27 06:45:08 INFO ResourceProfile: Limiting resource is cpu
[2024-06-27T06:45:08.660+0000] {docker.py:413} INFO - 24/06/27 06:45:08 INFO ResourceProfileManager: Added ResourceProfile id: 0
[2024-06-27T06:45:08.683+0000] {docker.py:413} INFO - 24/06/27 06:45:08 INFO SecurityManager: Changing view acls to: spark
[2024-06-27T06:45:08.683+0000] {docker.py:413} INFO - 24/06/27 06:45:08 INFO SecurityManager: Changing modify acls to: spark
[2024-06-27T06:45:08.683+0000] {docker.py:413} INFO - 24/06/27 06:45:08 INFO SecurityManager: Changing view acls groups to:
[2024-06-27T06:45:08.684+0000] {docker.py:413} INFO - 24/06/27 06:45:08 INFO SecurityManager: Changing modify acls groups to:
[2024-06-27T06:45:08.684+0000] {docker.py:413} INFO - 24/06/27 06:45:08 INFO SecurityManager: SecurityManager: authentication disabled; ui acls disabled; users with view permissions: spark; groups with view permissions: EMPTY; users with modify permissions: spark; groups with modify permissions: EMPTY
[2024-06-27T06:45:08.781+0000] {docker.py:413} INFO - 24/06/27 06:45:08 INFO Utils: Successfully started service 'sparkDriver' on port 45495.
[2024-06-27T06:45:08.794+0000] {docker.py:413} INFO - 24/06/27 06:45:08 INFO SparkEnv: Registering MapOutputTracker
[2024-06-27T06:45:08.811+0000] {docker.py:413} INFO - 24/06/27 06:45:08 INFO SparkEnv: Registering BlockManagerMaster
[2024-06-27T06:45:08.819+0000] {docker.py:413} INFO - 24/06/27 06:45:08 INFO BlockManagerMasterEndpoint: Using org.apache.spark.storage.DefaultTopologyMapper for getting topology information
[2024-06-27T06:45:08.820+0000] {docker.py:413} INFO - 24/06/27 06:45:08 INFO BlockManagerMasterEndpoint: BlockManagerMasterEndpoint up
[2024-06-27T06:45:08.821+0000] {docker.py:413} INFO - 24/06/27 06:45:08 INFO SparkEnv: Registering BlockManagerMasterHeartbeat
[2024-06-27T06:45:08.831+0000] {docker.py:413} INFO - 24/06/27 06:45:08 INFO DiskBlockManager: Created local directory at /tmp/blockmgr-68cd20ed-1cf1-4702-b588-74b4bbaec8dd
[2024-06-27T06:45:08.838+0000] {docker.py:413} INFO - 24/06/27 06:45:08 INFO MemoryStore: MemoryStore started with capacity 434.4 MiB
[2024-06-27T06:45:08.845+0000] {docker.py:413} INFO - 24/06/27 06:45:08 INFO SparkEnv: Registering OutputCommitCoordinator
[2024-06-27T06:45:08.903+0000] {docker.py:413} INFO - 24/06/27 06:45:08 INFO JettyUtils: Start Jetty 0.0.0.0:4040 for SparkUI
[2024-06-27T06:45:08.939+0000] {docker.py:413} INFO - 24/06/27 06:45:08 INFO Utils: Successfully started service 'SparkUI' on port 4040.
[2024-06-27T06:45:08.954+0000] {docker.py:413} INFO - 24/06/27 06:45:08 INFO SparkContext: Added JAR file:///opt/bitnami/spark/.ivy2/jars/org.postgresql_postgresql-42.5.4.jar at spark://localhost:45495/jars/org.postgresql_postgresql-42.5.4.jar with timestamp 1719470708631
[2024-06-27T06:45:08.955+0000] {docker.py:413} INFO - 24/06/27 06:45:08 INFO SparkContext: Added JAR file:///opt/bitnami/spark/.ivy2/jars/org.apache.spark_spark-sql-kafka-0-10_2.12-3.5.0.jar at spark://localhost:45495/jars/org.apache.spark_spark-sql-kafka-0-10_2.12-3.5.0.jar with timestamp 1719470708631
[2024-06-27T06:45:08.955+0000] {docker.py:413} INFO - 24/06/27 06:45:08 INFO SparkContext: Added JAR file:///opt/bitnami/spark/.ivy2/jars/org.checkerframework_checker-qual-3.5.0.jar at spark://localhost:45495/jars/org.checkerframework_checker-qual-3.5.0.jar with timestamp 1719470708631
[2024-06-27T06:45:08.956+0000] {docker.py:413} INFO - 24/06/27 06:45:08 INFO SparkContext: Added JAR file:///opt/bitnami/spark/.ivy2/jars/org.apache.spark_spark-token-provider-kafka-0-10_2.12-3.5.0.jar at spark://localhost:45495/jars/org.apache.spark_spark-token-provider-kafka-0-10_2.12-3.5.0.jar with timestamp 1719470708631
[2024-06-27T06:45:08.956+0000] {docker.py:413} INFO - 24/06/27 06:45:08 INFO SparkContext: Added JAR file:///opt/bitnami/spark/.ivy2/jars/org.apache.kafka_kafka-clients-3.4.1.jar at spark://localhost:45495/jars/org.apache.kafka_kafka-clients-3.4.1.jar with timestamp 1719470708631
[2024-06-27T06:45:08.956+0000] {docker.py:413} INFO - 24/06/27 06:45:08 INFO SparkContext: Added JAR file:///opt/bitnami/spark/.ivy2/jars/com.google.code.findbugs_jsr305-3.0.0.jar at spark://localhost:45495/jars/com.google.code.findbugs_jsr305-3.0.0.jar with timestamp 1719470708631
[2024-06-27T06:45:08.957+0000] {docker.py:413} INFO - 24/06/27 06:45:08 INFO SparkContext: Added JAR file:///opt/bitnami/spark/.ivy2/jars/org.apache.commons_commons-pool2-2.11.1.jar at spark://localhost:45495/jars/org.apache.commons_commons-pool2-2.11.1.jar with timestamp 1719470708631
[2024-06-27T06:45:08.957+0000] {docker.py:413} INFO - 24/06/27 06:45:08 INFO SparkContext: Added JAR file:///opt/bitnami/spark/.ivy2/jars/org.apache.hadoop_hadoop-client-runtime-3.3.4.jar at spark://localhost:45495/jars/org.apache.hadoop_hadoop-client-runtime-3.3.4.jar with timestamp 1719470708631
[2024-06-27T06:45:08.957+0000] {docker.py:413} INFO - 24/06/27 06:45:08 INFO SparkContext: Added JAR file:///opt/bitnami/spark/.ivy2/jars/org.lz4_lz4-java-1.8.0.jar at spark://localhost:45495/jars/org.lz4_lz4-java-1.8.0.jar with timestamp 1719470708631
[2024-06-27T06:45:08.957+0000] {docker.py:413} INFO - 24/06/27 06:45:08 INFO SparkContext: Added JAR file:///opt/bitnami/spark/.ivy2/jars/org.xerial.snappy_snappy-java-1.1.10.3.jar at spark://localhost:45495/jars/org.xerial.snappy_snappy-java-1.1.10.3.jar with timestamp 1719470708631
[2024-06-27T06:45:08.958+0000] {docker.py:413} INFO - 24/06/27 06:45:08 INFO SparkContext: Added JAR file:///opt/bitnami/spark/.ivy2/jars/org.slf4j_slf4j-api-2.0.7.jar at spark://localhost:45495/jars/org.slf4j_slf4j-api-2.0.7.jar with timestamp 1719470708631
[2024-06-27T06:45:08.958+0000] {docker.py:413} INFO - 24/06/27 06:45:08 INFO SparkContext: Added JAR file:///opt/bitnami/spark/.ivy2/jars/org.apache.hadoop_hadoop-client-api-3.3.4.jar at spark://localhost:45495/jars/org.apache.hadoop_hadoop-client-api-3.3.4.jar with timestamp 1719470708631
[2024-06-27T06:45:08.958+0000] {docker.py:413} INFO - 24/06/27 06:45:08 INFO SparkContext: Added JAR file:///opt/bitnami/spark/.ivy2/jars/commons-logging_commons-logging-1.1.3.jar at spark://localhost:45495/jars/commons-logging_commons-logging-1.1.3.jar with timestamp 1719470708631
[2024-06-27T06:45:08.958+0000] {docker.py:413} INFO - 24/06/27 06:45:08 INFO SparkContext: Added file file:///opt/bitnami/spark/.ivy2/jars/org.postgresql_postgresql-42.5.4.jar at file:///opt/bitnami/spark/.ivy2/jars/org.postgresql_postgresql-42.5.4.jar with timestamp 1719470708631
[2024-06-27T06:45:08.959+0000] {docker.py:413} INFO - 24/06/27 06:45:08 INFO Utils: Copying /opt/bitnami/spark/.ivy2/jars/org.postgresql_postgresql-42.5.4.jar to /tmp/spark-abdb55fd-4e22-4a05-8468-7ceee066fa99/userFiles-8245f91a-3215-450d-a517-7b9d5fd6d6a3/org.postgresql_postgresql-42.5.4.jar
[2024-06-27T06:45:08.963+0000] {docker.py:413} INFO - 24/06/27 06:45:08 INFO SparkContext: Added file file:///opt/bitnami/spark/.ivy2/jars/org.apache.spark_spark-sql-kafka-0-10_2.12-3.5.0.jar at file:///opt/bitnami/spark/.ivy2/jars/org.apache.spark_spark-sql-kafka-0-10_2.12-3.5.0.jar with timestamp 1719470708631
[2024-06-27T06:45:08.964+0000] {docker.py:413} INFO - 24/06/27 06:45:08 INFO Utils: Copying /opt/bitnami/spark/.ivy2/jars/org.apache.spark_spark-sql-kafka-0-10_2.12-3.5.0.jar to /tmp/spark-abdb55fd-4e22-4a05-8468-7ceee066fa99/userFiles-8245f91a-3215-450d-a517-7b9d5fd6d6a3/org.apache.spark_spark-sql-kafka-0-10_2.12-3.5.0.jar
[2024-06-27T06:45:08.965+0000] {docker.py:413} INFO - 24/06/27 06:45:08 INFO SparkContext: Added file file:///opt/bitnami/spark/.ivy2/jars/org.checkerframework_checker-qual-3.5.0.jar at file:///opt/bitnami/spark/.ivy2/jars/org.checkerframework_checker-qual-3.5.0.jar with timestamp 1719470708631
[2024-06-27T06:45:08.965+0000] {docker.py:413} INFO - 24/06/27 06:45:08 INFO Utils: Copying /opt/bitnami/spark/.ivy2/jars/org.checkerframework_checker-qual-3.5.0.jar to /tmp/spark-abdb55fd-4e22-4a05-8468-7ceee066fa99/userFiles-8245f91a-3215-450d-a517-7b9d5fd6d6a3/org.checkerframework_checker-qual-3.5.0.jar
[2024-06-27T06:45:08.967+0000] {docker.py:413} INFO - 24/06/27 06:45:08 INFO SparkContext: Added file file:///opt/bitnami/spark/.ivy2/jars/org.apache.spark_spark-token-provider-kafka-0-10_2.12-3.5.0.jar at file:///opt/bitnami/spark/.ivy2/jars/org.apache.spark_spark-token-provider-kafka-0-10_2.12-3.5.0.jar with timestamp 1719470708631
[2024-06-27T06:45:08.967+0000] {docker.py:413} INFO - 24/06/27 06:45:08 INFO Utils: Copying /opt/bitnami/spark/.ivy2/jars/org.apache.spark_spark-token-provider-kafka-0-10_2.12-3.5.0.jar to /tmp/spark-abdb55fd-4e22-4a05-8468-7ceee066fa99/userFiles-8245f91a-3215-450d-a517-7b9d5fd6d6a3/org.apache.spark_spark-token-provider-kafka-0-10_2.12-3.5.0.jar
[2024-06-27T06:45:08.968+0000] {docker.py:413} INFO - 24/06/27 06:45:08 INFO SparkContext: Added file file:///opt/bitnami/spark/.ivy2/jars/org.apache.kafka_kafka-clients-3.4.1.jar at file:///opt/bitnami/spark/.ivy2/jars/org.apache.kafka_kafka-clients-3.4.1.jar with timestamp 1719470708631
[2024-06-27T06:45:08.969+0000] {docker.py:413} INFO - 24/06/27 06:45:08 INFO Utils: Copying /opt/bitnami/spark/.ivy2/jars/org.apache.kafka_kafka-clients-3.4.1.jar to /tmp/spark-abdb55fd-4e22-4a05-8468-7ceee066fa99/userFiles-8245f91a-3215-450d-a517-7b9d5fd6d6a3/org.apache.kafka_kafka-clients-3.4.1.jar
[2024-06-27T06:45:08.971+0000] {docker.py:413} INFO - 24/06/27 06:45:08 INFO SparkContext: Added file file:///opt/bitnami/spark/.ivy2/jars/com.google.code.findbugs_jsr305-3.0.0.jar at file:///opt/bitnami/spark/.ivy2/jars/com.google.code.findbugs_jsr305-3.0.0.jar with timestamp 1719470708631
[2024-06-27T06:45:08.971+0000] {docker.py:413} INFO - 24/06/27 06:45:08 INFO Utils: Copying /opt/bitnami/spark/.ivy2/jars/com.google.code.findbugs_jsr305-3.0.0.jar to /tmp/spark-abdb55fd-4e22-4a05-8468-7ceee066fa99/userFiles-8245f91a-3215-450d-a517-7b9d5fd6d6a3/com.google.code.findbugs_jsr305-3.0.0.jar
[2024-06-27T06:45:08.972+0000] {docker.py:413} INFO - 24/06/27 06:45:08 INFO SparkContext: Added file file:///opt/bitnami/spark/.ivy2/jars/org.apache.commons_commons-pool2-2.11.1.jar at file:///opt/bitnami/spark/.ivy2/jars/org.apache.commons_commons-pool2-2.11.1.jar with timestamp 1719470708631
[2024-06-27T06:45:08.972+0000] {docker.py:413} INFO - 24/06/27 06:45:08 INFO Utils: Copying /opt/bitnami/spark/.ivy2/jars/org.apache.commons_commons-pool2-2.11.1.jar to /tmp/spark-abdb55fd-4e22-4a05-8468-7ceee066fa99/userFiles-8245f91a-3215-450d-a517-7b9d5fd6d6a3/org.apache.commons_commons-pool2-2.11.1.jar
[2024-06-27T06:45:08.974+0000] {docker.py:413} INFO - 24/06/27 06:45:08 INFO SparkContext: Added file file:///opt/bitnami/spark/.ivy2/jars/org.apache.hadoop_hadoop-client-runtime-3.3.4.jar at file:///opt/bitnami/spark/.ivy2/jars/org.apache.hadoop_hadoop-client-runtime-3.3.4.jar with timestamp 1719470708631
[2024-06-27T06:45:08.974+0000] {docker.py:413} INFO - 24/06/27 06:45:08 INFO Utils: Copying /opt/bitnami/spark/.ivy2/jars/org.apache.hadoop_hadoop-client-runtime-3.3.4.jar to /tmp/spark-abdb55fd-4e22-4a05-8468-7ceee066fa99/userFiles-8245f91a-3215-450d-a517-7b9d5fd6d6a3/org.apache.hadoop_hadoop-client-runtime-3.3.4.jar
[2024-06-27T06:45:08.982+0000] {docker.py:413} INFO - 24/06/27 06:45:08 INFO SparkContext: Added file file:///opt/bitnami/spark/.ivy2/jars/org.lz4_lz4-java-1.8.0.jar at file:///opt/bitnami/spark/.ivy2/jars/org.lz4_lz4-java-1.8.0.jar with timestamp 1719470708631
[2024-06-27T06:45:08.982+0000] {docker.py:413} INFO - 24/06/27 06:45:08 INFO Utils: Copying /opt/bitnami/spark/.ivy2/jars/org.lz4_lz4-java-1.8.0.jar to /tmp/spark-abdb55fd-4e22-4a05-8468-7ceee066fa99/userFiles-8245f91a-3215-450d-a517-7b9d5fd6d6a3/org.lz4_lz4-java-1.8.0.jar
[2024-06-27T06:45:08.984+0000] {docker.py:413} INFO - 24/06/27 06:45:08 INFO SparkContext: Added file file:///opt/bitnami/spark/.ivy2/jars/org.xerial.snappy_snappy-java-1.1.10.3.jar at file:///opt/bitnami/spark/.ivy2/jars/org.xerial.snappy_snappy-java-1.1.10.3.jar with timestamp 1719470708631
24/06/27 06:45:08 INFO Utils: Copying /opt/bitnami/spark/.ivy2/jars/org.xerial.snappy_snappy-java-1.1.10.3.jar to /tmp/spark-abdb55fd-4e22-4a05-8468-7ceee066fa99/userFiles-8245f91a-3215-450d-a517-7b9d5fd6d6a3/org.xerial.snappy_snappy-java-1.1.10.3.jar
[2024-06-27T06:45:08.986+0000] {docker.py:413} INFO - 24/06/27 06:45:08 INFO SparkContext: Added file file:///opt/bitnami/spark/.ivy2/jars/org.slf4j_slf4j-api-2.0.7.jar at file:///opt/bitnami/spark/.ivy2/jars/org.slf4j_slf4j-api-2.0.7.jar with timestamp 1719470708631
24/06/27 06:45:08 INFO Utils: Copying /opt/bitnami/spark/.ivy2/jars/org.slf4j_slf4j-api-2.0.7.jar to /tmp/spark-abdb55fd-4e22-4a05-8468-7ceee066fa99/userFiles-8245f91a-3215-450d-a517-7b9d5fd6d6a3/org.slf4j_slf4j-api-2.0.7.jar
[2024-06-27T06:45:08.987+0000] {docker.py:413} INFO - 24/06/27 06:45:08 INFO SparkContext: Added file file:///opt/bitnami/spark/.ivy2/jars/org.apache.hadoop_hadoop-client-api-3.3.4.jar at file:///opt/bitnami/spark/.ivy2/jars/org.apache.hadoop_hadoop-client-api-3.3.4.jar with timestamp 1719470708631
[2024-06-27T06:45:08.987+0000] {docker.py:413} INFO - 24/06/27 06:45:08 INFO Utils: Copying /opt/bitnami/spark/.ivy2/jars/org.apache.hadoop_hadoop-client-api-3.3.4.jar to /tmp/spark-abdb55fd-4e22-4a05-8468-7ceee066fa99/userFiles-8245f91a-3215-450d-a517-7b9d5fd6d6a3/org.apache.hadoop_hadoop-client-api-3.3.4.jar
[2024-06-27T06:45:08.994+0000] {docker.py:413} INFO - 24/06/27 06:45:08 INFO SparkContext: Added file file:///opt/bitnami/spark/.ivy2/jars/commons-logging_commons-logging-1.1.3.jar at file:///opt/bitnami/spark/.ivy2/jars/commons-logging_commons-logging-1.1.3.jar with timestamp 1719470708631
[2024-06-27T06:45:08.995+0000] {docker.py:413} INFO - 24/06/27 06:45:08 INFO Utils: Copying /opt/bitnami/spark/.ivy2/jars/commons-logging_commons-logging-1.1.3.jar to /tmp/spark-abdb55fd-4e22-4a05-8468-7ceee066fa99/userFiles-8245f91a-3215-450d-a517-7b9d5fd6d6a3/commons-logging_commons-logging-1.1.3.jar
[2024-06-27T06:45:09.027+0000] {docker.py:413} INFO - 24/06/27 06:45:09 INFO Executor: Starting executor ID driver on host localhost
[2024-06-27T06:45:09.027+0000] {docker.py:413} INFO - 24/06/27 06:45:09 INFO Executor: OS info Linux, 6.6.12-linuxkit, aarch64
[2024-06-27T06:45:09.028+0000] {docker.py:413} INFO - 24/06/27 06:45:09 INFO Executor: Java version 17.0.10
[2024-06-27T06:45:09.030+0000] {docker.py:413} INFO - 24/06/27 06:45:09 INFO Executor: Starting executor with user classpath (userClassPathFirst = false): ''
[2024-06-27T06:45:09.030+0000] {docker.py:413} INFO - 24/06/27 06:45:09 INFO Executor: Created or updated repl class loader org.apache.spark.util.MutableURLClassLoader@31fc83df for default.
[2024-06-27T06:45:09.035+0000] {docker.py:413} INFO - 24/06/27 06:45:09 INFO Executor: Fetching file:///opt/bitnami/spark/.ivy2/jars/org.apache.spark_spark-token-provider-kafka-0-10_2.12-3.5.0.jar with timestamp 1719470708631
[2024-06-27T06:45:09.043+0000] {docker.py:413} INFO - 24/06/27 06:45:09 INFO Utils: /opt/bitnami/spark/.ivy2/jars/org.apache.spark_spark-token-provider-kafka-0-10_2.12-3.5.0.jar has been previously copied to /tmp/spark-abdb55fd-4e22-4a05-8468-7ceee066fa99/userFiles-8245f91a-3215-450d-a517-7b9d5fd6d6a3/org.apache.spark_spark-token-provider-kafka-0-10_2.12-3.5.0.jar
[2024-06-27T06:45:09.045+0000] {docker.py:413} INFO - 24/06/27 06:45:09 INFO Executor: Fetching file:///opt/bitnami/spark/.ivy2/jars/org.apache.hadoop_hadoop-client-runtime-3.3.4.jar with timestamp 1719470708631
[2024-06-27T06:45:09.058+0000] {docker.py:413} INFO - 24/06/27 06:45:09 INFO Utils: /opt/bitnami/spark/.ivy2/jars/org.apache.hadoop_hadoop-client-runtime-3.3.4.jar has been previously copied to /tmp/spark-abdb55fd-4e22-4a05-8468-7ceee066fa99/userFiles-8245f91a-3215-450d-a517-7b9d5fd6d6a3/org.apache.hadoop_hadoop-client-runtime-3.3.4.jar
[2024-06-27T06:45:09.059+0000] {docker.py:413} INFO - 24/06/27 06:45:09 INFO Executor: Fetching file:///opt/bitnami/spark/.ivy2/jars/org.apache.commons_commons-pool2-2.11.1.jar with timestamp 1719470708631
[2024-06-27T06:45:09.060+0000] {docker.py:413} INFO - 24/06/27 06:45:09 INFO Utils: /opt/bitnami/spark/.ivy2/jars/org.apache.commons_commons-pool2-2.11.1.jar has been previously copied to /tmp/spark-abdb55fd-4e22-4a05-8468-7ceee066fa99/userFiles-8245f91a-3215-450d-a517-7b9d5fd6d6a3/org.apache.commons_commons-pool2-2.11.1.jar
[2024-06-27T06:45:09.061+0000] {docker.py:413} INFO - 24/06/27 06:45:09 INFO Executor: Fetching file:///opt/bitnami/spark/.ivy2/jars/org.postgresql_postgresql-42.5.4.jar with timestamp 1719470708631
[2024-06-27T06:45:09.062+0000] {docker.py:413} INFO - 24/06/27 06:45:09 INFO Utils: /opt/bitnami/spark/.ivy2/jars/org.postgresql_postgresql-42.5.4.jar has been previously copied to /tmp/spark-abdb55fd-4e22-4a05-8468-7ceee066fa99/userFiles-8245f91a-3215-450d-a517-7b9d5fd6d6a3/org.postgresql_postgresql-42.5.4.jar
[2024-06-27T06:45:09.063+0000] {docker.py:413} INFO - 24/06/27 06:45:09 INFO Executor: Fetching file:///opt/bitnami/spark/.ivy2/jars/org.slf4j_slf4j-api-2.0.7.jar with timestamp 1719470708631
[2024-06-27T06:45:09.064+0000] {docker.py:413} INFO - 24/06/27 06:45:09 INFO Utils: /opt/bitnami/spark/.ivy2/jars/org.slf4j_slf4j-api-2.0.7.jar has been previously copied to /tmp/spark-abdb55fd-4e22-4a05-8468-7ceee066fa99/userFiles-8245f91a-3215-450d-a517-7b9d5fd6d6a3/org.slf4j_slf4j-api-2.0.7.jar
[2024-06-27T06:45:09.065+0000] {docker.py:413} INFO - 24/06/27 06:45:09 INFO Executor: Fetching file:///opt/bitnami/spark/.ivy2/jars/org.apache.kafka_kafka-clients-3.4.1.jar with timestamp 1719470708631
[2024-06-27T06:45:09.067+0000] {docker.py:413} INFO - 24/06/27 06:45:09 INFO Utils: /opt/bitnami/spark/.ivy2/jars/org.apache.kafka_kafka-clients-3.4.1.jar has been previously copied to /tmp/spark-abdb55fd-4e22-4a05-8468-7ceee066fa99/userFiles-8245f91a-3215-450d-a517-7b9d5fd6d6a3/org.apache.kafka_kafka-clients-3.4.1.jar
[2024-06-27T06:45:09.068+0000] {docker.py:413} INFO - 24/06/27 06:45:09 INFO Executor: Fetching file:///opt/bitnami/spark/.ivy2/jars/com.google.code.findbugs_jsr305-3.0.0.jar with timestamp 1719470708631
[2024-06-27T06:45:09.068+0000] {docker.py:413} INFO - 24/06/27 06:45:09 INFO Utils: /opt/bitnami/spark/.ivy2/jars/com.google.code.findbugs_jsr305-3.0.0.jar has been previously copied to /tmp/spark-abdb55fd-4e22-4a05-8468-7ceee066fa99/userFiles-8245f91a-3215-450d-a517-7b9d5fd6d6a3/com.google.code.findbugs_jsr305-3.0.0.jar
[2024-06-27T06:45:09.069+0000] {docker.py:413} INFO - 24/06/27 06:45:09 INFO Executor: Fetching file:///opt/bitnami/spark/.ivy2/jars/org.lz4_lz4-java-1.8.0.jar with timestamp 1719470708631
[2024-06-27T06:45:09.070+0000] {docker.py:413} INFO - 24/06/27 06:45:09 INFO Utils: /opt/bitnami/spark/.ivy2/jars/org.lz4_lz4-java-1.8.0.jar has been previously copied to /tmp/spark-abdb55fd-4e22-4a05-8468-7ceee066fa99/userFiles-8245f91a-3215-450d-a517-7b9d5fd6d6a3/org.lz4_lz4-java-1.8.0.jar
[2024-06-27T06:45:09.071+0000] {docker.py:413} INFO - 24/06/27 06:45:09 INFO Executor: Fetching file:///opt/bitnami/spark/.ivy2/jars/org.apache.spark_spark-sql-kafka-0-10_2.12-3.5.0.jar with timestamp 1719470708631
[2024-06-27T06:45:09.072+0000] {docker.py:413} INFO - 24/06/27 06:45:09 INFO Utils: /opt/bitnami/spark/.ivy2/jars/org.apache.spark_spark-sql-kafka-0-10_2.12-3.5.0.jar has been previously copied to /tmp/spark-abdb55fd-4e22-4a05-8468-7ceee066fa99/userFiles-8245f91a-3215-450d-a517-7b9d5fd6d6a3/org.apache.spark_spark-sql-kafka-0-10_2.12-3.5.0.jar
[2024-06-27T06:45:09.073+0000] {docker.py:413} INFO - 24/06/27 06:45:09 INFO Executor: Fetching file:///opt/bitnami/spark/.ivy2/jars/org.apache.hadoop_hadoop-client-api-3.3.4.jar with timestamp 1719470708631
[2024-06-27T06:45:09.082+0000] {docker.py:413} INFO - 24/06/27 06:45:09 INFO Utils: /opt/bitnami/spark/.ivy2/jars/org.apache.hadoop_hadoop-client-api-3.3.4.jar has been previously copied to /tmp/spark-abdb55fd-4e22-4a05-8468-7ceee066fa99/userFiles-8245f91a-3215-450d-a517-7b9d5fd6d6a3/org.apache.hadoop_hadoop-client-api-3.3.4.jar
[2024-06-27T06:45:09.082+0000] {docker.py:413} INFO - 24/06/27 06:45:09 INFO Executor: Fetching file:///opt/bitnami/spark/.ivy2/jars/commons-logging_commons-logging-1.1.3.jar with timestamp 1719470708631
[2024-06-27T06:45:09.083+0000] {docker.py:413} INFO - 24/06/27 06:45:09 INFO Utils: /opt/bitnami/spark/.ivy2/jars/commons-logging_commons-logging-1.1.3.jar has been previously copied to /tmp/spark-abdb55fd-4e22-4a05-8468-7ceee066fa99/userFiles-8245f91a-3215-450d-a517-7b9d5fd6d6a3/commons-logging_commons-logging-1.1.3.jar
[2024-06-27T06:45:09.084+0000] {docker.py:413} INFO - 24/06/27 06:45:09 INFO Executor: Fetching file:///opt/bitnami/spark/.ivy2/jars/org.checkerframework_checker-qual-3.5.0.jar with timestamp 1719470708631
[2024-06-27T06:45:09.084+0000] {docker.py:413} INFO - 24/06/27 06:45:09 INFO Utils: /opt/bitnami/spark/.ivy2/jars/org.checkerframework_checker-qual-3.5.0.jar has been previously copied to /tmp/spark-abdb55fd-4e22-4a05-8468-7ceee066fa99/userFiles-8245f91a-3215-450d-a517-7b9d5fd6d6a3/org.checkerframework_checker-qual-3.5.0.jar
[2024-06-27T06:45:09.086+0000] {docker.py:413} INFO - 24/06/27 06:45:09 INFO Executor: Fetching file:///opt/bitnami/spark/.ivy2/jars/org.xerial.snappy_snappy-java-1.1.10.3.jar with timestamp 1719470708631
[2024-06-27T06:45:09.086+0000] {docker.py:413} INFO - 24/06/27 06:45:09 INFO Utils: /opt/bitnami/spark/.ivy2/jars/org.xerial.snappy_snappy-java-1.1.10.3.jar has been previously copied to /tmp/spark-abdb55fd-4e22-4a05-8468-7ceee066fa99/userFiles-8245f91a-3215-450d-a517-7b9d5fd6d6a3/org.xerial.snappy_snappy-java-1.1.10.3.jar
[2024-06-27T06:45:09.089+0000] {docker.py:413} INFO - 24/06/27 06:45:09 INFO Executor: Fetching spark://localhost:45495/jars/org.xerial.snappy_snappy-java-1.1.10.3.jar with timestamp 1719470708631
[2024-06-27T06:45:09.114+0000] {docker.py:413} INFO - 24/06/27 06:45:09 INFO TransportClientFactory: Successfully created connection to localhost/127.0.0.1:45495 after 16 ms (0 ms spent in bootstraps)
[2024-06-27T06:45:09.116+0000] {docker.py:413} INFO - 24/06/27 06:45:09 INFO Utils: Fetching spark://localhost:45495/jars/org.xerial.snappy_snappy-java-1.1.10.3.jar to /tmp/spark-abdb55fd-4e22-4a05-8468-7ceee066fa99/userFiles-8245f91a-3215-450d-a517-7b9d5fd6d6a3/fetchFileTemp473713223067772994.tmp
[2024-06-27T06:45:09.130+0000] {docker.py:413} INFO - 24/06/27 06:45:09 INFO Utils: /tmp/spark-abdb55fd-4e22-4a05-8468-7ceee066fa99/userFiles-8245f91a-3215-450d-a517-7b9d5fd6d6a3/fetchFileTemp473713223067772994.tmp has been previously copied to /tmp/spark-abdb55fd-4e22-4a05-8468-7ceee066fa99/userFiles-8245f91a-3215-450d-a517-7b9d5fd6d6a3/org.xerial.snappy_snappy-java-1.1.10.3.jar
[2024-06-27T06:45:09.132+0000] {docker.py:413} INFO - 24/06/27 06:45:09 INFO Executor: Adding file:/tmp/spark-abdb55fd-4e22-4a05-8468-7ceee066fa99/userFiles-8245f91a-3215-450d-a517-7b9d5fd6d6a3/org.xerial.snappy_snappy-java-1.1.10.3.jar to class loader default
[2024-06-27T06:45:09.133+0000] {docker.py:413} INFO - 24/06/27 06:45:09 INFO Executor: Fetching spark://localhost:45495/jars/org.apache.hadoop_hadoop-client-runtime-3.3.4.jar with timestamp 1719470708631
[2024-06-27T06:45:09.133+0000] {docker.py:413} INFO - 24/06/27 06:45:09 INFO Utils: Fetching spark://localhost:45495/jars/org.apache.hadoop_hadoop-client-runtime-3.3.4.jar to /tmp/spark-abdb55fd-4e22-4a05-8468-7ceee066fa99/userFiles-8245f91a-3215-450d-a517-7b9d5fd6d6a3/fetchFileTemp17521488432584480342.tmp
[2024-06-27T06:45:09.197+0000] {docker.py:413} INFO - 24/06/27 06:45:09 INFO Utils: /tmp/spark-abdb55fd-4e22-4a05-8468-7ceee066fa99/userFiles-8245f91a-3215-450d-a517-7b9d5fd6d6a3/fetchFileTemp17521488432584480342.tmp has been previously copied to /tmp/spark-abdb55fd-4e22-4a05-8468-7ceee066fa99/userFiles-8245f91a-3215-450d-a517-7b9d5fd6d6a3/org.apache.hadoop_hadoop-client-runtime-3.3.4.jar
[2024-06-27T06:45:09.201+0000] {docker.py:413} INFO - 24/06/27 06:45:09 INFO Executor: Adding file:/tmp/spark-abdb55fd-4e22-4a05-8468-7ceee066fa99/userFiles-8245f91a-3215-450d-a517-7b9d5fd6d6a3/org.apache.hadoop_hadoop-client-runtime-3.3.4.jar to class loader default
[2024-06-27T06:45:09.202+0000] {docker.py:413} INFO - 24/06/27 06:45:09 INFO Executor: Fetching spark://localhost:45495/jars/org.apache.commons_commons-pool2-2.11.1.jar with timestamp 1719470708631
[2024-06-27T06:45:09.202+0000] {docker.py:413} INFO - 24/06/27 06:45:09 INFO Utils: Fetching spark://localhost:45495/jars/org.apache.commons_commons-pool2-2.11.1.jar to /tmp/spark-abdb55fd-4e22-4a05-8468-7ceee066fa99/userFiles-8245f91a-3215-450d-a517-7b9d5fd6d6a3/fetchFileTemp15439041583105754330.tmp
[2024-06-27T06:45:09.202+0000] {docker.py:413} INFO - 24/06/27 06:45:09 INFO Utils: /tmp/spark-abdb55fd-4e22-4a05-8468-7ceee066fa99/userFiles-8245f91a-3215-450d-a517-7b9d5fd6d6a3/fetchFileTemp15439041583105754330.tmp has been previously copied to /tmp/spark-abdb55fd-4e22-4a05-8468-7ceee066fa99/userFiles-8245f91a-3215-450d-a517-7b9d5fd6d6a3/org.apache.commons_commons-pool2-2.11.1.jar
[2024-06-27T06:45:09.204+0000] {docker.py:413} INFO - 24/06/27 06:45:09 INFO Executor: Adding file:/tmp/spark-abdb55fd-4e22-4a05-8468-7ceee066fa99/userFiles-8245f91a-3215-450d-a517-7b9d5fd6d6a3/org.apache.commons_commons-pool2-2.11.1.jar to class loader default
[2024-06-27T06:45:09.204+0000] {docker.py:413} INFO - 24/06/27 06:45:09 INFO Executor: Fetching spark://localhost:45495/jars/commons-logging_commons-logging-1.1.3.jar with timestamp 1719470708631
[2024-06-27T06:45:09.204+0000] {docker.py:413} INFO - 24/06/27 06:45:09 INFO Utils: Fetching spark://localhost:45495/jars/commons-logging_commons-logging-1.1.3.jar to /tmp/spark-abdb55fd-4e22-4a05-8468-7ceee066fa99/userFiles-8245f91a-3215-450d-a517-7b9d5fd6d6a3/fetchFileTemp10649281235478241789.tmp
[2024-06-27T06:45:09.205+0000] {docker.py:413} INFO - 24/06/27 06:45:09 INFO Utils: /tmp/spark-abdb55fd-4e22-4a05-8468-7ceee066fa99/userFiles-8245f91a-3215-450d-a517-7b9d5fd6d6a3/fetchFileTemp10649281235478241789.tmp has been previously copied to /tmp/spark-abdb55fd-4e22-4a05-8468-7ceee066fa99/userFiles-8245f91a-3215-450d-a517-7b9d5fd6d6a3/commons-logging_commons-logging-1.1.3.jar
[2024-06-27T06:45:09.206+0000] {docker.py:413} INFO - 24/06/27 06:45:09 INFO Executor: Adding file:/tmp/spark-abdb55fd-4e22-4a05-8468-7ceee066fa99/userFiles-8245f91a-3215-450d-a517-7b9d5fd6d6a3/commons-logging_commons-logging-1.1.3.jar to class loader default
[2024-06-27T06:45:09.206+0000] {docker.py:413} INFO - 24/06/27 06:45:09 INFO Executor: Fetching spark://localhost:45495/jars/org.lz4_lz4-java-1.8.0.jar with timestamp 1719470708631
[2024-06-27T06:45:09.207+0000] {docker.py:413} INFO - 24/06/27 06:45:09 INFO Utils: Fetching spark://localhost:45495/jars/org.lz4_lz4-java-1.8.0.jar to /tmp/spark-abdb55fd-4e22-4a05-8468-7ceee066fa99/userFiles-8245f91a-3215-450d-a517-7b9d5fd6d6a3/fetchFileTemp16994520771170705346.tmp
[2024-06-27T06:45:09.208+0000] {docker.py:413} INFO - 24/06/27 06:45:09 INFO Utils: /tmp/spark-abdb55fd-4e22-4a05-8468-7ceee066fa99/userFiles-8245f91a-3215-450d-a517-7b9d5fd6d6a3/fetchFileTemp16994520771170705346.tmp has been previously copied to /tmp/spark-abdb55fd-4e22-4a05-8468-7ceee066fa99/userFiles-8245f91a-3215-450d-a517-7b9d5fd6d6a3/org.lz4_lz4-java-1.8.0.jar
[2024-06-27T06:45:09.210+0000] {docker.py:413} INFO - 24/06/27 06:45:09 INFO Executor: Adding file:/tmp/spark-abdb55fd-4e22-4a05-8468-7ceee066fa99/userFiles-8245f91a-3215-450d-a517-7b9d5fd6d6a3/org.lz4_lz4-java-1.8.0.jar to class loader default
[2024-06-27T06:45:09.210+0000] {docker.py:413} INFO - 24/06/27 06:45:09 INFO Executor: Fetching spark://localhost:45495/jars/org.apache.spark_spark-sql-kafka-0-10_2.12-3.5.0.jar with timestamp 1719470708631
[2024-06-27T06:45:09.210+0000] {docker.py:413} INFO - 24/06/27 06:45:09 INFO Utils: Fetching spark://localhost:45495/jars/org.apache.spark_spark-sql-kafka-0-10_2.12-3.5.0.jar to /tmp/spark-abdb55fd-4e22-4a05-8468-7ceee066fa99/userFiles-8245f91a-3215-450d-a517-7b9d5fd6d6a3/fetchFileTemp18390813141245733849.tmp
[2024-06-27T06:45:09.211+0000] {docker.py:413} INFO - 24/06/27 06:45:09 INFO Utils: /tmp/spark-abdb55fd-4e22-4a05-8468-7ceee066fa99/userFiles-8245f91a-3215-450d-a517-7b9d5fd6d6a3/fetchFileTemp18390813141245733849.tmp has been previously copied to /tmp/spark-abdb55fd-4e22-4a05-8468-7ceee066fa99/userFiles-8245f91a-3215-450d-a517-7b9d5fd6d6a3/org.apache.spark_spark-sql-kafka-0-10_2.12-3.5.0.jar
[2024-06-27T06:45:09.214+0000] {docker.py:413} INFO - 24/06/27 06:45:09 INFO Executor: Adding file:/tmp/spark-abdb55fd-4e22-4a05-8468-7ceee066fa99/userFiles-8245f91a-3215-450d-a517-7b9d5fd6d6a3/org.apache.spark_spark-sql-kafka-0-10_2.12-3.5.0.jar to class loader default
[2024-06-27T06:45:09.214+0000] {docker.py:413} INFO - 24/06/27 06:45:09 INFO Executor: Fetching spark://localhost:45495/jars/org.apache.spark_spark-token-provider-kafka-0-10_2.12-3.5.0.jar with timestamp 1719470708631
[2024-06-27T06:45:09.215+0000] {docker.py:413} INFO - 24/06/27 06:45:09 INFO Utils: Fetching spark://localhost:45495/jars/org.apache.spark_spark-token-provider-kafka-0-10_2.12-3.5.0.jar to /tmp/spark-abdb55fd-4e22-4a05-8468-7ceee066fa99/userFiles-8245f91a-3215-450d-a517-7b9d5fd6d6a3/fetchFileTemp8146570180604931563.tmp
[2024-06-27T06:45:09.215+0000] {docker.py:413} INFO - 24/06/27 06:45:09 INFO Utils: /tmp/spark-abdb55fd-4e22-4a05-8468-7ceee066fa99/userFiles-8245f91a-3215-450d-a517-7b9d5fd6d6a3/fetchFileTemp8146570180604931563.tmp has been previously copied to /tmp/spark-abdb55fd-4e22-4a05-8468-7ceee066fa99/userFiles-8245f91a-3215-450d-a517-7b9d5fd6d6a3/org.apache.spark_spark-token-provider-kafka-0-10_2.12-3.5.0.jar
[2024-06-27T06:45:09.215+0000] {docker.py:413} INFO - 24/06/27 06:45:09 INFO Executor: Adding file:/tmp/spark-abdb55fd-4e22-4a05-8468-7ceee066fa99/userFiles-8245f91a-3215-450d-a517-7b9d5fd6d6a3/org.apache.spark_spark-token-provider-kafka-0-10_2.12-3.5.0.jar to class loader default
[2024-06-27T06:45:09.216+0000] {docker.py:413} INFO - 24/06/27 06:45:09 INFO Executor: Fetching spark://localhost:45495/jars/org.apache.hadoop_hadoop-client-api-3.3.4.jar with timestamp 1719470708631
[2024-06-27T06:45:09.216+0000] {docker.py:413} INFO - 24/06/27 06:45:09 INFO Utils: Fetching spark://localhost:45495/jars/org.apache.hadoop_hadoop-client-api-3.3.4.jar to /tmp/spark-abdb55fd-4e22-4a05-8468-7ceee066fa99/userFiles-8245f91a-3215-450d-a517-7b9d5fd6d6a3/fetchFileTemp1106046759443769960.tmp
[2024-06-27T06:45:09.247+0000] {docker.py:413} INFO - 24/06/27 06:45:09 INFO Utils: /tmp/spark-abdb55fd-4e22-4a05-8468-7ceee066fa99/userFiles-8245f91a-3215-450d-a517-7b9d5fd6d6a3/fetchFileTemp1106046759443769960.tmp has been previously copied to /tmp/spark-abdb55fd-4e22-4a05-8468-7ceee066fa99/userFiles-8245f91a-3215-450d-a517-7b9d5fd6d6a3/org.apache.hadoop_hadoop-client-api-3.3.4.jar
[2024-06-27T06:45:09.248+0000] {docker.py:413} INFO - 24/06/27 06:45:09 INFO Executor: Adding file:/tmp/spark-abdb55fd-4e22-4a05-8468-7ceee066fa99/userFiles-8245f91a-3215-450d-a517-7b9d5fd6d6a3/org.apache.hadoop_hadoop-client-api-3.3.4.jar to class loader default
[2024-06-27T06:45:09.248+0000] {docker.py:413} INFO - 24/06/27 06:45:09 INFO Executor: Fetching spark://localhost:45495/jars/org.apache.kafka_kafka-clients-3.4.1.jar with timestamp 1719470708631
[2024-06-27T06:45:09.248+0000] {docker.py:413} INFO - 24/06/27 06:45:09 INFO Utils: Fetching spark://localhost:45495/jars/org.apache.kafka_kafka-clients-3.4.1.jar to /tmp/spark-abdb55fd-4e22-4a05-8468-7ceee066fa99/userFiles-8245f91a-3215-450d-a517-7b9d5fd6d6a3/fetchFileTemp2159563096453713600.tmp
[2024-06-27T06:45:09.254+0000] {docker.py:413} INFO - 24/06/27 06:45:09 INFO Utils: /tmp/spark-abdb55fd-4e22-4a05-8468-7ceee066fa99/userFiles-8245f91a-3215-450d-a517-7b9d5fd6d6a3/fetchFileTemp2159563096453713600.tmp has been previously copied to /tmp/spark-abdb55fd-4e22-4a05-8468-7ceee066fa99/userFiles-8245f91a-3215-450d-a517-7b9d5fd6d6a3/org.apache.kafka_kafka-clients-3.4.1.jar
[2024-06-27T06:45:09.256+0000] {docker.py:413} INFO - 24/06/27 06:45:09 INFO Executor: Adding file:/tmp/spark-abdb55fd-4e22-4a05-8468-7ceee066fa99/userFiles-8245f91a-3215-450d-a517-7b9d5fd6d6a3/org.apache.kafka_kafka-clients-3.4.1.jar to class loader default
[2024-06-27T06:45:09.256+0000] {docker.py:413} INFO - 24/06/27 06:45:09 INFO Executor: Fetching spark://localhost:45495/jars/org.checkerframework_checker-qual-3.5.0.jar with timestamp 1719470708631
[2024-06-27T06:45:09.256+0000] {docker.py:413} INFO - 24/06/27 06:45:09 INFO Utils: Fetching spark://localhost:45495/jars/org.checkerframework_checker-qual-3.5.0.jar to /tmp/spark-abdb55fd-4e22-4a05-8468-7ceee066fa99/userFiles-8245f91a-3215-450d-a517-7b9d5fd6d6a3/fetchFileTemp2018844487753988371.tmp
[2024-06-27T06:45:09.257+0000] {docker.py:413} INFO - 24/06/27 06:45:09 INFO Utils: /tmp/spark-abdb55fd-4e22-4a05-8468-7ceee066fa99/userFiles-8245f91a-3215-450d-a517-7b9d5fd6d6a3/fetchFileTemp2018844487753988371.tmp has been previously copied to /tmp/spark-abdb55fd-4e22-4a05-8468-7ceee066fa99/userFiles-8245f91a-3215-450d-a517-7b9d5fd6d6a3/org.checkerframework_checker-qual-3.5.0.jar
[2024-06-27T06:45:09.258+0000] {docker.py:413} INFO - 24/06/27 06:45:09 INFO Executor: Adding file:/tmp/spark-abdb55fd-4e22-4a05-8468-7ceee066fa99/userFiles-8245f91a-3215-450d-a517-7b9d5fd6d6a3/org.checkerframework_checker-qual-3.5.0.jar to class loader default
[2024-06-27T06:45:09.259+0000] {docker.py:413} INFO - 24/06/27 06:45:09 INFO Executor: Fetching spark://localhost:45495/jars/org.postgresql_postgresql-42.5.4.jar with timestamp 1719470708631
[2024-06-27T06:45:09.259+0000] {docker.py:413} INFO - 24/06/27 06:45:09 INFO Utils: Fetching spark://localhost:45495/jars/org.postgresql_postgresql-42.5.4.jar to /tmp/spark-abdb55fd-4e22-4a05-8468-7ceee066fa99/userFiles-8245f91a-3215-450d-a517-7b9d5fd6d6a3/fetchFileTemp8978300886351860259.tmp
[2024-06-27T06:45:09.260+0000] {docker.py:413} INFO - 24/06/27 06:45:09 INFO Utils: /tmp/spark-abdb55fd-4e22-4a05-8468-7ceee066fa99/userFiles-8245f91a-3215-450d-a517-7b9d5fd6d6a3/fetchFileTemp8978300886351860259.tmp has been previously copied to /tmp/spark-abdb55fd-4e22-4a05-8468-7ceee066fa99/userFiles-8245f91a-3215-450d-a517-7b9d5fd6d6a3/org.postgresql_postgresql-42.5.4.jar
[2024-06-27T06:45:09.262+0000] {docker.py:413} INFO - 24/06/27 06:45:09 INFO Executor: Adding file:/tmp/spark-abdb55fd-4e22-4a05-8468-7ceee066fa99/userFiles-8245f91a-3215-450d-a517-7b9d5fd6d6a3/org.postgresql_postgresql-42.5.4.jar to class loader default
[2024-06-27T06:45:09.263+0000] {docker.py:413} INFO - 24/06/27 06:45:09 INFO Executor: Fetching spark://localhost:45495/jars/com.google.code.findbugs_jsr305-3.0.0.jar with timestamp 1719470708631
[2024-06-27T06:45:09.263+0000] {docker.py:413} INFO - 24/06/27 06:45:09 INFO Utils: Fetching spark://localhost:45495/jars/com.google.code.findbugs_jsr305-3.0.0.jar to /tmp/spark-abdb55fd-4e22-4a05-8468-7ceee066fa99/userFiles-8245f91a-3215-450d-a517-7b9d5fd6d6a3/fetchFileTemp2449917066128972666.tmp
[2024-06-27T06:45:09.263+0000] {docker.py:413} INFO - 24/06/27 06:45:09 INFO Utils: /tmp/spark-abdb55fd-4e22-4a05-8468-7ceee066fa99/userFiles-8245f91a-3215-450d-a517-7b9d5fd6d6a3/fetchFileTemp2449917066128972666.tmp has been previously copied to /tmp/spark-abdb55fd-4e22-4a05-8468-7ceee066fa99/userFiles-8245f91a-3215-450d-a517-7b9d5fd6d6a3/com.google.code.findbugs_jsr305-3.0.0.jar
[2024-06-27T06:45:09.265+0000] {docker.py:413} INFO - 24/06/27 06:45:09 INFO Executor: Adding file:/tmp/spark-abdb55fd-4e22-4a05-8468-7ceee066fa99/userFiles-8245f91a-3215-450d-a517-7b9d5fd6d6a3/com.google.code.findbugs_jsr305-3.0.0.jar to class loader default
[2024-06-27T06:45:09.265+0000] {docker.py:413} INFO - 24/06/27 06:45:09 INFO Executor: Fetching spark://localhost:45495/jars/org.slf4j_slf4j-api-2.0.7.jar with timestamp 1719470708631
[2024-06-27T06:45:09.265+0000] {docker.py:413} INFO - 24/06/27 06:45:09 INFO Utils: Fetching spark://localhost:45495/jars/org.slf4j_slf4j-api-2.0.7.jar to /tmp/spark-abdb55fd-4e22-4a05-8468-7ceee066fa99/userFiles-8245f91a-3215-450d-a517-7b9d5fd6d6a3/fetchFileTemp13035115387724008313.tmp
[2024-06-27T06:45:09.266+0000] {docker.py:413} INFO - 24/06/27 06:45:09 INFO Utils: /tmp/spark-abdb55fd-4e22-4a05-8468-7ceee066fa99/userFiles-8245f91a-3215-450d-a517-7b9d5fd6d6a3/fetchFileTemp13035115387724008313.tmp has been previously copied to /tmp/spark-abdb55fd-4e22-4a05-8468-7ceee066fa99/userFiles-8245f91a-3215-450d-a517-7b9d5fd6d6a3/org.slf4j_slf4j-api-2.0.7.jar
[2024-06-27T06:45:09.267+0000] {docker.py:413} INFO - 24/06/27 06:45:09 INFO Executor: Adding file:/tmp/spark-abdb55fd-4e22-4a05-8468-7ceee066fa99/userFiles-8245f91a-3215-450d-a517-7b9d5fd6d6a3/org.slf4j_slf4j-api-2.0.7.jar to class loader default
[2024-06-27T06:45:09.272+0000] {docker.py:413} INFO - 24/06/27 06:45:09 INFO Utils: Successfully started service 'org.apache.spark.network.netty.NettyBlockTransferService' on port 42067.
24/06/27 06:45:09 INFO NettyBlockTransferService: Server created on localhost:42067
[2024-06-27T06:45:09.273+0000] {docker.py:413} INFO - 24/06/27 06:45:09 INFO BlockManager: Using org.apache.spark.storage.RandomBlockReplicationPolicy for block replication policy
[2024-06-27T06:45:09.276+0000] {docker.py:413} INFO - 24/06/27 06:45:09 INFO BlockManagerMaster: Registering BlockManager BlockManagerId(driver, localhost, 42067, None)
[2024-06-27T06:45:09.278+0000] {docker.py:413} INFO - 24/06/27 06:45:09 INFO BlockManagerMasterEndpoint: Registering block manager localhost:42067 with 434.4 MiB RAM, BlockManagerId(driver, localhost, 42067, None)
[2024-06-27T06:45:09.279+0000] {docker.py:413} INFO - 24/06/27 06:45:09 INFO BlockManagerMaster: Registered BlockManager BlockManagerId(driver, localhost, 42067, None)
[2024-06-27T06:45:09.279+0000] {docker.py:413} INFO - 24/06/27 06:45:09 INFO BlockManager: Initialized BlockManager: BlockManagerId(driver, localhost, 42067, None)
[2024-06-27T06:45:09.467+0000] {docker.py:413} INFO - 2024-06-27 06:45:09,466:create_spark_session:INFO:Spark session created successfully
[2024-06-27T06:45:09.470+0000] {docker.py:413} INFO - 24/06/27 06:45:09 INFO SharedState: Setting hive.metastore.warehouse.dir ('null') to the value of spark.sql.warehouse.dir.
[2024-06-27T06:45:09.470+0000] {docker.py:413} INFO - 24/06/27 06:45:09 INFO SharedState: Warehouse path is 'file:/opt/bitnami/spark/spark-warehouse'.
[2024-06-27T06:45:10.122+0000] {docker.py:413} INFO - 2024-06-27 06:45:10,121:create_initial_dataframe:INFO:Initial dataframe created successfully
[2024-06-27T06:45:15.326+0000] {docker.py:413} INFO - Traceback (most recent call last):
  File "/opt/bitnami/spark/spark_streaming.py", line 103, in <module>
[2024-06-27T06:45:15.327+0000] {docker.py:413} INFO - write_to_postgres()
  File "/opt/bitnami/spark/spark_streaming.py", line 99, in write_to_postgres
    start_streaming(df_final, spark=spark)
  File "/opt/bitnami/spark/spark_streaming.py", line 71, in start_streaming
[2024-06-27T06:45:15.327+0000] {docker.py:413} INFO - existing_data_df = spark.read.jdbc(
                       ^^^^^^^^^^^^^^^^
  File "/opt/bitnami/spark/python/lib/pyspark.zip/pyspark/sql/readwriter.py", line 946, in jdbc
[2024-06-27T06:45:15.327+0000] {docker.py:413} INFO - File "/opt/bitnami/spark/python/lib/py4j-0.10.9.7-src.zip/py4j/java_gateway.py", line 1322, in __call__
[2024-06-27T06:45:15.328+0000] {docker.py:413} INFO - File "/opt/bitnami/spark/python/lib/pyspark.zip/pyspark/errors/exceptions/captured.py", line 179, in deco
[2024-06-27T06:45:15.328+0000] {docker.py:413} INFO - File "/opt/bitnami/spark/python/lib/py4j-0.10.9.7-src.zip/py4j/protocol.py", line 326, in get_return_value
py4j.protocol.Py4JJavaError
[2024-06-27T06:45:15.328+0000] {docker.py:413} INFO - : An error occurred while calling o50.jdbc.
: org.postgresql.util.PSQLException: The connection attempt failed.
	at org.postgresql.core.v3.ConnectionFactoryImpl.openConnectionImpl(ConnectionFactoryImpl.java:354)
	at org.postgresql.core.ConnectionFactory.openConnection(ConnectionFactory.java:54)
	at org.postgresql.jdbc.PgConnection.<init>(PgConnection.java:253)
	at org.postgresql.Driver.makeConnection(Driver.java:434)
	at org.postgresql.Driver.connect(Driver.java:291)
	at org.apache.spark.sql.execution.datasources.jdbc.connection.BasicConnectionProvider.getConnection(BasicConnectionProvider.scala:49)
	at org.apache.spark.sql.execution.datasources.jdbc.connection.ConnectionProviderBase.create(ConnectionProvider.scala:102)
	at org.apache.spark.sql.jdbc.JdbcDialect.$anonfun$createConnectionFactory$1(JdbcDialects.scala:160)
	at org.apache.spark.sql.jdbc.JdbcDialect.$anonfun$createConnectionFactory$1$adapted(JdbcDialects.scala:156)
	at org.apache.spark.sql.execution.datasources.jdbc.JDBCRDD$.getQueryOutputSchema(JDBCRDD.scala:63)
	at org.apache.spark.sql.execution.datasources.jdbc.JDBCRDD$.resolveTable(JDBCRDD.scala:58)
	at org.apache.spark.sql.execution.datasources.jdbc.JDBCRelation$.getSchema(JDBCRelation.scala:241)
	at org.apache.spark.sql.execution.datasources.jdbc.JdbcRelationProvider.createRelation(JdbcRelationProvider.scala:37)
	at org.apache.spark.sql.execution.datasources.DataSource.resolveRelation(DataSource.scala:346)
	at org.apache.spark.sql.DataFrameReader.loadV1Source(DataFrameReader.scala:229)
	at org.apache.spark.sql.DataFrameReader.$anonfun$load$2(DataFrameReader.scala:211)
	at scala.Option.getOrElse(Option.scala:189)
	at org.apache.spark.sql.DataFrameReader.load(DataFrameReader.scala:211)
	at org.apache.spark.sql.DataFrameReader.load(DataFrameReader.scala:172)
	at org.apache.spark.sql.DataFrameReader.jdbc(DataFrameReader.scala:249)
	at java.base/jdk.internal.reflect.NativeMethodAccessorImpl.invoke0(Native Method)
	at java.base/jdk.internal.reflect.NativeMethodAccessorImpl.invoke(NativeMethodAccessorImpl.java:77)
	at java.base/jdk.internal.reflect.DelegatingMethodAccessorImpl.invoke(DelegatingMethodAccessorImpl.java:43)
	at java.base/java.lang.reflect.Method.invoke(Method.java:568)
	at py4j.reflection.MethodInvoker.invoke(MethodInvoker.java:244)
	at py4j.reflection.ReflectionEngine.invoke(ReflectionEngine.java:374)
	at py4j.Gateway.invoke(Gateway.java:282)
	at py4j.commands.AbstractCommand.invokeMethod(AbstractCommand.java:132)
	at py4j.commands.CallCommand.execute(CallCommand.java:79)
	at py4j.ClientServerConnection.waitForCommands(ClientServerConnection.java:182)
	at py4j.ClientServerConnection.run(ClientServerConnection.java:106)
	at java.base/java.lang.Thread.run(Thread.java:840)
Caused by: java.net.SocketTimeoutException: Read timed out
	at java.base/sun.nio.ch.NioSocketImpl.timedRead(NioSocketImpl.java:288)
	at java.base/sun.nio.ch.NioSocketImpl.implRead(NioSocketImpl.java:314)
	at java.base/sun.nio.ch.NioSocketImpl.read(NioSocketImpl.java:355)
	at java.base/sun.nio.ch.NioSocketImpl$1.read(NioSocketImpl.java:808)
	at java.base/java.net.Socket$SocketInputStream.read(Socket.java:966)
	at org.postgresql.core.VisibleBufferedInputStream.readMore(VisibleBufferedInputStream.java:161)
	at org.postgresql.core.VisibleBufferedInputStream.ensureBytes(VisibleBufferedInputStream.java:128)
	at org.postgresql.core.VisibleBufferedInputStream.ensureBytes(VisibleBufferedInputStream.java:113)
	at org.postgresql.core.VisibleBufferedInputStream.read(VisibleBufferedInputStream.java:73)
	at org.postgresql.core.PGStream.receiveChar(PGStream.java:465)
	at org.postgresql.core.v3.ConnectionFactoryImpl.enableSSL(ConnectionFactoryImpl.java:589)
	at org.postgresql.core.v3.ConnectionFactoryImpl.tryConnect(ConnectionFactoryImpl.java:191)
	at org.postgresql.core.v3.ConnectionFactoryImpl.openConnectionImpl(ConnectionFactoryImpl.java:258)
	... 31 more
[2024-06-27T06:45:15.328+0000] {docker.py:413} INFO - 2024-06-27 06:45:15,327:close:INFO:Closing down clientserver connection
[2024-06-27T06:45:15.346+0000] {docker.py:413} INFO - 24/06/27 06:45:15 INFO SparkContext: Invoking stop() from shutdown hook
[2024-06-27T06:45:15.346+0000] {docker.py:413} INFO - 24/06/27 06:45:15 INFO SparkContext: SparkContext is stopping with exitCode 0.
[2024-06-27T06:45:15.353+0000] {docker.py:413} INFO - 24/06/27 06:45:15 INFO SparkUI: Stopped Spark web UI at http://localhost:4040
[2024-06-27T06:45:15.358+0000] {docker.py:413} INFO - 24/06/27 06:45:15 INFO MapOutputTrackerMasterEndpoint: MapOutputTrackerMasterEndpoint stopped!
[2024-06-27T06:45:15.364+0000] {docker.py:413} INFO - 24/06/27 06:45:15 INFO MemoryStore: MemoryStore cleared
[2024-06-27T06:45:15.364+0000] {docker.py:413} INFO - 24/06/27 06:45:15 INFO BlockManager: BlockManager stopped
[2024-06-27T06:45:15.367+0000] {docker.py:413} INFO - 24/06/27 06:45:15 INFO BlockManagerMaster: BlockManagerMaster stopped
[2024-06-27T06:45:15.368+0000] {docker.py:413} INFO - 24/06/27 06:45:15 INFO OutputCommitCoordinator$OutputCommitCoordinatorEndpoint: OutputCommitCoordinator stopped!
[2024-06-27T06:45:15.376+0000] {docker.py:413} INFO - 24/06/27 06:45:15 INFO SparkContext: Successfully stopped SparkContext
[2024-06-27T06:45:15.376+0000] {docker.py:413} INFO - 24/06/27 06:45:15 INFO ShutdownHookManager: Shutdown hook called
[2024-06-27T06:45:15.376+0000] {docker.py:413} INFO - 24/06/27 06:45:15 INFO ShutdownHookManager: Deleting directory /tmp/spark-9d0b10b4-c6ad-4672-b169-3e874450b255
[2024-06-27T06:45:15.378+0000] {docker.py:413} INFO - 24/06/27 06:45:15 INFO ShutdownHookManager: Deleting directory /tmp/spark-abdb55fd-4e22-4a05-8468-7ceee066fa99/pyspark-961cfba0-01c9-429a-9b66-b04b7b1654e1
[2024-06-27T06:45:15.379+0000] {docker.py:413} INFO - 24/06/27 06:45:15 INFO ShutdownHookManager: Deleting directory /tmp/spark-abdb55fd-4e22-4a05-8468-7ceee066fa99
[2024-06-27T06:45:15.579+0000] {taskinstance.py:1937} ERROR - Task failed with exception
Traceback (most recent call last):
  File "/home/airflow/.local/lib/python3.8/site-packages/docker/api/client.py", line 268, in _raise_for_status
    response.raise_for_status()
  File "/home/airflow/.local/lib/python3.8/site-packages/requests/models.py", line 1021, in raise_for_status
    raise HTTPError(http_error_msg, response=self)
requests.exceptions.HTTPError: 400 Client Error: Bad Request for url: http://docker-proxy:2375/v1.44/containers/create

The above exception was the direct cause of the following exception:

Traceback (most recent call last):
  File "/home/airflow/.local/lib/python3.8/site-packages/airflow/providers/docker/operators/docker.py", line 348, in _run_image
    return self._run_image_with_mounts([*self.mounts, tmp_mount], add_tmp_variable=True)
  File "/home/airflow/.local/lib/python3.8/site-packages/airflow/providers/docker/operators/docker.py", line 375, in _run_image_with_mounts
    self.container = self.cli.create_container(
  File "/home/airflow/.local/lib/python3.8/site-packages/docker/api/container.py", line 431, in create_container
    return self.create_container_from_config(config, name, platform)
  File "/home/airflow/.local/lib/python3.8/site-packages/docker/api/container.py", line 448, in create_container_from_config
    return self._result(res, True)
  File "/home/airflow/.local/lib/python3.8/site-packages/docker/api/client.py", line 274, in _result
    self._raise_for_status(response)
  File "/home/airflow/.local/lib/python3.8/site-packages/docker/api/client.py", line 270, in _raise_for_status
    raise create_api_error_from_http_exception(e) from e
  File "/home/airflow/.local/lib/python3.8/site-packages/docker/errors.py", line 39, in create_api_error_from_http_exception
    raise cls(e, response=response, explanation=explanation) from e
docker.errors.APIError: 400 Client Error for http://docker-proxy:2375/v1.44/containers/create: Bad Request ("invalid mount config for type "bind": bind source path does not exist: /host_mnt/private/tmp/airflowtmp8_6gygda")

During handling of the above exception, another exception occurred:

Traceback (most recent call last):
  File "/home/airflow/.local/lib/python3.8/site-packages/airflow/providers/docker/operators/docker.py", line 486, in execute
    return self._run_image()
  File "/home/airflow/.local/lib/python3.8/site-packages/airflow/providers/docker/operators/docker.py", line 357, in _run_image
    return self._run_image_with_mounts(self.mounts, add_tmp_variable=False)
  File "/home/airflow/.local/lib/python3.8/site-packages/airflow/providers/docker/operators/docker.py", line 421, in _run_image_with_mounts
    raise DockerContainerFailedException(f"Docker container failed: {result!r}", logs=log_lines)
airflow.providers.docker.exceptions.DockerContainerFailedException: Docker container failed: {'StatusCode': 1}
[2024-06-27T06:45:15.581+0000] {taskinstance.py:1400} INFO - Marking task as FAILED. dag_id=kafka_spark_dag, task_id=pyspark_consumer, execution_date=20240627T064417, start_date=20240627T064441, end_date=20240627T064515
[2024-06-27T06:45:15.588+0000] {standard_task_runner.py:104} ERROR - Failed to execute job 103 for task pyspark_consumer (Docker container failed: {'StatusCode': 1}; 1145)
[2024-06-27T06:45:15.610+0000] {local_task_job_runner.py:228} INFO - Task exited with return code 1
[2024-06-27T06:45:15.618+0000] {taskinstance.py:2778} INFO - 0 downstream tasks scheduled from follow-on schedule check
