[2024-06-27T21:25:32.649+0000] {taskinstance.py:1159} INFO - Dependencies all met for dep_context=non-requeueable deps ti=<TaskInstance: kafka_spark_dag.pyspark_consumer scheduled__2024-06-26T21:24:43.390440+00:00 [queued]>
[2024-06-27T21:25:32.653+0000] {taskinstance.py:1159} INFO - Dependencies all met for dep_context=requeueable deps ti=<TaskInstance: kafka_spark_dag.pyspark_consumer scheduled__2024-06-26T21:24:43.390440+00:00 [queued]>
[2024-06-27T21:25:32.654+0000] {taskinstance.py:1361} INFO - Starting attempt 2 of 2
[2024-06-27T21:25:32.660+0000] {taskinstance.py:1382} INFO - Executing <Task(DockerOperator): pyspark_consumer> on 2024-06-26 21:24:43.390440+00:00
[2024-06-27T21:25:32.663+0000] {standard_task_runner.py:57} INFO - Started process 1153 to run task
[2024-06-27T21:25:32.666+0000] {standard_task_runner.py:84} INFO - Running: ['***', 'tasks', 'run', 'kafka_spark_dag', 'pyspark_consumer', 'scheduled__2024-06-26T21:24:43.390440+00:00', '--job-id', '163', '--raw', '--subdir', 'DAGS_FOLDER/dag_kafka_spark.py', '--cfg-path', '/tmp/tmpbikz59eh']
[2024-06-27T21:25:32.668+0000] {standard_task_runner.py:85} INFO - Job 163: Subtask pyspark_consumer
[2024-06-27T21:25:32.695+0000] {task_command.py:416} INFO - Running <TaskInstance: kafka_spark_dag.pyspark_consumer scheduled__2024-06-26T21:24:43.390440+00:00 [running]> on host cd176cdca805
[2024-06-27T21:25:32.729+0000] {taskinstance.py:1662} INFO - Exporting env vars: AIRFLOW_CTX_DAG_OWNER='***' AIRFLOW_CTX_DAG_ID='kafka_spark_dag' AIRFLOW_CTX_TASK_ID='pyspark_consumer' AIRFLOW_CTX_EXECUTION_DATE='2024-06-26T21:24:43.390440+00:00' AIRFLOW_CTX_TRY_NUMBER='2' AIRFLOW_CTX_DAG_RUN_ID='scheduled__2024-06-26T21:24:43.390440+00:00'
[2024-06-27T21:25:32.790+0000] {docker.py:343} INFO - Starting docker container from image current-headlines/spark:latest
[2024-06-27T21:25:32.838+0000] {docker.py:351} WARNING - Using remote engine or docker-in-docker and mounting temporary volume from host is not supported. Falling back to `mount_tmp_dir=False` mode. You can set `mount_tmp_dir` parameter to False to disable mounting and remove the warning
[2024-06-27T21:25:33.019+0000] {docker.py:413} INFO - [38;5;6mspark [38;5;5m21:25:33.01 [0m[38;5;2mINFO [0m ==>
[2024-06-27T21:25:33.019+0000] {docker.py:413} INFO - [38;5;6mspark [38;5;5m21:25:33.01 [0m[38;5;2mINFO [0m ==> [1mWelcome to the Bitnami spark container[0m
[2024-06-27T21:25:33.020+0000] {docker.py:413} INFO - [38;5;6mspark [38;5;5m21:25:33.01 [0m[38;5;2mINFO [0m ==> Subscribe to project updates by watching [1mhttps://github.com/bitnami/containers[0m
[2024-06-27T21:25:33.020+0000] {docker.py:413} INFO - [38;5;6mspark [38;5;5m21:25:33.02 [0m[38;5;2mINFO [0m ==> Submit issues and feature requests at [1mhttps://github.com/bitnami/containers/issues[0m
[2024-06-27T21:25:33.021+0000] {docker.py:413} INFO - [38;5;6mspark [38;5;5m21:25:33.02 [0m[38;5;2mINFO [0m ==>
[2024-06-27T21:25:33.024+0000] {docker.py:413} INFO - 
[2024-06-27T21:25:33.901+0000] {docker.py:413} INFO - :: loading settings :: url = jar:file:/opt/bitnami/spark/jars/ivy-2.5.1.jar!/org/apache/ivy/core/settings/ivysettings.xml
[2024-06-27T21:25:33.933+0000] {docker.py:413} INFO - Ivy Default Cache set to: /opt/bitnami/spark/.ivy2/cache
The jars for the packages stored in: /opt/bitnami/spark/.ivy2/jars
[2024-06-27T21:25:33.936+0000] {docker.py:413} INFO - org.postgresql#postgresql added as a dependency
org.apache.spark#spark-sql-kafka-0-10_2.12 added as a dependency
[2024-06-27T21:25:33.936+0000] {docker.py:413} INFO - :: resolving dependencies :: org.apache.spark#spark-submit-parent-6cca42e7-4296-49f2-95ab-f2f7d5ae02c5;1.0
	confs: [default]
[2024-06-27T21:25:34.308+0000] {docker.py:413} INFO - found org.postgresql#postgresql;42.5.4 in central
[2024-06-27T21:25:34.394+0000] {docker.py:413} INFO - found org.checkerframework#checker-qual;3.5.0 in central
[2024-06-27T21:25:34.812+0000] {docker.py:413} INFO - found org.apache.spark#spark-sql-kafka-0-10_2.12;3.5.0 in central
[2024-06-27T21:25:35.067+0000] {docker.py:413} INFO - found org.apache.spark#spark-token-provider-kafka-0-10_2.12;3.5.0 in central
[2024-06-27T21:25:35.099+0000] {docker.py:413} INFO - found org.apache.kafka#kafka-clients;3.4.1 in central
[2024-06-27T21:25:35.136+0000] {docker.py:413} INFO - found org.lz4#lz4-java;1.8.0 in central
[2024-06-27T21:25:35.174+0000] {docker.py:413} INFO - found org.xerial.snappy#snappy-java;1.1.10.3 in central
[2024-06-27T21:25:35.247+0000] {docker.py:413} INFO - found org.slf4j#slf4j-api;2.0.7 in central
[2024-06-27T21:25:35.386+0000] {docker.py:413} INFO - found org.apache.hadoop#hadoop-client-runtime;3.3.4 in central
[2024-06-27T21:25:35.433+0000] {docker.py:413} INFO - found org.apache.hadoop#hadoop-client-api;3.3.4 in central
[2024-06-27T21:25:35.562+0000] {docker.py:413} INFO - found commons-logging#commons-logging;1.1.3 in central
[2024-06-27T21:25:35.588+0000] {docker.py:413} INFO - found com.google.code.findbugs#jsr305;3.0.0 in central
[2024-06-27T21:25:35.766+0000] {docker.py:413} INFO - found org.apache.commons#commons-pool2;2.11.1 in central
[2024-06-27T21:25:35.785+0000] {docker.py:413} INFO - downloading https://repo1.maven.org/maven2/org/postgresql/postgresql/42.5.4/postgresql-42.5.4.jar ...
[2024-06-27T21:25:35.910+0000] {docker.py:413} INFO - [SUCCESSFUL ] org.postgresql#postgresql;42.5.4!postgresql.jar (138ms)
[2024-06-27T21:25:35.927+0000] {docker.py:413} INFO - downloading https://repo1.maven.org/maven2/org/apache/spark/spark-sql-kafka-0-10_2.12/3.5.0/spark-sql-kafka-0-10_2.12-3.5.0.jar ...
[2024-06-27T21:25:35.966+0000] {docker.py:413} INFO - [SUCCESSFUL ] org.apache.spark#spark-sql-kafka-0-10_2.12;3.5.0!spark-sql-kafka-0-10_2.12.jar (55ms)
[2024-06-27T21:25:35.977+0000] {docker.py:413} INFO - downloading https://repo1.maven.org/maven2/org/checkerframework/checker-qual/3.5.0/checker-qual-3.5.0.jar ...
[2024-06-27T21:25:36.000+0000] {docker.py:413} INFO - [SUCCESSFUL ] org.checkerframework#checker-qual;3.5.0!checker-qual.jar (34ms)
[2024-06-27T21:25:36.015+0000] {docker.py:413} INFO - downloading https://repo1.maven.org/maven2/org/apache/spark/spark-token-provider-kafka-0-10_2.12/3.5.0/spark-token-provider-kafka-0-10_2.12-3.5.0.jar ...
[2024-06-27T21:25:36.032+0000] {docker.py:413} INFO - [SUCCESSFUL ] org.apache.spark#spark-token-provider-kafka-0-10_2.12;3.5.0!spark-token-provider-kafka-0-10_2.12.jar (31ms)
[2024-06-27T21:25:36.049+0000] {docker.py:413} INFO - downloading https://repo1.maven.org/maven2/org/apache/kafka/kafka-clients/3.4.1/kafka-clients-3.4.1.jar ...
[2024-06-27T21:25:36.351+0000] {docker.py:413} INFO - [SUCCESSFUL ] org.apache.kafka#kafka-clients;3.4.1!kafka-clients.jar (318ms)
[2024-06-27T21:25:36.360+0000] {docker.py:413} INFO - downloading https://repo1.maven.org/maven2/com/google/code/findbugs/jsr305/3.0.0/jsr305-3.0.0.jar ...
[2024-06-27T21:25:36.371+0000] {docker.py:413} INFO - [SUCCESSFUL ] com.google.code.findbugs#jsr305;3.0.0!jsr305.jar (21ms)
[2024-06-27T21:25:36.384+0000] {docker.py:413} INFO - downloading https://repo1.maven.org/maven2/org/apache/commons/commons-pool2/2.11.1/commons-pool2-2.11.1.jar ...
[2024-06-27T21:25:36.403+0000] {docker.py:413} INFO - [SUCCESSFUL ] org.apache.commons#commons-pool2;2.11.1!commons-pool2.jar (31ms)
[2024-06-27T21:25:36.414+0000] {docker.py:413} INFO - downloading https://repo1.maven.org/maven2/org/apache/hadoop/hadoop-client-runtime/3.3.4/hadoop-client-runtime-3.3.4.jar ...
[2024-06-27T21:25:37.677+0000] {docker.py:413} INFO - [SUCCESSFUL ] org.apache.hadoop#hadoop-client-runtime;3.3.4!hadoop-client-runtime.jar (1274ms)
[2024-06-27T21:25:37.691+0000] {docker.py:413} INFO - downloading https://repo1.maven.org/maven2/org/lz4/lz4-java/1.8.0/lz4-java-1.8.0.jar ...
[2024-06-27T21:25:37.725+0000] {docker.py:413} INFO - [SUCCESSFUL ] org.lz4#lz4-java;1.8.0!lz4-java.jar (47ms)
[2024-06-27T21:25:37.739+0000] {docker.py:413} INFO - downloading https://repo1.maven.org/maven2/org/xerial/snappy/snappy-java/1.1.10.3/snappy-java-1.1.10.3.jar ...
[2024-06-27T21:25:37.836+0000] {docker.py:413} INFO - [SUCCESSFUL ] org.xerial.snappy#snappy-java;1.1.10.3!snappy-java.jar(bundle) (110ms)
[2024-06-27T21:25:37.848+0000] {docker.py:413} INFO - downloading https://repo1.maven.org/maven2/org/slf4j/slf4j-api/2.0.7/slf4j-api-2.0.7.jar ...
[2024-06-27T21:25:37.862+0000] {docker.py:413} INFO - [SUCCESSFUL ] org.slf4j#slf4j-api;2.0.7!slf4j-api.jar (27ms)
[2024-06-27T21:25:37.871+0000] {docker.py:413} INFO - downloading https://repo1.maven.org/maven2/org/apache/hadoop/hadoop-client-api/3.3.4/hadoop-client-api-3.3.4.jar ...
[2024-06-27T21:25:38.603+0000] {docker.py:413} INFO - [SUCCESSFUL ] org.apache.hadoop#hadoop-client-api;3.3.4!hadoop-client-api.jar (740ms)
[2024-06-27T21:25:38.611+0000] {docker.py:413} INFO - downloading https://repo1.maven.org/maven2/commons-logging/commons-logging/1.1.3/commons-logging-1.1.3.jar ...
[2024-06-27T21:25:38.624+0000] {docker.py:413} INFO - [SUCCESSFUL ] commons-logging#commons-logging;1.1.3!commons-logging.jar (19ms)
[2024-06-27T21:25:38.626+0000] {docker.py:413} INFO - :: resolution report :: resolve 1835ms :: artifacts dl 2852ms
	:: modules in use:
[2024-06-27T21:25:38.626+0000] {docker.py:413} INFO - com.google.code.findbugs#jsr305;3.0.0 from central in [default]
	commons-logging#commons-logging;1.1.3 from central in [default]
	org.apache.commons#commons-pool2;2.11.1 from central in [default]
	org.apache.hadoop#hadoop-client-api;3.3.4 from central in [default]
	org.apache.hadoop#hadoop-client-runtime;3.3.4 from central in [default]
[2024-06-27T21:25:38.627+0000] {docker.py:413} INFO - org.apache.kafka#kafka-clients;3.4.1 from central in [default]
	org.apache.spark#spark-sql-kafka-0-10_2.12;3.5.0 from central in [default]
	org.apache.spark#spark-token-provider-kafka-0-10_2.12;3.5.0 from central in [default]
	org.checkerframework#checker-qual;3.5.0 from central in [default]
	org.lz4#lz4-java;1.8.0 from central in [default]
	org.postgresql#postgresql;42.5.4 from central in [default]
[2024-06-27T21:25:38.628+0000] {docker.py:413} INFO - org.slf4j#slf4j-api;2.0.7 from central in [default]
	org.xerial.snappy#snappy-java;1.1.10.3 from central in [default]
[2024-06-27T21:25:38.628+0000] {docker.py:413} INFO - ---------------------------------------------------------------------
	|                  |            modules            ||   artifacts   |
	|       conf       | number| search|dwnlded|evicted|| number|dwnlded|
	---------------------------------------------------------------------
[2024-06-27T21:25:38.628+0000] {docker.py:413} INFO - |      default     |   13  |   13  |   13  |   0   ||   13  |   13  |
	---------------------------------------------------------------------
[2024-06-27T21:25:38.628+0000] {docker.py:413} INFO - :: retrieving :: org.apache.spark#spark-submit-parent-6cca42e7-4296-49f2-95ab-f2f7d5ae02c5
	confs: [default]
[2024-06-27T21:25:38.652+0000] {docker.py:413} INFO - 13 artifacts copied, 0 already retrieved (58001kB/25ms)
[2024-06-27T21:25:38.747+0000] {docker.py:413} INFO - 24/06/27 21:25:38 WARN NativeCodeLoader: Unable to load native-hadoop library for your platform... using builtin-java classes where applicable
[2024-06-27T21:25:39.281+0000] {docker.py:413} INFO - 24/06/27 21:25:39 INFO SparkContext: Running Spark version 3.5.0
[2024-06-27T21:25:39.282+0000] {docker.py:413} INFO - 24/06/27 21:25:39 INFO SparkContext: OS info Linux, 6.6.12-linuxkit, aarch64
[2024-06-27T21:25:39.282+0000] {docker.py:413} INFO - 24/06/27 21:25:39 INFO SparkContext: Java version 17.0.10
[2024-06-27T21:25:39.291+0000] {docker.py:413} INFO - 24/06/27 21:25:39 INFO ResourceUtils: ==============================================================
[2024-06-27T21:25:39.291+0000] {docker.py:413} INFO - 24/06/27 21:25:39 INFO ResourceUtils: No custom resources configured for spark.driver.
[2024-06-27T21:25:39.292+0000] {docker.py:413} INFO - 24/06/27 21:25:39 INFO ResourceUtils: ==============================================================
[2024-06-27T21:25:39.292+0000] {docker.py:413} INFO - 24/06/27 21:25:39 INFO SparkContext: Submitted application: PostgreSQL Connection with PySpark
[2024-06-27T21:25:39.302+0000] {docker.py:413} INFO - 24/06/27 21:25:39 INFO ResourceProfile: Default ResourceProfile created, executor resources: Map(cores -> name: cores, amount: 1, script: , vendor: , memory -> name: memory, amount: 1024, script: , vendor: , offHeap -> name: offHeap, amount: 0, script: , vendor: ), task resources: Map(cpus -> name: cpus, amount: 1.0)
[2024-06-27T21:25:39.306+0000] {docker.py:413} INFO - 24/06/27 21:25:39 INFO ResourceProfile: Limiting resource is cpu
[2024-06-27T21:25:39.306+0000] {docker.py:413} INFO - 24/06/27 21:25:39 INFO ResourceProfileManager: Added ResourceProfile id: 0
[2024-06-27T21:25:39.329+0000] {docker.py:413} INFO - 24/06/27 21:25:39 INFO SecurityManager: Changing view acls to: spark
[2024-06-27T21:25:39.330+0000] {docker.py:413} INFO - 24/06/27 21:25:39 INFO SecurityManager: Changing modify acls to: spark
[2024-06-27T21:25:39.330+0000] {docker.py:413} INFO - 24/06/27 21:25:39 INFO SecurityManager: Changing view acls groups to:
[2024-06-27T21:25:39.330+0000] {docker.py:413} INFO - 24/06/27 21:25:39 INFO SecurityManager: Changing modify acls groups to:
[2024-06-27T21:25:39.330+0000] {docker.py:413} INFO - 24/06/27 21:25:39 INFO SecurityManager: SecurityManager: authentication disabled; ui acls disabled; users with view permissions: spark; groups with view permissions: EMPTY; users with modify permissions: spark; groups with modify permissions: EMPTY
[2024-06-27T21:25:39.427+0000] {docker.py:413} INFO - 24/06/27 21:25:39 INFO Utils: Successfully started service 'sparkDriver' on port 45115.
[2024-06-27T21:25:39.439+0000] {docker.py:413} INFO - 24/06/27 21:25:39 INFO SparkEnv: Registering MapOutputTracker
[2024-06-27T21:25:39.456+0000] {docker.py:413} INFO - 24/06/27 21:25:39 INFO SparkEnv: Registering BlockManagerMaster
[2024-06-27T21:25:39.463+0000] {docker.py:413} INFO - 24/06/27 21:25:39 INFO BlockManagerMasterEndpoint: Using org.apache.spark.storage.DefaultTopologyMapper for getting topology information
[2024-06-27T21:25:39.464+0000] {docker.py:413} INFO - 24/06/27 21:25:39 INFO BlockManagerMasterEndpoint: BlockManagerMasterEndpoint up
[2024-06-27T21:25:39.465+0000] {docker.py:413} INFO - 24/06/27 21:25:39 INFO SparkEnv: Registering BlockManagerMasterHeartbeat
[2024-06-27T21:25:39.479+0000] {docker.py:413} INFO - 24/06/27 21:25:39 INFO DiskBlockManager: Created local directory at /tmp/blockmgr-bd87c7ed-d11a-4fef-92e5-a46f412195a5
[2024-06-27T21:25:39.486+0000] {docker.py:413} INFO - 24/06/27 21:25:39 INFO MemoryStore: MemoryStore started with capacity 434.4 MiB
[2024-06-27T21:25:39.493+0000] {docker.py:413} INFO - 24/06/27 21:25:39 INFO SparkEnv: Registering OutputCommitCoordinator
[2024-06-27T21:25:39.554+0000] {docker.py:413} INFO - 24/06/27 21:25:39 INFO JettyUtils: Start Jetty 0.0.0.0:4040 for SparkUI
[2024-06-27T21:25:39.587+0000] {docker.py:413} INFO - 24/06/27 21:25:39 INFO Utils: Successfully started service 'SparkUI' on port 4040.
[2024-06-27T21:25:39.605+0000] {docker.py:413} INFO - 24/06/27 21:25:39 INFO SparkContext: Added JAR file:///opt/bitnami/spark/.ivy2/jars/org.postgresql_postgresql-42.5.4.jar at spark://localhost:45115/jars/org.postgresql_postgresql-42.5.4.jar with timestamp 1719523539277
[2024-06-27T21:25:39.606+0000] {docker.py:413} INFO - 24/06/27 21:25:39 INFO SparkContext: Added JAR file:///opt/bitnami/spark/.ivy2/jars/org.apache.spark_spark-sql-kafka-0-10_2.12-3.5.0.jar at spark://localhost:45115/jars/org.apache.spark_spark-sql-kafka-0-10_2.12-3.5.0.jar with timestamp 1719523539277
[2024-06-27T21:25:39.606+0000] {docker.py:413} INFO - 24/06/27 21:25:39 INFO SparkContext: Added JAR file:///opt/bitnami/spark/.ivy2/jars/org.checkerframework_checker-qual-3.5.0.jar at spark://localhost:45115/jars/org.checkerframework_checker-qual-3.5.0.jar with timestamp 1719523539277
[2024-06-27T21:25:39.607+0000] {docker.py:413} INFO - 24/06/27 21:25:39 INFO SparkContext: Added JAR file:///opt/bitnami/spark/.ivy2/jars/org.apache.spark_spark-token-provider-kafka-0-10_2.12-3.5.0.jar at spark://localhost:45115/jars/org.apache.spark_spark-token-provider-kafka-0-10_2.12-3.5.0.jar with timestamp 1719523539277
[2024-06-27T21:25:39.607+0000] {docker.py:413} INFO - 24/06/27 21:25:39 INFO SparkContext: Added JAR file:///opt/bitnami/spark/.ivy2/jars/org.apache.kafka_kafka-clients-3.4.1.jar at spark://localhost:45115/jars/org.apache.kafka_kafka-clients-3.4.1.jar with timestamp 1719523539277
[2024-06-27T21:25:39.608+0000] {docker.py:413} INFO - 24/06/27 21:25:39 INFO SparkContext: Added JAR file:///opt/bitnami/spark/.ivy2/jars/com.google.code.findbugs_jsr305-3.0.0.jar at spark://localhost:45115/jars/com.google.code.findbugs_jsr305-3.0.0.jar with timestamp 1719523539277
[2024-06-27T21:25:39.608+0000] {docker.py:413} INFO - 24/06/27 21:25:39 INFO SparkContext: Added JAR file:///opt/bitnami/spark/.ivy2/jars/org.apache.commons_commons-pool2-2.11.1.jar at spark://localhost:45115/jars/org.apache.commons_commons-pool2-2.11.1.jar with timestamp 1719523539277
[2024-06-27T21:25:39.608+0000] {docker.py:413} INFO - 24/06/27 21:25:39 INFO SparkContext: Added JAR file:///opt/bitnami/spark/.ivy2/jars/org.apache.hadoop_hadoop-client-runtime-3.3.4.jar at spark://localhost:45115/jars/org.apache.hadoop_hadoop-client-runtime-3.3.4.jar with timestamp 1719523539277
[2024-06-27T21:25:39.608+0000] {docker.py:413} INFO - 24/06/27 21:25:39 INFO SparkContext: Added JAR file:///opt/bitnami/spark/.ivy2/jars/org.lz4_lz4-java-1.8.0.jar at spark://localhost:45115/jars/org.lz4_lz4-java-1.8.0.jar with timestamp 1719523539277
[2024-06-27T21:25:39.609+0000] {docker.py:413} INFO - 24/06/27 21:25:39 INFO SparkContext: Added JAR file:///opt/bitnami/spark/.ivy2/jars/org.xerial.snappy_snappy-java-1.1.10.3.jar at spark://localhost:45115/jars/org.xerial.snappy_snappy-java-1.1.10.3.jar with timestamp 1719523539277
[2024-06-27T21:25:39.609+0000] {docker.py:413} INFO - 24/06/27 21:25:39 INFO SparkContext: Added JAR file:///opt/bitnami/spark/.ivy2/jars/org.slf4j_slf4j-api-2.0.7.jar at spark://localhost:45115/jars/org.slf4j_slf4j-api-2.0.7.jar with timestamp 1719523539277
[2024-06-27T21:25:39.609+0000] {docker.py:413} INFO - 24/06/27 21:25:39 INFO SparkContext: Added JAR file:///opt/bitnami/spark/.ivy2/jars/org.apache.hadoop_hadoop-client-api-3.3.4.jar at spark://localhost:45115/jars/org.apache.hadoop_hadoop-client-api-3.3.4.jar with timestamp 1719523539277
[2024-06-27T21:25:39.610+0000] {docker.py:413} INFO - 24/06/27 21:25:39 INFO SparkContext: Added JAR file:///opt/bitnami/spark/.ivy2/jars/commons-logging_commons-logging-1.1.3.jar at spark://localhost:45115/jars/commons-logging_commons-logging-1.1.3.jar with timestamp 1719523539277
[2024-06-27T21:25:39.610+0000] {docker.py:413} INFO - 24/06/27 21:25:39 INFO SparkContext: Added file file:///opt/bitnami/spark/.ivy2/jars/org.postgresql_postgresql-42.5.4.jar at file:///opt/bitnami/spark/.ivy2/jars/org.postgresql_postgresql-42.5.4.jar with timestamp 1719523539277
[2024-06-27T21:25:39.610+0000] {docker.py:413} INFO - 24/06/27 21:25:39 INFO Utils: Copying /opt/bitnami/spark/.ivy2/jars/org.postgresql_postgresql-42.5.4.jar to /tmp/spark-b1d81b12-49f0-4184-b7c5-12fffd2f3a20/userFiles-bbb67e1b-7efd-4e1b-8a69-e2e43f51db7e/org.postgresql_postgresql-42.5.4.jar
[2024-06-27T21:25:39.615+0000] {docker.py:413} INFO - 24/06/27 21:25:39 INFO SparkContext: Added file file:///opt/bitnami/spark/.ivy2/jars/org.apache.spark_spark-sql-kafka-0-10_2.12-3.5.0.jar at file:///opt/bitnami/spark/.ivy2/jars/org.apache.spark_spark-sql-kafka-0-10_2.12-3.5.0.jar with timestamp 1719523539277
[2024-06-27T21:25:39.615+0000] {docker.py:413} INFO - 24/06/27 21:25:39 INFO Utils: Copying /opt/bitnami/spark/.ivy2/jars/org.apache.spark_spark-sql-kafka-0-10_2.12-3.5.0.jar to /tmp/spark-b1d81b12-49f0-4184-b7c5-12fffd2f3a20/userFiles-bbb67e1b-7efd-4e1b-8a69-e2e43f51db7e/org.apache.spark_spark-sql-kafka-0-10_2.12-3.5.0.jar
[2024-06-27T21:25:39.616+0000] {docker.py:413} INFO - 24/06/27 21:25:39 INFO SparkContext: Added file file:///opt/bitnami/spark/.ivy2/jars/org.checkerframework_checker-qual-3.5.0.jar at file:///opt/bitnami/spark/.ivy2/jars/org.checkerframework_checker-qual-3.5.0.jar with timestamp 1719523539277
[2024-06-27T21:25:39.617+0000] {docker.py:413} INFO - 24/06/27 21:25:39 INFO Utils: Copying /opt/bitnami/spark/.ivy2/jars/org.checkerframework_checker-qual-3.5.0.jar to /tmp/spark-b1d81b12-49f0-4184-b7c5-12fffd2f3a20/userFiles-bbb67e1b-7efd-4e1b-8a69-e2e43f51db7e/org.checkerframework_checker-qual-3.5.0.jar
[2024-06-27T21:25:39.618+0000] {docker.py:413} INFO - 24/06/27 21:25:39 INFO SparkContext: Added file file:///opt/bitnami/spark/.ivy2/jars/org.apache.spark_spark-token-provider-kafka-0-10_2.12-3.5.0.jar at file:///opt/bitnami/spark/.ivy2/jars/org.apache.spark_spark-token-provider-kafka-0-10_2.12-3.5.0.jar with timestamp 1719523539277
[2024-06-27T21:25:39.618+0000] {docker.py:413} INFO - 24/06/27 21:25:39 INFO Utils: Copying /opt/bitnami/spark/.ivy2/jars/org.apache.spark_spark-token-provider-kafka-0-10_2.12-3.5.0.jar to /tmp/spark-b1d81b12-49f0-4184-b7c5-12fffd2f3a20/userFiles-bbb67e1b-7efd-4e1b-8a69-e2e43f51db7e/org.apache.spark_spark-token-provider-kafka-0-10_2.12-3.5.0.jar
[2024-06-27T21:25:39.620+0000] {docker.py:413} INFO - 24/06/27 21:25:39 INFO SparkContext: Added file file:///opt/bitnami/spark/.ivy2/jars/org.apache.kafka_kafka-clients-3.4.1.jar at file:///opt/bitnami/spark/.ivy2/jars/org.apache.kafka_kafka-clients-3.4.1.jar with timestamp 1719523539277
[2024-06-27T21:25:39.621+0000] {docker.py:413} INFO - 24/06/27 21:25:39 INFO Utils: Copying /opt/bitnami/spark/.ivy2/jars/org.apache.kafka_kafka-clients-3.4.1.jar to /tmp/spark-b1d81b12-49f0-4184-b7c5-12fffd2f3a20/userFiles-bbb67e1b-7efd-4e1b-8a69-e2e43f51db7e/org.apache.kafka_kafka-clients-3.4.1.jar
[2024-06-27T21:25:39.622+0000] {docker.py:413} INFO - 24/06/27 21:25:39 INFO SparkContext: Added file file:///opt/bitnami/spark/.ivy2/jars/com.google.code.findbugs_jsr305-3.0.0.jar at file:///opt/bitnami/spark/.ivy2/jars/com.google.code.findbugs_jsr305-3.0.0.jar with timestamp 1719523539277
[2024-06-27T21:25:39.623+0000] {docker.py:413} INFO - 24/06/27 21:25:39 INFO Utils: Copying /opt/bitnami/spark/.ivy2/jars/com.google.code.findbugs_jsr305-3.0.0.jar to /tmp/spark-b1d81b12-49f0-4184-b7c5-12fffd2f3a20/userFiles-bbb67e1b-7efd-4e1b-8a69-e2e43f51db7e/com.google.code.findbugs_jsr305-3.0.0.jar
[2024-06-27T21:25:39.624+0000] {docker.py:413} INFO - 24/06/27 21:25:39 INFO SparkContext: Added file file:///opt/bitnami/spark/.ivy2/jars/org.apache.commons_commons-pool2-2.11.1.jar at file:///opt/bitnami/spark/.ivy2/jars/org.apache.commons_commons-pool2-2.11.1.jar with timestamp 1719523539277
[2024-06-27T21:25:39.624+0000] {docker.py:413} INFO - 24/06/27 21:25:39 INFO Utils: Copying /opt/bitnami/spark/.ivy2/jars/org.apache.commons_commons-pool2-2.11.1.jar to /tmp/spark-b1d81b12-49f0-4184-b7c5-12fffd2f3a20/userFiles-bbb67e1b-7efd-4e1b-8a69-e2e43f51db7e/org.apache.commons_commons-pool2-2.11.1.jar
[2024-06-27T21:25:39.625+0000] {docker.py:413} INFO - 24/06/27 21:25:39 INFO SparkContext: Added file file:///opt/bitnami/spark/.ivy2/jars/org.apache.hadoop_hadoop-client-runtime-3.3.4.jar at file:///opt/bitnami/spark/.ivy2/jars/org.apache.hadoop_hadoop-client-runtime-3.3.4.jar with timestamp 1719523539277
[2024-06-27T21:25:39.629+0000] {docker.py:413} INFO - 24/06/27 21:25:39 INFO Utils: Copying /opt/bitnami/spark/.ivy2/jars/org.apache.hadoop_hadoop-client-runtime-3.3.4.jar to /tmp/spark-b1d81b12-49f0-4184-b7c5-12fffd2f3a20/userFiles-bbb67e1b-7efd-4e1b-8a69-e2e43f51db7e/org.apache.hadoop_hadoop-client-runtime-3.3.4.jar
[2024-06-27T21:25:39.638+0000] {docker.py:413} INFO - 24/06/27 21:25:39 INFO SparkContext: Added file file:///opt/bitnami/spark/.ivy2/jars/org.lz4_lz4-java-1.8.0.jar at file:///opt/bitnami/spark/.ivy2/jars/org.lz4_lz4-java-1.8.0.jar with timestamp 1719523539277
[2024-06-27T21:25:39.639+0000] {docker.py:413} INFO - 24/06/27 21:25:39 INFO Utils: Copying /opt/bitnami/spark/.ivy2/jars/org.lz4_lz4-java-1.8.0.jar to /tmp/spark-b1d81b12-49f0-4184-b7c5-12fffd2f3a20/userFiles-bbb67e1b-7efd-4e1b-8a69-e2e43f51db7e/org.lz4_lz4-java-1.8.0.jar
[2024-06-27T21:25:39.640+0000] {docker.py:413} INFO - 24/06/27 21:25:39 INFO SparkContext: Added file file:///opt/bitnami/spark/.ivy2/jars/org.xerial.snappy_snappy-java-1.1.10.3.jar at file:///opt/bitnami/spark/.ivy2/jars/org.xerial.snappy_snappy-java-1.1.10.3.jar with timestamp 1719523539277
[2024-06-27T21:25:39.640+0000] {docker.py:413} INFO - 24/06/27 21:25:39 INFO Utils: Copying /opt/bitnami/spark/.ivy2/jars/org.xerial.snappy_snappy-java-1.1.10.3.jar to /tmp/spark-b1d81b12-49f0-4184-b7c5-12fffd2f3a20/userFiles-bbb67e1b-7efd-4e1b-8a69-e2e43f51db7e/org.xerial.snappy_snappy-java-1.1.10.3.jar
[2024-06-27T21:25:39.642+0000] {docker.py:413} INFO - 24/06/27 21:25:39 INFO SparkContext: Added file file:///opt/bitnami/spark/.ivy2/jars/org.slf4j_slf4j-api-2.0.7.jar at file:///opt/bitnami/spark/.ivy2/jars/org.slf4j_slf4j-api-2.0.7.jar with timestamp 1719523539277
[2024-06-27T21:25:39.643+0000] {docker.py:413} INFO - 24/06/27 21:25:39 INFO Utils: Copying /opt/bitnami/spark/.ivy2/jars/org.slf4j_slf4j-api-2.0.7.jar to /tmp/spark-b1d81b12-49f0-4184-b7c5-12fffd2f3a20/userFiles-bbb67e1b-7efd-4e1b-8a69-e2e43f51db7e/org.slf4j_slf4j-api-2.0.7.jar
[2024-06-27T21:25:39.649+0000] {docker.py:413} INFO - 24/06/27 21:25:39 INFO SparkContext: Added file file:///opt/bitnami/spark/.ivy2/jars/org.apache.hadoop_hadoop-client-api-3.3.4.jar at file:///opt/bitnami/spark/.ivy2/jars/org.apache.hadoop_hadoop-client-api-3.3.4.jar with timestamp 1719523539277
[2024-06-27T21:25:39.650+0000] {docker.py:413} INFO - 24/06/27 21:25:39 INFO Utils: Copying /opt/bitnami/spark/.ivy2/jars/org.apache.hadoop_hadoop-client-api-3.3.4.jar to /tmp/spark-b1d81b12-49f0-4184-b7c5-12fffd2f3a20/userFiles-bbb67e1b-7efd-4e1b-8a69-e2e43f51db7e/org.apache.hadoop_hadoop-client-api-3.3.4.jar
[2024-06-27T21:25:39.652+0000] {docker.py:413} INFO - 24/06/27 21:25:39 INFO SparkContext: Added file file:///opt/bitnami/spark/.ivy2/jars/commons-logging_commons-logging-1.1.3.jar at file:///opt/bitnami/spark/.ivy2/jars/commons-logging_commons-logging-1.1.3.jar with timestamp 1719523539277
[2024-06-27T21:25:39.652+0000] {docker.py:413} INFO - 24/06/27 21:25:39 INFO Utils: Copying /opt/bitnami/spark/.ivy2/jars/commons-logging_commons-logging-1.1.3.jar to /tmp/spark-b1d81b12-49f0-4184-b7c5-12fffd2f3a20/userFiles-bbb67e1b-7efd-4e1b-8a69-e2e43f51db7e/commons-logging_commons-logging-1.1.3.jar
[2024-06-27T21:25:39.699+0000] {docker.py:413} INFO - 24/06/27 21:25:39 INFO Executor: Starting executor ID driver on host localhost
[2024-06-27T21:25:39.699+0000] {docker.py:413} INFO - 24/06/27 21:25:39 INFO Executor: OS info Linux, 6.6.12-linuxkit, aarch64
[2024-06-27T21:25:39.699+0000] {docker.py:413} INFO - 24/06/27 21:25:39 INFO Executor: Java version 17.0.10
[2024-06-27T21:25:39.702+0000] {docker.py:413} INFO - 24/06/27 21:25:39 INFO Executor: Starting executor with user classpath (userClassPathFirst = false): ''
[2024-06-27T21:25:39.703+0000] {docker.py:413} INFO - 24/06/27 21:25:39 INFO Executor: Created or updated repl class loader org.apache.spark.util.MutableURLClassLoader@59c39ed8 for default.
[2024-06-27T21:25:39.709+0000] {docker.py:413} INFO - 24/06/27 21:25:39 INFO Executor: Fetching file:///opt/bitnami/spark/.ivy2/jars/org.apache.spark_spark-token-provider-kafka-0-10_2.12-3.5.0.jar with timestamp 1719523539277
[2024-06-27T21:25:39.717+0000] {docker.py:413} INFO - 24/06/27 21:25:39 INFO Utils: /opt/bitnami/spark/.ivy2/jars/org.apache.spark_spark-token-provider-kafka-0-10_2.12-3.5.0.jar has been previously copied to /tmp/spark-b1d81b12-49f0-4184-b7c5-12fffd2f3a20/userFiles-bbb67e1b-7efd-4e1b-8a69-e2e43f51db7e/org.apache.spark_spark-token-provider-kafka-0-10_2.12-3.5.0.jar
[2024-06-27T21:25:39.719+0000] {docker.py:413} INFO - 24/06/27 21:25:39 INFO Executor: Fetching file:///opt/bitnami/spark/.ivy2/jars/org.apache.hadoop_hadoop-client-runtime-3.3.4.jar with timestamp 1719523539277
[2024-06-27T21:25:39.735+0000] {docker.py:413} INFO - 24/06/27 21:25:39 INFO Utils: /opt/bitnami/spark/.ivy2/jars/org.apache.hadoop_hadoop-client-runtime-3.3.4.jar has been previously copied to /tmp/spark-b1d81b12-49f0-4184-b7c5-12fffd2f3a20/userFiles-bbb67e1b-7efd-4e1b-8a69-e2e43f51db7e/org.apache.hadoop_hadoop-client-runtime-3.3.4.jar
[2024-06-27T21:25:39.737+0000] {docker.py:413} INFO - 24/06/27 21:25:39 INFO Executor: Fetching file:///opt/bitnami/spark/.ivy2/jars/org.apache.commons_commons-pool2-2.11.1.jar with timestamp 1719523539277
[2024-06-27T21:25:39.737+0000] {docker.py:413} INFO - 24/06/27 21:25:39 INFO Utils: /opt/bitnami/spark/.ivy2/jars/org.apache.commons_commons-pool2-2.11.1.jar has been previously copied to /tmp/spark-b1d81b12-49f0-4184-b7c5-12fffd2f3a20/userFiles-bbb67e1b-7efd-4e1b-8a69-e2e43f51db7e/org.apache.commons_commons-pool2-2.11.1.jar
[2024-06-27T21:25:39.738+0000] {docker.py:413} INFO - 24/06/27 21:25:39 INFO Executor: Fetching file:///opt/bitnami/spark/.ivy2/jars/org.postgresql_postgresql-42.5.4.jar with timestamp 1719523539277
[2024-06-27T21:25:39.739+0000] {docker.py:413} INFO - 24/06/27 21:25:39 INFO Utils: /opt/bitnami/spark/.ivy2/jars/org.postgresql_postgresql-42.5.4.jar has been previously copied to /tmp/spark-b1d81b12-49f0-4184-b7c5-12fffd2f3a20/userFiles-bbb67e1b-7efd-4e1b-8a69-e2e43f51db7e/org.postgresql_postgresql-42.5.4.jar
[2024-06-27T21:25:39.740+0000] {docker.py:413} INFO - 24/06/27 21:25:39 INFO Executor: Fetching file:///opt/bitnami/spark/.ivy2/jars/org.slf4j_slf4j-api-2.0.7.jar with timestamp 1719523539277
[2024-06-27T21:25:39.740+0000] {docker.py:413} INFO - 24/06/27 21:25:39 INFO Utils: /opt/bitnami/spark/.ivy2/jars/org.slf4j_slf4j-api-2.0.7.jar has been previously copied to /tmp/spark-b1d81b12-49f0-4184-b7c5-12fffd2f3a20/userFiles-bbb67e1b-7efd-4e1b-8a69-e2e43f51db7e/org.slf4j_slf4j-api-2.0.7.jar
[2024-06-27T21:25:39.742+0000] {docker.py:413} INFO - 24/06/27 21:25:39 INFO Executor: Fetching file:///opt/bitnami/spark/.ivy2/jars/org.apache.kafka_kafka-clients-3.4.1.jar with timestamp 1719523539277
[2024-06-27T21:25:39.744+0000] {docker.py:413} INFO - 24/06/27 21:25:39 INFO Utils: /opt/bitnami/spark/.ivy2/jars/org.apache.kafka_kafka-clients-3.4.1.jar has been previously copied to /tmp/spark-b1d81b12-49f0-4184-b7c5-12fffd2f3a20/userFiles-bbb67e1b-7efd-4e1b-8a69-e2e43f51db7e/org.apache.kafka_kafka-clients-3.4.1.jar
[2024-06-27T21:25:39.746+0000] {docker.py:413} INFO - 24/06/27 21:25:39 INFO Executor: Fetching file:///opt/bitnami/spark/.ivy2/jars/com.google.code.findbugs_jsr305-3.0.0.jar with timestamp 1719523539277
[2024-06-27T21:25:39.746+0000] {docker.py:413} INFO - 24/06/27 21:25:39 INFO Utils: /opt/bitnami/spark/.ivy2/jars/com.google.code.findbugs_jsr305-3.0.0.jar has been previously copied to /tmp/spark-b1d81b12-49f0-4184-b7c5-12fffd2f3a20/userFiles-bbb67e1b-7efd-4e1b-8a69-e2e43f51db7e/com.google.code.findbugs_jsr305-3.0.0.jar
[2024-06-27T21:25:39.747+0000] {docker.py:413} INFO - 24/06/27 21:25:39 INFO Executor: Fetching file:///opt/bitnami/spark/.ivy2/jars/org.lz4_lz4-java-1.8.0.jar with timestamp 1719523539277
[2024-06-27T21:25:39.747+0000] {docker.py:413} INFO - 24/06/27 21:25:39 INFO Utils: /opt/bitnami/spark/.ivy2/jars/org.lz4_lz4-java-1.8.0.jar has been previously copied to /tmp/spark-b1d81b12-49f0-4184-b7c5-12fffd2f3a20/userFiles-bbb67e1b-7efd-4e1b-8a69-e2e43f51db7e/org.lz4_lz4-java-1.8.0.jar
[2024-06-27T21:25:39.748+0000] {docker.py:413} INFO - 24/06/27 21:25:39 INFO Executor: Fetching file:///opt/bitnami/spark/.ivy2/jars/org.apache.spark_spark-sql-kafka-0-10_2.12-3.5.0.jar with timestamp 1719523539277
[2024-06-27T21:25:39.749+0000] {docker.py:413} INFO - 24/06/27 21:25:39 INFO Utils: /opt/bitnami/spark/.ivy2/jars/org.apache.spark_spark-sql-kafka-0-10_2.12-3.5.0.jar has been previously copied to /tmp/spark-b1d81b12-49f0-4184-b7c5-12fffd2f3a20/userFiles-bbb67e1b-7efd-4e1b-8a69-e2e43f51db7e/org.apache.spark_spark-sql-kafka-0-10_2.12-3.5.0.jar
[2024-06-27T21:25:39.750+0000] {docker.py:413} INFO - 24/06/27 21:25:39 INFO Executor: Fetching file:///opt/bitnami/spark/.ivy2/jars/org.apache.hadoop_hadoop-client-api-3.3.4.jar with timestamp 1719523539277
[2024-06-27T21:25:39.757+0000] {docker.py:413} INFO - 24/06/27 21:25:39 INFO Utils: /opt/bitnami/spark/.ivy2/jars/org.apache.hadoop_hadoop-client-api-3.3.4.jar has been previously copied to /tmp/spark-b1d81b12-49f0-4184-b7c5-12fffd2f3a20/userFiles-bbb67e1b-7efd-4e1b-8a69-e2e43f51db7e/org.apache.hadoop_hadoop-client-api-3.3.4.jar
[2024-06-27T21:25:39.758+0000] {docker.py:413} INFO - 24/06/27 21:25:39 INFO Executor: Fetching file:///opt/bitnami/spark/.ivy2/jars/commons-logging_commons-logging-1.1.3.jar with timestamp 1719523539277
[2024-06-27T21:25:39.758+0000] {docker.py:413} INFO - 24/06/27 21:25:39 INFO Utils: /opt/bitnami/spark/.ivy2/jars/commons-logging_commons-logging-1.1.3.jar has been previously copied to /tmp/spark-b1d81b12-49f0-4184-b7c5-12fffd2f3a20/userFiles-bbb67e1b-7efd-4e1b-8a69-e2e43f51db7e/commons-logging_commons-logging-1.1.3.jar
[2024-06-27T21:25:39.759+0000] {docker.py:413} INFO - 24/06/27 21:25:39 INFO Executor: Fetching file:///opt/bitnami/spark/.ivy2/jars/org.checkerframework_checker-qual-3.5.0.jar with timestamp 1719523539277
[2024-06-27T21:25:39.760+0000] {docker.py:413} INFO - 24/06/27 21:25:39 INFO Utils: /opt/bitnami/spark/.ivy2/jars/org.checkerframework_checker-qual-3.5.0.jar has been previously copied to /tmp/spark-b1d81b12-49f0-4184-b7c5-12fffd2f3a20/userFiles-bbb67e1b-7efd-4e1b-8a69-e2e43f51db7e/org.checkerframework_checker-qual-3.5.0.jar
[2024-06-27T21:25:39.761+0000] {docker.py:413} INFO - 24/06/27 21:25:39 INFO Executor: Fetching file:///opt/bitnami/spark/.ivy2/jars/org.xerial.snappy_snappy-java-1.1.10.3.jar with timestamp 1719523539277
[2024-06-27T21:25:39.762+0000] {docker.py:413} INFO - 24/06/27 21:25:39 INFO Utils: /opt/bitnami/spark/.ivy2/jars/org.xerial.snappy_snappy-java-1.1.10.3.jar has been previously copied to /tmp/spark-b1d81b12-49f0-4184-b7c5-12fffd2f3a20/userFiles-bbb67e1b-7efd-4e1b-8a69-e2e43f51db7e/org.xerial.snappy_snappy-java-1.1.10.3.jar
[2024-06-27T21:25:39.764+0000] {docker.py:413} INFO - 24/06/27 21:25:39 INFO Executor: Fetching spark://localhost:45115/jars/com.google.code.findbugs_jsr305-3.0.0.jar with timestamp 1719523539277
[2024-06-27T21:25:39.788+0000] {docker.py:413} INFO - 24/06/27 21:25:39 INFO TransportClientFactory: Successfully created connection to localhost/127.0.0.1:45115 after 17 ms (0 ms spent in bootstraps)
[2024-06-27T21:25:39.791+0000] {docker.py:413} INFO - 24/06/27 21:25:39 INFO Utils: Fetching spark://localhost:45115/jars/com.google.code.findbugs_jsr305-3.0.0.jar to /tmp/spark-b1d81b12-49f0-4184-b7c5-12fffd2f3a20/userFiles-bbb67e1b-7efd-4e1b-8a69-e2e43f51db7e/fetchFileTemp10724855345313431446.tmp
[2024-06-27T21:25:39.803+0000] {docker.py:413} INFO - 24/06/27 21:25:39 INFO Utils: /tmp/spark-b1d81b12-49f0-4184-b7c5-12fffd2f3a20/userFiles-bbb67e1b-7efd-4e1b-8a69-e2e43f51db7e/fetchFileTemp10724855345313431446.tmp has been previously copied to /tmp/spark-b1d81b12-49f0-4184-b7c5-12fffd2f3a20/userFiles-bbb67e1b-7efd-4e1b-8a69-e2e43f51db7e/com.google.code.findbugs_jsr305-3.0.0.jar
[2024-06-27T21:25:39.805+0000] {docker.py:413} INFO - 24/06/27 21:25:39 INFO Executor: Adding file:/tmp/spark-b1d81b12-49f0-4184-b7c5-12fffd2f3a20/userFiles-bbb67e1b-7efd-4e1b-8a69-e2e43f51db7e/com.google.code.findbugs_jsr305-3.0.0.jar to class loader default
[2024-06-27T21:25:39.806+0000] {docker.py:413} INFO - 24/06/27 21:25:39 INFO Executor: Fetching spark://localhost:45115/jars/org.checkerframework_checker-qual-3.5.0.jar with timestamp 1719523539277
[2024-06-27T21:25:39.806+0000] {docker.py:413} INFO - 24/06/27 21:25:39 INFO Utils: Fetching spark://localhost:45115/jars/org.checkerframework_checker-qual-3.5.0.jar to /tmp/spark-b1d81b12-49f0-4184-b7c5-12fffd2f3a20/userFiles-bbb67e1b-7efd-4e1b-8a69-e2e43f51db7e/fetchFileTemp6752733742286224966.tmp
[2024-06-27T21:25:39.807+0000] {docker.py:413} INFO - 24/06/27 21:25:39 INFO Utils: /tmp/spark-b1d81b12-49f0-4184-b7c5-12fffd2f3a20/userFiles-bbb67e1b-7efd-4e1b-8a69-e2e43f51db7e/fetchFileTemp6752733742286224966.tmp has been previously copied to /tmp/spark-b1d81b12-49f0-4184-b7c5-12fffd2f3a20/userFiles-bbb67e1b-7efd-4e1b-8a69-e2e43f51db7e/org.checkerframework_checker-qual-3.5.0.jar
[2024-06-27T21:25:39.808+0000] {docker.py:413} INFO - 24/06/27 21:25:39 INFO Executor: Adding file:/tmp/spark-b1d81b12-49f0-4184-b7c5-12fffd2f3a20/userFiles-bbb67e1b-7efd-4e1b-8a69-e2e43f51db7e/org.checkerframework_checker-qual-3.5.0.jar to class loader default
[2024-06-27T21:25:39.809+0000] {docker.py:413} INFO - 24/06/27 21:25:39 INFO Executor: Fetching spark://localhost:45115/jars/org.postgresql_postgresql-42.5.4.jar with timestamp 1719523539277
[2024-06-27T21:25:39.809+0000] {docker.py:413} INFO - 24/06/27 21:25:39 INFO Utils: Fetching spark://localhost:45115/jars/org.postgresql_postgresql-42.5.4.jar to /tmp/spark-b1d81b12-49f0-4184-b7c5-12fffd2f3a20/userFiles-bbb67e1b-7efd-4e1b-8a69-e2e43f51db7e/fetchFileTemp17718106826299466583.tmp
[2024-06-27T21:25:39.811+0000] {docker.py:413} INFO - 24/06/27 21:25:39 INFO Utils: /tmp/spark-b1d81b12-49f0-4184-b7c5-12fffd2f3a20/userFiles-bbb67e1b-7efd-4e1b-8a69-e2e43f51db7e/fetchFileTemp17718106826299466583.tmp has been previously copied to /tmp/spark-b1d81b12-49f0-4184-b7c5-12fffd2f3a20/userFiles-bbb67e1b-7efd-4e1b-8a69-e2e43f51db7e/org.postgresql_postgresql-42.5.4.jar
[2024-06-27T21:25:39.813+0000] {docker.py:413} INFO - 24/06/27 21:25:39 INFO Executor: Adding file:/tmp/spark-b1d81b12-49f0-4184-b7c5-12fffd2f3a20/userFiles-bbb67e1b-7efd-4e1b-8a69-e2e43f51db7e/org.postgresql_postgresql-42.5.4.jar to class loader default
[2024-06-27T21:25:39.813+0000] {docker.py:413} INFO - 24/06/27 21:25:39 INFO Executor: Fetching spark://localhost:45115/jars/org.xerial.snappy_snappy-java-1.1.10.3.jar with timestamp 1719523539277
[2024-06-27T21:25:39.813+0000] {docker.py:413} INFO - 24/06/27 21:25:39 INFO Utils: Fetching spark://localhost:45115/jars/org.xerial.snappy_snappy-java-1.1.10.3.jar to /tmp/spark-b1d81b12-49f0-4184-b7c5-12fffd2f3a20/userFiles-bbb67e1b-7efd-4e1b-8a69-e2e43f51db7e/fetchFileTemp16668551344598687413.tmp
[2024-06-27T21:25:39.817+0000] {docker.py:413} INFO - 24/06/27 21:25:39 INFO Utils: /tmp/spark-b1d81b12-49f0-4184-b7c5-12fffd2f3a20/userFiles-bbb67e1b-7efd-4e1b-8a69-e2e43f51db7e/fetchFileTemp16668551344598687413.tmp has been previously copied to /tmp/spark-b1d81b12-49f0-4184-b7c5-12fffd2f3a20/userFiles-bbb67e1b-7efd-4e1b-8a69-e2e43f51db7e/org.xerial.snappy_snappy-java-1.1.10.3.jar
[2024-06-27T21:25:39.819+0000] {docker.py:413} INFO - 24/06/27 21:25:39 INFO Executor: Adding file:/tmp/spark-b1d81b12-49f0-4184-b7c5-12fffd2f3a20/userFiles-bbb67e1b-7efd-4e1b-8a69-e2e43f51db7e/org.xerial.snappy_snappy-java-1.1.10.3.jar to class loader default
[2024-06-27T21:25:39.819+0000] {docker.py:413} INFO - 24/06/27 21:25:39 INFO Executor: Fetching spark://localhost:45115/jars/org.apache.hadoop_hadoop-client-api-3.3.4.jar with timestamp 1719523539277
[2024-06-27T21:25:39.820+0000] {docker.py:413} INFO - 24/06/27 21:25:39 INFO Utils: Fetching spark://localhost:45115/jars/org.apache.hadoop_hadoop-client-api-3.3.4.jar to /tmp/spark-b1d81b12-49f0-4184-b7c5-12fffd2f3a20/userFiles-bbb67e1b-7efd-4e1b-8a69-e2e43f51db7e/fetchFileTemp5231858105030288381.tmp
[2024-06-27T21:25:39.852+0000] {docker.py:413} INFO - 24/06/27 21:25:39 INFO Utils: /tmp/spark-b1d81b12-49f0-4184-b7c5-12fffd2f3a20/userFiles-bbb67e1b-7efd-4e1b-8a69-e2e43f51db7e/fetchFileTemp5231858105030288381.tmp has been previously copied to /tmp/spark-b1d81b12-49f0-4184-b7c5-12fffd2f3a20/userFiles-bbb67e1b-7efd-4e1b-8a69-e2e43f51db7e/org.apache.hadoop_hadoop-client-api-3.3.4.jar
[2024-06-27T21:25:39.855+0000] {docker.py:413} INFO - 24/06/27 21:25:39 INFO Executor: Adding file:/tmp/spark-b1d81b12-49f0-4184-b7c5-12fffd2f3a20/userFiles-bbb67e1b-7efd-4e1b-8a69-e2e43f51db7e/org.apache.hadoop_hadoop-client-api-3.3.4.jar to class loader default
[2024-06-27T21:25:39.855+0000] {docker.py:413} INFO - 24/06/27 21:25:39 INFO Executor: Fetching spark://localhost:45115/jars/org.slf4j_slf4j-api-2.0.7.jar with timestamp 1719523539277
[2024-06-27T21:25:39.856+0000] {docker.py:413} INFO - 24/06/27 21:25:39 INFO Utils: Fetching spark://localhost:45115/jars/org.slf4j_slf4j-api-2.0.7.jar to /tmp/spark-b1d81b12-49f0-4184-b7c5-12fffd2f3a20/userFiles-bbb67e1b-7efd-4e1b-8a69-e2e43f51db7e/fetchFileTemp1650530162985121497.tmp
[2024-06-27T21:25:39.856+0000] {docker.py:413} INFO - 24/06/27 21:25:39 INFO Utils: /tmp/spark-b1d81b12-49f0-4184-b7c5-12fffd2f3a20/userFiles-bbb67e1b-7efd-4e1b-8a69-e2e43f51db7e/fetchFileTemp1650530162985121497.tmp has been previously copied to /tmp/spark-b1d81b12-49f0-4184-b7c5-12fffd2f3a20/userFiles-bbb67e1b-7efd-4e1b-8a69-e2e43f51db7e/org.slf4j_slf4j-api-2.0.7.jar
[2024-06-27T21:25:39.858+0000] {docker.py:413} INFO - 24/06/27 21:25:39 INFO Executor: Adding file:/tmp/spark-b1d81b12-49f0-4184-b7c5-12fffd2f3a20/userFiles-bbb67e1b-7efd-4e1b-8a69-e2e43f51db7e/org.slf4j_slf4j-api-2.0.7.jar to class loader default
[2024-06-27T21:25:39.858+0000] {docker.py:413} INFO - 24/06/27 21:25:39 INFO Executor: Fetching spark://localhost:45115/jars/org.lz4_lz4-java-1.8.0.jar with timestamp 1719523539277
[2024-06-27T21:25:39.858+0000] {docker.py:413} INFO - 24/06/27 21:25:39 INFO Utils: Fetching spark://localhost:45115/jars/org.lz4_lz4-java-1.8.0.jar to /tmp/spark-b1d81b12-49f0-4184-b7c5-12fffd2f3a20/userFiles-bbb67e1b-7efd-4e1b-8a69-e2e43f51db7e/fetchFileTemp383236274169198233.tmp
[2024-06-27T21:25:39.860+0000] {docker.py:413} INFO - 24/06/27 21:25:39 INFO Utils: /tmp/spark-b1d81b12-49f0-4184-b7c5-12fffd2f3a20/userFiles-bbb67e1b-7efd-4e1b-8a69-e2e43f51db7e/fetchFileTemp383236274169198233.tmp has been previously copied to /tmp/spark-b1d81b12-49f0-4184-b7c5-12fffd2f3a20/userFiles-bbb67e1b-7efd-4e1b-8a69-e2e43f51db7e/org.lz4_lz4-java-1.8.0.jar
[2024-06-27T21:25:39.861+0000] {docker.py:413} INFO - 24/06/27 21:25:39 INFO Executor: Adding file:/tmp/spark-b1d81b12-49f0-4184-b7c5-12fffd2f3a20/userFiles-bbb67e1b-7efd-4e1b-8a69-e2e43f51db7e/org.lz4_lz4-java-1.8.0.jar to class loader default
[2024-06-27T21:25:39.862+0000] {docker.py:413} INFO - 24/06/27 21:25:39 INFO Executor: Fetching spark://localhost:45115/jars/commons-logging_commons-logging-1.1.3.jar with timestamp 1719523539277
[2024-06-27T21:25:39.862+0000] {docker.py:413} INFO - 24/06/27 21:25:39 INFO Utils: Fetching spark://localhost:45115/jars/commons-logging_commons-logging-1.1.3.jar to /tmp/spark-b1d81b12-49f0-4184-b7c5-12fffd2f3a20/userFiles-bbb67e1b-7efd-4e1b-8a69-e2e43f51db7e/fetchFileTemp2525438075201553101.tmp
[2024-06-27T21:25:39.863+0000] {docker.py:413} INFO - 24/06/27 21:25:39 INFO Utils: /tmp/spark-b1d81b12-49f0-4184-b7c5-12fffd2f3a20/userFiles-bbb67e1b-7efd-4e1b-8a69-e2e43f51db7e/fetchFileTemp2525438075201553101.tmp has been previously copied to /tmp/spark-b1d81b12-49f0-4184-b7c5-12fffd2f3a20/userFiles-bbb67e1b-7efd-4e1b-8a69-e2e43f51db7e/commons-logging_commons-logging-1.1.3.jar
[2024-06-27T21:25:39.864+0000] {docker.py:413} INFO - 24/06/27 21:25:39 INFO Executor: Adding file:/tmp/spark-b1d81b12-49f0-4184-b7c5-12fffd2f3a20/userFiles-bbb67e1b-7efd-4e1b-8a69-e2e43f51db7e/commons-logging_commons-logging-1.1.3.jar to class loader default
[2024-06-27T21:25:39.865+0000] {docker.py:413} INFO - 24/06/27 21:25:39 INFO Executor: Fetching spark://localhost:45115/jars/org.apache.spark_spark-sql-kafka-0-10_2.12-3.5.0.jar with timestamp 1719523539277
[2024-06-27T21:25:39.865+0000] {docker.py:413} INFO - 24/06/27 21:25:39 INFO Utils: Fetching spark://localhost:45115/jars/org.apache.spark_spark-sql-kafka-0-10_2.12-3.5.0.jar to /tmp/spark-b1d81b12-49f0-4184-b7c5-12fffd2f3a20/userFiles-bbb67e1b-7efd-4e1b-8a69-e2e43f51db7e/fetchFileTemp5614410194003959133.tmp
[2024-06-27T21:25:39.866+0000] {docker.py:413} INFO - 24/06/27 21:25:39 INFO Utils: /tmp/spark-b1d81b12-49f0-4184-b7c5-12fffd2f3a20/userFiles-bbb67e1b-7efd-4e1b-8a69-e2e43f51db7e/fetchFileTemp5614410194003959133.tmp has been previously copied to /tmp/spark-b1d81b12-49f0-4184-b7c5-12fffd2f3a20/userFiles-bbb67e1b-7efd-4e1b-8a69-e2e43f51db7e/org.apache.spark_spark-sql-kafka-0-10_2.12-3.5.0.jar
[2024-06-27T21:25:39.868+0000] {docker.py:413} INFO - 24/06/27 21:25:39 INFO Executor: Adding file:/tmp/spark-b1d81b12-49f0-4184-b7c5-12fffd2f3a20/userFiles-bbb67e1b-7efd-4e1b-8a69-e2e43f51db7e/org.apache.spark_spark-sql-kafka-0-10_2.12-3.5.0.jar to class loader default
[2024-06-27T21:25:39.868+0000] {docker.py:413} INFO - 24/06/27 21:25:39 INFO Executor: Fetching spark://localhost:45115/jars/org.apache.spark_spark-token-provider-kafka-0-10_2.12-3.5.0.jar with timestamp 1719523539277
[2024-06-27T21:25:39.869+0000] {docker.py:413} INFO - 24/06/27 21:25:39 INFO Utils: Fetching spark://localhost:45115/jars/org.apache.spark_spark-token-provider-kafka-0-10_2.12-3.5.0.jar to /tmp/spark-b1d81b12-49f0-4184-b7c5-12fffd2f3a20/userFiles-bbb67e1b-7efd-4e1b-8a69-e2e43f51db7e/fetchFileTemp456999627545670897.tmp
[2024-06-27T21:25:39.869+0000] {docker.py:413} INFO - 24/06/27 21:25:39 INFO Utils: /tmp/spark-b1d81b12-49f0-4184-b7c5-12fffd2f3a20/userFiles-bbb67e1b-7efd-4e1b-8a69-e2e43f51db7e/fetchFileTemp456999627545670897.tmp has been previously copied to /tmp/spark-b1d81b12-49f0-4184-b7c5-12fffd2f3a20/userFiles-bbb67e1b-7efd-4e1b-8a69-e2e43f51db7e/org.apache.spark_spark-token-provider-kafka-0-10_2.12-3.5.0.jar
[2024-06-27T21:25:39.870+0000] {docker.py:413} INFO - 24/06/27 21:25:39 INFO Executor: Adding file:/tmp/spark-b1d81b12-49f0-4184-b7c5-12fffd2f3a20/userFiles-bbb67e1b-7efd-4e1b-8a69-e2e43f51db7e/org.apache.spark_spark-token-provider-kafka-0-10_2.12-3.5.0.jar to class loader default
[2024-06-27T21:25:39.870+0000] {docker.py:413} INFO - 24/06/27 21:25:39 INFO Executor: Fetching spark://localhost:45115/jars/org.apache.kafka_kafka-clients-3.4.1.jar with timestamp 1719523539277
[2024-06-27T21:25:39.870+0000] {docker.py:413} INFO - 24/06/27 21:25:39 INFO Utils: Fetching spark://localhost:45115/jars/org.apache.kafka_kafka-clients-3.4.1.jar to /tmp/spark-b1d81b12-49f0-4184-b7c5-12fffd2f3a20/userFiles-bbb67e1b-7efd-4e1b-8a69-e2e43f51db7e/fetchFileTemp15035676108150545290.tmp
[2024-06-27T21:25:39.880+0000] {docker.py:413} INFO - 24/06/27 21:25:39 INFO Utils: /tmp/spark-b1d81b12-49f0-4184-b7c5-12fffd2f3a20/userFiles-bbb67e1b-7efd-4e1b-8a69-e2e43f51db7e/fetchFileTemp15035676108150545290.tmp has been previously copied to /tmp/spark-b1d81b12-49f0-4184-b7c5-12fffd2f3a20/userFiles-bbb67e1b-7efd-4e1b-8a69-e2e43f51db7e/org.apache.kafka_kafka-clients-3.4.1.jar
[2024-06-27T21:25:39.882+0000] {docker.py:413} INFO - 24/06/27 21:25:39 INFO Executor: Adding file:/tmp/spark-b1d81b12-49f0-4184-b7c5-12fffd2f3a20/userFiles-bbb67e1b-7efd-4e1b-8a69-e2e43f51db7e/org.apache.kafka_kafka-clients-3.4.1.jar to class loader default
[2024-06-27T21:25:39.882+0000] {docker.py:413} INFO - 24/06/27 21:25:39 INFO Executor: Fetching spark://localhost:45115/jars/org.apache.hadoop_hadoop-client-runtime-3.3.4.jar with timestamp 1719523539277
[2024-06-27T21:25:39.882+0000] {docker.py:413} INFO - 24/06/27 21:25:39 INFO Utils: Fetching spark://localhost:45115/jars/org.apache.hadoop_hadoop-client-runtime-3.3.4.jar to /tmp/spark-b1d81b12-49f0-4184-b7c5-12fffd2f3a20/userFiles-bbb67e1b-7efd-4e1b-8a69-e2e43f51db7e/fetchFileTemp6384722037977407871.tmp
[2024-06-27T21:25:39.928+0000] {docker.py:413} INFO - 24/06/27 21:25:39 INFO Utils: /tmp/spark-b1d81b12-49f0-4184-b7c5-12fffd2f3a20/userFiles-bbb67e1b-7efd-4e1b-8a69-e2e43f51db7e/fetchFileTemp6384722037977407871.tmp has been previously copied to /tmp/spark-b1d81b12-49f0-4184-b7c5-12fffd2f3a20/userFiles-bbb67e1b-7efd-4e1b-8a69-e2e43f51db7e/org.apache.hadoop_hadoop-client-runtime-3.3.4.jar
[2024-06-27T21:25:39.931+0000] {docker.py:413} INFO - 24/06/27 21:25:39 INFO Executor: Adding file:/tmp/spark-b1d81b12-49f0-4184-b7c5-12fffd2f3a20/userFiles-bbb67e1b-7efd-4e1b-8a69-e2e43f51db7e/org.apache.hadoop_hadoop-client-runtime-3.3.4.jar to class loader default
[2024-06-27T21:25:39.932+0000] {docker.py:413} INFO - 24/06/27 21:25:39 INFO Executor: Fetching spark://localhost:45115/jars/org.apache.commons_commons-pool2-2.11.1.jar with timestamp 1719523539277
[2024-06-27T21:25:39.932+0000] {docker.py:413} INFO - 24/06/27 21:25:39 INFO Utils: Fetching spark://localhost:45115/jars/org.apache.commons_commons-pool2-2.11.1.jar to /tmp/spark-b1d81b12-49f0-4184-b7c5-12fffd2f3a20/userFiles-bbb67e1b-7efd-4e1b-8a69-e2e43f51db7e/fetchFileTemp2313104736294020594.tmp
[2024-06-27T21:25:39.933+0000] {docker.py:413} INFO - 24/06/27 21:25:39 INFO Utils: /tmp/spark-b1d81b12-49f0-4184-b7c5-12fffd2f3a20/userFiles-bbb67e1b-7efd-4e1b-8a69-e2e43f51db7e/fetchFileTemp2313104736294020594.tmp has been previously copied to /tmp/spark-b1d81b12-49f0-4184-b7c5-12fffd2f3a20/userFiles-bbb67e1b-7efd-4e1b-8a69-e2e43f51db7e/org.apache.commons_commons-pool2-2.11.1.jar
[2024-06-27T21:25:39.935+0000] {docker.py:413} INFO - 24/06/27 21:25:39 INFO Executor: Adding file:/tmp/spark-b1d81b12-49f0-4184-b7c5-12fffd2f3a20/userFiles-bbb67e1b-7efd-4e1b-8a69-e2e43f51db7e/org.apache.commons_commons-pool2-2.11.1.jar to class loader default
[2024-06-27T21:25:39.941+0000] {docker.py:413} INFO - 24/06/27 21:25:39 INFO Utils: Successfully started service 'org.apache.spark.network.netty.NettyBlockTransferService' on port 39341.
[2024-06-27T21:25:39.941+0000] {docker.py:413} INFO - 24/06/27 21:25:39 INFO NettyBlockTransferService: Server created on localhost:39341
[2024-06-27T21:25:39.942+0000] {docker.py:413} INFO - 24/06/27 21:25:39 INFO BlockManager: Using org.apache.spark.storage.RandomBlockReplicationPolicy for block replication policy
[2024-06-27T21:25:39.945+0000] {docker.py:413} INFO - 24/06/27 21:25:39 INFO BlockManagerMaster: Registering BlockManager BlockManagerId(driver, localhost, 39341, None)
[2024-06-27T21:25:39.947+0000] {docker.py:413} INFO - 24/06/27 21:25:39 INFO BlockManagerMasterEndpoint: Registering block manager localhost:39341 with 434.4 MiB RAM, BlockManagerId(driver, localhost, 39341, None)
[2024-06-27T21:25:39.948+0000] {docker.py:413} INFO - 24/06/27 21:25:39 INFO BlockManagerMaster: Registered BlockManager BlockManagerId(driver, localhost, 39341, None)
[2024-06-27T21:25:39.949+0000] {docker.py:413} INFO - 24/06/27 21:25:39 INFO BlockManager: Initialized BlockManager: BlockManagerId(driver, localhost, 39341, None)
[2024-06-27T21:25:40.138+0000] {docker.py:413} INFO - 2024-06-27 21:25:40,137:create_spark_session:INFO:Spark session created successfully
[2024-06-27T21:25:40.142+0000] {docker.py:413} INFO - 24/06/27 21:25:40 INFO SharedState: Setting hive.metastore.warehouse.dir ('null') to the value of spark.sql.warehouse.dir.
[2024-06-27T21:25:40.143+0000] {docker.py:413} INFO - 24/06/27 21:25:40 INFO SharedState: Warehouse path is 'file:/opt/bitnami/spark/spark-warehouse'.
[2024-06-27T21:25:40.924+0000] {docker.py:413} INFO - 2024-06-27 21:25:40,923:create_initial_dataframe:INFO:Initial dataframe created successfully
[2024-06-27T21:25:46.150+0000] {docker.py:413} INFO - Traceback (most recent call last):
  File "/opt/bitnami/spark/spark_streaming.py", line 103, in <module>
[2024-06-27T21:25:46.151+0000] {docker.py:413} INFO - write_to_postgres()
  File "/opt/bitnami/spark/spark_streaming.py", line 99, in write_to_postgres
[2024-06-27T21:25:46.151+0000] {docker.py:413} INFO - start_streaming(df_final, spark=spark)
  File "/opt/bitnami/spark/spark_streaming.py", line 71, in start_streaming
[2024-06-27T21:25:46.151+0000] {docker.py:413} INFO - existing_data_df = spark.read.jdbc(
                       ^^^^^^^^^^^^^^^^
  File "/opt/bitnami/spark/python/lib/pyspark.zip/pyspark/sql/readwriter.py", line 946, in jdbc
[2024-06-27T21:25:46.152+0000] {docker.py:413} INFO - File "/opt/bitnami/spark/python/lib/py4j-0.10.9.7-src.zip/py4j/java_gateway.py", line 1322, in __call__
[2024-06-27T21:25:46.152+0000] {docker.py:413} INFO - File "/opt/bitnami/spark/python/lib/pyspark.zip/pyspark/errors/exceptions/captured.py", line 179, in deco
[2024-06-27T21:25:46.152+0000] {docker.py:413} INFO - File "/opt/bitnami/spark/python/lib/py4j-0.10.9.7-src.zip/py4j/protocol.py", line 326, in get_return_value
[2024-06-27T21:25:46.152+0000] {docker.py:413} INFO - py4j.protocol.Py4JJavaError
[2024-06-27T21:25:46.153+0000] {docker.py:413} INFO - : An error occurred while calling o50.jdbc.
: org.postgresql.util.PSQLException: The connection attempt failed.
	at org.postgresql.core.v3.ConnectionFactoryImpl.openConnectionImpl(ConnectionFactoryImpl.java:354)
	at org.postgresql.core.ConnectionFactory.openConnection(ConnectionFactory.java:54)
	at org.postgresql.jdbc.PgConnection.<init>(PgConnection.java:253)
	at org.postgresql.Driver.makeConnection(Driver.java:434)
	at org.postgresql.Driver.connect(Driver.java:291)
	at org.apache.spark.sql.execution.datasources.jdbc.connection.BasicConnectionProvider.getConnection(BasicConnectionProvider.scala:49)
	at org.apache.spark.sql.execution.datasources.jdbc.connection.ConnectionProviderBase.create(ConnectionProvider.scala:102)
	at org.apache.spark.sql.jdbc.JdbcDialect.$anonfun$createConnectionFactory$1(JdbcDialects.scala:160)
	at org.apache.spark.sql.jdbc.JdbcDialect.$anonfun$createConnectionFactory$1$adapted(JdbcDialects.scala:156)
	at org.apache.spark.sql.execution.datasources.jdbc.JDBCRDD$.getQueryOutputSchema(JDBCRDD.scala:63)
	at org.apache.spark.sql.execution.datasources.jdbc.JDBCRDD$.resolveTable(JDBCRDD.scala:58)
	at org.apache.spark.sql.execution.datasources.jdbc.JDBCRelation$.getSchema(JDBCRelation.scala:241)
	at org.apache.spark.sql.execution.datasources.jdbc.JdbcRelationProvider.createRelation(JdbcRelationProvider.scala:37)
	at org.apache.spark.sql.execution.datasources.DataSource.resolveRelation(DataSource.scala:346)
	at org.apache.spark.sql.DataFrameReader.loadV1Source(DataFrameReader.scala:229)
	at org.apache.spark.sql.DataFrameReader.$anonfun$load$2(DataFrameReader.scala:211)
	at scala.Option.getOrElse(Option.scala:189)
	at org.apache.spark.sql.DataFrameReader.load(DataFrameReader.scala:211)
	at org.apache.spark.sql.DataFrameReader.load(DataFrameReader.scala:172)
	at org.apache.spark.sql.DataFrameReader.jdbc(DataFrameReader.scala:249)
	at java.base/jdk.internal.reflect.NativeMethodAccessorImpl.invoke0(Native Method)
	at java.base/jdk.internal.reflect.NativeMethodAccessorImpl.invoke(NativeMethodAccessorImpl.java:77)
	at java.base/jdk.internal.reflect.DelegatingMethodAccessorImpl.invoke(DelegatingMethodAccessorImpl.java:43)
	at java.base/java.lang.reflect.Method.invoke(Method.java:568)
	at py4j.reflection.MethodInvoker.invoke(MethodInvoker.java:244)
	at py4j.reflection.ReflectionEngine.invoke(ReflectionEngine.java:374)
	at py4j.Gateway.invoke(Gateway.java:282)
	at py4j.commands.AbstractCommand.invokeMethod(AbstractCommand.java:132)
	at py4j.commands.CallCommand.execute(CallCommand.java:79)
	at py4j.ClientServerConnection.waitForCommands(ClientServerConnection.java:182)
	at py4j.ClientServerConnection.run(ClientServerConnection.java:106)
	at java.base/java.lang.Thread.run(Thread.java:840)
Caused by: java.net.SocketTimeoutException: Read timed out
	at java.base/sun.nio.ch.NioSocketImpl.timedRead(NioSocketImpl.java:288)
	at java.base/sun.nio.ch.NioSocketImpl.implRead(NioSocketImpl.java:314)
	at java.base/sun.nio.ch.NioSocketImpl.read(NioSocketImpl.java:355)
	at java.base/sun.nio.ch.NioSocketImpl$1.read(NioSocketImpl.java:808)
	at java.base/java.net.Socket$SocketInputStream.read(Socket.java:966)
	at org.postgresql.core.VisibleBufferedInputStream.readMore(VisibleBufferedInputStream.java:161)
	at org.postgresql.core.VisibleBufferedInputStream.ensureBytes(VisibleBufferedInputStream.java:128)
	at org.postgresql.core.VisibleBufferedInputStream.ensureBytes(VisibleBufferedInputStream.java:113)
	at org.postgresql.core.VisibleBufferedInputStream.read(VisibleBufferedInputStream.java:73)
	at org.postgresql.core.PGStream.receiveChar(PGStream.java:465)
	at org.postgresql.core.v3.ConnectionFactoryImpl.enableSSL(ConnectionFactoryImpl.java:589)
	at org.postgresql.core.v3.ConnectionFactoryImpl.tryConnect(ConnectionFactoryImpl.java:191)
	at org.postgresql.core.v3.ConnectionFactoryImpl.openConnectionImpl(ConnectionFactoryImpl.java:258)
	... 31 more
[2024-06-27T21:25:46.153+0000] {docker.py:413} INFO - 2024-06-27 21:25:46,150:close:INFO:Closing down clientserver connection
[2024-06-27T21:25:46.172+0000] {docker.py:413} INFO - 24/06/27 21:25:46 INFO SparkContext: Invoking stop() from shutdown hook
[2024-06-27T21:25:46.172+0000] {docker.py:413} INFO - 24/06/27 21:25:46 INFO SparkContext: SparkContext is stopping with exitCode 0.
[2024-06-27T21:25:46.178+0000] {docker.py:413} INFO - 24/06/27 21:25:46 INFO SparkUI: Stopped Spark web UI at http://localhost:4040
[2024-06-27T21:25:46.184+0000] {docker.py:413} INFO - 24/06/27 21:25:46 INFO MapOutputTrackerMasterEndpoint: MapOutputTrackerMasterEndpoint stopped!
[2024-06-27T21:25:46.192+0000] {docker.py:413} INFO - 24/06/27 21:25:46 INFO MemoryStore: MemoryStore cleared
[2024-06-27T21:25:46.194+0000] {docker.py:413} INFO - 24/06/27 21:25:46 INFO BlockManager: BlockManager stopped
[2024-06-27T21:25:46.195+0000] {docker.py:413} INFO - 24/06/27 21:25:46 INFO BlockManagerMaster: BlockManagerMaster stopped
[2024-06-27T21:25:46.196+0000] {docker.py:413} INFO - 24/06/27 21:25:46 INFO OutputCommitCoordinator$OutputCommitCoordinatorEndpoint: OutputCommitCoordinator stopped!
[2024-06-27T21:25:46.205+0000] {docker.py:413} INFO - 24/06/27 21:25:46 INFO SparkContext: Successfully stopped SparkContext
[2024-06-27T21:25:46.205+0000] {docker.py:413} INFO - 24/06/27 21:25:46 INFO ShutdownHookManager: Shutdown hook called
[2024-06-27T21:25:46.205+0000] {docker.py:413} INFO - 24/06/27 21:25:46 INFO ShutdownHookManager: Deleting directory /tmp/spark-b1d81b12-49f0-4184-b7c5-12fffd2f3a20/pyspark-30d25364-c488-48f5-9a31-8c5dbc77347a
[2024-06-27T21:25:46.206+0000] {docker.py:413} INFO - 24/06/27 21:25:46 INFO ShutdownHookManager: Deleting directory /tmp/spark-27a975da-2b6f-431c-a9f4-86e4cf3fa56a
[2024-06-27T21:25:46.208+0000] {docker.py:413} INFO - 24/06/27 21:25:46 INFO ShutdownHookManager: Deleting directory /tmp/spark-b1d81b12-49f0-4184-b7c5-12fffd2f3a20
[2024-06-27T21:25:46.345+0000] {taskinstance.py:1937} ERROR - Task failed with exception
Traceback (most recent call last):
  File "/home/airflow/.local/lib/python3.8/site-packages/docker/api/client.py", line 268, in _raise_for_status
    response.raise_for_status()
  File "/home/airflow/.local/lib/python3.8/site-packages/requests/models.py", line 1021, in raise_for_status
    raise HTTPError(http_error_msg, response=self)
requests.exceptions.HTTPError: 400 Client Error: Bad Request for url: http://docker-proxy:2375/v1.44/containers/create

The above exception was the direct cause of the following exception:

Traceback (most recent call last):
  File "/home/airflow/.local/lib/python3.8/site-packages/airflow/providers/docker/operators/docker.py", line 348, in _run_image
    return self._run_image_with_mounts([*self.mounts, tmp_mount], add_tmp_variable=True)
  File "/home/airflow/.local/lib/python3.8/site-packages/airflow/providers/docker/operators/docker.py", line 375, in _run_image_with_mounts
    self.container = self.cli.create_container(
  File "/home/airflow/.local/lib/python3.8/site-packages/docker/api/container.py", line 431, in create_container
    return self.create_container_from_config(config, name, platform)
  File "/home/airflow/.local/lib/python3.8/site-packages/docker/api/container.py", line 448, in create_container_from_config
    return self._result(res, True)
  File "/home/airflow/.local/lib/python3.8/site-packages/docker/api/client.py", line 274, in _result
    self._raise_for_status(response)
  File "/home/airflow/.local/lib/python3.8/site-packages/docker/api/client.py", line 270, in _raise_for_status
    raise create_api_error_from_http_exception(e) from e
  File "/home/airflow/.local/lib/python3.8/site-packages/docker/errors.py", line 39, in create_api_error_from_http_exception
    raise cls(e, response=response, explanation=explanation) from e
docker.errors.APIError: 400 Client Error for http://docker-proxy:2375/v1.44/containers/create: Bad Request ("invalid mount config for type "bind": bind source path does not exist: /host_mnt/private/tmp/airflowtmpz5zjktkv")

During handling of the above exception, another exception occurred:

Traceback (most recent call last):
  File "/home/airflow/.local/lib/python3.8/site-packages/airflow/providers/docker/operators/docker.py", line 486, in execute
    return self._run_image()
  File "/home/airflow/.local/lib/python3.8/site-packages/airflow/providers/docker/operators/docker.py", line 357, in _run_image
    return self._run_image_with_mounts(self.mounts, add_tmp_variable=False)
  File "/home/airflow/.local/lib/python3.8/site-packages/airflow/providers/docker/operators/docker.py", line 421, in _run_image_with_mounts
    raise DockerContainerFailedException(f"Docker container failed: {result!r}", logs=log_lines)
airflow.providers.docker.exceptions.DockerContainerFailedException: Docker container failed: {'StatusCode': 1}
[2024-06-27T21:25:46.348+0000] {taskinstance.py:1400} INFO - Marking task as FAILED. dag_id=kafka_spark_dag, task_id=pyspark_consumer, execution_date=20240626T212443, start_date=20240627T212532, end_date=20240627T212546
[2024-06-27T21:25:46.357+0000] {standard_task_runner.py:104} ERROR - Failed to execute job 163 for task pyspark_consumer (Docker container failed: {'StatusCode': 1}; 1153)
[2024-06-27T21:25:46.400+0000] {local_task_job_runner.py:228} INFO - Task exited with return code 1
[2024-06-27T21:25:46.408+0000] {taskinstance.py:2778} INFO - 0 downstream tasks scheduled from follow-on schedule check
