[2024-06-27T21:25:06.147+0000] {taskinstance.py:1159} INFO - Dependencies all met for dep_context=non-requeueable deps ti=<TaskInstance: kafka_spark_dag.pyspark_consumer scheduled__2024-06-26T21:24:43.390440+00:00 [queued]>
[2024-06-27T21:25:06.151+0000] {taskinstance.py:1159} INFO - Dependencies all met for dep_context=requeueable deps ti=<TaskInstance: kafka_spark_dag.pyspark_consumer scheduled__2024-06-26T21:24:43.390440+00:00 [queued]>
[2024-06-27T21:25:06.151+0000] {taskinstance.py:1361} INFO - Starting attempt 1 of 2
[2024-06-27T21:25:06.157+0000] {taskinstance.py:1382} INFO - Executing <Task(DockerOperator): pyspark_consumer> on 2024-06-26 21:24:43.390440+00:00
[2024-06-27T21:25:06.160+0000] {standard_task_runner.py:57} INFO - Started process 903 to run task
[2024-06-27T21:25:06.162+0000] {standard_task_runner.py:84} INFO - Running: ['***', 'tasks', 'run', 'kafka_spark_dag', 'pyspark_consumer', 'scheduled__2024-06-26T21:24:43.390440+00:00', '--job-id', '161', '--raw', '--subdir', 'DAGS_FOLDER/dag_kafka_spark.py', '--cfg-path', '/tmp/tmpbdht9i_z']
[2024-06-27T21:25:06.164+0000] {standard_task_runner.py:85} INFO - Job 161: Subtask pyspark_consumer
[2024-06-27T21:25:06.187+0000] {task_command.py:416} INFO - Running <TaskInstance: kafka_spark_dag.pyspark_consumer scheduled__2024-06-26T21:24:43.390440+00:00 [running]> on host cd176cdca805
[2024-06-27T21:25:06.221+0000] {taskinstance.py:1662} INFO - Exporting env vars: AIRFLOW_CTX_DAG_OWNER='***' AIRFLOW_CTX_DAG_ID='kafka_spark_dag' AIRFLOW_CTX_TASK_ID='pyspark_consumer' AIRFLOW_CTX_EXECUTION_DATE='2024-06-26T21:24:43.390440+00:00' AIRFLOW_CTX_TRY_NUMBER='1' AIRFLOW_CTX_DAG_RUN_ID='scheduled__2024-06-26T21:24:43.390440+00:00'
[2024-06-27T21:25:06.244+0000] {docker.py:343} INFO - Starting docker container from image current-headlines/spark:latest
[2024-06-27T21:25:06.251+0000] {docker.py:351} WARNING - Using remote engine or docker-in-docker and mounting temporary volume from host is not supported. Falling back to `mount_tmp_dir=False` mode. You can set `mount_tmp_dir` parameter to False to disable mounting and remove the warning
[2024-06-27T21:25:06.573+0000] {docker.py:413} INFO - [38;5;6mspark [38;5;5m21:25:06.57 [0m[38;5;2mINFO [0m ==>
[2024-06-27T21:25:06.575+0000] {docker.py:413} INFO - [38;5;6mspark [38;5;5m21:25:06.57 [0m[38;5;2mINFO [0m ==> [1mWelcome to the Bitnami spark container[0m
[2024-06-27T21:25:06.575+0000] {docker.py:413} INFO - [38;5;6mspark [38;5;5m21:25:06.57 [0m[38;5;2mINFO [0m ==> Subscribe to project updates by watching [1mhttps://github.com/bitnami/containers[0m
[2024-06-27T21:25:06.576+0000] {docker.py:413} INFO - [38;5;6mspark [38;5;5m21:25:06.57 [0m[38;5;2mINFO [0m ==> Submit issues and feature requests at [1mhttps://github.com/bitnami/containers/issues[0m
[2024-06-27T21:25:06.577+0000] {docker.py:413} INFO - [38;5;6mspark [38;5;5m21:25:06.57 [0m[38;5;2mINFO [0m ==>
[2024-06-27T21:25:06.582+0000] {docker.py:413} INFO - 
[2024-06-27T21:25:07.549+0000] {docker.py:413} INFO - :: loading settings :: url = jar:file:/opt/bitnami/spark/jars/ivy-2.5.1.jar!/org/apache/ivy/core/settings/ivysettings.xml
[2024-06-27T21:25:07.589+0000] {docker.py:413} INFO - Ivy Default Cache set to: /opt/bitnami/spark/.ivy2/cache
The jars for the packages stored in: /opt/bitnami/spark/.ivy2/jars
[2024-06-27T21:25:07.590+0000] {docker.py:413} INFO - org.postgresql#postgresql added as a dependency
org.apache.spark#spark-sql-kafka-0-10_2.12 added as a dependency
[2024-06-27T21:25:07.590+0000] {docker.py:413} INFO - :: resolving dependencies :: org.apache.spark#spark-submit-parent-1b7d85e5-49a5-48eb-8253-fce81c3f8c6f;1.0
	confs: [default]
[2024-06-27T21:25:07.918+0000] {docker.py:413} INFO - found org.postgresql#postgresql;42.5.4 in central
[2024-06-27T21:25:07.954+0000] {docker.py:413} INFO - found org.checkerframework#checker-qual;3.5.0 in central
[2024-06-27T21:25:08.543+0000] {docker.py:413} INFO - found org.apache.spark#spark-sql-kafka-0-10_2.12;3.5.0 in central
[2024-06-27T21:25:08.682+0000] {docker.py:413} INFO - found org.apache.spark#spark-token-provider-kafka-0-10_2.12;3.5.0 in central
[2024-06-27T21:25:08.720+0000] {docker.py:413} INFO - found org.apache.kafka#kafka-clients;3.4.1 in central
[2024-06-27T21:25:08.754+0000] {docker.py:413} INFO - found org.lz4#lz4-java;1.8.0 in central
[2024-06-27T21:25:08.801+0000] {docker.py:413} INFO - found org.xerial.snappy#snappy-java;1.1.10.3 in central
[2024-06-27T21:25:08.996+0000] {docker.py:413} INFO - found org.slf4j#slf4j-api;2.0.7 in central
[2024-06-27T21:25:09.333+0000] {docker.py:413} INFO - found org.apache.hadoop#hadoop-client-runtime;3.3.4 in central
[2024-06-27T21:25:09.386+0000] {docker.py:413} INFO - found org.apache.hadoop#hadoop-client-api;3.3.4 in central
[2024-06-27T21:25:09.633+0000] {docker.py:413} INFO - found commons-logging#commons-logging;1.1.3 in central
[2024-06-27T21:25:09.667+0000] {docker.py:413} INFO - found com.google.code.findbugs#jsr305;3.0.0 in central
[2024-06-27T21:25:10.056+0000] {docker.py:413} INFO - found org.apache.commons#commons-pool2;2.11.1 in central
[2024-06-27T21:25:10.091+0000] {docker.py:413} INFO - downloading https://repo1.maven.org/maven2/org/postgresql/postgresql/42.5.4/postgresql-42.5.4.jar ...
[2024-06-27T21:25:10.652+0000] {docker.py:413} INFO - [SUCCESSFUL ] org.postgresql#postgresql;42.5.4!postgresql.jar (587ms)
[2024-06-27T21:25:10.672+0000] {docker.py:413} INFO - downloading https://repo1.maven.org/maven2/org/apache/spark/spark-sql-kafka-0-10_2.12/3.5.0/spark-sql-kafka-0-10_2.12-3.5.0.jar ...
[2024-06-27T21:25:10.951+0000] {docker.py:413} INFO - [SUCCESSFUL ] org.apache.spark#spark-sql-kafka-0-10_2.12;3.5.0!spark-sql-kafka-0-10_2.12.jar (298ms)
[2024-06-27T21:25:10.980+0000] {docker.py:413} INFO - downloading https://repo1.maven.org/maven2/org/checkerframework/checker-qual/3.5.0/checker-qual-3.5.0.jar ...
[2024-06-27T21:25:11.184+0000] {docker.py:413} INFO - [SUCCESSFUL ] org.checkerframework#checker-qual;3.5.0!checker-qual.jar (231ms)
[2024-06-27T21:25:11.209+0000] {docker.py:413} INFO - downloading https://repo1.maven.org/maven2/org/apache/spark/spark-token-provider-kafka-0-10_2.12/3.5.0/spark-token-provider-kafka-0-10_2.12-3.5.0.jar ...
[2024-06-27T21:25:11.266+0000] {docker.py:413} INFO - [SUCCESSFUL ] org.apache.spark#spark-token-provider-kafka-0-10_2.12;3.5.0!spark-token-provider-kafka-0-10_2.12.jar (83ms)
[2024-06-27T21:25:11.305+0000] {docker.py:413} INFO - downloading https://repo1.maven.org/maven2/org/apache/kafka/kafka-clients/3.4.1/kafka-clients-3.4.1.jar ...
[2024-06-27T21:25:13.743+0000] {docker.py:413} INFO - [SUCCESSFUL ] org.apache.kafka#kafka-clients;3.4.1!kafka-clients.jar (2476ms)
[2024-06-27T21:25:13.755+0000] {docker.py:413} INFO - downloading https://repo1.maven.org/maven2/com/google/code/findbugs/jsr305/3.0.0/jsr305-3.0.0.jar ...
[2024-06-27T21:25:13.770+0000] {docker.py:413} INFO - [SUCCESSFUL ] com.google.code.findbugs#jsr305;3.0.0!jsr305.jar (26ms)
[2024-06-27T21:25:13.783+0000] {docker.py:413} INFO - downloading https://repo1.maven.org/maven2/org/apache/commons/commons-pool2/2.11.1/commons-pool2-2.11.1.jar ...
[2024-06-27T21:25:13.817+0000] {docker.py:413} INFO - [SUCCESSFUL ] org.apache.commons#commons-pool2;2.11.1!commons-pool2.jar (45ms)
[2024-06-27T21:25:13.826+0000] {docker.py:413} INFO - downloading https://repo1.maven.org/maven2/org/apache/hadoop/hadoop-client-runtime/3.3.4/hadoop-client-runtime-3.3.4.jar ...
[2024-06-27T21:25:17.018+0000] {docker.py:413} INFO - [SUCCESSFUL ] org.apache.hadoop#hadoop-client-runtime;3.3.4!hadoop-client-runtime.jar (3203ms)
[2024-06-27T21:25:17.031+0000] {docker.py:413} INFO - downloading https://repo1.maven.org/maven2/org/lz4/lz4-java/1.8.0/lz4-java-1.8.0.jar ...
[2024-06-27T21:25:17.103+0000] {docker.py:413} INFO - [SUCCESSFUL ] org.lz4#lz4-java;1.8.0!lz4-java.jar (85ms)
[2024-06-27T21:25:17.119+0000] {docker.py:413} INFO - downloading https://repo1.maven.org/maven2/org/xerial/snappy/snappy-java/1.1.10.3/snappy-java-1.1.10.3.jar ...
[2024-06-27T21:25:17.295+0000] {docker.py:413} INFO - [SUCCESSFUL ] org.xerial.snappy#snappy-java;1.1.10.3!snappy-java.jar(bundle) (191ms)
[2024-06-27T21:25:17.310+0000] {docker.py:413} INFO - downloading https://repo1.maven.org/maven2/org/slf4j/slf4j-api/2.0.7/slf4j-api-2.0.7.jar ...
[2024-06-27T21:25:17.327+0000] {docker.py:413} INFO - [SUCCESSFUL ] org.slf4j#slf4j-api;2.0.7!slf4j-api.jar (30ms)
[2024-06-27T21:25:17.339+0000] {docker.py:413} INFO - downloading https://repo1.maven.org/maven2/org/apache/hadoop/hadoop-client-api/3.3.4/hadoop-client-api-3.3.4.jar ...
[2024-06-27T21:25:18.842+0000] {docker.py:413} INFO - [SUCCESSFUL ] org.apache.hadoop#hadoop-client-api;3.3.4!hadoop-client-api.jar (1514ms)
[2024-06-27T21:25:18.853+0000] {docker.py:413} INFO - downloading https://repo1.maven.org/maven2/commons-logging/commons-logging/1.1.3/commons-logging-1.1.3.jar ...
[2024-06-27T21:25:18.869+0000] {docker.py:413} INFO - [SUCCESSFUL ] commons-logging#commons-logging;1.1.3!commons-logging.jar (27ms)
[2024-06-27T21:25:18.870+0000] {docker.py:413} INFO - :: resolution report :: resolve 2474ms :: artifacts dl 8807ms
[2024-06-27T21:25:18.870+0000] {docker.py:413} INFO - :: modules in use:
[2024-06-27T21:25:18.871+0000] {docker.py:413} INFO - com.google.code.findbugs#jsr305;3.0.0 from central in [default]
	commons-logging#commons-logging;1.1.3 from central in [default]
[2024-06-27T21:25:18.871+0000] {docker.py:413} INFO - org.apache.commons#commons-pool2;2.11.1 from central in [default]
	org.apache.hadoop#hadoop-client-api;3.3.4 from central in [default]
	org.apache.hadoop#hadoop-client-runtime;3.3.4 from central in [default]
[2024-06-27T21:25:18.871+0000] {docker.py:413} INFO - org.apache.kafka#kafka-clients;3.4.1 from central in [default]
	org.apache.spark#spark-sql-kafka-0-10_2.12;3.5.0 from central in [default]
	org.apache.spark#spark-token-provider-kafka-0-10_2.12;3.5.0 from central in [default]
	org.checkerframework#checker-qual;3.5.0 from central in [default]
[2024-06-27T21:25:18.872+0000] {docker.py:413} INFO - org.lz4#lz4-java;1.8.0 from central in [default]
	org.postgresql#postgresql;42.5.4 from central in [default]
	org.slf4j#slf4j-api;2.0.7 from central in [default]
[2024-06-27T21:25:18.872+0000] {docker.py:413} INFO - org.xerial.snappy#snappy-java;1.1.10.3 from central in [default]
[2024-06-27T21:25:18.872+0000] {docker.py:413} INFO - ---------------------------------------------------------------------
[2024-06-27T21:25:18.873+0000] {docker.py:413} INFO - |                  |            modules            ||   artifacts   |
[2024-06-27T21:25:18.873+0000] {docker.py:413} INFO - |       conf       | number| search|dwnlded|evicted|| number|dwnlded|
	---------------------------------------------------------------------
	|      default     |   13  |   13  |   13  |   0   ||   13  |   13  |
	---------------------------------------------------------------------
[2024-06-27T21:25:18.874+0000] {docker.py:413} INFO - :: retrieving :: org.apache.spark#spark-submit-parent-1b7d85e5-49a5-48eb-8253-fce81c3f8c6f
	confs: [default]
[2024-06-27T21:25:18.911+0000] {docker.py:413} INFO - 13 artifacts copied, 0 already retrieved (58001kB/36ms)
[2024-06-27T21:25:19.022+0000] {docker.py:413} INFO - 24/06/27 21:25:19 WARN NativeCodeLoader: Unable to load native-hadoop library for your platform... using builtin-java classes where applicable
[2024-06-27T21:25:19.595+0000] {docker.py:413} INFO - 24/06/27 21:25:19 INFO SparkContext: Running Spark version 3.5.0
[2024-06-27T21:25:19.596+0000] {docker.py:413} INFO - 24/06/27 21:25:19 INFO SparkContext: OS info Linux, 6.6.12-linuxkit, aarch64
[2024-06-27T21:25:19.596+0000] {docker.py:413} INFO - 24/06/27 21:25:19 INFO SparkContext: Java version 17.0.10
[2024-06-27T21:25:19.608+0000] {docker.py:413} INFO - 24/06/27 21:25:19 INFO ResourceUtils: ==============================================================
[2024-06-27T21:25:19.609+0000] {docker.py:413} INFO - 24/06/27 21:25:19 INFO ResourceUtils: No custom resources configured for spark.driver.
[2024-06-27T21:25:19.610+0000] {docker.py:413} INFO - 24/06/27 21:25:19 INFO ResourceUtils: ==============================================================
[2024-06-27T21:25:19.610+0000] {docker.py:413} INFO - 24/06/27 21:25:19 INFO SparkContext: Submitted application: PostgreSQL Connection with PySpark
[2024-06-27T21:25:19.618+0000] {docker.py:413} INFO - 24/06/27 21:25:19 INFO ResourceProfile: Default ResourceProfile created, executor resources: Map(cores -> name: cores, amount: 1, script: , vendor: , memory -> name: memory, amount: 1024, script: , vendor: , offHeap -> name: offHeap, amount: 0, script: , vendor: ), task resources: Map(cpus -> name: cpus, amount: 1.0)
[2024-06-27T21:25:19.623+0000] {docker.py:413} INFO - 24/06/27 21:25:19 INFO ResourceProfile: Limiting resource is cpu
[2024-06-27T21:25:19.623+0000] {docker.py:413} INFO - 24/06/27 21:25:19 INFO ResourceProfileManager: Added ResourceProfile id: 0
[2024-06-27T21:25:19.651+0000] {docker.py:413} INFO - 24/06/27 21:25:19 INFO SecurityManager: Changing view acls to: spark
[2024-06-27T21:25:19.651+0000] {docker.py:413} INFO - 24/06/27 21:25:19 INFO SecurityManager: Changing modify acls to: spark
[2024-06-27T21:25:19.651+0000] {docker.py:413} INFO - 24/06/27 21:25:19 INFO SecurityManager: Changing view acls groups to:
[2024-06-27T21:25:19.651+0000] {docker.py:413} INFO - 24/06/27 21:25:19 INFO SecurityManager: Changing modify acls groups to:
[2024-06-27T21:25:19.652+0000] {docker.py:413} INFO - 24/06/27 21:25:19 INFO SecurityManager: SecurityManager: authentication disabled; ui acls disabled; users with view permissions: spark; groups with view permissions: EMPTY; users with modify permissions: spark; groups with modify permissions: EMPTY
[2024-06-27T21:25:19.762+0000] {docker.py:413} INFO - 24/06/27 21:25:19 INFO Utils: Successfully started service 'sparkDriver' on port 40913.
[2024-06-27T21:25:19.776+0000] {docker.py:413} INFO - 24/06/27 21:25:19 INFO SparkEnv: Registering MapOutputTracker
[2024-06-27T21:25:19.796+0000] {docker.py:413} INFO - 24/06/27 21:25:19 INFO SparkEnv: Registering BlockManagerMaster
[2024-06-27T21:25:19.804+0000] {docker.py:413} INFO - 24/06/27 21:25:19 INFO BlockManagerMasterEndpoint: Using org.apache.spark.storage.DefaultTopologyMapper for getting topology information
[2024-06-27T21:25:19.805+0000] {docker.py:413} INFO - 24/06/27 21:25:19 INFO BlockManagerMasterEndpoint: BlockManagerMasterEndpoint up
[2024-06-27T21:25:19.807+0000] {docker.py:413} INFO - 24/06/27 21:25:19 INFO SparkEnv: Registering BlockManagerMasterHeartbeat
[2024-06-27T21:25:19.817+0000] {docker.py:413} INFO - 24/06/27 21:25:19 INFO DiskBlockManager: Created local directory at /tmp/blockmgr-8aba8f70-fadd-4941-86a4-b7ab4fa2f4e1
[2024-06-27T21:25:19.825+0000] {docker.py:413} INFO - 24/06/27 21:25:19 INFO MemoryStore: MemoryStore started with capacity 434.4 MiB
[2024-06-27T21:25:19.832+0000] {docker.py:413} INFO - 24/06/27 21:25:19 INFO SparkEnv: Registering OutputCommitCoordinator
[2024-06-27T21:25:19.900+0000] {docker.py:413} INFO - 24/06/27 21:25:19 INFO JettyUtils: Start Jetty 0.0.0.0:4040 for SparkUI
[2024-06-27T21:25:19.928+0000] {docker.py:413} INFO - 24/06/27 21:25:19 INFO Utils: Successfully started service 'SparkUI' on port 4040.
[2024-06-27T21:25:19.947+0000] {docker.py:413} INFO - 24/06/27 21:25:19 INFO SparkContext: Added JAR file:///opt/bitnami/spark/.ivy2/jars/org.postgresql_postgresql-42.5.4.jar at spark://localhost:40913/jars/org.postgresql_postgresql-42.5.4.jar with timestamp 1719523519591
[2024-06-27T21:25:19.948+0000] {docker.py:413} INFO - 24/06/27 21:25:19 INFO SparkContext: Added JAR file:///opt/bitnami/spark/.ivy2/jars/org.apache.spark_spark-sql-kafka-0-10_2.12-3.5.0.jar at spark://localhost:40913/jars/org.apache.spark_spark-sql-kafka-0-10_2.12-3.5.0.jar with timestamp 1719523519591
[2024-06-27T21:25:19.948+0000] {docker.py:413} INFO - 24/06/27 21:25:19 INFO SparkContext: Added JAR file:///opt/bitnami/spark/.ivy2/jars/org.checkerframework_checker-qual-3.5.0.jar at spark://localhost:40913/jars/org.checkerframework_checker-qual-3.5.0.jar with timestamp 1719523519591
[2024-06-27T21:25:19.948+0000] {docker.py:413} INFO - 24/06/27 21:25:19 INFO SparkContext: Added JAR file:///opt/bitnami/spark/.ivy2/jars/org.apache.spark_spark-token-provider-kafka-0-10_2.12-3.5.0.jar at spark://localhost:40913/jars/org.apache.spark_spark-token-provider-kafka-0-10_2.12-3.5.0.jar with timestamp 1719523519591
24/06/27 21:25:19 INFO SparkContext: Added JAR file:///opt/bitnami/spark/.ivy2/jars/org.apache.kafka_kafka-clients-3.4.1.jar at spark://localhost:40913/jars/org.apache.kafka_kafka-clients-3.4.1.jar with timestamp 1719523519591
24/06/27 21:25:19 INFO SparkContext: Added JAR file:///opt/bitnami/spark/.ivy2/jars/com.google.code.findbugs_jsr305-3.0.0.jar at spark://localhost:40913/jars/com.google.code.findbugs_jsr305-3.0.0.jar with timestamp 1719523519591
[2024-06-27T21:25:19.948+0000] {docker.py:413} INFO - 24/06/27 21:25:19 INFO SparkContext: Added JAR file:///opt/bitnami/spark/.ivy2/jars/org.apache.commons_commons-pool2-2.11.1.jar at spark://localhost:40913/jars/org.apache.commons_commons-pool2-2.11.1.jar with timestamp 1719523519591
[2024-06-27T21:25:19.949+0000] {docker.py:413} INFO - 24/06/27 21:25:19 INFO SparkContext: Added JAR file:///opt/bitnami/spark/.ivy2/jars/org.apache.hadoop_hadoop-client-runtime-3.3.4.jar at spark://localhost:40913/jars/org.apache.hadoop_hadoop-client-runtime-3.3.4.jar with timestamp 1719523519591
[2024-06-27T21:25:19.949+0000] {docker.py:413} INFO - 24/06/27 21:25:19 INFO SparkContext: Added JAR file:///opt/bitnami/spark/.ivy2/jars/org.lz4_lz4-java-1.8.0.jar at spark://localhost:40913/jars/org.lz4_lz4-java-1.8.0.jar with timestamp 1719523519591
24/06/27 21:25:19 INFO SparkContext: Added JAR file:///opt/bitnami/spark/.ivy2/jars/org.xerial.snappy_snappy-java-1.1.10.3.jar at spark://localhost:40913/jars/org.xerial.snappy_snappy-java-1.1.10.3.jar with timestamp 1719523519591
[2024-06-27T21:25:19.949+0000] {docker.py:413} INFO - 24/06/27 21:25:19 INFO SparkContext: Added JAR file:///opt/bitnami/spark/.ivy2/jars/org.slf4j_slf4j-api-2.0.7.jar at spark://localhost:40913/jars/org.slf4j_slf4j-api-2.0.7.jar with timestamp 1719523519591
24/06/27 21:25:19 INFO SparkContext: Added JAR file:///opt/bitnami/spark/.ivy2/jars/org.apache.hadoop_hadoop-client-api-3.3.4.jar at spark://localhost:40913/jars/org.apache.hadoop_hadoop-client-api-3.3.4.jar with timestamp 1719523519591
24/06/27 21:25:19 INFO SparkContext: Added JAR file:///opt/bitnami/spark/.ivy2/jars/commons-logging_commons-logging-1.1.3.jar at spark://localhost:40913/jars/commons-logging_commons-logging-1.1.3.jar with timestamp 1719523519591
[2024-06-27T21:25:19.949+0000] {docker.py:413} INFO - 24/06/27 21:25:19 INFO SparkContext: Added file file:///opt/bitnami/spark/.ivy2/jars/org.postgresql_postgresql-42.5.4.jar at file:///opt/bitnami/spark/.ivy2/jars/org.postgresql_postgresql-42.5.4.jar with timestamp 1719523519591
[2024-06-27T21:25:19.950+0000] {docker.py:413} INFO - 24/06/27 21:25:19 INFO Utils: Copying /opt/bitnami/spark/.ivy2/jars/org.postgresql_postgresql-42.5.4.jar to /tmp/spark-ffb0d5d5-ea37-4330-bf28-7d06e6065dfb/userFiles-0178d06b-31a6-48c7-a223-ef76c58b72f4/org.postgresql_postgresql-42.5.4.jar
[2024-06-27T21:25:19.955+0000] {docker.py:413} INFO - 24/06/27 21:25:19 INFO SparkContext: Added file file:///opt/bitnami/spark/.ivy2/jars/org.apache.spark_spark-sql-kafka-0-10_2.12-3.5.0.jar at file:///opt/bitnami/spark/.ivy2/jars/org.apache.spark_spark-sql-kafka-0-10_2.12-3.5.0.jar with timestamp 1719523519591
[2024-06-27T21:25:19.955+0000] {docker.py:413} INFO - 24/06/27 21:25:19 INFO Utils: Copying /opt/bitnami/spark/.ivy2/jars/org.apache.spark_spark-sql-kafka-0-10_2.12-3.5.0.jar to /tmp/spark-ffb0d5d5-ea37-4330-bf28-7d06e6065dfb/userFiles-0178d06b-31a6-48c7-a223-ef76c58b72f4/org.apache.spark_spark-sql-kafka-0-10_2.12-3.5.0.jar
[2024-06-27T21:25:19.956+0000] {docker.py:413} INFO - 24/06/27 21:25:19 INFO SparkContext: Added file file:///opt/bitnami/spark/.ivy2/jars/org.checkerframework_checker-qual-3.5.0.jar at file:///opt/bitnami/spark/.ivy2/jars/org.checkerframework_checker-qual-3.5.0.jar with timestamp 1719523519591
[2024-06-27T21:25:19.957+0000] {docker.py:413} INFO - 24/06/27 21:25:19 INFO Utils: Copying /opt/bitnami/spark/.ivy2/jars/org.checkerframework_checker-qual-3.5.0.jar to /tmp/spark-ffb0d5d5-ea37-4330-bf28-7d06e6065dfb/userFiles-0178d06b-31a6-48c7-a223-ef76c58b72f4/org.checkerframework_checker-qual-3.5.0.jar
[2024-06-27T21:25:19.958+0000] {docker.py:413} INFO - 24/06/27 21:25:19 INFO SparkContext: Added file file:///opt/bitnami/spark/.ivy2/jars/org.apache.spark_spark-token-provider-kafka-0-10_2.12-3.5.0.jar at file:///opt/bitnami/spark/.ivy2/jars/org.apache.spark_spark-token-provider-kafka-0-10_2.12-3.5.0.jar with timestamp 1719523519591
[2024-06-27T21:25:19.958+0000] {docker.py:413} INFO - 24/06/27 21:25:19 INFO Utils: Copying /opt/bitnami/spark/.ivy2/jars/org.apache.spark_spark-token-provider-kafka-0-10_2.12-3.5.0.jar to /tmp/spark-ffb0d5d5-ea37-4330-bf28-7d06e6065dfb/userFiles-0178d06b-31a6-48c7-a223-ef76c58b72f4/org.apache.spark_spark-token-provider-kafka-0-10_2.12-3.5.0.jar
[2024-06-27T21:25:19.960+0000] {docker.py:413} INFO - 24/06/27 21:25:19 INFO SparkContext: Added file file:///opt/bitnami/spark/.ivy2/jars/org.apache.kafka_kafka-clients-3.4.1.jar at file:///opt/bitnami/spark/.ivy2/jars/org.apache.kafka_kafka-clients-3.4.1.jar with timestamp 1719523519591
[2024-06-27T21:25:19.961+0000] {docker.py:413} INFO - 24/06/27 21:25:19 INFO Utils: Copying /opt/bitnami/spark/.ivy2/jars/org.apache.kafka_kafka-clients-3.4.1.jar to /tmp/spark-ffb0d5d5-ea37-4330-bf28-7d06e6065dfb/userFiles-0178d06b-31a6-48c7-a223-ef76c58b72f4/org.apache.kafka_kafka-clients-3.4.1.jar
[2024-06-27T21:25:19.963+0000] {docker.py:413} INFO - 24/06/27 21:25:19 INFO SparkContext: Added file file:///opt/bitnami/spark/.ivy2/jars/com.google.code.findbugs_jsr305-3.0.0.jar at file:///opt/bitnami/spark/.ivy2/jars/com.google.code.findbugs_jsr305-3.0.0.jar with timestamp 1719523519591
[2024-06-27T21:25:19.963+0000] {docker.py:413} INFO - 24/06/27 21:25:19 INFO Utils: Copying /opt/bitnami/spark/.ivy2/jars/com.google.code.findbugs_jsr305-3.0.0.jar to /tmp/spark-ffb0d5d5-ea37-4330-bf28-7d06e6065dfb/userFiles-0178d06b-31a6-48c7-a223-ef76c58b72f4/com.google.code.findbugs_jsr305-3.0.0.jar
[2024-06-27T21:25:19.964+0000] {docker.py:413} INFO - 24/06/27 21:25:19 INFO SparkContext: Added file file:///opt/bitnami/spark/.ivy2/jars/org.apache.commons_commons-pool2-2.11.1.jar at file:///opt/bitnami/spark/.ivy2/jars/org.apache.commons_commons-pool2-2.11.1.jar with timestamp 1719523519591
24/06/27 21:25:19 INFO Utils: Copying /opt/bitnami/spark/.ivy2/jars/org.apache.commons_commons-pool2-2.11.1.jar to /tmp/spark-ffb0d5d5-ea37-4330-bf28-7d06e6065dfb/userFiles-0178d06b-31a6-48c7-a223-ef76c58b72f4/org.apache.commons_commons-pool2-2.11.1.jar
[2024-06-27T21:25:19.966+0000] {docker.py:413} INFO - 24/06/27 21:25:19 INFO SparkContext: Added file file:///opt/bitnami/spark/.ivy2/jars/org.apache.hadoop_hadoop-client-runtime-3.3.4.jar at file:///opt/bitnami/spark/.ivy2/jars/org.apache.hadoop_hadoop-client-runtime-3.3.4.jar with timestamp 1719523519591
[2024-06-27T21:25:19.966+0000] {docker.py:413} INFO - 24/06/27 21:25:19 INFO Utils: Copying /opt/bitnami/spark/.ivy2/jars/org.apache.hadoop_hadoop-client-runtime-3.3.4.jar to /tmp/spark-ffb0d5d5-ea37-4330-bf28-7d06e6065dfb/userFiles-0178d06b-31a6-48c7-a223-ef76c58b72f4/org.apache.hadoop_hadoop-client-runtime-3.3.4.jar
[2024-06-27T21:25:19.983+0000] {docker.py:413} INFO - 24/06/27 21:25:19 INFO SparkContext: Added file file:///opt/bitnami/spark/.ivy2/jars/org.lz4_lz4-java-1.8.0.jar at file:///opt/bitnami/spark/.ivy2/jars/org.lz4_lz4-java-1.8.0.jar with timestamp 1719523519591
24/06/27 21:25:19 INFO Utils: Copying /opt/bitnami/spark/.ivy2/jars/org.lz4_lz4-java-1.8.0.jar to /tmp/spark-ffb0d5d5-ea37-4330-bf28-7d06e6065dfb/userFiles-0178d06b-31a6-48c7-a223-ef76c58b72f4/org.lz4_lz4-java-1.8.0.jar
[2024-06-27T21:25:19.984+0000] {docker.py:413} INFO - 24/06/27 21:25:19 INFO SparkContext: Added file file:///opt/bitnami/spark/.ivy2/jars/org.xerial.snappy_snappy-java-1.1.10.3.jar at file:///opt/bitnami/spark/.ivy2/jars/org.xerial.snappy_snappy-java-1.1.10.3.jar with timestamp 1719523519591
24/06/27 21:25:19 INFO Utils: Copying /opt/bitnami/spark/.ivy2/jars/org.xerial.snappy_snappy-java-1.1.10.3.jar to /tmp/spark-ffb0d5d5-ea37-4330-bf28-7d06e6065dfb/userFiles-0178d06b-31a6-48c7-a223-ef76c58b72f4/org.xerial.snappy_snappy-java-1.1.10.3.jar
[2024-06-27T21:25:19.987+0000] {docker.py:413} INFO - 24/06/27 21:25:19 INFO SparkContext: Added file file:///opt/bitnami/spark/.ivy2/jars/org.slf4j_slf4j-api-2.0.7.jar at file:///opt/bitnami/spark/.ivy2/jars/org.slf4j_slf4j-api-2.0.7.jar with timestamp 1719523519591
[2024-06-27T21:25:19.987+0000] {docker.py:413} INFO - 24/06/27 21:25:19 INFO Utils: Copying /opt/bitnami/spark/.ivy2/jars/org.slf4j_slf4j-api-2.0.7.jar to /tmp/spark-ffb0d5d5-ea37-4330-bf28-7d06e6065dfb/userFiles-0178d06b-31a6-48c7-a223-ef76c58b72f4/org.slf4j_slf4j-api-2.0.7.jar
[2024-06-27T21:25:19.988+0000] {docker.py:413} INFO - 24/06/27 21:25:19 INFO SparkContext: Added file file:///opt/bitnami/spark/.ivy2/jars/org.apache.hadoop_hadoop-client-api-3.3.4.jar at file:///opt/bitnami/spark/.ivy2/jars/org.apache.hadoop_hadoop-client-api-3.3.4.jar with timestamp 1719523519591
[2024-06-27T21:25:19.989+0000] {docker.py:413} INFO - 24/06/27 21:25:19 INFO Utils: Copying /opt/bitnami/spark/.ivy2/jars/org.apache.hadoop_hadoop-client-api-3.3.4.jar to /tmp/spark-ffb0d5d5-ea37-4330-bf28-7d06e6065dfb/userFiles-0178d06b-31a6-48c7-a223-ef76c58b72f4/org.apache.hadoop_hadoop-client-api-3.3.4.jar
[2024-06-27T21:25:20.002+0000] {docker.py:413} INFO - 24/06/27 21:25:20 INFO SparkContext: Added file file:///opt/bitnami/spark/.ivy2/jars/commons-logging_commons-logging-1.1.3.jar at file:///opt/bitnami/spark/.ivy2/jars/commons-logging_commons-logging-1.1.3.jar with timestamp 1719523519591
[2024-06-27T21:25:20.002+0000] {docker.py:413} INFO - 24/06/27 21:25:20 INFO Utils: Copying /opt/bitnami/spark/.ivy2/jars/commons-logging_commons-logging-1.1.3.jar to /tmp/spark-ffb0d5d5-ea37-4330-bf28-7d06e6065dfb/userFiles-0178d06b-31a6-48c7-a223-ef76c58b72f4/commons-logging_commons-logging-1.1.3.jar
[2024-06-27T21:25:20.034+0000] {docker.py:413} INFO - 24/06/27 21:25:20 INFO Executor: Starting executor ID driver on host localhost
[2024-06-27T21:25:20.034+0000] {docker.py:413} INFO - 24/06/27 21:25:20 INFO Executor: OS info Linux, 6.6.12-linuxkit, aarch64
[2024-06-27T21:25:20.035+0000] {docker.py:413} INFO - 24/06/27 21:25:20 INFO Executor: Java version 17.0.10
[2024-06-27T21:25:20.037+0000] {docker.py:413} INFO - 24/06/27 21:25:20 INFO Executor: Starting executor with user classpath (userClassPathFirst = false): ''
[2024-06-27T21:25:20.037+0000] {docker.py:413} INFO - 24/06/27 21:25:20 INFO Executor: Created or updated repl class loader org.apache.spark.util.MutableURLClassLoader@19d3fd84 for default.
[2024-06-27T21:25:20.042+0000] {docker.py:413} INFO - 24/06/27 21:25:20 INFO Executor: Fetching file:///opt/bitnami/spark/.ivy2/jars/org.apache.spark_spark-token-provider-kafka-0-10_2.12-3.5.0.jar with timestamp 1719523519591
[2024-06-27T21:25:20.050+0000] {docker.py:413} INFO - 24/06/27 21:25:20 INFO Utils: /opt/bitnami/spark/.ivy2/jars/org.apache.spark_spark-token-provider-kafka-0-10_2.12-3.5.0.jar has been previously copied to /tmp/spark-ffb0d5d5-ea37-4330-bf28-7d06e6065dfb/userFiles-0178d06b-31a6-48c7-a223-ef76c58b72f4/org.apache.spark_spark-token-provider-kafka-0-10_2.12-3.5.0.jar
[2024-06-27T21:25:20.052+0000] {docker.py:413} INFO - 24/06/27 21:25:20 INFO Executor: Fetching file:///opt/bitnami/spark/.ivy2/jars/org.apache.hadoop_hadoop-client-runtime-3.3.4.jar with timestamp 1719523519591
[2024-06-27T21:25:20.069+0000] {docker.py:413} INFO - 24/06/27 21:25:20 INFO Utils: /opt/bitnami/spark/.ivy2/jars/org.apache.hadoop_hadoop-client-runtime-3.3.4.jar has been previously copied to /tmp/spark-ffb0d5d5-ea37-4330-bf28-7d06e6065dfb/userFiles-0178d06b-31a6-48c7-a223-ef76c58b72f4/org.apache.hadoop_hadoop-client-runtime-3.3.4.jar
[2024-06-27T21:25:20.071+0000] {docker.py:413} INFO - 24/06/27 21:25:20 INFO Executor: Fetching file:///opt/bitnami/spark/.ivy2/jars/org.apache.commons_commons-pool2-2.11.1.jar with timestamp 1719523519591
[2024-06-27T21:25:20.071+0000] {docker.py:413} INFO - 24/06/27 21:25:20 INFO Utils: /opt/bitnami/spark/.ivy2/jars/org.apache.commons_commons-pool2-2.11.1.jar has been previously copied to /tmp/spark-ffb0d5d5-ea37-4330-bf28-7d06e6065dfb/userFiles-0178d06b-31a6-48c7-a223-ef76c58b72f4/org.apache.commons_commons-pool2-2.11.1.jar
[2024-06-27T21:25:20.072+0000] {docker.py:413} INFO - 24/06/27 21:25:20 INFO Executor: Fetching file:///opt/bitnami/spark/.ivy2/jars/org.postgresql_postgresql-42.5.4.jar with timestamp 1719523519591
[2024-06-27T21:25:20.074+0000] {docker.py:413} INFO - 24/06/27 21:25:20 INFO Utils: /opt/bitnami/spark/.ivy2/jars/org.postgresql_postgresql-42.5.4.jar has been previously copied to /tmp/spark-ffb0d5d5-ea37-4330-bf28-7d06e6065dfb/userFiles-0178d06b-31a6-48c7-a223-ef76c58b72f4/org.postgresql_postgresql-42.5.4.jar
[2024-06-27T21:25:20.075+0000] {docker.py:413} INFO - 24/06/27 21:25:20 INFO Executor: Fetching file:///opt/bitnami/spark/.ivy2/jars/org.slf4j_slf4j-api-2.0.7.jar with timestamp 1719523519591
[2024-06-27T21:25:20.076+0000] {docker.py:413} INFO - 24/06/27 21:25:20 INFO Utils: /opt/bitnami/spark/.ivy2/jars/org.slf4j_slf4j-api-2.0.7.jar has been previously copied to /tmp/spark-ffb0d5d5-ea37-4330-bf28-7d06e6065dfb/userFiles-0178d06b-31a6-48c7-a223-ef76c58b72f4/org.slf4j_slf4j-api-2.0.7.jar
[2024-06-27T21:25:20.076+0000] {docker.py:413} INFO - 24/06/27 21:25:20 INFO Executor: Fetching file:///opt/bitnami/spark/.ivy2/jars/org.apache.kafka_kafka-clients-3.4.1.jar with timestamp 1719523519591
[2024-06-27T21:25:20.079+0000] {docker.py:413} INFO - 24/06/27 21:25:20 INFO Utils: /opt/bitnami/spark/.ivy2/jars/org.apache.kafka_kafka-clients-3.4.1.jar has been previously copied to /tmp/spark-ffb0d5d5-ea37-4330-bf28-7d06e6065dfb/userFiles-0178d06b-31a6-48c7-a223-ef76c58b72f4/org.apache.kafka_kafka-clients-3.4.1.jar
[2024-06-27T21:25:20.080+0000] {docker.py:413} INFO - 24/06/27 21:25:20 INFO Executor: Fetching file:///opt/bitnami/spark/.ivy2/jars/com.google.code.findbugs_jsr305-3.0.0.jar with timestamp 1719523519591
[2024-06-27T21:25:20.080+0000] {docker.py:413} INFO - 24/06/27 21:25:20 INFO Utils: /opt/bitnami/spark/.ivy2/jars/com.google.code.findbugs_jsr305-3.0.0.jar has been previously copied to /tmp/spark-ffb0d5d5-ea37-4330-bf28-7d06e6065dfb/userFiles-0178d06b-31a6-48c7-a223-ef76c58b72f4/com.google.code.findbugs_jsr305-3.0.0.jar
[2024-06-27T21:25:20.082+0000] {docker.py:413} INFO - 24/06/27 21:25:20 INFO Executor: Fetching file:///opt/bitnami/spark/.ivy2/jars/org.lz4_lz4-java-1.8.0.jar with timestamp 1719523519591
[2024-06-27T21:25:20.082+0000] {docker.py:413} INFO - 24/06/27 21:25:20 INFO Utils: /opt/bitnami/spark/.ivy2/jars/org.lz4_lz4-java-1.8.0.jar has been previously copied to /tmp/spark-ffb0d5d5-ea37-4330-bf28-7d06e6065dfb/userFiles-0178d06b-31a6-48c7-a223-ef76c58b72f4/org.lz4_lz4-java-1.8.0.jar
[2024-06-27T21:25:20.084+0000] {docker.py:413} INFO - 24/06/27 21:25:20 INFO Executor: Fetching file:///opt/bitnami/spark/.ivy2/jars/org.apache.spark_spark-sql-kafka-0-10_2.12-3.5.0.jar with timestamp 1719523519591
[2024-06-27T21:25:20.084+0000] {docker.py:413} INFO - 24/06/27 21:25:20 INFO Utils: /opt/bitnami/spark/.ivy2/jars/org.apache.spark_spark-sql-kafka-0-10_2.12-3.5.0.jar has been previously copied to /tmp/spark-ffb0d5d5-ea37-4330-bf28-7d06e6065dfb/userFiles-0178d06b-31a6-48c7-a223-ef76c58b72f4/org.apache.spark_spark-sql-kafka-0-10_2.12-3.5.0.jar
[2024-06-27T21:25:20.086+0000] {docker.py:413} INFO - 24/06/27 21:25:20 INFO Executor: Fetching file:///opt/bitnami/spark/.ivy2/jars/org.apache.hadoop_hadoop-client-api-3.3.4.jar with timestamp 1719523519591
[2024-06-27T21:25:20.093+0000] {docker.py:413} INFO - 24/06/27 21:25:20 INFO Utils: /opt/bitnami/spark/.ivy2/jars/org.apache.hadoop_hadoop-client-api-3.3.4.jar has been previously copied to /tmp/spark-ffb0d5d5-ea37-4330-bf28-7d06e6065dfb/userFiles-0178d06b-31a6-48c7-a223-ef76c58b72f4/org.apache.hadoop_hadoop-client-api-3.3.4.jar
[2024-06-27T21:25:20.095+0000] {docker.py:413} INFO - 24/06/27 21:25:20 INFO Executor: Fetching file:///opt/bitnami/spark/.ivy2/jars/commons-logging_commons-logging-1.1.3.jar with timestamp 1719523519591
[2024-06-27T21:25:20.095+0000] {docker.py:413} INFO - 24/06/27 21:25:20 INFO Utils: /opt/bitnami/spark/.ivy2/jars/commons-logging_commons-logging-1.1.3.jar has been previously copied to /tmp/spark-ffb0d5d5-ea37-4330-bf28-7d06e6065dfb/userFiles-0178d06b-31a6-48c7-a223-ef76c58b72f4/commons-logging_commons-logging-1.1.3.jar
[2024-06-27T21:25:20.096+0000] {docker.py:413} INFO - 24/06/27 21:25:20 INFO Executor: Fetching file:///opt/bitnami/spark/.ivy2/jars/org.checkerframework_checker-qual-3.5.0.jar with timestamp 1719523519591
[2024-06-27T21:25:20.097+0000] {docker.py:413} INFO - 24/06/27 21:25:20 INFO Utils: /opt/bitnami/spark/.ivy2/jars/org.checkerframework_checker-qual-3.5.0.jar has been previously copied to /tmp/spark-ffb0d5d5-ea37-4330-bf28-7d06e6065dfb/userFiles-0178d06b-31a6-48c7-a223-ef76c58b72f4/org.checkerframework_checker-qual-3.5.0.jar
[2024-06-27T21:25:20.098+0000] {docker.py:413} INFO - 24/06/27 21:25:20 INFO Executor: Fetching file:///opt/bitnami/spark/.ivy2/jars/org.xerial.snappy_snappy-java-1.1.10.3.jar with timestamp 1719523519591
[2024-06-27T21:25:20.099+0000] {docker.py:413} INFO - 24/06/27 21:25:20 INFO Utils: /opt/bitnami/spark/.ivy2/jars/org.xerial.snappy_snappy-java-1.1.10.3.jar has been previously copied to /tmp/spark-ffb0d5d5-ea37-4330-bf28-7d06e6065dfb/userFiles-0178d06b-31a6-48c7-a223-ef76c58b72f4/org.xerial.snappy_snappy-java-1.1.10.3.jar
[2024-06-27T21:25:20.102+0000] {docker.py:413} INFO - 24/06/27 21:25:20 INFO Executor: Fetching spark://localhost:40913/jars/commons-logging_commons-logging-1.1.3.jar with timestamp 1719523519591
[2024-06-27T21:25:20.124+0000] {docker.py:413} INFO - 24/06/27 21:25:20 INFO TransportClientFactory: Successfully created connection to localhost/127.0.0.1:40913 after 16 ms (0 ms spent in bootstraps)
[2024-06-27T21:25:20.127+0000] {docker.py:413} INFO - 24/06/27 21:25:20 INFO Utils: Fetching spark://localhost:40913/jars/commons-logging_commons-logging-1.1.3.jar to /tmp/spark-ffb0d5d5-ea37-4330-bf28-7d06e6065dfb/userFiles-0178d06b-31a6-48c7-a223-ef76c58b72f4/fetchFileTemp10807189849943634734.tmp
[2024-06-27T21:25:20.145+0000] {docker.py:413} INFO - 24/06/27 21:25:20 INFO Utils: /tmp/spark-ffb0d5d5-ea37-4330-bf28-7d06e6065dfb/userFiles-0178d06b-31a6-48c7-a223-ef76c58b72f4/fetchFileTemp10807189849943634734.tmp has been previously copied to /tmp/spark-ffb0d5d5-ea37-4330-bf28-7d06e6065dfb/userFiles-0178d06b-31a6-48c7-a223-ef76c58b72f4/commons-logging_commons-logging-1.1.3.jar
[2024-06-27T21:25:20.147+0000] {docker.py:413} INFO - 24/06/27 21:25:20 INFO Executor: Adding file:/tmp/spark-ffb0d5d5-ea37-4330-bf28-7d06e6065dfb/userFiles-0178d06b-31a6-48c7-a223-ef76c58b72f4/commons-logging_commons-logging-1.1.3.jar to class loader default
[2024-06-27T21:25:20.148+0000] {docker.py:413} INFO - 24/06/27 21:25:20 INFO Executor: Fetching spark://localhost:40913/jars/org.apache.spark_spark-sql-kafka-0-10_2.12-3.5.0.jar with timestamp 1719523519591
[2024-06-27T21:25:20.148+0000] {docker.py:413} INFO - 24/06/27 21:25:20 INFO Utils: Fetching spark://localhost:40913/jars/org.apache.spark_spark-sql-kafka-0-10_2.12-3.5.0.jar to /tmp/spark-ffb0d5d5-ea37-4330-bf28-7d06e6065dfb/userFiles-0178d06b-31a6-48c7-a223-ef76c58b72f4/fetchFileTemp16248457612465495554.tmp
[2024-06-27T21:25:20.150+0000] {docker.py:413} INFO - 24/06/27 21:25:20 INFO Utils: /tmp/spark-ffb0d5d5-ea37-4330-bf28-7d06e6065dfb/userFiles-0178d06b-31a6-48c7-a223-ef76c58b72f4/fetchFileTemp16248457612465495554.tmp has been previously copied to /tmp/spark-ffb0d5d5-ea37-4330-bf28-7d06e6065dfb/userFiles-0178d06b-31a6-48c7-a223-ef76c58b72f4/org.apache.spark_spark-sql-kafka-0-10_2.12-3.5.0.jar
[2024-06-27T21:25:20.151+0000] {docker.py:413} INFO - 24/06/27 21:25:20 INFO Executor: Adding file:/tmp/spark-ffb0d5d5-ea37-4330-bf28-7d06e6065dfb/userFiles-0178d06b-31a6-48c7-a223-ef76c58b72f4/org.apache.spark_spark-sql-kafka-0-10_2.12-3.5.0.jar to class loader default
[2024-06-27T21:25:20.152+0000] {docker.py:413} INFO - 24/06/27 21:25:20 INFO Executor: Fetching spark://localhost:40913/jars/org.slf4j_slf4j-api-2.0.7.jar with timestamp 1719523519591
[2024-06-27T21:25:20.152+0000] {docker.py:413} INFO - 24/06/27 21:25:20 INFO Utils: Fetching spark://localhost:40913/jars/org.slf4j_slf4j-api-2.0.7.jar to /tmp/spark-ffb0d5d5-ea37-4330-bf28-7d06e6065dfb/userFiles-0178d06b-31a6-48c7-a223-ef76c58b72f4/fetchFileTemp15608306060966625693.tmp
[2024-06-27T21:25:20.152+0000] {docker.py:413} INFO - 24/06/27 21:25:20 INFO Utils: /tmp/spark-ffb0d5d5-ea37-4330-bf28-7d06e6065dfb/userFiles-0178d06b-31a6-48c7-a223-ef76c58b72f4/fetchFileTemp15608306060966625693.tmp has been previously copied to /tmp/spark-ffb0d5d5-ea37-4330-bf28-7d06e6065dfb/userFiles-0178d06b-31a6-48c7-a223-ef76c58b72f4/org.slf4j_slf4j-api-2.0.7.jar
[2024-06-27T21:25:20.155+0000] {docker.py:413} INFO - 24/06/27 21:25:20 INFO Executor: Adding file:/tmp/spark-ffb0d5d5-ea37-4330-bf28-7d06e6065dfb/userFiles-0178d06b-31a6-48c7-a223-ef76c58b72f4/org.slf4j_slf4j-api-2.0.7.jar to class loader default
[2024-06-27T21:25:20.156+0000] {docker.py:413} INFO - 24/06/27 21:25:20 INFO Executor: Fetching spark://localhost:40913/jars/org.postgresql_postgresql-42.5.4.jar with timestamp 1719523519591
[2024-06-27T21:25:20.156+0000] {docker.py:413} INFO - 24/06/27 21:25:20 INFO Utils: Fetching spark://localhost:40913/jars/org.postgresql_postgresql-42.5.4.jar to /tmp/spark-ffb0d5d5-ea37-4330-bf28-7d06e6065dfb/userFiles-0178d06b-31a6-48c7-a223-ef76c58b72f4/fetchFileTemp15688128223565993711.tmp
[2024-06-27T21:25:20.160+0000] {docker.py:413} INFO - 24/06/27 21:25:20 INFO Utils: /tmp/spark-ffb0d5d5-ea37-4330-bf28-7d06e6065dfb/userFiles-0178d06b-31a6-48c7-a223-ef76c58b72f4/fetchFileTemp15688128223565993711.tmp has been previously copied to /tmp/spark-ffb0d5d5-ea37-4330-bf28-7d06e6065dfb/userFiles-0178d06b-31a6-48c7-a223-ef76c58b72f4/org.postgresql_postgresql-42.5.4.jar
[2024-06-27T21:25:20.161+0000] {docker.py:413} INFO - 24/06/27 21:25:20 INFO Executor: Adding file:/tmp/spark-ffb0d5d5-ea37-4330-bf28-7d06e6065dfb/userFiles-0178d06b-31a6-48c7-a223-ef76c58b72f4/org.postgresql_postgresql-42.5.4.jar to class loader default
[2024-06-27T21:25:20.161+0000] {docker.py:413} INFO - 24/06/27 21:25:20 INFO Executor: Fetching spark://localhost:40913/jars/org.apache.hadoop_hadoop-client-runtime-3.3.4.jar with timestamp 1719523519591
[2024-06-27T21:25:20.162+0000] {docker.py:413} INFO - 24/06/27 21:25:20 INFO Utils: Fetching spark://localhost:40913/jars/org.apache.hadoop_hadoop-client-runtime-3.3.4.jar to /tmp/spark-ffb0d5d5-ea37-4330-bf28-7d06e6065dfb/userFiles-0178d06b-31a6-48c7-a223-ef76c58b72f4/fetchFileTemp11458683893544098389.tmp
[2024-06-27T21:25:20.222+0000] {docker.py:413} INFO - 24/06/27 21:25:20 INFO Utils: /tmp/spark-ffb0d5d5-ea37-4330-bf28-7d06e6065dfb/userFiles-0178d06b-31a6-48c7-a223-ef76c58b72f4/fetchFileTemp11458683893544098389.tmp has been previously copied to /tmp/spark-ffb0d5d5-ea37-4330-bf28-7d06e6065dfb/userFiles-0178d06b-31a6-48c7-a223-ef76c58b72f4/org.apache.hadoop_hadoop-client-runtime-3.3.4.jar
[2024-06-27T21:25:20.226+0000] {docker.py:413} INFO - 24/06/27 21:25:20 INFO Executor: Adding file:/tmp/spark-ffb0d5d5-ea37-4330-bf28-7d06e6065dfb/userFiles-0178d06b-31a6-48c7-a223-ef76c58b72f4/org.apache.hadoop_hadoop-client-runtime-3.3.4.jar to class loader default
[2024-06-27T21:25:20.229+0000] {docker.py:413} INFO - 24/06/27 21:25:20 INFO Executor: Fetching spark://localhost:40913/jars/org.xerial.snappy_snappy-java-1.1.10.3.jar with timestamp 1719523519591
[2024-06-27T21:25:20.229+0000] {docker.py:413} INFO - 24/06/27 21:25:20 INFO Utils: Fetching spark://localhost:40913/jars/org.xerial.snappy_snappy-java-1.1.10.3.jar to /tmp/spark-ffb0d5d5-ea37-4330-bf28-7d06e6065dfb/userFiles-0178d06b-31a6-48c7-a223-ef76c58b72f4/fetchFileTemp9622536641337631841.tmp
[2024-06-27T21:25:20.231+0000] {docker.py:413} INFO - 24/06/27 21:25:20 INFO Utils: /tmp/spark-ffb0d5d5-ea37-4330-bf28-7d06e6065dfb/userFiles-0178d06b-31a6-48c7-a223-ef76c58b72f4/fetchFileTemp9622536641337631841.tmp has been previously copied to /tmp/spark-ffb0d5d5-ea37-4330-bf28-7d06e6065dfb/userFiles-0178d06b-31a6-48c7-a223-ef76c58b72f4/org.xerial.snappy_snappy-java-1.1.10.3.jar
[2024-06-27T21:25:20.232+0000] {docker.py:413} INFO - 24/06/27 21:25:20 INFO Executor: Adding file:/tmp/spark-ffb0d5d5-ea37-4330-bf28-7d06e6065dfb/userFiles-0178d06b-31a6-48c7-a223-ef76c58b72f4/org.xerial.snappy_snappy-java-1.1.10.3.jar to class loader default
[2024-06-27T21:25:20.233+0000] {docker.py:413} INFO - 24/06/27 21:25:20 INFO Executor: Fetching spark://localhost:40913/jars/org.apache.spark_spark-token-provider-kafka-0-10_2.12-3.5.0.jar with timestamp 1719523519591
[2024-06-27T21:25:20.233+0000] {docker.py:413} INFO - 24/06/27 21:25:20 INFO Utils: Fetching spark://localhost:40913/jars/org.apache.spark_spark-token-provider-kafka-0-10_2.12-3.5.0.jar to /tmp/spark-ffb0d5d5-ea37-4330-bf28-7d06e6065dfb/userFiles-0178d06b-31a6-48c7-a223-ef76c58b72f4/fetchFileTemp471430669317974364.tmp
[2024-06-27T21:25:20.234+0000] {docker.py:413} INFO - 24/06/27 21:25:20 INFO Utils: /tmp/spark-ffb0d5d5-ea37-4330-bf28-7d06e6065dfb/userFiles-0178d06b-31a6-48c7-a223-ef76c58b72f4/fetchFileTemp471430669317974364.tmp has been previously copied to /tmp/spark-ffb0d5d5-ea37-4330-bf28-7d06e6065dfb/userFiles-0178d06b-31a6-48c7-a223-ef76c58b72f4/org.apache.spark_spark-token-provider-kafka-0-10_2.12-3.5.0.jar
[2024-06-27T21:25:20.235+0000] {docker.py:413} INFO - 24/06/27 21:25:20 INFO Executor: Adding file:/tmp/spark-ffb0d5d5-ea37-4330-bf28-7d06e6065dfb/userFiles-0178d06b-31a6-48c7-a223-ef76c58b72f4/org.apache.spark_spark-token-provider-kafka-0-10_2.12-3.5.0.jar to class loader default
[2024-06-27T21:25:20.236+0000] {docker.py:413} INFO - 24/06/27 21:25:20 INFO Executor: Fetching spark://localhost:40913/jars/org.apache.hadoop_hadoop-client-api-3.3.4.jar with timestamp 1719523519591
[2024-06-27T21:25:20.236+0000] {docker.py:413} INFO - 24/06/27 21:25:20 INFO Utils: Fetching spark://localhost:40913/jars/org.apache.hadoop_hadoop-client-api-3.3.4.jar to /tmp/spark-ffb0d5d5-ea37-4330-bf28-7d06e6065dfb/userFiles-0178d06b-31a6-48c7-a223-ef76c58b72f4/fetchFileTemp360054824121762328.tmp
[2024-06-27T21:25:20.265+0000] {docker.py:413} INFO - 24/06/27 21:25:20 INFO Utils: /tmp/spark-ffb0d5d5-ea37-4330-bf28-7d06e6065dfb/userFiles-0178d06b-31a6-48c7-a223-ef76c58b72f4/fetchFileTemp360054824121762328.tmp has been previously copied to /tmp/spark-ffb0d5d5-ea37-4330-bf28-7d06e6065dfb/userFiles-0178d06b-31a6-48c7-a223-ef76c58b72f4/org.apache.hadoop_hadoop-client-api-3.3.4.jar
[2024-06-27T21:25:20.269+0000] {docker.py:413} INFO - 24/06/27 21:25:20 INFO Executor: Adding file:/tmp/spark-ffb0d5d5-ea37-4330-bf28-7d06e6065dfb/userFiles-0178d06b-31a6-48c7-a223-ef76c58b72f4/org.apache.hadoop_hadoop-client-api-3.3.4.jar to class loader default
24/06/27 21:25:20 INFO Executor: Fetching spark://localhost:40913/jars/org.checkerframework_checker-qual-3.5.0.jar with timestamp 1719523519591
[2024-06-27T21:25:20.269+0000] {docker.py:413} INFO - 24/06/27 21:25:20 INFO Utils: Fetching spark://localhost:40913/jars/org.checkerframework_checker-qual-3.5.0.jar to /tmp/spark-ffb0d5d5-ea37-4330-bf28-7d06e6065dfb/userFiles-0178d06b-31a6-48c7-a223-ef76c58b72f4/fetchFileTemp16263873153975121786.tmp
[2024-06-27T21:25:20.269+0000] {docker.py:413} INFO - 24/06/27 21:25:20 INFO Utils: /tmp/spark-ffb0d5d5-ea37-4330-bf28-7d06e6065dfb/userFiles-0178d06b-31a6-48c7-a223-ef76c58b72f4/fetchFileTemp16263873153975121786.tmp has been previously copied to /tmp/spark-ffb0d5d5-ea37-4330-bf28-7d06e6065dfb/userFiles-0178d06b-31a6-48c7-a223-ef76c58b72f4/org.checkerframework_checker-qual-3.5.0.jar
[2024-06-27T21:25:20.271+0000] {docker.py:413} INFO - 24/06/27 21:25:20 INFO Executor: Adding file:/tmp/spark-ffb0d5d5-ea37-4330-bf28-7d06e6065dfb/userFiles-0178d06b-31a6-48c7-a223-ef76c58b72f4/org.checkerframework_checker-qual-3.5.0.jar to class loader default
[2024-06-27T21:25:20.271+0000] {docker.py:413} INFO - 24/06/27 21:25:20 INFO Executor: Fetching spark://localhost:40913/jars/org.apache.commons_commons-pool2-2.11.1.jar with timestamp 1719523519591
[2024-06-27T21:25:20.272+0000] {docker.py:413} INFO - 24/06/27 21:25:20 INFO Utils: Fetching spark://localhost:40913/jars/org.apache.commons_commons-pool2-2.11.1.jar to /tmp/spark-ffb0d5d5-ea37-4330-bf28-7d06e6065dfb/userFiles-0178d06b-31a6-48c7-a223-ef76c58b72f4/fetchFileTemp10411029545010896559.tmp
[2024-06-27T21:25:20.272+0000] {docker.py:413} INFO - 24/06/27 21:25:20 INFO Utils: /tmp/spark-ffb0d5d5-ea37-4330-bf28-7d06e6065dfb/userFiles-0178d06b-31a6-48c7-a223-ef76c58b72f4/fetchFileTemp10411029545010896559.tmp has been previously copied to /tmp/spark-ffb0d5d5-ea37-4330-bf28-7d06e6065dfb/userFiles-0178d06b-31a6-48c7-a223-ef76c58b72f4/org.apache.commons_commons-pool2-2.11.1.jar
[2024-06-27T21:25:20.274+0000] {docker.py:413} INFO - 24/06/27 21:25:20 INFO Executor: Adding file:/tmp/spark-ffb0d5d5-ea37-4330-bf28-7d06e6065dfb/userFiles-0178d06b-31a6-48c7-a223-ef76c58b72f4/org.apache.commons_commons-pool2-2.11.1.jar to class loader default
[2024-06-27T21:25:20.274+0000] {docker.py:413} INFO - 24/06/27 21:25:20 INFO Executor: Fetching spark://localhost:40913/jars/org.lz4_lz4-java-1.8.0.jar with timestamp 1719523519591
[2024-06-27T21:25:20.274+0000] {docker.py:413} INFO - 24/06/27 21:25:20 INFO Utils: Fetching spark://localhost:40913/jars/org.lz4_lz4-java-1.8.0.jar to /tmp/spark-ffb0d5d5-ea37-4330-bf28-7d06e6065dfb/userFiles-0178d06b-31a6-48c7-a223-ef76c58b72f4/fetchFileTemp4269175126533305532.tmp
[2024-06-27T21:25:20.276+0000] {docker.py:413} INFO - 24/06/27 21:25:20 INFO Utils: /tmp/spark-ffb0d5d5-ea37-4330-bf28-7d06e6065dfb/userFiles-0178d06b-31a6-48c7-a223-ef76c58b72f4/fetchFileTemp4269175126533305532.tmp has been previously copied to /tmp/spark-ffb0d5d5-ea37-4330-bf28-7d06e6065dfb/userFiles-0178d06b-31a6-48c7-a223-ef76c58b72f4/org.lz4_lz4-java-1.8.0.jar
[2024-06-27T21:25:20.279+0000] {docker.py:413} INFO - 24/06/27 21:25:20 INFO Executor: Adding file:/tmp/spark-ffb0d5d5-ea37-4330-bf28-7d06e6065dfb/userFiles-0178d06b-31a6-48c7-a223-ef76c58b72f4/org.lz4_lz4-java-1.8.0.jar to class loader default
[2024-06-27T21:25:20.280+0000] {docker.py:413} INFO - 24/06/27 21:25:20 INFO Executor: Fetching spark://localhost:40913/jars/com.google.code.findbugs_jsr305-3.0.0.jar with timestamp 1719523519591
[2024-06-27T21:25:20.280+0000] {docker.py:413} INFO - 24/06/27 21:25:20 INFO Utils: Fetching spark://localhost:40913/jars/com.google.code.findbugs_jsr305-3.0.0.jar to /tmp/spark-ffb0d5d5-ea37-4330-bf28-7d06e6065dfb/userFiles-0178d06b-31a6-48c7-a223-ef76c58b72f4/fetchFileTemp1808468202000745693.tmp
[2024-06-27T21:25:20.281+0000] {docker.py:413} INFO - 24/06/27 21:25:20 INFO Utils: /tmp/spark-ffb0d5d5-ea37-4330-bf28-7d06e6065dfb/userFiles-0178d06b-31a6-48c7-a223-ef76c58b72f4/fetchFileTemp1808468202000745693.tmp has been previously copied to /tmp/spark-ffb0d5d5-ea37-4330-bf28-7d06e6065dfb/userFiles-0178d06b-31a6-48c7-a223-ef76c58b72f4/com.google.code.findbugs_jsr305-3.0.0.jar
[2024-06-27T21:25:20.282+0000] {docker.py:413} INFO - 24/06/27 21:25:20 INFO Executor: Adding file:/tmp/spark-ffb0d5d5-ea37-4330-bf28-7d06e6065dfb/userFiles-0178d06b-31a6-48c7-a223-ef76c58b72f4/com.google.code.findbugs_jsr305-3.0.0.jar to class loader default
[2024-06-27T21:25:20.282+0000] {docker.py:413} INFO - 24/06/27 21:25:20 INFO Executor: Fetching spark://localhost:40913/jars/org.apache.kafka_kafka-clients-3.4.1.jar with timestamp 1719523519591
[2024-06-27T21:25:20.283+0000] {docker.py:413} INFO - 24/06/27 21:25:20 INFO Utils: Fetching spark://localhost:40913/jars/org.apache.kafka_kafka-clients-3.4.1.jar to /tmp/spark-ffb0d5d5-ea37-4330-bf28-7d06e6065dfb/userFiles-0178d06b-31a6-48c7-a223-ef76c58b72f4/fetchFileTemp8787924933991736395.tmp
[2024-06-27T21:25:20.299+0000] {docker.py:413} INFO - 24/06/27 21:25:20 INFO Utils: /tmp/spark-ffb0d5d5-ea37-4330-bf28-7d06e6065dfb/userFiles-0178d06b-31a6-48c7-a223-ef76c58b72f4/fetchFileTemp8787924933991736395.tmp has been previously copied to /tmp/spark-ffb0d5d5-ea37-4330-bf28-7d06e6065dfb/userFiles-0178d06b-31a6-48c7-a223-ef76c58b72f4/org.apache.kafka_kafka-clients-3.4.1.jar
[2024-06-27T21:25:20.303+0000] {docker.py:413} INFO - 24/06/27 21:25:20 INFO Executor: Adding file:/tmp/spark-ffb0d5d5-ea37-4330-bf28-7d06e6065dfb/userFiles-0178d06b-31a6-48c7-a223-ef76c58b72f4/org.apache.kafka_kafka-clients-3.4.1.jar to class loader default
[2024-06-27T21:25:20.311+0000] {docker.py:413} INFO - 24/06/27 21:25:20 INFO Utils: Successfully started service 'org.apache.spark.network.netty.NettyBlockTransferService' on port 34545.
[2024-06-27T21:25:20.311+0000] {docker.py:413} INFO - 24/06/27 21:25:20 INFO NettyBlockTransferService: Server created on localhost:34545
[2024-06-27T21:25:20.312+0000] {docker.py:413} INFO - 24/06/27 21:25:20 INFO BlockManager: Using org.apache.spark.storage.RandomBlockReplicationPolicy for block replication policy
[2024-06-27T21:25:20.316+0000] {docker.py:413} INFO - 24/06/27 21:25:20 INFO BlockManagerMaster: Registering BlockManager BlockManagerId(driver, localhost, 34545, None)
[2024-06-27T21:25:20.318+0000] {docker.py:413} INFO - 24/06/27 21:25:20 INFO BlockManagerMasterEndpoint: Registering block manager localhost:34545 with 434.4 MiB RAM, BlockManagerId(driver, localhost, 34545, None)
[2024-06-27T21:25:20.319+0000] {docker.py:413} INFO - 24/06/27 21:25:20 INFO BlockManagerMaster: Registered BlockManager BlockManagerId(driver, localhost, 34545, None)
[2024-06-27T21:25:20.320+0000] {docker.py:413} INFO - 24/06/27 21:25:20 INFO BlockManager: Initialized BlockManager: BlockManagerId(driver, localhost, 34545, None)
[2024-06-27T21:25:20.535+0000] {docker.py:413} INFO - 2024-06-27 21:25:20,534:create_spark_session:INFO:Spark session created successfully
[2024-06-27T21:25:20.539+0000] {docker.py:413} INFO - 24/06/27 21:25:20 INFO SharedState: Setting hive.metastore.warehouse.dir ('null') to the value of spark.sql.warehouse.dir.
[2024-06-27T21:25:20.540+0000] {docker.py:413} INFO - 24/06/27 21:25:20 INFO SharedState: Warehouse path is 'file:/opt/bitnami/spark/spark-warehouse'.
[2024-06-27T21:25:21.283+0000] {docker.py:413} INFO - 2024-06-27 21:25:21,282:create_initial_dataframe:INFO:Initial dataframe created successfully
[2024-06-27T21:25:26.571+0000] {docker.py:413} INFO - Traceback (most recent call last):
  File "/opt/bitnami/spark/spark_streaming.py", line 103, in <module>
[2024-06-27T21:25:26.571+0000] {docker.py:413} INFO - write_to_postgres()
  File "/opt/bitnami/spark/spark_streaming.py", line 99, in write_to_postgres
[2024-06-27T21:25:26.572+0000] {docker.py:413} INFO - start_streaming(df_final, spark=spark)
  File "/opt/bitnami/spark/spark_streaming.py", line 71, in start_streaming
    existing_data_df = spark.read.jdbc(
                       ^^^^^^^^^^^^^^^^
  File "/opt/bitnami/spark/python/lib/pyspark.zip/pyspark/sql/readwriter.py", line 946, in jdbc
[2024-06-27T21:25:26.572+0000] {docker.py:413} INFO - File "/opt/bitnami/spark/python/lib/py4j-0.10.9.7-src.zip/py4j/java_gateway.py", line 1322, in __call__
[2024-06-27T21:25:26.573+0000] {docker.py:413} INFO - File "/opt/bitnami/spark/python/lib/pyspark.zip/pyspark/errors/exceptions/captured.py", line 179, in deco
[2024-06-27T21:25:26.573+0000] {docker.py:413} INFO - File "/opt/bitnami/spark/python/lib/py4j-0.10.9.7-src.zip/py4j/protocol.py", line 326, in get_return_value
[2024-06-27T21:25:26.573+0000] {docker.py:413} INFO - py4j.protocol.Py4JJavaError
[2024-06-27T21:25:26.574+0000] {docker.py:413} INFO - : An error occurred while calling o50.jdbc.
: org.postgresql.util.PSQLException: The connection attempt failed.
	at org.postgresql.core.v3.ConnectionFactoryImpl.openConnectionImpl(ConnectionFactoryImpl.java:354)
	at org.postgresql.core.ConnectionFactory.openConnection(ConnectionFactory.java:54)
	at org.postgresql.jdbc.PgConnection.<init>(PgConnection.java:253)
	at org.postgresql.Driver.makeConnection(Driver.java:434)
	at org.postgresql.Driver.connect(Driver.java:291)
	at org.apache.spark.sql.execution.datasources.jdbc.connection.BasicConnectionProvider.getConnection(BasicConnectionProvider.scala:49)
	at org.apache.spark.sql.execution.datasources.jdbc.connection.ConnectionProviderBase.create(ConnectionProvider.scala:102)
	at org.apache.spark.sql.jdbc.JdbcDialect.$anonfun$createConnectionFactory$1(JdbcDialects.scala:160)
	at org.apache.spark.sql.jdbc.JdbcDialect.$anonfun$createConnectionFactory$1$adapted(JdbcDialects.scala:156)
	at org.apache.spark.sql.execution.datasources.jdbc.JDBCRDD$.getQueryOutputSchema(JDBCRDD.scala:63)
	at org.apache.spark.sql.execution.datasources.jdbc.JDBCRDD$.resolveTable(JDBCRDD.scala:58)
	at org.apache.spark.sql.execution.datasources.jdbc.JDBCRelation$.getSchema(JDBCRelation.scala:241)
	at org.apache.spark.sql.execution.datasources.jdbc.JdbcRelationProvider.createRelation(JdbcRelationProvider.scala:37)
	at org.apache.spark.sql.execution.datasources.DataSource.resolveRelation(DataSource.scala:346)
	at org.apache.spark.sql.DataFrameReader.loadV1Source(DataFrameReader.scala:229)
	at org.apache.spark.sql.DataFrameReader.$anonfun$load$2(DataFrameReader.scala:211)
	at scala.Option.getOrElse(Option.scala:189)
	at org.apache.spark.sql.DataFrameReader.load(DataFrameReader.scala:211)
	at org.apache.spark.sql.DataFrameReader.load(DataFrameReader.scala:172)
	at org.apache.spark.sql.DataFrameReader.jdbc(DataFrameReader.scala:249)
	at java.base/jdk.internal.reflect.NativeMethodAccessorImpl.invoke0(Native Method)
	at java.base/jdk.internal.reflect.NativeMethodAccessorImpl.invoke(NativeMethodAccessorImpl.java:77)
	at java.base/jdk.internal.reflect.DelegatingMethodAccessorImpl.invoke(DelegatingMethodAccessorImpl.java:43)
	at java.base/java.lang.reflect.Method.invoke(Method.java:568)
	at py4j.reflection.MethodInvoker.invoke(MethodInvoker.java:244)
	at py4j.reflection.ReflectionEngine.invoke(ReflectionEngine.java:374)
	at py4j.Gateway.invoke(Gateway.java:282)
	at py4j.commands.AbstractCommand.invokeMethod(AbstractCommand.java:132)
	at py4j.commands.CallCommand.execute(CallCommand.java:79)
	at py4j.ClientServerConnection.waitForCommands(ClientServerConnection.java:182)
	at py4j.ClientServerConnection.run(ClientServerConnection.java:106)
	at java.base/java.lang.Thread.run(Thread.java:840)
Caused by: java.net.SocketTimeoutException: Read timed out
	at java.base/sun.nio.ch.NioSocketImpl.timedRead(NioSocketImpl.java:288)
	at java.base/sun.nio.ch.NioSocketImpl.implRead(NioSocketImpl.java:314)
	at java.base/sun.nio.ch.NioSocketImpl.read(NioSocketImpl.java:355)
	at java.base/sun.nio.ch.NioSocketImpl$1.read(NioSocketImpl.java:808)
	at java.base/java.net.Socket$SocketInputStream.read(Socket.java:966)
	at org.postgresql.core.VisibleBufferedInputStream.readMore(VisibleBufferedInputStream.java:161)
	at org.postgresql.core.VisibleBufferedInputStream.ensureBytes(VisibleBufferedInputStream.java:128)
	at org.postgresql.core.VisibleBufferedInputStream.ensureBytes(VisibleBufferedInputStream.java:113)
	at org.postgresql.core.VisibleBufferedInputStream.read(VisibleBufferedInputStream.java:73)
	at org.postgresql.core.PGStream.receiveChar(PGStream.java:465)
	at org.postgresql.core.v3.ConnectionFactoryImpl.enableSSL(ConnectionFactoryImpl.java:589)
	at org.postgresql.core.v3.ConnectionFactoryImpl.tryConnect(ConnectionFactoryImpl.java:191)
	at org.postgresql.core.v3.ConnectionFactoryImpl.openConnectionImpl(ConnectionFactoryImpl.java:258)
	... 31 more
[2024-06-27T21:25:26.574+0000] {docker.py:413} INFO - 2024-06-27 21:25:26,571:close:INFO:Closing down clientserver connection
[2024-06-27T21:25:26.594+0000] {docker.py:413} INFO - 24/06/27 21:25:26 INFO SparkContext: Invoking stop() from shutdown hook
[2024-06-27T21:25:26.595+0000] {docker.py:413} INFO - 24/06/27 21:25:26 INFO SparkContext: SparkContext is stopping with exitCode 0.
[2024-06-27T21:25:26.601+0000] {docker.py:413} INFO - 24/06/27 21:25:26 INFO SparkUI: Stopped Spark web UI at http://localhost:4040
[2024-06-27T21:25:26.606+0000] {docker.py:413} INFO - 24/06/27 21:25:26 INFO MapOutputTrackerMasterEndpoint: MapOutputTrackerMasterEndpoint stopped!
[2024-06-27T21:25:26.613+0000] {docker.py:413} INFO - 24/06/27 21:25:26 INFO MemoryStore: MemoryStore cleared
[2024-06-27T21:25:26.613+0000] {docker.py:413} INFO - 24/06/27 21:25:26 INFO BlockManager: BlockManager stopped
[2024-06-27T21:25:26.616+0000] {docker.py:413} INFO - 24/06/27 21:25:26 INFO BlockManagerMaster: BlockManagerMaster stopped
[2024-06-27T21:25:26.617+0000] {docker.py:413} INFO - 24/06/27 21:25:26 INFO OutputCommitCoordinator$OutputCommitCoordinatorEndpoint: OutputCommitCoordinator stopped!
[2024-06-27T21:25:26.624+0000] {docker.py:413} INFO - 24/06/27 21:25:26 INFO SparkContext: Successfully stopped SparkContext
[2024-06-27T21:25:26.625+0000] {docker.py:413} INFO - 24/06/27 21:25:26 INFO ShutdownHookManager: Shutdown hook called
[2024-06-27T21:25:26.626+0000] {docker.py:413} INFO - 24/06/27 21:25:26 INFO ShutdownHookManager: Deleting directory /tmp/spark-9922e144-c721-4074-b4f0-925d2cf25857
[2024-06-27T21:25:26.627+0000] {docker.py:413} INFO - 24/06/27 21:25:26 INFO ShutdownHookManager: Deleting directory /tmp/spark-ffb0d5d5-ea37-4330-bf28-7d06e6065dfb/pyspark-ebc3dceb-eb30-4af6-b320-955324dba703
[2024-06-27T21:25:26.628+0000] {docker.py:413} INFO - 24/06/27 21:25:26 INFO ShutdownHookManager: Deleting directory /tmp/spark-ffb0d5d5-ea37-4330-bf28-7d06e6065dfb
[2024-06-27T21:25:26.793+0000] {taskinstance.py:1937} ERROR - Task failed with exception
Traceback (most recent call last):
  File "/home/airflow/.local/lib/python3.8/site-packages/docker/api/client.py", line 268, in _raise_for_status
    response.raise_for_status()
  File "/home/airflow/.local/lib/python3.8/site-packages/requests/models.py", line 1021, in raise_for_status
    raise HTTPError(http_error_msg, response=self)
requests.exceptions.HTTPError: 400 Client Error: Bad Request for url: http://docker-proxy:2375/v1.44/containers/create

The above exception was the direct cause of the following exception:

Traceback (most recent call last):
  File "/home/airflow/.local/lib/python3.8/site-packages/airflow/providers/docker/operators/docker.py", line 348, in _run_image
    return self._run_image_with_mounts([*self.mounts, tmp_mount], add_tmp_variable=True)
  File "/home/airflow/.local/lib/python3.8/site-packages/airflow/providers/docker/operators/docker.py", line 375, in _run_image_with_mounts
    self.container = self.cli.create_container(
  File "/home/airflow/.local/lib/python3.8/site-packages/docker/api/container.py", line 431, in create_container
    return self.create_container_from_config(config, name, platform)
  File "/home/airflow/.local/lib/python3.8/site-packages/docker/api/container.py", line 448, in create_container_from_config
    return self._result(res, True)
  File "/home/airflow/.local/lib/python3.8/site-packages/docker/api/client.py", line 274, in _result
    self._raise_for_status(response)
  File "/home/airflow/.local/lib/python3.8/site-packages/docker/api/client.py", line 270, in _raise_for_status
    raise create_api_error_from_http_exception(e) from e
  File "/home/airflow/.local/lib/python3.8/site-packages/docker/errors.py", line 39, in create_api_error_from_http_exception
    raise cls(e, response=response, explanation=explanation) from e
docker.errors.APIError: 400 Client Error for http://docker-proxy:2375/v1.44/containers/create: Bad Request ("invalid mount config for type "bind": bind source path does not exist: /host_mnt/private/tmp/airflowtmp26ihrc_z")

During handling of the above exception, another exception occurred:

Traceback (most recent call last):
  File "/home/airflow/.local/lib/python3.8/site-packages/airflow/providers/docker/operators/docker.py", line 486, in execute
    return self._run_image()
  File "/home/airflow/.local/lib/python3.8/site-packages/airflow/providers/docker/operators/docker.py", line 357, in _run_image
    return self._run_image_with_mounts(self.mounts, add_tmp_variable=False)
  File "/home/airflow/.local/lib/python3.8/site-packages/airflow/providers/docker/operators/docker.py", line 421, in _run_image_with_mounts
    raise DockerContainerFailedException(f"Docker container failed: {result!r}", logs=log_lines)
airflow.providers.docker.exceptions.DockerContainerFailedException: Docker container failed: {'StatusCode': 1}
[2024-06-27T21:25:26.796+0000] {taskinstance.py:1400} INFO - Marking task as UP_FOR_RETRY. dag_id=kafka_spark_dag, task_id=pyspark_consumer, execution_date=20240626T212443, start_date=20240627T212506, end_date=20240627T212526
[2024-06-27T21:25:26.806+0000] {standard_task_runner.py:104} ERROR - Failed to execute job 161 for task pyspark_consumer (Docker container failed: {'StatusCode': 1}; 903)
[2024-06-27T21:25:26.834+0000] {local_task_job_runner.py:228} INFO - Task exited with return code 1
[2024-06-27T21:25:26.843+0000] {taskinstance.py:2778} INFO - 0 downstream tasks scheduled from follow-on schedule check
