[2024-06-27T08:07:22.281+0000] {taskinstance.py:1159} INFO - Dependencies all met for dep_context=non-requeueable deps ti=<TaskInstance: kafka_spark_dag.pyspark_consumer scheduled__2024-06-26T08:06:28.463099+00:00 [queued]>
[2024-06-27T08:07:22.285+0000] {taskinstance.py:1159} INFO - Dependencies all met for dep_context=requeueable deps ti=<TaskInstance: kafka_spark_dag.pyspark_consumer scheduled__2024-06-26T08:06:28.463099+00:00 [queued]>
[2024-06-27T08:07:22.285+0000] {taskinstance.py:1361} INFO - Starting attempt 2 of 2
[2024-06-27T08:07:22.293+0000] {taskinstance.py:1382} INFO - Executing <Task(DockerOperator): pyspark_consumer> on 2024-06-26 08:06:28.463099+00:00
[2024-06-27T08:07:22.296+0000] {standard_task_runner.py:57} INFO - Started process 668 to run task
[2024-06-27T08:07:22.298+0000] {standard_task_runner.py:84} INFO - Running: ['***', 'tasks', 'run', 'kafka_spark_dag', 'pyspark_consumer', 'scheduled__2024-06-26T08:06:28.463099+00:00', '--job-id', '125', '--raw', '--subdir', 'DAGS_FOLDER/dag_kafka_spark.py', '--cfg-path', '/tmp/tmpeg7ytqon']
[2024-06-27T08:07:22.299+0000] {standard_task_runner.py:85} INFO - Job 125: Subtask pyspark_consumer
[2024-06-27T08:07:22.324+0000] {task_command.py:416} INFO - Running <TaskInstance: kafka_spark_dag.pyspark_consumer scheduled__2024-06-26T08:06:28.463099+00:00 [running]> on host cd176cdca805
[2024-06-27T08:07:22.359+0000] {taskinstance.py:1662} INFO - Exporting env vars: AIRFLOW_CTX_DAG_OWNER='***' AIRFLOW_CTX_DAG_ID='kafka_spark_dag' AIRFLOW_CTX_TASK_ID='pyspark_consumer' AIRFLOW_CTX_EXECUTION_DATE='2024-06-26T08:06:28.463099+00:00' AIRFLOW_CTX_TRY_NUMBER='2' AIRFLOW_CTX_DAG_RUN_ID='scheduled__2024-06-26T08:06:28.463099+00:00'
[2024-06-27T08:07:22.417+0000] {docker.py:343} INFO - Starting docker container from image current-headlines/spark:latest
[2024-06-27T08:07:22.423+0000] {docker.py:351} WARNING - Using remote engine or docker-in-docker and mounting temporary volume from host is not supported. Falling back to `mount_tmp_dir=False` mode. You can set `mount_tmp_dir` parameter to False to disable mounting and remove the warning
[2024-06-27T08:07:22.573+0000] {docker.py:413} INFO - [38;5;6mspark [38;5;5m08:07:22.57 [0m[38;5;2mINFO [0m ==>
[2024-06-27T08:07:22.574+0000] {docker.py:413} INFO - [38;5;6mspark [38;5;5m08:07:22.57 [0m[38;5;2mINFO [0m ==> [1mWelcome to the Bitnami spark container[0m
[2024-06-27T08:07:22.574+0000] {docker.py:413} INFO - [38;5;6mspark [38;5;5m08:07:22.57 [0m[38;5;2mINFO [0m ==> Subscribe to project updates by watching [1mhttps://github.com/bitnami/containers[0m
[2024-06-27T08:07:22.575+0000] {docker.py:413} INFO - [38;5;6mspark [38;5;5m08:07:22.57 [0m[38;5;2mINFO [0m ==> Submit issues and feature requests at [1mhttps://github.com/bitnami/containers/issues[0m
[2024-06-27T08:07:22.575+0000] {docker.py:413} INFO - [38;5;6mspark [38;5;5m08:07:22.57 [0m[38;5;2mINFO [0m ==>
[2024-06-27T08:07:22.578+0000] {docker.py:413} INFO - 
[2024-06-27T08:07:23.422+0000] {docker.py:413} INFO - :: loading settings :: url = jar:file:/opt/bitnami/spark/jars/ivy-2.5.1.jar!/org/apache/ivy/core/settings/ivysettings.xml
[2024-06-27T08:07:23.452+0000] {docker.py:413} INFO - Ivy Default Cache set to: /opt/bitnami/spark/.ivy2/cache
The jars for the packages stored in: /opt/bitnami/spark/.ivy2/jars
[2024-06-27T08:07:23.455+0000] {docker.py:413} INFO - org.postgresql#postgresql added as a dependency
org.apache.spark#spark-sql-kafka-0-10_2.12 added as a dependency
[2024-06-27T08:07:23.455+0000] {docker.py:413} INFO - :: resolving dependencies :: org.apache.spark#spark-submit-parent-fc2584b0-8710-4c61-986e-c94c06dfbccb;1.0
	confs: [default]
[2024-06-27T08:07:23.734+0000] {docker.py:413} INFO - found org.postgresql#postgresql;42.5.4 in central
[2024-06-27T08:07:23.765+0000] {docker.py:413} INFO - found org.checkerframework#checker-qual;3.5.0 in central
[2024-06-27T08:07:24.037+0000] {docker.py:413} INFO - found org.apache.spark#spark-sql-kafka-0-10_2.12;3.5.0 in central
[2024-06-27T08:07:24.151+0000] {docker.py:413} INFO - found org.apache.spark#spark-token-provider-kafka-0-10_2.12;3.5.0 in central
[2024-06-27T08:07:24.183+0000] {docker.py:413} INFO - found org.apache.kafka#kafka-clients;3.4.1 in central
[2024-06-27T08:07:24.216+0000] {docker.py:413} INFO - found org.lz4#lz4-java;1.8.0 in central
[2024-06-27T08:07:24.247+0000] {docker.py:413} INFO - found org.xerial.snappy#snappy-java;1.1.10.3 in central
[2024-06-27T08:07:24.331+0000] {docker.py:413} INFO - found org.slf4j#slf4j-api;2.0.7 in central
[2024-06-27T08:07:24.486+0000] {docker.py:413} INFO - found org.apache.hadoop#hadoop-client-runtime;3.3.4 in central
[2024-06-27T08:07:24.533+0000] {docker.py:413} INFO - found org.apache.hadoop#hadoop-client-api;3.3.4 in central
[2024-06-27T08:07:24.674+0000] {docker.py:413} INFO - found commons-logging#commons-logging;1.1.3 in central
[2024-06-27T08:07:24.708+0000] {docker.py:413} INFO - found com.google.code.findbugs#jsr305;3.0.0 in central
[2024-06-27T08:07:24.962+0000] {docker.py:413} INFO - found org.apache.commons#commons-pool2;2.11.1 in central
[2024-06-27T08:07:24.984+0000] {docker.py:413} INFO - downloading https://repo1.maven.org/maven2/org/postgresql/postgresql/42.5.4/postgresql-42.5.4.jar ...
[2024-06-27T08:07:25.085+0000] {docker.py:413} INFO - [SUCCESSFUL ] org.postgresql#postgresql;42.5.4!postgresql.jar (119ms)
[2024-06-27T08:07:25.104+0000] {docker.py:413} INFO - downloading https://repo1.maven.org/maven2/org/apache/spark/spark-sql-kafka-0-10_2.12/3.5.0/spark-sql-kafka-0-10_2.12-3.5.0.jar ...
[2024-06-27T08:07:25.144+0000] {docker.py:413} INFO - [SUCCESSFUL ] org.apache.spark#spark-sql-kafka-0-10_2.12;3.5.0!spark-sql-kafka-0-10_2.12.jar (58ms)
[2024-06-27T08:07:25.164+0000] {docker.py:413} INFO - downloading https://repo1.maven.org/maven2/org/checkerframework/checker-qual/3.5.0/checker-qual-3.5.0.jar ...
[2024-06-27T08:07:25.208+0000] {docker.py:413} INFO - [SUCCESSFUL ] org.checkerframework#checker-qual;3.5.0!checker-qual.jar (63ms)
[2024-06-27T08:07:25.225+0000] {docker.py:413} INFO - downloading https://repo1.maven.org/maven2/org/apache/spark/spark-token-provider-kafka-0-10_2.12/3.5.0/spark-token-provider-kafka-0-10_2.12-3.5.0.jar ...
[2024-06-27T08:07:25.252+0000] {docker.py:413} INFO - [SUCCESSFUL ] org.apache.spark#spark-token-provider-kafka-0-10_2.12;3.5.0!spark-token-provider-kafka-0-10_2.12.jar (43ms)
[2024-06-27T08:07:25.280+0000] {docker.py:413} INFO - downloading https://repo1.maven.org/maven2/org/apache/kafka/kafka-clients/3.4.1/kafka-clients-3.4.1.jar ...
[2024-06-27T08:07:25.634+0000] {docker.py:413} INFO - [SUCCESSFUL ] org.apache.kafka#kafka-clients;3.4.1!kafka-clients.jar (380ms)
[2024-06-27T08:07:25.656+0000] {docker.py:413} INFO - downloading https://repo1.maven.org/maven2/com/google/code/findbugs/jsr305/3.0.0/jsr305-3.0.0.jar ...
[2024-06-27T08:07:25.674+0000] {docker.py:413} INFO - [SUCCESSFUL ] com.google.code.findbugs#jsr305;3.0.0!jsr305.jar (40ms)
[2024-06-27T08:07:25.702+0000] {docker.py:413} INFO - downloading https://repo1.maven.org/maven2/org/apache/commons/commons-pool2/2.11.1/commons-pool2-2.11.1.jar ...
[2024-06-27T08:07:25.722+0000] {docker.py:413} INFO - [SUCCESSFUL ] org.apache.commons#commons-pool2;2.11.1!commons-pool2.jar (48ms)
[2024-06-27T08:07:25.738+0000] {docker.py:413} INFO - downloading https://repo1.maven.org/maven2/org/apache/hadoop/hadoop-client-runtime/3.3.4/hadoop-client-runtime-3.3.4.jar ...
[2024-06-27T08:07:26.725+0000] {docker.py:413} INFO - [SUCCESSFUL ] org.apache.hadoop#hadoop-client-runtime;3.3.4!hadoop-client-runtime.jar (1003ms)
[2024-06-27T08:07:26.746+0000] {docker.py:413} INFO - downloading https://repo1.maven.org/maven2/org/lz4/lz4-java/1.8.0/lz4-java-1.8.0.jar ...
[2024-06-27T08:07:26.797+0000] {docker.py:413} INFO - [SUCCESSFUL ] org.lz4#lz4-java;1.8.0!lz4-java.jar (70ms)
[2024-06-27T08:07:26.820+0000] {docker.py:413} INFO - downloading https://repo1.maven.org/maven2/org/xerial/snappy/snappy-java/1.1.10.3/snappy-java-1.1.10.3.jar ...
[2024-06-27T08:07:26.881+0000] {docker.py:413} INFO - [SUCCESSFUL ] org.xerial.snappy#snappy-java;1.1.10.3!snappy-java.jar(bundle) (84ms)
[2024-06-27T08:07:26.892+0000] {docker.py:413} INFO - downloading https://repo1.maven.org/maven2/org/slf4j/slf4j-api/2.0.7/slf4j-api-2.0.7.jar ...
[2024-06-27T08:07:26.904+0000] {docker.py:413} INFO - [SUCCESSFUL ] org.slf4j#slf4j-api;2.0.7!slf4j-api.jar (23ms)
[2024-06-27T08:07:26.915+0000] {docker.py:413} INFO - downloading https://repo1.maven.org/maven2/org/apache/hadoop/hadoop-client-api/3.3.4/hadoop-client-api-3.3.4.jar ...
[2024-06-27T08:07:27.340+0000] {docker.py:413} INFO - [SUCCESSFUL ] org.apache.hadoop#hadoop-client-api;3.3.4!hadoop-client-api.jar (435ms)
[2024-06-27T08:07:27.349+0000] {docker.py:413} INFO - downloading https://repo1.maven.org/maven2/commons-logging/commons-logging/1.1.3/commons-logging-1.1.3.jar ...
[2024-06-27T08:07:27.361+0000] {docker.py:413} INFO - [SUCCESSFUL ] commons-logging#commons-logging;1.1.3!commons-logging.jar (21ms)
[2024-06-27T08:07:27.363+0000] {docker.py:413} INFO - :: resolution report :: resolve 1511ms :: artifacts dl 2395ms
[2024-06-27T08:07:27.363+0000] {docker.py:413} INFO - :: modules in use:
[2024-06-27T08:07:27.363+0000] {docker.py:413} INFO - com.google.code.findbugs#jsr305;3.0.0 from central in [default]
[2024-06-27T08:07:27.364+0000] {docker.py:413} INFO - commons-logging#commons-logging;1.1.3 from central in [default]
[2024-06-27T08:07:27.364+0000] {docker.py:413} INFO - org.apache.commons#commons-pool2;2.11.1 from central in [default]
	org.apache.hadoop#hadoop-client-api;3.3.4 from central in [default]
	org.apache.hadoop#hadoop-client-runtime;3.3.4 from central in [default]
[2024-06-27T08:07:27.365+0000] {docker.py:413} INFO - org.apache.kafka#kafka-clients;3.4.1 from central in [default]
	org.apache.spark#spark-sql-kafka-0-10_2.12;3.5.0 from central in [default]
	org.apache.spark#spark-token-provider-kafka-0-10_2.12;3.5.0 from central in [default]
[2024-06-27T08:07:27.365+0000] {docker.py:413} INFO - org.checkerframework#checker-qual;3.5.0 from central in [default]
[2024-06-27T08:07:27.365+0000] {docker.py:413} INFO - org.lz4#lz4-java;1.8.0 from central in [default]
[2024-06-27T08:07:27.365+0000] {docker.py:413} INFO - org.postgresql#postgresql;42.5.4 from central in [default]
	org.slf4j#slf4j-api;2.0.7 from central in [default]
	org.xerial.snappy#snappy-java;1.1.10.3 from central in [default]
[2024-06-27T08:07:27.365+0000] {docker.py:413} INFO - ---------------------------------------------------------------------
	|                  |            modules            ||   artifacts   |
[2024-06-27T08:07:27.366+0000] {docker.py:413} INFO - |       conf       | number| search|dwnlded|evicted|| number|dwnlded|
	---------------------------------------------------------------------
[2024-06-27T08:07:27.366+0000] {docker.py:413} INFO - |      default     |   13  |   13  |   13  |   0   ||   13  |   13  |
[2024-06-27T08:07:27.366+0000] {docker.py:413} INFO - ---------------------------------------------------------------------
[2024-06-27T08:07:27.366+0000] {docker.py:413} INFO - :: retrieving :: org.apache.spark#spark-submit-parent-fc2584b0-8710-4c61-986e-c94c06dfbccb
	confs: [default]
[2024-06-27T08:07:27.387+0000] {docker.py:413} INFO - 13 artifacts copied, 0 already retrieved (58001kB/22ms)
[2024-06-27T08:07:27.482+0000] {docker.py:413} INFO - 24/06/27 08:07:27 WARN NativeCodeLoader: Unable to load native-hadoop library for your platform... using builtin-java classes where applicable
[2024-06-27T08:07:28.044+0000] {docker.py:413} INFO - 24/06/27 08:07:28 INFO SparkContext: Running Spark version 3.5.0
[2024-06-27T08:07:28.044+0000] {docker.py:413} INFO - 24/06/27 08:07:28 INFO SparkContext: OS info Linux, 6.6.12-linuxkit, aarch64
[2024-06-27T08:07:28.044+0000] {docker.py:413} INFO - 24/06/27 08:07:28 INFO SparkContext: Java version 17.0.10
[2024-06-27T08:07:28.056+0000] {docker.py:413} INFO - 24/06/27 08:07:28 INFO ResourceUtils: ==============================================================
[2024-06-27T08:07:28.057+0000] {docker.py:413} INFO - 24/06/27 08:07:28 INFO ResourceUtils: No custom resources configured for spark.driver.
[2024-06-27T08:07:28.057+0000] {docker.py:413} INFO - 24/06/27 08:07:28 INFO ResourceUtils: ==============================================================
[2024-06-27T08:07:28.057+0000] {docker.py:413} INFO - 24/06/27 08:07:28 INFO SparkContext: Submitted application: PostgreSQL Connection with PySpark
[2024-06-27T08:07:28.066+0000] {docker.py:413} INFO - 24/06/27 08:07:28 INFO ResourceProfile: Default ResourceProfile created, executor resources: Map(cores -> name: cores, amount: 1, script: , vendor: , memory -> name: memory, amount: 1024, script: , vendor: , offHeap -> name: offHeap, amount: 0, script: , vendor: ), task resources: Map(cpus -> name: cpus, amount: 1.0)
[2024-06-27T08:07:28.070+0000] {docker.py:413} INFO - 24/06/27 08:07:28 INFO ResourceProfile: Limiting resource is cpu
[2024-06-27T08:07:28.071+0000] {docker.py:413} INFO - 24/06/27 08:07:28 INFO ResourceProfileManager: Added ResourceProfile id: 0
[2024-06-27T08:07:28.101+0000] {docker.py:413} INFO - 24/06/27 08:07:28 INFO SecurityManager: Changing view acls to: spark
[2024-06-27T08:07:28.102+0000] {docker.py:413} INFO - 24/06/27 08:07:28 INFO SecurityManager: Changing modify acls to: spark
[2024-06-27T08:07:28.103+0000] {docker.py:413} INFO - 24/06/27 08:07:28 INFO SecurityManager: Changing view acls groups to:
[2024-06-27T08:07:28.103+0000] {docker.py:413} INFO - 24/06/27 08:07:28 INFO SecurityManager: Changing modify acls groups to:
[2024-06-27T08:07:28.103+0000] {docker.py:413} INFO - 24/06/27 08:07:28 INFO SecurityManager: SecurityManager: authentication disabled; ui acls disabled; users with view permissions: spark; groups with view permissions: EMPTY; users with modify permissions: spark; groups with modify permissions: EMPTY
[2024-06-27T08:07:28.207+0000] {docker.py:413} INFO - 24/06/27 08:07:28 INFO Utils: Successfully started service 'sparkDriver' on port 39529.
[2024-06-27T08:07:28.220+0000] {docker.py:413} INFO - 24/06/27 08:07:28 INFO SparkEnv: Registering MapOutputTracker
[2024-06-27T08:07:28.238+0000] {docker.py:413} INFO - 24/06/27 08:07:28 INFO SparkEnv: Registering BlockManagerMaster
[2024-06-27T08:07:28.246+0000] {docker.py:413} INFO - 24/06/27 08:07:28 INFO BlockManagerMasterEndpoint: Using org.apache.spark.storage.DefaultTopologyMapper for getting topology information
[2024-06-27T08:07:28.246+0000] {docker.py:413} INFO - 24/06/27 08:07:28 INFO BlockManagerMasterEndpoint: BlockManagerMasterEndpoint up
[2024-06-27T08:07:28.248+0000] {docker.py:413} INFO - 24/06/27 08:07:28 INFO SparkEnv: Registering BlockManagerMasterHeartbeat
[2024-06-27T08:07:28.258+0000] {docker.py:413} INFO - 24/06/27 08:07:28 INFO DiskBlockManager: Created local directory at /tmp/blockmgr-43c7287f-5525-4ed2-a9f2-d055ba19cecd
[2024-06-27T08:07:28.265+0000] {docker.py:413} INFO - 24/06/27 08:07:28 INFO MemoryStore: MemoryStore started with capacity 434.4 MiB
[2024-06-27T08:07:28.276+0000] {docker.py:413} INFO - 24/06/27 08:07:28 INFO SparkEnv: Registering OutputCommitCoordinator
[2024-06-27T08:07:28.340+0000] {docker.py:413} INFO - 24/06/27 08:07:28 INFO JettyUtils: Start Jetty 0.0.0.0:4040 for SparkUI
[2024-06-27T08:07:28.375+0000] {docker.py:413} INFO - 24/06/27 08:07:28 INFO Utils: Successfully started service 'SparkUI' on port 4040.
[2024-06-27T08:07:28.395+0000] {docker.py:413} INFO - 24/06/27 08:07:28 INFO SparkContext: Added JAR file:///opt/bitnami/spark/.ivy2/jars/org.postgresql_postgresql-42.5.4.jar at spark://localhost:39529/jars/org.postgresql_postgresql-42.5.4.jar with timestamp 1719475648039
[2024-06-27T08:07:28.395+0000] {docker.py:413} INFO - 24/06/27 08:07:28 INFO SparkContext: Added JAR file:///opt/bitnami/spark/.ivy2/jars/org.apache.spark_spark-sql-kafka-0-10_2.12-3.5.0.jar at spark://localhost:39529/jars/org.apache.spark_spark-sql-kafka-0-10_2.12-3.5.0.jar with timestamp 1719475648039
[2024-06-27T08:07:28.395+0000] {docker.py:413} INFO - 24/06/27 08:07:28 INFO SparkContext: Added JAR file:///opt/bitnami/spark/.ivy2/jars/org.checkerframework_checker-qual-3.5.0.jar at spark://localhost:39529/jars/org.checkerframework_checker-qual-3.5.0.jar with timestamp 1719475648039
[2024-06-27T08:07:28.395+0000] {docker.py:413} INFO - 24/06/27 08:07:28 INFO SparkContext: Added JAR file:///opt/bitnami/spark/.ivy2/jars/org.apache.spark_spark-token-provider-kafka-0-10_2.12-3.5.0.jar at spark://localhost:39529/jars/org.apache.spark_spark-token-provider-kafka-0-10_2.12-3.5.0.jar with timestamp 1719475648039
24/06/27 08:07:28 INFO SparkContext: Added JAR file:///opt/bitnami/spark/.ivy2/jars/org.apache.kafka_kafka-clients-3.4.1.jar at spark://localhost:39529/jars/org.apache.kafka_kafka-clients-3.4.1.jar with timestamp 1719475648039
[2024-06-27T08:07:28.396+0000] {docker.py:413} INFO - 24/06/27 08:07:28 INFO SparkContext: Added JAR file:///opt/bitnami/spark/.ivy2/jars/com.google.code.findbugs_jsr305-3.0.0.jar at spark://localhost:39529/jars/com.google.code.findbugs_jsr305-3.0.0.jar with timestamp 1719475648039
[2024-06-27T08:07:28.396+0000] {docker.py:413} INFO - 24/06/27 08:07:28 INFO SparkContext: Added JAR file:///opt/bitnami/spark/.ivy2/jars/org.apache.commons_commons-pool2-2.11.1.jar at spark://localhost:39529/jars/org.apache.commons_commons-pool2-2.11.1.jar with timestamp 1719475648039
[2024-06-27T08:07:28.396+0000] {docker.py:413} INFO - 24/06/27 08:07:28 INFO SparkContext: Added JAR file:///opt/bitnami/spark/.ivy2/jars/org.apache.hadoop_hadoop-client-runtime-3.3.4.jar at spark://localhost:39529/jars/org.apache.hadoop_hadoop-client-runtime-3.3.4.jar with timestamp 1719475648039
[2024-06-27T08:07:28.397+0000] {docker.py:413} INFO - 24/06/27 08:07:28 INFO SparkContext: Added JAR file:///opt/bitnami/spark/.ivy2/jars/org.lz4_lz4-java-1.8.0.jar at spark://localhost:39529/jars/org.lz4_lz4-java-1.8.0.jar with timestamp 1719475648039
[2024-06-27T08:07:28.397+0000] {docker.py:413} INFO - 24/06/27 08:07:28 INFO SparkContext: Added JAR file:///opt/bitnami/spark/.ivy2/jars/org.xerial.snappy_snappy-java-1.1.10.3.jar at spark://localhost:39529/jars/org.xerial.snappy_snappy-java-1.1.10.3.jar with timestamp 1719475648039
[2024-06-27T08:07:28.397+0000] {docker.py:413} INFO - 24/06/27 08:07:28 INFO SparkContext: Added JAR file:///opt/bitnami/spark/.ivy2/jars/org.slf4j_slf4j-api-2.0.7.jar at spark://localhost:39529/jars/org.slf4j_slf4j-api-2.0.7.jar with timestamp 1719475648039
24/06/27 08:07:28 INFO SparkContext: Added JAR file:///opt/bitnami/spark/.ivy2/jars/org.apache.hadoop_hadoop-client-api-3.3.4.jar at spark://localhost:39529/jars/org.apache.hadoop_hadoop-client-api-3.3.4.jar with timestamp 1719475648039
[2024-06-27T08:07:28.398+0000] {docker.py:413} INFO - 24/06/27 08:07:28 INFO SparkContext: Added JAR file:///opt/bitnami/spark/.ivy2/jars/commons-logging_commons-logging-1.1.3.jar at spark://localhost:39529/jars/commons-logging_commons-logging-1.1.3.jar with timestamp 1719475648039
[2024-06-27T08:07:28.398+0000] {docker.py:413} INFO - 24/06/27 08:07:28 INFO SparkContext: Added file file:///opt/bitnami/spark/.ivy2/jars/org.postgresql_postgresql-42.5.4.jar at file:///opt/bitnami/spark/.ivy2/jars/org.postgresql_postgresql-42.5.4.jar with timestamp 1719475648039
[2024-06-27T08:07:28.398+0000] {docker.py:413} INFO - 24/06/27 08:07:28 INFO Utils: Copying /opt/bitnami/spark/.ivy2/jars/org.postgresql_postgresql-42.5.4.jar to /tmp/spark-1d64d15c-1f1a-4b82-8147-eb40305b03b2/userFiles-ec05dac3-14d1-43c5-a5c2-fc0297b35c32/org.postgresql_postgresql-42.5.4.jar
[2024-06-27T08:07:28.402+0000] {docker.py:413} INFO - 24/06/27 08:07:28 INFO SparkContext: Added file file:///opt/bitnami/spark/.ivy2/jars/org.apache.spark_spark-sql-kafka-0-10_2.12-3.5.0.jar at file:///opt/bitnami/spark/.ivy2/jars/org.apache.spark_spark-sql-kafka-0-10_2.12-3.5.0.jar with timestamp 1719475648039
24/06/27 08:07:28 INFO Utils: Copying /opt/bitnami/spark/.ivy2/jars/org.apache.spark_spark-sql-kafka-0-10_2.12-3.5.0.jar to /tmp/spark-1d64d15c-1f1a-4b82-8147-eb40305b03b2/userFiles-ec05dac3-14d1-43c5-a5c2-fc0297b35c32/org.apache.spark_spark-sql-kafka-0-10_2.12-3.5.0.jar
[2024-06-27T08:07:28.404+0000] {docker.py:413} INFO - 24/06/27 08:07:28 INFO SparkContext: Added file file:///opt/bitnami/spark/.ivy2/jars/org.checkerframework_checker-qual-3.5.0.jar at file:///opt/bitnami/spark/.ivy2/jars/org.checkerframework_checker-qual-3.5.0.jar with timestamp 1719475648039
[2024-06-27T08:07:28.405+0000] {docker.py:413} INFO - 24/06/27 08:07:28 INFO Utils: Copying /opt/bitnami/spark/.ivy2/jars/org.checkerframework_checker-qual-3.5.0.jar to /tmp/spark-1d64d15c-1f1a-4b82-8147-eb40305b03b2/userFiles-ec05dac3-14d1-43c5-a5c2-fc0297b35c32/org.checkerframework_checker-qual-3.5.0.jar
[2024-06-27T08:07:28.407+0000] {docker.py:413} INFO - 24/06/27 08:07:28 INFO SparkContext: Added file file:///opt/bitnami/spark/.ivy2/jars/org.apache.spark_spark-token-provider-kafka-0-10_2.12-3.5.0.jar at file:///opt/bitnami/spark/.ivy2/jars/org.apache.spark_spark-token-provider-kafka-0-10_2.12-3.5.0.jar with timestamp 1719475648039
[2024-06-27T08:07:28.407+0000] {docker.py:413} INFO - 24/06/27 08:07:28 INFO Utils: Copying /opt/bitnami/spark/.ivy2/jars/org.apache.spark_spark-token-provider-kafka-0-10_2.12-3.5.0.jar to /tmp/spark-1d64d15c-1f1a-4b82-8147-eb40305b03b2/userFiles-ec05dac3-14d1-43c5-a5c2-fc0297b35c32/org.apache.spark_spark-token-provider-kafka-0-10_2.12-3.5.0.jar
[2024-06-27T08:07:28.410+0000] {docker.py:413} INFO - 24/06/27 08:07:28 INFO SparkContext: Added file file:///opt/bitnami/spark/.ivy2/jars/org.apache.kafka_kafka-clients-3.4.1.jar at file:///opt/bitnami/spark/.ivy2/jars/org.apache.kafka_kafka-clients-3.4.1.jar with timestamp 1719475648039
[2024-06-27T08:07:28.410+0000] {docker.py:413} INFO - 24/06/27 08:07:28 INFO Utils: Copying /opt/bitnami/spark/.ivy2/jars/org.apache.kafka_kafka-clients-3.4.1.jar to /tmp/spark-1d64d15c-1f1a-4b82-8147-eb40305b03b2/userFiles-ec05dac3-14d1-43c5-a5c2-fc0297b35c32/org.apache.kafka_kafka-clients-3.4.1.jar
[2024-06-27T08:07:28.413+0000] {docker.py:413} INFO - 24/06/27 08:07:28 INFO SparkContext: Added file file:///opt/bitnami/spark/.ivy2/jars/com.google.code.findbugs_jsr305-3.0.0.jar at file:///opt/bitnami/spark/.ivy2/jars/com.google.code.findbugs_jsr305-3.0.0.jar with timestamp 1719475648039
[2024-06-27T08:07:28.413+0000] {docker.py:413} INFO - 24/06/27 08:07:28 INFO Utils: Copying /opt/bitnami/spark/.ivy2/jars/com.google.code.findbugs_jsr305-3.0.0.jar to /tmp/spark-1d64d15c-1f1a-4b82-8147-eb40305b03b2/userFiles-ec05dac3-14d1-43c5-a5c2-fc0297b35c32/com.google.code.findbugs_jsr305-3.0.0.jar
[2024-06-27T08:07:28.415+0000] {docker.py:413} INFO - 24/06/27 08:07:28 INFO SparkContext: Added file file:///opt/bitnami/spark/.ivy2/jars/org.apache.commons_commons-pool2-2.11.1.jar at file:///opt/bitnami/spark/.ivy2/jars/org.apache.commons_commons-pool2-2.11.1.jar with timestamp 1719475648039
[2024-06-27T08:07:28.416+0000] {docker.py:413} INFO - 24/06/27 08:07:28 INFO Utils: Copying /opt/bitnami/spark/.ivy2/jars/org.apache.commons_commons-pool2-2.11.1.jar to /tmp/spark-1d64d15c-1f1a-4b82-8147-eb40305b03b2/userFiles-ec05dac3-14d1-43c5-a5c2-fc0297b35c32/org.apache.commons_commons-pool2-2.11.1.jar
[2024-06-27T08:07:28.417+0000] {docker.py:413} INFO - 24/06/27 08:07:28 INFO SparkContext: Added file file:///opt/bitnami/spark/.ivy2/jars/org.apache.hadoop_hadoop-client-runtime-3.3.4.jar at file:///opt/bitnami/spark/.ivy2/jars/org.apache.hadoop_hadoop-client-runtime-3.3.4.jar with timestamp 1719475648039
[2024-06-27T08:07:28.417+0000] {docker.py:413} INFO - 24/06/27 08:07:28 INFO Utils: Copying /opt/bitnami/spark/.ivy2/jars/org.apache.hadoop_hadoop-client-runtime-3.3.4.jar to /tmp/spark-1d64d15c-1f1a-4b82-8147-eb40305b03b2/userFiles-ec05dac3-14d1-43c5-a5c2-fc0297b35c32/org.apache.hadoop_hadoop-client-runtime-3.3.4.jar
[2024-06-27T08:07:28.423+0000] {docker.py:413} INFO - 24/06/27 08:07:28 INFO SparkContext: Added file file:///opt/bitnami/spark/.ivy2/jars/org.lz4_lz4-java-1.8.0.jar at file:///opt/bitnami/spark/.ivy2/jars/org.lz4_lz4-java-1.8.0.jar with timestamp 1719475648039
[2024-06-27T08:07:28.423+0000] {docker.py:413} INFO - 24/06/27 08:07:28 INFO Utils: Copying /opt/bitnami/spark/.ivy2/jars/org.lz4_lz4-java-1.8.0.jar to /tmp/spark-1d64d15c-1f1a-4b82-8147-eb40305b03b2/userFiles-ec05dac3-14d1-43c5-a5c2-fc0297b35c32/org.lz4_lz4-java-1.8.0.jar
[2024-06-27T08:07:28.425+0000] {docker.py:413} INFO - 24/06/27 08:07:28 INFO SparkContext: Added file file:///opt/bitnami/spark/.ivy2/jars/org.xerial.snappy_snappy-java-1.1.10.3.jar at file:///opt/bitnami/spark/.ivy2/jars/org.xerial.snappy_snappy-java-1.1.10.3.jar with timestamp 1719475648039
[2024-06-27T08:07:28.426+0000] {docker.py:413} INFO - 24/06/27 08:07:28 INFO Utils: Copying /opt/bitnami/spark/.ivy2/jars/org.xerial.snappy_snappy-java-1.1.10.3.jar to /tmp/spark-1d64d15c-1f1a-4b82-8147-eb40305b03b2/userFiles-ec05dac3-14d1-43c5-a5c2-fc0297b35c32/org.xerial.snappy_snappy-java-1.1.10.3.jar
[2024-06-27T08:07:28.427+0000] {docker.py:413} INFO - 24/06/27 08:07:28 INFO SparkContext: Added file file:///opt/bitnami/spark/.ivy2/jars/org.slf4j_slf4j-api-2.0.7.jar at file:///opt/bitnami/spark/.ivy2/jars/org.slf4j_slf4j-api-2.0.7.jar with timestamp 1719475648039
[2024-06-27T08:07:28.427+0000] {docker.py:413} INFO - 24/06/27 08:07:28 INFO Utils: Copying /opt/bitnami/spark/.ivy2/jars/org.slf4j_slf4j-api-2.0.7.jar to /tmp/spark-1d64d15c-1f1a-4b82-8147-eb40305b03b2/userFiles-ec05dac3-14d1-43c5-a5c2-fc0297b35c32/org.slf4j_slf4j-api-2.0.7.jar
[2024-06-27T08:07:28.429+0000] {docker.py:413} INFO - 24/06/27 08:07:28 INFO SparkContext: Added file file:///opt/bitnami/spark/.ivy2/jars/org.apache.hadoop_hadoop-client-api-3.3.4.jar at file:///opt/bitnami/spark/.ivy2/jars/org.apache.hadoop_hadoop-client-api-3.3.4.jar with timestamp 1719475648039
[2024-06-27T08:07:28.429+0000] {docker.py:413} INFO - 24/06/27 08:07:28 INFO Utils: Copying /opt/bitnami/spark/.ivy2/jars/org.apache.hadoop_hadoop-client-api-3.3.4.jar to /tmp/spark-1d64d15c-1f1a-4b82-8147-eb40305b03b2/userFiles-ec05dac3-14d1-43c5-a5c2-fc0297b35c32/org.apache.hadoop_hadoop-client-api-3.3.4.jar
[2024-06-27T08:07:28.434+0000] {docker.py:413} INFO - 24/06/27 08:07:28 INFO SparkContext: Added file file:///opt/bitnami/spark/.ivy2/jars/commons-logging_commons-logging-1.1.3.jar at file:///opt/bitnami/spark/.ivy2/jars/commons-logging_commons-logging-1.1.3.jar with timestamp 1719475648039
[2024-06-27T08:07:28.435+0000] {docker.py:413} INFO - 24/06/27 08:07:28 INFO Utils: Copying /opt/bitnami/spark/.ivy2/jars/commons-logging_commons-logging-1.1.3.jar to /tmp/spark-1d64d15c-1f1a-4b82-8147-eb40305b03b2/userFiles-ec05dac3-14d1-43c5-a5c2-fc0297b35c32/commons-logging_commons-logging-1.1.3.jar
[2024-06-27T08:07:28.471+0000] {docker.py:413} INFO - 24/06/27 08:07:28 INFO Executor: Starting executor ID driver on host localhost
[2024-06-27T08:07:28.471+0000] {docker.py:413} INFO - 24/06/27 08:07:28 INFO Executor: OS info Linux, 6.6.12-linuxkit, aarch64
[2024-06-27T08:07:28.471+0000] {docker.py:413} INFO - 24/06/27 08:07:28 INFO Executor: Java version 17.0.10
[2024-06-27T08:07:28.474+0000] {docker.py:413} INFO - 24/06/27 08:07:28 INFO Executor: Starting executor with user classpath (userClassPathFirst = false): ''
[2024-06-27T08:07:28.475+0000] {docker.py:413} INFO - 24/06/27 08:07:28 INFO Executor: Created or updated repl class loader org.apache.spark.util.MutableURLClassLoader@6dc5f7fa for default.
[2024-06-27T08:07:28.481+0000] {docker.py:413} INFO - 24/06/27 08:07:28 INFO Executor: Fetching file:///opt/bitnami/spark/.ivy2/jars/org.apache.spark_spark-token-provider-kafka-0-10_2.12-3.5.0.jar with timestamp 1719475648039
[2024-06-27T08:07:28.489+0000] {docker.py:413} INFO - 24/06/27 08:07:28 INFO Utils: /opt/bitnami/spark/.ivy2/jars/org.apache.spark_spark-token-provider-kafka-0-10_2.12-3.5.0.jar has been previously copied to /tmp/spark-1d64d15c-1f1a-4b82-8147-eb40305b03b2/userFiles-ec05dac3-14d1-43c5-a5c2-fc0297b35c32/org.apache.spark_spark-token-provider-kafka-0-10_2.12-3.5.0.jar
[2024-06-27T08:07:28.490+0000] {docker.py:413} INFO - 24/06/27 08:07:28 INFO Executor: Fetching file:///opt/bitnami/spark/.ivy2/jars/org.apache.hadoop_hadoop-client-runtime-3.3.4.jar with timestamp 1719475648039
[2024-06-27T08:07:28.502+0000] {docker.py:413} INFO - 24/06/27 08:07:28 INFO Utils: /opt/bitnami/spark/.ivy2/jars/org.apache.hadoop_hadoop-client-runtime-3.3.4.jar has been previously copied to /tmp/spark-1d64d15c-1f1a-4b82-8147-eb40305b03b2/userFiles-ec05dac3-14d1-43c5-a5c2-fc0297b35c32/org.apache.hadoop_hadoop-client-runtime-3.3.4.jar
[2024-06-27T08:07:28.504+0000] {docker.py:413} INFO - 24/06/27 08:07:28 INFO Executor: Fetching file:///opt/bitnami/spark/.ivy2/jars/org.apache.commons_commons-pool2-2.11.1.jar with timestamp 1719475648039
[2024-06-27T08:07:28.504+0000] {docker.py:413} INFO - 24/06/27 08:07:28 INFO Utils: /opt/bitnami/spark/.ivy2/jars/org.apache.commons_commons-pool2-2.11.1.jar has been previously copied to /tmp/spark-1d64d15c-1f1a-4b82-8147-eb40305b03b2/userFiles-ec05dac3-14d1-43c5-a5c2-fc0297b35c32/org.apache.commons_commons-pool2-2.11.1.jar
[2024-06-27T08:07:28.505+0000] {docker.py:413} INFO - 24/06/27 08:07:28 INFO Executor: Fetching file:///opt/bitnami/spark/.ivy2/jars/org.postgresql_postgresql-42.5.4.jar with timestamp 1719475648039
[2024-06-27T08:07:28.506+0000] {docker.py:413} INFO - 24/06/27 08:07:28 INFO Utils: /opt/bitnami/spark/.ivy2/jars/org.postgresql_postgresql-42.5.4.jar has been previously copied to /tmp/spark-1d64d15c-1f1a-4b82-8147-eb40305b03b2/userFiles-ec05dac3-14d1-43c5-a5c2-fc0297b35c32/org.postgresql_postgresql-42.5.4.jar
[2024-06-27T08:07:28.507+0000] {docker.py:413} INFO - 24/06/27 08:07:28 INFO Executor: Fetching file:///opt/bitnami/spark/.ivy2/jars/org.slf4j_slf4j-api-2.0.7.jar with timestamp 1719475648039
[2024-06-27T08:07:28.508+0000] {docker.py:413} INFO - 24/06/27 08:07:28 INFO Utils: /opt/bitnami/spark/.ivy2/jars/org.slf4j_slf4j-api-2.0.7.jar has been previously copied to /tmp/spark-1d64d15c-1f1a-4b82-8147-eb40305b03b2/userFiles-ec05dac3-14d1-43c5-a5c2-fc0297b35c32/org.slf4j_slf4j-api-2.0.7.jar
[2024-06-27T08:07:28.509+0000] {docker.py:413} INFO - 24/06/27 08:07:28 INFO Executor: Fetching file:///opt/bitnami/spark/.ivy2/jars/org.apache.kafka_kafka-clients-3.4.1.jar with timestamp 1719475648039
[2024-06-27T08:07:28.510+0000] {docker.py:413} INFO - 24/06/27 08:07:28 INFO Utils: /opt/bitnami/spark/.ivy2/jars/org.apache.kafka_kafka-clients-3.4.1.jar has been previously copied to /tmp/spark-1d64d15c-1f1a-4b82-8147-eb40305b03b2/userFiles-ec05dac3-14d1-43c5-a5c2-fc0297b35c32/org.apache.kafka_kafka-clients-3.4.1.jar
[2024-06-27T08:07:28.512+0000] {docker.py:413} INFO - 24/06/27 08:07:28 INFO Executor: Fetching file:///opt/bitnami/spark/.ivy2/jars/com.google.code.findbugs_jsr305-3.0.0.jar with timestamp 1719475648039
[2024-06-27T08:07:28.512+0000] {docker.py:413} INFO - 24/06/27 08:07:28 INFO Utils: /opt/bitnami/spark/.ivy2/jars/com.google.code.findbugs_jsr305-3.0.0.jar has been previously copied to /tmp/spark-1d64d15c-1f1a-4b82-8147-eb40305b03b2/userFiles-ec05dac3-14d1-43c5-a5c2-fc0297b35c32/com.google.code.findbugs_jsr305-3.0.0.jar
[2024-06-27T08:07:28.514+0000] {docker.py:413} INFO - 24/06/27 08:07:28 INFO Executor: Fetching file:///opt/bitnami/spark/.ivy2/jars/org.lz4_lz4-java-1.8.0.jar with timestamp 1719475648039
[2024-06-27T08:07:28.514+0000] {docker.py:413} INFO - 24/06/27 08:07:28 INFO Utils: /opt/bitnami/spark/.ivy2/jars/org.lz4_lz4-java-1.8.0.jar has been previously copied to /tmp/spark-1d64d15c-1f1a-4b82-8147-eb40305b03b2/userFiles-ec05dac3-14d1-43c5-a5c2-fc0297b35c32/org.lz4_lz4-java-1.8.0.jar
[2024-06-27T08:07:28.515+0000] {docker.py:413} INFO - 24/06/27 08:07:28 INFO Executor: Fetching file:///opt/bitnami/spark/.ivy2/jars/org.apache.spark_spark-sql-kafka-0-10_2.12-3.5.0.jar with timestamp 1719475648039
[2024-06-27T08:07:28.516+0000] {docker.py:413} INFO - 24/06/27 08:07:28 INFO Utils: /opt/bitnami/spark/.ivy2/jars/org.apache.spark_spark-sql-kafka-0-10_2.12-3.5.0.jar has been previously copied to /tmp/spark-1d64d15c-1f1a-4b82-8147-eb40305b03b2/userFiles-ec05dac3-14d1-43c5-a5c2-fc0297b35c32/org.apache.spark_spark-sql-kafka-0-10_2.12-3.5.0.jar
[2024-06-27T08:07:28.517+0000] {docker.py:413} INFO - 24/06/27 08:07:28 INFO Executor: Fetching file:///opt/bitnami/spark/.ivy2/jars/org.apache.hadoop_hadoop-client-api-3.3.4.jar with timestamp 1719475648039
[2024-06-27T08:07:28.523+0000] {docker.py:413} INFO - 24/06/27 08:07:28 INFO Utils: /opt/bitnami/spark/.ivy2/jars/org.apache.hadoop_hadoop-client-api-3.3.4.jar has been previously copied to /tmp/spark-1d64d15c-1f1a-4b82-8147-eb40305b03b2/userFiles-ec05dac3-14d1-43c5-a5c2-fc0297b35c32/org.apache.hadoop_hadoop-client-api-3.3.4.jar
[2024-06-27T08:07:28.524+0000] {docker.py:413} INFO - 24/06/27 08:07:28 INFO Executor: Fetching file:///opt/bitnami/spark/.ivy2/jars/commons-logging_commons-logging-1.1.3.jar with timestamp 1719475648039
[2024-06-27T08:07:28.525+0000] {docker.py:413} INFO - 24/06/27 08:07:28 INFO Utils: /opt/bitnami/spark/.ivy2/jars/commons-logging_commons-logging-1.1.3.jar has been previously copied to /tmp/spark-1d64d15c-1f1a-4b82-8147-eb40305b03b2/userFiles-ec05dac3-14d1-43c5-a5c2-fc0297b35c32/commons-logging_commons-logging-1.1.3.jar
[2024-06-27T08:07:28.526+0000] {docker.py:413} INFO - 24/06/27 08:07:28 INFO Executor: Fetching file:///opt/bitnami/spark/.ivy2/jars/org.checkerframework_checker-qual-3.5.0.jar with timestamp 1719475648039
[2024-06-27T08:07:28.526+0000] {docker.py:413} INFO - 24/06/27 08:07:28 INFO Utils: /opt/bitnami/spark/.ivy2/jars/org.checkerframework_checker-qual-3.5.0.jar has been previously copied to /tmp/spark-1d64d15c-1f1a-4b82-8147-eb40305b03b2/userFiles-ec05dac3-14d1-43c5-a5c2-fc0297b35c32/org.checkerframework_checker-qual-3.5.0.jar
[2024-06-27T08:07:28.527+0000] {docker.py:413} INFO - 24/06/27 08:07:28 INFO Executor: Fetching file:///opt/bitnami/spark/.ivy2/jars/org.xerial.snappy_snappy-java-1.1.10.3.jar with timestamp 1719475648039
[2024-06-27T08:07:28.528+0000] {docker.py:413} INFO - 24/06/27 08:07:28 INFO Utils: /opt/bitnami/spark/.ivy2/jars/org.xerial.snappy_snappy-java-1.1.10.3.jar has been previously copied to /tmp/spark-1d64d15c-1f1a-4b82-8147-eb40305b03b2/userFiles-ec05dac3-14d1-43c5-a5c2-fc0297b35c32/org.xerial.snappy_snappy-java-1.1.10.3.jar
[2024-06-27T08:07:28.530+0000] {docker.py:413} INFO - 24/06/27 08:07:28 INFO Executor: Fetching spark://localhost:39529/jars/commons-logging_commons-logging-1.1.3.jar with timestamp 1719475648039
[2024-06-27T08:07:28.552+0000] {docker.py:413} INFO - 24/06/27 08:07:28 INFO TransportClientFactory: Successfully created connection to localhost/127.0.0.1:39529 after 15 ms (0 ms spent in bootstraps)
[2024-06-27T08:07:28.554+0000] {docker.py:413} INFO - 24/06/27 08:07:28 INFO Utils: Fetching spark://localhost:39529/jars/commons-logging_commons-logging-1.1.3.jar to /tmp/spark-1d64d15c-1f1a-4b82-8147-eb40305b03b2/userFiles-ec05dac3-14d1-43c5-a5c2-fc0297b35c32/fetchFileTemp4267410516617819029.tmp
[2024-06-27T08:07:28.567+0000] {docker.py:413} INFO - 24/06/27 08:07:28 INFO Utils: /tmp/spark-1d64d15c-1f1a-4b82-8147-eb40305b03b2/userFiles-ec05dac3-14d1-43c5-a5c2-fc0297b35c32/fetchFileTemp4267410516617819029.tmp has been previously copied to /tmp/spark-1d64d15c-1f1a-4b82-8147-eb40305b03b2/userFiles-ec05dac3-14d1-43c5-a5c2-fc0297b35c32/commons-logging_commons-logging-1.1.3.jar
[2024-06-27T08:07:28.569+0000] {docker.py:413} INFO - 24/06/27 08:07:28 INFO Executor: Adding file:/tmp/spark-1d64d15c-1f1a-4b82-8147-eb40305b03b2/userFiles-ec05dac3-14d1-43c5-a5c2-fc0297b35c32/commons-logging_commons-logging-1.1.3.jar to class loader default
[2024-06-27T08:07:28.569+0000] {docker.py:413} INFO - 24/06/27 08:07:28 INFO Executor: Fetching spark://localhost:39529/jars/org.apache.spark_spark-token-provider-kafka-0-10_2.12-3.5.0.jar with timestamp 1719475648039
[2024-06-27T08:07:28.570+0000] {docker.py:413} INFO - 24/06/27 08:07:28 INFO Utils: Fetching spark://localhost:39529/jars/org.apache.spark_spark-token-provider-kafka-0-10_2.12-3.5.0.jar to /tmp/spark-1d64d15c-1f1a-4b82-8147-eb40305b03b2/userFiles-ec05dac3-14d1-43c5-a5c2-fc0297b35c32/fetchFileTemp11938996769535829014.tmp
[2024-06-27T08:07:28.570+0000] {docker.py:413} INFO - 24/06/27 08:07:28 INFO Utils: /tmp/spark-1d64d15c-1f1a-4b82-8147-eb40305b03b2/userFiles-ec05dac3-14d1-43c5-a5c2-fc0297b35c32/fetchFileTemp11938996769535829014.tmp has been previously copied to /tmp/spark-1d64d15c-1f1a-4b82-8147-eb40305b03b2/userFiles-ec05dac3-14d1-43c5-a5c2-fc0297b35c32/org.apache.spark_spark-token-provider-kafka-0-10_2.12-3.5.0.jar
[2024-06-27T08:07:28.571+0000] {docker.py:413} INFO - 24/06/27 08:07:28 INFO Executor: Adding file:/tmp/spark-1d64d15c-1f1a-4b82-8147-eb40305b03b2/userFiles-ec05dac3-14d1-43c5-a5c2-fc0297b35c32/org.apache.spark_spark-token-provider-kafka-0-10_2.12-3.5.0.jar to class loader default
[2024-06-27T08:07:28.572+0000] {docker.py:413} INFO - 24/06/27 08:07:28 INFO Executor: Fetching spark://localhost:39529/jars/org.postgresql_postgresql-42.5.4.jar with timestamp 1719475648039
[2024-06-27T08:07:28.572+0000] {docker.py:413} INFO - 24/06/27 08:07:28 INFO Utils: Fetching spark://localhost:39529/jars/org.postgresql_postgresql-42.5.4.jar to /tmp/spark-1d64d15c-1f1a-4b82-8147-eb40305b03b2/userFiles-ec05dac3-14d1-43c5-a5c2-fc0297b35c32/fetchFileTemp8803921268688617767.tmp
[2024-06-27T08:07:28.576+0000] {docker.py:413} INFO - 24/06/27 08:07:28 INFO Utils: /tmp/spark-1d64d15c-1f1a-4b82-8147-eb40305b03b2/userFiles-ec05dac3-14d1-43c5-a5c2-fc0297b35c32/fetchFileTemp8803921268688617767.tmp has been previously copied to /tmp/spark-1d64d15c-1f1a-4b82-8147-eb40305b03b2/userFiles-ec05dac3-14d1-43c5-a5c2-fc0297b35c32/org.postgresql_postgresql-42.5.4.jar
[2024-06-27T08:07:28.577+0000] {docker.py:413} INFO - 24/06/27 08:07:28 INFO Executor: Adding file:/tmp/spark-1d64d15c-1f1a-4b82-8147-eb40305b03b2/userFiles-ec05dac3-14d1-43c5-a5c2-fc0297b35c32/org.postgresql_postgresql-42.5.4.jar to class loader default
[2024-06-27T08:07:28.577+0000] {docker.py:413} INFO - 24/06/27 08:07:28 INFO Executor: Fetching spark://localhost:39529/jars/org.apache.hadoop_hadoop-client-api-3.3.4.jar with timestamp 1719475648039
[2024-06-27T08:07:28.578+0000] {docker.py:413} INFO - 24/06/27 08:07:28 INFO Utils: Fetching spark://localhost:39529/jars/org.apache.hadoop_hadoop-client-api-3.3.4.jar to /tmp/spark-1d64d15c-1f1a-4b82-8147-eb40305b03b2/userFiles-ec05dac3-14d1-43c5-a5c2-fc0297b35c32/fetchFileTemp4875128287156434119.tmp
[2024-06-27T08:07:28.615+0000] {docker.py:413} INFO - 24/06/27 08:07:28 INFO Utils: /tmp/spark-1d64d15c-1f1a-4b82-8147-eb40305b03b2/userFiles-ec05dac3-14d1-43c5-a5c2-fc0297b35c32/fetchFileTemp4875128287156434119.tmp has been previously copied to /tmp/spark-1d64d15c-1f1a-4b82-8147-eb40305b03b2/userFiles-ec05dac3-14d1-43c5-a5c2-fc0297b35c32/org.apache.hadoop_hadoop-client-api-3.3.4.jar
[2024-06-27T08:07:28.618+0000] {docker.py:413} INFO - 24/06/27 08:07:28 INFO Executor: Adding file:/tmp/spark-1d64d15c-1f1a-4b82-8147-eb40305b03b2/userFiles-ec05dac3-14d1-43c5-a5c2-fc0297b35c32/org.apache.hadoop_hadoop-client-api-3.3.4.jar to class loader default
[2024-06-27T08:07:28.618+0000] {docker.py:413} INFO - 24/06/27 08:07:28 INFO Executor: Fetching spark://localhost:39529/jars/org.checkerframework_checker-qual-3.5.0.jar with timestamp 1719475648039
[2024-06-27T08:07:28.618+0000] {docker.py:413} INFO - 24/06/27 08:07:28 INFO Utils: Fetching spark://localhost:39529/jars/org.checkerframework_checker-qual-3.5.0.jar to /tmp/spark-1d64d15c-1f1a-4b82-8147-eb40305b03b2/userFiles-ec05dac3-14d1-43c5-a5c2-fc0297b35c32/fetchFileTemp829427685384364811.tmp
[2024-06-27T08:07:28.619+0000] {docker.py:413} INFO - 24/06/27 08:07:28 INFO Utils: /tmp/spark-1d64d15c-1f1a-4b82-8147-eb40305b03b2/userFiles-ec05dac3-14d1-43c5-a5c2-fc0297b35c32/fetchFileTemp829427685384364811.tmp has been previously copied to /tmp/spark-1d64d15c-1f1a-4b82-8147-eb40305b03b2/userFiles-ec05dac3-14d1-43c5-a5c2-fc0297b35c32/org.checkerframework_checker-qual-3.5.0.jar
[2024-06-27T08:07:28.620+0000] {docker.py:413} INFO - 24/06/27 08:07:28 INFO Executor: Adding file:/tmp/spark-1d64d15c-1f1a-4b82-8147-eb40305b03b2/userFiles-ec05dac3-14d1-43c5-a5c2-fc0297b35c32/org.checkerframework_checker-qual-3.5.0.jar to class loader default
[2024-06-27T08:07:28.621+0000] {docker.py:413} INFO - 24/06/27 08:07:28 INFO Executor: Fetching spark://localhost:39529/jars/org.slf4j_slf4j-api-2.0.7.jar with timestamp 1719475648039
[2024-06-27T08:07:28.622+0000] {docker.py:413} INFO - 24/06/27 08:07:28 INFO Utils: Fetching spark://localhost:39529/jars/org.slf4j_slf4j-api-2.0.7.jar to /tmp/spark-1d64d15c-1f1a-4b82-8147-eb40305b03b2/userFiles-ec05dac3-14d1-43c5-a5c2-fc0297b35c32/fetchFileTemp1433836321220530714.tmp
[2024-06-27T08:07:28.622+0000] {docker.py:413} INFO - 24/06/27 08:07:28 INFO Utils: /tmp/spark-1d64d15c-1f1a-4b82-8147-eb40305b03b2/userFiles-ec05dac3-14d1-43c5-a5c2-fc0297b35c32/fetchFileTemp1433836321220530714.tmp has been previously copied to /tmp/spark-1d64d15c-1f1a-4b82-8147-eb40305b03b2/userFiles-ec05dac3-14d1-43c5-a5c2-fc0297b35c32/org.slf4j_slf4j-api-2.0.7.jar
[2024-06-27T08:07:28.623+0000] {docker.py:413} INFO - 24/06/27 08:07:28 INFO Executor: Adding file:/tmp/spark-1d64d15c-1f1a-4b82-8147-eb40305b03b2/userFiles-ec05dac3-14d1-43c5-a5c2-fc0297b35c32/org.slf4j_slf4j-api-2.0.7.jar to class loader default
[2024-06-27T08:07:28.624+0000] {docker.py:413} INFO - 24/06/27 08:07:28 INFO Executor: Fetching spark://localhost:39529/jars/org.apache.kafka_kafka-clients-3.4.1.jar with timestamp 1719475648039
[2024-06-27T08:07:28.624+0000] {docker.py:413} INFO - 24/06/27 08:07:28 INFO Utils: Fetching spark://localhost:39529/jars/org.apache.kafka_kafka-clients-3.4.1.jar to /tmp/spark-1d64d15c-1f1a-4b82-8147-eb40305b03b2/userFiles-ec05dac3-14d1-43c5-a5c2-fc0297b35c32/fetchFileTemp1500075275897428566.tmp
[2024-06-27T08:07:28.632+0000] {docker.py:413} INFO - 24/06/27 08:07:28 INFO Utils: /tmp/spark-1d64d15c-1f1a-4b82-8147-eb40305b03b2/userFiles-ec05dac3-14d1-43c5-a5c2-fc0297b35c32/fetchFileTemp1500075275897428566.tmp has been previously copied to /tmp/spark-1d64d15c-1f1a-4b82-8147-eb40305b03b2/userFiles-ec05dac3-14d1-43c5-a5c2-fc0297b35c32/org.apache.kafka_kafka-clients-3.4.1.jar
[2024-06-27T08:07:28.634+0000] {docker.py:413} INFO - 24/06/27 08:07:28 INFO Executor: Adding file:/tmp/spark-1d64d15c-1f1a-4b82-8147-eb40305b03b2/userFiles-ec05dac3-14d1-43c5-a5c2-fc0297b35c32/org.apache.kafka_kafka-clients-3.4.1.jar to class loader default
[2024-06-27T08:07:28.635+0000] {docker.py:413} INFO - 24/06/27 08:07:28 INFO Executor: Fetching spark://localhost:39529/jars/org.xerial.snappy_snappy-java-1.1.10.3.jar with timestamp 1719475648039
[2024-06-27T08:07:28.635+0000] {docker.py:413} INFO - 24/06/27 08:07:28 INFO Utils: Fetching spark://localhost:39529/jars/org.xerial.snappy_snappy-java-1.1.10.3.jar to /tmp/spark-1d64d15c-1f1a-4b82-8147-eb40305b03b2/userFiles-ec05dac3-14d1-43c5-a5c2-fc0297b35c32/fetchFileTemp8834722183910322672.tmp
[2024-06-27T08:07:28.638+0000] {docker.py:413} INFO - 24/06/27 08:07:28 INFO Utils: /tmp/spark-1d64d15c-1f1a-4b82-8147-eb40305b03b2/userFiles-ec05dac3-14d1-43c5-a5c2-fc0297b35c32/fetchFileTemp8834722183910322672.tmp has been previously copied to /tmp/spark-1d64d15c-1f1a-4b82-8147-eb40305b03b2/userFiles-ec05dac3-14d1-43c5-a5c2-fc0297b35c32/org.xerial.snappy_snappy-java-1.1.10.3.jar
[2024-06-27T08:07:28.640+0000] {docker.py:413} INFO - 24/06/27 08:07:28 INFO Executor: Adding file:/tmp/spark-1d64d15c-1f1a-4b82-8147-eb40305b03b2/userFiles-ec05dac3-14d1-43c5-a5c2-fc0297b35c32/org.xerial.snappy_snappy-java-1.1.10.3.jar to class loader default
[2024-06-27T08:07:28.641+0000] {docker.py:413} INFO - 24/06/27 08:07:28 INFO Executor: Fetching spark://localhost:39529/jars/org.apache.hadoop_hadoop-client-runtime-3.3.4.jar with timestamp 1719475648039
24/06/27 08:07:28 INFO Utils: Fetching spark://localhost:39529/jars/org.apache.hadoop_hadoop-client-runtime-3.3.4.jar to /tmp/spark-1d64d15c-1f1a-4b82-8147-eb40305b03b2/userFiles-ec05dac3-14d1-43c5-a5c2-fc0297b35c32/fetchFileTemp10979915056439800274.tmp
[2024-06-27T08:07:28.684+0000] {docker.py:413} INFO - 24/06/27 08:07:28 INFO Utils: /tmp/spark-1d64d15c-1f1a-4b82-8147-eb40305b03b2/userFiles-ec05dac3-14d1-43c5-a5c2-fc0297b35c32/fetchFileTemp10979915056439800274.tmp has been previously copied to /tmp/spark-1d64d15c-1f1a-4b82-8147-eb40305b03b2/userFiles-ec05dac3-14d1-43c5-a5c2-fc0297b35c32/org.apache.hadoop_hadoop-client-runtime-3.3.4.jar
[2024-06-27T08:07:28.687+0000] {docker.py:413} INFO - 24/06/27 08:07:28 INFO Executor: Adding file:/tmp/spark-1d64d15c-1f1a-4b82-8147-eb40305b03b2/userFiles-ec05dac3-14d1-43c5-a5c2-fc0297b35c32/org.apache.hadoop_hadoop-client-runtime-3.3.4.jar to class loader default
[2024-06-27T08:07:28.687+0000] {docker.py:413} INFO - 24/06/27 08:07:28 INFO Executor: Fetching spark://localhost:39529/jars/org.apache.spark_spark-sql-kafka-0-10_2.12-3.5.0.jar with timestamp 1719475648039
[2024-06-27T08:07:28.688+0000] {docker.py:413} INFO - 24/06/27 08:07:28 INFO Utils: Fetching spark://localhost:39529/jars/org.apache.spark_spark-sql-kafka-0-10_2.12-3.5.0.jar to /tmp/spark-1d64d15c-1f1a-4b82-8147-eb40305b03b2/userFiles-ec05dac3-14d1-43c5-a5c2-fc0297b35c32/fetchFileTemp12444872518712447382.tmp
[2024-06-27T08:07:28.689+0000] {docker.py:413} INFO - 24/06/27 08:07:28 INFO Utils: /tmp/spark-1d64d15c-1f1a-4b82-8147-eb40305b03b2/userFiles-ec05dac3-14d1-43c5-a5c2-fc0297b35c32/fetchFileTemp12444872518712447382.tmp has been previously copied to /tmp/spark-1d64d15c-1f1a-4b82-8147-eb40305b03b2/userFiles-ec05dac3-14d1-43c5-a5c2-fc0297b35c32/org.apache.spark_spark-sql-kafka-0-10_2.12-3.5.0.jar
[2024-06-27T08:07:28.691+0000] {docker.py:413} INFO - 24/06/27 08:07:28 INFO Executor: Adding file:/tmp/spark-1d64d15c-1f1a-4b82-8147-eb40305b03b2/userFiles-ec05dac3-14d1-43c5-a5c2-fc0297b35c32/org.apache.spark_spark-sql-kafka-0-10_2.12-3.5.0.jar to class loader default
[2024-06-27T08:07:28.691+0000] {docker.py:413} INFO - 24/06/27 08:07:28 INFO Executor: Fetching spark://localhost:39529/jars/org.apache.commons_commons-pool2-2.11.1.jar with timestamp 1719475648039
24/06/27 08:07:28 INFO Utils: Fetching spark://localhost:39529/jars/org.apache.commons_commons-pool2-2.11.1.jar to /tmp/spark-1d64d15c-1f1a-4b82-8147-eb40305b03b2/userFiles-ec05dac3-14d1-43c5-a5c2-fc0297b35c32/fetchFileTemp8994482200252461125.tmp
[2024-06-27T08:07:28.692+0000] {docker.py:413} INFO - 24/06/27 08:07:28 INFO Utils: /tmp/spark-1d64d15c-1f1a-4b82-8147-eb40305b03b2/userFiles-ec05dac3-14d1-43c5-a5c2-fc0297b35c32/fetchFileTemp8994482200252461125.tmp has been previously copied to /tmp/spark-1d64d15c-1f1a-4b82-8147-eb40305b03b2/userFiles-ec05dac3-14d1-43c5-a5c2-fc0297b35c32/org.apache.commons_commons-pool2-2.11.1.jar
[2024-06-27T08:07:28.695+0000] {docker.py:413} INFO - 24/06/27 08:07:28 INFO Executor: Adding file:/tmp/spark-1d64d15c-1f1a-4b82-8147-eb40305b03b2/userFiles-ec05dac3-14d1-43c5-a5c2-fc0297b35c32/org.apache.commons_commons-pool2-2.11.1.jar to class loader default
[2024-06-27T08:07:28.695+0000] {docker.py:413} INFO - 24/06/27 08:07:28 INFO Executor: Fetching spark://localhost:39529/jars/org.lz4_lz4-java-1.8.0.jar with timestamp 1719475648039
[2024-06-27T08:07:28.695+0000] {docker.py:413} INFO - 24/06/27 08:07:28 INFO Utils: Fetching spark://localhost:39529/jars/org.lz4_lz4-java-1.8.0.jar to /tmp/spark-1d64d15c-1f1a-4b82-8147-eb40305b03b2/userFiles-ec05dac3-14d1-43c5-a5c2-fc0297b35c32/fetchFileTemp4204897247591441870.tmp
[2024-06-27T08:07:28.697+0000] {docker.py:413} INFO - 24/06/27 08:07:28 INFO Utils: /tmp/spark-1d64d15c-1f1a-4b82-8147-eb40305b03b2/userFiles-ec05dac3-14d1-43c5-a5c2-fc0297b35c32/fetchFileTemp4204897247591441870.tmp has been previously copied to /tmp/spark-1d64d15c-1f1a-4b82-8147-eb40305b03b2/userFiles-ec05dac3-14d1-43c5-a5c2-fc0297b35c32/org.lz4_lz4-java-1.8.0.jar
[2024-06-27T08:07:28.713+0000] {docker.py:413} INFO - 24/06/27 08:07:28 INFO Executor: Adding file:/tmp/spark-1d64d15c-1f1a-4b82-8147-eb40305b03b2/userFiles-ec05dac3-14d1-43c5-a5c2-fc0297b35c32/org.lz4_lz4-java-1.8.0.jar to class loader default
[2024-06-27T08:07:28.714+0000] {docker.py:413} INFO - 24/06/27 08:07:28 INFO Executor: Fetching spark://localhost:39529/jars/com.google.code.findbugs_jsr305-3.0.0.jar with timestamp 1719475648039
[2024-06-27T08:07:28.714+0000] {docker.py:413} INFO - 24/06/27 08:07:28 INFO Utils: Fetching spark://localhost:39529/jars/com.google.code.findbugs_jsr305-3.0.0.jar to /tmp/spark-1d64d15c-1f1a-4b82-8147-eb40305b03b2/userFiles-ec05dac3-14d1-43c5-a5c2-fc0297b35c32/fetchFileTemp13371588211818372058.tmp
[2024-06-27T08:07:28.714+0000] {docker.py:413} INFO - 24/06/27 08:07:28 INFO Utils: /tmp/spark-1d64d15c-1f1a-4b82-8147-eb40305b03b2/userFiles-ec05dac3-14d1-43c5-a5c2-fc0297b35c32/fetchFileTemp13371588211818372058.tmp has been previously copied to /tmp/spark-1d64d15c-1f1a-4b82-8147-eb40305b03b2/userFiles-ec05dac3-14d1-43c5-a5c2-fc0297b35c32/com.google.code.findbugs_jsr305-3.0.0.jar
[2024-06-27T08:07:28.716+0000] {docker.py:413} INFO - 24/06/27 08:07:28 INFO Executor: Adding file:/tmp/spark-1d64d15c-1f1a-4b82-8147-eb40305b03b2/userFiles-ec05dac3-14d1-43c5-a5c2-fc0297b35c32/com.google.code.findbugs_jsr305-3.0.0.jar to class loader default
[2024-06-27T08:07:28.721+0000] {docker.py:413} INFO - 24/06/27 08:07:28 INFO Utils: Successfully started service 'org.apache.spark.network.netty.NettyBlockTransferService' on port 40643.
24/06/27 08:07:28 INFO NettyBlockTransferService: Server created on localhost:40643
[2024-06-27T08:07:28.731+0000] {docker.py:413} INFO - 24/06/27 08:07:28 INFO BlockManager: Using org.apache.spark.storage.RandomBlockReplicationPolicy for block replication policy
[2024-06-27T08:07:28.740+0000] {docker.py:413} INFO - 24/06/27 08:07:28 INFO BlockManagerMaster: Registering BlockManager BlockManagerId(driver, localhost, 40643, None)
[2024-06-27T08:07:28.740+0000] {docker.py:413} INFO - 24/06/27 08:07:28 INFO BlockManagerMasterEndpoint: Registering block manager localhost:40643 with 434.4 MiB RAM, BlockManagerId(driver, localhost, 40643, None)
[2024-06-27T08:07:28.740+0000] {docker.py:413} INFO - 24/06/27 08:07:28 INFO BlockManagerMaster: Registered BlockManager BlockManagerId(driver, localhost, 40643, None)
[2024-06-27T08:07:28.741+0000] {docker.py:413} INFO - 24/06/27 08:07:28 INFO BlockManager: Initialized BlockManager: BlockManagerId(driver, localhost, 40643, None)
[2024-06-27T08:07:28.935+0000] {docker.py:413} INFO - 2024-06-27 08:07:28,934:create_spark_session:INFO:Spark session created successfully
[2024-06-27T08:07:28.938+0000] {docker.py:413} INFO - 24/06/27 08:07:28 INFO SharedState: Setting hive.metastore.warehouse.dir ('null') to the value of spark.sql.warehouse.dir.
[2024-06-27T08:07:28.939+0000] {docker.py:413} INFO - 24/06/27 08:07:28 INFO SharedState: Warehouse path is 'file:/opt/bitnami/spark/spark-warehouse'.
[2024-06-27T08:07:29.642+0000] {docker.py:413} INFO - 2024-06-27 08:07:29,641:create_initial_dataframe:INFO:Initial dataframe created successfully
[2024-06-27T08:07:34.873+0000] {docker.py:413} INFO - Traceback (most recent call last):
  File "/opt/bitnami/spark/spark_streaming.py", line 103, in <module>
    write_to_postgres()
  File "/opt/bitnami/spark/spark_streaming.py", line 99, in write_to_postgres
[2024-06-27T08:07:34.873+0000] {docker.py:413} INFO - start_streaming(df_final, spark=spark)
  File "/opt/bitnami/spark/spark_streaming.py", line 71, in start_streaming
    existing_data_df = spark.read.jdbc(
                       ^^^^^^^^^^^^^^^^
  File "/opt/bitnami/spark/python/lib/pyspark.zip/pyspark/sql/readwriter.py", line 946, in jdbc
[2024-06-27T08:07:34.874+0000] {docker.py:413} INFO - File "/opt/bitnami/spark/python/lib/py4j-0.10.9.7-src.zip/py4j/java_gateway.py", line 1322, in __call__
[2024-06-27T08:07:34.874+0000] {docker.py:413} INFO - File "/opt/bitnami/spark/python/lib/pyspark.zip/pyspark/errors/exceptions/captured.py", line 179, in deco
[2024-06-27T08:07:34.874+0000] {docker.py:413} INFO - File "/opt/bitnami/spark/python/lib/py4j-0.10.9.7-src.zip/py4j/protocol.py", line 326, in get_return_value
[2024-06-27T08:07:34.875+0000] {docker.py:413} INFO - py4j.protocol.Py4JJavaError
[2024-06-27T08:07:34.875+0000] {docker.py:413} INFO - : An error occurred while calling o50.jdbc.
: org.postgresql.util.PSQLException: The connection attempt failed.
	at org.postgresql.core.v3.ConnectionFactoryImpl.openConnectionImpl(ConnectionFactoryImpl.java:354)
	at org.postgresql.core.ConnectionFactory.openConnection(ConnectionFactory.java:54)
	at org.postgresql.jdbc.PgConnection.<init>(PgConnection.java:253)
	at org.postgresql.Driver.makeConnection(Driver.java:434)
	at org.postgresql.Driver.connect(Driver.java:291)
	at org.apache.spark.sql.execution.datasources.jdbc.connection.BasicConnectionProvider.getConnection(BasicConnectionProvider.scala:49)
	at org.apache.spark.sql.execution.datasources.jdbc.connection.ConnectionProviderBase.create(ConnectionProvider.scala:102)
	at org.apache.spark.sql.jdbc.JdbcDialect.$anonfun$createConnectionFactory$1(JdbcDialects.scala:160)
	at org.apache.spark.sql.jdbc.JdbcDialect.$anonfun$createConnectionFactory$1$adapted(JdbcDialects.scala:156)
	at org.apache.spark.sql.execution.datasources.jdbc.JDBCRDD$.getQueryOutputSchema(JDBCRDD.scala:63)
	at org.apache.spark.sql.execution.datasources.jdbc.JDBCRDD$.resolveTable(JDBCRDD.scala:58)
	at org.apache.spark.sql.execution.datasources.jdbc.JDBCRelation$.getSchema(JDBCRelation.scala:241)
	at org.apache.spark.sql.execution.datasources.jdbc.JdbcRelationProvider.createRelation(JdbcRelationProvider.scala:37)
	at org.apache.spark.sql.execution.datasources.DataSource.resolveRelation(DataSource.scala:346)
	at org.apache.spark.sql.DataFrameReader.loadV1Source(DataFrameReader.scala:229)
	at org.apache.spark.sql.DataFrameReader.$anonfun$load$2(DataFrameReader.scala:211)
	at scala.Option.getOrElse(Option.scala:189)
	at org.apache.spark.sql.DataFrameReader.load(DataFrameReader.scala:211)
	at org.apache.spark.sql.DataFrameReader.load(DataFrameReader.scala:172)
	at org.apache.spark.sql.DataFrameReader.jdbc(DataFrameReader.scala:249)
	at java.base/jdk.internal.reflect.NativeMethodAccessorImpl.invoke0(Native Method)
	at java.base/jdk.internal.reflect.NativeMethodAccessorImpl.invoke(NativeMethodAccessorImpl.java:77)
	at java.base/jdk.internal.reflect.DelegatingMethodAccessorImpl.invoke(DelegatingMethodAccessorImpl.java:43)
	at java.base/java.lang.reflect.Method.invoke(Method.java:568)
	at py4j.reflection.MethodInvoker.invoke(MethodInvoker.java:244)
	at py4j.reflection.ReflectionEngine.invoke(ReflectionEngine.java:374)
	at py4j.Gateway.invoke(Gateway.java:282)
	at py4j.commands.AbstractCommand.invokeMethod(AbstractCommand.java:132)
	at py4j.commands.CallCommand.execute(CallCommand.java:79)
	at py4j.ClientServerConnection.waitForCommands(ClientServerConnection.java:182)
	at py4j.ClientServerConnection.run(ClientServerConnection.java:106)
	at java.base/java.lang.Thread.run(Thread.java:840)
Caused by: java.net.SocketTimeoutException: Read timed out
	at java.base/sun.nio.ch.NioSocketImpl.timedRead(NioSocketImpl.java:288)
	at java.base/sun.nio.ch.NioSocketImpl.implRead(NioSocketImpl.java:314)
	at java.base/sun.nio.ch.NioSocketImpl.read(NioSocketImpl.java:355)
	at java.base/sun.nio.ch.NioSocketImpl$1.read(NioSocketImpl.java:808)
	at java.base/java.net.Socket$SocketInputStream.read(Socket.java:966)
	at org.postgresql.core.VisibleBufferedInputStream.readMore(VisibleBufferedInputStream.java:161)
	at org.postgresql.core.VisibleBufferedInputStream.ensureBytes(VisibleBufferedInputStream.java:128)
	at org.postgresql.core.VisibleBufferedInputStream.ensureBytes(VisibleBufferedInputStream.java:113)
	at org.postgresql.core.VisibleBufferedInputStream.read(VisibleBufferedInputStream.java:73)
	at org.postgresql.core.PGStream.receiveChar(PGStream.java:465)
	at org.postgresql.core.v3.ConnectionFactoryImpl.enableSSL(ConnectionFactoryImpl.java:589)
	at org.postgresql.core.v3.ConnectionFactoryImpl.tryConnect(ConnectionFactoryImpl.java:191)
	at org.postgresql.core.v3.ConnectionFactoryImpl.openConnectionImpl(ConnectionFactoryImpl.java:258)
	... 31 more
[2024-06-27T08:07:34.875+0000] {docker.py:413} INFO - 2024-06-27 08:07:34,873:close:INFO:Closing down clientserver connection
[2024-06-27T08:07:34.893+0000] {docker.py:413} INFO - 24/06/27 08:07:34 INFO SparkContext: Invoking stop() from shutdown hook
[2024-06-27T08:07:34.894+0000] {docker.py:413} INFO - 24/06/27 08:07:34 INFO SparkContext: SparkContext is stopping with exitCode 0.
[2024-06-27T08:07:34.899+0000] {docker.py:413} INFO - 24/06/27 08:07:34 INFO SparkUI: Stopped Spark web UI at http://localhost:4040
[2024-06-27T08:07:34.904+0000] {docker.py:413} INFO - 24/06/27 08:07:34 INFO MapOutputTrackerMasterEndpoint: MapOutputTrackerMasterEndpoint stopped!
[2024-06-27T08:07:34.912+0000] {docker.py:413} INFO - 24/06/27 08:07:34 INFO MemoryStore: MemoryStore cleared
[2024-06-27T08:07:34.912+0000] {docker.py:413} INFO - 24/06/27 08:07:34 INFO BlockManager: BlockManager stopped
[2024-06-27T08:07:34.913+0000] {docker.py:413} INFO - 24/06/27 08:07:34 INFO BlockManagerMaster: BlockManagerMaster stopped
[2024-06-27T08:07:34.915+0000] {docker.py:413} INFO - 24/06/27 08:07:34 INFO OutputCommitCoordinator$OutputCommitCoordinatorEndpoint: OutputCommitCoordinator stopped!
[2024-06-27T08:07:34.921+0000] {docker.py:413} INFO - 24/06/27 08:07:34 INFO SparkContext: Successfully stopped SparkContext
[2024-06-27T08:07:34.922+0000] {docker.py:413} INFO - 24/06/27 08:07:34 INFO ShutdownHookManager: Shutdown hook called
[2024-06-27T08:07:34.922+0000] {docker.py:413} INFO - 24/06/27 08:07:34 INFO ShutdownHookManager: Deleting directory /tmp/spark-1d64d15c-1f1a-4b82-8147-eb40305b03b2/pyspark-68f2fb35-51b0-4c9e-9170-9cae9e23f64c
[2024-06-27T08:07:34.923+0000] {docker.py:413} INFO - 24/06/27 08:07:34 INFO ShutdownHookManager: Deleting directory /tmp/spark-0e016c65-d3f8-4949-9140-ef55bef3b555
[2024-06-27T08:07:34.924+0000] {docker.py:413} INFO - 24/06/27 08:07:34 INFO ShutdownHookManager: Deleting directory /tmp/spark-1d64d15c-1f1a-4b82-8147-eb40305b03b2
[2024-06-27T08:07:35.044+0000] {taskinstance.py:1937} ERROR - Task failed with exception
Traceback (most recent call last):
  File "/home/airflow/.local/lib/python3.8/site-packages/docker/api/client.py", line 268, in _raise_for_status
    response.raise_for_status()
  File "/home/airflow/.local/lib/python3.8/site-packages/requests/models.py", line 1021, in raise_for_status
    raise HTTPError(http_error_msg, response=self)
requests.exceptions.HTTPError: 400 Client Error: Bad Request for url: http://docker-proxy:2375/v1.44/containers/create

The above exception was the direct cause of the following exception:

Traceback (most recent call last):
  File "/home/airflow/.local/lib/python3.8/site-packages/airflow/providers/docker/operators/docker.py", line 348, in _run_image
    return self._run_image_with_mounts([*self.mounts, tmp_mount], add_tmp_variable=True)
  File "/home/airflow/.local/lib/python3.8/site-packages/airflow/providers/docker/operators/docker.py", line 375, in _run_image_with_mounts
    self.container = self.cli.create_container(
  File "/home/airflow/.local/lib/python3.8/site-packages/docker/api/container.py", line 431, in create_container
    return self.create_container_from_config(config, name, platform)
  File "/home/airflow/.local/lib/python3.8/site-packages/docker/api/container.py", line 448, in create_container_from_config
    return self._result(res, True)
  File "/home/airflow/.local/lib/python3.8/site-packages/docker/api/client.py", line 274, in _result
    self._raise_for_status(response)
  File "/home/airflow/.local/lib/python3.8/site-packages/docker/api/client.py", line 270, in _raise_for_status
    raise create_api_error_from_http_exception(e) from e
  File "/home/airflow/.local/lib/python3.8/site-packages/docker/errors.py", line 39, in create_api_error_from_http_exception
    raise cls(e, response=response, explanation=explanation) from e
docker.errors.APIError: 400 Client Error for http://docker-proxy:2375/v1.44/containers/create: Bad Request ("invalid mount config for type "bind": bind source path does not exist: /host_mnt/private/tmp/airflowtmpn3hlw7_i")

During handling of the above exception, another exception occurred:

Traceback (most recent call last):
  File "/home/airflow/.local/lib/python3.8/site-packages/airflow/providers/docker/operators/docker.py", line 486, in execute
    return self._run_image()
  File "/home/airflow/.local/lib/python3.8/site-packages/airflow/providers/docker/operators/docker.py", line 357, in _run_image
    return self._run_image_with_mounts(self.mounts, add_tmp_variable=False)
  File "/home/airflow/.local/lib/python3.8/site-packages/airflow/providers/docker/operators/docker.py", line 421, in _run_image_with_mounts
    raise DockerContainerFailedException(f"Docker container failed: {result!r}", logs=log_lines)
airflow.providers.docker.exceptions.DockerContainerFailedException: Docker container failed: {'StatusCode': 1}
[2024-06-27T08:07:35.047+0000] {taskinstance.py:1400} INFO - Marking task as FAILED. dag_id=kafka_spark_dag, task_id=pyspark_consumer, execution_date=20240626T080628, start_date=20240627T080722, end_date=20240627T080735
[2024-06-27T08:07:35.054+0000] {standard_task_runner.py:104} ERROR - Failed to execute job 125 for task pyspark_consumer (Docker container failed: {'StatusCode': 1}; 668)
[2024-06-27T08:07:35.069+0000] {local_task_job_runner.py:228} INFO - Task exited with return code 1
[2024-06-27T08:07:35.076+0000] {taskinstance.py:2778} INFO - 0 downstream tasks scheduled from follow-on schedule check
