[2024-06-27T07:41:44.254+0000] {taskinstance.py:1159} INFO - Dependencies all met for dep_context=non-requeueable deps ti=<TaskInstance: kafka_spark_dag.pyspark_consumer scheduled__2024-06-26T07:40:54.574935+00:00 [queued]>
[2024-06-27T07:41:44.258+0000] {taskinstance.py:1159} INFO - Dependencies all met for dep_context=requeueable deps ti=<TaskInstance: kafka_spark_dag.pyspark_consumer scheduled__2024-06-26T07:40:54.574935+00:00 [queued]>
[2024-06-27T07:41:44.258+0000] {taskinstance.py:1361} INFO - Starting attempt 2 of 2
[2024-06-27T07:41:44.263+0000] {taskinstance.py:1382} INFO - Executing <Task(DockerOperator): pyspark_consumer> on 2024-06-26 07:40:54.574935+00:00
[2024-06-27T07:41:44.266+0000] {standard_task_runner.py:57} INFO - Started process 900 to run task
[2024-06-27T07:41:44.268+0000] {standard_task_runner.py:84} INFO - Running: ['***', 'tasks', 'run', 'kafka_spark_dag', 'pyspark_consumer', 'scheduled__2024-06-26T07:40:54.574935+00:00', '--job-id', '118', '--raw', '--subdir', 'DAGS_FOLDER/dag_kafka_spark.py', '--cfg-path', '/tmp/tmpihz8raa3']
[2024-06-27T07:41:44.269+0000] {standard_task_runner.py:85} INFO - Job 118: Subtask pyspark_consumer
[2024-06-27T07:41:44.294+0000] {task_command.py:416} INFO - Running <TaskInstance: kafka_spark_dag.pyspark_consumer scheduled__2024-06-26T07:40:54.574935+00:00 [running]> on host cd176cdca805
[2024-06-27T07:41:44.328+0000] {taskinstance.py:1662} INFO - Exporting env vars: AIRFLOW_CTX_DAG_OWNER='***' AIRFLOW_CTX_DAG_ID='kafka_spark_dag' AIRFLOW_CTX_TASK_ID='pyspark_consumer' AIRFLOW_CTX_EXECUTION_DATE='2024-06-26T07:40:54.574935+00:00' AIRFLOW_CTX_TRY_NUMBER='2' AIRFLOW_CTX_DAG_RUN_ID='scheduled__2024-06-26T07:40:54.574935+00:00'
[2024-06-27T07:41:44.344+0000] {docker.py:343} INFO - Starting docker container from image current-headlines/spark:latest
[2024-06-27T07:41:44.349+0000] {docker.py:351} WARNING - Using remote engine or docker-in-docker and mounting temporary volume from host is not supported. Falling back to `mount_tmp_dir=False` mode. You can set `mount_tmp_dir` parameter to False to disable mounting and remove the warning
[2024-06-27T07:41:44.509+0000] {docker.py:413} INFO - [38;5;6mspark [38;5;5m07:41:44.50 [0m[38;5;2mINFO [0m ==>
[2024-06-27T07:41:44.509+0000] {docker.py:413} INFO - [38;5;6mspark [38;5;5m07:41:44.50 [0m[38;5;2mINFO [0m ==> [1mWelcome to the Bitnami spark container[0m
[2024-06-27T07:41:44.511+0000] {docker.py:413} INFO - [38;5;6mspark [38;5;5m07:41:44.50 [0m[38;5;2mINFO [0m ==> Subscribe to project updates by watching [1mhttps://github.com/bitnami/containers[0m
[2024-06-27T07:41:44.511+0000] {docker.py:413} INFO - [38;5;6mspark [38;5;5m07:41:44.51 [0m[38;5;2mINFO [0m ==> Submit issues and feature requests at [1mhttps://github.com/bitnami/containers/issues[0m
[2024-06-27T07:41:44.512+0000] {docker.py:413} INFO - [38;5;6mspark [38;5;5m07:41:44.51 [0m[38;5;2mINFO [0m ==>
[2024-06-27T07:41:44.514+0000] {docker.py:413} INFO - 
[2024-06-27T07:41:45.301+0000] {docker.py:413} INFO - :: loading settings :: url = jar:file:/opt/bitnami/spark/jars/ivy-2.5.1.jar!/org/apache/ivy/core/settings/ivysettings.xml
[2024-06-27T07:41:45.335+0000] {docker.py:413} INFO - Ivy Default Cache set to: /opt/bitnami/spark/.ivy2/cache
The jars for the packages stored in: /opt/bitnami/spark/.ivy2/jars
[2024-06-27T07:41:45.337+0000] {docker.py:413} INFO - org.postgresql#postgresql added as a dependency
org.apache.spark#spark-sql-kafka-0-10_2.12 added as a dependency
[2024-06-27T07:41:45.337+0000] {docker.py:413} INFO - :: resolving dependencies :: org.apache.spark#spark-submit-parent-c4b74bad-f3b8-4baa-9848-db9fe8fa0a46;1.0
	confs: [default]
[2024-06-27T07:41:45.583+0000] {docker.py:413} INFO - found org.postgresql#postgresql;42.5.4 in central
[2024-06-27T07:41:45.613+0000] {docker.py:413} INFO - found org.checkerframework#checker-qual;3.5.0 in central
[2024-06-27T07:41:46.069+0000] {docker.py:413} INFO - found org.apache.spark#spark-sql-kafka-0-10_2.12;3.5.0 in central
[2024-06-27T07:41:46.186+0000] {docker.py:413} INFO - found org.apache.spark#spark-token-provider-kafka-0-10_2.12;3.5.0 in central
[2024-06-27T07:41:46.215+0000] {docker.py:413} INFO - found org.apache.kafka#kafka-clients;3.4.1 in central
[2024-06-27T07:41:46.252+0000] {docker.py:413} INFO - found org.lz4#lz4-java;1.8.0 in central
[2024-06-27T07:41:46.284+0000] {docker.py:413} INFO - found org.xerial.snappy#snappy-java;1.1.10.3 in central
[2024-06-27T07:41:46.489+0000] {docker.py:413} INFO - found org.slf4j#slf4j-api;2.0.7 in central
[2024-06-27T07:41:46.888+0000] {docker.py:413} INFO - found org.apache.hadoop#hadoop-client-runtime;3.3.4 in central
[2024-06-27T07:41:46.944+0000] {docker.py:413} INFO - found org.apache.hadoop#hadoop-client-api;3.3.4 in central
[2024-06-27T07:41:47.185+0000] {docker.py:413} INFO - found commons-logging#commons-logging;1.1.3 in central
[2024-06-27T07:41:47.214+0000] {docker.py:413} INFO - found com.google.code.findbugs#jsr305;3.0.0 in central
[2024-06-27T07:41:47.581+0000] {docker.py:413} INFO - found org.apache.commons#commons-pool2;2.11.1 in central
[2024-06-27T07:41:47.607+0000] {docker.py:413} INFO - downloading https://repo1.maven.org/maven2/org/postgresql/postgresql/42.5.4/postgresql-42.5.4.jar ...
[2024-06-27T07:41:47.646+0000] {docker.py:413} INFO - [SUCCESSFUL ] org.postgresql#postgresql;42.5.4!postgresql.jar (60ms)
[2024-06-27T07:41:47.659+0000] {docker.py:413} INFO - downloading https://repo1.maven.org/maven2/org/apache/spark/spark-sql-kafka-0-10_2.12/3.5.0/spark-sql-kafka-0-10_2.12-3.5.0.jar ...
[2024-06-27T07:41:47.677+0000] {docker.py:413} INFO - [SUCCESSFUL ] org.apache.spark#spark-sql-kafka-0-10_2.12;3.5.0!spark-sql-kafka-0-10_2.12.jar (30ms)
[2024-06-27T07:41:47.688+0000] {docker.py:413} INFO - downloading https://repo1.maven.org/maven2/org/checkerframework/checker-qual/3.5.0/checker-qual-3.5.0.jar ...
[2024-06-27T07:41:47.703+0000] {docker.py:413} INFO - [SUCCESSFUL ] org.checkerframework#checker-qual;3.5.0!checker-qual.jar (25ms)
[2024-06-27T07:41:47.713+0000] {docker.py:413} INFO - downloading https://repo1.maven.org/maven2/org/apache/spark/spark-token-provider-kafka-0-10_2.12/3.5.0/spark-token-provider-kafka-0-10_2.12-3.5.0.jar ...
[2024-06-27T07:41:47.726+0000] {docker.py:413} INFO - [SUCCESSFUL ] org.apache.spark#spark-token-provider-kafka-0-10_2.12;3.5.0!spark-token-provider-kafka-0-10_2.12.jar (23ms)
[2024-06-27T07:41:47.746+0000] {docker.py:413} INFO - downloading https://repo1.maven.org/maven2/org/apache/kafka/kafka-clients/3.4.1/kafka-clients-3.4.1.jar ...
[2024-06-27T07:41:47.868+0000] {docker.py:413} INFO - [SUCCESSFUL ] org.apache.kafka#kafka-clients;3.4.1!kafka-clients.jar (142ms)
[2024-06-27T07:41:47.877+0000] {docker.py:413} INFO - downloading https://repo1.maven.org/maven2/com/google/code/findbugs/jsr305/3.0.0/jsr305-3.0.0.jar ...
[2024-06-27T07:41:47.887+0000] {docker.py:413} INFO - [SUCCESSFUL ] com.google.code.findbugs#jsr305;3.0.0!jsr305.jar (20ms)
[2024-06-27T07:41:47.904+0000] {docker.py:413} INFO - downloading https://repo1.maven.org/maven2/org/apache/commons/commons-pool2/2.11.1/commons-pool2-2.11.1.jar ...
[2024-06-27T07:41:47.917+0000] {docker.py:413} INFO - [SUCCESSFUL ] org.apache.commons#commons-pool2;2.11.1!commons-pool2.jar (29ms)
[2024-06-27T07:41:47.932+0000] {docker.py:413} INFO - downloading https://repo1.maven.org/maven2/org/apache/hadoop/hadoop-client-runtime/3.3.4/hadoop-client-runtime-3.3.4.jar ...
[2024-06-27T07:41:48.457+0000] {docker.py:413} INFO - [SUCCESSFUL ] org.apache.hadoop#hadoop-client-runtime;3.3.4!hadoop-client-runtime.jar (538ms)
[2024-06-27T07:41:48.467+0000] {docker.py:413} INFO - downloading https://repo1.maven.org/maven2/org/lz4/lz4-java/1.8.0/lz4-java-1.8.0.jar ...
[2024-06-27T07:41:48.488+0000] {docker.py:413} INFO - [SUCCESSFUL ] org.lz4#lz4-java;1.8.0!lz4-java.jar (32ms)
[2024-06-27T07:41:48.501+0000] {docker.py:413} INFO - downloading https://repo1.maven.org/maven2/org/xerial/snappy/snappy-java/1.1.10.3/snappy-java-1.1.10.3.jar ...
[2024-06-27T07:41:48.554+0000] {docker.py:413} INFO - [SUCCESSFUL ] org.xerial.snappy#snappy-java;1.1.10.3!snappy-java.jar(bundle) (65ms)
[2024-06-27T07:41:48.564+0000] {docker.py:413} INFO - downloading https://repo1.maven.org/maven2/org/slf4j/slf4j-api/2.0.7/slf4j-api-2.0.7.jar ...
[2024-06-27T07:41:48.576+0000] {docker.py:413} INFO - [SUCCESSFUL ] org.slf4j#slf4j-api;2.0.7!slf4j-api.jar (22ms)
[2024-06-27T07:41:48.587+0000] {docker.py:413} INFO - downloading https://repo1.maven.org/maven2/org/apache/hadoop/hadoop-client-api/3.3.4/hadoop-client-api-3.3.4.jar ...
[2024-06-27T07:41:49.004+0000] {docker.py:413} INFO - [SUCCESSFUL ] org.apache.hadoop#hadoop-client-api;3.3.4!hadoop-client-api.jar (428ms)
[2024-06-27T07:41:49.018+0000] {docker.py:413} INFO - downloading https://repo1.maven.org/maven2/commons-logging/commons-logging/1.1.3/commons-logging-1.1.3.jar ...
[2024-06-27T07:41:49.033+0000] {docker.py:413} INFO - [SUCCESSFUL ] commons-logging#commons-logging;1.1.3!commons-logging.jar (28ms)
[2024-06-27T07:41:49.033+0000] {docker.py:413} INFO - :: resolution report :: resolve 2247ms :: artifacts dl 1448ms
[2024-06-27T07:41:49.033+0000] {docker.py:413} INFO - :: modules in use:
[2024-06-27T07:41:49.034+0000] {docker.py:413} INFO - com.google.code.findbugs#jsr305;3.0.0 from central in [default]
	commons-logging#commons-logging;1.1.3 from central in [default]
	org.apache.commons#commons-pool2;2.11.1 from central in [default]
	org.apache.hadoop#hadoop-client-api;3.3.4 from central in [default]
	org.apache.hadoop#hadoop-client-runtime;3.3.4 from central in [default]
[2024-06-27T07:41:49.034+0000] {docker.py:413} INFO - org.apache.kafka#kafka-clients;3.4.1 from central in [default]
	org.apache.spark#spark-sql-kafka-0-10_2.12;3.5.0 from central in [default]
	org.apache.spark#spark-token-provider-kafka-0-10_2.12;3.5.0 from central in [default]
	org.checkerframework#checker-qual;3.5.0 from central in [default]
	org.lz4#lz4-java;1.8.0 from central in [default]
	org.postgresql#postgresql;42.5.4 from central in [default]
[2024-06-27T07:41:49.034+0000] {docker.py:413} INFO - org.slf4j#slf4j-api;2.0.7 from central in [default]
	org.xerial.snappy#snappy-java;1.1.10.3 from central in [default]
[2024-06-27T07:41:49.035+0000] {docker.py:413} INFO - ---------------------------------------------------------------------
	|                  |            modules            ||   artifacts   |
[2024-06-27T07:41:49.035+0000] {docker.py:413} INFO - |       conf       | number| search|dwnlded|evicted|| number|dwnlded|
	---------------------------------------------------------------------
[2024-06-27T07:41:49.035+0000] {docker.py:413} INFO - |      default     |   13  |   13  |   13  |   0   ||   13  |   13  |
	---------------------------------------------------------------------
[2024-06-27T07:41:49.036+0000] {docker.py:413} INFO - :: retrieving :: org.apache.spark#spark-submit-parent-c4b74bad-f3b8-4baa-9848-db9fe8fa0a46
	confs: [default]
[2024-06-27T07:41:49.060+0000] {docker.py:413} INFO - 13 artifacts copied, 0 already retrieved (58001kB/23ms)
[2024-06-27T07:41:49.151+0000] {docker.py:413} INFO - 24/06/27 07:41:49 WARN NativeCodeLoader: Unable to load native-hadoop library for your platform... using builtin-java classes where applicable
[2024-06-27T07:41:49.668+0000] {docker.py:413} INFO - 24/06/27 07:41:49 INFO SparkContext: Running Spark version 3.5.0
[2024-06-27T07:41:49.669+0000] {docker.py:413} INFO - 24/06/27 07:41:49 INFO SparkContext: OS info Linux, 6.6.12-linuxkit, aarch64
[2024-06-27T07:41:49.669+0000] {docker.py:413} INFO - 24/06/27 07:41:49 INFO SparkContext: Java version 17.0.10
[2024-06-27T07:41:49.679+0000] {docker.py:413} INFO - 24/06/27 07:41:49 INFO ResourceUtils: ==============================================================
[2024-06-27T07:41:49.679+0000] {docker.py:413} INFO - 24/06/27 07:41:49 INFO ResourceUtils: No custom resources configured for spark.driver.
[2024-06-27T07:41:49.679+0000] {docker.py:413} INFO - 24/06/27 07:41:49 INFO ResourceUtils: ==============================================================
[2024-06-27T07:41:49.679+0000] {docker.py:413} INFO - 24/06/27 07:41:49 INFO SparkContext: Submitted application: PostgreSQL Connection with PySpark
[2024-06-27T07:41:49.689+0000] {docker.py:413} INFO - 24/06/27 07:41:49 INFO ResourceProfile: Default ResourceProfile created, executor resources: Map(cores -> name: cores, amount: 1, script: , vendor: , memory -> name: memory, amount: 1024, script: , vendor: , offHeap -> name: offHeap, amount: 0, script: , vendor: ), task resources: Map(cpus -> name: cpus, amount: 1.0)
[2024-06-27T07:41:49.692+0000] {docker.py:413} INFO - 24/06/27 07:41:49 INFO ResourceProfile: Limiting resource is cpu
[2024-06-27T07:41:49.693+0000] {docker.py:413} INFO - 24/06/27 07:41:49 INFO ResourceProfileManager: Added ResourceProfile id: 0
[2024-06-27T07:41:49.718+0000] {docker.py:413} INFO - 24/06/27 07:41:49 INFO SecurityManager: Changing view acls to: spark
[2024-06-27T07:41:49.718+0000] {docker.py:413} INFO - 24/06/27 07:41:49 INFO SecurityManager: Changing modify acls to: spark
[2024-06-27T07:41:49.718+0000] {docker.py:413} INFO - 24/06/27 07:41:49 INFO SecurityManager: Changing view acls groups to:
[2024-06-27T07:41:49.718+0000] {docker.py:413} INFO - 24/06/27 07:41:49 INFO SecurityManager: Changing modify acls groups to:
[2024-06-27T07:41:49.719+0000] {docker.py:413} INFO - 24/06/27 07:41:49 INFO SecurityManager: SecurityManager: authentication disabled; ui acls disabled; users with view permissions: spark; groups with view permissions: EMPTY; users with modify permissions: spark; groups with modify permissions: EMPTY
[2024-06-27T07:41:49.816+0000] {docker.py:413} INFO - 24/06/27 07:41:49 INFO Utils: Successfully started service 'sparkDriver' on port 40853.
[2024-06-27T07:41:49.829+0000] {docker.py:413} INFO - 24/06/27 07:41:49 INFO SparkEnv: Registering MapOutputTracker
[2024-06-27T07:41:49.845+0000] {docker.py:413} INFO - 24/06/27 07:41:49 INFO SparkEnv: Registering BlockManagerMaster
[2024-06-27T07:41:49.853+0000] {docker.py:413} INFO - 24/06/27 07:41:49 INFO BlockManagerMasterEndpoint: Using org.apache.spark.storage.DefaultTopologyMapper for getting topology information
[2024-06-27T07:41:49.854+0000] {docker.py:413} INFO - 24/06/27 07:41:49 INFO BlockManagerMasterEndpoint: BlockManagerMasterEndpoint up
[2024-06-27T07:41:49.855+0000] {docker.py:413} INFO - 24/06/27 07:41:49 INFO SparkEnv: Registering BlockManagerMasterHeartbeat
[2024-06-27T07:41:49.865+0000] {docker.py:413} INFO - 24/06/27 07:41:49 INFO DiskBlockManager: Created local directory at /tmp/blockmgr-5720170d-e5f3-43d7-b2dd-672fe414b64e
[2024-06-27T07:41:49.871+0000] {docker.py:413} INFO - 24/06/27 07:41:49 INFO MemoryStore: MemoryStore started with capacity 434.4 MiB
[2024-06-27T07:41:49.881+0000] {docker.py:413} INFO - 24/06/27 07:41:49 INFO SparkEnv: Registering OutputCommitCoordinator
[2024-06-27T07:41:49.940+0000] {docker.py:413} INFO - 24/06/27 07:41:49 INFO JettyUtils: Start Jetty 0.0.0.0:4040 for SparkUI
[2024-06-27T07:41:49.970+0000] {docker.py:413} INFO - 24/06/27 07:41:49 INFO Utils: Successfully started service 'SparkUI' on port 4040.
[2024-06-27T07:41:49.989+0000] {docker.py:413} INFO - 24/06/27 07:41:49 INFO SparkContext: Added JAR file:///opt/bitnami/spark/.ivy2/jars/org.postgresql_postgresql-42.5.4.jar at spark://localhost:40853/jars/org.postgresql_postgresql-42.5.4.jar with timestamp 1719474109664
[2024-06-27T07:41:49.990+0000] {docker.py:413} INFO - 24/06/27 07:41:49 INFO SparkContext: Added JAR file:///opt/bitnami/spark/.ivy2/jars/org.apache.spark_spark-sql-kafka-0-10_2.12-3.5.0.jar at spark://localhost:40853/jars/org.apache.spark_spark-sql-kafka-0-10_2.12-3.5.0.jar with timestamp 1719474109664
[2024-06-27T07:41:49.990+0000] {docker.py:413} INFO - 24/06/27 07:41:49 INFO SparkContext: Added JAR file:///opt/bitnami/spark/.ivy2/jars/org.checkerframework_checker-qual-3.5.0.jar at spark://localhost:40853/jars/org.checkerframework_checker-qual-3.5.0.jar with timestamp 1719474109664
[2024-06-27T07:41:49.990+0000] {docker.py:413} INFO - 24/06/27 07:41:49 INFO SparkContext: Added JAR file:///opt/bitnami/spark/.ivy2/jars/org.apache.spark_spark-token-provider-kafka-0-10_2.12-3.5.0.jar at spark://localhost:40853/jars/org.apache.spark_spark-token-provider-kafka-0-10_2.12-3.5.0.jar with timestamp 1719474109664
[2024-06-27T07:41:49.990+0000] {docker.py:413} INFO - 24/06/27 07:41:49 INFO SparkContext: Added JAR file:///opt/bitnami/spark/.ivy2/jars/org.apache.kafka_kafka-clients-3.4.1.jar at spark://localhost:40853/jars/org.apache.kafka_kafka-clients-3.4.1.jar with timestamp 1719474109664
24/06/27 07:41:49 INFO SparkContext: Added JAR file:///opt/bitnami/spark/.ivy2/jars/com.google.code.findbugs_jsr305-3.0.0.jar at spark://localhost:40853/jars/com.google.code.findbugs_jsr305-3.0.0.jar with timestamp 1719474109664
[2024-06-27T07:41:49.991+0000] {docker.py:413} INFO - 24/06/27 07:41:49 INFO SparkContext: Added JAR file:///opt/bitnami/spark/.ivy2/jars/org.apache.commons_commons-pool2-2.11.1.jar at spark://localhost:40853/jars/org.apache.commons_commons-pool2-2.11.1.jar with timestamp 1719474109664
24/06/27 07:41:49 INFO SparkContext: Added JAR file:///opt/bitnami/spark/.ivy2/jars/org.apache.hadoop_hadoop-client-runtime-3.3.4.jar at spark://localhost:40853/jars/org.apache.hadoop_hadoop-client-runtime-3.3.4.jar with timestamp 1719474109664
24/06/27 07:41:49 INFO SparkContext: Added JAR file:///opt/bitnami/spark/.ivy2/jars/org.lz4_lz4-java-1.8.0.jar at spark://localhost:40853/jars/org.lz4_lz4-java-1.8.0.jar with timestamp 1719474109664
[2024-06-27T07:41:49.991+0000] {docker.py:413} INFO - 24/06/27 07:41:49 INFO SparkContext: Added JAR file:///opt/bitnami/spark/.ivy2/jars/org.xerial.snappy_snappy-java-1.1.10.3.jar at spark://localhost:40853/jars/org.xerial.snappy_snappy-java-1.1.10.3.jar with timestamp 1719474109664
[2024-06-27T07:41:49.991+0000] {docker.py:413} INFO - 24/06/27 07:41:49 INFO SparkContext: Added JAR file:///opt/bitnami/spark/.ivy2/jars/org.slf4j_slf4j-api-2.0.7.jar at spark://localhost:40853/jars/org.slf4j_slf4j-api-2.0.7.jar with timestamp 1719474109664
[2024-06-27T07:41:49.992+0000] {docker.py:413} INFO - 24/06/27 07:41:49 INFO SparkContext: Added JAR file:///opt/bitnami/spark/.ivy2/jars/org.apache.hadoop_hadoop-client-api-3.3.4.jar at spark://localhost:40853/jars/org.apache.hadoop_hadoop-client-api-3.3.4.jar with timestamp 1719474109664
[2024-06-27T07:41:49.992+0000] {docker.py:413} INFO - 24/06/27 07:41:49 INFO SparkContext: Added JAR file:///opt/bitnami/spark/.ivy2/jars/commons-logging_commons-logging-1.1.3.jar at spark://localhost:40853/jars/commons-logging_commons-logging-1.1.3.jar with timestamp 1719474109664
[2024-06-27T07:41:49.992+0000] {docker.py:413} INFO - 24/06/27 07:41:49 INFO SparkContext: Added file file:///opt/bitnami/spark/.ivy2/jars/org.postgresql_postgresql-42.5.4.jar at file:///opt/bitnami/spark/.ivy2/jars/org.postgresql_postgresql-42.5.4.jar with timestamp 1719474109664
[2024-06-27T07:41:49.992+0000] {docker.py:413} INFO - 24/06/27 07:41:49 INFO Utils: Copying /opt/bitnami/spark/.ivy2/jars/org.postgresql_postgresql-42.5.4.jar to /tmp/spark-335e5fe2-acd2-4efe-bef3-2f50b7a35c83/userFiles-454f0a88-14f7-4002-ba2c-4c40c3b67f29/org.postgresql_postgresql-42.5.4.jar
[2024-06-27T07:41:49.996+0000] {docker.py:413} INFO - 24/06/27 07:41:49 INFO SparkContext: Added file file:///opt/bitnami/spark/.ivy2/jars/org.apache.spark_spark-sql-kafka-0-10_2.12-3.5.0.jar at file:///opt/bitnami/spark/.ivy2/jars/org.apache.spark_spark-sql-kafka-0-10_2.12-3.5.0.jar with timestamp 1719474109664
[2024-06-27T07:41:49.996+0000] {docker.py:413} INFO - 24/06/27 07:41:49 INFO Utils: Copying /opt/bitnami/spark/.ivy2/jars/org.apache.spark_spark-sql-kafka-0-10_2.12-3.5.0.jar to /tmp/spark-335e5fe2-acd2-4efe-bef3-2f50b7a35c83/userFiles-454f0a88-14f7-4002-ba2c-4c40c3b67f29/org.apache.spark_spark-sql-kafka-0-10_2.12-3.5.0.jar
[2024-06-27T07:41:49.997+0000] {docker.py:413} INFO - 24/06/27 07:41:49 INFO SparkContext: Added file file:///opt/bitnami/spark/.ivy2/jars/org.checkerframework_checker-qual-3.5.0.jar at file:///opt/bitnami/spark/.ivy2/jars/org.checkerframework_checker-qual-3.5.0.jar with timestamp 1719474109664
[2024-06-27T07:41:49.998+0000] {docker.py:413} INFO - 24/06/27 07:41:49 INFO Utils: Copying /opt/bitnami/spark/.ivy2/jars/org.checkerframework_checker-qual-3.5.0.jar to /tmp/spark-335e5fe2-acd2-4efe-bef3-2f50b7a35c83/userFiles-454f0a88-14f7-4002-ba2c-4c40c3b67f29/org.checkerframework_checker-qual-3.5.0.jar
[2024-06-27T07:41:49.999+0000] {docker.py:413} INFO - 24/06/27 07:41:49 INFO SparkContext: Added file file:///opt/bitnami/spark/.ivy2/jars/org.apache.spark_spark-token-provider-kafka-0-10_2.12-3.5.0.jar at file:///opt/bitnami/spark/.ivy2/jars/org.apache.spark_spark-token-provider-kafka-0-10_2.12-3.5.0.jar with timestamp 1719474109664
[2024-06-27T07:41:50.000+0000] {docker.py:413} INFO - 24/06/27 07:41:49 INFO Utils: Copying /opt/bitnami/spark/.ivy2/jars/org.apache.spark_spark-token-provider-kafka-0-10_2.12-3.5.0.jar to /tmp/spark-335e5fe2-acd2-4efe-bef3-2f50b7a35c83/userFiles-454f0a88-14f7-4002-ba2c-4c40c3b67f29/org.apache.spark_spark-token-provider-kafka-0-10_2.12-3.5.0.jar
[2024-06-27T07:41:50.001+0000] {docker.py:413} INFO - 24/06/27 07:41:50 INFO SparkContext: Added file file:///opt/bitnami/spark/.ivy2/jars/org.apache.kafka_kafka-clients-3.4.1.jar at file:///opt/bitnami/spark/.ivy2/jars/org.apache.kafka_kafka-clients-3.4.1.jar with timestamp 1719474109664
[2024-06-27T07:41:50.001+0000] {docker.py:413} INFO - 24/06/27 07:41:50 INFO Utils: Copying /opt/bitnami/spark/.ivy2/jars/org.apache.kafka_kafka-clients-3.4.1.jar to /tmp/spark-335e5fe2-acd2-4efe-bef3-2f50b7a35c83/userFiles-454f0a88-14f7-4002-ba2c-4c40c3b67f29/org.apache.kafka_kafka-clients-3.4.1.jar
[2024-06-27T07:41:50.004+0000] {docker.py:413} INFO - 24/06/27 07:41:50 INFO SparkContext: Added file file:///opt/bitnami/spark/.ivy2/jars/com.google.code.findbugs_jsr305-3.0.0.jar at file:///opt/bitnami/spark/.ivy2/jars/com.google.code.findbugs_jsr305-3.0.0.jar with timestamp 1719474109664
[2024-06-27T07:41:50.004+0000] {docker.py:413} INFO - 24/06/27 07:41:50 INFO Utils: Copying /opt/bitnami/spark/.ivy2/jars/com.google.code.findbugs_jsr305-3.0.0.jar to /tmp/spark-335e5fe2-acd2-4efe-bef3-2f50b7a35c83/userFiles-454f0a88-14f7-4002-ba2c-4c40c3b67f29/com.google.code.findbugs_jsr305-3.0.0.jar
[2024-06-27T07:41:50.005+0000] {docker.py:413} INFO - 24/06/27 07:41:50 INFO SparkContext: Added file file:///opt/bitnami/spark/.ivy2/jars/org.apache.commons_commons-pool2-2.11.1.jar at file:///opt/bitnami/spark/.ivy2/jars/org.apache.commons_commons-pool2-2.11.1.jar with timestamp 1719474109664
24/06/27 07:41:50 INFO Utils: Copying /opt/bitnami/spark/.ivy2/jars/org.apache.commons_commons-pool2-2.11.1.jar to /tmp/spark-335e5fe2-acd2-4efe-bef3-2f50b7a35c83/userFiles-454f0a88-14f7-4002-ba2c-4c40c3b67f29/org.apache.commons_commons-pool2-2.11.1.jar
[2024-06-27T07:41:50.006+0000] {docker.py:413} INFO - 24/06/27 07:41:50 INFO SparkContext: Added file file:///opt/bitnami/spark/.ivy2/jars/org.apache.hadoop_hadoop-client-runtime-3.3.4.jar at file:///opt/bitnami/spark/.ivy2/jars/org.apache.hadoop_hadoop-client-runtime-3.3.4.jar with timestamp 1719474109664
[2024-06-27T07:41:50.007+0000] {docker.py:413} INFO - 24/06/27 07:41:50 INFO Utils: Copying /opt/bitnami/spark/.ivy2/jars/org.apache.hadoop_hadoop-client-runtime-3.3.4.jar to /tmp/spark-335e5fe2-acd2-4efe-bef3-2f50b7a35c83/userFiles-454f0a88-14f7-4002-ba2c-4c40c3b67f29/org.apache.hadoop_hadoop-client-runtime-3.3.4.jar
[2024-06-27T07:41:50.013+0000] {docker.py:413} INFO - 24/06/27 07:41:50 INFO SparkContext: Added file file:///opt/bitnami/spark/.ivy2/jars/org.lz4_lz4-java-1.8.0.jar at file:///opt/bitnami/spark/.ivy2/jars/org.lz4_lz4-java-1.8.0.jar with timestamp 1719474109664
[2024-06-27T07:41:50.013+0000] {docker.py:413} INFO - 24/06/27 07:41:50 INFO Utils: Copying /opt/bitnami/spark/.ivy2/jars/org.lz4_lz4-java-1.8.0.jar to /tmp/spark-335e5fe2-acd2-4efe-bef3-2f50b7a35c83/userFiles-454f0a88-14f7-4002-ba2c-4c40c3b67f29/org.lz4_lz4-java-1.8.0.jar
[2024-06-27T07:41:50.014+0000] {docker.py:413} INFO - 24/06/27 07:41:50 INFO SparkContext: Added file file:///opt/bitnami/spark/.ivy2/jars/org.xerial.snappy_snappy-java-1.1.10.3.jar at file:///opt/bitnami/spark/.ivy2/jars/org.xerial.snappy_snappy-java-1.1.10.3.jar with timestamp 1719474109664
[2024-06-27T07:41:50.015+0000] {docker.py:413} INFO - 24/06/27 07:41:50 INFO Utils: Copying /opt/bitnami/spark/.ivy2/jars/org.xerial.snappy_snappy-java-1.1.10.3.jar to /tmp/spark-335e5fe2-acd2-4efe-bef3-2f50b7a35c83/userFiles-454f0a88-14f7-4002-ba2c-4c40c3b67f29/org.xerial.snappy_snappy-java-1.1.10.3.jar
[2024-06-27T07:41:50.016+0000] {docker.py:413} INFO - 24/06/27 07:41:50 INFO SparkContext: Added file file:///opt/bitnami/spark/.ivy2/jars/org.slf4j_slf4j-api-2.0.7.jar at file:///opt/bitnami/spark/.ivy2/jars/org.slf4j_slf4j-api-2.0.7.jar with timestamp 1719474109664
[2024-06-27T07:41:50.017+0000] {docker.py:413} INFO - 24/06/27 07:41:50 INFO Utils: Copying /opt/bitnami/spark/.ivy2/jars/org.slf4j_slf4j-api-2.0.7.jar to /tmp/spark-335e5fe2-acd2-4efe-bef3-2f50b7a35c83/userFiles-454f0a88-14f7-4002-ba2c-4c40c3b67f29/org.slf4j_slf4j-api-2.0.7.jar
[2024-06-27T07:41:50.018+0000] {docker.py:413} INFO - 24/06/27 07:41:50 INFO SparkContext: Added file file:///opt/bitnami/spark/.ivy2/jars/org.apache.hadoop_hadoop-client-api-3.3.4.jar at file:///opt/bitnami/spark/.ivy2/jars/org.apache.hadoop_hadoop-client-api-3.3.4.jar with timestamp 1719474109664
[2024-06-27T07:41:50.018+0000] {docker.py:413} INFO - 24/06/27 07:41:50 INFO Utils: Copying /opt/bitnami/spark/.ivy2/jars/org.apache.hadoop_hadoop-client-api-3.3.4.jar to /tmp/spark-335e5fe2-acd2-4efe-bef3-2f50b7a35c83/userFiles-454f0a88-14f7-4002-ba2c-4c40c3b67f29/org.apache.hadoop_hadoop-client-api-3.3.4.jar
[2024-06-27T07:41:50.023+0000] {docker.py:413} INFO - 24/06/27 07:41:50 INFO SparkContext: Added file file:///opt/bitnami/spark/.ivy2/jars/commons-logging_commons-logging-1.1.3.jar at file:///opt/bitnami/spark/.ivy2/jars/commons-logging_commons-logging-1.1.3.jar with timestamp 1719474109664
[2024-06-27T07:41:50.023+0000] {docker.py:413} INFO - 24/06/27 07:41:50 INFO Utils: Copying /opt/bitnami/spark/.ivy2/jars/commons-logging_commons-logging-1.1.3.jar to /tmp/spark-335e5fe2-acd2-4efe-bef3-2f50b7a35c83/userFiles-454f0a88-14f7-4002-ba2c-4c40c3b67f29/commons-logging_commons-logging-1.1.3.jar
[2024-06-27T07:41:50.052+0000] {docker.py:413} INFO - 24/06/27 07:41:50 INFO Executor: Starting executor ID driver on host localhost
[2024-06-27T07:41:50.053+0000] {docker.py:413} INFO - 24/06/27 07:41:50 INFO Executor: OS info Linux, 6.6.12-linuxkit, aarch64
[2024-06-27T07:41:50.053+0000] {docker.py:413} INFO - 24/06/27 07:41:50 INFO Executor: Java version 17.0.10
[2024-06-27T07:41:50.055+0000] {docker.py:413} INFO - 24/06/27 07:41:50 INFO Executor: Starting executor with user classpath (userClassPathFirst = false): ''
[2024-06-27T07:41:50.055+0000] {docker.py:413} INFO - 24/06/27 07:41:50 INFO Executor: Created or updated repl class loader org.apache.spark.util.MutableURLClassLoader@1339b7c5 for default.
[2024-06-27T07:41:50.060+0000] {docker.py:413} INFO - 24/06/27 07:41:50 INFO Executor: Fetching file:///opt/bitnami/spark/.ivy2/jars/org.apache.spark_spark-token-provider-kafka-0-10_2.12-3.5.0.jar with timestamp 1719474109664
[2024-06-27T07:41:50.068+0000] {docker.py:413} INFO - 24/06/27 07:41:50 INFO Utils: /opt/bitnami/spark/.ivy2/jars/org.apache.spark_spark-token-provider-kafka-0-10_2.12-3.5.0.jar has been previously copied to /tmp/spark-335e5fe2-acd2-4efe-bef3-2f50b7a35c83/userFiles-454f0a88-14f7-4002-ba2c-4c40c3b67f29/org.apache.spark_spark-token-provider-kafka-0-10_2.12-3.5.0.jar
[2024-06-27T07:41:50.069+0000] {docker.py:413} INFO - 24/06/27 07:41:50 INFO Executor: Fetching file:///opt/bitnami/spark/.ivy2/jars/org.apache.hadoop_hadoop-client-runtime-3.3.4.jar with timestamp 1719474109664
[2024-06-27T07:41:50.080+0000] {docker.py:413} INFO - 24/06/27 07:41:50 INFO Utils: /opt/bitnami/spark/.ivy2/jars/org.apache.hadoop_hadoop-client-runtime-3.3.4.jar has been previously copied to /tmp/spark-335e5fe2-acd2-4efe-bef3-2f50b7a35c83/userFiles-454f0a88-14f7-4002-ba2c-4c40c3b67f29/org.apache.hadoop_hadoop-client-runtime-3.3.4.jar
[2024-06-27T07:41:50.081+0000] {docker.py:413} INFO - 24/06/27 07:41:50 INFO Executor: Fetching file:///opt/bitnami/spark/.ivy2/jars/org.apache.commons_commons-pool2-2.11.1.jar with timestamp 1719474109664
[2024-06-27T07:41:50.082+0000] {docker.py:413} INFO - 24/06/27 07:41:50 INFO Utils: /opt/bitnami/spark/.ivy2/jars/org.apache.commons_commons-pool2-2.11.1.jar has been previously copied to /tmp/spark-335e5fe2-acd2-4efe-bef3-2f50b7a35c83/userFiles-454f0a88-14f7-4002-ba2c-4c40c3b67f29/org.apache.commons_commons-pool2-2.11.1.jar
[2024-06-27T07:41:50.083+0000] {docker.py:413} INFO - 24/06/27 07:41:50 INFO Executor: Fetching file:///opt/bitnami/spark/.ivy2/jars/org.postgresql_postgresql-42.5.4.jar with timestamp 1719474109664
[2024-06-27T07:41:50.084+0000] {docker.py:413} INFO - 24/06/27 07:41:50 INFO Utils: /opt/bitnami/spark/.ivy2/jars/org.postgresql_postgresql-42.5.4.jar has been previously copied to /tmp/spark-335e5fe2-acd2-4efe-bef3-2f50b7a35c83/userFiles-454f0a88-14f7-4002-ba2c-4c40c3b67f29/org.postgresql_postgresql-42.5.4.jar
[2024-06-27T07:41:50.085+0000] {docker.py:413} INFO - 24/06/27 07:41:50 INFO Executor: Fetching file:///opt/bitnami/spark/.ivy2/jars/org.slf4j_slf4j-api-2.0.7.jar with timestamp 1719474109664
[2024-06-27T07:41:50.085+0000] {docker.py:413} INFO - 24/06/27 07:41:50 INFO Utils: /opt/bitnami/spark/.ivy2/jars/org.slf4j_slf4j-api-2.0.7.jar has been previously copied to /tmp/spark-335e5fe2-acd2-4efe-bef3-2f50b7a35c83/userFiles-454f0a88-14f7-4002-ba2c-4c40c3b67f29/org.slf4j_slf4j-api-2.0.7.jar
[2024-06-27T07:41:50.086+0000] {docker.py:413} INFO - 24/06/27 07:41:50 INFO Executor: Fetching file:///opt/bitnami/spark/.ivy2/jars/org.apache.kafka_kafka-clients-3.4.1.jar with timestamp 1719474109664
[2024-06-27T07:41:50.088+0000] {docker.py:413} INFO - 24/06/27 07:41:50 INFO Utils: /opt/bitnami/spark/.ivy2/jars/org.apache.kafka_kafka-clients-3.4.1.jar has been previously copied to /tmp/spark-335e5fe2-acd2-4efe-bef3-2f50b7a35c83/userFiles-454f0a88-14f7-4002-ba2c-4c40c3b67f29/org.apache.kafka_kafka-clients-3.4.1.jar
[2024-06-27T07:41:50.090+0000] {docker.py:413} INFO - 24/06/27 07:41:50 INFO Executor: Fetching file:///opt/bitnami/spark/.ivy2/jars/com.google.code.findbugs_jsr305-3.0.0.jar with timestamp 1719474109664
[2024-06-27T07:41:50.090+0000] {docker.py:413} INFO - 24/06/27 07:41:50 INFO Utils: /opt/bitnami/spark/.ivy2/jars/com.google.code.findbugs_jsr305-3.0.0.jar has been previously copied to /tmp/spark-335e5fe2-acd2-4efe-bef3-2f50b7a35c83/userFiles-454f0a88-14f7-4002-ba2c-4c40c3b67f29/com.google.code.findbugs_jsr305-3.0.0.jar
[2024-06-27T07:41:50.091+0000] {docker.py:413} INFO - 24/06/27 07:41:50 INFO Executor: Fetching file:///opt/bitnami/spark/.ivy2/jars/org.lz4_lz4-java-1.8.0.jar with timestamp 1719474109664
[2024-06-27T07:41:50.091+0000] {docker.py:413} INFO - 24/06/27 07:41:50 INFO Utils: /opt/bitnami/spark/.ivy2/jars/org.lz4_lz4-java-1.8.0.jar has been previously copied to /tmp/spark-335e5fe2-acd2-4efe-bef3-2f50b7a35c83/userFiles-454f0a88-14f7-4002-ba2c-4c40c3b67f29/org.lz4_lz4-java-1.8.0.jar
[2024-06-27T07:41:50.093+0000] {docker.py:413} INFO - 24/06/27 07:41:50 INFO Executor: Fetching file:///opt/bitnami/spark/.ivy2/jars/org.apache.spark_spark-sql-kafka-0-10_2.12-3.5.0.jar with timestamp 1719474109664
[2024-06-27T07:41:50.093+0000] {docker.py:413} INFO - 24/06/27 07:41:50 INFO Utils: /opt/bitnami/spark/.ivy2/jars/org.apache.spark_spark-sql-kafka-0-10_2.12-3.5.0.jar has been previously copied to /tmp/spark-335e5fe2-acd2-4efe-bef3-2f50b7a35c83/userFiles-454f0a88-14f7-4002-ba2c-4c40c3b67f29/org.apache.spark_spark-sql-kafka-0-10_2.12-3.5.0.jar
[2024-06-27T07:41:50.094+0000] {docker.py:413} INFO - 24/06/27 07:41:50 INFO Executor: Fetching file:///opt/bitnami/spark/.ivy2/jars/org.apache.hadoop_hadoop-client-api-3.3.4.jar with timestamp 1719474109664
[2024-06-27T07:41:50.100+0000] {docker.py:413} INFO - 24/06/27 07:41:50 INFO Utils: /opt/bitnami/spark/.ivy2/jars/org.apache.hadoop_hadoop-client-api-3.3.4.jar has been previously copied to /tmp/spark-335e5fe2-acd2-4efe-bef3-2f50b7a35c83/userFiles-454f0a88-14f7-4002-ba2c-4c40c3b67f29/org.apache.hadoop_hadoop-client-api-3.3.4.jar
[2024-06-27T07:41:50.101+0000] {docker.py:413} INFO - 24/06/27 07:41:50 INFO Executor: Fetching file:///opt/bitnami/spark/.ivy2/jars/commons-logging_commons-logging-1.1.3.jar with timestamp 1719474109664
[2024-06-27T07:41:50.102+0000] {docker.py:413} INFO - 24/06/27 07:41:50 INFO Utils: /opt/bitnami/spark/.ivy2/jars/commons-logging_commons-logging-1.1.3.jar has been previously copied to /tmp/spark-335e5fe2-acd2-4efe-bef3-2f50b7a35c83/userFiles-454f0a88-14f7-4002-ba2c-4c40c3b67f29/commons-logging_commons-logging-1.1.3.jar
[2024-06-27T07:41:50.103+0000] {docker.py:413} INFO - 24/06/27 07:41:50 INFO Executor: Fetching file:///opt/bitnami/spark/.ivy2/jars/org.checkerframework_checker-qual-3.5.0.jar with timestamp 1719474109664
[2024-06-27T07:41:50.104+0000] {docker.py:413} INFO - 24/06/27 07:41:50 INFO Utils: /opt/bitnami/spark/.ivy2/jars/org.checkerframework_checker-qual-3.5.0.jar has been previously copied to /tmp/spark-335e5fe2-acd2-4efe-bef3-2f50b7a35c83/userFiles-454f0a88-14f7-4002-ba2c-4c40c3b67f29/org.checkerframework_checker-qual-3.5.0.jar
[2024-06-27T07:41:50.104+0000] {docker.py:413} INFO - 24/06/27 07:41:50 INFO Executor: Fetching file:///opt/bitnami/spark/.ivy2/jars/org.xerial.snappy_snappy-java-1.1.10.3.jar with timestamp 1719474109664
[2024-06-27T07:41:50.105+0000] {docker.py:413} INFO - 24/06/27 07:41:50 INFO Utils: /opt/bitnami/spark/.ivy2/jars/org.xerial.snappy_snappy-java-1.1.10.3.jar has been previously copied to /tmp/spark-335e5fe2-acd2-4efe-bef3-2f50b7a35c83/userFiles-454f0a88-14f7-4002-ba2c-4c40c3b67f29/org.xerial.snappy_snappy-java-1.1.10.3.jar
[2024-06-27T07:41:50.107+0000] {docker.py:413} INFO - 24/06/27 07:41:50 INFO Executor: Fetching spark://localhost:40853/jars/org.xerial.snappy_snappy-java-1.1.10.3.jar with timestamp 1719474109664
[2024-06-27T07:41:50.129+0000] {docker.py:413} INFO - 24/06/27 07:41:50 INFO TransportClientFactory: Successfully created connection to localhost/127.0.0.1:40853 after 11 ms (0 ms spent in bootstraps)
[2024-06-27T07:41:50.132+0000] {docker.py:413} INFO - 24/06/27 07:41:50 INFO Utils: Fetching spark://localhost:40853/jars/org.xerial.snappy_snappy-java-1.1.10.3.jar to /tmp/spark-335e5fe2-acd2-4efe-bef3-2f50b7a35c83/userFiles-454f0a88-14f7-4002-ba2c-4c40c3b67f29/fetchFileTemp17766216720303482423.tmp
[2024-06-27T07:41:50.148+0000] {docker.py:413} INFO - 24/06/27 07:41:50 INFO Utils: /tmp/spark-335e5fe2-acd2-4efe-bef3-2f50b7a35c83/userFiles-454f0a88-14f7-4002-ba2c-4c40c3b67f29/fetchFileTemp17766216720303482423.tmp has been previously copied to /tmp/spark-335e5fe2-acd2-4efe-bef3-2f50b7a35c83/userFiles-454f0a88-14f7-4002-ba2c-4c40c3b67f29/org.xerial.snappy_snappy-java-1.1.10.3.jar
[2024-06-27T07:41:50.150+0000] {docker.py:413} INFO - 24/06/27 07:41:50 INFO Executor: Adding file:/tmp/spark-335e5fe2-acd2-4efe-bef3-2f50b7a35c83/userFiles-454f0a88-14f7-4002-ba2c-4c40c3b67f29/org.xerial.snappy_snappy-java-1.1.10.3.jar to class loader default
24/06/27 07:41:50 INFO Executor: Fetching spark://localhost:40853/jars/org.apache.spark_spark-token-provider-kafka-0-10_2.12-3.5.0.jar with timestamp 1719474109664
[2024-06-27T07:41:50.150+0000] {docker.py:413} INFO - 24/06/27 07:41:50 INFO Utils: Fetching spark://localhost:40853/jars/org.apache.spark_spark-token-provider-kafka-0-10_2.12-3.5.0.jar to /tmp/spark-335e5fe2-acd2-4efe-bef3-2f50b7a35c83/userFiles-454f0a88-14f7-4002-ba2c-4c40c3b67f29/fetchFileTemp442193286237845651.tmp
[2024-06-27T07:41:50.151+0000] {docker.py:413} INFO - 24/06/27 07:41:50 INFO Utils: /tmp/spark-335e5fe2-acd2-4efe-bef3-2f50b7a35c83/userFiles-454f0a88-14f7-4002-ba2c-4c40c3b67f29/fetchFileTemp442193286237845651.tmp has been previously copied to /tmp/spark-335e5fe2-acd2-4efe-bef3-2f50b7a35c83/userFiles-454f0a88-14f7-4002-ba2c-4c40c3b67f29/org.apache.spark_spark-token-provider-kafka-0-10_2.12-3.5.0.jar
[2024-06-27T07:41:50.153+0000] {docker.py:413} INFO - 24/06/27 07:41:50 INFO Executor: Adding file:/tmp/spark-335e5fe2-acd2-4efe-bef3-2f50b7a35c83/userFiles-454f0a88-14f7-4002-ba2c-4c40c3b67f29/org.apache.spark_spark-token-provider-kafka-0-10_2.12-3.5.0.jar to class loader default
24/06/27 07:41:50 INFO Executor: Fetching spark://localhost:40853/jars/org.postgresql_postgresql-42.5.4.jar with timestamp 1719474109664
[2024-06-27T07:41:50.153+0000] {docker.py:413} INFO - 24/06/27 07:41:50 INFO Utils: Fetching spark://localhost:40853/jars/org.postgresql_postgresql-42.5.4.jar to /tmp/spark-335e5fe2-acd2-4efe-bef3-2f50b7a35c83/userFiles-454f0a88-14f7-4002-ba2c-4c40c3b67f29/fetchFileTemp17246503962561418290.tmp
[2024-06-27T07:41:50.156+0000] {docker.py:413} INFO - 24/06/27 07:41:50 INFO Utils: /tmp/spark-335e5fe2-acd2-4efe-bef3-2f50b7a35c83/userFiles-454f0a88-14f7-4002-ba2c-4c40c3b67f29/fetchFileTemp17246503962561418290.tmp has been previously copied to /tmp/spark-335e5fe2-acd2-4efe-bef3-2f50b7a35c83/userFiles-454f0a88-14f7-4002-ba2c-4c40c3b67f29/org.postgresql_postgresql-42.5.4.jar
[2024-06-27T07:41:50.157+0000] {docker.py:413} INFO - 24/06/27 07:41:50 INFO Executor: Adding file:/tmp/spark-335e5fe2-acd2-4efe-bef3-2f50b7a35c83/userFiles-454f0a88-14f7-4002-ba2c-4c40c3b67f29/org.postgresql_postgresql-42.5.4.jar to class loader default
[2024-06-27T07:41:50.157+0000] {docker.py:413} INFO - 24/06/27 07:41:50 INFO Executor: Fetching spark://localhost:40853/jars/com.google.code.findbugs_jsr305-3.0.0.jar with timestamp 1719474109664
[2024-06-27T07:41:50.158+0000] {docker.py:413} INFO - 24/06/27 07:41:50 INFO Utils: Fetching spark://localhost:40853/jars/com.google.code.findbugs_jsr305-3.0.0.jar to /tmp/spark-335e5fe2-acd2-4efe-bef3-2f50b7a35c83/userFiles-454f0a88-14f7-4002-ba2c-4c40c3b67f29/fetchFileTemp12266891058476393367.tmp
[2024-06-27T07:41:50.158+0000] {docker.py:413} INFO - 24/06/27 07:41:50 INFO Utils: /tmp/spark-335e5fe2-acd2-4efe-bef3-2f50b7a35c83/userFiles-454f0a88-14f7-4002-ba2c-4c40c3b67f29/fetchFileTemp12266891058476393367.tmp has been previously copied to /tmp/spark-335e5fe2-acd2-4efe-bef3-2f50b7a35c83/userFiles-454f0a88-14f7-4002-ba2c-4c40c3b67f29/com.google.code.findbugs_jsr305-3.0.0.jar
[2024-06-27T07:41:50.161+0000] {docker.py:413} INFO - 24/06/27 07:41:50 INFO Executor: Adding file:/tmp/spark-335e5fe2-acd2-4efe-bef3-2f50b7a35c83/userFiles-454f0a88-14f7-4002-ba2c-4c40c3b67f29/com.google.code.findbugs_jsr305-3.0.0.jar to class loader default
[2024-06-27T07:41:50.161+0000] {docker.py:413} INFO - 24/06/27 07:41:50 INFO Executor: Fetching spark://localhost:40853/jars/org.apache.commons_commons-pool2-2.11.1.jar with timestamp 1719474109664
[2024-06-27T07:41:50.162+0000] {docker.py:413} INFO - 24/06/27 07:41:50 INFO Utils: Fetching spark://localhost:40853/jars/org.apache.commons_commons-pool2-2.11.1.jar to /tmp/spark-335e5fe2-acd2-4efe-bef3-2f50b7a35c83/userFiles-454f0a88-14f7-4002-ba2c-4c40c3b67f29/fetchFileTemp2885919727942178468.tmp
[2024-06-27T07:41:50.162+0000] {docker.py:413} INFO - 24/06/27 07:41:50 INFO Utils: /tmp/spark-335e5fe2-acd2-4efe-bef3-2f50b7a35c83/userFiles-454f0a88-14f7-4002-ba2c-4c40c3b67f29/fetchFileTemp2885919727942178468.tmp has been previously copied to /tmp/spark-335e5fe2-acd2-4efe-bef3-2f50b7a35c83/userFiles-454f0a88-14f7-4002-ba2c-4c40c3b67f29/org.apache.commons_commons-pool2-2.11.1.jar
[2024-06-27T07:41:50.163+0000] {docker.py:413} INFO - 24/06/27 07:41:50 INFO Executor: Adding file:/tmp/spark-335e5fe2-acd2-4efe-bef3-2f50b7a35c83/userFiles-454f0a88-14f7-4002-ba2c-4c40c3b67f29/org.apache.commons_commons-pool2-2.11.1.jar to class loader default
[2024-06-27T07:41:50.164+0000] {docker.py:413} INFO - 24/06/27 07:41:50 INFO Executor: Fetching spark://localhost:40853/jars/commons-logging_commons-logging-1.1.3.jar with timestamp 1719474109664
[2024-06-27T07:41:50.164+0000] {docker.py:413} INFO - 24/06/27 07:41:50 INFO Utils: Fetching spark://localhost:40853/jars/commons-logging_commons-logging-1.1.3.jar to /tmp/spark-335e5fe2-acd2-4efe-bef3-2f50b7a35c83/userFiles-454f0a88-14f7-4002-ba2c-4c40c3b67f29/fetchFileTemp10318387150234200721.tmp
[2024-06-27T07:41:50.164+0000] {docker.py:413} INFO - 24/06/27 07:41:50 INFO Utils: /tmp/spark-335e5fe2-acd2-4efe-bef3-2f50b7a35c83/userFiles-454f0a88-14f7-4002-ba2c-4c40c3b67f29/fetchFileTemp10318387150234200721.tmp has been previously copied to /tmp/spark-335e5fe2-acd2-4efe-bef3-2f50b7a35c83/userFiles-454f0a88-14f7-4002-ba2c-4c40c3b67f29/commons-logging_commons-logging-1.1.3.jar
[2024-06-27T07:41:50.166+0000] {docker.py:413} INFO - 24/06/27 07:41:50 INFO Executor: Adding file:/tmp/spark-335e5fe2-acd2-4efe-bef3-2f50b7a35c83/userFiles-454f0a88-14f7-4002-ba2c-4c40c3b67f29/commons-logging_commons-logging-1.1.3.jar to class loader default
[2024-06-27T07:41:50.166+0000] {docker.py:413} INFO - 24/06/27 07:41:50 INFO Executor: Fetching spark://localhost:40853/jars/org.apache.hadoop_hadoop-client-api-3.3.4.jar with timestamp 1719474109664
[2024-06-27T07:41:50.166+0000] {docker.py:413} INFO - 24/06/27 07:41:50 INFO Utils: Fetching spark://localhost:40853/jars/org.apache.hadoop_hadoop-client-api-3.3.4.jar to /tmp/spark-335e5fe2-acd2-4efe-bef3-2f50b7a35c83/userFiles-454f0a88-14f7-4002-ba2c-4c40c3b67f29/fetchFileTemp8722460865932129510.tmp
[2024-06-27T07:41:50.197+0000] {docker.py:413} INFO - 24/06/27 07:41:50 INFO Utils: /tmp/spark-335e5fe2-acd2-4efe-bef3-2f50b7a35c83/userFiles-454f0a88-14f7-4002-ba2c-4c40c3b67f29/fetchFileTemp8722460865932129510.tmp has been previously copied to /tmp/spark-335e5fe2-acd2-4efe-bef3-2f50b7a35c83/userFiles-454f0a88-14f7-4002-ba2c-4c40c3b67f29/org.apache.hadoop_hadoop-client-api-3.3.4.jar
[2024-06-27T07:41:50.199+0000] {docker.py:413} INFO - 24/06/27 07:41:50 INFO Executor: Adding file:/tmp/spark-335e5fe2-acd2-4efe-bef3-2f50b7a35c83/userFiles-454f0a88-14f7-4002-ba2c-4c40c3b67f29/org.apache.hadoop_hadoop-client-api-3.3.4.jar to class loader default
[2024-06-27T07:41:50.200+0000] {docker.py:413} INFO - 24/06/27 07:41:50 INFO Executor: Fetching spark://localhost:40853/jars/org.apache.kafka_kafka-clients-3.4.1.jar with timestamp 1719474109664
[2024-06-27T07:41:50.200+0000] {docker.py:413} INFO - 24/06/27 07:41:50 INFO Utils: Fetching spark://localhost:40853/jars/org.apache.kafka_kafka-clients-3.4.1.jar to /tmp/spark-335e5fe2-acd2-4efe-bef3-2f50b7a35c83/userFiles-454f0a88-14f7-4002-ba2c-4c40c3b67f29/fetchFileTemp5940954312710328696.tmp
[2024-06-27T07:41:50.207+0000] {docker.py:413} INFO - 24/06/27 07:41:50 INFO Utils: /tmp/spark-335e5fe2-acd2-4efe-bef3-2f50b7a35c83/userFiles-454f0a88-14f7-4002-ba2c-4c40c3b67f29/fetchFileTemp5940954312710328696.tmp has been previously copied to /tmp/spark-335e5fe2-acd2-4efe-bef3-2f50b7a35c83/userFiles-454f0a88-14f7-4002-ba2c-4c40c3b67f29/org.apache.kafka_kafka-clients-3.4.1.jar
[2024-06-27T07:41:50.208+0000] {docker.py:413} INFO - 24/06/27 07:41:50 INFO Executor: Adding file:/tmp/spark-335e5fe2-acd2-4efe-bef3-2f50b7a35c83/userFiles-454f0a88-14f7-4002-ba2c-4c40c3b67f29/org.apache.kafka_kafka-clients-3.4.1.jar to class loader default
[2024-06-27T07:41:50.209+0000] {docker.py:413} INFO - 24/06/27 07:41:50 INFO Executor: Fetching spark://localhost:40853/jars/org.apache.hadoop_hadoop-client-runtime-3.3.4.jar with timestamp 1719474109664
[2024-06-27T07:41:50.209+0000] {docker.py:413} INFO - 24/06/27 07:41:50 INFO Utils: Fetching spark://localhost:40853/jars/org.apache.hadoop_hadoop-client-runtime-3.3.4.jar to /tmp/spark-335e5fe2-acd2-4efe-bef3-2f50b7a35c83/userFiles-454f0a88-14f7-4002-ba2c-4c40c3b67f29/fetchFileTemp12722081096590998331.tmp
[2024-06-27T07:41:50.244+0000] {docker.py:413} INFO - 24/06/27 07:41:50 INFO Utils: /tmp/spark-335e5fe2-acd2-4efe-bef3-2f50b7a35c83/userFiles-454f0a88-14f7-4002-ba2c-4c40c3b67f29/fetchFileTemp12722081096590998331.tmp has been previously copied to /tmp/spark-335e5fe2-acd2-4efe-bef3-2f50b7a35c83/userFiles-454f0a88-14f7-4002-ba2c-4c40c3b67f29/org.apache.hadoop_hadoop-client-runtime-3.3.4.jar
[2024-06-27T07:41:50.247+0000] {docker.py:413} INFO - 24/06/27 07:41:50 INFO Executor: Adding file:/tmp/spark-335e5fe2-acd2-4efe-bef3-2f50b7a35c83/userFiles-454f0a88-14f7-4002-ba2c-4c40c3b67f29/org.apache.hadoop_hadoop-client-runtime-3.3.4.jar to class loader default
[2024-06-27T07:41:50.247+0000] {docker.py:413} INFO - 24/06/27 07:41:50 INFO Executor: Fetching spark://localhost:40853/jars/org.apache.spark_spark-sql-kafka-0-10_2.12-3.5.0.jar with timestamp 1719474109664
[2024-06-27T07:41:50.248+0000] {docker.py:413} INFO - 24/06/27 07:41:50 INFO Utils: Fetching spark://localhost:40853/jars/org.apache.spark_spark-sql-kafka-0-10_2.12-3.5.0.jar to /tmp/spark-335e5fe2-acd2-4efe-bef3-2f50b7a35c83/userFiles-454f0a88-14f7-4002-ba2c-4c40c3b67f29/fetchFileTemp11055395402201594418.tmp
[2024-06-27T07:41:50.249+0000] {docker.py:413} INFO - 24/06/27 07:41:50 INFO Utils: /tmp/spark-335e5fe2-acd2-4efe-bef3-2f50b7a35c83/userFiles-454f0a88-14f7-4002-ba2c-4c40c3b67f29/fetchFileTemp11055395402201594418.tmp has been previously copied to /tmp/spark-335e5fe2-acd2-4efe-bef3-2f50b7a35c83/userFiles-454f0a88-14f7-4002-ba2c-4c40c3b67f29/org.apache.spark_spark-sql-kafka-0-10_2.12-3.5.0.jar
[2024-06-27T07:41:50.250+0000] {docker.py:413} INFO - 24/06/27 07:41:50 INFO Executor: Adding file:/tmp/spark-335e5fe2-acd2-4efe-bef3-2f50b7a35c83/userFiles-454f0a88-14f7-4002-ba2c-4c40c3b67f29/org.apache.spark_spark-sql-kafka-0-10_2.12-3.5.0.jar to class loader default
[2024-06-27T07:41:50.251+0000] {docker.py:413} INFO - 24/06/27 07:41:50 INFO Executor: Fetching spark://localhost:40853/jars/org.lz4_lz4-java-1.8.0.jar with timestamp 1719474109664
[2024-06-27T07:41:50.251+0000] {docker.py:413} INFO - 24/06/27 07:41:50 INFO Utils: Fetching spark://localhost:40853/jars/org.lz4_lz4-java-1.8.0.jar to /tmp/spark-335e5fe2-acd2-4efe-bef3-2f50b7a35c83/userFiles-454f0a88-14f7-4002-ba2c-4c40c3b67f29/fetchFileTemp11137191043288781171.tmp
[2024-06-27T07:41:50.252+0000] {docker.py:413} INFO - 24/06/27 07:41:50 INFO Utils: /tmp/spark-335e5fe2-acd2-4efe-bef3-2f50b7a35c83/userFiles-454f0a88-14f7-4002-ba2c-4c40c3b67f29/fetchFileTemp11137191043288781171.tmp has been previously copied to /tmp/spark-335e5fe2-acd2-4efe-bef3-2f50b7a35c83/userFiles-454f0a88-14f7-4002-ba2c-4c40c3b67f29/org.lz4_lz4-java-1.8.0.jar
[2024-06-27T07:41:50.254+0000] {docker.py:413} INFO - 24/06/27 07:41:50 INFO Executor: Adding file:/tmp/spark-335e5fe2-acd2-4efe-bef3-2f50b7a35c83/userFiles-454f0a88-14f7-4002-ba2c-4c40c3b67f29/org.lz4_lz4-java-1.8.0.jar to class loader default
[2024-06-27T07:41:50.254+0000] {docker.py:413} INFO - 24/06/27 07:41:50 INFO Executor: Fetching spark://localhost:40853/jars/org.checkerframework_checker-qual-3.5.0.jar with timestamp 1719474109664
[2024-06-27T07:41:50.255+0000] {docker.py:413} INFO - 24/06/27 07:41:50 INFO Utils: Fetching spark://localhost:40853/jars/org.checkerframework_checker-qual-3.5.0.jar to /tmp/spark-335e5fe2-acd2-4efe-bef3-2f50b7a35c83/userFiles-454f0a88-14f7-4002-ba2c-4c40c3b67f29/fetchFileTemp834187572182363636.tmp
[2024-06-27T07:41:50.255+0000] {docker.py:413} INFO - 24/06/27 07:41:50 INFO Utils: /tmp/spark-335e5fe2-acd2-4efe-bef3-2f50b7a35c83/userFiles-454f0a88-14f7-4002-ba2c-4c40c3b67f29/fetchFileTemp834187572182363636.tmp has been previously copied to /tmp/spark-335e5fe2-acd2-4efe-bef3-2f50b7a35c83/userFiles-454f0a88-14f7-4002-ba2c-4c40c3b67f29/org.checkerframework_checker-qual-3.5.0.jar
[2024-06-27T07:41:50.256+0000] {docker.py:413} INFO - 24/06/27 07:41:50 INFO Executor: Adding file:/tmp/spark-335e5fe2-acd2-4efe-bef3-2f50b7a35c83/userFiles-454f0a88-14f7-4002-ba2c-4c40c3b67f29/org.checkerframework_checker-qual-3.5.0.jar to class loader default
[2024-06-27T07:41:50.256+0000] {docker.py:413} INFO - 24/06/27 07:41:50 INFO Executor: Fetching spark://localhost:40853/jars/org.slf4j_slf4j-api-2.0.7.jar with timestamp 1719474109664
[2024-06-27T07:41:50.256+0000] {docker.py:413} INFO - 24/06/27 07:41:50 INFO Utils: Fetching spark://localhost:40853/jars/org.slf4j_slf4j-api-2.0.7.jar to /tmp/spark-335e5fe2-acd2-4efe-bef3-2f50b7a35c83/userFiles-454f0a88-14f7-4002-ba2c-4c40c3b67f29/fetchFileTemp6636523460133502598.tmp
[2024-06-27T07:41:50.257+0000] {docker.py:413} INFO - 24/06/27 07:41:50 INFO Utils: /tmp/spark-335e5fe2-acd2-4efe-bef3-2f50b7a35c83/userFiles-454f0a88-14f7-4002-ba2c-4c40c3b67f29/fetchFileTemp6636523460133502598.tmp has been previously copied to /tmp/spark-335e5fe2-acd2-4efe-bef3-2f50b7a35c83/userFiles-454f0a88-14f7-4002-ba2c-4c40c3b67f29/org.slf4j_slf4j-api-2.0.7.jar
[2024-06-27T07:41:50.258+0000] {docker.py:413} INFO - 24/06/27 07:41:50 INFO Executor: Adding file:/tmp/spark-335e5fe2-acd2-4efe-bef3-2f50b7a35c83/userFiles-454f0a88-14f7-4002-ba2c-4c40c3b67f29/org.slf4j_slf4j-api-2.0.7.jar to class loader default
[2024-06-27T07:41:50.263+0000] {docker.py:413} INFO - 24/06/27 07:41:50 INFO Utils: Successfully started service 'org.apache.spark.network.netty.NettyBlockTransferService' on port 35745.
24/06/27 07:41:50 INFO NettyBlockTransferService: Server created on localhost:35745
[2024-06-27T07:41:50.264+0000] {docker.py:413} INFO - 24/06/27 07:41:50 INFO BlockManager: Using org.apache.spark.storage.RandomBlockReplicationPolicy for block replication policy
[2024-06-27T07:41:50.283+0000] {docker.py:413} INFO - 24/06/27 07:41:50 INFO BlockManagerMaster: Registering BlockManager BlockManagerId(driver, localhost, 35745, None)
[2024-06-27T07:41:50.286+0000] {docker.py:413} INFO - 24/06/27 07:41:50 INFO BlockManagerMasterEndpoint: Registering block manager localhost:35745 with 434.4 MiB RAM, BlockManagerId(driver, localhost, 35745, None)
[2024-06-27T07:41:50.289+0000] {docker.py:413} INFO - 24/06/27 07:41:50 INFO BlockManagerMaster: Registered BlockManager BlockManagerId(driver, localhost, 35745, None)
[2024-06-27T07:41:50.289+0000] {docker.py:413} INFO - 24/06/27 07:41:50 INFO BlockManager: Initialized BlockManager: BlockManagerId(driver, localhost, 35745, None)
[2024-06-27T07:41:50.483+0000] {docker.py:413} INFO - 2024-06-27 07:41:50,482:create_spark_session:INFO:Spark session created successfully
[2024-06-27T07:41:50.486+0000] {docker.py:413} INFO - 24/06/27 07:41:50 INFO SharedState: Setting hive.metastore.warehouse.dir ('null') to the value of spark.sql.warehouse.dir.
[2024-06-27T07:41:50.487+0000] {docker.py:413} INFO - 24/06/27 07:41:50 INFO SharedState: Warehouse path is 'file:/opt/bitnami/spark/spark-warehouse'.
[2024-06-27T07:41:51.185+0000] {docker.py:413} INFO - 2024-06-27 07:41:51,184:create_initial_dataframe:INFO:Initial dataframe created successfully
[2024-06-27T07:41:56.405+0000] {docker.py:413} INFO - Traceback (most recent call last):
  File "/opt/bitnami/spark/spark_streaming.py", line 103, in <module>
[2024-06-27T07:41:56.406+0000] {docker.py:413} INFO - write_to_postgres()
  File "/opt/bitnami/spark/spark_streaming.py", line 99, in write_to_postgres
    start_streaming(df_final, spark=spark)
[2024-06-27T07:41:56.406+0000] {docker.py:413} INFO - File "/opt/bitnami/spark/spark_streaming.py", line 71, in start_streaming
    existing_data_df = spark.read.jdbc(
                       ^^^^^^^^^^^^^^^^
  File "/opt/bitnami/spark/python/lib/pyspark.zip/pyspark/sql/readwriter.py", line 946, in jdbc
  File "/opt/bitnami/spark/python/lib/py4j-0.10.9.7-src.zip/py4j/java_gateway.py", line 1322, in __call__
  File "/opt/bitnami/spark/python/lib/pyspark.zip/pyspark/errors/exceptions/captured.py", line 179, in deco
  File "/opt/bitnami/spark/python/lib/py4j-0.10.9.7-src.zip/py4j/protocol.py", line 326, in get_return_value
py4j.protocol.Py4JJavaError
[2024-06-27T07:41:56.406+0000] {docker.py:413} INFO - : An error occurred while calling o50.jdbc.
: org.postgresql.util.PSQLException: The connection attempt failed.
	at org.postgresql.core.v3.ConnectionFactoryImpl.openConnectionImpl(ConnectionFactoryImpl.java:354)
	at org.postgresql.core.ConnectionFactory.openConnection(ConnectionFactory.java:54)
	at org.postgresql.jdbc.PgConnection.<init>(PgConnection.java:253)
	at org.postgresql.Driver.makeConnection(Driver.java:434)
	at org.postgresql.Driver.connect(Driver.java:291)
	at org.apache.spark.sql.execution.datasources.jdbc.connection.BasicConnectionProvider.getConnection(BasicConnectionProvider.scala:49)
	at org.apache.spark.sql.execution.datasources.jdbc.connection.ConnectionProviderBase.create(ConnectionProvider.scala:102)
	at org.apache.spark.sql.jdbc.JdbcDialect.$anonfun$createConnectionFactory$1(JdbcDialects.scala:160)
	at org.apache.spark.sql.jdbc.JdbcDialect.$anonfun$createConnectionFactory$1$adapted(JdbcDialects.scala:156)
	at org.apache.spark.sql.execution.datasources.jdbc.JDBCRDD$.getQueryOutputSchema(JDBCRDD.scala:63)
	at org.apache.spark.sql.execution.datasources.jdbc.JDBCRDD$.resolveTable(JDBCRDD.scala:58)
	at org.apache.spark.sql.execution.datasources.jdbc.JDBCRelation$.getSchema(JDBCRelation.scala:241)
	at org.apache.spark.sql.execution.datasources.jdbc.JdbcRelationProvider.createRelation(JdbcRelationProvider.scala:37)
	at org.apache.spark.sql.execution.datasources.DataSource.resolveRelation(DataSource.scala:346)
	at org.apache.spark.sql.DataFrameReader.loadV1Source(DataFrameReader.scala:229)
	at org.apache.spark.sql.DataFrameReader.$anonfun$load$2(DataFrameReader.scala:211)
	at scala.Option.getOrElse(Option.scala:189)
	at org.apache.spark.sql.DataFrameReader.load(DataFrameReader.scala:211)
	at org.apache.spark.sql.DataFrameReader.load(DataFrameReader.scala:172)
	at org.apache.spark.sql.DataFrameReader.jdbc(DataFrameReader.scala:249)
	at java.base/jdk.internal.reflect.NativeMethodAccessorImpl.invoke0(Native Method)
	at java.base/jdk.internal.reflect.NativeMethodAccessorImpl.invoke(NativeMethodAccessorImpl.java:77)
	at java.base/jdk.internal.reflect.DelegatingMethodAccessorImpl.invoke(DelegatingMethodAccessorImpl.java:43)
	at java.base/java.lang.reflect.Method.invoke(Method.java:568)
	at py4j.reflection.MethodInvoker.invoke(MethodInvoker.java:244)
	at py4j.reflection.ReflectionEngine.invoke(ReflectionEngine.java:374)
	at py4j.Gateway.invoke(Gateway.java:282)
	at py4j.commands.AbstractCommand.invokeMethod(AbstractCommand.java:132)
	at py4j.commands.CallCommand.execute(CallCommand.java:79)
	at py4j.ClientServerConnection.waitForCommands(ClientServerConnection.java:182)
	at py4j.ClientServerConnection.run(ClientServerConnection.java:106)
	at java.base/java.lang.Thread.run(Thread.java:840)
Caused by: java.net.SocketTimeoutException: Read timed out
	at java.base/sun.nio.ch.NioSocketImpl.timedRead(NioSocketImpl.java:288)
	at java.base/sun.nio.ch.NioSocketImpl.implRead(NioSocketImpl.java:314)
	at java.base/sun.nio.ch.NioSocketImpl.read(NioSocketImpl.java:355)
	at java.base/sun.nio.ch.NioSocketImpl$1.read(NioSocketImpl.java:808)
	at java.base/java.net.Socket$SocketInputStream.read(Socket.java:966)
	at org.postgresql.core.VisibleBufferedInputStream.readMore(VisibleBufferedInputStream.java:161)
	at org.postgresql.core.VisibleBufferedInputStream.ensureBytes(VisibleBufferedInputStream.java:128)
	at org.postgresql.core.VisibleBufferedInputStream.ensureBytes(VisibleBufferedInputStream.java:113)
	at org.postgresql.core.VisibleBufferedInputStream.read(VisibleBufferedInputStream.java:73)
	at org.postgresql.core.PGStream.receiveChar(PGStream.java:465)
	at org.postgresql.core.v3.ConnectionFactoryImpl.enableSSL(ConnectionFactoryImpl.java:589)
	at org.postgresql.core.v3.ConnectionFactoryImpl.tryConnect(ConnectionFactoryImpl.java:191)
	at org.postgresql.core.v3.ConnectionFactoryImpl.openConnectionImpl(ConnectionFactoryImpl.java:258)
	... 31 more
[2024-06-27T07:41:56.407+0000] {docker.py:413} INFO - 2024-06-27 07:41:56,405:close:INFO:Closing down clientserver connection
[2024-06-27T07:41:56.427+0000] {docker.py:413} INFO - 24/06/27 07:41:56 INFO SparkContext: Invoking stop() from shutdown hook
[2024-06-27T07:41:56.427+0000] {docker.py:413} INFO - 24/06/27 07:41:56 INFO SparkContext: SparkContext is stopping with exitCode 0.
[2024-06-27T07:41:56.433+0000] {docker.py:413} INFO - 24/06/27 07:41:56 INFO SparkUI: Stopped Spark web UI at http://localhost:4040
[2024-06-27T07:41:56.439+0000] {docker.py:413} INFO - 24/06/27 07:41:56 INFO MapOutputTrackerMasterEndpoint: MapOutputTrackerMasterEndpoint stopped!
[2024-06-27T07:41:56.446+0000] {docker.py:413} INFO - 24/06/27 07:41:56 INFO MemoryStore: MemoryStore cleared
24/06/27 07:41:56 INFO BlockManager: BlockManager stopped
[2024-06-27T07:41:56.449+0000] {docker.py:413} INFO - 24/06/27 07:41:56 INFO BlockManagerMaster: BlockManagerMaster stopped
[2024-06-27T07:41:56.451+0000] {docker.py:413} INFO - 24/06/27 07:41:56 INFO OutputCommitCoordinator$OutputCommitCoordinatorEndpoint: OutputCommitCoordinator stopped!
[2024-06-27T07:41:56.460+0000] {docker.py:413} INFO - 24/06/27 07:41:56 INFO SparkContext: Successfully stopped SparkContext
[2024-06-27T07:41:56.461+0000] {docker.py:413} INFO - 24/06/27 07:41:56 INFO ShutdownHookManager: Shutdown hook called
[2024-06-27T07:41:56.462+0000] {docker.py:413} INFO - 24/06/27 07:41:56 INFO ShutdownHookManager: Deleting directory /tmp/spark-335e5fe2-acd2-4efe-bef3-2f50b7a35c83
[2024-06-27T07:41:56.462+0000] {docker.py:413} INFO - 24/06/27 07:41:56 INFO ShutdownHookManager: Deleting directory /tmp/spark-335e5fe2-acd2-4efe-bef3-2f50b7a35c83/pyspark-8769b97a-a9a4-4bcf-bedc-8bf80859857b
[2024-06-27T07:41:56.464+0000] {docker.py:413} INFO - 24/06/27 07:41:56 INFO ShutdownHookManager: Deleting directory /tmp/spark-53e57fd4-da91-47ae-8487-125420a0cf4c
[2024-06-27T07:41:56.710+0000] {taskinstance.py:1937} ERROR - Task failed with exception
Traceback (most recent call last):
  File "/home/airflow/.local/lib/python3.8/site-packages/docker/api/client.py", line 268, in _raise_for_status
    response.raise_for_status()
  File "/home/airflow/.local/lib/python3.8/site-packages/requests/models.py", line 1021, in raise_for_status
    raise HTTPError(http_error_msg, response=self)
requests.exceptions.HTTPError: 400 Client Error: Bad Request for url: http://docker-proxy:2375/v1.44/containers/create

The above exception was the direct cause of the following exception:

Traceback (most recent call last):
  File "/home/airflow/.local/lib/python3.8/site-packages/airflow/providers/docker/operators/docker.py", line 348, in _run_image
    return self._run_image_with_mounts([*self.mounts, tmp_mount], add_tmp_variable=True)
  File "/home/airflow/.local/lib/python3.8/site-packages/airflow/providers/docker/operators/docker.py", line 375, in _run_image_with_mounts
    self.container = self.cli.create_container(
  File "/home/airflow/.local/lib/python3.8/site-packages/docker/api/container.py", line 431, in create_container
    return self.create_container_from_config(config, name, platform)
  File "/home/airflow/.local/lib/python3.8/site-packages/docker/api/container.py", line 448, in create_container_from_config
    return self._result(res, True)
  File "/home/airflow/.local/lib/python3.8/site-packages/docker/api/client.py", line 274, in _result
    self._raise_for_status(response)
  File "/home/airflow/.local/lib/python3.8/site-packages/docker/api/client.py", line 270, in _raise_for_status
    raise create_api_error_from_http_exception(e) from e
  File "/home/airflow/.local/lib/python3.8/site-packages/docker/errors.py", line 39, in create_api_error_from_http_exception
    raise cls(e, response=response, explanation=explanation) from e
docker.errors.APIError: 400 Client Error for http://docker-proxy:2375/v1.44/containers/create: Bad Request ("invalid mount config for type "bind": bind source path does not exist: /host_mnt/private/tmp/airflowtmpdv34wkds")

During handling of the above exception, another exception occurred:

Traceback (most recent call last):
  File "/home/airflow/.local/lib/python3.8/site-packages/airflow/providers/docker/operators/docker.py", line 486, in execute
    return self._run_image()
  File "/home/airflow/.local/lib/python3.8/site-packages/airflow/providers/docker/operators/docker.py", line 357, in _run_image
    return self._run_image_with_mounts(self.mounts, add_tmp_variable=False)
  File "/home/airflow/.local/lib/python3.8/site-packages/airflow/providers/docker/operators/docker.py", line 421, in _run_image_with_mounts
    raise DockerContainerFailedException(f"Docker container failed: {result!r}", logs=log_lines)
airflow.providers.docker.exceptions.DockerContainerFailedException: Docker container failed: {'StatusCode': 1}
[2024-06-27T07:41:56.715+0000] {taskinstance.py:1400} INFO - Marking task as FAILED. dag_id=kafka_spark_dag, task_id=pyspark_consumer, execution_date=20240626T074054, start_date=20240627T074144, end_date=20240627T074156
[2024-06-27T07:41:56.723+0000] {standard_task_runner.py:104} ERROR - Failed to execute job 118 for task pyspark_consumer (Docker container failed: {'StatusCode': 1}; 900)
[2024-06-27T07:41:56.771+0000] {local_task_job_runner.py:228} INFO - Task exited with return code 1
[2024-06-27T07:41:56.780+0000] {taskinstance.py:2778} INFO - 0 downstream tasks scheduled from follow-on schedule check
