[2024-06-27T07:41:24.671+0000] {taskinstance.py:1159} INFO - Dependencies all met for dep_context=non-requeueable deps ti=<TaskInstance: kafka_spark_dag.pyspark_consumer scheduled__2024-06-26T07:40:54.574935+00:00 [queued]>
[2024-06-27T07:41:24.674+0000] {taskinstance.py:1159} INFO - Dependencies all met for dep_context=requeueable deps ti=<TaskInstance: kafka_spark_dag.pyspark_consumer scheduled__2024-06-26T07:40:54.574935+00:00 [queued]>
[2024-06-27T07:41:24.675+0000] {taskinstance.py:1361} INFO - Starting attempt 1 of 2
[2024-06-27T07:41:24.680+0000] {taskinstance.py:1382} INFO - Executing <Task(DockerOperator): pyspark_consumer> on 2024-06-26 07:40:54.574935+00:00
[2024-06-27T07:41:24.683+0000] {standard_task_runner.py:57} INFO - Started process 661 to run task
[2024-06-27T07:41:24.685+0000] {standard_task_runner.py:84} INFO - Running: ['***', 'tasks', 'run', 'kafka_spark_dag', 'pyspark_consumer', 'scheduled__2024-06-26T07:40:54.574935+00:00', '--job-id', '117', '--raw', '--subdir', 'DAGS_FOLDER/dag_kafka_spark.py', '--cfg-path', '/tmp/tmpla1s1a_h']
[2024-06-27T07:41:24.686+0000] {standard_task_runner.py:85} INFO - Job 117: Subtask pyspark_consumer
[2024-06-27T07:41:24.713+0000] {task_command.py:416} INFO - Running <TaskInstance: kafka_spark_dag.pyspark_consumer scheduled__2024-06-26T07:40:54.574935+00:00 [running]> on host cd176cdca805
[2024-06-27T07:41:24.752+0000] {taskinstance.py:1662} INFO - Exporting env vars: AIRFLOW_CTX_DAG_OWNER='***' AIRFLOW_CTX_DAG_ID='kafka_spark_dag' AIRFLOW_CTX_TASK_ID='pyspark_consumer' AIRFLOW_CTX_EXECUTION_DATE='2024-06-26T07:40:54.574935+00:00' AIRFLOW_CTX_TRY_NUMBER='1' AIRFLOW_CTX_DAG_RUN_ID='scheduled__2024-06-26T07:40:54.574935+00:00'
[2024-06-27T07:41:24.809+0000] {docker.py:343} INFO - Starting docker container from image current-headlines/spark:latest
[2024-06-27T07:41:24.816+0000] {docker.py:351} WARNING - Using remote engine or docker-in-docker and mounting temporary volume from host is not supported. Falling back to `mount_tmp_dir=False` mode. You can set `mount_tmp_dir` parameter to False to disable mounting and remove the warning
[2024-06-27T07:41:24.974+0000] {docker.py:413} INFO - [38;5;6mspark [38;5;5m07:41:24.97 [0m[38;5;2mINFO [0m ==>
[2024-06-27T07:41:24.975+0000] {docker.py:413} INFO - [38;5;6mspark [38;5;5m07:41:24.97 [0m[38;5;2mINFO [0m ==> [1mWelcome to the Bitnami spark container[0m
[2024-06-27T07:41:24.976+0000] {docker.py:413} INFO - [38;5;6mspark [38;5;5m07:41:24.97 [0m[38;5;2mINFO [0m ==> Subscribe to project updates by watching [1mhttps://github.com/bitnami/containers[0m
[2024-06-27T07:41:24.976+0000] {docker.py:413} INFO - [38;5;6mspark [38;5;5m07:41:24.97 [0m[38;5;2mINFO [0m ==> Submit issues and feature requests at [1mhttps://github.com/bitnami/containers/issues[0m
[2024-06-27T07:41:24.976+0000] {docker.py:413} INFO - [38;5;6mspark [38;5;5m07:41:24.97 [0m[38;5;2mINFO [0m ==>
[2024-06-27T07:41:24.979+0000] {docker.py:413} INFO - 
[2024-06-27T07:41:25.879+0000] {docker.py:413} INFO - :: loading settings :: url = jar:file:/opt/bitnami/spark/jars/ivy-2.5.1.jar!/org/apache/ivy/core/settings/ivysettings.xml
[2024-06-27T07:41:25.913+0000] {docker.py:413} INFO - Ivy Default Cache set to: /opt/bitnami/spark/.ivy2/cache
The jars for the packages stored in: /opt/bitnami/spark/.ivy2/jars
[2024-06-27T07:41:25.916+0000] {docker.py:413} INFO - org.postgresql#postgresql added as a dependency
org.apache.spark#spark-sql-kafka-0-10_2.12 added as a dependency
[2024-06-27T07:41:25.917+0000] {docker.py:413} INFO - :: resolving dependencies :: org.apache.spark#spark-submit-parent-06ee736c-db23-47e4-90f3-e6c14bc8ff4f;1.0
	confs: [default]
[2024-06-27T07:41:26.243+0000] {docker.py:413} INFO - found org.postgresql#postgresql;42.5.4 in central
[2024-06-27T07:41:26.277+0000] {docker.py:413} INFO - found org.checkerframework#checker-qual;3.5.0 in central
[2024-06-27T07:41:26.857+0000] {docker.py:413} INFO - found org.apache.spark#spark-sql-kafka-0-10_2.12;3.5.0 in central
[2024-06-27T07:41:26.978+0000] {docker.py:413} INFO - found org.apache.spark#spark-token-provider-kafka-0-10_2.12;3.5.0 in central
[2024-06-27T07:41:27.013+0000] {docker.py:413} INFO - found org.apache.kafka#kafka-clients;3.4.1 in central
[2024-06-27T07:41:27.044+0000] {docker.py:413} INFO - found org.lz4#lz4-java;1.8.0 in central
[2024-06-27T07:41:27.083+0000] {docker.py:413} INFO - found org.xerial.snappy#snappy-java;1.1.10.3 in central
[2024-06-27T07:41:27.351+0000] {docker.py:413} INFO - found org.slf4j#slf4j-api;2.0.7 in central
[2024-06-27T07:41:27.761+0000] {docker.py:413} INFO - found org.apache.hadoop#hadoop-client-runtime;3.3.4 in central
[2024-06-27T07:41:27.810+0000] {docker.py:413} INFO - found org.apache.hadoop#hadoop-client-api;3.3.4 in central
[2024-06-27T07:41:27.986+0000] {docker.py:413} INFO - found commons-logging#commons-logging;1.1.3 in central
[2024-06-27T07:41:28.014+0000] {docker.py:413} INFO - found com.google.code.findbugs#jsr305;3.0.0 in central
[2024-06-27T07:41:28.328+0000] {docker.py:413} INFO - found org.apache.commons#commons-pool2;2.11.1 in central
[2024-06-27T07:41:28.346+0000] {docker.py:413} INFO - downloading https://repo1.maven.org/maven2/org/postgresql/postgresql/42.5.4/postgresql-42.5.4.jar ...
[2024-06-27T07:41:28.389+0000] {docker.py:413} INFO - [SUCCESSFUL ] org.postgresql#postgresql;42.5.4!postgresql.jar (56ms)
[2024-06-27T07:41:28.402+0000] {docker.py:413} INFO - downloading https://repo1.maven.org/maven2/org/apache/spark/spark-sql-kafka-0-10_2.12/3.5.0/spark-sql-kafka-0-10_2.12-3.5.0.jar ...
[2024-06-27T07:41:28.425+0000] {docker.py:413} INFO - [SUCCESSFUL ] org.apache.spark#spark-sql-kafka-0-10_2.12;3.5.0!spark-sql-kafka-0-10_2.12.jar (35ms)
[2024-06-27T07:41:28.435+0000] {docker.py:413} INFO - downloading https://repo1.maven.org/maven2/org/checkerframework/checker-qual/3.5.0/checker-qual-3.5.0.jar ...
[2024-06-27T07:41:28.454+0000] {docker.py:413} INFO - [SUCCESSFUL ] org.checkerframework#checker-qual;3.5.0!checker-qual.jar (28ms)
[2024-06-27T07:41:28.465+0000] {docker.py:413} INFO - downloading https://repo1.maven.org/maven2/org/apache/spark/spark-token-provider-kafka-0-10_2.12/3.5.0/spark-token-provider-kafka-0-10_2.12-3.5.0.jar ...
[2024-06-27T07:41:28.480+0000] {docker.py:413} INFO - [SUCCESSFUL ] org.apache.spark#spark-token-provider-kafka-0-10_2.12;3.5.0!spark-token-provider-kafka-0-10_2.12.jar (26ms)
[2024-06-27T07:41:28.490+0000] {docker.py:413} INFO - downloading https://repo1.maven.org/maven2/org/apache/kafka/kafka-clients/3.4.1/kafka-clients-3.4.1.jar ...
[2024-06-27T07:41:28.618+0000] {docker.py:413} INFO - [SUCCESSFUL ] org.apache.kafka#kafka-clients;3.4.1!kafka-clients.jar (137ms)
[2024-06-27T07:41:28.631+0000] {docker.py:413} INFO - downloading https://repo1.maven.org/maven2/com/google/code/findbugs/jsr305/3.0.0/jsr305-3.0.0.jar ...
[2024-06-27T07:41:28.646+0000] {docker.py:413} INFO - [SUCCESSFUL ] com.google.code.findbugs#jsr305;3.0.0!jsr305.jar (27ms)
[2024-06-27T07:41:28.658+0000] {docker.py:413} INFO - downloading https://repo1.maven.org/maven2/org/apache/commons/commons-pool2/2.11.1/commons-pool2-2.11.1.jar ...
[2024-06-27T07:41:28.678+0000] {docker.py:413} INFO - [SUCCESSFUL ] org.apache.commons#commons-pool2;2.11.1!commons-pool2.jar (31ms)
[2024-06-27T07:41:28.692+0000] {docker.py:413} INFO - downloading https://repo1.maven.org/maven2/org/apache/hadoop/hadoop-client-runtime/3.3.4/hadoop-client-runtime-3.3.4.jar ...
[2024-06-27T07:41:29.617+0000] {docker.py:413} INFO - [SUCCESSFUL ] org.apache.hadoop#hadoop-client-runtime;3.3.4!hadoop-client-runtime.jar (938ms)
[2024-06-27T07:41:29.629+0000] {docker.py:413} INFO - downloading https://repo1.maven.org/maven2/org/lz4/lz4-java/1.8.0/lz4-java-1.8.0.jar ...
[2024-06-27T07:41:29.671+0000] {docker.py:413} INFO - [SUCCESSFUL ] org.lz4#lz4-java;1.8.0!lz4-java.jar (47ms)
[2024-06-27T07:41:29.681+0000] {docker.py:413} INFO - downloading https://repo1.maven.org/maven2/org/xerial/snappy/snappy-java/1.1.10.3/snappy-java-1.1.10.3.jar ...
[2024-06-27T07:41:29.758+0000] {docker.py:413} INFO - [SUCCESSFUL ] org.xerial.snappy#snappy-java;1.1.10.3!snappy-java.jar(bundle) (87ms)
[2024-06-27T07:41:29.768+0000] {docker.py:413} INFO - downloading https://repo1.maven.org/maven2/org/slf4j/slf4j-api/2.0.7/slf4j-api-2.0.7.jar ...
[2024-06-27T07:41:29.789+0000] {docker.py:413} INFO - [SUCCESSFUL ] org.slf4j#slf4j-api;2.0.7!slf4j-api.jar (30ms)
[2024-06-27T07:41:29.798+0000] {docker.py:413} INFO - downloading https://repo1.maven.org/maven2/org/apache/hadoop/hadoop-client-api/3.3.4/hadoop-client-api-3.3.4.jar ...
[2024-06-27T07:41:30.311+0000] {docker.py:413} INFO - [SUCCESSFUL ] org.apache.hadoop#hadoop-client-api;3.3.4!hadoop-client-api.jar (522ms)
[2024-06-27T07:41:30.321+0000] {docker.py:413} INFO - downloading https://repo1.maven.org/maven2/commons-logging/commons-logging/1.1.3/commons-logging-1.1.3.jar ...
[2024-06-27T07:41:30.337+0000] {docker.py:413} INFO - [SUCCESSFUL ] commons-logging#commons-logging;1.1.3!commons-logging.jar (26ms)
[2024-06-27T07:41:30.338+0000] {docker.py:413} INFO - :: resolution report :: resolve 2416ms :: artifacts dl 2005ms
	:: modules in use:
[2024-06-27T07:41:30.338+0000] {docker.py:413} INFO - com.google.code.findbugs#jsr305;3.0.0 from central in [default]
[2024-06-27T07:41:30.338+0000] {docker.py:413} INFO - commons-logging#commons-logging;1.1.3 from central in [default]
	org.apache.commons#commons-pool2;2.11.1 from central in [default]
	org.apache.hadoop#hadoop-client-api;3.3.4 from central in [default]
	org.apache.hadoop#hadoop-client-runtime;3.3.4 from central in [default]
	org.apache.kafka#kafka-clients;3.4.1 from central in [default]
[2024-06-27T07:41:30.339+0000] {docker.py:413} INFO - org.apache.spark#spark-sql-kafka-0-10_2.12;3.5.0 from central in [default]
	org.apache.spark#spark-token-provider-kafka-0-10_2.12;3.5.0 from central in [default]
	org.checkerframework#checker-qual;3.5.0 from central in [default]
[2024-06-27T07:41:30.339+0000] {docker.py:413} INFO - org.lz4#lz4-java;1.8.0 from central in [default]
	org.postgresql#postgresql;42.5.4 from central in [default]
	org.slf4j#slf4j-api;2.0.7 from central in [default]
	org.xerial.snappy#snappy-java;1.1.10.3 from central in [default]
[2024-06-27T07:41:30.340+0000] {docker.py:413} INFO - ---------------------------------------------------------------------
[2024-06-27T07:41:30.340+0000] {docker.py:413} INFO - |                  |            modules            ||   artifacts   |
	|       conf       | number| search|dwnlded|evicted|| number|dwnlded|
	---------------------------------------------------------------------
[2024-06-27T07:41:30.340+0000] {docker.py:413} INFO - |      default     |   13  |   13  |   13  |   0   ||   13  |   13  |
	---------------------------------------------------------------------
[2024-06-27T07:41:30.341+0000] {docker.py:413} INFO - :: retrieving :: org.apache.spark#spark-submit-parent-06ee736c-db23-47e4-90f3-e6c14bc8ff4f
	confs: [default]
[2024-06-27T07:41:30.372+0000] {docker.py:413} INFO - 13 artifacts copied, 0 already retrieved (58001kB/30ms)
[2024-06-27T07:41:30.462+0000] {docker.py:413} INFO - 24/06/27 07:41:30 WARN NativeCodeLoader: Unable to load native-hadoop library for your platform... using builtin-java classes where applicable
[2024-06-27T07:41:31.048+0000] {docker.py:413} INFO - 24/06/27 07:41:31 INFO SparkContext: Running Spark version 3.5.0
[2024-06-27T07:41:31.048+0000] {docker.py:413} INFO - 24/06/27 07:41:31 INFO SparkContext: OS info Linux, 6.6.12-linuxkit, aarch64
[2024-06-27T07:41:31.049+0000] {docker.py:413} INFO - 24/06/27 07:41:31 INFO SparkContext: Java version 17.0.10
[2024-06-27T07:41:31.059+0000] {docker.py:413} INFO - 24/06/27 07:41:31 INFO ResourceUtils: ==============================================================
[2024-06-27T07:41:31.060+0000] {docker.py:413} INFO - 24/06/27 07:41:31 INFO ResourceUtils: No custom resources configured for spark.driver.
[2024-06-27T07:41:31.060+0000] {docker.py:413} INFO - 24/06/27 07:41:31 INFO ResourceUtils: ==============================================================
[2024-06-27T07:41:31.060+0000] {docker.py:413} INFO - 24/06/27 07:41:31 INFO SparkContext: Submitted application: PostgreSQL Connection with PySpark
[2024-06-27T07:41:31.070+0000] {docker.py:413} INFO - 24/06/27 07:41:31 INFO ResourceProfile: Default ResourceProfile created, executor resources: Map(cores -> name: cores, amount: 1, script: , vendor: , memory -> name: memory, amount: 1024, script: , vendor: , offHeap -> name: offHeap, amount: 0, script: , vendor: ), task resources: Map(cpus -> name: cpus, amount: 1.0)
[2024-06-27T07:41:31.074+0000] {docker.py:413} INFO - 24/06/27 07:41:31 INFO ResourceProfile: Limiting resource is cpu
[2024-06-27T07:41:31.074+0000] {docker.py:413} INFO - 24/06/27 07:41:31 INFO ResourceProfileManager: Added ResourceProfile id: 0
[2024-06-27T07:41:31.101+0000] {docker.py:413} INFO - 24/06/27 07:41:31 INFO SecurityManager: Changing view acls to: spark
[2024-06-27T07:41:31.101+0000] {docker.py:413} INFO - 24/06/27 07:41:31 INFO SecurityManager: Changing modify acls to: spark
[2024-06-27T07:41:31.102+0000] {docker.py:413} INFO - 24/06/27 07:41:31 INFO SecurityManager: Changing view acls groups to:
[2024-06-27T07:41:31.102+0000] {docker.py:413} INFO - 24/06/27 07:41:31 INFO SecurityManager: Changing modify acls groups to:
[2024-06-27T07:41:31.102+0000] {docker.py:413} INFO - 24/06/27 07:41:31 INFO SecurityManager: SecurityManager: authentication disabled; ui acls disabled; users with view permissions: spark; groups with view permissions: EMPTY; users with modify permissions: spark; groups with modify permissions: EMPTY
[2024-06-27T07:41:31.201+0000] {docker.py:413} INFO - 24/06/27 07:41:31 INFO Utils: Successfully started service 'sparkDriver' on port 45349.
[2024-06-27T07:41:31.215+0000] {docker.py:413} INFO - 24/06/27 07:41:31 INFO SparkEnv: Registering MapOutputTracker
[2024-06-27T07:41:31.232+0000] {docker.py:413} INFO - 24/06/27 07:41:31 INFO SparkEnv: Registering BlockManagerMaster
[2024-06-27T07:41:31.241+0000] {docker.py:413} INFO - 24/06/27 07:41:31 INFO BlockManagerMasterEndpoint: Using org.apache.spark.storage.DefaultTopologyMapper for getting topology information
[2024-06-27T07:41:31.242+0000] {docker.py:413} INFO - 24/06/27 07:41:31 INFO BlockManagerMasterEndpoint: BlockManagerMasterEndpoint up
[2024-06-27T07:41:31.243+0000] {docker.py:413} INFO - 24/06/27 07:41:31 INFO SparkEnv: Registering BlockManagerMasterHeartbeat
[2024-06-27T07:41:31.255+0000] {docker.py:413} INFO - 24/06/27 07:41:31 INFO DiskBlockManager: Created local directory at /tmp/blockmgr-838c2947-4461-442f-9380-0ea925f7a997
[2024-06-27T07:41:31.266+0000] {docker.py:413} INFO - 24/06/27 07:41:31 INFO MemoryStore: MemoryStore started with capacity 434.4 MiB
[2024-06-27T07:41:31.274+0000] {docker.py:413} INFO - 24/06/27 07:41:31 INFO SparkEnv: Registering OutputCommitCoordinator
[2024-06-27T07:41:31.341+0000] {docker.py:413} INFO - 24/06/27 07:41:31 INFO JettyUtils: Start Jetty 0.0.0.0:4040 for SparkUI
[2024-06-27T07:41:31.370+0000] {docker.py:413} INFO - 24/06/27 07:41:31 INFO Utils: Successfully started service 'SparkUI' on port 4040.
[2024-06-27T07:41:31.388+0000] {docker.py:413} INFO - 24/06/27 07:41:31 INFO SparkContext: Added JAR file:///opt/bitnami/spark/.ivy2/jars/org.postgresql_postgresql-42.5.4.jar at spark://localhost:45349/jars/org.postgresql_postgresql-42.5.4.jar with timestamp 1719474091043
[2024-06-27T07:41:31.388+0000] {docker.py:413} INFO - 24/06/27 07:41:31 INFO SparkContext: Added JAR file:///opt/bitnami/spark/.ivy2/jars/org.apache.spark_spark-sql-kafka-0-10_2.12-3.5.0.jar at spark://localhost:45349/jars/org.apache.spark_spark-sql-kafka-0-10_2.12-3.5.0.jar with timestamp 1719474091043
[2024-06-27T07:41:31.389+0000] {docker.py:413} INFO - 24/06/27 07:41:31 INFO SparkContext: Added JAR file:///opt/bitnami/spark/.ivy2/jars/org.checkerframework_checker-qual-3.5.0.jar at spark://localhost:45349/jars/org.checkerframework_checker-qual-3.5.0.jar with timestamp 1719474091043
[2024-06-27T07:41:31.389+0000] {docker.py:413} INFO - 24/06/27 07:41:31 INFO SparkContext: Added JAR file:///opt/bitnami/spark/.ivy2/jars/org.apache.spark_spark-token-provider-kafka-0-10_2.12-3.5.0.jar at spark://localhost:45349/jars/org.apache.spark_spark-token-provider-kafka-0-10_2.12-3.5.0.jar with timestamp 1719474091043
24/06/27 07:41:31 INFO SparkContext: Added JAR file:///opt/bitnami/spark/.ivy2/jars/org.apache.kafka_kafka-clients-3.4.1.jar at spark://localhost:45349/jars/org.apache.kafka_kafka-clients-3.4.1.jar with timestamp 1719474091043
[2024-06-27T07:41:31.389+0000] {docker.py:413} INFO - 24/06/27 07:41:31 INFO SparkContext: Added JAR file:///opt/bitnami/spark/.ivy2/jars/com.google.code.findbugs_jsr305-3.0.0.jar at spark://localhost:45349/jars/com.google.code.findbugs_jsr305-3.0.0.jar with timestamp 1719474091043
[2024-06-27T07:41:31.390+0000] {docker.py:413} INFO - 24/06/27 07:41:31 INFO SparkContext: Added JAR file:///opt/bitnami/spark/.ivy2/jars/org.apache.commons_commons-pool2-2.11.1.jar at spark://localhost:45349/jars/org.apache.commons_commons-pool2-2.11.1.jar with timestamp 1719474091043
[2024-06-27T07:41:31.390+0000] {docker.py:413} INFO - 24/06/27 07:41:31 INFO SparkContext: Added JAR file:///opt/bitnami/spark/.ivy2/jars/org.apache.hadoop_hadoop-client-runtime-3.3.4.jar at spark://localhost:45349/jars/org.apache.hadoop_hadoop-client-runtime-3.3.4.jar with timestamp 1719474091043
24/06/27 07:41:31 INFO SparkContext: Added JAR file:///opt/bitnami/spark/.ivy2/jars/org.lz4_lz4-java-1.8.0.jar at spark://localhost:45349/jars/org.lz4_lz4-java-1.8.0.jar with timestamp 1719474091043
[2024-06-27T07:41:31.390+0000] {docker.py:413} INFO - 24/06/27 07:41:31 INFO SparkContext: Added JAR file:///opt/bitnami/spark/.ivy2/jars/org.xerial.snappy_snappy-java-1.1.10.3.jar at spark://localhost:45349/jars/org.xerial.snappy_snappy-java-1.1.10.3.jar with timestamp 1719474091043
[2024-06-27T07:41:31.390+0000] {docker.py:413} INFO - 24/06/27 07:41:31 INFO SparkContext: Added JAR file:///opt/bitnami/spark/.ivy2/jars/org.slf4j_slf4j-api-2.0.7.jar at spark://localhost:45349/jars/org.slf4j_slf4j-api-2.0.7.jar with timestamp 1719474091043
[2024-06-27T07:41:31.391+0000] {docker.py:413} INFO - 24/06/27 07:41:31 INFO SparkContext: Added JAR file:///opt/bitnami/spark/.ivy2/jars/org.apache.hadoop_hadoop-client-api-3.3.4.jar at spark://localhost:45349/jars/org.apache.hadoop_hadoop-client-api-3.3.4.jar with timestamp 1719474091043
[2024-06-27T07:41:31.391+0000] {docker.py:413} INFO - 24/06/27 07:41:31 INFO SparkContext: Added JAR file:///opt/bitnami/spark/.ivy2/jars/commons-logging_commons-logging-1.1.3.jar at spark://localhost:45349/jars/commons-logging_commons-logging-1.1.3.jar with timestamp 1719474091043
[2024-06-27T07:41:31.391+0000] {docker.py:413} INFO - 24/06/27 07:41:31 INFO SparkContext: Added file file:///opt/bitnami/spark/.ivy2/jars/org.postgresql_postgresql-42.5.4.jar at file:///opt/bitnami/spark/.ivy2/jars/org.postgresql_postgresql-42.5.4.jar with timestamp 1719474091043
[2024-06-27T07:41:31.392+0000] {docker.py:413} INFO - 24/06/27 07:41:31 INFO Utils: Copying /opt/bitnami/spark/.ivy2/jars/org.postgresql_postgresql-42.5.4.jar to /tmp/spark-7fcba700-13b0-4a66-94bc-01a2df5b992c/userFiles-946c1ecd-26c2-4596-9edd-31a1df5036ff/org.postgresql_postgresql-42.5.4.jar
[2024-06-27T07:41:31.396+0000] {docker.py:413} INFO - 24/06/27 07:41:31 INFO SparkContext: Added file file:///opt/bitnami/spark/.ivy2/jars/org.apache.spark_spark-sql-kafka-0-10_2.12-3.5.0.jar at file:///opt/bitnami/spark/.ivy2/jars/org.apache.spark_spark-sql-kafka-0-10_2.12-3.5.0.jar with timestamp 1719474091043
[2024-06-27T07:41:31.397+0000] {docker.py:413} INFO - 24/06/27 07:41:31 INFO Utils: Copying /opt/bitnami/spark/.ivy2/jars/org.apache.spark_spark-sql-kafka-0-10_2.12-3.5.0.jar to /tmp/spark-7fcba700-13b0-4a66-94bc-01a2df5b992c/userFiles-946c1ecd-26c2-4596-9edd-31a1df5036ff/org.apache.spark_spark-sql-kafka-0-10_2.12-3.5.0.jar
[2024-06-27T07:41:31.398+0000] {docker.py:413} INFO - 24/06/27 07:41:31 INFO SparkContext: Added file file:///opt/bitnami/spark/.ivy2/jars/org.checkerframework_checker-qual-3.5.0.jar at file:///opt/bitnami/spark/.ivy2/jars/org.checkerframework_checker-qual-3.5.0.jar with timestamp 1719474091043
[2024-06-27T07:41:31.398+0000] {docker.py:413} INFO - 24/06/27 07:41:31 INFO Utils: Copying /opt/bitnami/spark/.ivy2/jars/org.checkerframework_checker-qual-3.5.0.jar to /tmp/spark-7fcba700-13b0-4a66-94bc-01a2df5b992c/userFiles-946c1ecd-26c2-4596-9edd-31a1df5036ff/org.checkerframework_checker-qual-3.5.0.jar
[2024-06-27T07:41:31.400+0000] {docker.py:413} INFO - 24/06/27 07:41:31 INFO SparkContext: Added file file:///opt/bitnami/spark/.ivy2/jars/org.apache.spark_spark-token-provider-kafka-0-10_2.12-3.5.0.jar at file:///opt/bitnami/spark/.ivy2/jars/org.apache.spark_spark-token-provider-kafka-0-10_2.12-3.5.0.jar with timestamp 1719474091043
[2024-06-27T07:41:31.401+0000] {docker.py:413} INFO - 24/06/27 07:41:31 INFO Utils: Copying /opt/bitnami/spark/.ivy2/jars/org.apache.spark_spark-token-provider-kafka-0-10_2.12-3.5.0.jar to /tmp/spark-7fcba700-13b0-4a66-94bc-01a2df5b992c/userFiles-946c1ecd-26c2-4596-9edd-31a1df5036ff/org.apache.spark_spark-token-provider-kafka-0-10_2.12-3.5.0.jar
[2024-06-27T07:41:31.402+0000] {docker.py:413} INFO - 24/06/27 07:41:31 INFO SparkContext: Added file file:///opt/bitnami/spark/.ivy2/jars/org.apache.kafka_kafka-clients-3.4.1.jar at file:///opt/bitnami/spark/.ivy2/jars/org.apache.kafka_kafka-clients-3.4.1.jar with timestamp 1719474091043
[2024-06-27T07:41:31.402+0000] {docker.py:413} INFO - 24/06/27 07:41:31 INFO Utils: Copying /opt/bitnami/spark/.ivy2/jars/org.apache.kafka_kafka-clients-3.4.1.jar to /tmp/spark-7fcba700-13b0-4a66-94bc-01a2df5b992c/userFiles-946c1ecd-26c2-4596-9edd-31a1df5036ff/org.apache.kafka_kafka-clients-3.4.1.jar
[2024-06-27T07:41:31.407+0000] {docker.py:413} INFO - 24/06/27 07:41:31 INFO SparkContext: Added file file:///opt/bitnami/spark/.ivy2/jars/com.google.code.findbugs_jsr305-3.0.0.jar at file:///opt/bitnami/spark/.ivy2/jars/com.google.code.findbugs_jsr305-3.0.0.jar with timestamp 1719474091043
24/06/27 07:41:31 INFO Utils: Copying /opt/bitnami/spark/.ivy2/jars/com.google.code.findbugs_jsr305-3.0.0.jar to /tmp/spark-7fcba700-13b0-4a66-94bc-01a2df5b992c/userFiles-946c1ecd-26c2-4596-9edd-31a1df5036ff/com.google.code.findbugs_jsr305-3.0.0.jar
[2024-06-27T07:41:31.408+0000] {docker.py:413} INFO - 24/06/27 07:41:31 INFO SparkContext: Added file file:///opt/bitnami/spark/.ivy2/jars/org.apache.commons_commons-pool2-2.11.1.jar at file:///opt/bitnami/spark/.ivy2/jars/org.apache.commons_commons-pool2-2.11.1.jar with timestamp 1719474091043
[2024-06-27T07:41:31.408+0000] {docker.py:413} INFO - 24/06/27 07:41:31 INFO Utils: Copying /opt/bitnami/spark/.ivy2/jars/org.apache.commons_commons-pool2-2.11.1.jar to /tmp/spark-7fcba700-13b0-4a66-94bc-01a2df5b992c/userFiles-946c1ecd-26c2-4596-9edd-31a1df5036ff/org.apache.commons_commons-pool2-2.11.1.jar
[2024-06-27T07:41:31.409+0000] {docker.py:413} INFO - 24/06/27 07:41:31 INFO SparkContext: Added file file:///opt/bitnami/spark/.ivy2/jars/org.apache.hadoop_hadoop-client-runtime-3.3.4.jar at file:///opt/bitnami/spark/.ivy2/jars/org.apache.hadoop_hadoop-client-runtime-3.3.4.jar with timestamp 1719474091043
[2024-06-27T07:41:31.410+0000] {docker.py:413} INFO - 24/06/27 07:41:31 INFO Utils: Copying /opt/bitnami/spark/.ivy2/jars/org.apache.hadoop_hadoop-client-runtime-3.3.4.jar to /tmp/spark-7fcba700-13b0-4a66-94bc-01a2df5b992c/userFiles-946c1ecd-26c2-4596-9edd-31a1df5036ff/org.apache.hadoop_hadoop-client-runtime-3.3.4.jar
[2024-06-27T07:41:31.426+0000] {docker.py:413} INFO - 24/06/27 07:41:31 INFO SparkContext: Added file file:///opt/bitnami/spark/.ivy2/jars/org.lz4_lz4-java-1.8.0.jar at file:///opt/bitnami/spark/.ivy2/jars/org.lz4_lz4-java-1.8.0.jar with timestamp 1719474091043
[2024-06-27T07:41:31.426+0000] {docker.py:413} INFO - 24/06/27 07:41:31 INFO Utils: Copying /opt/bitnami/spark/.ivy2/jars/org.lz4_lz4-java-1.8.0.jar to /tmp/spark-7fcba700-13b0-4a66-94bc-01a2df5b992c/userFiles-946c1ecd-26c2-4596-9edd-31a1df5036ff/org.lz4_lz4-java-1.8.0.jar
[2024-06-27T07:41:31.428+0000] {docker.py:413} INFO - 24/06/27 07:41:31 INFO SparkContext: Added file file:///opt/bitnami/spark/.ivy2/jars/org.xerial.snappy_snappy-java-1.1.10.3.jar at file:///opt/bitnami/spark/.ivy2/jars/org.xerial.snappy_snappy-java-1.1.10.3.jar with timestamp 1719474091043
[2024-06-27T07:41:31.428+0000] {docker.py:413} INFO - 24/06/27 07:41:31 INFO Utils: Copying /opt/bitnami/spark/.ivy2/jars/org.xerial.snappy_snappy-java-1.1.10.3.jar to /tmp/spark-7fcba700-13b0-4a66-94bc-01a2df5b992c/userFiles-946c1ecd-26c2-4596-9edd-31a1df5036ff/org.xerial.snappy_snappy-java-1.1.10.3.jar
[2024-06-27T07:41:31.430+0000] {docker.py:413} INFO - 24/06/27 07:41:31 INFO SparkContext: Added file file:///opt/bitnami/spark/.ivy2/jars/org.slf4j_slf4j-api-2.0.7.jar at file:///opt/bitnami/spark/.ivy2/jars/org.slf4j_slf4j-api-2.0.7.jar with timestamp 1719474091043
[2024-06-27T07:41:31.431+0000] {docker.py:413} INFO - 24/06/27 07:41:31 INFO Utils: Copying /opt/bitnami/spark/.ivy2/jars/org.slf4j_slf4j-api-2.0.7.jar to /tmp/spark-7fcba700-13b0-4a66-94bc-01a2df5b992c/userFiles-946c1ecd-26c2-4596-9edd-31a1df5036ff/org.slf4j_slf4j-api-2.0.7.jar
[2024-06-27T07:41:31.432+0000] {docker.py:413} INFO - 24/06/27 07:41:31 INFO SparkContext: Added file file:///opt/bitnami/spark/.ivy2/jars/org.apache.hadoop_hadoop-client-api-3.3.4.jar at file:///opt/bitnami/spark/.ivy2/jars/org.apache.hadoop_hadoop-client-api-3.3.4.jar with timestamp 1719474091043
[2024-06-27T07:41:31.432+0000] {docker.py:413} INFO - 24/06/27 07:41:31 INFO Utils: Copying /opt/bitnami/spark/.ivy2/jars/org.apache.hadoop_hadoop-client-api-3.3.4.jar to /tmp/spark-7fcba700-13b0-4a66-94bc-01a2df5b992c/userFiles-946c1ecd-26c2-4596-9edd-31a1df5036ff/org.apache.hadoop_hadoop-client-api-3.3.4.jar
[2024-06-27T07:41:31.443+0000] {docker.py:413} INFO - 24/06/27 07:41:31 INFO SparkContext: Added file file:///opt/bitnami/spark/.ivy2/jars/commons-logging_commons-logging-1.1.3.jar at file:///opt/bitnami/spark/.ivy2/jars/commons-logging_commons-logging-1.1.3.jar with timestamp 1719474091043
[2024-06-27T07:41:31.444+0000] {docker.py:413} INFO - 24/06/27 07:41:31 INFO Utils: Copying /opt/bitnami/spark/.ivy2/jars/commons-logging_commons-logging-1.1.3.jar to /tmp/spark-7fcba700-13b0-4a66-94bc-01a2df5b992c/userFiles-946c1ecd-26c2-4596-9edd-31a1df5036ff/commons-logging_commons-logging-1.1.3.jar
[2024-06-27T07:41:31.476+0000] {docker.py:413} INFO - 24/06/27 07:41:31 INFO Executor: Starting executor ID driver on host localhost
[2024-06-27T07:41:31.476+0000] {docker.py:413} INFO - 24/06/27 07:41:31 INFO Executor: OS info Linux, 6.6.12-linuxkit, aarch64
[2024-06-27T07:41:31.476+0000] {docker.py:413} INFO - 24/06/27 07:41:31 INFO Executor: Java version 17.0.10
[2024-06-27T07:41:31.478+0000] {docker.py:413} INFO - 24/06/27 07:41:31 INFO Executor: Starting executor with user classpath (userClassPathFirst = false): ''
[2024-06-27T07:41:31.478+0000] {docker.py:413} INFO - 24/06/27 07:41:31 INFO Executor: Created or updated repl class loader org.apache.spark.util.MutableURLClassLoader@1339b7c5 for default.
[2024-06-27T07:41:31.484+0000] {docker.py:413} INFO - 24/06/27 07:41:31 INFO Executor: Fetching file:///opt/bitnami/spark/.ivy2/jars/org.apache.spark_spark-token-provider-kafka-0-10_2.12-3.5.0.jar with timestamp 1719474091043
[2024-06-27T07:41:31.490+0000] {docker.py:413} INFO - 24/06/27 07:41:31 INFO Utils: /opt/bitnami/spark/.ivy2/jars/org.apache.spark_spark-token-provider-kafka-0-10_2.12-3.5.0.jar has been previously copied to /tmp/spark-7fcba700-13b0-4a66-94bc-01a2df5b992c/userFiles-946c1ecd-26c2-4596-9edd-31a1df5036ff/org.apache.spark_spark-token-provider-kafka-0-10_2.12-3.5.0.jar
[2024-06-27T07:41:31.492+0000] {docker.py:413} INFO - 24/06/27 07:41:31 INFO Executor: Fetching file:///opt/bitnami/spark/.ivy2/jars/org.apache.hadoop_hadoop-client-runtime-3.3.4.jar with timestamp 1719474091043
[2024-06-27T07:41:31.503+0000] {docker.py:413} INFO - 24/06/27 07:41:31 INFO Utils: /opt/bitnami/spark/.ivy2/jars/org.apache.hadoop_hadoop-client-runtime-3.3.4.jar has been previously copied to /tmp/spark-7fcba700-13b0-4a66-94bc-01a2df5b992c/userFiles-946c1ecd-26c2-4596-9edd-31a1df5036ff/org.apache.hadoop_hadoop-client-runtime-3.3.4.jar
[2024-06-27T07:41:31.505+0000] {docker.py:413} INFO - 24/06/27 07:41:31 INFO Executor: Fetching file:///opt/bitnami/spark/.ivy2/jars/org.apache.commons_commons-pool2-2.11.1.jar with timestamp 1719474091043
[2024-06-27T07:41:31.505+0000] {docker.py:413} INFO - 24/06/27 07:41:31 INFO Utils: /opt/bitnami/spark/.ivy2/jars/org.apache.commons_commons-pool2-2.11.1.jar has been previously copied to /tmp/spark-7fcba700-13b0-4a66-94bc-01a2df5b992c/userFiles-946c1ecd-26c2-4596-9edd-31a1df5036ff/org.apache.commons_commons-pool2-2.11.1.jar
[2024-06-27T07:41:31.506+0000] {docker.py:413} INFO - 24/06/27 07:41:31 INFO Executor: Fetching file:///opt/bitnami/spark/.ivy2/jars/org.postgresql_postgresql-42.5.4.jar with timestamp 1719474091043
[2024-06-27T07:41:31.506+0000] {docker.py:413} INFO - 24/06/27 07:41:31 INFO Utils: /opt/bitnami/spark/.ivy2/jars/org.postgresql_postgresql-42.5.4.jar has been previously copied to /tmp/spark-7fcba700-13b0-4a66-94bc-01a2df5b992c/userFiles-946c1ecd-26c2-4596-9edd-31a1df5036ff/org.postgresql_postgresql-42.5.4.jar
[2024-06-27T07:41:31.508+0000] {docker.py:413} INFO - 24/06/27 07:41:31 INFO Executor: Fetching file:///opt/bitnami/spark/.ivy2/jars/org.slf4j_slf4j-api-2.0.7.jar with timestamp 1719474091043
[2024-06-27T07:41:31.508+0000] {docker.py:413} INFO - 24/06/27 07:41:31 INFO Utils: /opt/bitnami/spark/.ivy2/jars/org.slf4j_slf4j-api-2.0.7.jar has been previously copied to /tmp/spark-7fcba700-13b0-4a66-94bc-01a2df5b992c/userFiles-946c1ecd-26c2-4596-9edd-31a1df5036ff/org.slf4j_slf4j-api-2.0.7.jar
[2024-06-27T07:41:31.509+0000] {docker.py:413} INFO - 24/06/27 07:41:31 INFO Executor: Fetching file:///opt/bitnami/spark/.ivy2/jars/org.apache.kafka_kafka-clients-3.4.1.jar with timestamp 1719474091043
[2024-06-27T07:41:31.512+0000] {docker.py:413} INFO - 24/06/27 07:41:31 INFO Utils: /opt/bitnami/spark/.ivy2/jars/org.apache.kafka_kafka-clients-3.4.1.jar has been previously copied to /tmp/spark-7fcba700-13b0-4a66-94bc-01a2df5b992c/userFiles-946c1ecd-26c2-4596-9edd-31a1df5036ff/org.apache.kafka_kafka-clients-3.4.1.jar
[2024-06-27T07:41:31.513+0000] {docker.py:413} INFO - 24/06/27 07:41:31 INFO Executor: Fetching file:///opt/bitnami/spark/.ivy2/jars/com.google.code.findbugs_jsr305-3.0.0.jar with timestamp 1719474091043
[2024-06-27T07:41:31.513+0000] {docker.py:413} INFO - 24/06/27 07:41:31 INFO Utils: /opt/bitnami/spark/.ivy2/jars/com.google.code.findbugs_jsr305-3.0.0.jar has been previously copied to /tmp/spark-7fcba700-13b0-4a66-94bc-01a2df5b992c/userFiles-946c1ecd-26c2-4596-9edd-31a1df5036ff/com.google.code.findbugs_jsr305-3.0.0.jar
[2024-06-27T07:41:31.514+0000] {docker.py:413} INFO - 24/06/27 07:41:31 INFO Executor: Fetching file:///opt/bitnami/spark/.ivy2/jars/org.lz4_lz4-java-1.8.0.jar with timestamp 1719474091043
[2024-06-27T07:41:31.514+0000] {docker.py:413} INFO - 24/06/27 07:41:31 INFO Utils: /opt/bitnami/spark/.ivy2/jars/org.lz4_lz4-java-1.8.0.jar has been previously copied to /tmp/spark-7fcba700-13b0-4a66-94bc-01a2df5b992c/userFiles-946c1ecd-26c2-4596-9edd-31a1df5036ff/org.lz4_lz4-java-1.8.0.jar
[2024-06-27T07:41:31.516+0000] {docker.py:413} INFO - 24/06/27 07:41:31 INFO Executor: Fetching file:///opt/bitnami/spark/.ivy2/jars/org.apache.spark_spark-sql-kafka-0-10_2.12-3.5.0.jar with timestamp 1719474091043
[2024-06-27T07:41:31.516+0000] {docker.py:413} INFO - 24/06/27 07:41:31 INFO Utils: /opt/bitnami/spark/.ivy2/jars/org.apache.spark_spark-sql-kafka-0-10_2.12-3.5.0.jar has been previously copied to /tmp/spark-7fcba700-13b0-4a66-94bc-01a2df5b992c/userFiles-946c1ecd-26c2-4596-9edd-31a1df5036ff/org.apache.spark_spark-sql-kafka-0-10_2.12-3.5.0.jar
[2024-06-27T07:41:31.517+0000] {docker.py:413} INFO - 24/06/27 07:41:31 INFO Executor: Fetching file:///opt/bitnami/spark/.ivy2/jars/org.apache.hadoop_hadoop-client-api-3.3.4.jar with timestamp 1719474091043
[2024-06-27T07:41:31.523+0000] {docker.py:413} INFO - 24/06/27 07:41:31 INFO Utils: /opt/bitnami/spark/.ivy2/jars/org.apache.hadoop_hadoop-client-api-3.3.4.jar has been previously copied to /tmp/spark-7fcba700-13b0-4a66-94bc-01a2df5b992c/userFiles-946c1ecd-26c2-4596-9edd-31a1df5036ff/org.apache.hadoop_hadoop-client-api-3.3.4.jar
[2024-06-27T07:41:31.525+0000] {docker.py:413} INFO - 24/06/27 07:41:31 INFO Executor: Fetching file:///opt/bitnami/spark/.ivy2/jars/commons-logging_commons-logging-1.1.3.jar with timestamp 1719474091043
[2024-06-27T07:41:31.525+0000] {docker.py:413} INFO - 24/06/27 07:41:31 INFO Utils: /opt/bitnami/spark/.ivy2/jars/commons-logging_commons-logging-1.1.3.jar has been previously copied to /tmp/spark-7fcba700-13b0-4a66-94bc-01a2df5b992c/userFiles-946c1ecd-26c2-4596-9edd-31a1df5036ff/commons-logging_commons-logging-1.1.3.jar
[2024-06-27T07:41:31.526+0000] {docker.py:413} INFO - 24/06/27 07:41:31 INFO Executor: Fetching file:///opt/bitnami/spark/.ivy2/jars/org.checkerframework_checker-qual-3.5.0.jar with timestamp 1719474091043
[2024-06-27T07:41:31.526+0000] {docker.py:413} INFO - 24/06/27 07:41:31 INFO Utils: /opt/bitnami/spark/.ivy2/jars/org.checkerframework_checker-qual-3.5.0.jar has been previously copied to /tmp/spark-7fcba700-13b0-4a66-94bc-01a2df5b992c/userFiles-946c1ecd-26c2-4596-9edd-31a1df5036ff/org.checkerframework_checker-qual-3.5.0.jar
[2024-06-27T07:41:31.527+0000] {docker.py:413} INFO - 24/06/27 07:41:31 INFO Executor: Fetching file:///opt/bitnami/spark/.ivy2/jars/org.xerial.snappy_snappy-java-1.1.10.3.jar with timestamp 1719474091043
[2024-06-27T07:41:31.528+0000] {docker.py:413} INFO - 24/06/27 07:41:31 INFO Utils: /opt/bitnami/spark/.ivy2/jars/org.xerial.snappy_snappy-java-1.1.10.3.jar has been previously copied to /tmp/spark-7fcba700-13b0-4a66-94bc-01a2df5b992c/userFiles-946c1ecd-26c2-4596-9edd-31a1df5036ff/org.xerial.snappy_snappy-java-1.1.10.3.jar
[2024-06-27T07:41:31.530+0000] {docker.py:413} INFO - 24/06/27 07:41:31 INFO Executor: Fetching spark://localhost:45349/jars/org.checkerframework_checker-qual-3.5.0.jar with timestamp 1719474091043
[2024-06-27T07:41:31.547+0000] {docker.py:413} INFO - 24/06/27 07:41:31 INFO TransportClientFactory: Successfully created connection to localhost/127.0.0.1:45349 after 11 ms (0 ms spent in bootstraps)
[2024-06-27T07:41:31.550+0000] {docker.py:413} INFO - 24/06/27 07:41:31 INFO Utils: Fetching spark://localhost:45349/jars/org.checkerframework_checker-qual-3.5.0.jar to /tmp/spark-7fcba700-13b0-4a66-94bc-01a2df5b992c/userFiles-946c1ecd-26c2-4596-9edd-31a1df5036ff/fetchFileTemp2289505807069193476.tmp
[2024-06-27T07:41:31.561+0000] {docker.py:413} INFO - 24/06/27 07:41:31 INFO Utils: /tmp/spark-7fcba700-13b0-4a66-94bc-01a2df5b992c/userFiles-946c1ecd-26c2-4596-9edd-31a1df5036ff/fetchFileTemp2289505807069193476.tmp has been previously copied to /tmp/spark-7fcba700-13b0-4a66-94bc-01a2df5b992c/userFiles-946c1ecd-26c2-4596-9edd-31a1df5036ff/org.checkerframework_checker-qual-3.5.0.jar
[2024-06-27T07:41:31.563+0000] {docker.py:413} INFO - 24/06/27 07:41:31 INFO Executor: Adding file:/tmp/spark-7fcba700-13b0-4a66-94bc-01a2df5b992c/userFiles-946c1ecd-26c2-4596-9edd-31a1df5036ff/org.checkerframework_checker-qual-3.5.0.jar to class loader default
24/06/27 07:41:31 INFO Executor: Fetching spark://localhost:45349/jars/org.apache.spark_spark-sql-kafka-0-10_2.12-3.5.0.jar with timestamp 1719474091043
[2024-06-27T07:41:31.564+0000] {docker.py:413} INFO - 24/06/27 07:41:31 INFO Utils: Fetching spark://localhost:45349/jars/org.apache.spark_spark-sql-kafka-0-10_2.12-3.5.0.jar to /tmp/spark-7fcba700-13b0-4a66-94bc-01a2df5b992c/userFiles-946c1ecd-26c2-4596-9edd-31a1df5036ff/fetchFileTemp9633731567758402744.tmp
[2024-06-27T07:41:31.565+0000] {docker.py:413} INFO - 24/06/27 07:41:31 INFO Utils: /tmp/spark-7fcba700-13b0-4a66-94bc-01a2df5b992c/userFiles-946c1ecd-26c2-4596-9edd-31a1df5036ff/fetchFileTemp9633731567758402744.tmp has been previously copied to /tmp/spark-7fcba700-13b0-4a66-94bc-01a2df5b992c/userFiles-946c1ecd-26c2-4596-9edd-31a1df5036ff/org.apache.spark_spark-sql-kafka-0-10_2.12-3.5.0.jar
[2024-06-27T07:41:31.567+0000] {docker.py:413} INFO - 24/06/27 07:41:31 INFO Executor: Adding file:/tmp/spark-7fcba700-13b0-4a66-94bc-01a2df5b992c/userFiles-946c1ecd-26c2-4596-9edd-31a1df5036ff/org.apache.spark_spark-sql-kafka-0-10_2.12-3.5.0.jar to class loader default
[2024-06-27T07:41:31.567+0000] {docker.py:413} INFO - 24/06/27 07:41:31 INFO Executor: Fetching spark://localhost:45349/jars/commons-logging_commons-logging-1.1.3.jar with timestamp 1719474091043
[2024-06-27T07:41:31.568+0000] {docker.py:413} INFO - 24/06/27 07:41:31 INFO Utils: Fetching spark://localhost:45349/jars/commons-logging_commons-logging-1.1.3.jar to /tmp/spark-7fcba700-13b0-4a66-94bc-01a2df5b992c/userFiles-946c1ecd-26c2-4596-9edd-31a1df5036ff/fetchFileTemp7323034304971688336.tmp
[2024-06-27T07:41:31.568+0000] {docker.py:413} INFO - 24/06/27 07:41:31 INFO Utils: /tmp/spark-7fcba700-13b0-4a66-94bc-01a2df5b992c/userFiles-946c1ecd-26c2-4596-9edd-31a1df5036ff/fetchFileTemp7323034304971688336.tmp has been previously copied to /tmp/spark-7fcba700-13b0-4a66-94bc-01a2df5b992c/userFiles-946c1ecd-26c2-4596-9edd-31a1df5036ff/commons-logging_commons-logging-1.1.3.jar
[2024-06-27T07:41:31.570+0000] {docker.py:413} INFO - 24/06/27 07:41:31 INFO Executor: Adding file:/tmp/spark-7fcba700-13b0-4a66-94bc-01a2df5b992c/userFiles-946c1ecd-26c2-4596-9edd-31a1df5036ff/commons-logging_commons-logging-1.1.3.jar to class loader default
24/06/27 07:41:31 INFO Executor: Fetching spark://localhost:45349/jars/com.google.code.findbugs_jsr305-3.0.0.jar with timestamp 1719474091043
[2024-06-27T07:41:31.570+0000] {docker.py:413} INFO - 24/06/27 07:41:31 INFO Utils: Fetching spark://localhost:45349/jars/com.google.code.findbugs_jsr305-3.0.0.jar to /tmp/spark-7fcba700-13b0-4a66-94bc-01a2df5b992c/userFiles-946c1ecd-26c2-4596-9edd-31a1df5036ff/fetchFileTemp8047938554240248909.tmp
[2024-06-27T07:41:31.571+0000] {docker.py:413} INFO - 24/06/27 07:41:31 INFO Utils: /tmp/spark-7fcba700-13b0-4a66-94bc-01a2df5b992c/userFiles-946c1ecd-26c2-4596-9edd-31a1df5036ff/fetchFileTemp8047938554240248909.tmp has been previously copied to /tmp/spark-7fcba700-13b0-4a66-94bc-01a2df5b992c/userFiles-946c1ecd-26c2-4596-9edd-31a1df5036ff/com.google.code.findbugs_jsr305-3.0.0.jar
[2024-06-27T07:41:31.572+0000] {docker.py:413} INFO - 24/06/27 07:41:31 INFO Executor: Adding file:/tmp/spark-7fcba700-13b0-4a66-94bc-01a2df5b992c/userFiles-946c1ecd-26c2-4596-9edd-31a1df5036ff/com.google.code.findbugs_jsr305-3.0.0.jar to class loader default
24/06/27 07:41:31 INFO Executor: Fetching spark://localhost:45349/jars/org.apache.hadoop_hadoop-client-api-3.3.4.jar with timestamp 1719474091043
[2024-06-27T07:41:31.573+0000] {docker.py:413} INFO - 24/06/27 07:41:31 INFO Utils: Fetching spark://localhost:45349/jars/org.apache.hadoop_hadoop-client-api-3.3.4.jar to /tmp/spark-7fcba700-13b0-4a66-94bc-01a2df5b992c/userFiles-946c1ecd-26c2-4596-9edd-31a1df5036ff/fetchFileTemp7566382009272405924.tmp
[2024-06-27T07:41:31.609+0000] {docker.py:413} INFO - 24/06/27 07:41:31 INFO Utils: /tmp/spark-7fcba700-13b0-4a66-94bc-01a2df5b992c/userFiles-946c1ecd-26c2-4596-9edd-31a1df5036ff/fetchFileTemp7566382009272405924.tmp has been previously copied to /tmp/spark-7fcba700-13b0-4a66-94bc-01a2df5b992c/userFiles-946c1ecd-26c2-4596-9edd-31a1df5036ff/org.apache.hadoop_hadoop-client-api-3.3.4.jar
[2024-06-27T07:41:31.614+0000] {docker.py:413} INFO - 24/06/27 07:41:31 INFO Executor: Adding file:/tmp/spark-7fcba700-13b0-4a66-94bc-01a2df5b992c/userFiles-946c1ecd-26c2-4596-9edd-31a1df5036ff/org.apache.hadoop_hadoop-client-api-3.3.4.jar to class loader default
[2024-06-27T07:41:31.615+0000] {docker.py:413} INFO - 24/06/27 07:41:31 INFO Executor: Fetching spark://localhost:45349/jars/org.apache.commons_commons-pool2-2.11.1.jar with timestamp 1719474091043
[2024-06-27T07:41:31.616+0000] {docker.py:413} INFO - 24/06/27 07:41:31 INFO Utils: Fetching spark://localhost:45349/jars/org.apache.commons_commons-pool2-2.11.1.jar to /tmp/spark-7fcba700-13b0-4a66-94bc-01a2df5b992c/userFiles-946c1ecd-26c2-4596-9edd-31a1df5036ff/fetchFileTemp7750166100524376667.tmp
[2024-06-27T07:41:31.616+0000] {docker.py:413} INFO - 24/06/27 07:41:31 INFO Utils: /tmp/spark-7fcba700-13b0-4a66-94bc-01a2df5b992c/userFiles-946c1ecd-26c2-4596-9edd-31a1df5036ff/fetchFileTemp7750166100524376667.tmp has been previously copied to /tmp/spark-7fcba700-13b0-4a66-94bc-01a2df5b992c/userFiles-946c1ecd-26c2-4596-9edd-31a1df5036ff/org.apache.commons_commons-pool2-2.11.1.jar
[2024-06-27T07:41:31.618+0000] {docker.py:413} INFO - 24/06/27 07:41:31 INFO Executor: Adding file:/tmp/spark-7fcba700-13b0-4a66-94bc-01a2df5b992c/userFiles-946c1ecd-26c2-4596-9edd-31a1df5036ff/org.apache.commons_commons-pool2-2.11.1.jar to class loader default
[2024-06-27T07:41:31.619+0000] {docker.py:413} INFO - 24/06/27 07:41:31 INFO Executor: Fetching spark://localhost:45349/jars/org.postgresql_postgresql-42.5.4.jar with timestamp 1719474091043
[2024-06-27T07:41:31.619+0000] {docker.py:413} INFO - 24/06/27 07:41:31 INFO Utils: Fetching spark://localhost:45349/jars/org.postgresql_postgresql-42.5.4.jar to /tmp/spark-7fcba700-13b0-4a66-94bc-01a2df5b992c/userFiles-946c1ecd-26c2-4596-9edd-31a1df5036ff/fetchFileTemp1347176672418415646.tmp
[2024-06-27T07:41:31.621+0000] {docker.py:413} INFO - 24/06/27 07:41:31 INFO Utils: /tmp/spark-7fcba700-13b0-4a66-94bc-01a2df5b992c/userFiles-946c1ecd-26c2-4596-9edd-31a1df5036ff/fetchFileTemp1347176672418415646.tmp has been previously copied to /tmp/spark-7fcba700-13b0-4a66-94bc-01a2df5b992c/userFiles-946c1ecd-26c2-4596-9edd-31a1df5036ff/org.postgresql_postgresql-42.5.4.jar
[2024-06-27T07:41:31.623+0000] {docker.py:413} INFO - 24/06/27 07:41:31 INFO Executor: Adding file:/tmp/spark-7fcba700-13b0-4a66-94bc-01a2df5b992c/userFiles-946c1ecd-26c2-4596-9edd-31a1df5036ff/org.postgresql_postgresql-42.5.4.jar to class loader default
[2024-06-27T07:41:31.624+0000] {docker.py:413} INFO - 24/06/27 07:41:31 INFO Executor: Fetching spark://localhost:45349/jars/org.lz4_lz4-java-1.8.0.jar with timestamp 1719474091043
[2024-06-27T07:41:31.624+0000] {docker.py:413} INFO - 24/06/27 07:41:31 INFO Utils: Fetching spark://localhost:45349/jars/org.lz4_lz4-java-1.8.0.jar to /tmp/spark-7fcba700-13b0-4a66-94bc-01a2df5b992c/userFiles-946c1ecd-26c2-4596-9edd-31a1df5036ff/fetchFileTemp3177145638122789459.tmp
[2024-06-27T07:41:31.626+0000] {docker.py:413} INFO - 24/06/27 07:41:31 INFO Utils: /tmp/spark-7fcba700-13b0-4a66-94bc-01a2df5b992c/userFiles-946c1ecd-26c2-4596-9edd-31a1df5036ff/fetchFileTemp3177145638122789459.tmp has been previously copied to /tmp/spark-7fcba700-13b0-4a66-94bc-01a2df5b992c/userFiles-946c1ecd-26c2-4596-9edd-31a1df5036ff/org.lz4_lz4-java-1.8.0.jar
[2024-06-27T07:41:31.629+0000] {docker.py:413} INFO - 24/06/27 07:41:31 INFO Executor: Adding file:/tmp/spark-7fcba700-13b0-4a66-94bc-01a2df5b992c/userFiles-946c1ecd-26c2-4596-9edd-31a1df5036ff/org.lz4_lz4-java-1.8.0.jar to class loader default
[2024-06-27T07:41:31.630+0000] {docker.py:413} INFO - 24/06/27 07:41:31 INFO Executor: Fetching spark://localhost:45349/jars/org.apache.hadoop_hadoop-client-runtime-3.3.4.jar with timestamp 1719474091043
[2024-06-27T07:41:31.631+0000] {docker.py:413} INFO - 24/06/27 07:41:31 INFO Utils: Fetching spark://localhost:45349/jars/org.apache.hadoop_hadoop-client-runtime-3.3.4.jar to /tmp/spark-7fcba700-13b0-4a66-94bc-01a2df5b992c/userFiles-946c1ecd-26c2-4596-9edd-31a1df5036ff/fetchFileTemp13384279396564570130.tmp
[2024-06-27T07:41:31.671+0000] {docker.py:413} INFO - 24/06/27 07:41:31 INFO Utils: /tmp/spark-7fcba700-13b0-4a66-94bc-01a2df5b992c/userFiles-946c1ecd-26c2-4596-9edd-31a1df5036ff/fetchFileTemp13384279396564570130.tmp has been previously copied to /tmp/spark-7fcba700-13b0-4a66-94bc-01a2df5b992c/userFiles-946c1ecd-26c2-4596-9edd-31a1df5036ff/org.apache.hadoop_hadoop-client-runtime-3.3.4.jar
[2024-06-27T07:41:31.674+0000] {docker.py:413} INFO - 24/06/27 07:41:31 INFO Executor: Adding file:/tmp/spark-7fcba700-13b0-4a66-94bc-01a2df5b992c/userFiles-946c1ecd-26c2-4596-9edd-31a1df5036ff/org.apache.hadoop_hadoop-client-runtime-3.3.4.jar to class loader default
[2024-06-27T07:41:31.675+0000] {docker.py:413} INFO - 24/06/27 07:41:31 INFO Executor: Fetching spark://localhost:45349/jars/org.slf4j_slf4j-api-2.0.7.jar with timestamp 1719474091043
[2024-06-27T07:41:31.675+0000] {docker.py:413} INFO - 24/06/27 07:41:31 INFO Utils: Fetching spark://localhost:45349/jars/org.slf4j_slf4j-api-2.0.7.jar to /tmp/spark-7fcba700-13b0-4a66-94bc-01a2df5b992c/userFiles-946c1ecd-26c2-4596-9edd-31a1df5036ff/fetchFileTemp831015887948768485.tmp
[2024-06-27T07:41:31.675+0000] {docker.py:413} INFO - 24/06/27 07:41:31 INFO Utils: /tmp/spark-7fcba700-13b0-4a66-94bc-01a2df5b992c/userFiles-946c1ecd-26c2-4596-9edd-31a1df5036ff/fetchFileTemp831015887948768485.tmp has been previously copied to /tmp/spark-7fcba700-13b0-4a66-94bc-01a2df5b992c/userFiles-946c1ecd-26c2-4596-9edd-31a1df5036ff/org.slf4j_slf4j-api-2.0.7.jar
[2024-06-27T07:41:31.677+0000] {docker.py:413} INFO - 24/06/27 07:41:31 INFO Executor: Adding file:/tmp/spark-7fcba700-13b0-4a66-94bc-01a2df5b992c/userFiles-946c1ecd-26c2-4596-9edd-31a1df5036ff/org.slf4j_slf4j-api-2.0.7.jar to class loader default
24/06/27 07:41:31 INFO Executor: Fetching spark://localhost:45349/jars/org.apache.kafka_kafka-clients-3.4.1.jar with timestamp 1719474091043
[2024-06-27T07:41:31.678+0000] {docker.py:413} INFO - 24/06/27 07:41:31 INFO Utils: Fetching spark://localhost:45349/jars/org.apache.kafka_kafka-clients-3.4.1.jar to /tmp/spark-7fcba700-13b0-4a66-94bc-01a2df5b992c/userFiles-946c1ecd-26c2-4596-9edd-31a1df5036ff/fetchFileTemp8727139177038148698.tmp
[2024-06-27T07:41:31.684+0000] {docker.py:413} INFO - 24/06/27 07:41:31 INFO Utils: /tmp/spark-7fcba700-13b0-4a66-94bc-01a2df5b992c/userFiles-946c1ecd-26c2-4596-9edd-31a1df5036ff/fetchFileTemp8727139177038148698.tmp has been previously copied to /tmp/spark-7fcba700-13b0-4a66-94bc-01a2df5b992c/userFiles-946c1ecd-26c2-4596-9edd-31a1df5036ff/org.apache.kafka_kafka-clients-3.4.1.jar
[2024-06-27T07:41:31.685+0000] {docker.py:413} INFO - 24/06/27 07:41:31 INFO Executor: Adding file:/tmp/spark-7fcba700-13b0-4a66-94bc-01a2df5b992c/userFiles-946c1ecd-26c2-4596-9edd-31a1df5036ff/org.apache.kafka_kafka-clients-3.4.1.jar to class loader default
[2024-06-27T07:41:31.685+0000] {docker.py:413} INFO - 24/06/27 07:41:31 INFO Executor: Fetching spark://localhost:45349/jars/org.apache.spark_spark-token-provider-kafka-0-10_2.12-3.5.0.jar with timestamp 1719474091043
[2024-06-27T07:41:31.686+0000] {docker.py:413} INFO - 24/06/27 07:41:31 INFO Utils: Fetching spark://localhost:45349/jars/org.apache.spark_spark-token-provider-kafka-0-10_2.12-3.5.0.jar to /tmp/spark-7fcba700-13b0-4a66-94bc-01a2df5b992c/userFiles-946c1ecd-26c2-4596-9edd-31a1df5036ff/fetchFileTemp17301387127516845549.tmp
[2024-06-27T07:41:31.686+0000] {docker.py:413} INFO - 24/06/27 07:41:31 INFO Utils: /tmp/spark-7fcba700-13b0-4a66-94bc-01a2df5b992c/userFiles-946c1ecd-26c2-4596-9edd-31a1df5036ff/fetchFileTemp17301387127516845549.tmp has been previously copied to /tmp/spark-7fcba700-13b0-4a66-94bc-01a2df5b992c/userFiles-946c1ecd-26c2-4596-9edd-31a1df5036ff/org.apache.spark_spark-token-provider-kafka-0-10_2.12-3.5.0.jar
[2024-06-27T07:41:31.687+0000] {docker.py:413} INFO - 24/06/27 07:41:31 INFO Executor: Adding file:/tmp/spark-7fcba700-13b0-4a66-94bc-01a2df5b992c/userFiles-946c1ecd-26c2-4596-9edd-31a1df5036ff/org.apache.spark_spark-token-provider-kafka-0-10_2.12-3.5.0.jar to class loader default
[2024-06-27T07:41:31.688+0000] {docker.py:413} INFO - 24/06/27 07:41:31 INFO Executor: Fetching spark://localhost:45349/jars/org.xerial.snappy_snappy-java-1.1.10.3.jar with timestamp 1719474091043
[2024-06-27T07:41:31.688+0000] {docker.py:413} INFO - 24/06/27 07:41:31 INFO Utils: Fetching spark://localhost:45349/jars/org.xerial.snappy_snappy-java-1.1.10.3.jar to /tmp/spark-7fcba700-13b0-4a66-94bc-01a2df5b992c/userFiles-946c1ecd-26c2-4596-9edd-31a1df5036ff/fetchFileTemp8297579991395964357.tmp
[2024-06-27T07:41:31.691+0000] {docker.py:413} INFO - 24/06/27 07:41:31 INFO Utils: /tmp/spark-7fcba700-13b0-4a66-94bc-01a2df5b992c/userFiles-946c1ecd-26c2-4596-9edd-31a1df5036ff/fetchFileTemp8297579991395964357.tmp has been previously copied to /tmp/spark-7fcba700-13b0-4a66-94bc-01a2df5b992c/userFiles-946c1ecd-26c2-4596-9edd-31a1df5036ff/org.xerial.snappy_snappy-java-1.1.10.3.jar
[2024-06-27T07:41:31.692+0000] {docker.py:413} INFO - 24/06/27 07:41:31 INFO Executor: Adding file:/tmp/spark-7fcba700-13b0-4a66-94bc-01a2df5b992c/userFiles-946c1ecd-26c2-4596-9edd-31a1df5036ff/org.xerial.snappy_snappy-java-1.1.10.3.jar to class loader default
[2024-06-27T07:41:31.700+0000] {docker.py:413} INFO - 24/06/27 07:41:31 INFO Utils: Successfully started service 'org.apache.spark.network.netty.NettyBlockTransferService' on port 42503.
24/06/27 07:41:31 INFO NettyBlockTransferService: Server created on localhost:42503
[2024-06-27T07:41:31.701+0000] {docker.py:413} INFO - 24/06/27 07:41:31 INFO BlockManager: Using org.apache.spark.storage.RandomBlockReplicationPolicy for block replication policy
[2024-06-27T07:41:31.704+0000] {docker.py:413} INFO - 24/06/27 07:41:31 INFO BlockManagerMaster: Registering BlockManager BlockManagerId(driver, localhost, 42503, None)
[2024-06-27T07:41:31.706+0000] {docker.py:413} INFO - 24/06/27 07:41:31 INFO BlockManagerMasterEndpoint: Registering block manager localhost:42503 with 434.4 MiB RAM, BlockManagerId(driver, localhost, 42503, None)
[2024-06-27T07:41:31.707+0000] {docker.py:413} INFO - 24/06/27 07:41:31 INFO BlockManagerMaster: Registered BlockManager BlockManagerId(driver, localhost, 42503, None)
[2024-06-27T07:41:31.709+0000] {docker.py:413} INFO - 24/06/27 07:41:31 INFO BlockManager: Initialized BlockManager: BlockManagerId(driver, localhost, 42503, None)
[2024-06-27T07:41:31.901+0000] {docker.py:413} INFO - 2024-06-27 07:41:31,900:create_spark_session:INFO:Spark session created successfully
[2024-06-27T07:41:31.904+0000] {docker.py:413} INFO - 24/06/27 07:41:31 INFO SharedState: Setting hive.metastore.warehouse.dir ('null') to the value of spark.sql.warehouse.dir.
[2024-06-27T07:41:31.905+0000] {docker.py:413} INFO - 24/06/27 07:41:31 INFO SharedState: Warehouse path is 'file:/opt/bitnami/spark/spark-warehouse'.
[2024-06-27T07:41:32.570+0000] {docker.py:413} INFO - 2024-06-27 07:41:32,569:create_initial_dataframe:INFO:Initial dataframe created successfully
[2024-06-27T07:41:37.830+0000] {docker.py:413} INFO - Traceback (most recent call last):
  File "/opt/bitnami/spark/spark_streaming.py", line 103, in <module>
[2024-06-27T07:41:37.830+0000] {docker.py:413} INFO - write_to_postgres()
  File "/opt/bitnami/spark/spark_streaming.py", line 99, in write_to_postgres
    start_streaming(df_final, spark=spark)
[2024-06-27T07:41:37.831+0000] {docker.py:413} INFO - File "/opt/bitnami/spark/spark_streaming.py", line 71, in start_streaming
    existing_data_df = spark.read.jdbc(
                       ^^^^^^^^^^^^^^^^
  File "/opt/bitnami/spark/python/lib/pyspark.zip/pyspark/sql/readwriter.py", line 946, in jdbc
[2024-06-27T07:41:37.831+0000] {docker.py:413} INFO - File "/opt/bitnami/spark/python/lib/py4j-0.10.9.7-src.zip/py4j/java_gateway.py", line 1322, in __call__
[2024-06-27T07:41:37.831+0000] {docker.py:413} INFO - File "/opt/bitnami/spark/python/lib/pyspark.zip/pyspark/errors/exceptions/captured.py", line 179, in deco
[2024-06-27T07:41:37.831+0000] {docker.py:413} INFO - File "/opt/bitnami/spark/python/lib/py4j-0.10.9.7-src.zip/py4j/protocol.py", line 326, in get_return_value
[2024-06-27T07:41:37.831+0000] {docker.py:413} INFO - py4j.protocol.Py4JJavaError
[2024-06-27T07:41:37.832+0000] {docker.py:413} INFO - : An error occurred while calling o50.jdbc.
: org.postgresql.util.PSQLException: The connection attempt failed.
	at org.postgresql.core.v3.ConnectionFactoryImpl.openConnectionImpl(ConnectionFactoryImpl.java:354)
	at org.postgresql.core.ConnectionFactory.openConnection(ConnectionFactory.java:54)
	at org.postgresql.jdbc.PgConnection.<init>(PgConnection.java:253)
	at org.postgresql.Driver.makeConnection(Driver.java:434)
	at org.postgresql.Driver.connect(Driver.java:291)
	at org.apache.spark.sql.execution.datasources.jdbc.connection.BasicConnectionProvider.getConnection(BasicConnectionProvider.scala:49)
	at org.apache.spark.sql.execution.datasources.jdbc.connection.ConnectionProviderBase.create(ConnectionProvider.scala:102)
	at org.apache.spark.sql.jdbc.JdbcDialect.$anonfun$createConnectionFactory$1(JdbcDialects.scala:160)
	at org.apache.spark.sql.jdbc.JdbcDialect.$anonfun$createConnectionFactory$1$adapted(JdbcDialects.scala:156)
	at org.apache.spark.sql.execution.datasources.jdbc.JDBCRDD$.getQueryOutputSchema(JDBCRDD.scala:63)
	at org.apache.spark.sql.execution.datasources.jdbc.JDBCRDD$.resolveTable(JDBCRDD.scala:58)
	at org.apache.spark.sql.execution.datasources.jdbc.JDBCRelation$.getSchema(JDBCRelation.scala:241)
	at org.apache.spark.sql.execution.datasources.jdbc.JdbcRelationProvider.createRelation(JdbcRelationProvider.scala:37)
	at org.apache.spark.sql.execution.datasources.DataSource.resolveRelation(DataSource.scala:346)
	at org.apache.spark.sql.DataFrameReader.loadV1Source(DataFrameReader.scala:229)
	at org.apache.spark.sql.DataFrameReader.$anonfun$load$2(DataFrameReader.scala:211)
	at scala.Option.getOrElse(Option.scala:189)
	at org.apache.spark.sql.DataFrameReader.load(DataFrameReader.scala:211)
	at org.apache.spark.sql.DataFrameReader.load(DataFrameReader.scala:172)
	at org.apache.spark.sql.DataFrameReader.jdbc(DataFrameReader.scala:249)
	at java.base/jdk.internal.reflect.NativeMethodAccessorImpl.invoke0(Native Method)
	at java.base/jdk.internal.reflect.NativeMethodAccessorImpl.invoke(NativeMethodAccessorImpl.java:77)
	at java.base/jdk.internal.reflect.DelegatingMethodAccessorImpl.invoke(DelegatingMethodAccessorImpl.java:43)
	at java.base/java.lang.reflect.Method.invoke(Method.java:568)
	at py4j.reflection.MethodInvoker.invoke(MethodInvoker.java:244)
	at py4j.reflection.ReflectionEngine.invoke(ReflectionEngine.java:374)
	at py4j.Gateway.invoke(Gateway.java:282)
	at py4j.commands.AbstractCommand.invokeMethod(AbstractCommand.java:132)
	at py4j.commands.CallCommand.execute(CallCommand.java:79)
	at py4j.ClientServerConnection.waitForCommands(ClientServerConnection.java:182)
	at py4j.ClientServerConnection.run(ClientServerConnection.java:106)
	at java.base/java.lang.Thread.run(Thread.java:840)
Caused by: java.net.SocketTimeoutException: Read timed out
	at java.base/sun.nio.ch.NioSocketImpl.timedRead(NioSocketImpl.java:288)
	at java.base/sun.nio.ch.NioSocketImpl.implRead(NioSocketImpl.java:314)
	at java.base/sun.nio.ch.NioSocketImpl.read(NioSocketImpl.java:355)
	at java.base/sun.nio.ch.NioSocketImpl$1.read(NioSocketImpl.java:808)
	at java.base/java.net.Socket$SocketInputStream.read(Socket.java:966)
	at org.postgresql.core.VisibleBufferedInputStream.readMore(VisibleBufferedInputStream.java:161)
	at org.postgresql.core.VisibleBufferedInputStream.ensureBytes(VisibleBufferedInputStream.java:128)
	at org.postgresql.core.VisibleBufferedInputStream.ensureBytes(VisibleBufferedInputStream.java:113)
	at org.postgresql.core.VisibleBufferedInputStream.read(VisibleBufferedInputStream.java:73)
	at org.postgresql.core.PGStream.receiveChar(PGStream.java:465)
	at org.postgresql.core.v3.ConnectionFactoryImpl.enableSSL(ConnectionFactoryImpl.java:589)
	at org.postgresql.core.v3.ConnectionFactoryImpl.tryConnect(ConnectionFactoryImpl.java:191)
	at org.postgresql.core.v3.ConnectionFactoryImpl.openConnectionImpl(ConnectionFactoryImpl.java:258)
	... 31 more
[2024-06-27T07:41:37.832+0000] {docker.py:413} INFO - 2024-06-27 07:41:37,830:close:INFO:Closing down clientserver connection
[2024-06-27T07:41:37.850+0000] {docker.py:413} INFO - 24/06/27 07:41:37 INFO SparkContext: Invoking stop() from shutdown hook
[2024-06-27T07:41:37.850+0000] {docker.py:413} INFO - 24/06/27 07:41:37 INFO SparkContext: SparkContext is stopping with exitCode 0.
[2024-06-27T07:41:37.857+0000] {docker.py:413} INFO - 24/06/27 07:41:37 INFO SparkUI: Stopped Spark web UI at http://localhost:4040
[2024-06-27T07:41:37.862+0000] {docker.py:413} INFO - 24/06/27 07:41:37 INFO MapOutputTrackerMasterEndpoint: MapOutputTrackerMasterEndpoint stopped!
[2024-06-27T07:41:37.868+0000] {docker.py:413} INFO - 24/06/27 07:41:37 INFO MemoryStore: MemoryStore cleared
[2024-06-27T07:41:37.869+0000] {docker.py:413} INFO - 24/06/27 07:41:37 INFO BlockManager: BlockManager stopped
[2024-06-27T07:41:37.871+0000] {docker.py:413} INFO - 24/06/27 07:41:37 INFO BlockManagerMaster: BlockManagerMaster stopped
[2024-06-27T07:41:37.872+0000] {docker.py:413} INFO - 24/06/27 07:41:37 INFO OutputCommitCoordinator$OutputCommitCoordinatorEndpoint: OutputCommitCoordinator stopped!
[2024-06-27T07:41:37.883+0000] {docker.py:413} INFO - 24/06/27 07:41:37 INFO SparkContext: Successfully stopped SparkContext
[2024-06-27T07:41:37.883+0000] {docker.py:413} INFO - 24/06/27 07:41:37 INFO ShutdownHookManager: Shutdown hook called
[2024-06-27T07:41:37.884+0000] {docker.py:413} INFO - 24/06/27 07:41:37 INFO ShutdownHookManager: Deleting directory /tmp/spark-7fcba700-13b0-4a66-94bc-01a2df5b992c/pyspark-500c4f28-41d9-4301-9a44-bf862c24140d
[2024-06-27T07:41:37.885+0000] {docker.py:413} INFO - 24/06/27 07:41:37 INFO ShutdownHookManager: Deleting directory /tmp/spark-8383eb81-9bc2-452c-b66a-fa188b2ed857
[2024-06-27T07:41:37.886+0000] {docker.py:413} INFO - 24/06/27 07:41:37 INFO ShutdownHookManager: Deleting directory /tmp/spark-7fcba700-13b0-4a66-94bc-01a2df5b992c
[2024-06-27T07:41:38.100+0000] {taskinstance.py:1937} ERROR - Task failed with exception
Traceback (most recent call last):
  File "/home/airflow/.local/lib/python3.8/site-packages/docker/api/client.py", line 268, in _raise_for_status
    response.raise_for_status()
  File "/home/airflow/.local/lib/python3.8/site-packages/requests/models.py", line 1021, in raise_for_status
    raise HTTPError(http_error_msg, response=self)
requests.exceptions.HTTPError: 400 Client Error: Bad Request for url: http://docker-proxy:2375/v1.44/containers/create

The above exception was the direct cause of the following exception:

Traceback (most recent call last):
  File "/home/airflow/.local/lib/python3.8/site-packages/airflow/providers/docker/operators/docker.py", line 348, in _run_image
    return self._run_image_with_mounts([*self.mounts, tmp_mount], add_tmp_variable=True)
  File "/home/airflow/.local/lib/python3.8/site-packages/airflow/providers/docker/operators/docker.py", line 375, in _run_image_with_mounts
    self.container = self.cli.create_container(
  File "/home/airflow/.local/lib/python3.8/site-packages/docker/api/container.py", line 431, in create_container
    return self.create_container_from_config(config, name, platform)
  File "/home/airflow/.local/lib/python3.8/site-packages/docker/api/container.py", line 448, in create_container_from_config
    return self._result(res, True)
  File "/home/airflow/.local/lib/python3.8/site-packages/docker/api/client.py", line 274, in _result
    self._raise_for_status(response)
  File "/home/airflow/.local/lib/python3.8/site-packages/docker/api/client.py", line 270, in _raise_for_status
    raise create_api_error_from_http_exception(e) from e
  File "/home/airflow/.local/lib/python3.8/site-packages/docker/errors.py", line 39, in create_api_error_from_http_exception
    raise cls(e, response=response, explanation=explanation) from e
docker.errors.APIError: 400 Client Error for http://docker-proxy:2375/v1.44/containers/create: Bad Request ("invalid mount config for type "bind": bind source path does not exist: /host_mnt/private/tmp/airflowtmpkl9hj07h")

During handling of the above exception, another exception occurred:

Traceback (most recent call last):
  File "/home/airflow/.local/lib/python3.8/site-packages/airflow/providers/docker/operators/docker.py", line 486, in execute
    return self._run_image()
  File "/home/airflow/.local/lib/python3.8/site-packages/airflow/providers/docker/operators/docker.py", line 357, in _run_image
    return self._run_image_with_mounts(self.mounts, add_tmp_variable=False)
  File "/home/airflow/.local/lib/python3.8/site-packages/airflow/providers/docker/operators/docker.py", line 421, in _run_image_with_mounts
    raise DockerContainerFailedException(f"Docker container failed: {result!r}", logs=log_lines)
airflow.providers.docker.exceptions.DockerContainerFailedException: Docker container failed: {'StatusCode': 1}
[2024-06-27T07:41:38.103+0000] {taskinstance.py:1400} INFO - Marking task as UP_FOR_RETRY. dag_id=kafka_spark_dag, task_id=pyspark_consumer, execution_date=20240626T074054, start_date=20240627T074124, end_date=20240627T074138
[2024-06-27T07:41:38.115+0000] {standard_task_runner.py:104} ERROR - Failed to execute job 117 for task pyspark_consumer (Docker container failed: {'StatusCode': 1}; 661)
[2024-06-27T07:41:38.159+0000] {local_task_job_runner.py:228} INFO - Task exited with return code 1
[2024-06-27T07:41:38.167+0000] {taskinstance.py:2778} INFO - 0 downstream tasks scheduled from follow-on schedule check
